[2024-03-13T15:50:35.187-0400] {taskinstance.py:1979} INFO - Dependencies all met for dep_context=non-requeueable deps ti=<TaskInstance: train_data.pre_process manual__2024-03-13T19:50:07.336612+00:00 [queued]>
[2024-03-13T15:50:35.190-0400] {taskinstance.py:1979} INFO - Dependencies all met for dep_context=requeueable deps ti=<TaskInstance: train_data.pre_process manual__2024-03-13T19:50:07.336612+00:00 [queued]>
[2024-03-13T15:50:35.190-0400] {taskinstance.py:2193} INFO - Starting attempt 1 of 3
[2024-03-13T15:50:35.205-0400] {taskinstance.py:2217} INFO - Executing <Task(PythonOperator): pre_process> on 2024-03-13 19:50:07.336612+00:00
[2024-03-13T15:50:35.211-0400] {standard_task_runner.py:60} INFO - Started process 454147 to run task
[2024-03-13T15:50:35.214-0400] {standard_task_runner.py:87} INFO - Running: ['airflow', 'tasks', 'run', 'train_data', 'pre_process', 'manual__2024-03-13T19:50:07.336612+00:00', '--job-id', '133', '--raw', '--subdir', 'DAGS_FOLDER/train_dag.py', '--cfg-path', '/tmp/tmpib132isg']
[2024-03-13T15:50:35.215-0400] {standard_task_runner.py:88} INFO - Job 133: Subtask pre_process
[2024-03-13T15:50:35.244-0400] {task_command.py:423} INFO - Running <TaskInstance: train_data.pre_process manual__2024-03-13T19:50:07.336612+00:00 [running]> on host DESKTOP-6U7QAQN.
[2024-03-13T15:50:35.294-0400] {taskinstance.py:2513} INFO - Exporting env vars: AIRFLOW_CTX_DAG_EMAIL='youremail@email.com' AIRFLOW_CTX_DAG_OWNER='airflow' AIRFLOW_CTX_DAG_ID='train_data' AIRFLOW_CTX_TASK_ID='pre_process' AIRFLOW_CTX_EXECUTION_DATE='2024-03-13T19:50:07.336612+00:00' AIRFLOW_CTX_TRY_NUMBER='1' AIRFLOW_CTX_DAG_RUN_ID='manual__2024-03-13T19:50:07.336612+00:00'
[2024-03-13T15:50:35.295-0400] {preprocess.py:15} WARNING - Starting a new run
[2024-03-13T15:50:38.073-0400] {preprocess.py:32} INFO - train data pickled and stored
[2024-03-13T15:50:38.074-0400] {python.py:202} INFO - Done. Returned value was:        LIMIT_BAL  SEX  PAY_0  ...  PAY_AMT5  PAY_AMT6  default payment next month
0          60000    1      1  ...         0         0                           0
1         280000    2     -2  ...       350       297                           0
2          80000    2     -1  ...         0         0                           0
3         200000    1     -1  ...      1438      2411                           0
4         260000    2      0  ...      5000      4000                           0
...          ...  ...    ...  ...       ...       ...                         ...
26995     120000    2      0  ...      4560         0                           0
26996     120000    2      0  ...      1200      1000                           0
26997     110000    2      0  ...      2023       806                           1
26998     360000    1      1  ...         0         0                           0
26999     300000    1     -1  ...         0         0                           0

[27000 rows x 21 columns]
[2024-03-13T15:50:38.175-0400] {taskinstance.py:1149} INFO - Marking task as SUCCESS. dag_id=train_data, task_id=pre_process, execution_date=20240313T195007, start_date=20240313T195035, end_date=20240313T195038
[2024-03-13T15:50:38.203-0400] {local_task_job_runner.py:234} INFO - Task exited with return code 0
[2024-03-13T15:50:38.214-0400] {taskinstance.py:3312} INFO - 1 downstream tasks scheduled from follow-on schedule check
