[2024-03-12T21:22:24.806-0400] {processor.py:161} INFO - Started process (PID=407116) to work on /home/ironbong_jr/mlops/project/project/lib/python3.10/site-packages/airflow/example_dags/subdags/subdag.py
[2024-03-12T21:22:24.810-0400] {processor.py:830} INFO - Processing file /home/ironbong_jr/mlops/project/project/lib/python3.10/site-packages/airflow/example_dags/subdags/subdag.py for tasks to queue
[2024-03-12T21:22:24.811-0400] {logging_mixin.py:188} INFO - [2024-03-12T21:22:24.811-0400] {dagbag.py:540} INFO - Filling up the DagBag from /home/ironbong_jr/mlops/project/project/lib/python3.10/site-packages/airflow/example_dags/subdags/subdag.py
[2024-03-12T21:22:24.816-0400] {processor.py:842} WARNING - No viable dags retrieved from /home/ironbong_jr/mlops/project/project/lib/python3.10/site-packages/airflow/example_dags/subdags/subdag.py
[2024-03-12T21:22:24.847-0400] {processor.py:183} INFO - Processing /home/ironbong_jr/mlops/project/project/lib/python3.10/site-packages/airflow/example_dags/subdags/subdag.py took 0.050 seconds
[2024-03-12T21:25:49.186-0400] {processor.py:161} INFO - Started process (PID=408042) to work on /home/ironbong_jr/mlops/project/project/lib/python3.10/site-packages/airflow/example_dags/subdags/subdag.py
[2024-03-12T21:25:49.189-0400] {processor.py:830} INFO - Processing file /home/ironbong_jr/mlops/project/project/lib/python3.10/site-packages/airflow/example_dags/subdags/subdag.py for tasks to queue
[2024-03-12T21:25:49.192-0400] {logging_mixin.py:188} INFO - [2024-03-12T21:25:49.190-0400] {dagbag.py:540} INFO - Filling up the DagBag from /home/ironbong_jr/mlops/project/project/lib/python3.10/site-packages/airflow/example_dags/subdags/subdag.py
[2024-03-12T21:25:49.198-0400] {processor.py:842} WARNING - No viable dags retrieved from /home/ironbong_jr/mlops/project/project/lib/python3.10/site-packages/airflow/example_dags/subdags/subdag.py
[2024-03-12T21:25:49.224-0400] {processor.py:183} INFO - Processing /home/ironbong_jr/mlops/project/project/lib/python3.10/site-packages/airflow/example_dags/subdags/subdag.py took 0.045 seconds
[2024-03-12T21:27:52.394-0400] {processor.py:161} INFO - Started process (PID=408602) to work on /home/ironbong_jr/mlops/project/project/lib/python3.10/site-packages/airflow/example_dags/subdags/subdag.py
[2024-03-12T21:27:52.444-0400] {processor.py:830} INFO - Processing file /home/ironbong_jr/mlops/project/project/lib/python3.10/site-packages/airflow/example_dags/subdags/subdag.py for tasks to queue
[2024-03-12T21:27:52.446-0400] {logging_mixin.py:188} INFO - [2024-03-12T21:27:52.445-0400] {dagbag.py:540} INFO - Filling up the DagBag from /home/ironbong_jr/mlops/project/project/lib/python3.10/site-packages/airflow/example_dags/subdags/subdag.py
[2024-03-12T21:27:52.451-0400] {processor.py:842} WARNING - No viable dags retrieved from /home/ironbong_jr/mlops/project/project/lib/python3.10/site-packages/airflow/example_dags/subdags/subdag.py
[2024-03-12T21:27:52.468-0400] {processor.py:183} INFO - Processing /home/ironbong_jr/mlops/project/project/lib/python3.10/site-packages/airflow/example_dags/subdags/subdag.py took 0.080 seconds
[2024-03-12T21:29:30.256-0400] {processor.py:161} INFO - Started process (PID=409075) to work on /home/ironbong_jr/mlops/project/project/lib/python3.10/site-packages/airflow/example_dags/subdags/subdag.py
[2024-03-12T21:29:30.259-0400] {processor.py:830} INFO - Processing file /home/ironbong_jr/mlops/project/project/lib/python3.10/site-packages/airflow/example_dags/subdags/subdag.py for tasks to queue
[2024-03-12T21:29:30.261-0400] {logging_mixin.py:188} INFO - [2024-03-12T21:29:30.260-0400] {dagbag.py:540} INFO - Filling up the DagBag from /home/ironbong_jr/mlops/project/project/lib/python3.10/site-packages/airflow/example_dags/subdags/subdag.py
[2024-03-12T21:29:30.266-0400] {processor.py:842} WARNING - No viable dags retrieved from /home/ironbong_jr/mlops/project/project/lib/python3.10/site-packages/airflow/example_dags/subdags/subdag.py
[2024-03-12T21:29:30.285-0400] {processor.py:183} INFO - Processing /home/ironbong_jr/mlops/project/project/lib/python3.10/site-packages/airflow/example_dags/subdags/subdag.py took 0.036 seconds
[2024-03-12T21:30:59.073-0400] {processor.py:161} INFO - Started process (PID=409520) to work on /home/ironbong_jr/mlops/project/project/lib/python3.10/site-packages/airflow/example_dags/subdags/subdag.py
[2024-03-12T21:30:59.124-0400] {processor.py:830} INFO - Processing file /home/ironbong_jr/mlops/project/project/lib/python3.10/site-packages/airflow/example_dags/subdags/subdag.py for tasks to queue
[2024-03-12T21:30:59.126-0400] {logging_mixin.py:188} INFO - [2024-03-12T21:30:59.125-0400] {dagbag.py:540} INFO - Filling up the DagBag from /home/ironbong_jr/mlops/project/project/lib/python3.10/site-packages/airflow/example_dags/subdags/subdag.py
[2024-03-12T21:30:59.131-0400] {processor.py:842} WARNING - No viable dags retrieved from /home/ironbong_jr/mlops/project/project/lib/python3.10/site-packages/airflow/example_dags/subdags/subdag.py
[2024-03-12T21:30:59.159-0400] {processor.py:183} INFO - Processing /home/ironbong_jr/mlops/project/project/lib/python3.10/site-packages/airflow/example_dags/subdags/subdag.py took 0.093 seconds
[2024-03-12T21:32:38.866-0400] {processor.py:161} INFO - Started process (PID=410044) to work on /home/ironbong_jr/mlops/project/project/lib/python3.10/site-packages/airflow/example_dags/subdags/subdag.py
[2024-03-12T21:32:38.900-0400] {processor.py:830} INFO - Processing file /home/ironbong_jr/mlops/project/project/lib/python3.10/site-packages/airflow/example_dags/subdags/subdag.py for tasks to queue
[2024-03-12T21:32:38.903-0400] {logging_mixin.py:188} INFO - [2024-03-12T21:32:38.902-0400] {dagbag.py:540} INFO - Filling up the DagBag from /home/ironbong_jr/mlops/project/project/lib/python3.10/site-packages/airflow/example_dags/subdags/subdag.py
[2024-03-12T21:32:38.914-0400] {processor.py:842} WARNING - No viable dags retrieved from /home/ironbong_jr/mlops/project/project/lib/python3.10/site-packages/airflow/example_dags/subdags/subdag.py
[2024-03-12T21:32:38.942-0400] {processor.py:183} INFO - Processing /home/ironbong_jr/mlops/project/project/lib/python3.10/site-packages/airflow/example_dags/subdags/subdag.py took 0.082 seconds
[2024-03-12T21:34:18.977-0400] {processor.py:161} INFO - Started process (PID=410551) to work on /home/ironbong_jr/mlops/project/project/lib/python3.10/site-packages/airflow/example_dags/subdags/subdag.py
[2024-03-12T21:34:18.981-0400] {processor.py:830} INFO - Processing file /home/ironbong_jr/mlops/project/project/lib/python3.10/site-packages/airflow/example_dags/subdags/subdag.py for tasks to queue
[2024-03-12T21:34:18.983-0400] {logging_mixin.py:188} INFO - [2024-03-12T21:34:18.982-0400] {dagbag.py:540} INFO - Filling up the DagBag from /home/ironbong_jr/mlops/project/project/lib/python3.10/site-packages/airflow/example_dags/subdags/subdag.py
[2024-03-12T21:34:18.987-0400] {processor.py:842} WARNING - No viable dags retrieved from /home/ironbong_jr/mlops/project/project/lib/python3.10/site-packages/airflow/example_dags/subdags/subdag.py
[2024-03-12T21:34:19.006-0400] {processor.py:183} INFO - Processing /home/ironbong_jr/mlops/project/project/lib/python3.10/site-packages/airflow/example_dags/subdags/subdag.py took 0.036 seconds
[2024-03-12T23:29:58.042-0400] {processor.py:161} INFO - Started process (PID=418585) to work on /home/ironbong_jr/mlops/project/project/lib/python3.10/site-packages/airflow/example_dags/subdags/subdag.py
[2024-03-12T23:29:58.046-0400] {processor.py:830} INFO - Processing file /home/ironbong_jr/mlops/project/project/lib/python3.10/site-packages/airflow/example_dags/subdags/subdag.py for tasks to queue
[2024-03-12T23:29:58.049-0400] {logging_mixin.py:188} INFO - [2024-03-12T23:29:58.048-0400] {dagbag.py:540} INFO - Filling up the DagBag from /home/ironbong_jr/mlops/project/project/lib/python3.10/site-packages/airflow/example_dags/subdags/subdag.py
[2024-03-12T23:29:58.056-0400] {processor.py:842} WARNING - No viable dags retrieved from /home/ironbong_jr/mlops/project/project/lib/python3.10/site-packages/airflow/example_dags/subdags/subdag.py
[2024-03-12T23:29:58.112-0400] {processor.py:183} INFO - Processing /home/ironbong_jr/mlops/project/project/lib/python3.10/site-packages/airflow/example_dags/subdags/subdag.py took 0.080 seconds
[2024-03-12T23:31:45.030-0400] {processor.py:161} INFO - Started process (PID=419050) to work on /home/ironbong_jr/mlops/project/project/lib/python3.10/site-packages/airflow/example_dags/subdags/subdag.py
[2024-03-12T23:31:45.082-0400] {processor.py:830} INFO - Processing file /home/ironbong_jr/mlops/project/project/lib/python3.10/site-packages/airflow/example_dags/subdags/subdag.py for tasks to queue
[2024-03-12T23:31:45.084-0400] {logging_mixin.py:188} INFO - [2024-03-12T23:31:45.083-0400] {dagbag.py:540} INFO - Filling up the DagBag from /home/ironbong_jr/mlops/project/project/lib/python3.10/site-packages/airflow/example_dags/subdags/subdag.py
[2024-03-12T23:31:45.089-0400] {processor.py:842} WARNING - No viable dags retrieved from /home/ironbong_jr/mlops/project/project/lib/python3.10/site-packages/airflow/example_dags/subdags/subdag.py
[2024-03-12T23:31:45.108-0400] {processor.py:183} INFO - Processing /home/ironbong_jr/mlops/project/project/lib/python3.10/site-packages/airflow/example_dags/subdags/subdag.py took 0.085 seconds
[2024-03-12T23:42:44.367-0400] {processor.py:161} INFO - Started process (PID=421674) to work on /home/ironbong_jr/mlops/project/project/lib/python3.10/site-packages/airflow/example_dags/subdags/subdag.py
[2024-03-12T23:42:44.418-0400] {processor.py:830} INFO - Processing file /home/ironbong_jr/mlops/project/project/lib/python3.10/site-packages/airflow/example_dags/subdags/subdag.py for tasks to queue
[2024-03-12T23:42:44.420-0400] {logging_mixin.py:188} INFO - [2024-03-12T23:42:44.419-0400] {dagbag.py:540} INFO - Filling up the DagBag from /home/ironbong_jr/mlops/project/project/lib/python3.10/site-packages/airflow/example_dags/subdags/subdag.py
[2024-03-12T23:42:44.428-0400] {processor.py:842} WARNING - No viable dags retrieved from /home/ironbong_jr/mlops/project/project/lib/python3.10/site-packages/airflow/example_dags/subdags/subdag.py
[2024-03-12T23:42:44.450-0400] {processor.py:183} INFO - Processing /home/ironbong_jr/mlops/project/project/lib/python3.10/site-packages/airflow/example_dags/subdags/subdag.py took 0.098 seconds
[2024-03-12T23:44:42.214-0400] {processor.py:161} INFO - Started process (PID=422168) to work on /home/ironbong_jr/mlops/project/project/lib/python3.10/site-packages/airflow/example_dags/subdags/subdag.py
[2024-03-12T23:44:42.265-0400] {processor.py:830} INFO - Processing file /home/ironbong_jr/mlops/project/project/lib/python3.10/site-packages/airflow/example_dags/subdags/subdag.py for tasks to queue
[2024-03-12T23:44:42.267-0400] {logging_mixin.py:188} INFO - [2024-03-12T23:44:42.266-0400] {dagbag.py:540} INFO - Filling up the DagBag from /home/ironbong_jr/mlops/project/project/lib/python3.10/site-packages/airflow/example_dags/subdags/subdag.py
[2024-03-12T23:44:42.270-0400] {processor.py:842} WARNING - No viable dags retrieved from /home/ironbong_jr/mlops/project/project/lib/python3.10/site-packages/airflow/example_dags/subdags/subdag.py
[2024-03-12T23:44:42.291-0400] {processor.py:183} INFO - Processing /home/ironbong_jr/mlops/project/project/lib/python3.10/site-packages/airflow/example_dags/subdags/subdag.py took 0.086 seconds
[2024-03-12T23:46:20.495-0400] {processor.py:161} INFO - Started process (PID=422756) to work on /home/ironbong_jr/mlops/project/project/lib/python3.10/site-packages/airflow/example_dags/subdags/subdag.py
[2024-03-12T23:46:20.522-0400] {processor.py:830} INFO - Processing file /home/ironbong_jr/mlops/project/project/lib/python3.10/site-packages/airflow/example_dags/subdags/subdag.py for tasks to queue
[2024-03-12T23:46:20.527-0400] {logging_mixin.py:188} INFO - [2024-03-12T23:46:20.525-0400] {dagbag.py:540} INFO - Filling up the DagBag from /home/ironbong_jr/mlops/project/project/lib/python3.10/site-packages/airflow/example_dags/subdags/subdag.py
[2024-03-12T23:46:20.533-0400] {processor.py:842} WARNING - No viable dags retrieved from /home/ironbong_jr/mlops/project/project/lib/python3.10/site-packages/airflow/example_dags/subdags/subdag.py
[2024-03-12T23:46:20.555-0400] {processor.py:183} INFO - Processing /home/ironbong_jr/mlops/project/project/lib/python3.10/site-packages/airflow/example_dags/subdags/subdag.py took 0.065 seconds
[2024-03-12T23:48:31.228-0400] {processor.py:161} INFO - Started process (PID=423362) to work on /home/ironbong_jr/mlops/project/project/lib/python3.10/site-packages/airflow/example_dags/subdags/subdag.py
[2024-03-12T23:48:31.279-0400] {processor.py:830} INFO - Processing file /home/ironbong_jr/mlops/project/project/lib/python3.10/site-packages/airflow/example_dags/subdags/subdag.py for tasks to queue
[2024-03-12T23:48:31.282-0400] {logging_mixin.py:188} INFO - [2024-03-12T23:48:31.281-0400] {dagbag.py:540} INFO - Filling up the DagBag from /home/ironbong_jr/mlops/project/project/lib/python3.10/site-packages/airflow/example_dags/subdags/subdag.py
[2024-03-12T23:48:31.290-0400] {processor.py:842} WARNING - No viable dags retrieved from /home/ironbong_jr/mlops/project/project/lib/python3.10/site-packages/airflow/example_dags/subdags/subdag.py
[2024-03-12T23:48:31.316-0400] {processor.py:183} INFO - Processing /home/ironbong_jr/mlops/project/project/lib/python3.10/site-packages/airflow/example_dags/subdags/subdag.py took 0.094 seconds
[2024-03-12T23:49:59.213-0400] {processor.py:161} INFO - Started process (PID=423765) to work on /home/ironbong_jr/mlops/project/project/lib/python3.10/site-packages/airflow/example_dags/subdags/subdag.py
[2024-03-12T23:49:59.216-0400] {processor.py:830} INFO - Processing file /home/ironbong_jr/mlops/project/project/lib/python3.10/site-packages/airflow/example_dags/subdags/subdag.py for tasks to queue
[2024-03-12T23:49:59.218-0400] {logging_mixin.py:188} INFO - [2024-03-12T23:49:59.218-0400] {dagbag.py:540} INFO - Filling up the DagBag from /home/ironbong_jr/mlops/project/project/lib/python3.10/site-packages/airflow/example_dags/subdags/subdag.py
[2024-03-12T23:49:59.223-0400] {processor.py:842} WARNING - No viable dags retrieved from /home/ironbong_jr/mlops/project/project/lib/python3.10/site-packages/airflow/example_dags/subdags/subdag.py
[2024-03-12T23:49:59.242-0400] {processor.py:183} INFO - Processing /home/ironbong_jr/mlops/project/project/lib/python3.10/site-packages/airflow/example_dags/subdags/subdag.py took 0.039 seconds
[2024-03-12T23:51:24.992-0400] {processor.py:161} INFO - Started process (PID=424216) to work on /home/ironbong_jr/mlops/project/project/lib/python3.10/site-packages/airflow/example_dags/subdags/subdag.py
[2024-03-12T23:51:25.043-0400] {processor.py:830} INFO - Processing file /home/ironbong_jr/mlops/project/project/lib/python3.10/site-packages/airflow/example_dags/subdags/subdag.py for tasks to queue
[2024-03-12T23:51:25.045-0400] {logging_mixin.py:188} INFO - [2024-03-12T23:51:25.044-0400] {dagbag.py:540} INFO - Filling up the DagBag from /home/ironbong_jr/mlops/project/project/lib/python3.10/site-packages/airflow/example_dags/subdags/subdag.py
[2024-03-12T23:51:25.050-0400] {processor.py:842} WARNING - No viable dags retrieved from /home/ironbong_jr/mlops/project/project/lib/python3.10/site-packages/airflow/example_dags/subdags/subdag.py
[2024-03-12T23:51:25.068-0400] {processor.py:183} INFO - Processing /home/ironbong_jr/mlops/project/project/lib/python3.10/site-packages/airflow/example_dags/subdags/subdag.py took 0.084 seconds
[2024-03-12T23:52:52.353-0400] {processor.py:161} INFO - Started process (PID=424759) to work on /home/ironbong_jr/mlops/project/project/lib/python3.10/site-packages/airflow/example_dags/subdags/subdag.py
[2024-03-12T23:52:52.405-0400] {processor.py:830} INFO - Processing file /home/ironbong_jr/mlops/project/project/lib/python3.10/site-packages/airflow/example_dags/subdags/subdag.py for tasks to queue
[2024-03-12T23:52:52.408-0400] {logging_mixin.py:188} INFO - [2024-03-12T23:52:52.407-0400] {dagbag.py:540} INFO - Filling up the DagBag from /home/ironbong_jr/mlops/project/project/lib/python3.10/site-packages/airflow/example_dags/subdags/subdag.py
[2024-03-12T23:52:52.412-0400] {processor.py:842} WARNING - No viable dags retrieved from /home/ironbong_jr/mlops/project/project/lib/python3.10/site-packages/airflow/example_dags/subdags/subdag.py
[2024-03-12T23:52:52.441-0400] {processor.py:183} INFO - Processing /home/ironbong_jr/mlops/project/project/lib/python3.10/site-packages/airflow/example_dags/subdags/subdag.py took 0.100 seconds
[2024-03-12T23:54:26.423-0400] {processor.py:161} INFO - Started process (PID=425187) to work on /home/ironbong_jr/mlops/project/project/lib/python3.10/site-packages/airflow/example_dags/subdags/subdag.py
[2024-03-12T23:54:26.473-0400] {processor.py:830} INFO - Processing file /home/ironbong_jr/mlops/project/project/lib/python3.10/site-packages/airflow/example_dags/subdags/subdag.py for tasks to queue
[2024-03-12T23:54:26.476-0400] {logging_mixin.py:188} INFO - [2024-03-12T23:54:26.475-0400] {dagbag.py:540} INFO - Filling up the DagBag from /home/ironbong_jr/mlops/project/project/lib/python3.10/site-packages/airflow/example_dags/subdags/subdag.py
[2024-03-12T23:54:26.481-0400] {processor.py:842} WARNING - No viable dags retrieved from /home/ironbong_jr/mlops/project/project/lib/python3.10/site-packages/airflow/example_dags/subdags/subdag.py
[2024-03-12T23:54:26.503-0400] {processor.py:183} INFO - Processing /home/ironbong_jr/mlops/project/project/lib/python3.10/site-packages/airflow/example_dags/subdags/subdag.py took 0.086 seconds
[2024-03-12T23:56:03.298-0400] {processor.py:161} INFO - Started process (PID=425609) to work on /home/ironbong_jr/mlops/project/project/lib/python3.10/site-packages/airflow/example_dags/subdags/subdag.py
[2024-03-12T23:56:03.301-0400] {processor.py:830} INFO - Processing file /home/ironbong_jr/mlops/project/project/lib/python3.10/site-packages/airflow/example_dags/subdags/subdag.py for tasks to queue
[2024-03-12T23:56:03.304-0400] {logging_mixin.py:188} INFO - [2024-03-12T23:56:03.303-0400] {dagbag.py:540} INFO - Filling up the DagBag from /home/ironbong_jr/mlops/project/project/lib/python3.10/site-packages/airflow/example_dags/subdags/subdag.py
[2024-03-12T23:56:03.308-0400] {processor.py:842} WARNING - No viable dags retrieved from /home/ironbong_jr/mlops/project/project/lib/python3.10/site-packages/airflow/example_dags/subdags/subdag.py
[2024-03-12T23:56:03.330-0400] {processor.py:183} INFO - Processing /home/ironbong_jr/mlops/project/project/lib/python3.10/site-packages/airflow/example_dags/subdags/subdag.py took 0.037 seconds
[2024-03-13T00:30:32.309-0400] {processor.py:161} INFO - Started process (PID=432928) to work on /home/ironbong_jr/mlops/project/project/lib/python3.10/site-packages/airflow/example_dags/subdags/subdag.py
[2024-03-13T00:30:32.359-0400] {processor.py:830} INFO - Processing file /home/ironbong_jr/mlops/project/project/lib/python3.10/site-packages/airflow/example_dags/subdags/subdag.py for tasks to queue
[2024-03-13T00:30:32.362-0400] {logging_mixin.py:188} INFO - [2024-03-13T00:30:32.361-0400] {dagbag.py:540} INFO - Filling up the DagBag from /home/ironbong_jr/mlops/project/project/lib/python3.10/site-packages/airflow/example_dags/subdags/subdag.py
[2024-03-13T00:30:32.369-0400] {processor.py:842} WARNING - No viable dags retrieved from /home/ironbong_jr/mlops/project/project/lib/python3.10/site-packages/airflow/example_dags/subdags/subdag.py
[2024-03-13T00:30:32.386-0400] {processor.py:183} INFO - Processing /home/ironbong_jr/mlops/project/project/lib/python3.10/site-packages/airflow/example_dags/subdags/subdag.py took 0.083 seconds
[2024-03-13T00:32:21.647-0400] {processor.py:161} INFO - Started process (PID=433445) to work on /home/ironbong_jr/mlops/project/project/lib/python3.10/site-packages/airflow/example_dags/subdags/subdag.py
[2024-03-13T00:32:21.697-0400] {processor.py:830} INFO - Processing file /home/ironbong_jr/mlops/project/project/lib/python3.10/site-packages/airflow/example_dags/subdags/subdag.py for tasks to queue
[2024-03-13T00:32:21.699-0400] {logging_mixin.py:188} INFO - [2024-03-13T00:32:21.698-0400] {dagbag.py:540} INFO - Filling up the DagBag from /home/ironbong_jr/mlops/project/project/lib/python3.10/site-packages/airflow/example_dags/subdags/subdag.py
[2024-03-13T00:32:21.703-0400] {processor.py:842} WARNING - No viable dags retrieved from /home/ironbong_jr/mlops/project/project/lib/python3.10/site-packages/airflow/example_dags/subdags/subdag.py
[2024-03-13T00:32:21.720-0400] {processor.py:183} INFO - Processing /home/ironbong_jr/mlops/project/project/lib/python3.10/site-packages/airflow/example_dags/subdags/subdag.py took 0.078 seconds
[2024-03-13T00:36:14.395-0400] {processor.py:161} INFO - Started process (PID=434400) to work on /home/ironbong_jr/mlops/project/project/lib/python3.10/site-packages/airflow/example_dags/subdags/subdag.py
[2024-03-13T00:36:14.442-0400] {processor.py:830} INFO - Processing file /home/ironbong_jr/mlops/project/project/lib/python3.10/site-packages/airflow/example_dags/subdags/subdag.py for tasks to queue
[2024-03-13T00:36:14.445-0400] {logging_mixin.py:188} INFO - [2024-03-13T00:36:14.444-0400] {dagbag.py:540} INFO - Filling up the DagBag from /home/ironbong_jr/mlops/project/project/lib/python3.10/site-packages/airflow/example_dags/subdags/subdag.py
[2024-03-13T00:36:14.450-0400] {processor.py:842} WARNING - No viable dags retrieved from /home/ironbong_jr/mlops/project/project/lib/python3.10/site-packages/airflow/example_dags/subdags/subdag.py
[2024-03-13T00:36:14.479-0400] {processor.py:183} INFO - Processing /home/ironbong_jr/mlops/project/project/lib/python3.10/site-packages/airflow/example_dags/subdags/subdag.py took 0.092 seconds
[2024-03-13T00:38:24.576-0400] {processor.py:161} INFO - Started process (PID=435043) to work on /home/ironbong_jr/mlops/project/project/lib/python3.10/site-packages/airflow/example_dags/subdags/subdag.py
[2024-03-13T00:38:24.580-0400] {processor.py:830} INFO - Processing file /home/ironbong_jr/mlops/project/project/lib/python3.10/site-packages/airflow/example_dags/subdags/subdag.py for tasks to queue
[2024-03-13T00:38:24.583-0400] {logging_mixin.py:188} INFO - [2024-03-13T00:38:24.582-0400] {dagbag.py:540} INFO - Filling up the DagBag from /home/ironbong_jr/mlops/project/project/lib/python3.10/site-packages/airflow/example_dags/subdags/subdag.py
[2024-03-13T00:38:24.590-0400] {processor.py:842} WARNING - No viable dags retrieved from /home/ironbong_jr/mlops/project/project/lib/python3.10/site-packages/airflow/example_dags/subdags/subdag.py
[2024-03-13T00:38:24.615-0400] {processor.py:183} INFO - Processing /home/ironbong_jr/mlops/project/project/lib/python3.10/site-packages/airflow/example_dags/subdags/subdag.py took 0.050 seconds
[2024-03-13T00:40:03.008-0400] {processor.py:161} INFO - Started process (PID=435474) to work on /home/ironbong_jr/mlops/project/project/lib/python3.10/site-packages/airflow/example_dags/subdags/subdag.py
[2024-03-13T00:40:03.017-0400] {processor.py:830} INFO - Processing file /home/ironbong_jr/mlops/project/project/lib/python3.10/site-packages/airflow/example_dags/subdags/subdag.py for tasks to queue
[2024-03-13T00:40:03.019-0400] {logging_mixin.py:188} INFO - [2024-03-13T00:40:03.018-0400] {dagbag.py:540} INFO - Filling up the DagBag from /home/ironbong_jr/mlops/project/project/lib/python3.10/site-packages/airflow/example_dags/subdags/subdag.py
[2024-03-13T00:40:03.023-0400] {processor.py:842} WARNING - No viable dags retrieved from /home/ironbong_jr/mlops/project/project/lib/python3.10/site-packages/airflow/example_dags/subdags/subdag.py
[2024-03-13T00:40:03.044-0400] {processor.py:183} INFO - Processing /home/ironbong_jr/mlops/project/project/lib/python3.10/site-packages/airflow/example_dags/subdags/subdag.py took 0.042 seconds
[2024-03-13T00:42:51.043-0400] {processor.py:161} INFO - Started process (PID=436229) to work on /home/ironbong_jr/mlops/project/project/lib/python3.10/site-packages/airflow/example_dags/subdags/subdag.py
[2024-03-13T00:42:51.093-0400] {processor.py:830} INFO - Processing file /home/ironbong_jr/mlops/project/project/lib/python3.10/site-packages/airflow/example_dags/subdags/subdag.py for tasks to queue
[2024-03-13T00:42:51.095-0400] {logging_mixin.py:188} INFO - [2024-03-13T00:42:51.095-0400] {dagbag.py:540} INFO - Filling up the DagBag from /home/ironbong_jr/mlops/project/project/lib/python3.10/site-packages/airflow/example_dags/subdags/subdag.py
[2024-03-13T00:42:51.100-0400] {processor.py:842} WARNING - No viable dags retrieved from /home/ironbong_jr/mlops/project/project/lib/python3.10/site-packages/airflow/example_dags/subdags/subdag.py
[2024-03-13T00:42:51.115-0400] {processor.py:183} INFO - Processing /home/ironbong_jr/mlops/project/project/lib/python3.10/site-packages/airflow/example_dags/subdags/subdag.py took 0.079 seconds
[2024-03-13T00:44:59.088-0400] {processor.py:161} INFO - Started process (PID=436828) to work on /home/ironbong_jr/mlops/project/project/lib/python3.10/site-packages/airflow/example_dags/subdags/subdag.py
[2024-03-13T00:44:59.139-0400] {processor.py:830} INFO - Processing file /home/ironbong_jr/mlops/project/project/lib/python3.10/site-packages/airflow/example_dags/subdags/subdag.py for tasks to queue
[2024-03-13T00:44:59.141-0400] {logging_mixin.py:188} INFO - [2024-03-13T00:44:59.140-0400] {dagbag.py:540} INFO - Filling up the DagBag from /home/ironbong_jr/mlops/project/project/lib/python3.10/site-packages/airflow/example_dags/subdags/subdag.py
[2024-03-13T00:44:59.147-0400] {processor.py:842} WARNING - No viable dags retrieved from /home/ironbong_jr/mlops/project/project/lib/python3.10/site-packages/airflow/example_dags/subdags/subdag.py
[2024-03-13T00:44:59.174-0400] {processor.py:183} INFO - Processing /home/ironbong_jr/mlops/project/project/lib/python3.10/site-packages/airflow/example_dags/subdags/subdag.py took 0.092 seconds
[2024-03-13T15:49:35.636-0400] {processor.py:161} INFO - Started process (PID=453832) to work on /home/ironbong_jr/mlops/project/project/lib/python3.10/site-packages/airflow/example_dags/subdags/subdag.py
[2024-03-13T15:49:35.639-0400] {processor.py:830} INFO - Processing file /home/ironbong_jr/mlops/project/project/lib/python3.10/site-packages/airflow/example_dags/subdags/subdag.py for tasks to queue
[2024-03-13T15:49:35.640-0400] {logging_mixin.py:188} INFO - [2024-03-13T15:49:35.640-0400] {dagbag.py:540} INFO - Filling up the DagBag from /home/ironbong_jr/mlops/project/project/lib/python3.10/site-packages/airflow/example_dags/subdags/subdag.py
[2024-03-13T15:49:35.644-0400] {processor.py:842} WARNING - No viable dags retrieved from /home/ironbong_jr/mlops/project/project/lib/python3.10/site-packages/airflow/example_dags/subdags/subdag.py
[2024-03-13T15:49:35.653-0400] {processor.py:183} INFO - Processing /home/ironbong_jr/mlops/project/project/lib/python3.10/site-packages/airflow/example_dags/subdags/subdag.py took 0.019 seconds
[2024-03-13T15:51:44.365-0400] {processor.py:161} INFO - Started process (PID=454553) to work on /home/ironbong_jr/mlops/project/project/lib/python3.10/site-packages/airflow/example_dags/subdags/subdag.py
[2024-03-13T15:51:44.366-0400] {processor.py:830} INFO - Processing file /home/ironbong_jr/mlops/project/project/lib/python3.10/site-packages/airflow/example_dags/subdags/subdag.py for tasks to queue
[2024-03-13T15:51:44.367-0400] {logging_mixin.py:188} INFO - [2024-03-13T15:51:44.367-0400] {dagbag.py:540} INFO - Filling up the DagBag from /home/ironbong_jr/mlops/project/project/lib/python3.10/site-packages/airflow/example_dags/subdags/subdag.py
[2024-03-13T15:51:44.368-0400] {processor.py:842} WARNING - No viable dags retrieved from /home/ironbong_jr/mlops/project/project/lib/python3.10/site-packages/airflow/example_dags/subdags/subdag.py
[2024-03-13T15:51:44.375-0400] {processor.py:183} INFO - Processing /home/ironbong_jr/mlops/project/project/lib/python3.10/site-packages/airflow/example_dags/subdags/subdag.py took 0.012 seconds
[2024-03-13T15:52:39.466-0400] {processor.py:161} INFO - Started process (PID=454847) to work on /home/ironbong_jr/mlops/project/project/lib/python3.10/site-packages/airflow/example_dags/subdags/subdag.py
[2024-03-13T15:52:39.469-0400] {processor.py:830} INFO - Processing file /home/ironbong_jr/mlops/project/project/lib/python3.10/site-packages/airflow/example_dags/subdags/subdag.py for tasks to queue
[2024-03-13T15:52:39.470-0400] {logging_mixin.py:188} INFO - [2024-03-13T15:52:39.470-0400] {dagbag.py:540} INFO - Filling up the DagBag from /home/ironbong_jr/mlops/project/project/lib/python3.10/site-packages/airflow/example_dags/subdags/subdag.py
[2024-03-13T15:52:39.472-0400] {processor.py:842} WARNING - No viable dags retrieved from /home/ironbong_jr/mlops/project/project/lib/python3.10/site-packages/airflow/example_dags/subdags/subdag.py
[2024-03-13T15:52:39.478-0400] {processor.py:183} INFO - Processing /home/ironbong_jr/mlops/project/project/lib/python3.10/site-packages/airflow/example_dags/subdags/subdag.py took 0.014 seconds
[2024-03-13T15:53:51.857-0400] {processor.py:161} INFO - Started process (PID=455246) to work on /home/ironbong_jr/mlops/project/project/lib/python3.10/site-packages/airflow/example_dags/subdags/subdag.py
[2024-03-13T15:53:51.860-0400] {processor.py:830} INFO - Processing file /home/ironbong_jr/mlops/project/project/lib/python3.10/site-packages/airflow/example_dags/subdags/subdag.py for tasks to queue
[2024-03-13T15:53:51.861-0400] {logging_mixin.py:188} INFO - [2024-03-13T15:53:51.861-0400] {dagbag.py:540} INFO - Filling up the DagBag from /home/ironbong_jr/mlops/project/project/lib/python3.10/site-packages/airflow/example_dags/subdags/subdag.py
[2024-03-13T15:53:51.863-0400] {processor.py:842} WARNING - No viable dags retrieved from /home/ironbong_jr/mlops/project/project/lib/python3.10/site-packages/airflow/example_dags/subdags/subdag.py
[2024-03-13T15:53:51.869-0400] {processor.py:183} INFO - Processing /home/ironbong_jr/mlops/project/project/lib/python3.10/site-packages/airflow/example_dags/subdags/subdag.py took 0.014 seconds
[2024-03-13T15:55:11.656-0400] {processor.py:161} INFO - Started process (PID=455623) to work on /home/ironbong_jr/mlops/project/project/lib/python3.10/site-packages/airflow/example_dags/subdags/subdag.py
[2024-03-13T15:55:11.659-0400] {processor.py:830} INFO - Processing file /home/ironbong_jr/mlops/project/project/lib/python3.10/site-packages/airflow/example_dags/subdags/subdag.py for tasks to queue
[2024-03-13T15:55:11.660-0400] {logging_mixin.py:188} INFO - [2024-03-13T15:55:11.659-0400] {dagbag.py:540} INFO - Filling up the DagBag from /home/ironbong_jr/mlops/project/project/lib/python3.10/site-packages/airflow/example_dags/subdags/subdag.py
[2024-03-13T15:55:11.661-0400] {processor.py:842} WARNING - No viable dags retrieved from /home/ironbong_jr/mlops/project/project/lib/python3.10/site-packages/airflow/example_dags/subdags/subdag.py
[2024-03-13T15:55:11.669-0400] {processor.py:183} INFO - Processing /home/ironbong_jr/mlops/project/project/lib/python3.10/site-packages/airflow/example_dags/subdags/subdag.py took 0.015 seconds
[2024-03-13T15:56:26.625-0400] {processor.py:161} INFO - Started process (PID=456031) to work on /home/ironbong_jr/mlops/project/project/lib/python3.10/site-packages/airflow/example_dags/subdags/subdag.py
[2024-03-13T15:56:26.629-0400] {processor.py:830} INFO - Processing file /home/ironbong_jr/mlops/project/project/lib/python3.10/site-packages/airflow/example_dags/subdags/subdag.py for tasks to queue
[2024-03-13T15:56:26.630-0400] {logging_mixin.py:188} INFO - [2024-03-13T15:56:26.629-0400] {dagbag.py:540} INFO - Filling up the DagBag from /home/ironbong_jr/mlops/project/project/lib/python3.10/site-packages/airflow/example_dags/subdags/subdag.py
[2024-03-13T15:56:26.632-0400] {processor.py:842} WARNING - No viable dags retrieved from /home/ironbong_jr/mlops/project/project/lib/python3.10/site-packages/airflow/example_dags/subdags/subdag.py
[2024-03-13T15:56:26.640-0400] {processor.py:183} INFO - Processing /home/ironbong_jr/mlops/project/project/lib/python3.10/site-packages/airflow/example_dags/subdags/subdag.py took 0.018 seconds
[2024-03-13T15:57:42.614-0400] {processor.py:161} INFO - Started process (PID=456445) to work on /home/ironbong_jr/mlops/project/project/lib/python3.10/site-packages/airflow/example_dags/subdags/subdag.py
[2024-03-13T15:57:42.618-0400] {processor.py:830} INFO - Processing file /home/ironbong_jr/mlops/project/project/lib/python3.10/site-packages/airflow/example_dags/subdags/subdag.py for tasks to queue
[2024-03-13T15:57:42.618-0400] {logging_mixin.py:188} INFO - [2024-03-13T15:57:42.618-0400] {dagbag.py:540} INFO - Filling up the DagBag from /home/ironbong_jr/mlops/project/project/lib/python3.10/site-packages/airflow/example_dags/subdags/subdag.py
[2024-03-13T15:57:42.620-0400] {processor.py:842} WARNING - No viable dags retrieved from /home/ironbong_jr/mlops/project/project/lib/python3.10/site-packages/airflow/example_dags/subdags/subdag.py
[2024-03-13T15:57:42.630-0400] {processor.py:183} INFO - Processing /home/ironbong_jr/mlops/project/project/lib/python3.10/site-packages/airflow/example_dags/subdags/subdag.py took 0.018 seconds
[2024-03-13T15:58:59.779-0400] {processor.py:161} INFO - Started process (PID=456842) to work on /home/ironbong_jr/mlops/project/project/lib/python3.10/site-packages/airflow/example_dags/subdags/subdag.py
[2024-03-13T15:58:59.782-0400] {processor.py:830} INFO - Processing file /home/ironbong_jr/mlops/project/project/lib/python3.10/site-packages/airflow/example_dags/subdags/subdag.py for tasks to queue
[2024-03-13T15:58:59.783-0400] {logging_mixin.py:188} INFO - [2024-03-13T15:58:59.782-0400] {dagbag.py:540} INFO - Filling up the DagBag from /home/ironbong_jr/mlops/project/project/lib/python3.10/site-packages/airflow/example_dags/subdags/subdag.py
[2024-03-13T15:58:59.784-0400] {processor.py:842} WARNING - No viable dags retrieved from /home/ironbong_jr/mlops/project/project/lib/python3.10/site-packages/airflow/example_dags/subdags/subdag.py
[2024-03-13T15:58:59.792-0400] {processor.py:183} INFO - Processing /home/ironbong_jr/mlops/project/project/lib/python3.10/site-packages/airflow/example_dags/subdags/subdag.py took 0.015 seconds
[2024-03-13T16:00:17.197-0400] {processor.py:161} INFO - Started process (PID=457203) to work on /home/ironbong_jr/mlops/project/project/lib/python3.10/site-packages/airflow/example_dags/subdags/subdag.py
[2024-03-13T16:00:17.201-0400] {processor.py:830} INFO - Processing file /home/ironbong_jr/mlops/project/project/lib/python3.10/site-packages/airflow/example_dags/subdags/subdag.py for tasks to queue
[2024-03-13T16:00:17.201-0400] {logging_mixin.py:188} INFO - [2024-03-13T16:00:17.201-0400] {dagbag.py:540} INFO - Filling up the DagBag from /home/ironbong_jr/mlops/project/project/lib/python3.10/site-packages/airflow/example_dags/subdags/subdag.py
[2024-03-13T16:00:17.203-0400] {processor.py:842} WARNING - No viable dags retrieved from /home/ironbong_jr/mlops/project/project/lib/python3.10/site-packages/airflow/example_dags/subdags/subdag.py
[2024-03-13T16:00:17.209-0400] {processor.py:183} INFO - Processing /home/ironbong_jr/mlops/project/project/lib/python3.10/site-packages/airflow/example_dags/subdags/subdag.py took 0.014 seconds
[2024-03-13T16:01:33.350-0400] {processor.py:161} INFO - Started process (PID=457613) to work on /home/ironbong_jr/mlops/project/project/lib/python3.10/site-packages/airflow/example_dags/subdags/subdag.py
[2024-03-13T16:01:33.354-0400] {processor.py:830} INFO - Processing file /home/ironbong_jr/mlops/project/project/lib/python3.10/site-packages/airflow/example_dags/subdags/subdag.py for tasks to queue
[2024-03-13T16:01:33.355-0400] {logging_mixin.py:188} INFO - [2024-03-13T16:01:33.355-0400] {dagbag.py:540} INFO - Filling up the DagBag from /home/ironbong_jr/mlops/project/project/lib/python3.10/site-packages/airflow/example_dags/subdags/subdag.py
[2024-03-13T16:01:33.356-0400] {processor.py:842} WARNING - No viable dags retrieved from /home/ironbong_jr/mlops/project/project/lib/python3.10/site-packages/airflow/example_dags/subdags/subdag.py
[2024-03-13T16:01:33.363-0400] {processor.py:183} INFO - Processing /home/ironbong_jr/mlops/project/project/lib/python3.10/site-packages/airflow/example_dags/subdags/subdag.py took 0.015 seconds
[2024-03-13T16:02:47.769-0400] {processor.py:161} INFO - Started process (PID=457985) to work on /home/ironbong_jr/mlops/project/project/lib/python3.10/site-packages/airflow/example_dags/subdags/subdag.py
[2024-03-13T16:02:47.773-0400] {processor.py:830} INFO - Processing file /home/ironbong_jr/mlops/project/project/lib/python3.10/site-packages/airflow/example_dags/subdags/subdag.py for tasks to queue
[2024-03-13T16:02:47.774-0400] {logging_mixin.py:188} INFO - [2024-03-13T16:02:47.773-0400] {dagbag.py:540} INFO - Filling up the DagBag from /home/ironbong_jr/mlops/project/project/lib/python3.10/site-packages/airflow/example_dags/subdags/subdag.py
[2024-03-13T16:02:47.775-0400] {processor.py:842} WARNING - No viable dags retrieved from /home/ironbong_jr/mlops/project/project/lib/python3.10/site-packages/airflow/example_dags/subdags/subdag.py
[2024-03-13T16:02:47.785-0400] {processor.py:183} INFO - Processing /home/ironbong_jr/mlops/project/project/lib/python3.10/site-packages/airflow/example_dags/subdags/subdag.py took 0.018 seconds
[2024-03-13T16:04:15.030-0400] {processor.py:161} INFO - Started process (PID=458526) to work on /home/ironbong_jr/mlops/project/project/lib/python3.10/site-packages/airflow/example_dags/subdags/subdag.py
[2024-03-13T16:04:15.033-0400] {processor.py:830} INFO - Processing file /home/ironbong_jr/mlops/project/project/lib/python3.10/site-packages/airflow/example_dags/subdags/subdag.py for tasks to queue
[2024-03-13T16:04:15.034-0400] {logging_mixin.py:188} INFO - [2024-03-13T16:04:15.033-0400] {dagbag.py:540} INFO - Filling up the DagBag from /home/ironbong_jr/mlops/project/project/lib/python3.10/site-packages/airflow/example_dags/subdags/subdag.py
[2024-03-13T16:04:15.035-0400] {processor.py:842} WARNING - No viable dags retrieved from /home/ironbong_jr/mlops/project/project/lib/python3.10/site-packages/airflow/example_dags/subdags/subdag.py
[2024-03-13T16:04:15.044-0400] {processor.py:183} INFO - Processing /home/ironbong_jr/mlops/project/project/lib/python3.10/site-packages/airflow/example_dags/subdags/subdag.py took 0.016 seconds
[2024-03-13T16:05:10.540-0400] {processor.py:161} INFO - Started process (PID=458803) to work on /home/ironbong_jr/mlops/project/project/lib/python3.10/site-packages/airflow/example_dags/subdags/subdag.py
[2024-03-13T16:05:10.543-0400] {processor.py:830} INFO - Processing file /home/ironbong_jr/mlops/project/project/lib/python3.10/site-packages/airflow/example_dags/subdags/subdag.py for tasks to queue
[2024-03-13T16:05:10.544-0400] {logging_mixin.py:188} INFO - [2024-03-13T16:05:10.544-0400] {dagbag.py:540} INFO - Filling up the DagBag from /home/ironbong_jr/mlops/project/project/lib/python3.10/site-packages/airflow/example_dags/subdags/subdag.py
[2024-03-13T16:05:10.545-0400] {processor.py:842} WARNING - No viable dags retrieved from /home/ironbong_jr/mlops/project/project/lib/python3.10/site-packages/airflow/example_dags/subdags/subdag.py
[2024-03-13T16:05:10.552-0400] {processor.py:183} INFO - Processing /home/ironbong_jr/mlops/project/project/lib/python3.10/site-packages/airflow/example_dags/subdags/subdag.py took 0.014 seconds
[2024-03-13T16:06:25.330-0400] {processor.py:161} INFO - Started process (PID=459180) to work on /home/ironbong_jr/mlops/project/project/lib/python3.10/site-packages/airflow/example_dags/subdags/subdag.py
[2024-03-13T16:06:25.331-0400] {processor.py:830} INFO - Processing file /home/ironbong_jr/mlops/project/project/lib/python3.10/site-packages/airflow/example_dags/subdags/subdag.py for tasks to queue
[2024-03-13T16:06:25.332-0400] {logging_mixin.py:188} INFO - [2024-03-13T16:06:25.332-0400] {dagbag.py:540} INFO - Filling up the DagBag from /home/ironbong_jr/mlops/project/project/lib/python3.10/site-packages/airflow/example_dags/subdags/subdag.py
[2024-03-13T16:06:25.334-0400] {processor.py:842} WARNING - No viable dags retrieved from /home/ironbong_jr/mlops/project/project/lib/python3.10/site-packages/airflow/example_dags/subdags/subdag.py
[2024-03-13T16:06:25.340-0400] {processor.py:183} INFO - Processing /home/ironbong_jr/mlops/project/project/lib/python3.10/site-packages/airflow/example_dags/subdags/subdag.py took 0.012 seconds
[2024-03-13T16:07:44.815-0400] {processor.py:161} INFO - Started process (PID=459571) to work on /home/ironbong_jr/mlops/project/project/lib/python3.10/site-packages/airflow/example_dags/subdags/subdag.py
[2024-03-13T16:07:44.817-0400] {processor.py:830} INFO - Processing file /home/ironbong_jr/mlops/project/project/lib/python3.10/site-packages/airflow/example_dags/subdags/subdag.py for tasks to queue
[2024-03-13T16:07:44.818-0400] {logging_mixin.py:188} INFO - [2024-03-13T16:07:44.817-0400] {dagbag.py:540} INFO - Filling up the DagBag from /home/ironbong_jr/mlops/project/project/lib/python3.10/site-packages/airflow/example_dags/subdags/subdag.py
[2024-03-13T16:07:44.819-0400] {processor.py:842} WARNING - No viable dags retrieved from /home/ironbong_jr/mlops/project/project/lib/python3.10/site-packages/airflow/example_dags/subdags/subdag.py
[2024-03-13T16:07:44.827-0400] {processor.py:183} INFO - Processing /home/ironbong_jr/mlops/project/project/lib/python3.10/site-packages/airflow/example_dags/subdags/subdag.py took 0.014 seconds
[2024-03-13T16:09:00.933-0400] {processor.py:161} INFO - Started process (PID=459948) to work on /home/ironbong_jr/mlops/project/project/lib/python3.10/site-packages/airflow/example_dags/subdags/subdag.py
[2024-03-13T16:09:00.935-0400] {processor.py:830} INFO - Processing file /home/ironbong_jr/mlops/project/project/lib/python3.10/site-packages/airflow/example_dags/subdags/subdag.py for tasks to queue
[2024-03-13T16:09:00.935-0400] {logging_mixin.py:188} INFO - [2024-03-13T16:09:00.935-0400] {dagbag.py:540} INFO - Filling up the DagBag from /home/ironbong_jr/mlops/project/project/lib/python3.10/site-packages/airflow/example_dags/subdags/subdag.py
[2024-03-13T16:09:00.937-0400] {processor.py:842} WARNING - No viable dags retrieved from /home/ironbong_jr/mlops/project/project/lib/python3.10/site-packages/airflow/example_dags/subdags/subdag.py
[2024-03-13T16:09:00.945-0400] {processor.py:183} INFO - Processing /home/ironbong_jr/mlops/project/project/lib/python3.10/site-packages/airflow/example_dags/subdags/subdag.py took 0.013 seconds
[2024-03-13T16:10:14.841-0400] {processor.py:161} INFO - Started process (PID=460315) to work on /home/ironbong_jr/mlops/project/project/lib/python3.10/site-packages/airflow/example_dags/subdags/subdag.py
[2024-03-13T16:10:14.845-0400] {processor.py:830} INFO - Processing file /home/ironbong_jr/mlops/project/project/lib/python3.10/site-packages/airflow/example_dags/subdags/subdag.py for tasks to queue
[2024-03-13T16:10:14.845-0400] {logging_mixin.py:188} INFO - [2024-03-13T16:10:14.845-0400] {dagbag.py:540} INFO - Filling up the DagBag from /home/ironbong_jr/mlops/project/project/lib/python3.10/site-packages/airflow/example_dags/subdags/subdag.py
[2024-03-13T16:10:14.847-0400] {processor.py:842} WARNING - No viable dags retrieved from /home/ironbong_jr/mlops/project/project/lib/python3.10/site-packages/airflow/example_dags/subdags/subdag.py
[2024-03-13T16:10:14.853-0400] {processor.py:183} INFO - Processing /home/ironbong_jr/mlops/project/project/lib/python3.10/site-packages/airflow/example_dags/subdags/subdag.py took 0.015 seconds
[2024-03-13T16:11:28.705-0400] {processor.py:161} INFO - Started process (PID=460684) to work on /home/ironbong_jr/mlops/project/project/lib/python3.10/site-packages/airflow/example_dags/subdags/subdag.py
[2024-03-13T16:11:28.709-0400] {processor.py:830} INFO - Processing file /home/ironbong_jr/mlops/project/project/lib/python3.10/site-packages/airflow/example_dags/subdags/subdag.py for tasks to queue
[2024-03-13T16:11:28.710-0400] {logging_mixin.py:188} INFO - [2024-03-13T16:11:28.709-0400] {dagbag.py:540} INFO - Filling up the DagBag from /home/ironbong_jr/mlops/project/project/lib/python3.10/site-packages/airflow/example_dags/subdags/subdag.py
[2024-03-13T16:11:28.711-0400] {processor.py:842} WARNING - No viable dags retrieved from /home/ironbong_jr/mlops/project/project/lib/python3.10/site-packages/airflow/example_dags/subdags/subdag.py
[2024-03-13T16:11:28.718-0400] {processor.py:183} INFO - Processing /home/ironbong_jr/mlops/project/project/lib/python3.10/site-packages/airflow/example_dags/subdags/subdag.py took 0.014 seconds
[2024-03-13T16:12:44.039-0400] {processor.py:161} INFO - Started process (PID=461051) to work on /home/ironbong_jr/mlops/project/project/lib/python3.10/site-packages/airflow/example_dags/subdags/subdag.py
[2024-03-13T16:12:44.041-0400] {processor.py:830} INFO - Processing file /home/ironbong_jr/mlops/project/project/lib/python3.10/site-packages/airflow/example_dags/subdags/subdag.py for tasks to queue
[2024-03-13T16:12:44.041-0400] {logging_mixin.py:188} INFO - [2024-03-13T16:12:44.041-0400] {dagbag.py:540} INFO - Filling up the DagBag from /home/ironbong_jr/mlops/project/project/lib/python3.10/site-packages/airflow/example_dags/subdags/subdag.py
[2024-03-13T16:12:44.043-0400] {processor.py:842} WARNING - No viable dags retrieved from /home/ironbong_jr/mlops/project/project/lib/python3.10/site-packages/airflow/example_dags/subdags/subdag.py
[2024-03-13T16:12:44.050-0400] {processor.py:183} INFO - Processing /home/ironbong_jr/mlops/project/project/lib/python3.10/site-packages/airflow/example_dags/subdags/subdag.py took 0.013 seconds
