[2024-03-12T00:40:26.683-0400] {processor.py:161} INFO - Started process (PID=299756) to work on /home/ironbong_jr/mlops/project/project/lib/python3.10/site-packages/airflow/example_dags/plugins/listener_plugin.py
[2024-03-12T00:40:26.685-0400] {processor.py:830} INFO - Processing file /home/ironbong_jr/mlops/project/project/lib/python3.10/site-packages/airflow/example_dags/plugins/listener_plugin.py for tasks to queue
[2024-03-12T00:40:26.686-0400] {logging_mixin.py:188} INFO - [2024-03-12T00:40:26.685-0400] {dagbag.py:540} INFO - Filling up the DagBag from /home/ironbong_jr/mlops/project/project/lib/python3.10/site-packages/airflow/example_dags/plugins/listener_plugin.py
[2024-03-12T00:40:26.691-0400] {processor.py:842} WARNING - No viable dags retrieved from /home/ironbong_jr/mlops/project/project/lib/python3.10/site-packages/airflow/example_dags/plugins/listener_plugin.py
[2024-03-12T00:40:26.707-0400] {processor.py:183} INFO - Processing /home/ironbong_jr/mlops/project/project/lib/python3.10/site-packages/airflow/example_dags/plugins/listener_plugin.py took 0.028 seconds
[2024-03-12T00:51:31.363-0400] {processor.py:161} INFO - Started process (PID=302452) to work on /home/ironbong_jr/mlops/project/project/lib/python3.10/site-packages/airflow/example_dags/plugins/listener_plugin.py
[2024-03-12T00:51:31.420-0400] {processor.py:830} INFO - Processing file /home/ironbong_jr/mlops/project/project/lib/python3.10/site-packages/airflow/example_dags/plugins/listener_plugin.py for tasks to queue
[2024-03-12T00:51:31.422-0400] {logging_mixin.py:188} INFO - [2024-03-12T00:51:31.421-0400] {dagbag.py:540} INFO - Filling up the DagBag from /home/ironbong_jr/mlops/project/project/lib/python3.10/site-packages/airflow/example_dags/plugins/listener_plugin.py
[2024-03-12T00:51:31.428-0400] {processor.py:842} WARNING - No viable dags retrieved from /home/ironbong_jr/mlops/project/project/lib/python3.10/site-packages/airflow/example_dags/plugins/listener_plugin.py
[2024-03-12T00:51:31.447-0400] {processor.py:183} INFO - Processing /home/ironbong_jr/mlops/project/project/lib/python3.10/site-packages/airflow/example_dags/plugins/listener_plugin.py took 0.091 seconds
[2024-03-12T00:52:47.365-0400] {processor.py:161} INFO - Started process (PID=302811) to work on /home/ironbong_jr/mlops/project/project/lib/python3.10/site-packages/airflow/example_dags/plugins/listener_plugin.py
[2024-03-12T00:52:47.416-0400] {processor.py:830} INFO - Processing file /home/ironbong_jr/mlops/project/project/lib/python3.10/site-packages/airflow/example_dags/plugins/listener_plugin.py for tasks to queue
[2024-03-12T00:52:47.418-0400] {logging_mixin.py:188} INFO - [2024-03-12T00:52:47.417-0400] {dagbag.py:540} INFO - Filling up the DagBag from /home/ironbong_jr/mlops/project/project/lib/python3.10/site-packages/airflow/example_dags/plugins/listener_plugin.py
[2024-03-12T00:52:47.423-0400] {processor.py:842} WARNING - No viable dags retrieved from /home/ironbong_jr/mlops/project/project/lib/python3.10/site-packages/airflow/example_dags/plugins/listener_plugin.py
[2024-03-12T00:52:47.446-0400] {processor.py:183} INFO - Processing /home/ironbong_jr/mlops/project/project/lib/python3.10/site-packages/airflow/example_dags/plugins/listener_plugin.py took 0.088 seconds
[2024-03-12T00:53:54.219-0400] {processor.py:161} INFO - Started process (PID=303167) to work on /home/ironbong_jr/mlops/project/project/lib/python3.10/site-packages/airflow/example_dags/plugins/listener_plugin.py
[2024-03-12T00:53:54.270-0400] {processor.py:830} INFO - Processing file /home/ironbong_jr/mlops/project/project/lib/python3.10/site-packages/airflow/example_dags/plugins/listener_plugin.py for tasks to queue
[2024-03-12T00:53:54.272-0400] {logging_mixin.py:188} INFO - [2024-03-12T00:53:54.271-0400] {dagbag.py:540} INFO - Filling up the DagBag from /home/ironbong_jr/mlops/project/project/lib/python3.10/site-packages/airflow/example_dags/plugins/listener_plugin.py
[2024-03-12T00:53:54.279-0400] {processor.py:842} WARNING - No viable dags retrieved from /home/ironbong_jr/mlops/project/project/lib/python3.10/site-packages/airflow/example_dags/plugins/listener_plugin.py
[2024-03-12T00:53:54.319-0400] {processor.py:183} INFO - Processing /home/ironbong_jr/mlops/project/project/lib/python3.10/site-packages/airflow/example_dags/plugins/listener_plugin.py took 0.111 seconds
[2024-03-12T01:01:06.361-0400] {processor.py:161} INFO - Started process (PID=304967) to work on /home/ironbong_jr/mlops/project/project/lib/python3.10/site-packages/airflow/example_dags/plugins/listener_plugin.py
[2024-03-12T01:01:06.412-0400] {processor.py:830} INFO - Processing file /home/ironbong_jr/mlops/project/project/lib/python3.10/site-packages/airflow/example_dags/plugins/listener_plugin.py for tasks to queue
[2024-03-12T01:01:06.416-0400] {logging_mixin.py:188} INFO - [2024-03-12T01:01:06.415-0400] {dagbag.py:540} INFO - Filling up the DagBag from /home/ironbong_jr/mlops/project/project/lib/python3.10/site-packages/airflow/example_dags/plugins/listener_plugin.py
[2024-03-12T01:01:06.422-0400] {processor.py:842} WARNING - No viable dags retrieved from /home/ironbong_jr/mlops/project/project/lib/python3.10/site-packages/airflow/example_dags/plugins/listener_plugin.py
[2024-03-12T01:01:06.463-0400] {processor.py:183} INFO - Processing /home/ironbong_jr/mlops/project/project/lib/python3.10/site-packages/airflow/example_dags/plugins/listener_plugin.py took 0.109 seconds
[2024-03-12T01:20:42.217-0400] {processor.py:161} INFO - Started process (PID=312418) to work on /home/ironbong_jr/mlops/project/project/lib/python3.10/site-packages/airflow/example_dags/plugins/listener_plugin.py
[2024-03-12T01:20:42.221-0400] {processor.py:830} INFO - Processing file /home/ironbong_jr/mlops/project/project/lib/python3.10/site-packages/airflow/example_dags/plugins/listener_plugin.py for tasks to queue
[2024-03-12T01:20:42.223-0400] {logging_mixin.py:188} INFO - [2024-03-12T01:20:42.222-0400] {dagbag.py:540} INFO - Filling up the DagBag from /home/ironbong_jr/mlops/project/project/lib/python3.10/site-packages/airflow/example_dags/plugins/listener_plugin.py
[2024-03-12T01:20:42.231-0400] {processor.py:842} WARNING - No viable dags retrieved from /home/ironbong_jr/mlops/project/project/lib/python3.10/site-packages/airflow/example_dags/plugins/listener_plugin.py
[2024-03-12T01:20:42.257-0400] {processor.py:183} INFO - Processing /home/ironbong_jr/mlops/project/project/lib/python3.10/site-packages/airflow/example_dags/plugins/listener_plugin.py took 0.049 seconds
[2024-03-12T01:22:28.878-0400] {processor.py:161} INFO - Started process (PID=313214) to work on /home/ironbong_jr/mlops/project/project/lib/python3.10/site-packages/airflow/example_dags/plugins/listener_plugin.py
[2024-03-12T01:22:28.881-0400] {processor.py:830} INFO - Processing file /home/ironbong_jr/mlops/project/project/lib/python3.10/site-packages/airflow/example_dags/plugins/listener_plugin.py for tasks to queue
[2024-03-12T01:22:28.885-0400] {logging_mixin.py:188} INFO - [2024-03-12T01:22:28.882-0400] {dagbag.py:540} INFO - Filling up the DagBag from /home/ironbong_jr/mlops/project/project/lib/python3.10/site-packages/airflow/example_dags/plugins/listener_plugin.py
[2024-03-12T01:22:28.892-0400] {processor.py:842} WARNING - No viable dags retrieved from /home/ironbong_jr/mlops/project/project/lib/python3.10/site-packages/airflow/example_dags/plugins/listener_plugin.py
[2024-03-12T01:22:28.930-0400] {processor.py:183} INFO - Processing /home/ironbong_jr/mlops/project/project/lib/python3.10/site-packages/airflow/example_dags/plugins/listener_plugin.py took 0.065 seconds
[2024-03-12T01:24:00.927-0400] {processor.py:161} INFO - Started process (PID=313895) to work on /home/ironbong_jr/mlops/project/project/lib/python3.10/site-packages/airflow/example_dags/plugins/listener_plugin.py
[2024-03-12T01:24:00.965-0400] {processor.py:830} INFO - Processing file /home/ironbong_jr/mlops/project/project/lib/python3.10/site-packages/airflow/example_dags/plugins/listener_plugin.py for tasks to queue
[2024-03-12T01:24:00.968-0400] {logging_mixin.py:188} INFO - [2024-03-12T01:24:00.967-0400] {dagbag.py:540} INFO - Filling up the DagBag from /home/ironbong_jr/mlops/project/project/lib/python3.10/site-packages/airflow/example_dags/plugins/listener_plugin.py
[2024-03-12T01:24:00.976-0400] {processor.py:842} WARNING - No viable dags retrieved from /home/ironbong_jr/mlops/project/project/lib/python3.10/site-packages/airflow/example_dags/plugins/listener_plugin.py
[2024-03-12T01:24:01.006-0400] {processor.py:183} INFO - Processing /home/ironbong_jr/mlops/project/project/lib/python3.10/site-packages/airflow/example_dags/plugins/listener_plugin.py took 0.087 seconds
[2024-03-12T01:25:51.186-0400] {processor.py:161} INFO - Started process (PID=314738) to work on /home/ironbong_jr/mlops/project/project/lib/python3.10/site-packages/airflow/example_dags/plugins/listener_plugin.py
[2024-03-12T01:25:51.222-0400] {processor.py:830} INFO - Processing file /home/ironbong_jr/mlops/project/project/lib/python3.10/site-packages/airflow/example_dags/plugins/listener_plugin.py for tasks to queue
[2024-03-12T01:25:51.226-0400] {logging_mixin.py:188} INFO - [2024-03-12T01:25:51.225-0400] {dagbag.py:540} INFO - Filling up the DagBag from /home/ironbong_jr/mlops/project/project/lib/python3.10/site-packages/airflow/example_dags/plugins/listener_plugin.py
[2024-03-12T01:25:51.233-0400] {processor.py:842} WARNING - No viable dags retrieved from /home/ironbong_jr/mlops/project/project/lib/python3.10/site-packages/airflow/example_dags/plugins/listener_plugin.py
[2024-03-12T01:25:51.253-0400] {processor.py:183} INFO - Processing /home/ironbong_jr/mlops/project/project/lib/python3.10/site-packages/airflow/example_dags/plugins/listener_plugin.py took 0.074 seconds
[2024-03-12T01:27:31.963-0400] {processor.py:161} INFO - Started process (PID=315480) to work on /home/ironbong_jr/mlops/project/project/lib/python3.10/site-packages/airflow/example_dags/plugins/listener_plugin.py
[2024-03-12T01:27:32.000-0400] {processor.py:830} INFO - Processing file /home/ironbong_jr/mlops/project/project/lib/python3.10/site-packages/airflow/example_dags/plugins/listener_plugin.py for tasks to queue
[2024-03-12T01:27:32.002-0400] {logging_mixin.py:188} INFO - [2024-03-12T01:27:32.001-0400] {dagbag.py:540} INFO - Filling up the DagBag from /home/ironbong_jr/mlops/project/project/lib/python3.10/site-packages/airflow/example_dags/plugins/listener_plugin.py
[2024-03-12T01:27:32.008-0400] {processor.py:842} WARNING - No viable dags retrieved from /home/ironbong_jr/mlops/project/project/lib/python3.10/site-packages/airflow/example_dags/plugins/listener_plugin.py
[2024-03-12T01:27:32.030-0400] {processor.py:183} INFO - Processing /home/ironbong_jr/mlops/project/project/lib/python3.10/site-packages/airflow/example_dags/plugins/listener_plugin.py took 0.073 seconds
[2024-03-12T01:28:50.974-0400] {processor.py:161} INFO - Started process (PID=316063) to work on /home/ironbong_jr/mlops/project/project/lib/python3.10/site-packages/airflow/example_dags/plugins/listener_plugin.py
[2024-03-12T01:28:51.011-0400] {processor.py:830} INFO - Processing file /home/ironbong_jr/mlops/project/project/lib/python3.10/site-packages/airflow/example_dags/plugins/listener_plugin.py for tasks to queue
[2024-03-12T01:28:51.015-0400] {logging_mixin.py:188} INFO - [2024-03-12T01:28:51.014-0400] {dagbag.py:540} INFO - Filling up the DagBag from /home/ironbong_jr/mlops/project/project/lib/python3.10/site-packages/airflow/example_dags/plugins/listener_plugin.py
[2024-03-12T01:28:51.021-0400] {processor.py:842} WARNING - No viable dags retrieved from /home/ironbong_jr/mlops/project/project/lib/python3.10/site-packages/airflow/example_dags/plugins/listener_plugin.py
[2024-03-12T01:28:51.036-0400] {processor.py:183} INFO - Processing /home/ironbong_jr/mlops/project/project/lib/python3.10/site-packages/airflow/example_dags/plugins/listener_plugin.py took 0.069 seconds
[2024-03-12T01:30:00.383-0400] {processor.py:161} INFO - Started process (PID=316571) to work on /home/ironbong_jr/mlops/project/project/lib/python3.10/site-packages/airflow/example_dags/plugins/listener_plugin.py
[2024-03-12T01:30:00.418-0400] {processor.py:830} INFO - Processing file /home/ironbong_jr/mlops/project/project/lib/python3.10/site-packages/airflow/example_dags/plugins/listener_plugin.py for tasks to queue
[2024-03-12T01:30:00.421-0400] {logging_mixin.py:188} INFO - [2024-03-12T01:30:00.420-0400] {dagbag.py:540} INFO - Filling up the DagBag from /home/ironbong_jr/mlops/project/project/lib/python3.10/site-packages/airflow/example_dags/plugins/listener_plugin.py
[2024-03-12T01:30:00.427-0400] {processor.py:842} WARNING - No viable dags retrieved from /home/ironbong_jr/mlops/project/project/lib/python3.10/site-packages/airflow/example_dags/plugins/listener_plugin.py
[2024-03-12T01:30:00.446-0400] {processor.py:183} INFO - Processing /home/ironbong_jr/mlops/project/project/lib/python3.10/site-packages/airflow/example_dags/plugins/listener_plugin.py took 0.077 seconds
[2024-03-12T01:39:22.185-0400] {processor.py:161} INFO - Started process (PID=320317) to work on /home/ironbong_jr/mlops/project/project/lib/python3.10/site-packages/airflow/example_dags/plugins/listener_plugin.py
[2024-03-12T01:39:22.219-0400] {processor.py:830} INFO - Processing file /home/ironbong_jr/mlops/project/project/lib/python3.10/site-packages/airflow/example_dags/plugins/listener_plugin.py for tasks to queue
[2024-03-12T01:39:22.222-0400] {logging_mixin.py:188} INFO - [2024-03-12T01:39:22.221-0400] {dagbag.py:540} INFO - Filling up the DagBag from /home/ironbong_jr/mlops/project/project/lib/python3.10/site-packages/airflow/example_dags/plugins/listener_plugin.py
[2024-03-12T01:39:22.229-0400] {processor.py:842} WARNING - No viable dags retrieved from /home/ironbong_jr/mlops/project/project/lib/python3.10/site-packages/airflow/example_dags/plugins/listener_plugin.py
[2024-03-12T01:39:22.269-0400] {processor.py:183} INFO - Processing /home/ironbong_jr/mlops/project/project/lib/python3.10/site-packages/airflow/example_dags/plugins/listener_plugin.py took 0.091 seconds
[2024-03-12T01:40:43.506-0400] {processor.py:161} INFO - Started process (PID=320912) to work on /home/ironbong_jr/mlops/project/project/lib/python3.10/site-packages/airflow/example_dags/plugins/listener_plugin.py
[2024-03-12T01:40:43.539-0400] {processor.py:830} INFO - Processing file /home/ironbong_jr/mlops/project/project/lib/python3.10/site-packages/airflow/example_dags/plugins/listener_plugin.py for tasks to queue
[2024-03-12T01:40:43.542-0400] {logging_mixin.py:188} INFO - [2024-03-12T01:40:43.541-0400] {dagbag.py:540} INFO - Filling up the DagBag from /home/ironbong_jr/mlops/project/project/lib/python3.10/site-packages/airflow/example_dags/plugins/listener_plugin.py
[2024-03-12T01:40:43.548-0400] {processor.py:842} WARNING - No viable dags retrieved from /home/ironbong_jr/mlops/project/project/lib/python3.10/site-packages/airflow/example_dags/plugins/listener_plugin.py
[2024-03-12T01:40:43.581-0400] {processor.py:183} INFO - Processing /home/ironbong_jr/mlops/project/project/lib/python3.10/site-packages/airflow/example_dags/plugins/listener_plugin.py took 0.082 seconds
[2024-03-12T01:42:05.681-0400] {processor.py:161} INFO - Started process (PID=321517) to work on /home/ironbong_jr/mlops/project/project/lib/python3.10/site-packages/airflow/example_dags/plugins/listener_plugin.py
[2024-03-12T01:42:05.715-0400] {processor.py:830} INFO - Processing file /home/ironbong_jr/mlops/project/project/lib/python3.10/site-packages/airflow/example_dags/plugins/listener_plugin.py for tasks to queue
[2024-03-12T01:42:05.717-0400] {logging_mixin.py:188} INFO - [2024-03-12T01:42:05.716-0400] {dagbag.py:540} INFO - Filling up the DagBag from /home/ironbong_jr/mlops/project/project/lib/python3.10/site-packages/airflow/example_dags/plugins/listener_plugin.py
[2024-03-12T01:42:05.722-0400] {processor.py:842} WARNING - No viable dags retrieved from /home/ironbong_jr/mlops/project/project/lib/python3.10/site-packages/airflow/example_dags/plugins/listener_plugin.py
[2024-03-12T01:42:05.746-0400] {processor.py:183} INFO - Processing /home/ironbong_jr/mlops/project/project/lib/python3.10/site-packages/airflow/example_dags/plugins/listener_plugin.py took 0.072 seconds
[2024-03-12T01:48:07.835-0400] {processor.py:161} INFO - Started process (PID=323947) to work on /home/ironbong_jr/mlops/project/project/lib/python3.10/site-packages/airflow/example_dags/plugins/listener_plugin.py
[2024-03-12T01:48:07.869-0400] {processor.py:830} INFO - Processing file /home/ironbong_jr/mlops/project/project/lib/python3.10/site-packages/airflow/example_dags/plugins/listener_plugin.py for tasks to queue
[2024-03-12T01:48:07.872-0400] {logging_mixin.py:188} INFO - [2024-03-12T01:48:07.871-0400] {dagbag.py:540} INFO - Filling up the DagBag from /home/ironbong_jr/mlops/project/project/lib/python3.10/site-packages/airflow/example_dags/plugins/listener_plugin.py
[2024-03-12T01:48:07.877-0400] {processor.py:842} WARNING - No viable dags retrieved from /home/ironbong_jr/mlops/project/project/lib/python3.10/site-packages/airflow/example_dags/plugins/listener_plugin.py
[2024-03-12T01:48:07.894-0400] {processor.py:183} INFO - Processing /home/ironbong_jr/mlops/project/project/lib/python3.10/site-packages/airflow/example_dags/plugins/listener_plugin.py took 0.068 seconds
[2024-03-12T01:49:41.465-0400] {processor.py:161} INFO - Started process (PID=324551) to work on /home/ironbong_jr/mlops/project/project/lib/python3.10/site-packages/airflow/example_dags/plugins/listener_plugin.py
[2024-03-12T01:49:41.501-0400] {processor.py:830} INFO - Processing file /home/ironbong_jr/mlops/project/project/lib/python3.10/site-packages/airflow/example_dags/plugins/listener_plugin.py for tasks to queue
[2024-03-12T01:49:41.505-0400] {logging_mixin.py:188} INFO - [2024-03-12T01:49:41.504-0400] {dagbag.py:540} INFO - Filling up the DagBag from /home/ironbong_jr/mlops/project/project/lib/python3.10/site-packages/airflow/example_dags/plugins/listener_plugin.py
[2024-03-12T01:49:41.512-0400] {processor.py:842} WARNING - No viable dags retrieved from /home/ironbong_jr/mlops/project/project/lib/python3.10/site-packages/airflow/example_dags/plugins/listener_plugin.py
[2024-03-12T01:49:41.534-0400] {processor.py:183} INFO - Processing /home/ironbong_jr/mlops/project/project/lib/python3.10/site-packages/airflow/example_dags/plugins/listener_plugin.py took 0.076 seconds
[2024-03-12T01:51:09.746-0400] {processor.py:161} INFO - Started process (PID=324864) to work on /home/ironbong_jr/mlops/project/project/lib/python3.10/site-packages/airflow/example_dags/plugins/listener_plugin.py
[2024-03-12T01:51:09.780-0400] {processor.py:830} INFO - Processing file /home/ironbong_jr/mlops/project/project/lib/python3.10/site-packages/airflow/example_dags/plugins/listener_plugin.py for tasks to queue
[2024-03-12T01:51:09.782-0400] {logging_mixin.py:188} INFO - [2024-03-12T01:51:09.781-0400] {dagbag.py:540} INFO - Filling up the DagBag from /home/ironbong_jr/mlops/project/project/lib/python3.10/site-packages/airflow/example_dags/plugins/listener_plugin.py
[2024-03-12T01:51:09.787-0400] {processor.py:842} WARNING - No viable dags retrieved from /home/ironbong_jr/mlops/project/project/lib/python3.10/site-packages/airflow/example_dags/plugins/listener_plugin.py
[2024-03-12T01:51:09.805-0400] {processor.py:183} INFO - Processing /home/ironbong_jr/mlops/project/project/lib/python3.10/site-packages/airflow/example_dags/plugins/listener_plugin.py took 0.063 seconds
[2024-03-12T01:52:28.315-0400] {processor.py:161} INFO - Started process (PID=325136) to work on /home/ironbong_jr/mlops/project/project/lib/python3.10/site-packages/airflow/example_dags/plugins/listener_plugin.py
[2024-03-12T01:52:28.350-0400] {processor.py:830} INFO - Processing file /home/ironbong_jr/mlops/project/project/lib/python3.10/site-packages/airflow/example_dags/plugins/listener_plugin.py for tasks to queue
[2024-03-12T01:52:28.353-0400] {logging_mixin.py:188} INFO - [2024-03-12T01:52:28.352-0400] {dagbag.py:540} INFO - Filling up the DagBag from /home/ironbong_jr/mlops/project/project/lib/python3.10/site-packages/airflow/example_dags/plugins/listener_plugin.py
[2024-03-12T01:52:28.359-0400] {processor.py:842} WARNING - No viable dags retrieved from /home/ironbong_jr/mlops/project/project/lib/python3.10/site-packages/airflow/example_dags/plugins/listener_plugin.py
[2024-03-12T01:52:28.379-0400] {processor.py:183} INFO - Processing /home/ironbong_jr/mlops/project/project/lib/python3.10/site-packages/airflow/example_dags/plugins/listener_plugin.py took 0.069 seconds
[2024-03-12T01:53:44.013-0400] {processor.py:161} INFO - Started process (PID=325400) to work on /home/ironbong_jr/mlops/project/project/lib/python3.10/site-packages/airflow/example_dags/plugins/listener_plugin.py
[2024-03-12T01:53:44.048-0400] {processor.py:830} INFO - Processing file /home/ironbong_jr/mlops/project/project/lib/python3.10/site-packages/airflow/example_dags/plugins/listener_plugin.py for tasks to queue
[2024-03-12T01:53:44.051-0400] {logging_mixin.py:188} INFO - [2024-03-12T01:53:44.050-0400] {dagbag.py:540} INFO - Filling up the DagBag from /home/ironbong_jr/mlops/project/project/lib/python3.10/site-packages/airflow/example_dags/plugins/listener_plugin.py
[2024-03-12T01:53:44.056-0400] {processor.py:842} WARNING - No viable dags retrieved from /home/ironbong_jr/mlops/project/project/lib/python3.10/site-packages/airflow/example_dags/plugins/listener_plugin.py
[2024-03-12T01:53:44.073-0400] {processor.py:183} INFO - Processing /home/ironbong_jr/mlops/project/project/lib/python3.10/site-packages/airflow/example_dags/plugins/listener_plugin.py took 0.075 seconds
[2024-03-12T01:58:34.333-0400] {processor.py:161} INFO - Started process (PID=326197) to work on /home/ironbong_jr/mlops/project/project/lib/python3.10/site-packages/airflow/example_dags/plugins/listener_plugin.py
[2024-03-12T01:58:34.366-0400] {processor.py:830} INFO - Processing file /home/ironbong_jr/mlops/project/project/lib/python3.10/site-packages/airflow/example_dags/plugins/listener_plugin.py for tasks to queue
[2024-03-12T01:58:34.369-0400] {logging_mixin.py:188} INFO - [2024-03-12T01:58:34.368-0400] {dagbag.py:540} INFO - Filling up the DagBag from /home/ironbong_jr/mlops/project/project/lib/python3.10/site-packages/airflow/example_dags/plugins/listener_plugin.py
[2024-03-12T01:58:34.381-0400] {processor.py:842} WARNING - No viable dags retrieved from /home/ironbong_jr/mlops/project/project/lib/python3.10/site-packages/airflow/example_dags/plugins/listener_plugin.py
[2024-03-12T01:58:34.403-0400] {processor.py:183} INFO - Processing /home/ironbong_jr/mlops/project/project/lib/python3.10/site-packages/airflow/example_dags/plugins/listener_plugin.py took 0.076 seconds
[2024-03-12T02:00:03.179-0400] {processor.py:161} INFO - Started process (PID=326499) to work on /home/ironbong_jr/mlops/project/project/lib/python3.10/site-packages/airflow/example_dags/plugins/listener_plugin.py
[2024-03-12T02:00:03.182-0400] {processor.py:830} INFO - Processing file /home/ironbong_jr/mlops/project/project/lib/python3.10/site-packages/airflow/example_dags/plugins/listener_plugin.py for tasks to queue
[2024-03-12T02:00:03.184-0400] {logging_mixin.py:188} INFO - [2024-03-12T02:00:03.183-0400] {dagbag.py:540} INFO - Filling up the DagBag from /home/ironbong_jr/mlops/project/project/lib/python3.10/site-packages/airflow/example_dags/plugins/listener_plugin.py
[2024-03-12T02:00:03.189-0400] {processor.py:842} WARNING - No viable dags retrieved from /home/ironbong_jr/mlops/project/project/lib/python3.10/site-packages/airflow/example_dags/plugins/listener_plugin.py
[2024-03-12T02:00:03.206-0400] {processor.py:183} INFO - Processing /home/ironbong_jr/mlops/project/project/lib/python3.10/site-packages/airflow/example_dags/plugins/listener_plugin.py took 0.032 seconds
[2024-03-12T02:03:11.656-0400] {processor.py:161} INFO - Started process (PID=327119) to work on /home/ironbong_jr/mlops/project/project/lib/python3.10/site-packages/airflow/example_dags/plugins/listener_plugin.py
[2024-03-12T02:03:11.661-0400] {processor.py:830} INFO - Processing file /home/ironbong_jr/mlops/project/project/lib/python3.10/site-packages/airflow/example_dags/plugins/listener_plugin.py for tasks to queue
[2024-03-12T02:03:11.663-0400] {logging_mixin.py:188} INFO - [2024-03-12T02:03:11.662-0400] {dagbag.py:540} INFO - Filling up the DagBag from /home/ironbong_jr/mlops/project/project/lib/python3.10/site-packages/airflow/example_dags/plugins/listener_plugin.py
[2024-03-12T02:03:11.672-0400] {processor.py:842} WARNING - No viable dags retrieved from /home/ironbong_jr/mlops/project/project/lib/python3.10/site-packages/airflow/example_dags/plugins/listener_plugin.py
[2024-03-12T02:03:11.695-0400] {processor.py:183} INFO - Processing /home/ironbong_jr/mlops/project/project/lib/python3.10/site-packages/airflow/example_dags/plugins/listener_plugin.py took 0.051 seconds
[2024-03-12T02:05:32.399-0400] {processor.py:161} INFO - Started process (PID=327576) to work on /home/ironbong_jr/mlops/project/project/lib/python3.10/site-packages/airflow/example_dags/plugins/listener_plugin.py
[2024-03-12T02:05:32.436-0400] {processor.py:830} INFO - Processing file /home/ironbong_jr/mlops/project/project/lib/python3.10/site-packages/airflow/example_dags/plugins/listener_plugin.py for tasks to queue
[2024-03-12T02:05:32.439-0400] {logging_mixin.py:188} INFO - [2024-03-12T02:05:32.438-0400] {dagbag.py:540} INFO - Filling up the DagBag from /home/ironbong_jr/mlops/project/project/lib/python3.10/site-packages/airflow/example_dags/plugins/listener_plugin.py
[2024-03-12T02:05:32.446-0400] {processor.py:842} WARNING - No viable dags retrieved from /home/ironbong_jr/mlops/project/project/lib/python3.10/site-packages/airflow/example_dags/plugins/listener_plugin.py
[2024-03-12T02:05:32.470-0400] {processor.py:183} INFO - Processing /home/ironbong_jr/mlops/project/project/lib/python3.10/site-packages/airflow/example_dags/plugins/listener_plugin.py took 0.080 seconds
[2024-03-12T02:07:00.993-0400] {processor.py:161} INFO - Started process (PID=327884) to work on /home/ironbong_jr/mlops/project/project/lib/python3.10/site-packages/airflow/example_dags/plugins/listener_plugin.py
[2024-03-12T02:07:01.027-0400] {processor.py:830} INFO - Processing file /home/ironbong_jr/mlops/project/project/lib/python3.10/site-packages/airflow/example_dags/plugins/listener_plugin.py for tasks to queue
[2024-03-12T02:07:01.031-0400] {logging_mixin.py:188} INFO - [2024-03-12T02:07:01.030-0400] {dagbag.py:540} INFO - Filling up the DagBag from /home/ironbong_jr/mlops/project/project/lib/python3.10/site-packages/airflow/example_dags/plugins/listener_plugin.py
[2024-03-12T02:07:01.038-0400] {processor.py:842} WARNING - No viable dags retrieved from /home/ironbong_jr/mlops/project/project/lib/python3.10/site-packages/airflow/example_dags/plugins/listener_plugin.py
[2024-03-12T02:07:01.072-0400] {processor.py:183} INFO - Processing /home/ironbong_jr/mlops/project/project/lib/python3.10/site-packages/airflow/example_dags/plugins/listener_plugin.py took 0.085 seconds
[2024-03-12T02:08:18.907-0400] {processor.py:161} INFO - Started process (PID=328156) to work on /home/ironbong_jr/mlops/project/project/lib/python3.10/site-packages/airflow/example_dags/plugins/listener_plugin.py
[2024-03-12T02:08:18.910-0400] {processor.py:830} INFO - Processing file /home/ironbong_jr/mlops/project/project/lib/python3.10/site-packages/airflow/example_dags/plugins/listener_plugin.py for tasks to queue
[2024-03-12T02:08:18.912-0400] {logging_mixin.py:188} INFO - [2024-03-12T02:08:18.912-0400] {dagbag.py:540} INFO - Filling up the DagBag from /home/ironbong_jr/mlops/project/project/lib/python3.10/site-packages/airflow/example_dags/plugins/listener_plugin.py
[2024-03-12T02:08:18.918-0400] {processor.py:842} WARNING - No viable dags retrieved from /home/ironbong_jr/mlops/project/project/lib/python3.10/site-packages/airflow/example_dags/plugins/listener_plugin.py
[2024-03-12T02:08:18.942-0400] {processor.py:183} INFO - Processing /home/ironbong_jr/mlops/project/project/lib/python3.10/site-packages/airflow/example_dags/plugins/listener_plugin.py took 0.043 seconds
[2024-03-12T02:09:44.263-0400] {processor.py:161} INFO - Started process (PID=328443) to work on /home/ironbong_jr/mlops/project/project/lib/python3.10/site-packages/airflow/example_dags/plugins/listener_plugin.py
[2024-03-12T02:09:44.271-0400] {processor.py:830} INFO - Processing file /home/ironbong_jr/mlops/project/project/lib/python3.10/site-packages/airflow/example_dags/plugins/listener_plugin.py for tasks to queue
[2024-03-12T02:09:44.275-0400] {logging_mixin.py:188} INFO - [2024-03-12T02:09:44.273-0400] {dagbag.py:540} INFO - Filling up the DagBag from /home/ironbong_jr/mlops/project/project/lib/python3.10/site-packages/airflow/example_dags/plugins/listener_plugin.py
[2024-03-12T02:09:44.282-0400] {processor.py:842} WARNING - No viable dags retrieved from /home/ironbong_jr/mlops/project/project/lib/python3.10/site-packages/airflow/example_dags/plugins/listener_plugin.py
[2024-03-12T02:09:44.303-0400] {processor.py:183} INFO - Processing /home/ironbong_jr/mlops/project/project/lib/python3.10/site-packages/airflow/example_dags/plugins/listener_plugin.py took 0.052 seconds
[2024-03-12T02:11:11.345-0400] {processor.py:161} INFO - Started process (PID=328749) to work on /home/ironbong_jr/mlops/project/project/lib/python3.10/site-packages/airflow/example_dags/plugins/listener_plugin.py
[2024-03-12T02:11:11.378-0400] {processor.py:830} INFO - Processing file /home/ironbong_jr/mlops/project/project/lib/python3.10/site-packages/airflow/example_dags/plugins/listener_plugin.py for tasks to queue
[2024-03-12T02:11:11.380-0400] {logging_mixin.py:188} INFO - [2024-03-12T02:11:11.379-0400] {dagbag.py:540} INFO - Filling up the DagBag from /home/ironbong_jr/mlops/project/project/lib/python3.10/site-packages/airflow/example_dags/plugins/listener_plugin.py
[2024-03-12T02:11:11.385-0400] {processor.py:842} WARNING - No viable dags retrieved from /home/ironbong_jr/mlops/project/project/lib/python3.10/site-packages/airflow/example_dags/plugins/listener_plugin.py
[2024-03-12T02:11:11.403-0400] {processor.py:183} INFO - Processing /home/ironbong_jr/mlops/project/project/lib/python3.10/site-packages/airflow/example_dags/plugins/listener_plugin.py took 0.065 seconds
[2024-03-12T02:12:21.486-0400] {processor.py:161} INFO - Started process (PID=328975) to work on /home/ironbong_jr/mlops/project/project/lib/python3.10/site-packages/airflow/example_dags/plugins/listener_plugin.py
[2024-03-12T02:12:21.520-0400] {processor.py:830} INFO - Processing file /home/ironbong_jr/mlops/project/project/lib/python3.10/site-packages/airflow/example_dags/plugins/listener_plugin.py for tasks to queue
[2024-03-12T02:12:21.523-0400] {logging_mixin.py:188} INFO - [2024-03-12T02:12:21.522-0400] {dagbag.py:540} INFO - Filling up the DagBag from /home/ironbong_jr/mlops/project/project/lib/python3.10/site-packages/airflow/example_dags/plugins/listener_plugin.py
[2024-03-12T02:12:21.529-0400] {processor.py:842} WARNING - No viable dags retrieved from /home/ironbong_jr/mlops/project/project/lib/python3.10/site-packages/airflow/example_dags/plugins/listener_plugin.py
[2024-03-12T02:12:21.549-0400] {processor.py:183} INFO - Processing /home/ironbong_jr/mlops/project/project/lib/python3.10/site-packages/airflow/example_dags/plugins/listener_plugin.py took 0.070 seconds
[2024-03-12T02:13:32.131-0400] {processor.py:161} INFO - Started process (PID=329207) to work on /home/ironbong_jr/mlops/project/project/lib/python3.10/site-packages/airflow/example_dags/plugins/listener_plugin.py
[2024-03-12T02:13:32.166-0400] {processor.py:830} INFO - Processing file /home/ironbong_jr/mlops/project/project/lib/python3.10/site-packages/airflow/example_dags/plugins/listener_plugin.py for tasks to queue
[2024-03-12T02:13:32.168-0400] {logging_mixin.py:188} INFO - [2024-03-12T02:13:32.167-0400] {dagbag.py:540} INFO - Filling up the DagBag from /home/ironbong_jr/mlops/project/project/lib/python3.10/site-packages/airflow/example_dags/plugins/listener_plugin.py
[2024-03-12T02:13:32.175-0400] {processor.py:842} WARNING - No viable dags retrieved from /home/ironbong_jr/mlops/project/project/lib/python3.10/site-packages/airflow/example_dags/plugins/listener_plugin.py
[2024-03-12T02:13:32.198-0400] {processor.py:183} INFO - Processing /home/ironbong_jr/mlops/project/project/lib/python3.10/site-packages/airflow/example_dags/plugins/listener_plugin.py took 0.074 seconds
[2024-03-12T02:15:06.973-0400] {processor.py:161} INFO - Started process (PID=329536) to work on /home/ironbong_jr/mlops/project/project/lib/python3.10/site-packages/airflow/example_dags/plugins/listener_plugin.py
[2024-03-12T02:15:07.006-0400] {processor.py:830} INFO - Processing file /home/ironbong_jr/mlops/project/project/lib/python3.10/site-packages/airflow/example_dags/plugins/listener_plugin.py for tasks to queue
[2024-03-12T02:15:07.009-0400] {logging_mixin.py:188} INFO - [2024-03-12T02:15:07.008-0400] {dagbag.py:540} INFO - Filling up the DagBag from /home/ironbong_jr/mlops/project/project/lib/python3.10/site-packages/airflow/example_dags/plugins/listener_plugin.py
[2024-03-12T02:15:07.014-0400] {processor.py:842} WARNING - No viable dags retrieved from /home/ironbong_jr/mlops/project/project/lib/python3.10/site-packages/airflow/example_dags/plugins/listener_plugin.py
[2024-03-12T02:15:07.032-0400] {processor.py:183} INFO - Processing /home/ironbong_jr/mlops/project/project/lib/python3.10/site-packages/airflow/example_dags/plugins/listener_plugin.py took 0.066 seconds
[2024-03-12T02:16:22.928-0400] {processor.py:161} INFO - Started process (PID=329801) to work on /home/ironbong_jr/mlops/project/project/lib/python3.10/site-packages/airflow/example_dags/plugins/listener_plugin.py
[2024-03-12T02:16:22.962-0400] {processor.py:830} INFO - Processing file /home/ironbong_jr/mlops/project/project/lib/python3.10/site-packages/airflow/example_dags/plugins/listener_plugin.py for tasks to queue
[2024-03-12T02:16:22.965-0400] {logging_mixin.py:188} INFO - [2024-03-12T02:16:22.964-0400] {dagbag.py:540} INFO - Filling up the DagBag from /home/ironbong_jr/mlops/project/project/lib/python3.10/site-packages/airflow/example_dags/plugins/listener_plugin.py
[2024-03-12T02:16:22.975-0400] {processor.py:842} WARNING - No viable dags retrieved from /home/ironbong_jr/mlops/project/project/lib/python3.10/site-packages/airflow/example_dags/plugins/listener_plugin.py
[2024-03-12T02:16:23.033-0400] {processor.py:183} INFO - Processing /home/ironbong_jr/mlops/project/project/lib/python3.10/site-packages/airflow/example_dags/plugins/listener_plugin.py took 0.117 seconds
[2024-03-12T02:17:30.436-0400] {processor.py:161} INFO - Started process (PID=330025) to work on /home/ironbong_jr/mlops/project/project/lib/python3.10/site-packages/airflow/example_dags/plugins/listener_plugin.py
[2024-03-12T02:17:30.440-0400] {processor.py:830} INFO - Processing file /home/ironbong_jr/mlops/project/project/lib/python3.10/site-packages/airflow/example_dags/plugins/listener_plugin.py for tasks to queue
[2024-03-12T02:17:30.442-0400] {logging_mixin.py:188} INFO - [2024-03-12T02:17:30.441-0400] {dagbag.py:540} INFO - Filling up the DagBag from /home/ironbong_jr/mlops/project/project/lib/python3.10/site-packages/airflow/example_dags/plugins/listener_plugin.py
[2024-03-12T02:17:30.447-0400] {processor.py:842} WARNING - No viable dags retrieved from /home/ironbong_jr/mlops/project/project/lib/python3.10/site-packages/airflow/example_dags/plugins/listener_plugin.py
[2024-03-12T02:17:30.480-0400] {processor.py:183} INFO - Processing /home/ironbong_jr/mlops/project/project/lib/python3.10/site-packages/airflow/example_dags/plugins/listener_plugin.py took 0.054 seconds
[2024-03-12T02:18:40.738-0400] {processor.py:161} INFO - Started process (PID=330250) to work on /home/ironbong_jr/mlops/project/project/lib/python3.10/site-packages/airflow/example_dags/plugins/listener_plugin.py
[2024-03-12T02:18:40.742-0400] {processor.py:830} INFO - Processing file /home/ironbong_jr/mlops/project/project/lib/python3.10/site-packages/airflow/example_dags/plugins/listener_plugin.py for tasks to queue
[2024-03-12T02:18:40.745-0400] {logging_mixin.py:188} INFO - [2024-03-12T02:18:40.744-0400] {dagbag.py:540} INFO - Filling up the DagBag from /home/ironbong_jr/mlops/project/project/lib/python3.10/site-packages/airflow/example_dags/plugins/listener_plugin.py
[2024-03-12T02:18:40.763-0400] {processor.py:842} WARNING - No viable dags retrieved from /home/ironbong_jr/mlops/project/project/lib/python3.10/site-packages/airflow/example_dags/plugins/listener_plugin.py
[2024-03-12T02:18:40.783-0400] {processor.py:183} INFO - Processing /home/ironbong_jr/mlops/project/project/lib/python3.10/site-packages/airflow/example_dags/plugins/listener_plugin.py took 0.053 seconds
[2024-03-12T02:19:56.347-0400] {processor.py:161} INFO - Started process (PID=330514) to work on /home/ironbong_jr/mlops/project/project/lib/python3.10/site-packages/airflow/example_dags/plugins/listener_plugin.py
[2024-03-12T02:19:56.382-0400] {processor.py:830} INFO - Processing file /home/ironbong_jr/mlops/project/project/lib/python3.10/site-packages/airflow/example_dags/plugins/listener_plugin.py for tasks to queue
[2024-03-12T02:19:56.385-0400] {logging_mixin.py:188} INFO - [2024-03-12T02:19:56.384-0400] {dagbag.py:540} INFO - Filling up the DagBag from /home/ironbong_jr/mlops/project/project/lib/python3.10/site-packages/airflow/example_dags/plugins/listener_plugin.py
[2024-03-12T02:19:56.390-0400] {processor.py:842} WARNING - No viable dags retrieved from /home/ironbong_jr/mlops/project/project/lib/python3.10/site-packages/airflow/example_dags/plugins/listener_plugin.py
[2024-03-12T02:19:56.407-0400] {processor.py:183} INFO - Processing /home/ironbong_jr/mlops/project/project/lib/python3.10/site-packages/airflow/example_dags/plugins/listener_plugin.py took 0.076 seconds
[2024-03-12T02:21:09.955-0400] {processor.py:161} INFO - Started process (PID=330748) to work on /home/ironbong_jr/mlops/project/project/lib/python3.10/site-packages/airflow/example_dags/plugins/listener_plugin.py
[2024-03-12T02:21:09.990-0400] {processor.py:830} INFO - Processing file /home/ironbong_jr/mlops/project/project/lib/python3.10/site-packages/airflow/example_dags/plugins/listener_plugin.py for tasks to queue
[2024-03-12T02:21:09.993-0400] {logging_mixin.py:188} INFO - [2024-03-12T02:21:09.992-0400] {dagbag.py:540} INFO - Filling up the DagBag from /home/ironbong_jr/mlops/project/project/lib/python3.10/site-packages/airflow/example_dags/plugins/listener_plugin.py
[2024-03-12T02:21:10.000-0400] {processor.py:842} WARNING - No viable dags retrieved from /home/ironbong_jr/mlops/project/project/lib/python3.10/site-packages/airflow/example_dags/plugins/listener_plugin.py
[2024-03-12T02:21:10.017-0400] {processor.py:183} INFO - Processing /home/ironbong_jr/mlops/project/project/lib/python3.10/site-packages/airflow/example_dags/plugins/listener_plugin.py took 0.077 seconds
[2024-03-12T02:33:18.143-0400] {processor.py:161} INFO - Started process (PID=332630) to work on /home/ironbong_jr/mlops/project/project/lib/python3.10/site-packages/airflow/example_dags/plugins/listener_plugin.py
[2024-03-12T02:33:18.177-0400] {processor.py:830} INFO - Processing file /home/ironbong_jr/mlops/project/project/lib/python3.10/site-packages/airflow/example_dags/plugins/listener_plugin.py for tasks to queue
[2024-03-12T02:33:18.179-0400] {logging_mixin.py:188} INFO - [2024-03-12T02:33:18.178-0400] {dagbag.py:540} INFO - Filling up the DagBag from /home/ironbong_jr/mlops/project/project/lib/python3.10/site-packages/airflow/example_dags/plugins/listener_plugin.py
[2024-03-12T02:33:18.185-0400] {processor.py:842} WARNING - No viable dags retrieved from /home/ironbong_jr/mlops/project/project/lib/python3.10/site-packages/airflow/example_dags/plugins/listener_plugin.py
[2024-03-12T02:33:18.214-0400] {processor.py:183} INFO - Processing /home/ironbong_jr/mlops/project/project/lib/python3.10/site-packages/airflow/example_dags/plugins/listener_plugin.py took 0.079 seconds
[2024-03-12T02:36:16.152-0400] {processor.py:161} INFO - Started process (PID=333200) to work on /home/ironbong_jr/mlops/project/project/lib/python3.10/site-packages/airflow/example_dags/plugins/listener_plugin.py
[2024-03-12T02:36:16.185-0400] {processor.py:830} INFO - Processing file /home/ironbong_jr/mlops/project/project/lib/python3.10/site-packages/airflow/example_dags/plugins/listener_plugin.py for tasks to queue
[2024-03-12T02:36:16.187-0400] {logging_mixin.py:188} INFO - [2024-03-12T02:36:16.186-0400] {dagbag.py:540} INFO - Filling up the DagBag from /home/ironbong_jr/mlops/project/project/lib/python3.10/site-packages/airflow/example_dags/plugins/listener_plugin.py
[2024-03-12T02:36:16.193-0400] {processor.py:842} WARNING - No viable dags retrieved from /home/ironbong_jr/mlops/project/project/lib/python3.10/site-packages/airflow/example_dags/plugins/listener_plugin.py
[2024-03-12T02:36:16.211-0400] {processor.py:183} INFO - Processing /home/ironbong_jr/mlops/project/project/lib/python3.10/site-packages/airflow/example_dags/plugins/listener_plugin.py took 0.064 seconds
[2024-03-12T02:37:33.448-0400] {processor.py:161} INFO - Started process (PID=333465) to work on /home/ironbong_jr/mlops/project/project/lib/python3.10/site-packages/airflow/example_dags/plugins/listener_plugin.py
[2024-03-12T02:37:33.481-0400] {processor.py:830} INFO - Processing file /home/ironbong_jr/mlops/project/project/lib/python3.10/site-packages/airflow/example_dags/plugins/listener_plugin.py for tasks to queue
[2024-03-12T02:37:33.483-0400] {logging_mixin.py:188} INFO - [2024-03-12T02:37:33.482-0400] {dagbag.py:540} INFO - Filling up the DagBag from /home/ironbong_jr/mlops/project/project/lib/python3.10/site-packages/airflow/example_dags/plugins/listener_plugin.py
[2024-03-12T02:37:33.490-0400] {processor.py:842} WARNING - No viable dags retrieved from /home/ironbong_jr/mlops/project/project/lib/python3.10/site-packages/airflow/example_dags/plugins/listener_plugin.py
[2024-03-12T02:37:33.509-0400] {processor.py:183} INFO - Processing /home/ironbong_jr/mlops/project/project/lib/python3.10/site-packages/airflow/example_dags/plugins/listener_plugin.py took 0.066 seconds
[2024-03-12T14:12:18.920-0400] {processor.py:161} INFO - Started process (PID=336656) to work on /home/ironbong_jr/mlops/project/project/lib/python3.10/site-packages/airflow/example_dags/plugins/listener_plugin.py
[2024-03-12T14:12:18.925-0400] {processor.py:830} INFO - Processing file /home/ironbong_jr/mlops/project/project/lib/python3.10/site-packages/airflow/example_dags/plugins/listener_plugin.py for tasks to queue
[2024-03-12T14:12:18.926-0400] {logging_mixin.py:188} INFO - [2024-03-12T14:12:18.926-0400] {dagbag.py:540} INFO - Filling up the DagBag from /home/ironbong_jr/mlops/project/project/lib/python3.10/site-packages/airflow/example_dags/plugins/listener_plugin.py
[2024-03-12T14:12:18.929-0400] {processor.py:842} WARNING - No viable dags retrieved from /home/ironbong_jr/mlops/project/project/lib/python3.10/site-packages/airflow/example_dags/plugins/listener_plugin.py
[2024-03-12T14:12:18.940-0400] {processor.py:183} INFO - Processing /home/ironbong_jr/mlops/project/project/lib/python3.10/site-packages/airflow/example_dags/plugins/listener_plugin.py took 0.022 seconds
[2024-03-12T14:13:33.009-0400] {processor.py:161} INFO - Started process (PID=336982) to work on /home/ironbong_jr/mlops/project/project/lib/python3.10/site-packages/airflow/example_dags/plugins/listener_plugin.py
[2024-03-12T14:13:33.010-0400] {processor.py:830} INFO - Processing file /home/ironbong_jr/mlops/project/project/lib/python3.10/site-packages/airflow/example_dags/plugins/listener_plugin.py for tasks to queue
[2024-03-12T14:13:33.011-0400] {logging_mixin.py:188} INFO - [2024-03-12T14:13:33.011-0400] {dagbag.py:540} INFO - Filling up the DagBag from /home/ironbong_jr/mlops/project/project/lib/python3.10/site-packages/airflow/example_dags/plugins/listener_plugin.py
[2024-03-12T14:13:33.013-0400] {processor.py:842} WARNING - No viable dags retrieved from /home/ironbong_jr/mlops/project/project/lib/python3.10/site-packages/airflow/example_dags/plugins/listener_plugin.py
[2024-03-12T14:13:33.022-0400] {processor.py:183} INFO - Processing /home/ironbong_jr/mlops/project/project/lib/python3.10/site-packages/airflow/example_dags/plugins/listener_plugin.py took 0.016 seconds
[2024-03-12T14:14:44.523-0400] {processor.py:161} INFO - Started process (PID=337251) to work on /home/ironbong_jr/mlops/project/project/lib/python3.10/site-packages/airflow/example_dags/plugins/listener_plugin.py
[2024-03-12T14:14:44.525-0400] {processor.py:830} INFO - Processing file /home/ironbong_jr/mlops/project/project/lib/python3.10/site-packages/airflow/example_dags/plugins/listener_plugin.py for tasks to queue
[2024-03-12T14:14:44.526-0400] {logging_mixin.py:188} INFO - [2024-03-12T14:14:44.526-0400] {dagbag.py:540} INFO - Filling up the DagBag from /home/ironbong_jr/mlops/project/project/lib/python3.10/site-packages/airflow/example_dags/plugins/listener_plugin.py
[2024-03-12T14:14:44.528-0400] {processor.py:842} WARNING - No viable dags retrieved from /home/ironbong_jr/mlops/project/project/lib/python3.10/site-packages/airflow/example_dags/plugins/listener_plugin.py
[2024-03-12T14:14:44.537-0400] {processor.py:183} INFO - Processing /home/ironbong_jr/mlops/project/project/lib/python3.10/site-packages/airflow/example_dags/plugins/listener_plugin.py took 0.017 seconds
[2024-03-12T14:15:45.026-0400] {processor.py:161} INFO - Started process (PID=337504) to work on /home/ironbong_jr/mlops/project/project/lib/python3.10/site-packages/airflow/example_dags/plugins/listener_plugin.py
[2024-03-12T14:15:45.031-0400] {processor.py:830} INFO - Processing file /home/ironbong_jr/mlops/project/project/lib/python3.10/site-packages/airflow/example_dags/plugins/listener_plugin.py for tasks to queue
[2024-03-12T14:15:45.033-0400] {logging_mixin.py:188} INFO - [2024-03-12T14:15:45.032-0400] {dagbag.py:540} INFO - Filling up the DagBag from /home/ironbong_jr/mlops/project/project/lib/python3.10/site-packages/airflow/example_dags/plugins/listener_plugin.py
[2024-03-12T14:15:45.036-0400] {processor.py:842} WARNING - No viable dags retrieved from /home/ironbong_jr/mlops/project/project/lib/python3.10/site-packages/airflow/example_dags/plugins/listener_plugin.py
[2024-03-12T14:15:45.049-0400] {processor.py:183} INFO - Processing /home/ironbong_jr/mlops/project/project/lib/python3.10/site-packages/airflow/example_dags/plugins/listener_plugin.py took 0.030 seconds
[2024-03-12T14:16:53.470-0400] {processor.py:161} INFO - Started process (PID=337765) to work on /home/ironbong_jr/mlops/project/project/lib/python3.10/site-packages/airflow/example_dags/plugins/listener_plugin.py
[2024-03-12T14:16:53.474-0400] {processor.py:830} INFO - Processing file /home/ironbong_jr/mlops/project/project/lib/python3.10/site-packages/airflow/example_dags/plugins/listener_plugin.py for tasks to queue
[2024-03-12T14:16:53.475-0400] {logging_mixin.py:188} INFO - [2024-03-12T14:16:53.474-0400] {dagbag.py:540} INFO - Filling up the DagBag from /home/ironbong_jr/mlops/project/project/lib/python3.10/site-packages/airflow/example_dags/plugins/listener_plugin.py
[2024-03-12T14:16:53.476-0400] {processor.py:842} WARNING - No viable dags retrieved from /home/ironbong_jr/mlops/project/project/lib/python3.10/site-packages/airflow/example_dags/plugins/listener_plugin.py
[2024-03-12T14:16:53.483-0400] {processor.py:183} INFO - Processing /home/ironbong_jr/mlops/project/project/lib/python3.10/site-packages/airflow/example_dags/plugins/listener_plugin.py took 0.015 seconds
[2024-03-12T14:17:57.631-0400] {processor.py:161} INFO - Started process (PID=338039) to work on /home/ironbong_jr/mlops/project/project/lib/python3.10/site-packages/airflow/example_dags/plugins/listener_plugin.py
[2024-03-12T14:17:57.633-0400] {processor.py:830} INFO - Processing file /home/ironbong_jr/mlops/project/project/lib/python3.10/site-packages/airflow/example_dags/plugins/listener_plugin.py for tasks to queue
[2024-03-12T14:17:57.633-0400] {logging_mixin.py:188} INFO - [2024-03-12T14:17:57.633-0400] {dagbag.py:540} INFO - Filling up the DagBag from /home/ironbong_jr/mlops/project/project/lib/python3.10/site-packages/airflow/example_dags/plugins/listener_plugin.py
[2024-03-12T14:17:57.635-0400] {processor.py:842} WARNING - No viable dags retrieved from /home/ironbong_jr/mlops/project/project/lib/python3.10/site-packages/airflow/example_dags/plugins/listener_plugin.py
[2024-03-12T14:17:57.643-0400] {processor.py:183} INFO - Processing /home/ironbong_jr/mlops/project/project/lib/python3.10/site-packages/airflow/example_dags/plugins/listener_plugin.py took 0.013 seconds
[2024-03-12T14:19:08.014-0400] {processor.py:161} INFO - Started process (PID=338304) to work on /home/ironbong_jr/mlops/project/project/lib/python3.10/site-packages/airflow/example_dags/plugins/listener_plugin.py
[2024-03-12T14:19:08.019-0400] {processor.py:830} INFO - Processing file /home/ironbong_jr/mlops/project/project/lib/python3.10/site-packages/airflow/example_dags/plugins/listener_plugin.py for tasks to queue
[2024-03-12T14:19:08.020-0400] {logging_mixin.py:188} INFO - [2024-03-12T14:19:08.020-0400] {dagbag.py:540} INFO - Filling up the DagBag from /home/ironbong_jr/mlops/project/project/lib/python3.10/site-packages/airflow/example_dags/plugins/listener_plugin.py
[2024-03-12T14:19:08.022-0400] {processor.py:842} WARNING - No viable dags retrieved from /home/ironbong_jr/mlops/project/project/lib/python3.10/site-packages/airflow/example_dags/plugins/listener_plugin.py
[2024-03-12T14:19:08.028-0400] {processor.py:183} INFO - Processing /home/ironbong_jr/mlops/project/project/lib/python3.10/site-packages/airflow/example_dags/plugins/listener_plugin.py took 0.016 seconds
[2024-03-12T14:20:11.517-0400] {processor.py:161} INFO - Started process (PID=338570) to work on /home/ironbong_jr/mlops/project/project/lib/python3.10/site-packages/airflow/example_dags/plugins/listener_plugin.py
[2024-03-12T14:20:11.518-0400] {processor.py:830} INFO - Processing file /home/ironbong_jr/mlops/project/project/lib/python3.10/site-packages/airflow/example_dags/plugins/listener_plugin.py for tasks to queue
[2024-03-12T14:20:11.519-0400] {logging_mixin.py:188} INFO - [2024-03-12T14:20:11.519-0400] {dagbag.py:540} INFO - Filling up the DagBag from /home/ironbong_jr/mlops/project/project/lib/python3.10/site-packages/airflow/example_dags/plugins/listener_plugin.py
[2024-03-12T14:20:11.521-0400] {processor.py:842} WARNING - No viable dags retrieved from /home/ironbong_jr/mlops/project/project/lib/python3.10/site-packages/airflow/example_dags/plugins/listener_plugin.py
[2024-03-12T14:20:11.528-0400] {processor.py:183} INFO - Processing /home/ironbong_jr/mlops/project/project/lib/python3.10/site-packages/airflow/example_dags/plugins/listener_plugin.py took 0.013 seconds
[2024-03-12T14:21:13.637-0400] {processor.py:161} INFO - Started process (PID=338815) to work on /home/ironbong_jr/mlops/project/project/lib/python3.10/site-packages/airflow/example_dags/plugins/listener_plugin.py
[2024-03-12T14:21:13.640-0400] {processor.py:830} INFO - Processing file /home/ironbong_jr/mlops/project/project/lib/python3.10/site-packages/airflow/example_dags/plugins/listener_plugin.py for tasks to queue
[2024-03-12T14:21:13.641-0400] {logging_mixin.py:188} INFO - [2024-03-12T14:21:13.641-0400] {dagbag.py:540} INFO - Filling up the DagBag from /home/ironbong_jr/mlops/project/project/lib/python3.10/site-packages/airflow/example_dags/plugins/listener_plugin.py
[2024-03-12T14:21:13.643-0400] {processor.py:842} WARNING - No viable dags retrieved from /home/ironbong_jr/mlops/project/project/lib/python3.10/site-packages/airflow/example_dags/plugins/listener_plugin.py
[2024-03-12T14:21:13.649-0400] {processor.py:183} INFO - Processing /home/ironbong_jr/mlops/project/project/lib/python3.10/site-packages/airflow/example_dags/plugins/listener_plugin.py took 0.015 seconds
[2024-03-12T14:22:26.346-0400] {processor.py:161} INFO - Started process (PID=339110) to work on /home/ironbong_jr/mlops/project/project/lib/python3.10/site-packages/airflow/example_dags/plugins/listener_plugin.py
[2024-03-12T14:22:26.349-0400] {processor.py:830} INFO - Processing file /home/ironbong_jr/mlops/project/project/lib/python3.10/site-packages/airflow/example_dags/plugins/listener_plugin.py for tasks to queue
[2024-03-12T14:22:26.351-0400] {logging_mixin.py:188} INFO - [2024-03-12T14:22:26.350-0400] {dagbag.py:540} INFO - Filling up the DagBag from /home/ironbong_jr/mlops/project/project/lib/python3.10/site-packages/airflow/example_dags/plugins/listener_plugin.py
[2024-03-12T14:22:26.354-0400] {processor.py:842} WARNING - No viable dags retrieved from /home/ironbong_jr/mlops/project/project/lib/python3.10/site-packages/airflow/example_dags/plugins/listener_plugin.py
[2024-03-12T14:22:26.362-0400] {processor.py:183} INFO - Processing /home/ironbong_jr/mlops/project/project/lib/python3.10/site-packages/airflow/example_dags/plugins/listener_plugin.py took 0.020 seconds
[2024-03-12T14:24:00.117-0400] {processor.py:161} INFO - Started process (PID=339489) to work on /home/ironbong_jr/mlops/project/project/lib/python3.10/site-packages/airflow/example_dags/plugins/listener_plugin.py
[2024-03-12T14:24:00.119-0400] {processor.py:830} INFO - Processing file /home/ironbong_jr/mlops/project/project/lib/python3.10/site-packages/airflow/example_dags/plugins/listener_plugin.py for tasks to queue
[2024-03-12T14:24:00.120-0400] {logging_mixin.py:188} INFO - [2024-03-12T14:24:00.120-0400] {dagbag.py:540} INFO - Filling up the DagBag from /home/ironbong_jr/mlops/project/project/lib/python3.10/site-packages/airflow/example_dags/plugins/listener_plugin.py
[2024-03-12T14:24:00.122-0400] {processor.py:842} WARNING - No viable dags retrieved from /home/ironbong_jr/mlops/project/project/lib/python3.10/site-packages/airflow/example_dags/plugins/listener_plugin.py
[2024-03-12T14:24:00.130-0400] {processor.py:183} INFO - Processing /home/ironbong_jr/mlops/project/project/lib/python3.10/site-packages/airflow/example_dags/plugins/listener_plugin.py took 0.015 seconds
[2024-03-12T14:25:10.054-0400] {processor.py:161} INFO - Started process (PID=339778) to work on /home/ironbong_jr/mlops/project/project/lib/python3.10/site-packages/airflow/example_dags/plugins/listener_plugin.py
[2024-03-12T14:25:10.057-0400] {processor.py:830} INFO - Processing file /home/ironbong_jr/mlops/project/project/lib/python3.10/site-packages/airflow/example_dags/plugins/listener_plugin.py for tasks to queue
[2024-03-12T14:25:10.057-0400] {logging_mixin.py:188} INFO - [2024-03-12T14:25:10.057-0400] {dagbag.py:540} INFO - Filling up the DagBag from /home/ironbong_jr/mlops/project/project/lib/python3.10/site-packages/airflow/example_dags/plugins/listener_plugin.py
[2024-03-12T14:25:10.059-0400] {processor.py:842} WARNING - No viable dags retrieved from /home/ironbong_jr/mlops/project/project/lib/python3.10/site-packages/airflow/example_dags/plugins/listener_plugin.py
[2024-03-12T14:25:10.072-0400] {processor.py:183} INFO - Processing /home/ironbong_jr/mlops/project/project/lib/python3.10/site-packages/airflow/example_dags/plugins/listener_plugin.py took 0.020 seconds
[2024-03-12T14:26:26.600-0400] {processor.py:161} INFO - Started process (PID=340066) to work on /home/ironbong_jr/mlops/project/project/lib/python3.10/site-packages/airflow/example_dags/plugins/listener_plugin.py
[2024-03-12T14:26:26.604-0400] {processor.py:830} INFO - Processing file /home/ironbong_jr/mlops/project/project/lib/python3.10/site-packages/airflow/example_dags/plugins/listener_plugin.py for tasks to queue
[2024-03-12T14:26:26.605-0400] {logging_mixin.py:188} INFO - [2024-03-12T14:26:26.605-0400] {dagbag.py:540} INFO - Filling up the DagBag from /home/ironbong_jr/mlops/project/project/lib/python3.10/site-packages/airflow/example_dags/plugins/listener_plugin.py
[2024-03-12T14:26:26.607-0400] {processor.py:842} WARNING - No viable dags retrieved from /home/ironbong_jr/mlops/project/project/lib/python3.10/site-packages/airflow/example_dags/plugins/listener_plugin.py
[2024-03-12T14:26:26.613-0400] {processor.py:183} INFO - Processing /home/ironbong_jr/mlops/project/project/lib/python3.10/site-packages/airflow/example_dags/plugins/listener_plugin.py took 0.015 seconds
[2024-03-12T14:27:36.515-0400] {processor.py:161} INFO - Started process (PID=340364) to work on /home/ironbong_jr/mlops/project/project/lib/python3.10/site-packages/airflow/example_dags/plugins/listener_plugin.py
[2024-03-12T14:27:36.519-0400] {processor.py:830} INFO - Processing file /home/ironbong_jr/mlops/project/project/lib/python3.10/site-packages/airflow/example_dags/plugins/listener_plugin.py for tasks to queue
[2024-03-12T14:27:36.519-0400] {logging_mixin.py:188} INFO - [2024-03-12T14:27:36.519-0400] {dagbag.py:540} INFO - Filling up the DagBag from /home/ironbong_jr/mlops/project/project/lib/python3.10/site-packages/airflow/example_dags/plugins/listener_plugin.py
[2024-03-12T14:27:36.522-0400] {processor.py:842} WARNING - No viable dags retrieved from /home/ironbong_jr/mlops/project/project/lib/python3.10/site-packages/airflow/example_dags/plugins/listener_plugin.py
[2024-03-12T14:27:36.532-0400] {processor.py:183} INFO - Processing /home/ironbong_jr/mlops/project/project/lib/python3.10/site-packages/airflow/example_dags/plugins/listener_plugin.py took 0.019 seconds
[2024-03-12T14:28:49.950-0400] {processor.py:161} INFO - Started process (PID=340642) to work on /home/ironbong_jr/mlops/project/project/lib/python3.10/site-packages/airflow/example_dags/plugins/listener_plugin.py
[2024-03-12T14:28:49.953-0400] {processor.py:830} INFO - Processing file /home/ironbong_jr/mlops/project/project/lib/python3.10/site-packages/airflow/example_dags/plugins/listener_plugin.py for tasks to queue
[2024-03-12T14:28:49.954-0400] {logging_mixin.py:188} INFO - [2024-03-12T14:28:49.954-0400] {dagbag.py:540} INFO - Filling up the DagBag from /home/ironbong_jr/mlops/project/project/lib/python3.10/site-packages/airflow/example_dags/plugins/listener_plugin.py
[2024-03-12T14:28:49.956-0400] {processor.py:842} WARNING - No viable dags retrieved from /home/ironbong_jr/mlops/project/project/lib/python3.10/site-packages/airflow/example_dags/plugins/listener_plugin.py
[2024-03-12T14:28:49.962-0400] {processor.py:183} INFO - Processing /home/ironbong_jr/mlops/project/project/lib/python3.10/site-packages/airflow/example_dags/plugins/listener_plugin.py took 0.014 seconds
[2024-03-12T14:29:47.561-0400] {processor.py:161} INFO - Started process (PID=340893) to work on /home/ironbong_jr/mlops/project/project/lib/python3.10/site-packages/airflow/example_dags/plugins/listener_plugin.py
[2024-03-12T14:29:47.565-0400] {processor.py:830} INFO - Processing file /home/ironbong_jr/mlops/project/project/lib/python3.10/site-packages/airflow/example_dags/plugins/listener_plugin.py for tasks to queue
[2024-03-12T14:29:47.566-0400] {logging_mixin.py:188} INFO - [2024-03-12T14:29:47.566-0400] {dagbag.py:540} INFO - Filling up the DagBag from /home/ironbong_jr/mlops/project/project/lib/python3.10/site-packages/airflow/example_dags/plugins/listener_plugin.py
[2024-03-12T14:29:47.568-0400] {processor.py:842} WARNING - No viable dags retrieved from /home/ironbong_jr/mlops/project/project/lib/python3.10/site-packages/airflow/example_dags/plugins/listener_plugin.py
[2024-03-12T14:29:47.574-0400] {processor.py:183} INFO - Processing /home/ironbong_jr/mlops/project/project/lib/python3.10/site-packages/airflow/example_dags/plugins/listener_plugin.py took 0.015 seconds
[2024-03-12T14:30:59.724-0400] {processor.py:161} INFO - Started process (PID=341192) to work on /home/ironbong_jr/mlops/project/project/lib/python3.10/site-packages/airflow/example_dags/plugins/listener_plugin.py
[2024-03-12T14:30:59.726-0400] {processor.py:830} INFO - Processing file /home/ironbong_jr/mlops/project/project/lib/python3.10/site-packages/airflow/example_dags/plugins/listener_plugin.py for tasks to queue
[2024-03-12T14:30:59.727-0400] {logging_mixin.py:188} INFO - [2024-03-12T14:30:59.726-0400] {dagbag.py:540} INFO - Filling up the DagBag from /home/ironbong_jr/mlops/project/project/lib/python3.10/site-packages/airflow/example_dags/plugins/listener_plugin.py
[2024-03-12T14:30:59.729-0400] {processor.py:842} WARNING - No viable dags retrieved from /home/ironbong_jr/mlops/project/project/lib/python3.10/site-packages/airflow/example_dags/plugins/listener_plugin.py
[2024-03-12T14:30:59.737-0400] {processor.py:183} INFO - Processing /home/ironbong_jr/mlops/project/project/lib/python3.10/site-packages/airflow/example_dags/plugins/listener_plugin.py took 0.016 seconds
[2024-03-12T14:32:11.016-0400] {processor.py:161} INFO - Started process (PID=341477) to work on /home/ironbong_jr/mlops/project/project/lib/python3.10/site-packages/airflow/example_dags/plugins/listener_plugin.py
[2024-03-12T14:32:11.020-0400] {processor.py:830} INFO - Processing file /home/ironbong_jr/mlops/project/project/lib/python3.10/site-packages/airflow/example_dags/plugins/listener_plugin.py for tasks to queue
[2024-03-12T14:32:11.021-0400] {logging_mixin.py:188} INFO - [2024-03-12T14:32:11.020-0400] {dagbag.py:540} INFO - Filling up the DagBag from /home/ironbong_jr/mlops/project/project/lib/python3.10/site-packages/airflow/example_dags/plugins/listener_plugin.py
[2024-03-12T14:32:11.024-0400] {processor.py:842} WARNING - No viable dags retrieved from /home/ironbong_jr/mlops/project/project/lib/python3.10/site-packages/airflow/example_dags/plugins/listener_plugin.py
[2024-03-12T14:32:11.033-0400] {processor.py:183} INFO - Processing /home/ironbong_jr/mlops/project/project/lib/python3.10/site-packages/airflow/example_dags/plugins/listener_plugin.py took 0.018 seconds
[2024-03-12T14:33:25.023-0400] {processor.py:161} INFO - Started process (PID=341788) to work on /home/ironbong_jr/mlops/project/project/lib/python3.10/site-packages/airflow/example_dags/plugins/listener_plugin.py
[2024-03-12T14:33:25.025-0400] {processor.py:830} INFO - Processing file /home/ironbong_jr/mlops/project/project/lib/python3.10/site-packages/airflow/example_dags/plugins/listener_plugin.py for tasks to queue
[2024-03-12T14:33:25.026-0400] {logging_mixin.py:188} INFO - [2024-03-12T14:33:25.026-0400] {dagbag.py:540} INFO - Filling up the DagBag from /home/ironbong_jr/mlops/project/project/lib/python3.10/site-packages/airflow/example_dags/plugins/listener_plugin.py
[2024-03-12T14:33:25.032-0400] {processor.py:842} WARNING - No viable dags retrieved from /home/ironbong_jr/mlops/project/project/lib/python3.10/site-packages/airflow/example_dags/plugins/listener_plugin.py
[2024-03-12T14:33:25.039-0400] {processor.py:183} INFO - Processing /home/ironbong_jr/mlops/project/project/lib/python3.10/site-packages/airflow/example_dags/plugins/listener_plugin.py took 0.018 seconds
[2024-03-12T14:34:53.590-0400] {processor.py:161} INFO - Started process (PID=342183) to work on /home/ironbong_jr/mlops/project/project/lib/python3.10/site-packages/airflow/example_dags/plugins/listener_plugin.py
[2024-03-12T14:34:53.594-0400] {processor.py:830} INFO - Processing file /home/ironbong_jr/mlops/project/project/lib/python3.10/site-packages/airflow/example_dags/plugins/listener_plugin.py for tasks to queue
[2024-03-12T14:34:53.595-0400] {logging_mixin.py:188} INFO - [2024-03-12T14:34:53.595-0400] {dagbag.py:540} INFO - Filling up the DagBag from /home/ironbong_jr/mlops/project/project/lib/python3.10/site-packages/airflow/example_dags/plugins/listener_plugin.py
[2024-03-12T14:34:53.597-0400] {processor.py:842} WARNING - No viable dags retrieved from /home/ironbong_jr/mlops/project/project/lib/python3.10/site-packages/airflow/example_dags/plugins/listener_plugin.py
[2024-03-12T14:34:53.603-0400] {processor.py:183} INFO - Processing /home/ironbong_jr/mlops/project/project/lib/python3.10/site-packages/airflow/example_dags/plugins/listener_plugin.py took 0.016 seconds
[2024-03-12T14:35:52.366-0400] {processor.py:161} INFO - Started process (PID=342428) to work on /home/ironbong_jr/mlops/project/project/lib/python3.10/site-packages/airflow/example_dags/plugins/listener_plugin.py
[2024-03-12T14:35:52.369-0400] {processor.py:830} INFO - Processing file /home/ironbong_jr/mlops/project/project/lib/python3.10/site-packages/airflow/example_dags/plugins/listener_plugin.py for tasks to queue
[2024-03-12T14:35:52.370-0400] {logging_mixin.py:188} INFO - [2024-03-12T14:35:52.369-0400] {dagbag.py:540} INFO - Filling up the DagBag from /home/ironbong_jr/mlops/project/project/lib/python3.10/site-packages/airflow/example_dags/plugins/listener_plugin.py
[2024-03-12T14:35:52.372-0400] {processor.py:842} WARNING - No viable dags retrieved from /home/ironbong_jr/mlops/project/project/lib/python3.10/site-packages/airflow/example_dags/plugins/listener_plugin.py
[2024-03-12T14:35:52.379-0400] {processor.py:183} INFO - Processing /home/ironbong_jr/mlops/project/project/lib/python3.10/site-packages/airflow/example_dags/plugins/listener_plugin.py took 0.015 seconds
[2024-03-12T14:36:57.064-0400] {processor.py:161} INFO - Started process (PID=342709) to work on /home/ironbong_jr/mlops/project/project/lib/python3.10/site-packages/airflow/example_dags/plugins/listener_plugin.py
[2024-03-12T14:36:57.068-0400] {processor.py:830} INFO - Processing file /home/ironbong_jr/mlops/project/project/lib/python3.10/site-packages/airflow/example_dags/plugins/listener_plugin.py for tasks to queue
[2024-03-12T14:36:57.068-0400] {logging_mixin.py:188} INFO - [2024-03-12T14:36:57.068-0400] {dagbag.py:540} INFO - Filling up the DagBag from /home/ironbong_jr/mlops/project/project/lib/python3.10/site-packages/airflow/example_dags/plugins/listener_plugin.py
[2024-03-12T14:36:57.071-0400] {processor.py:842} WARNING - No viable dags retrieved from /home/ironbong_jr/mlops/project/project/lib/python3.10/site-packages/airflow/example_dags/plugins/listener_plugin.py
[2024-03-12T14:36:57.081-0400] {processor.py:183} INFO - Processing /home/ironbong_jr/mlops/project/project/lib/python3.10/site-packages/airflow/example_dags/plugins/listener_plugin.py took 0.020 seconds
[2024-03-12T14:38:06.642-0400] {processor.py:161} INFO - Started process (PID=342990) to work on /home/ironbong_jr/mlops/project/project/lib/python3.10/site-packages/airflow/example_dags/plugins/listener_plugin.py
[2024-03-12T14:38:06.644-0400] {processor.py:830} INFO - Processing file /home/ironbong_jr/mlops/project/project/lib/python3.10/site-packages/airflow/example_dags/plugins/listener_plugin.py for tasks to queue
[2024-03-12T14:38:06.647-0400] {logging_mixin.py:188} INFO - [2024-03-12T14:38:06.646-0400] {dagbag.py:540} INFO - Filling up the DagBag from /home/ironbong_jr/mlops/project/project/lib/python3.10/site-packages/airflow/example_dags/plugins/listener_plugin.py
[2024-03-12T14:38:06.650-0400] {processor.py:842} WARNING - No viable dags retrieved from /home/ironbong_jr/mlops/project/project/lib/python3.10/site-packages/airflow/example_dags/plugins/listener_plugin.py
[2024-03-12T14:38:06.664-0400] {processor.py:183} INFO - Processing /home/ironbong_jr/mlops/project/project/lib/python3.10/site-packages/airflow/example_dags/plugins/listener_plugin.py took 0.026 seconds
[2024-03-12T14:39:18.705-0400] {processor.py:161} INFO - Started process (PID=343297) to work on /home/ironbong_jr/mlops/project/project/lib/python3.10/site-packages/airflow/example_dags/plugins/listener_plugin.py
[2024-03-12T14:39:18.708-0400] {processor.py:830} INFO - Processing file /home/ironbong_jr/mlops/project/project/lib/python3.10/site-packages/airflow/example_dags/plugins/listener_plugin.py for tasks to queue
[2024-03-12T14:39:18.709-0400] {logging_mixin.py:188} INFO - [2024-03-12T14:39:18.709-0400] {dagbag.py:540} INFO - Filling up the DagBag from /home/ironbong_jr/mlops/project/project/lib/python3.10/site-packages/airflow/example_dags/plugins/listener_plugin.py
[2024-03-12T14:39:18.711-0400] {processor.py:842} WARNING - No viable dags retrieved from /home/ironbong_jr/mlops/project/project/lib/python3.10/site-packages/airflow/example_dags/plugins/listener_plugin.py
[2024-03-12T14:39:18.717-0400] {processor.py:183} INFO - Processing /home/ironbong_jr/mlops/project/project/lib/python3.10/site-packages/airflow/example_dags/plugins/listener_plugin.py took 0.015 seconds
[2024-03-12T17:44:01.720-0400] {processor.py:161} INFO - Started process (PID=369701) to work on /home/ironbong_jr/mlops/project/project/lib/python3.10/site-packages/airflow/example_dags/plugins/listener_plugin.py
[2024-03-12T17:44:01.724-0400] {processor.py:830} INFO - Processing file /home/ironbong_jr/mlops/project/project/lib/python3.10/site-packages/airflow/example_dags/plugins/listener_plugin.py for tasks to queue
[2024-03-12T17:44:01.725-0400] {logging_mixin.py:188} INFO - [2024-03-12T17:44:01.725-0400] {dagbag.py:540} INFO - Filling up the DagBag from /home/ironbong_jr/mlops/project/project/lib/python3.10/site-packages/airflow/example_dags/plugins/listener_plugin.py
[2024-03-12T17:44:01.727-0400] {processor.py:842} WARNING - No viable dags retrieved from /home/ironbong_jr/mlops/project/project/lib/python3.10/site-packages/airflow/example_dags/plugins/listener_plugin.py
[2024-03-12T17:44:01.733-0400] {processor.py:183} INFO - Processing /home/ironbong_jr/mlops/project/project/lib/python3.10/site-packages/airflow/example_dags/plugins/listener_plugin.py took 0.016 seconds
[2024-03-12T17:44:59.895-0400] {processor.py:161} INFO - Started process (PID=369972) to work on /home/ironbong_jr/mlops/project/project/lib/python3.10/site-packages/airflow/example_dags/plugins/listener_plugin.py
[2024-03-12T17:44:59.899-0400] {processor.py:830} INFO - Processing file /home/ironbong_jr/mlops/project/project/lib/python3.10/site-packages/airflow/example_dags/plugins/listener_plugin.py for tasks to queue
[2024-03-12T17:44:59.900-0400] {logging_mixin.py:188} INFO - [2024-03-12T17:44:59.900-0400] {dagbag.py:540} INFO - Filling up the DagBag from /home/ironbong_jr/mlops/project/project/lib/python3.10/site-packages/airflow/example_dags/plugins/listener_plugin.py
[2024-03-12T17:44:59.902-0400] {processor.py:842} WARNING - No viable dags retrieved from /home/ironbong_jr/mlops/project/project/lib/python3.10/site-packages/airflow/example_dags/plugins/listener_plugin.py
[2024-03-12T17:44:59.910-0400] {processor.py:183} INFO - Processing /home/ironbong_jr/mlops/project/project/lib/python3.10/site-packages/airflow/example_dags/plugins/listener_plugin.py took 0.018 seconds
[2024-03-12T17:46:22.995-0400] {processor.py:161} INFO - Started process (PID=370385) to work on /home/ironbong_jr/mlops/project/project/lib/python3.10/site-packages/airflow/example_dags/plugins/listener_plugin.py
[2024-03-12T17:46:22.997-0400] {processor.py:830} INFO - Processing file /home/ironbong_jr/mlops/project/project/lib/python3.10/site-packages/airflow/example_dags/plugins/listener_plugin.py for tasks to queue
[2024-03-12T17:46:22.998-0400] {logging_mixin.py:188} INFO - [2024-03-12T17:46:22.998-0400] {dagbag.py:540} INFO - Filling up the DagBag from /home/ironbong_jr/mlops/project/project/lib/python3.10/site-packages/airflow/example_dags/plugins/listener_plugin.py
[2024-03-12T17:46:23.000-0400] {processor.py:842} WARNING - No viable dags retrieved from /home/ironbong_jr/mlops/project/project/lib/python3.10/site-packages/airflow/example_dags/plugins/listener_plugin.py
[2024-03-12T17:46:23.015-0400] {processor.py:183} INFO - Processing /home/ironbong_jr/mlops/project/project/lib/python3.10/site-packages/airflow/example_dags/plugins/listener_plugin.py took 0.022 seconds
[2024-03-12T17:47:48.138-0400] {processor.py:161} INFO - Started process (PID=370838) to work on /home/ironbong_jr/mlops/project/project/lib/python3.10/site-packages/airflow/example_dags/plugins/listener_plugin.py
[2024-03-12T17:47:48.142-0400] {processor.py:830} INFO - Processing file /home/ironbong_jr/mlops/project/project/lib/python3.10/site-packages/airflow/example_dags/plugins/listener_plugin.py for tasks to queue
[2024-03-12T17:47:48.143-0400] {logging_mixin.py:188} INFO - [2024-03-12T17:47:48.143-0400] {dagbag.py:540} INFO - Filling up the DagBag from /home/ironbong_jr/mlops/project/project/lib/python3.10/site-packages/airflow/example_dags/plugins/listener_plugin.py
[2024-03-12T17:47:48.146-0400] {processor.py:842} WARNING - No viable dags retrieved from /home/ironbong_jr/mlops/project/project/lib/python3.10/site-packages/airflow/example_dags/plugins/listener_plugin.py
[2024-03-12T17:47:48.158-0400] {processor.py:183} INFO - Processing /home/ironbong_jr/mlops/project/project/lib/python3.10/site-packages/airflow/example_dags/plugins/listener_plugin.py took 0.022 seconds
[2024-03-12T18:07:16.797-0400] {processor.py:161} INFO - Started process (PID=375585) to work on /home/ironbong_jr/mlops/project/project/lib/python3.10/site-packages/airflow/example_dags/plugins/listener_plugin.py
[2024-03-12T18:07:16.801-0400] {processor.py:830} INFO - Processing file /home/ironbong_jr/mlops/project/project/lib/python3.10/site-packages/airflow/example_dags/plugins/listener_plugin.py for tasks to queue
[2024-03-12T18:07:16.802-0400] {logging_mixin.py:188} INFO - [2024-03-12T18:07:16.801-0400] {dagbag.py:540} INFO - Filling up the DagBag from /home/ironbong_jr/mlops/project/project/lib/python3.10/site-packages/airflow/example_dags/plugins/listener_plugin.py
[2024-03-12T18:07:16.803-0400] {processor.py:842} WARNING - No viable dags retrieved from /home/ironbong_jr/mlops/project/project/lib/python3.10/site-packages/airflow/example_dags/plugins/listener_plugin.py
[2024-03-12T18:07:16.810-0400] {processor.py:183} INFO - Processing /home/ironbong_jr/mlops/project/project/lib/python3.10/site-packages/airflow/example_dags/plugins/listener_plugin.py took 0.015 seconds
[2024-03-12T18:08:34.004-0400] {processor.py:161} INFO - Started process (PID=375981) to work on /home/ironbong_jr/mlops/project/project/lib/python3.10/site-packages/airflow/example_dags/plugins/listener_plugin.py
[2024-03-12T18:08:34.005-0400] {processor.py:830} INFO - Processing file /home/ironbong_jr/mlops/project/project/lib/python3.10/site-packages/airflow/example_dags/plugins/listener_plugin.py for tasks to queue
[2024-03-12T18:08:34.006-0400] {logging_mixin.py:188} INFO - [2024-03-12T18:08:34.006-0400] {dagbag.py:540} INFO - Filling up the DagBag from /home/ironbong_jr/mlops/project/project/lib/python3.10/site-packages/airflow/example_dags/plugins/listener_plugin.py
[2024-03-12T18:08:34.008-0400] {processor.py:842} WARNING - No viable dags retrieved from /home/ironbong_jr/mlops/project/project/lib/python3.10/site-packages/airflow/example_dags/plugins/listener_plugin.py
[2024-03-12T18:08:34.015-0400] {processor.py:183} INFO - Processing /home/ironbong_jr/mlops/project/project/lib/python3.10/site-packages/airflow/example_dags/plugins/listener_plugin.py took 0.013 seconds
[2024-03-12T18:09:42.675-0400] {processor.py:161} INFO - Started process (PID=376303) to work on /home/ironbong_jr/mlops/project/project/lib/python3.10/site-packages/airflow/example_dags/plugins/listener_plugin.py
[2024-03-12T18:09:42.677-0400] {processor.py:830} INFO - Processing file /home/ironbong_jr/mlops/project/project/lib/python3.10/site-packages/airflow/example_dags/plugins/listener_plugin.py for tasks to queue
[2024-03-12T18:09:42.677-0400] {logging_mixin.py:188} INFO - [2024-03-12T18:09:42.677-0400] {dagbag.py:540} INFO - Filling up the DagBag from /home/ironbong_jr/mlops/project/project/lib/python3.10/site-packages/airflow/example_dags/plugins/listener_plugin.py
[2024-03-12T18:09:42.679-0400] {processor.py:842} WARNING - No viable dags retrieved from /home/ironbong_jr/mlops/project/project/lib/python3.10/site-packages/airflow/example_dags/plugins/listener_plugin.py
[2024-03-12T18:09:42.686-0400] {processor.py:183} INFO - Processing /home/ironbong_jr/mlops/project/project/lib/python3.10/site-packages/airflow/example_dags/plugins/listener_plugin.py took 0.013 seconds
[2024-03-12T18:11:53.101-0400] {processor.py:161} INFO - Started process (PID=376983) to work on /home/ironbong_jr/mlops/project/project/lib/python3.10/site-packages/airflow/example_dags/plugins/listener_plugin.py
[2024-03-12T18:11:53.103-0400] {processor.py:830} INFO - Processing file /home/ironbong_jr/mlops/project/project/lib/python3.10/site-packages/airflow/example_dags/plugins/listener_plugin.py for tasks to queue
[2024-03-12T18:11:53.104-0400] {logging_mixin.py:188} INFO - [2024-03-12T18:11:53.103-0400] {dagbag.py:540} INFO - Filling up the DagBag from /home/ironbong_jr/mlops/project/project/lib/python3.10/site-packages/airflow/example_dags/plugins/listener_plugin.py
[2024-03-12T18:11:53.106-0400] {processor.py:842} WARNING - No viable dags retrieved from /home/ironbong_jr/mlops/project/project/lib/python3.10/site-packages/airflow/example_dags/plugins/listener_plugin.py
[2024-03-12T18:11:53.113-0400] {processor.py:183} INFO - Processing /home/ironbong_jr/mlops/project/project/lib/python3.10/site-packages/airflow/example_dags/plugins/listener_plugin.py took 0.014 seconds
[2024-03-12T18:13:02.446-0400] {processor.py:161} INFO - Started process (PID=377310) to work on /home/ironbong_jr/mlops/project/project/lib/python3.10/site-packages/airflow/example_dags/plugins/listener_plugin.py
[2024-03-12T18:13:02.449-0400] {processor.py:830} INFO - Processing file /home/ironbong_jr/mlops/project/project/lib/python3.10/site-packages/airflow/example_dags/plugins/listener_plugin.py for tasks to queue
[2024-03-12T18:13:02.450-0400] {logging_mixin.py:188} INFO - [2024-03-12T18:13:02.449-0400] {dagbag.py:540} INFO - Filling up the DagBag from /home/ironbong_jr/mlops/project/project/lib/python3.10/site-packages/airflow/example_dags/plugins/listener_plugin.py
[2024-03-12T18:13:02.452-0400] {processor.py:842} WARNING - No viable dags retrieved from /home/ironbong_jr/mlops/project/project/lib/python3.10/site-packages/airflow/example_dags/plugins/listener_plugin.py
[2024-03-12T18:13:02.461-0400] {processor.py:183} INFO - Processing /home/ironbong_jr/mlops/project/project/lib/python3.10/site-packages/airflow/example_dags/plugins/listener_plugin.py took 0.018 seconds
[2024-03-12T18:15:22.894-0400] {processor.py:161} INFO - Started process (PID=378123) to work on /home/ironbong_jr/mlops/project/project/lib/python3.10/site-packages/airflow/example_dags/plugins/listener_plugin.py
[2024-03-12T18:15:22.897-0400] {processor.py:830} INFO - Processing file /home/ironbong_jr/mlops/project/project/lib/python3.10/site-packages/airflow/example_dags/plugins/listener_plugin.py for tasks to queue
[2024-03-12T18:15:22.897-0400] {logging_mixin.py:188} INFO - [2024-03-12T18:15:22.897-0400] {dagbag.py:540} INFO - Filling up the DagBag from /home/ironbong_jr/mlops/project/project/lib/python3.10/site-packages/airflow/example_dags/plugins/listener_plugin.py
[2024-03-12T18:15:22.901-0400] {processor.py:842} WARNING - No viable dags retrieved from /home/ironbong_jr/mlops/project/project/lib/python3.10/site-packages/airflow/example_dags/plugins/listener_plugin.py
[2024-03-12T18:15:22.909-0400] {processor.py:183} INFO - Processing /home/ironbong_jr/mlops/project/project/lib/python3.10/site-packages/airflow/example_dags/plugins/listener_plugin.py took 0.017 seconds
[2024-03-12T18:16:32.000-0400] {processor.py:161} INFO - Started process (PID=378458) to work on /home/ironbong_jr/mlops/project/project/lib/python3.10/site-packages/airflow/example_dags/plugins/listener_plugin.py
[2024-03-12T18:16:32.002-0400] {processor.py:830} INFO - Processing file /home/ironbong_jr/mlops/project/project/lib/python3.10/site-packages/airflow/example_dags/plugins/listener_plugin.py for tasks to queue
[2024-03-12T18:16:32.003-0400] {logging_mixin.py:188} INFO - [2024-03-12T18:16:32.003-0400] {dagbag.py:540} INFO - Filling up the DagBag from /home/ironbong_jr/mlops/project/project/lib/python3.10/site-packages/airflow/example_dags/plugins/listener_plugin.py
[2024-03-12T18:16:32.005-0400] {processor.py:842} WARNING - No viable dags retrieved from /home/ironbong_jr/mlops/project/project/lib/python3.10/site-packages/airflow/example_dags/plugins/listener_plugin.py
[2024-03-12T18:16:32.015-0400] {processor.py:183} INFO - Processing /home/ironbong_jr/mlops/project/project/lib/python3.10/site-packages/airflow/example_dags/plugins/listener_plugin.py took 0.017 seconds
[2024-03-12T18:17:51.184-0400] {processor.py:161} INFO - Started process (PID=378827) to work on /home/ironbong_jr/mlops/project/project/lib/python3.10/site-packages/airflow/example_dags/plugins/listener_plugin.py
[2024-03-12T18:17:51.186-0400] {processor.py:830} INFO - Processing file /home/ironbong_jr/mlops/project/project/lib/python3.10/site-packages/airflow/example_dags/plugins/listener_plugin.py for tasks to queue
[2024-03-12T18:17:51.187-0400] {logging_mixin.py:188} INFO - [2024-03-12T18:17:51.186-0400] {dagbag.py:540} INFO - Filling up the DagBag from /home/ironbong_jr/mlops/project/project/lib/python3.10/site-packages/airflow/example_dags/plugins/listener_plugin.py
[2024-03-12T18:17:51.189-0400] {processor.py:842} WARNING - No viable dags retrieved from /home/ironbong_jr/mlops/project/project/lib/python3.10/site-packages/airflow/example_dags/plugins/listener_plugin.py
[2024-03-12T18:17:51.198-0400] {processor.py:183} INFO - Processing /home/ironbong_jr/mlops/project/project/lib/python3.10/site-packages/airflow/example_dags/plugins/listener_plugin.py took 0.017 seconds
[2024-03-12T18:20:55.208-0400] {processor.py:161} INFO - Started process (PID=379616) to work on /home/ironbong_jr/mlops/project/project/lib/python3.10/site-packages/airflow/example_dags/plugins/listener_plugin.py
[2024-03-12T18:20:55.211-0400] {processor.py:830} INFO - Processing file /home/ironbong_jr/mlops/project/project/lib/python3.10/site-packages/airflow/example_dags/plugins/listener_plugin.py for tasks to queue
[2024-03-12T18:20:55.212-0400] {logging_mixin.py:188} INFO - [2024-03-12T18:20:55.211-0400] {dagbag.py:540} INFO - Filling up the DagBag from /home/ironbong_jr/mlops/project/project/lib/python3.10/site-packages/airflow/example_dags/plugins/listener_plugin.py
[2024-03-12T18:20:55.214-0400] {processor.py:842} WARNING - No viable dags retrieved from /home/ironbong_jr/mlops/project/project/lib/python3.10/site-packages/airflow/example_dags/plugins/listener_plugin.py
[2024-03-12T18:20:55.222-0400] {processor.py:183} INFO - Processing /home/ironbong_jr/mlops/project/project/lib/python3.10/site-packages/airflow/example_dags/plugins/listener_plugin.py took 0.016 seconds
[2024-03-12T18:22:10.597-0400] {processor.py:161} INFO - Started process (PID=379971) to work on /home/ironbong_jr/mlops/project/project/lib/python3.10/site-packages/airflow/example_dags/plugins/listener_plugin.py
[2024-03-12T18:22:10.598-0400] {processor.py:830} INFO - Processing file /home/ironbong_jr/mlops/project/project/lib/python3.10/site-packages/airflow/example_dags/plugins/listener_plugin.py for tasks to queue
[2024-03-12T18:22:10.599-0400] {logging_mixin.py:188} INFO - [2024-03-12T18:22:10.599-0400] {dagbag.py:540} INFO - Filling up the DagBag from /home/ironbong_jr/mlops/project/project/lib/python3.10/site-packages/airflow/example_dags/plugins/listener_plugin.py
[2024-03-12T18:22:10.601-0400] {processor.py:842} WARNING - No viable dags retrieved from /home/ironbong_jr/mlops/project/project/lib/python3.10/site-packages/airflow/example_dags/plugins/listener_plugin.py
[2024-03-12T18:22:10.608-0400] {processor.py:183} INFO - Processing /home/ironbong_jr/mlops/project/project/lib/python3.10/site-packages/airflow/example_dags/plugins/listener_plugin.py took 0.014 seconds
[2024-03-12T18:23:21.767-0400] {processor.py:161} INFO - Started process (PID=380280) to work on /home/ironbong_jr/mlops/project/project/lib/python3.10/site-packages/airflow/example_dags/plugins/listener_plugin.py
[2024-03-12T18:23:21.770-0400] {processor.py:830} INFO - Processing file /home/ironbong_jr/mlops/project/project/lib/python3.10/site-packages/airflow/example_dags/plugins/listener_plugin.py for tasks to queue
[2024-03-12T18:23:21.771-0400] {logging_mixin.py:188} INFO - [2024-03-12T18:23:21.771-0400] {dagbag.py:540} INFO - Filling up the DagBag from /home/ironbong_jr/mlops/project/project/lib/python3.10/site-packages/airflow/example_dags/plugins/listener_plugin.py
[2024-03-12T18:23:21.773-0400] {processor.py:842} WARNING - No viable dags retrieved from /home/ironbong_jr/mlops/project/project/lib/python3.10/site-packages/airflow/example_dags/plugins/listener_plugin.py
[2024-03-12T18:23:21.780-0400] {processor.py:183} INFO - Processing /home/ironbong_jr/mlops/project/project/lib/python3.10/site-packages/airflow/example_dags/plugins/listener_plugin.py took 0.015 seconds
[2024-03-12T18:24:28.626-0400] {processor.py:161} INFO - Started process (PID=380600) to work on /home/ironbong_jr/mlops/project/project/lib/python3.10/site-packages/airflow/example_dags/plugins/listener_plugin.py
[2024-03-12T18:24:28.627-0400] {processor.py:830} INFO - Processing file /home/ironbong_jr/mlops/project/project/lib/python3.10/site-packages/airflow/example_dags/plugins/listener_plugin.py for tasks to queue
[2024-03-12T18:24:28.628-0400] {logging_mixin.py:188} INFO - [2024-03-12T18:24:28.628-0400] {dagbag.py:540} INFO - Filling up the DagBag from /home/ironbong_jr/mlops/project/project/lib/python3.10/site-packages/airflow/example_dags/plugins/listener_plugin.py
[2024-03-12T18:24:28.630-0400] {processor.py:842} WARNING - No viable dags retrieved from /home/ironbong_jr/mlops/project/project/lib/python3.10/site-packages/airflow/example_dags/plugins/listener_plugin.py
[2024-03-12T18:24:28.640-0400] {processor.py:183} INFO - Processing /home/ironbong_jr/mlops/project/project/lib/python3.10/site-packages/airflow/example_dags/plugins/listener_plugin.py took 0.018 seconds
[2024-03-12T19:41:05.042-0400] {processor.py:161} INFO - Started process (PID=392873) to work on /home/ironbong_jr/mlops/project/project/lib/python3.10/site-packages/airflow/example_dags/plugins/listener_plugin.py
[2024-03-12T19:41:05.094-0400] {processor.py:830} INFO - Processing file /home/ironbong_jr/mlops/project/project/lib/python3.10/site-packages/airflow/example_dags/plugins/listener_plugin.py for tasks to queue
[2024-03-12T19:41:05.096-0400] {logging_mixin.py:188} INFO - [2024-03-12T19:41:05.095-0400] {dagbag.py:540} INFO - Filling up the DagBag from /home/ironbong_jr/mlops/project/project/lib/python3.10/site-packages/airflow/example_dags/plugins/listener_plugin.py
[2024-03-12T19:41:05.101-0400] {processor.py:842} WARNING - No viable dags retrieved from /home/ironbong_jr/mlops/project/project/lib/python3.10/site-packages/airflow/example_dags/plugins/listener_plugin.py
[2024-03-12T19:41:05.121-0400] {processor.py:183} INFO - Processing /home/ironbong_jr/mlops/project/project/lib/python3.10/site-packages/airflow/example_dags/plugins/listener_plugin.py took 0.084 seconds
[2024-03-12T19:42:35.661-0400] {processor.py:161} INFO - Started process (PID=393273) to work on /home/ironbong_jr/mlops/project/project/lib/python3.10/site-packages/airflow/example_dags/plugins/listener_plugin.py
[2024-03-12T19:42:35.710-0400] {processor.py:830} INFO - Processing file /home/ironbong_jr/mlops/project/project/lib/python3.10/site-packages/airflow/example_dags/plugins/listener_plugin.py for tasks to queue
[2024-03-12T19:42:35.713-0400] {logging_mixin.py:188} INFO - [2024-03-12T19:42:35.712-0400] {dagbag.py:540} INFO - Filling up the DagBag from /home/ironbong_jr/mlops/project/project/lib/python3.10/site-packages/airflow/example_dags/plugins/listener_plugin.py
[2024-03-12T19:42:35.720-0400] {processor.py:842} WARNING - No viable dags retrieved from /home/ironbong_jr/mlops/project/project/lib/python3.10/site-packages/airflow/example_dags/plugins/listener_plugin.py
[2024-03-12T19:42:35.759-0400] {processor.py:183} INFO - Processing /home/ironbong_jr/mlops/project/project/lib/python3.10/site-packages/airflow/example_dags/plugins/listener_plugin.py took 0.103 seconds
[2024-03-12T19:43:57.047-0400] {processor.py:161} INFO - Started process (PID=393612) to work on /home/ironbong_jr/mlops/project/project/lib/python3.10/site-packages/airflow/example_dags/plugins/listener_plugin.py
[2024-03-12T19:43:57.098-0400] {processor.py:830} INFO - Processing file /home/ironbong_jr/mlops/project/project/lib/python3.10/site-packages/airflow/example_dags/plugins/listener_plugin.py for tasks to queue
[2024-03-12T19:43:57.103-0400] {logging_mixin.py:188} INFO - [2024-03-12T19:43:57.102-0400] {dagbag.py:540} INFO - Filling up the DagBag from /home/ironbong_jr/mlops/project/project/lib/python3.10/site-packages/airflow/example_dags/plugins/listener_plugin.py
[2024-03-12T19:43:57.109-0400] {processor.py:842} WARNING - No viable dags retrieved from /home/ironbong_jr/mlops/project/project/lib/python3.10/site-packages/airflow/example_dags/plugins/listener_plugin.py
[2024-03-12T19:43:57.147-0400] {processor.py:183} INFO - Processing /home/ironbong_jr/mlops/project/project/lib/python3.10/site-packages/airflow/example_dags/plugins/listener_plugin.py took 0.106 seconds
[2024-03-12T19:45:14.908-0400] {processor.py:161} INFO - Started process (PID=393951) to work on /home/ironbong_jr/mlops/project/project/lib/python3.10/site-packages/airflow/example_dags/plugins/listener_plugin.py
[2024-03-12T19:45:14.958-0400] {processor.py:830} INFO - Processing file /home/ironbong_jr/mlops/project/project/lib/python3.10/site-packages/airflow/example_dags/plugins/listener_plugin.py for tasks to queue
[2024-03-12T19:45:14.963-0400] {logging_mixin.py:188} INFO - [2024-03-12T19:45:14.962-0400] {dagbag.py:540} INFO - Filling up the DagBag from /home/ironbong_jr/mlops/project/project/lib/python3.10/site-packages/airflow/example_dags/plugins/listener_plugin.py
[2024-03-12T19:45:14.971-0400] {processor.py:842} WARNING - No viable dags retrieved from /home/ironbong_jr/mlops/project/project/lib/python3.10/site-packages/airflow/example_dags/plugins/listener_plugin.py
[2024-03-12T19:45:14.994-0400] {processor.py:183} INFO - Processing /home/ironbong_jr/mlops/project/project/lib/python3.10/site-packages/airflow/example_dags/plugins/listener_plugin.py took 0.091 seconds
[2024-03-12T19:48:53.662-0400] {processor.py:161} INFO - Started process (PID=394724) to work on /home/ironbong_jr/mlops/project/project/lib/python3.10/site-packages/airflow/example_dags/plugins/listener_plugin.py
[2024-03-12T19:48:53.712-0400] {processor.py:830} INFO - Processing file /home/ironbong_jr/mlops/project/project/lib/python3.10/site-packages/airflow/example_dags/plugins/listener_plugin.py for tasks to queue
[2024-03-12T19:48:53.715-0400] {logging_mixin.py:188} INFO - [2024-03-12T19:48:53.714-0400] {dagbag.py:540} INFO - Filling up the DagBag from /home/ironbong_jr/mlops/project/project/lib/python3.10/site-packages/airflow/example_dags/plugins/listener_plugin.py
[2024-03-12T19:48:53.725-0400] {processor.py:842} WARNING - No viable dags retrieved from /home/ironbong_jr/mlops/project/project/lib/python3.10/site-packages/airflow/example_dags/plugins/listener_plugin.py
[2024-03-12T19:48:53.748-0400] {processor.py:183} INFO - Processing /home/ironbong_jr/mlops/project/project/lib/python3.10/site-packages/airflow/example_dags/plugins/listener_plugin.py took 0.091 seconds
[2024-03-12T19:52:13.179-0400] {processor.py:161} INFO - Started process (PID=395516) to work on /home/ironbong_jr/mlops/project/project/lib/python3.10/site-packages/airflow/example_dags/plugins/listener_plugin.py
[2024-03-12T19:52:13.183-0400] {processor.py:830} INFO - Processing file /home/ironbong_jr/mlops/project/project/lib/python3.10/site-packages/airflow/example_dags/plugins/listener_plugin.py for tasks to queue
[2024-03-12T19:52:13.186-0400] {logging_mixin.py:188} INFO - [2024-03-12T19:52:13.185-0400] {dagbag.py:540} INFO - Filling up the DagBag from /home/ironbong_jr/mlops/project/project/lib/python3.10/site-packages/airflow/example_dags/plugins/listener_plugin.py
[2024-03-12T19:52:13.191-0400] {processor.py:842} WARNING - No viable dags retrieved from /home/ironbong_jr/mlops/project/project/lib/python3.10/site-packages/airflow/example_dags/plugins/listener_plugin.py
[2024-03-12T19:52:13.209-0400] {processor.py:183} INFO - Processing /home/ironbong_jr/mlops/project/project/lib/python3.10/site-packages/airflow/example_dags/plugins/listener_plugin.py took 0.036 seconds
[2024-03-12T19:53:38.813-0400] {processor.py:161} INFO - Started process (PID=395894) to work on /home/ironbong_jr/mlops/project/project/lib/python3.10/site-packages/airflow/example_dags/plugins/listener_plugin.py
[2024-03-12T19:53:38.817-0400] {processor.py:830} INFO - Processing file /home/ironbong_jr/mlops/project/project/lib/python3.10/site-packages/airflow/example_dags/plugins/listener_plugin.py for tasks to queue
[2024-03-12T19:53:38.820-0400] {logging_mixin.py:188} INFO - [2024-03-12T19:53:38.819-0400] {dagbag.py:540} INFO - Filling up the DagBag from /home/ironbong_jr/mlops/project/project/lib/python3.10/site-packages/airflow/example_dags/plugins/listener_plugin.py
[2024-03-12T19:53:38.830-0400] {processor.py:842} WARNING - No viable dags retrieved from /home/ironbong_jr/mlops/project/project/lib/python3.10/site-packages/airflow/example_dags/plugins/listener_plugin.py
[2024-03-12T19:53:38.855-0400] {processor.py:183} INFO - Processing /home/ironbong_jr/mlops/project/project/lib/python3.10/site-packages/airflow/example_dags/plugins/listener_plugin.py took 0.050 seconds
[2024-03-12T19:55:00.056-0400] {processor.py:161} INFO - Started process (PID=396234) to work on /home/ironbong_jr/mlops/project/project/lib/python3.10/site-packages/airflow/example_dags/plugins/listener_plugin.py
[2024-03-12T19:55:00.102-0400] {processor.py:830} INFO - Processing file /home/ironbong_jr/mlops/project/project/lib/python3.10/site-packages/airflow/example_dags/plugins/listener_plugin.py for tasks to queue
[2024-03-12T19:55:00.104-0400] {logging_mixin.py:188} INFO - [2024-03-12T19:55:00.103-0400] {dagbag.py:540} INFO - Filling up the DagBag from /home/ironbong_jr/mlops/project/project/lib/python3.10/site-packages/airflow/example_dags/plugins/listener_plugin.py
[2024-03-12T19:55:00.110-0400] {processor.py:842} WARNING - No viable dags retrieved from /home/ironbong_jr/mlops/project/project/lib/python3.10/site-packages/airflow/example_dags/plugins/listener_plugin.py
[2024-03-12T19:55:00.127-0400] {processor.py:183} INFO - Processing /home/ironbong_jr/mlops/project/project/lib/python3.10/site-packages/airflow/example_dags/plugins/listener_plugin.py took 0.079 seconds
[2024-03-12T19:56:11.611-0400] {processor.py:161} INFO - Started process (PID=396519) to work on /home/ironbong_jr/mlops/project/project/lib/python3.10/site-packages/airflow/example_dags/plugins/listener_plugin.py
[2024-03-12T19:56:11.615-0400] {processor.py:830} INFO - Processing file /home/ironbong_jr/mlops/project/project/lib/python3.10/site-packages/airflow/example_dags/plugins/listener_plugin.py for tasks to queue
[2024-03-12T19:56:11.617-0400] {logging_mixin.py:188} INFO - [2024-03-12T19:56:11.616-0400] {dagbag.py:540} INFO - Filling up the DagBag from /home/ironbong_jr/mlops/project/project/lib/python3.10/site-packages/airflow/example_dags/plugins/listener_plugin.py
[2024-03-12T19:56:11.623-0400] {processor.py:842} WARNING - No viable dags retrieved from /home/ironbong_jr/mlops/project/project/lib/python3.10/site-packages/airflow/example_dags/plugins/listener_plugin.py
[2024-03-12T19:56:11.644-0400] {processor.py:183} INFO - Processing /home/ironbong_jr/mlops/project/project/lib/python3.10/site-packages/airflow/example_dags/plugins/listener_plugin.py took 0.040 seconds
[2024-03-12T19:57:33.343-0400] {processor.py:161} INFO - Started process (PID=396858) to work on /home/ironbong_jr/mlops/project/project/lib/python3.10/site-packages/airflow/example_dags/plugins/listener_plugin.py
[2024-03-12T19:57:33.394-0400] {processor.py:830} INFO - Processing file /home/ironbong_jr/mlops/project/project/lib/python3.10/site-packages/airflow/example_dags/plugins/listener_plugin.py for tasks to queue
[2024-03-12T19:57:33.399-0400] {logging_mixin.py:188} INFO - [2024-03-12T19:57:33.396-0400] {dagbag.py:540} INFO - Filling up the DagBag from /home/ironbong_jr/mlops/project/project/lib/python3.10/site-packages/airflow/example_dags/plugins/listener_plugin.py
[2024-03-12T19:57:33.405-0400] {processor.py:842} WARNING - No viable dags retrieved from /home/ironbong_jr/mlops/project/project/lib/python3.10/site-packages/airflow/example_dags/plugins/listener_plugin.py
[2024-03-12T19:57:33.423-0400] {processor.py:183} INFO - Processing /home/ironbong_jr/mlops/project/project/lib/python3.10/site-packages/airflow/example_dags/plugins/listener_plugin.py took 0.085 seconds
[2024-03-12T19:58:45.902-0400] {processor.py:161} INFO - Started process (PID=397146) to work on /home/ironbong_jr/mlops/project/project/lib/python3.10/site-packages/airflow/example_dags/plugins/listener_plugin.py
[2024-03-12T19:58:45.905-0400] {processor.py:830} INFO - Processing file /home/ironbong_jr/mlops/project/project/lib/python3.10/site-packages/airflow/example_dags/plugins/listener_plugin.py for tasks to queue
[2024-03-12T19:58:45.908-0400] {logging_mixin.py:188} INFO - [2024-03-12T19:58:45.907-0400] {dagbag.py:540} INFO - Filling up the DagBag from /home/ironbong_jr/mlops/project/project/lib/python3.10/site-packages/airflow/example_dags/plugins/listener_plugin.py
[2024-03-12T19:58:45.913-0400] {processor.py:842} WARNING - No viable dags retrieved from /home/ironbong_jr/mlops/project/project/lib/python3.10/site-packages/airflow/example_dags/plugins/listener_plugin.py
[2024-03-12T19:58:45.933-0400] {processor.py:183} INFO - Processing /home/ironbong_jr/mlops/project/project/lib/python3.10/site-packages/airflow/example_dags/plugins/listener_plugin.py took 0.037 seconds
