[2024-03-12T00:40:25.798-0400] {processor.py:161} INFO - Started process (PID=299751) to work on /home/ironbong_jr/mlops/project/project/lib/python3.10/site-packages/airflow/example_dags/plugins/workday.py
[2024-03-12T00:40:25.800-0400] {processor.py:830} INFO - Processing file /home/ironbong_jr/mlops/project/project/lib/python3.10/site-packages/airflow/example_dags/plugins/workday.py for tasks to queue
[2024-03-12T00:40:25.801-0400] {logging_mixin.py:188} INFO - [2024-03-12T00:40:25.801-0400] {dagbag.py:540} INFO - Filling up the DagBag from /home/ironbong_jr/mlops/project/project/lib/python3.10/site-packages/airflow/example_dags/plugins/workday.py
[2024-03-12T00:40:25.808-0400] {logging_mixin.py:188} INFO - [2024-03-12T00:40:25.808-0400] {workday.py:40} WARNING - Could not import pandas. Holidays will not be considered.
[2024-03-12T00:40:25.809-0400] {processor.py:842} WARNING - No viable dags retrieved from /home/ironbong_jr/mlops/project/project/lib/python3.10/site-packages/airflow/example_dags/plugins/workday.py
[2024-03-12T00:40:25.828-0400] {processor.py:183} INFO - Processing /home/ironbong_jr/mlops/project/project/lib/python3.10/site-packages/airflow/example_dags/plugins/workday.py took 0.036 seconds
[2024-03-12T00:51:30.204-0400] {processor.py:161} INFO - Started process (PID=302447) to work on /home/ironbong_jr/mlops/project/project/lib/python3.10/site-packages/airflow/example_dags/plugins/workday.py
[2024-03-12T00:51:30.250-0400] {processor.py:830} INFO - Processing file /home/ironbong_jr/mlops/project/project/lib/python3.10/site-packages/airflow/example_dags/plugins/workday.py for tasks to queue
[2024-03-12T00:51:30.253-0400] {logging_mixin.py:188} INFO - [2024-03-12T00:51:30.252-0400] {dagbag.py:540} INFO - Filling up the DagBag from /home/ironbong_jr/mlops/project/project/lib/python3.10/site-packages/airflow/example_dags/plugins/workday.py
[2024-03-12T00:51:30.260-0400] {logging_mixin.py:188} INFO - [2024-03-12T00:51:30.260-0400] {workday.py:40} WARNING - Could not import pandas. Holidays will not be considered.
[2024-03-12T00:51:30.262-0400] {processor.py:842} WARNING - No viable dags retrieved from /home/ironbong_jr/mlops/project/project/lib/python3.10/site-packages/airflow/example_dags/plugins/workday.py
[2024-03-12T00:51:30.281-0400] {processor.py:183} INFO - Processing /home/ironbong_jr/mlops/project/project/lib/python3.10/site-packages/airflow/example_dags/plugins/workday.py took 0.092 seconds
[2024-03-12T00:52:46.171-0400] {processor.py:161} INFO - Started process (PID=302805) to work on /home/ironbong_jr/mlops/project/project/lib/python3.10/site-packages/airflow/example_dags/plugins/workday.py
[2024-03-12T00:52:46.174-0400] {processor.py:830} INFO - Processing file /home/ironbong_jr/mlops/project/project/lib/python3.10/site-packages/airflow/example_dags/plugins/workday.py for tasks to queue
[2024-03-12T00:52:46.175-0400] {logging_mixin.py:188} INFO - [2024-03-12T00:52:46.174-0400] {dagbag.py:540} INFO - Filling up the DagBag from /home/ironbong_jr/mlops/project/project/lib/python3.10/site-packages/airflow/example_dags/plugins/workday.py
[2024-03-12T00:52:46.180-0400] {logging_mixin.py:188} INFO - [2024-03-12T00:52:46.179-0400] {workday.py:40} WARNING - Could not import pandas. Holidays will not be considered.
[2024-03-12T00:52:46.180-0400] {processor.py:842} WARNING - No viable dags retrieved from /home/ironbong_jr/mlops/project/project/lib/python3.10/site-packages/airflow/example_dags/plugins/workday.py
[2024-03-12T00:52:46.196-0400] {processor.py:183} INFO - Processing /home/ironbong_jr/mlops/project/project/lib/python3.10/site-packages/airflow/example_dags/plugins/workday.py took 0.034 seconds
[2024-03-12T00:53:52.987-0400] {processor.py:161} INFO - Started process (PID=303161) to work on /home/ironbong_jr/mlops/project/project/lib/python3.10/site-packages/airflow/example_dags/plugins/workday.py
[2024-03-12T00:53:52.990-0400] {processor.py:830} INFO - Processing file /home/ironbong_jr/mlops/project/project/lib/python3.10/site-packages/airflow/example_dags/plugins/workday.py for tasks to queue
[2024-03-12T00:53:52.992-0400] {logging_mixin.py:188} INFO - [2024-03-12T00:53:52.991-0400] {dagbag.py:540} INFO - Filling up the DagBag from /home/ironbong_jr/mlops/project/project/lib/python3.10/site-packages/airflow/example_dags/plugins/workday.py
[2024-03-12T00:53:52.998-0400] {logging_mixin.py:188} INFO - [2024-03-12T00:53:52.997-0400] {workday.py:40} WARNING - Could not import pandas. Holidays will not be considered.
[2024-03-12T00:53:52.998-0400] {processor.py:842} WARNING - No viable dags retrieved from /home/ironbong_jr/mlops/project/project/lib/python3.10/site-packages/airflow/example_dags/plugins/workday.py
[2024-03-12T00:53:53.014-0400] {processor.py:183} INFO - Processing /home/ironbong_jr/mlops/project/project/lib/python3.10/site-packages/airflow/example_dags/plugins/workday.py took 0.032 seconds
[2024-03-12T01:01:05.181-0400] {processor.py:161} INFO - Started process (PID=304961) to work on /home/ironbong_jr/mlops/project/project/lib/python3.10/site-packages/airflow/example_dags/plugins/workday.py
[2024-03-12T01:01:05.184-0400] {processor.py:830} INFO - Processing file /home/ironbong_jr/mlops/project/project/lib/python3.10/site-packages/airflow/example_dags/plugins/workday.py for tasks to queue
[2024-03-12T01:01:05.186-0400] {logging_mixin.py:188} INFO - [2024-03-12T01:01:05.185-0400] {dagbag.py:540} INFO - Filling up the DagBag from /home/ironbong_jr/mlops/project/project/lib/python3.10/site-packages/airflow/example_dags/plugins/workday.py
[2024-03-12T01:01:05.192-0400] {logging_mixin.py:188} INFO - [2024-03-12T01:01:05.191-0400] {workday.py:40} WARNING - Could not import pandas. Holidays will not be considered.
[2024-03-12T01:01:05.193-0400] {processor.py:842} WARNING - No viable dags retrieved from /home/ironbong_jr/mlops/project/project/lib/python3.10/site-packages/airflow/example_dags/plugins/workday.py
[2024-03-12T01:01:05.210-0400] {processor.py:183} INFO - Processing /home/ironbong_jr/mlops/project/project/lib/python3.10/site-packages/airflow/example_dags/plugins/workday.py took 0.034 seconds
[2024-03-12T01:20:40.651-0400] {processor.py:161} INFO - Started process (PID=312398) to work on /home/ironbong_jr/mlops/project/project/lib/python3.10/site-packages/airflow/example_dags/plugins/workday.py
[2024-03-12T01:20:40.654-0400] {processor.py:830} INFO - Processing file /home/ironbong_jr/mlops/project/project/lib/python3.10/site-packages/airflow/example_dags/plugins/workday.py for tasks to queue
[2024-03-12T01:20:40.656-0400] {logging_mixin.py:188} INFO - [2024-03-12T01:20:40.655-0400] {dagbag.py:540} INFO - Filling up the DagBag from /home/ironbong_jr/mlops/project/project/lib/python3.10/site-packages/airflow/example_dags/plugins/workday.py
[2024-03-12T01:20:41.415-0400] {processor.py:842} WARNING - No viable dags retrieved from /home/ironbong_jr/mlops/project/project/lib/python3.10/site-packages/airflow/example_dags/plugins/workday.py
[2024-03-12T01:20:41.431-0400] {processor.py:183} INFO - Processing /home/ironbong_jr/mlops/project/project/lib/python3.10/site-packages/airflow/example_dags/plugins/workday.py took 0.788 seconds
[2024-03-12T01:22:27.359-0400] {processor.py:161} INFO - Started process (PID=313193) to work on /home/ironbong_jr/mlops/project/project/lib/python3.10/site-packages/airflow/example_dags/plugins/workday.py
[2024-03-12T01:22:27.410-0400] {processor.py:830} INFO - Processing file /home/ironbong_jr/mlops/project/project/lib/python3.10/site-packages/airflow/example_dags/plugins/workday.py for tasks to queue
[2024-03-12T01:22:27.413-0400] {logging_mixin.py:188} INFO - [2024-03-12T01:22:27.412-0400] {dagbag.py:540} INFO - Filling up the DagBag from /home/ironbong_jr/mlops/project/project/lib/python3.10/site-packages/airflow/example_dags/plugins/workday.py
[2024-03-12T01:22:28.241-0400] {processor.py:842} WARNING - No viable dags retrieved from /home/ironbong_jr/mlops/project/project/lib/python3.10/site-packages/airflow/example_dags/plugins/workday.py
[2024-03-12T01:22:28.254-0400] {processor.py:183} INFO - Processing /home/ironbong_jr/mlops/project/project/lib/python3.10/site-packages/airflow/example_dags/plugins/workday.py took 0.907 seconds
[2024-03-12T01:23:59.072-0400] {processor.py:161} INFO - Started process (PID=313875) to work on /home/ironbong_jr/mlops/project/project/lib/python3.10/site-packages/airflow/example_dags/plugins/workday.py
[2024-03-12T01:23:59.105-0400] {processor.py:830} INFO - Processing file /home/ironbong_jr/mlops/project/project/lib/python3.10/site-packages/airflow/example_dags/plugins/workday.py for tasks to queue
[2024-03-12T01:23:59.108-0400] {logging_mixin.py:188} INFO - [2024-03-12T01:23:59.107-0400] {dagbag.py:540} INFO - Filling up the DagBag from /home/ironbong_jr/mlops/project/project/lib/python3.10/site-packages/airflow/example_dags/plugins/workday.py
[2024-03-12T01:23:59.685-0400] {processor.py:842} WARNING - No viable dags retrieved from /home/ironbong_jr/mlops/project/project/lib/python3.10/site-packages/airflow/example_dags/plugins/workday.py
[2024-03-12T01:23:59.705-0400] {processor.py:183} INFO - Processing /home/ironbong_jr/mlops/project/project/lib/python3.10/site-packages/airflow/example_dags/plugins/workday.py took 0.638 seconds
[2024-03-12T01:25:49.320-0400] {processor.py:161} INFO - Started process (PID=314712) to work on /home/ironbong_jr/mlops/project/project/lib/python3.10/site-packages/airflow/example_dags/plugins/workday.py
[2024-03-12T01:25:49.324-0400] {processor.py:830} INFO - Processing file /home/ironbong_jr/mlops/project/project/lib/python3.10/site-packages/airflow/example_dags/plugins/workday.py for tasks to queue
[2024-03-12T01:25:49.326-0400] {logging_mixin.py:188} INFO - [2024-03-12T01:25:49.326-0400] {dagbag.py:540} INFO - Filling up the DagBag from /home/ironbong_jr/mlops/project/project/lib/python3.10/site-packages/airflow/example_dags/plugins/workday.py
[2024-03-12T01:25:49.924-0400] {processor.py:842} WARNING - No viable dags retrieved from /home/ironbong_jr/mlops/project/project/lib/python3.10/site-packages/airflow/example_dags/plugins/workday.py
[2024-03-12T01:25:49.945-0400] {processor.py:183} INFO - Processing /home/ironbong_jr/mlops/project/project/lib/python3.10/site-packages/airflow/example_dags/plugins/workday.py took 0.631 seconds
[2024-03-12T01:27:30.220-0400] {processor.py:161} INFO - Started process (PID=315458) to work on /home/ironbong_jr/mlops/project/project/lib/python3.10/site-packages/airflow/example_dags/plugins/workday.py
[2024-03-12T01:27:30.253-0400] {processor.py:830} INFO - Processing file /home/ironbong_jr/mlops/project/project/lib/python3.10/site-packages/airflow/example_dags/plugins/workday.py for tasks to queue
[2024-03-12T01:27:30.255-0400] {logging_mixin.py:188} INFO - [2024-03-12T01:27:30.254-0400] {dagbag.py:540} INFO - Filling up the DagBag from /home/ironbong_jr/mlops/project/project/lib/python3.10/site-packages/airflow/example_dags/plugins/workday.py
[2024-03-12T01:27:30.812-0400] {processor.py:842} WARNING - No viable dags retrieved from /home/ironbong_jr/mlops/project/project/lib/python3.10/site-packages/airflow/example_dags/plugins/workday.py
[2024-03-12T01:27:30.826-0400] {processor.py:183} INFO - Processing /home/ironbong_jr/mlops/project/project/lib/python3.10/site-packages/airflow/example_dags/plugins/workday.py took 0.621 seconds
[2024-03-12T01:28:49.213-0400] {processor.py:161} INFO - Started process (PID=316044) to work on /home/ironbong_jr/mlops/project/project/lib/python3.10/site-packages/airflow/example_dags/plugins/workday.py
[2024-03-12T01:28:49.248-0400] {processor.py:830} INFO - Processing file /home/ironbong_jr/mlops/project/project/lib/python3.10/site-packages/airflow/example_dags/plugins/workday.py for tasks to queue
[2024-03-12T01:28:49.250-0400] {logging_mixin.py:188} INFO - [2024-03-12T01:28:49.249-0400] {dagbag.py:540} INFO - Filling up the DagBag from /home/ironbong_jr/mlops/project/project/lib/python3.10/site-packages/airflow/example_dags/plugins/workday.py
[2024-03-12T01:28:49.842-0400] {processor.py:842} WARNING - No viable dags retrieved from /home/ironbong_jr/mlops/project/project/lib/python3.10/site-packages/airflow/example_dags/plugins/workday.py
[2024-03-12T01:28:49.859-0400] {processor.py:183} INFO - Processing /home/ironbong_jr/mlops/project/project/lib/python3.10/site-packages/airflow/example_dags/plugins/workday.py took 0.651 seconds
[2024-03-12T01:29:58.678-0400] {processor.py:161} INFO - Started process (PID=316546) to work on /home/ironbong_jr/mlops/project/project/lib/python3.10/site-packages/airflow/example_dags/plugins/workday.py
[2024-03-12T01:29:58.711-0400] {processor.py:830} INFO - Processing file /home/ironbong_jr/mlops/project/project/lib/python3.10/site-packages/airflow/example_dags/plugins/workday.py for tasks to queue
[2024-03-12T01:29:58.713-0400] {logging_mixin.py:188} INFO - [2024-03-12T01:29:58.712-0400] {dagbag.py:540} INFO - Filling up the DagBag from /home/ironbong_jr/mlops/project/project/lib/python3.10/site-packages/airflow/example_dags/plugins/workday.py
[2024-03-12T01:29:59.293-0400] {processor.py:842} WARNING - No viable dags retrieved from /home/ironbong_jr/mlops/project/project/lib/python3.10/site-packages/airflow/example_dags/plugins/workday.py
[2024-03-12T01:29:59.305-0400] {processor.py:183} INFO - Processing /home/ironbong_jr/mlops/project/project/lib/python3.10/site-packages/airflow/example_dags/plugins/workday.py took 0.634 seconds
[2024-03-12T01:39:20.004-0400] {processor.py:161} INFO - Started process (PID=320293) to work on /home/ironbong_jr/mlops/project/project/lib/python3.10/site-packages/airflow/example_dags/plugins/workday.py
[2024-03-12T01:39:20.038-0400] {processor.py:830} INFO - Processing file /home/ironbong_jr/mlops/project/project/lib/python3.10/site-packages/airflow/example_dags/plugins/workday.py for tasks to queue
[2024-03-12T01:39:20.041-0400] {logging_mixin.py:188} INFO - [2024-03-12T01:39:20.040-0400] {dagbag.py:540} INFO - Filling up the DagBag from /home/ironbong_jr/mlops/project/project/lib/python3.10/site-packages/airflow/example_dags/plugins/workday.py
[2024-03-12T01:39:20.960-0400] {processor.py:842} WARNING - No viable dags retrieved from /home/ironbong_jr/mlops/project/project/lib/python3.10/site-packages/airflow/example_dags/plugins/workday.py
[2024-03-12T01:39:20.975-0400] {processor.py:183} INFO - Processing /home/ironbong_jr/mlops/project/project/lib/python3.10/site-packages/airflow/example_dags/plugins/workday.py took 0.979 seconds
[2024-03-12T01:40:41.466-0400] {processor.py:161} INFO - Started process (PID=320891) to work on /home/ironbong_jr/mlops/project/project/lib/python3.10/site-packages/airflow/example_dags/plugins/workday.py
[2024-03-12T01:40:41.500-0400] {processor.py:830} INFO - Processing file /home/ironbong_jr/mlops/project/project/lib/python3.10/site-packages/airflow/example_dags/plugins/workday.py for tasks to queue
[2024-03-12T01:40:41.503-0400] {logging_mixin.py:188} INFO - [2024-03-12T01:40:41.502-0400] {dagbag.py:540} INFO - Filling up the DagBag from /home/ironbong_jr/mlops/project/project/lib/python3.10/site-packages/airflow/example_dags/plugins/workday.py
[2024-03-12T01:40:42.302-0400] {processor.py:842} WARNING - No viable dags retrieved from /home/ironbong_jr/mlops/project/project/lib/python3.10/site-packages/airflow/example_dags/plugins/workday.py
[2024-03-12T01:40:42.316-0400] {processor.py:183} INFO - Processing /home/ironbong_jr/mlops/project/project/lib/python3.10/site-packages/airflow/example_dags/plugins/workday.py took 0.856 seconds
[2024-03-12T01:42:04.471-0400] {processor.py:161} INFO - Started process (PID=321500) to work on /home/ironbong_jr/mlops/project/project/lib/python3.10/site-packages/airflow/example_dags/plugins/workday.py
[2024-03-12T01:42:04.474-0400] {processor.py:830} INFO - Processing file /home/ironbong_jr/mlops/project/project/lib/python3.10/site-packages/airflow/example_dags/plugins/workday.py for tasks to queue
[2024-03-12T01:42:04.476-0400] {logging_mixin.py:188} INFO - [2024-03-12T01:42:04.475-0400] {dagbag.py:540} INFO - Filling up the DagBag from /home/ironbong_jr/mlops/project/project/lib/python3.10/site-packages/airflow/example_dags/plugins/workday.py
[2024-03-12T01:42:05.192-0400] {processor.py:842} WARNING - No viable dags retrieved from /home/ironbong_jr/mlops/project/project/lib/python3.10/site-packages/airflow/example_dags/plugins/workday.py
[2024-03-12T01:42:05.212-0400] {processor.py:183} INFO - Processing /home/ironbong_jr/mlops/project/project/lib/python3.10/site-packages/airflow/example_dags/plugins/workday.py took 0.746 seconds
[2024-03-12T01:48:05.753-0400] {processor.py:161} INFO - Started process (PID=323920) to work on /home/ironbong_jr/mlops/project/project/lib/python3.10/site-packages/airflow/example_dags/plugins/workday.py
[2024-03-12T01:48:05.785-0400] {processor.py:830} INFO - Processing file /home/ironbong_jr/mlops/project/project/lib/python3.10/site-packages/airflow/example_dags/plugins/workday.py for tasks to queue
[2024-03-12T01:48:05.788-0400] {logging_mixin.py:188} INFO - [2024-03-12T01:48:05.787-0400] {dagbag.py:540} INFO - Filling up the DagBag from /home/ironbong_jr/mlops/project/project/lib/python3.10/site-packages/airflow/example_dags/plugins/workday.py
[2024-03-12T01:48:06.708-0400] {processor.py:842} WARNING - No viable dags retrieved from /home/ironbong_jr/mlops/project/project/lib/python3.10/site-packages/airflow/example_dags/plugins/workday.py
[2024-03-12T01:48:06.719-0400] {processor.py:183} INFO - Processing /home/ironbong_jr/mlops/project/project/lib/python3.10/site-packages/airflow/example_dags/plugins/workday.py took 0.971 seconds
[2024-03-12T01:49:39.493-0400] {processor.py:161} INFO - Started process (PID=324538) to work on /home/ironbong_jr/mlops/project/project/lib/python3.10/site-packages/airflow/example_dags/plugins/workday.py
[2024-03-12T01:49:39.527-0400] {processor.py:830} INFO - Processing file /home/ironbong_jr/mlops/project/project/lib/python3.10/site-packages/airflow/example_dags/plugins/workday.py for tasks to queue
[2024-03-12T01:49:39.530-0400] {logging_mixin.py:188} INFO - [2024-03-12T01:49:39.529-0400] {dagbag.py:540} INFO - Filling up the DagBag from /home/ironbong_jr/mlops/project/project/lib/python3.10/site-packages/airflow/example_dags/plugins/workday.py
[2024-03-12T01:49:40.354-0400] {processor.py:842} WARNING - No viable dags retrieved from /home/ironbong_jr/mlops/project/project/lib/python3.10/site-packages/airflow/example_dags/plugins/workday.py
[2024-03-12T01:49:40.365-0400] {processor.py:183} INFO - Processing /home/ironbong_jr/mlops/project/project/lib/python3.10/site-packages/airflow/example_dags/plugins/workday.py took 0.879 seconds
[2024-03-12T01:51:07.797-0400] {processor.py:161} INFO - Started process (PID=324845) to work on /home/ironbong_jr/mlops/project/project/lib/python3.10/site-packages/airflow/example_dags/plugins/workday.py
[2024-03-12T01:51:07.832-0400] {processor.py:830} INFO - Processing file /home/ironbong_jr/mlops/project/project/lib/python3.10/site-packages/airflow/example_dags/plugins/workday.py for tasks to queue
[2024-03-12T01:51:07.834-0400] {logging_mixin.py:188} INFO - [2024-03-12T01:51:07.833-0400] {dagbag.py:540} INFO - Filling up the DagBag from /home/ironbong_jr/mlops/project/project/lib/python3.10/site-packages/airflow/example_dags/plugins/workday.py
[2024-03-12T01:51:08.500-0400] {processor.py:842} WARNING - No viable dags retrieved from /home/ironbong_jr/mlops/project/project/lib/python3.10/site-packages/airflow/example_dags/plugins/workday.py
[2024-03-12T01:51:08.519-0400] {processor.py:183} INFO - Processing /home/ironbong_jr/mlops/project/project/lib/python3.10/site-packages/airflow/example_dags/plugins/workday.py took 0.727 seconds
[2024-03-12T01:52:26.688-0400] {processor.py:161} INFO - Started process (PID=325115) to work on /home/ironbong_jr/mlops/project/project/lib/python3.10/site-packages/airflow/example_dags/plugins/workday.py
[2024-03-12T01:52:26.692-0400] {processor.py:830} INFO - Processing file /home/ironbong_jr/mlops/project/project/lib/python3.10/site-packages/airflow/example_dags/plugins/workday.py for tasks to queue
[2024-03-12T01:52:26.695-0400] {logging_mixin.py:188} INFO - [2024-03-12T01:52:26.694-0400] {dagbag.py:540} INFO - Filling up the DagBag from /home/ironbong_jr/mlops/project/project/lib/python3.10/site-packages/airflow/example_dags/plugins/workday.py
[2024-03-12T01:52:27.359-0400] {processor.py:842} WARNING - No viable dags retrieved from /home/ironbong_jr/mlops/project/project/lib/python3.10/site-packages/airflow/example_dags/plugins/workday.py
[2024-03-12T01:52:27.377-0400] {processor.py:183} INFO - Processing /home/ironbong_jr/mlops/project/project/lib/python3.10/site-packages/airflow/example_dags/plugins/workday.py took 0.699 seconds
[2024-03-12T01:53:42.137-0400] {processor.py:161} INFO - Started process (PID=325381) to work on /home/ironbong_jr/mlops/project/project/lib/python3.10/site-packages/airflow/example_dags/plugins/workday.py
[2024-03-12T01:53:42.142-0400] {processor.py:830} INFO - Processing file /home/ironbong_jr/mlops/project/project/lib/python3.10/site-packages/airflow/example_dags/plugins/workday.py for tasks to queue
[2024-03-12T01:53:42.144-0400] {logging_mixin.py:188} INFO - [2024-03-12T01:53:42.143-0400] {dagbag.py:540} INFO - Filling up the DagBag from /home/ironbong_jr/mlops/project/project/lib/python3.10/site-packages/airflow/example_dags/plugins/workday.py
[2024-03-12T01:53:42.783-0400] {processor.py:842} WARNING - No viable dags retrieved from /home/ironbong_jr/mlops/project/project/lib/python3.10/site-packages/airflow/example_dags/plugins/workday.py
[2024-03-12T01:53:42.799-0400] {processor.py:183} INFO - Processing /home/ironbong_jr/mlops/project/project/lib/python3.10/site-packages/airflow/example_dags/plugins/workday.py took 0.670 seconds
[2024-03-12T01:58:32.766-0400] {processor.py:161} INFO - Started process (PID=326184) to work on /home/ironbong_jr/mlops/project/project/lib/python3.10/site-packages/airflow/example_dags/plugins/workday.py
[2024-03-12T01:58:32.800-0400] {processor.py:830} INFO - Processing file /home/ironbong_jr/mlops/project/project/lib/python3.10/site-packages/airflow/example_dags/plugins/workday.py for tasks to queue
[2024-03-12T01:58:32.803-0400] {logging_mixin.py:188} INFO - [2024-03-12T01:58:32.802-0400] {dagbag.py:540} INFO - Filling up the DagBag from /home/ironbong_jr/mlops/project/project/lib/python3.10/site-packages/airflow/example_dags/plugins/workday.py
[2024-03-12T01:58:33.656-0400] {processor.py:842} WARNING - No viable dags retrieved from /home/ironbong_jr/mlops/project/project/lib/python3.10/site-packages/airflow/example_dags/plugins/workday.py
[2024-03-12T01:58:33.668-0400] {processor.py:183} INFO - Processing /home/ironbong_jr/mlops/project/project/lib/python3.10/site-packages/airflow/example_dags/plugins/workday.py took 0.915 seconds
[2024-03-12T02:00:02.132-0400] {processor.py:161} INFO - Started process (PID=326483) to work on /home/ironbong_jr/mlops/project/project/lib/python3.10/site-packages/airflow/example_dags/plugins/workday.py
[2024-03-12T02:00:02.164-0400] {processor.py:830} INFO - Processing file /home/ironbong_jr/mlops/project/project/lib/python3.10/site-packages/airflow/example_dags/plugins/workday.py for tasks to queue
[2024-03-12T02:00:02.166-0400] {logging_mixin.py:188} INFO - [2024-03-12T02:00:02.165-0400] {dagbag.py:540} INFO - Filling up the DagBag from /home/ironbong_jr/mlops/project/project/lib/python3.10/site-packages/airflow/example_dags/plugins/workday.py
[2024-03-12T02:00:02.843-0400] {processor.py:842} WARNING - No viable dags retrieved from /home/ironbong_jr/mlops/project/project/lib/python3.10/site-packages/airflow/example_dags/plugins/workday.py
[2024-03-12T02:00:02.859-0400] {processor.py:183} INFO - Processing /home/ironbong_jr/mlops/project/project/lib/python3.10/site-packages/airflow/example_dags/plugins/workday.py took 0.732 seconds
[2024-03-12T02:03:09.574-0400] {processor.py:161} INFO - Started process (PID=327098) to work on /home/ironbong_jr/mlops/project/project/lib/python3.10/site-packages/airflow/example_dags/plugins/workday.py
[2024-03-12T02:03:09.579-0400] {processor.py:830} INFO - Processing file /home/ironbong_jr/mlops/project/project/lib/python3.10/site-packages/airflow/example_dags/plugins/workday.py for tasks to queue
[2024-03-12T02:03:09.581-0400] {logging_mixin.py:188} INFO - [2024-03-12T02:03:09.580-0400] {dagbag.py:540} INFO - Filling up the DagBag from /home/ironbong_jr/mlops/project/project/lib/python3.10/site-packages/airflow/example_dags/plugins/workday.py
[2024-03-12T02:03:10.558-0400] {processor.py:842} WARNING - No viable dags retrieved from /home/ironbong_jr/mlops/project/project/lib/python3.10/site-packages/airflow/example_dags/plugins/workday.py
[2024-03-12T02:03:10.569-0400] {processor.py:183} INFO - Processing /home/ironbong_jr/mlops/project/project/lib/python3.10/site-packages/airflow/example_dags/plugins/workday.py took 1.003 seconds
[2024-03-12T02:05:31.367-0400] {processor.py:161} INFO - Started process (PID=327563) to work on /home/ironbong_jr/mlops/project/project/lib/python3.10/site-packages/airflow/example_dags/plugins/workday.py
[2024-03-12T02:05:31.370-0400] {processor.py:830} INFO - Processing file /home/ironbong_jr/mlops/project/project/lib/python3.10/site-packages/airflow/example_dags/plugins/workday.py for tasks to queue
[2024-03-12T02:05:31.373-0400] {logging_mixin.py:188} INFO - [2024-03-12T02:05:31.371-0400] {dagbag.py:540} INFO - Filling up the DagBag from /home/ironbong_jr/mlops/project/project/lib/python3.10/site-packages/airflow/example_dags/plugins/workday.py
[2024-03-12T02:05:31.956-0400] {processor.py:842} WARNING - No viable dags retrieved from /home/ironbong_jr/mlops/project/project/lib/python3.10/site-packages/airflow/example_dags/plugins/workday.py
[2024-03-12T02:05:31.977-0400] {processor.py:183} INFO - Processing /home/ironbong_jr/mlops/project/project/lib/python3.10/site-packages/airflow/example_dags/plugins/workday.py took 0.615 seconds
[2024-03-12T02:06:59.837-0400] {processor.py:161} INFO - Started process (PID=327869) to work on /home/ironbong_jr/mlops/project/project/lib/python3.10/site-packages/airflow/example_dags/plugins/workday.py
[2024-03-12T02:06:59.842-0400] {processor.py:830} INFO - Processing file /home/ironbong_jr/mlops/project/project/lib/python3.10/site-packages/airflow/example_dags/plugins/workday.py for tasks to queue
[2024-03-12T02:06:59.844-0400] {logging_mixin.py:188} INFO - [2024-03-12T02:06:59.844-0400] {dagbag.py:540} INFO - Filling up the DagBag from /home/ironbong_jr/mlops/project/project/lib/python3.10/site-packages/airflow/example_dags/plugins/workday.py
[2024-03-12T02:07:00.530-0400] {processor.py:842} WARNING - No viable dags retrieved from /home/ironbong_jr/mlops/project/project/lib/python3.10/site-packages/airflow/example_dags/plugins/workday.py
[2024-03-12T02:07:00.547-0400] {processor.py:183} INFO - Processing /home/ironbong_jr/mlops/project/project/lib/python3.10/site-packages/airflow/example_dags/plugins/workday.py took 0.716 seconds
[2024-03-12T02:08:17.002-0400] {processor.py:161} INFO - Started process (PID=328143) to work on /home/ironbong_jr/mlops/project/project/lib/python3.10/site-packages/airflow/example_dags/plugins/workday.py
[2024-03-12T02:08:17.037-0400] {processor.py:830} INFO - Processing file /home/ironbong_jr/mlops/project/project/lib/python3.10/site-packages/airflow/example_dags/plugins/workday.py for tasks to queue
[2024-03-12T02:08:17.041-0400] {logging_mixin.py:188} INFO - [2024-03-12T02:08:17.040-0400] {dagbag.py:540} INFO - Filling up the DagBag from /home/ironbong_jr/mlops/project/project/lib/python3.10/site-packages/airflow/example_dags/plugins/workday.py
[2024-03-12T02:08:17.612-0400] {processor.py:842} WARNING - No viable dags retrieved from /home/ironbong_jr/mlops/project/project/lib/python3.10/site-packages/airflow/example_dags/plugins/workday.py
[2024-03-12T02:08:17.628-0400] {processor.py:183} INFO - Processing /home/ironbong_jr/mlops/project/project/lib/python3.10/site-packages/airflow/example_dags/plugins/workday.py took 0.631 seconds
[2024-03-12T02:09:42.782-0400] {processor.py:161} INFO - Started process (PID=328430) to work on /home/ironbong_jr/mlops/project/project/lib/python3.10/site-packages/airflow/example_dags/plugins/workday.py
[2024-03-12T02:09:42.815-0400] {processor.py:830} INFO - Processing file /home/ironbong_jr/mlops/project/project/lib/python3.10/site-packages/airflow/example_dags/plugins/workday.py for tasks to queue
[2024-03-12T02:09:42.818-0400] {logging_mixin.py:188} INFO - [2024-03-12T02:09:42.817-0400] {dagbag.py:540} INFO - Filling up the DagBag from /home/ironbong_jr/mlops/project/project/lib/python3.10/site-packages/airflow/example_dags/plugins/workday.py
[2024-03-12T02:09:43.462-0400] {processor.py:842} WARNING - No viable dags retrieved from /home/ironbong_jr/mlops/project/project/lib/python3.10/site-packages/airflow/example_dags/plugins/workday.py
[2024-03-12T02:09:43.481-0400] {processor.py:183} INFO - Processing /home/ironbong_jr/mlops/project/project/lib/python3.10/site-packages/airflow/example_dags/plugins/workday.py took 0.709 seconds
[2024-03-12T02:11:10.347-0400] {processor.py:161} INFO - Started process (PID=328736) to work on /home/ironbong_jr/mlops/project/project/lib/python3.10/site-packages/airflow/example_dags/plugins/workday.py
[2024-03-12T02:11:10.383-0400] {processor.py:830} INFO - Processing file /home/ironbong_jr/mlops/project/project/lib/python3.10/site-packages/airflow/example_dags/plugins/workday.py for tasks to queue
[2024-03-12T02:11:10.386-0400] {logging_mixin.py:188} INFO - [2024-03-12T02:11:10.385-0400] {dagbag.py:540} INFO - Filling up the DagBag from /home/ironbong_jr/mlops/project/project/lib/python3.10/site-packages/airflow/example_dags/plugins/workday.py
[2024-03-12T02:11:10.966-0400] {processor.py:842} WARNING - No viable dags retrieved from /home/ironbong_jr/mlops/project/project/lib/python3.10/site-packages/airflow/example_dags/plugins/workday.py
[2024-03-12T02:11:10.984-0400] {processor.py:183} INFO - Processing /home/ironbong_jr/mlops/project/project/lib/python3.10/site-packages/airflow/example_dags/plugins/workday.py took 0.642 seconds
[2024-03-12T02:12:19.481-0400] {processor.py:161} INFO - Started process (PID=328962) to work on /home/ironbong_jr/mlops/project/project/lib/python3.10/site-packages/airflow/example_dags/plugins/workday.py
[2024-03-12T02:12:19.515-0400] {processor.py:830} INFO - Processing file /home/ironbong_jr/mlops/project/project/lib/python3.10/site-packages/airflow/example_dags/plugins/workday.py for tasks to queue
[2024-03-12T02:12:19.518-0400] {logging_mixin.py:188} INFO - [2024-03-12T02:12:19.517-0400] {dagbag.py:540} INFO - Filling up the DagBag from /home/ironbong_jr/mlops/project/project/lib/python3.10/site-packages/airflow/example_dags/plugins/workday.py
[2024-03-12T02:12:20.187-0400] {processor.py:842} WARNING - No viable dags retrieved from /home/ironbong_jr/mlops/project/project/lib/python3.10/site-packages/airflow/example_dags/plugins/workday.py
[2024-03-12T02:12:20.206-0400] {processor.py:183} INFO - Processing /home/ironbong_jr/mlops/project/project/lib/python3.10/site-packages/airflow/example_dags/plugins/workday.py took 0.733 seconds
[2024-03-12T02:13:30.159-0400] {processor.py:161} INFO - Started process (PID=329188) to work on /home/ironbong_jr/mlops/project/project/lib/python3.10/site-packages/airflow/example_dags/plugins/workday.py
[2024-03-12T02:13:30.193-0400] {processor.py:830} INFO - Processing file /home/ironbong_jr/mlops/project/project/lib/python3.10/site-packages/airflow/example_dags/plugins/workday.py for tasks to queue
[2024-03-12T02:13:30.196-0400] {logging_mixin.py:188} INFO - [2024-03-12T02:13:30.195-0400] {dagbag.py:540} INFO - Filling up the DagBag from /home/ironbong_jr/mlops/project/project/lib/python3.10/site-packages/airflow/example_dags/plugins/workday.py
[2024-03-12T02:13:30.837-0400] {processor.py:842} WARNING - No viable dags retrieved from /home/ironbong_jr/mlops/project/project/lib/python3.10/site-packages/airflow/example_dags/plugins/workday.py
[2024-03-12T02:13:30.850-0400] {processor.py:183} INFO - Processing /home/ironbong_jr/mlops/project/project/lib/python3.10/site-packages/airflow/example_dags/plugins/workday.py took 0.698 seconds
[2024-03-12T02:15:05.118-0400] {processor.py:161} INFO - Started process (PID=329515) to work on /home/ironbong_jr/mlops/project/project/lib/python3.10/site-packages/airflow/example_dags/plugins/workday.py
[2024-03-12T02:15:05.122-0400] {processor.py:830} INFO - Processing file /home/ironbong_jr/mlops/project/project/lib/python3.10/site-packages/airflow/example_dags/plugins/workday.py for tasks to queue
[2024-03-12T02:15:05.126-0400] {logging_mixin.py:188} INFO - [2024-03-12T02:15:05.125-0400] {dagbag.py:540} INFO - Filling up the DagBag from /home/ironbong_jr/mlops/project/project/lib/python3.10/site-packages/airflow/example_dags/plugins/workday.py
[2024-03-12T02:15:05.771-0400] {processor.py:842} WARNING - No viable dags retrieved from /home/ironbong_jr/mlops/project/project/lib/python3.10/site-packages/airflow/example_dags/plugins/workday.py
[2024-03-12T02:15:05.793-0400] {processor.py:183} INFO - Processing /home/ironbong_jr/mlops/project/project/lib/python3.10/site-packages/airflow/example_dags/plugins/workday.py took 0.690 seconds
[2024-03-12T02:16:21.098-0400] {processor.py:161} INFO - Started process (PID=329782) to work on /home/ironbong_jr/mlops/project/project/lib/python3.10/site-packages/airflow/example_dags/plugins/workday.py
[2024-03-12T02:16:21.134-0400] {processor.py:830} INFO - Processing file /home/ironbong_jr/mlops/project/project/lib/python3.10/site-packages/airflow/example_dags/plugins/workday.py for tasks to queue
[2024-03-12T02:16:21.136-0400] {logging_mixin.py:188} INFO - [2024-03-12T02:16:21.135-0400] {dagbag.py:540} INFO - Filling up the DagBag from /home/ironbong_jr/mlops/project/project/lib/python3.10/site-packages/airflow/example_dags/plugins/workday.py
[2024-03-12T02:16:21.711-0400] {processor.py:842} WARNING - No viable dags retrieved from /home/ironbong_jr/mlops/project/project/lib/python3.10/site-packages/airflow/example_dags/plugins/workday.py
[2024-03-12T02:16:21.729-0400] {processor.py:183} INFO - Processing /home/ironbong_jr/mlops/project/project/lib/python3.10/site-packages/airflow/example_dags/plugins/workday.py took 0.648 seconds
[2024-03-12T02:17:29.215-0400] {processor.py:161} INFO - Started process (PID=330012) to work on /home/ironbong_jr/mlops/project/project/lib/python3.10/site-packages/airflow/example_dags/plugins/workday.py
[2024-03-12T02:17:29.249-0400] {processor.py:830} INFO - Processing file /home/ironbong_jr/mlops/project/project/lib/python3.10/site-packages/airflow/example_dags/plugins/workday.py for tasks to queue
[2024-03-12T02:17:29.252-0400] {logging_mixin.py:188} INFO - [2024-03-12T02:17:29.250-0400] {dagbag.py:540} INFO - Filling up the DagBag from /home/ironbong_jr/mlops/project/project/lib/python3.10/site-packages/airflow/example_dags/plugins/workday.py
[2024-03-12T02:17:29.938-0400] {processor.py:842} WARNING - No viable dags retrieved from /home/ironbong_jr/mlops/project/project/lib/python3.10/site-packages/airflow/example_dags/plugins/workday.py
[2024-03-12T02:17:29.953-0400] {processor.py:183} INFO - Processing /home/ironbong_jr/mlops/project/project/lib/python3.10/site-packages/airflow/example_dags/plugins/workday.py took 0.745 seconds
[2024-03-12T02:18:38.751-0400] {processor.py:161} INFO - Started process (PID=330231) to work on /home/ironbong_jr/mlops/project/project/lib/python3.10/site-packages/airflow/example_dags/plugins/workday.py
[2024-03-12T02:18:38.784-0400] {processor.py:830} INFO - Processing file /home/ironbong_jr/mlops/project/project/lib/python3.10/site-packages/airflow/example_dags/plugins/workday.py for tasks to queue
[2024-03-12T02:18:38.788-0400] {logging_mixin.py:188} INFO - [2024-03-12T02:18:38.786-0400] {dagbag.py:540} INFO - Filling up the DagBag from /home/ironbong_jr/mlops/project/project/lib/python3.10/site-packages/airflow/example_dags/plugins/workday.py
[2024-03-12T02:18:39.611-0400] {processor.py:842} WARNING - No viable dags retrieved from /home/ironbong_jr/mlops/project/project/lib/python3.10/site-packages/airflow/example_dags/plugins/workday.py
[2024-03-12T02:18:39.642-0400] {processor.py:183} INFO - Processing /home/ironbong_jr/mlops/project/project/lib/python3.10/site-packages/airflow/example_dags/plugins/workday.py took 0.897 seconds
[2024-03-12T02:19:55.049-0400] {processor.py:161} INFO - Started process (PID=330501) to work on /home/ironbong_jr/mlops/project/project/lib/python3.10/site-packages/airflow/example_dags/plugins/workday.py
[2024-03-12T02:19:55.082-0400] {processor.py:830} INFO - Processing file /home/ironbong_jr/mlops/project/project/lib/python3.10/site-packages/airflow/example_dags/plugins/workday.py for tasks to queue
[2024-03-12T02:19:55.085-0400] {logging_mixin.py:188} INFO - [2024-03-12T02:19:55.084-0400] {dagbag.py:540} INFO - Filling up the DagBag from /home/ironbong_jr/mlops/project/project/lib/python3.10/site-packages/airflow/example_dags/plugins/workday.py
[2024-03-12T02:19:55.703-0400] {processor.py:842} WARNING - No viable dags retrieved from /home/ironbong_jr/mlops/project/project/lib/python3.10/site-packages/airflow/example_dags/plugins/workday.py
[2024-03-12T02:19:55.720-0400] {processor.py:183} INFO - Processing /home/ironbong_jr/mlops/project/project/lib/python3.10/site-packages/airflow/example_dags/plugins/workday.py took 0.677 seconds
[2024-03-12T02:21:08.483-0400] {processor.py:161} INFO - Started process (PID=330735) to work on /home/ironbong_jr/mlops/project/project/lib/python3.10/site-packages/airflow/example_dags/plugins/workday.py
[2024-03-12T02:21:08.514-0400] {processor.py:830} INFO - Processing file /home/ironbong_jr/mlops/project/project/lib/python3.10/site-packages/airflow/example_dags/plugins/workday.py for tasks to queue
[2024-03-12T02:21:08.516-0400] {logging_mixin.py:188} INFO - [2024-03-12T02:21:08.515-0400] {dagbag.py:540} INFO - Filling up the DagBag from /home/ironbong_jr/mlops/project/project/lib/python3.10/site-packages/airflow/example_dags/plugins/workday.py
[2024-03-12T02:21:09.297-0400] {processor.py:842} WARNING - No viable dags retrieved from /home/ironbong_jr/mlops/project/project/lib/python3.10/site-packages/airflow/example_dags/plugins/workday.py
[2024-03-12T02:21:09.326-0400] {processor.py:183} INFO - Processing /home/ironbong_jr/mlops/project/project/lib/python3.10/site-packages/airflow/example_dags/plugins/workday.py took 0.855 seconds
[2024-03-12T02:33:16.084-0400] {processor.py:161} INFO - Started process (PID=332611) to work on /home/ironbong_jr/mlops/project/project/lib/python3.10/site-packages/airflow/example_dags/plugins/workday.py
[2024-03-12T02:33:16.119-0400] {processor.py:830} INFO - Processing file /home/ironbong_jr/mlops/project/project/lib/python3.10/site-packages/airflow/example_dags/plugins/workday.py for tasks to queue
[2024-03-12T02:33:16.121-0400] {logging_mixin.py:188} INFO - [2024-03-12T02:33:16.121-0400] {dagbag.py:540} INFO - Filling up the DagBag from /home/ironbong_jr/mlops/project/project/lib/python3.10/site-packages/airflow/example_dags/plugins/workday.py
[2024-03-12T02:33:16.914-0400] {processor.py:842} WARNING - No viable dags retrieved from /home/ironbong_jr/mlops/project/project/lib/python3.10/site-packages/airflow/example_dags/plugins/workday.py
[2024-03-12T02:33:16.928-0400] {processor.py:183} INFO - Processing /home/ironbong_jr/mlops/project/project/lib/python3.10/site-packages/airflow/example_dags/plugins/workday.py took 0.849 seconds
[2024-03-12T02:36:14.290-0400] {processor.py:161} INFO - Started process (PID=333181) to work on /home/ironbong_jr/mlops/project/project/lib/python3.10/site-packages/airflow/example_dags/plugins/workday.py
[2024-03-12T02:36:14.325-0400] {processor.py:830} INFO - Processing file /home/ironbong_jr/mlops/project/project/lib/python3.10/site-packages/airflow/example_dags/plugins/workday.py for tasks to queue
[2024-03-12T02:36:14.327-0400] {logging_mixin.py:188} INFO - [2024-03-12T02:36:14.326-0400] {dagbag.py:540} INFO - Filling up the DagBag from /home/ironbong_jr/mlops/project/project/lib/python3.10/site-packages/airflow/example_dags/plugins/workday.py
[2024-03-12T02:36:15.040-0400] {processor.py:842} WARNING - No viable dags retrieved from /home/ironbong_jr/mlops/project/project/lib/python3.10/site-packages/airflow/example_dags/plugins/workday.py
[2024-03-12T02:36:15.058-0400] {processor.py:183} INFO - Processing /home/ironbong_jr/mlops/project/project/lib/python3.10/site-packages/airflow/example_dags/plugins/workday.py took 0.773 seconds
[2024-03-12T02:37:31.619-0400] {processor.py:161} INFO - Started process (PID=333452) to work on /home/ironbong_jr/mlops/project/project/lib/python3.10/site-packages/airflow/example_dags/plugins/workday.py
[2024-03-12T02:37:31.652-0400] {processor.py:830} INFO - Processing file /home/ironbong_jr/mlops/project/project/lib/python3.10/site-packages/airflow/example_dags/plugins/workday.py for tasks to queue
[2024-03-12T02:37:31.655-0400] {logging_mixin.py:188} INFO - [2024-03-12T02:37:31.654-0400] {dagbag.py:540} INFO - Filling up the DagBag from /home/ironbong_jr/mlops/project/project/lib/python3.10/site-packages/airflow/example_dags/plugins/workday.py
[2024-03-12T02:37:32.251-0400] {processor.py:842} WARNING - No viable dags retrieved from /home/ironbong_jr/mlops/project/project/lib/python3.10/site-packages/airflow/example_dags/plugins/workday.py
[2024-03-12T02:37:32.267-0400] {processor.py:183} INFO - Processing /home/ironbong_jr/mlops/project/project/lib/python3.10/site-packages/airflow/example_dags/plugins/workday.py took 0.656 seconds
[2024-03-12T14:12:17.501-0400] {processor.py:161} INFO - Started process (PID=336643) to work on /home/ironbong_jr/mlops/project/project/lib/python3.10/site-packages/airflow/example_dags/plugins/workday.py
[2024-03-12T14:12:17.503-0400] {processor.py:830} INFO - Processing file /home/ironbong_jr/mlops/project/project/lib/python3.10/site-packages/airflow/example_dags/plugins/workday.py for tasks to queue
[2024-03-12T14:12:17.504-0400] {logging_mixin.py:188} INFO - [2024-03-12T14:12:17.504-0400] {dagbag.py:540} INFO - Filling up the DagBag from /home/ironbong_jr/mlops/project/project/lib/python3.10/site-packages/airflow/example_dags/plugins/workday.py
[2024-03-12T14:12:17.903-0400] {processor.py:842} WARNING - No viable dags retrieved from /home/ironbong_jr/mlops/project/project/lib/python3.10/site-packages/airflow/example_dags/plugins/workday.py
[2024-03-12T14:12:17.908-0400] {processor.py:183} INFO - Processing /home/ironbong_jr/mlops/project/project/lib/python3.10/site-packages/airflow/example_dags/plugins/workday.py took 0.409 seconds
[2024-03-12T14:13:31.580-0400] {processor.py:161} INFO - Started process (PID=336969) to work on /home/ironbong_jr/mlops/project/project/lib/python3.10/site-packages/airflow/example_dags/plugins/workday.py
[2024-03-12T14:13:31.581-0400] {processor.py:830} INFO - Processing file /home/ironbong_jr/mlops/project/project/lib/python3.10/site-packages/airflow/example_dags/plugins/workday.py for tasks to queue
[2024-03-12T14:13:31.582-0400] {logging_mixin.py:188} INFO - [2024-03-12T14:13:31.582-0400] {dagbag.py:540} INFO - Filling up the DagBag from /home/ironbong_jr/mlops/project/project/lib/python3.10/site-packages/airflow/example_dags/plugins/workday.py
[2024-03-12T14:13:31.940-0400] {processor.py:842} WARNING - No viable dags retrieved from /home/ironbong_jr/mlops/project/project/lib/python3.10/site-packages/airflow/example_dags/plugins/workday.py
[2024-03-12T14:13:31.945-0400] {processor.py:183} INFO - Processing /home/ironbong_jr/mlops/project/project/lib/python3.10/site-packages/airflow/example_dags/plugins/workday.py took 0.368 seconds
[2024-03-12T14:14:42.994-0400] {processor.py:161} INFO - Started process (PID=337232) to work on /home/ironbong_jr/mlops/project/project/lib/python3.10/site-packages/airflow/example_dags/plugins/workday.py
[2024-03-12T14:14:42.996-0400] {processor.py:830} INFO - Processing file /home/ironbong_jr/mlops/project/project/lib/python3.10/site-packages/airflow/example_dags/plugins/workday.py for tasks to queue
[2024-03-12T14:14:42.996-0400] {logging_mixin.py:188} INFO - [2024-03-12T14:14:42.996-0400] {dagbag.py:540} INFO - Filling up the DagBag from /home/ironbong_jr/mlops/project/project/lib/python3.10/site-packages/airflow/example_dags/plugins/workday.py
[2024-03-12T14:14:43.451-0400] {processor.py:842} WARNING - No viable dags retrieved from /home/ironbong_jr/mlops/project/project/lib/python3.10/site-packages/airflow/example_dags/plugins/workday.py
[2024-03-12T14:14:43.459-0400] {processor.py:183} INFO - Processing /home/ironbong_jr/mlops/project/project/lib/python3.10/site-packages/airflow/example_dags/plugins/workday.py took 0.468 seconds
[2024-03-12T14:15:44.404-0400] {processor.py:161} INFO - Started process (PID=337491) to work on /home/ironbong_jr/mlops/project/project/lib/python3.10/site-packages/airflow/example_dags/plugins/workday.py
[2024-03-12T14:15:44.406-0400] {processor.py:830} INFO - Processing file /home/ironbong_jr/mlops/project/project/lib/python3.10/site-packages/airflow/example_dags/plugins/workday.py for tasks to queue
[2024-03-12T14:15:44.407-0400] {logging_mixin.py:188} INFO - [2024-03-12T14:15:44.406-0400] {dagbag.py:540} INFO - Filling up the DagBag from /home/ironbong_jr/mlops/project/project/lib/python3.10/site-packages/airflow/example_dags/plugins/workday.py
[2024-03-12T14:15:44.658-0400] {processor.py:842} WARNING - No viable dags retrieved from /home/ironbong_jr/mlops/project/project/lib/python3.10/site-packages/airflow/example_dags/plugins/workday.py
[2024-03-12T14:15:44.663-0400] {processor.py:183} INFO - Processing /home/ironbong_jr/mlops/project/project/lib/python3.10/site-packages/airflow/example_dags/plugins/workday.py took 0.261 seconds
[2024-03-12T14:16:52.856-0400] {processor.py:161} INFO - Started process (PID=337746) to work on /home/ironbong_jr/mlops/project/project/lib/python3.10/site-packages/airflow/example_dags/plugins/workday.py
[2024-03-12T14:16:52.858-0400] {processor.py:830} INFO - Processing file /home/ironbong_jr/mlops/project/project/lib/python3.10/site-packages/airflow/example_dags/plugins/workday.py for tasks to queue
[2024-03-12T14:16:52.859-0400] {logging_mixin.py:188} INFO - [2024-03-12T14:16:52.858-0400] {dagbag.py:540} INFO - Filling up the DagBag from /home/ironbong_jr/mlops/project/project/lib/python3.10/site-packages/airflow/example_dags/plugins/workday.py
[2024-03-12T14:16:53.122-0400] {processor.py:842} WARNING - No viable dags retrieved from /home/ironbong_jr/mlops/project/project/lib/python3.10/site-packages/airflow/example_dags/plugins/workday.py
[2024-03-12T14:16:53.129-0400] {processor.py:183} INFO - Processing /home/ironbong_jr/mlops/project/project/lib/python3.10/site-packages/airflow/example_dags/plugins/workday.py took 0.275 seconds
[2024-03-12T14:17:56.089-0400] {processor.py:161} INFO - Started process (PID=338019) to work on /home/ironbong_jr/mlops/project/project/lib/python3.10/site-packages/airflow/example_dags/plugins/workday.py
[2024-03-12T14:17:56.095-0400] {processor.py:830} INFO - Processing file /home/ironbong_jr/mlops/project/project/lib/python3.10/site-packages/airflow/example_dags/plugins/workday.py for tasks to queue
[2024-03-12T14:17:56.101-0400] {logging_mixin.py:188} INFO - [2024-03-12T14:17:56.100-0400] {dagbag.py:540} INFO - Filling up the DagBag from /home/ironbong_jr/mlops/project/project/lib/python3.10/site-packages/airflow/example_dags/plugins/workday.py
[2024-03-12T14:17:56.549-0400] {processor.py:842} WARNING - No viable dags retrieved from /home/ironbong_jr/mlops/project/project/lib/python3.10/site-packages/airflow/example_dags/plugins/workday.py
[2024-03-12T14:17:56.557-0400] {processor.py:183} INFO - Processing /home/ironbong_jr/mlops/project/project/lib/python3.10/site-packages/airflow/example_dags/plugins/workday.py took 0.473 seconds
[2024-03-12T14:19:07.227-0400] {processor.py:161} INFO - Started process (PID=338291) to work on /home/ironbong_jr/mlops/project/project/lib/python3.10/site-packages/airflow/example_dags/plugins/workday.py
[2024-03-12T14:19:07.231-0400] {processor.py:830} INFO - Processing file /home/ironbong_jr/mlops/project/project/lib/python3.10/site-packages/airflow/example_dags/plugins/workday.py for tasks to queue
[2024-03-12T14:19:07.231-0400] {logging_mixin.py:188} INFO - [2024-03-12T14:19:07.231-0400] {dagbag.py:540} INFO - Filling up the DagBag from /home/ironbong_jr/mlops/project/project/lib/python3.10/site-packages/airflow/example_dags/plugins/workday.py
[2024-03-12T14:19:07.518-0400] {processor.py:842} WARNING - No viable dags retrieved from /home/ironbong_jr/mlops/project/project/lib/python3.10/site-packages/airflow/example_dags/plugins/workday.py
[2024-03-12T14:19:07.525-0400] {processor.py:183} INFO - Processing /home/ironbong_jr/mlops/project/project/lib/python3.10/site-packages/airflow/example_dags/plugins/workday.py took 0.300 seconds
[2024-03-12T14:20:10.913-0400] {processor.py:161} INFO - Started process (PID=338557) to work on /home/ironbong_jr/mlops/project/project/lib/python3.10/site-packages/airflow/example_dags/plugins/workday.py
[2024-03-12T14:20:10.917-0400] {processor.py:830} INFO - Processing file /home/ironbong_jr/mlops/project/project/lib/python3.10/site-packages/airflow/example_dags/plugins/workday.py for tasks to queue
[2024-03-12T14:20:10.918-0400] {logging_mixin.py:188} INFO - [2024-03-12T14:20:10.917-0400] {dagbag.py:540} INFO - Filling up the DagBag from /home/ironbong_jr/mlops/project/project/lib/python3.10/site-packages/airflow/example_dags/plugins/workday.py
[2024-03-12T14:20:11.175-0400] {processor.py:842} WARNING - No viable dags retrieved from /home/ironbong_jr/mlops/project/project/lib/python3.10/site-packages/airflow/example_dags/plugins/workday.py
[2024-03-12T14:20:11.182-0400] {processor.py:183} INFO - Processing /home/ironbong_jr/mlops/project/project/lib/python3.10/site-packages/airflow/example_dags/plugins/workday.py took 0.271 seconds
[2024-03-12T14:21:13.198-0400] {processor.py:161} INFO - Started process (PID=338802) to work on /home/ironbong_jr/mlops/project/project/lib/python3.10/site-packages/airflow/example_dags/plugins/workday.py
[2024-03-12T14:21:13.203-0400] {processor.py:830} INFO - Processing file /home/ironbong_jr/mlops/project/project/lib/python3.10/site-packages/airflow/example_dags/plugins/workday.py for tasks to queue
[2024-03-12T14:21:13.204-0400] {logging_mixin.py:188} INFO - [2024-03-12T14:21:13.203-0400] {dagbag.py:540} INFO - Filling up the DagBag from /home/ironbong_jr/mlops/project/project/lib/python3.10/site-packages/airflow/example_dags/plugins/workday.py
[2024-03-12T14:21:13.544-0400] {processor.py:842} WARNING - No viable dags retrieved from /home/ironbong_jr/mlops/project/project/lib/python3.10/site-packages/airflow/example_dags/plugins/workday.py
[2024-03-12T14:21:13.552-0400] {processor.py:183} INFO - Processing /home/ironbong_jr/mlops/project/project/lib/python3.10/site-packages/airflow/example_dags/plugins/workday.py took 0.361 seconds
[2024-03-12T14:22:24.804-0400] {processor.py:161} INFO - Started process (PID=339091) to work on /home/ironbong_jr/mlops/project/project/lib/python3.10/site-packages/airflow/example_dags/plugins/workday.py
[2024-03-12T14:22:24.807-0400] {processor.py:830} INFO - Processing file /home/ironbong_jr/mlops/project/project/lib/python3.10/site-packages/airflow/example_dags/plugins/workday.py for tasks to queue
[2024-03-12T14:22:24.808-0400] {logging_mixin.py:188} INFO - [2024-03-12T14:22:24.808-0400] {dagbag.py:540} INFO - Filling up the DagBag from /home/ironbong_jr/mlops/project/project/lib/python3.10/site-packages/airflow/example_dags/plugins/workday.py
[2024-03-12T14:22:25.243-0400] {processor.py:842} WARNING - No viable dags retrieved from /home/ironbong_jr/mlops/project/project/lib/python3.10/site-packages/airflow/example_dags/plugins/workday.py
[2024-03-12T14:22:25.251-0400] {processor.py:183} INFO - Processing /home/ironbong_jr/mlops/project/project/lib/python3.10/site-packages/airflow/example_dags/plugins/workday.py took 0.450 seconds
[2024-03-12T14:23:58.666-0400] {processor.py:161} INFO - Started process (PID=339470) to work on /home/ironbong_jr/mlops/project/project/lib/python3.10/site-packages/airflow/example_dags/plugins/workday.py
[2024-03-12T14:23:58.668-0400] {processor.py:830} INFO - Processing file /home/ironbong_jr/mlops/project/project/lib/python3.10/site-packages/airflow/example_dags/plugins/workday.py for tasks to queue
[2024-03-12T14:23:58.669-0400] {logging_mixin.py:188} INFO - [2024-03-12T14:23:58.668-0400] {dagbag.py:540} INFO - Filling up the DagBag from /home/ironbong_jr/mlops/project/project/lib/python3.10/site-packages/airflow/example_dags/plugins/workday.py
[2024-03-12T14:23:59.022-0400] {processor.py:842} WARNING - No viable dags retrieved from /home/ironbong_jr/mlops/project/project/lib/python3.10/site-packages/airflow/example_dags/plugins/workday.py
[2024-03-12T14:23:59.034-0400] {processor.py:183} INFO - Processing /home/ironbong_jr/mlops/project/project/lib/python3.10/site-packages/airflow/example_dags/plugins/workday.py took 0.371 seconds
[2024-03-12T14:25:08.591-0400] {processor.py:161} INFO - Started process (PID=339757) to work on /home/ironbong_jr/mlops/project/project/lib/python3.10/site-packages/airflow/example_dags/plugins/workday.py
[2024-03-12T14:25:08.593-0400] {processor.py:830} INFO - Processing file /home/ironbong_jr/mlops/project/project/lib/python3.10/site-packages/airflow/example_dags/plugins/workday.py for tasks to queue
[2024-03-12T14:25:08.594-0400] {logging_mixin.py:188} INFO - [2024-03-12T14:25:08.593-0400] {dagbag.py:540} INFO - Filling up the DagBag from /home/ironbong_jr/mlops/project/project/lib/python3.10/site-packages/airflow/example_dags/plugins/workday.py
[2024-03-12T14:25:08.888-0400] {processor.py:842} WARNING - No viable dags retrieved from /home/ironbong_jr/mlops/project/project/lib/python3.10/site-packages/airflow/example_dags/plugins/workday.py
[2024-03-12T14:25:08.896-0400] {processor.py:183} INFO - Processing /home/ironbong_jr/mlops/project/project/lib/python3.10/site-packages/airflow/example_dags/plugins/workday.py took 0.306 seconds
[2024-03-12T14:26:25.965-0400] {processor.py:161} INFO - Started process (PID=340053) to work on /home/ironbong_jr/mlops/project/project/lib/python3.10/site-packages/airflow/example_dags/plugins/workday.py
[2024-03-12T14:26:25.967-0400] {processor.py:830} INFO - Processing file /home/ironbong_jr/mlops/project/project/lib/python3.10/site-packages/airflow/example_dags/plugins/workday.py for tasks to queue
[2024-03-12T14:26:25.968-0400] {logging_mixin.py:188} INFO - [2024-03-12T14:26:25.968-0400] {dagbag.py:540} INFO - Filling up the DagBag from /home/ironbong_jr/mlops/project/project/lib/python3.10/site-packages/airflow/example_dags/plugins/workday.py
[2024-03-12T14:26:26.224-0400] {processor.py:842} WARNING - No viable dags retrieved from /home/ironbong_jr/mlops/project/project/lib/python3.10/site-packages/airflow/example_dags/plugins/workday.py
[2024-03-12T14:26:26.231-0400] {processor.py:183} INFO - Processing /home/ironbong_jr/mlops/project/project/lib/python3.10/site-packages/airflow/example_dags/plugins/workday.py took 0.268 seconds
[2024-03-12T14:27:34.845-0400] {processor.py:161} INFO - Started process (PID=340345) to work on /home/ironbong_jr/mlops/project/project/lib/python3.10/site-packages/airflow/example_dags/plugins/workday.py
[2024-03-12T14:27:34.848-0400] {processor.py:830} INFO - Processing file /home/ironbong_jr/mlops/project/project/lib/python3.10/site-packages/airflow/example_dags/plugins/workday.py for tasks to queue
[2024-03-12T14:27:34.849-0400] {logging_mixin.py:188} INFO - [2024-03-12T14:27:34.849-0400] {dagbag.py:540} INFO - Filling up the DagBag from /home/ironbong_jr/mlops/project/project/lib/python3.10/site-packages/airflow/example_dags/plugins/workday.py
[2024-03-12T14:27:35.387-0400] {processor.py:842} WARNING - No viable dags retrieved from /home/ironbong_jr/mlops/project/project/lib/python3.10/site-packages/airflow/example_dags/plugins/workday.py
[2024-03-12T14:27:35.399-0400] {processor.py:183} INFO - Processing /home/ironbong_jr/mlops/project/project/lib/python3.10/site-packages/airflow/example_dags/plugins/workday.py took 0.557 seconds
[2024-03-12T14:28:48.513-0400] {processor.py:161} INFO - Started process (PID=340623) to work on /home/ironbong_jr/mlops/project/project/lib/python3.10/site-packages/airflow/example_dags/plugins/workday.py
[2024-03-12T14:28:48.515-0400] {processor.py:830} INFO - Processing file /home/ironbong_jr/mlops/project/project/lib/python3.10/site-packages/airflow/example_dags/plugins/workday.py for tasks to queue
[2024-03-12T14:28:48.516-0400] {logging_mixin.py:188} INFO - [2024-03-12T14:28:48.515-0400] {dagbag.py:540} INFO - Filling up the DagBag from /home/ironbong_jr/mlops/project/project/lib/python3.10/site-packages/airflow/example_dags/plugins/workday.py
[2024-03-12T14:28:48.853-0400] {processor.py:842} WARNING - No viable dags retrieved from /home/ironbong_jr/mlops/project/project/lib/python3.10/site-packages/airflow/example_dags/plugins/workday.py
[2024-03-12T14:28:48.858-0400] {processor.py:183} INFO - Processing /home/ironbong_jr/mlops/project/project/lib/python3.10/site-packages/airflow/example_dags/plugins/workday.py took 0.346 seconds
[2024-03-12T14:29:46.010-0400] {processor.py:161} INFO - Started process (PID=340874) to work on /home/ironbong_jr/mlops/project/project/lib/python3.10/site-packages/airflow/example_dags/plugins/workday.py
[2024-03-12T14:29:46.013-0400] {processor.py:830} INFO - Processing file /home/ironbong_jr/mlops/project/project/lib/python3.10/site-packages/airflow/example_dags/plugins/workday.py for tasks to queue
[2024-03-12T14:29:46.014-0400] {logging_mixin.py:188} INFO - [2024-03-12T14:29:46.014-0400] {dagbag.py:540} INFO - Filling up the DagBag from /home/ironbong_jr/mlops/project/project/lib/python3.10/site-packages/airflow/example_dags/plugins/workday.py
[2024-03-12T14:29:46.413-0400] {processor.py:842} WARNING - No viable dags retrieved from /home/ironbong_jr/mlops/project/project/lib/python3.10/site-packages/airflow/example_dags/plugins/workday.py
[2024-03-12T14:29:46.418-0400] {processor.py:183} INFO - Processing /home/ironbong_jr/mlops/project/project/lib/python3.10/site-packages/airflow/example_dags/plugins/workday.py took 0.411 seconds
[2024-03-12T14:30:58.180-0400] {processor.py:161} INFO - Started process (PID=341179) to work on /home/ironbong_jr/mlops/project/project/lib/python3.10/site-packages/airflow/example_dags/plugins/workday.py
[2024-03-12T14:30:58.183-0400] {processor.py:830} INFO - Processing file /home/ironbong_jr/mlops/project/project/lib/python3.10/site-packages/airflow/example_dags/plugins/workday.py for tasks to queue
[2024-03-12T14:30:58.184-0400] {logging_mixin.py:188} INFO - [2024-03-12T14:30:58.184-0400] {dagbag.py:540} INFO - Filling up the DagBag from /home/ironbong_jr/mlops/project/project/lib/python3.10/site-packages/airflow/example_dags/plugins/workday.py
[2024-03-12T14:30:58.564-0400] {processor.py:842} WARNING - No viable dags retrieved from /home/ironbong_jr/mlops/project/project/lib/python3.10/site-packages/airflow/example_dags/plugins/workday.py
[2024-03-12T14:30:58.570-0400] {processor.py:183} INFO - Processing /home/ironbong_jr/mlops/project/project/lib/python3.10/site-packages/airflow/example_dags/plugins/workday.py took 0.393 seconds
[2024-03-12T14:32:09.554-0400] {processor.py:161} INFO - Started process (PID=341458) to work on /home/ironbong_jr/mlops/project/project/lib/python3.10/site-packages/airflow/example_dags/plugins/workday.py
[2024-03-12T14:32:09.557-0400] {processor.py:830} INFO - Processing file /home/ironbong_jr/mlops/project/project/lib/python3.10/site-packages/airflow/example_dags/plugins/workday.py for tasks to queue
[2024-03-12T14:32:09.558-0400] {logging_mixin.py:188} INFO - [2024-03-12T14:32:09.557-0400] {dagbag.py:540} INFO - Filling up the DagBag from /home/ironbong_jr/mlops/project/project/lib/python3.10/site-packages/airflow/example_dags/plugins/workday.py
[2024-03-12T14:32:09.892-0400] {processor.py:842} WARNING - No viable dags retrieved from /home/ironbong_jr/mlops/project/project/lib/python3.10/site-packages/airflow/example_dags/plugins/workday.py
[2024-03-12T14:32:09.896-0400] {processor.py:183} INFO - Processing /home/ironbong_jr/mlops/project/project/lib/python3.10/site-packages/airflow/example_dags/plugins/workday.py took 0.345 seconds
[2024-03-12T14:33:23.593-0400] {processor.py:161} INFO - Started process (PID=341775) to work on /home/ironbong_jr/mlops/project/project/lib/python3.10/site-packages/airflow/example_dags/plugins/workday.py
[2024-03-12T14:33:23.598-0400] {processor.py:830} INFO - Processing file /home/ironbong_jr/mlops/project/project/lib/python3.10/site-packages/airflow/example_dags/plugins/workday.py for tasks to queue
[2024-03-12T14:33:23.599-0400] {logging_mixin.py:188} INFO - [2024-03-12T14:33:23.599-0400] {dagbag.py:540} INFO - Filling up the DagBag from /home/ironbong_jr/mlops/project/project/lib/python3.10/site-packages/airflow/example_dags/plugins/workday.py
[2024-03-12T14:33:23.950-0400] {processor.py:842} WARNING - No viable dags retrieved from /home/ironbong_jr/mlops/project/project/lib/python3.10/site-packages/airflow/example_dags/plugins/workday.py
[2024-03-12T14:33:23.955-0400] {processor.py:183} INFO - Processing /home/ironbong_jr/mlops/project/project/lib/python3.10/site-packages/airflow/example_dags/plugins/workday.py took 0.364 seconds
[2024-03-12T14:34:52.159-0400] {processor.py:161} INFO - Started process (PID=342164) to work on /home/ironbong_jr/mlops/project/project/lib/python3.10/site-packages/airflow/example_dags/plugins/workday.py
[2024-03-12T14:34:52.160-0400] {processor.py:830} INFO - Processing file /home/ironbong_jr/mlops/project/project/lib/python3.10/site-packages/airflow/example_dags/plugins/workday.py for tasks to queue
[2024-03-12T14:34:52.161-0400] {logging_mixin.py:188} INFO - [2024-03-12T14:34:52.161-0400] {dagbag.py:540} INFO - Filling up the DagBag from /home/ironbong_jr/mlops/project/project/lib/python3.10/site-packages/airflow/example_dags/plugins/workday.py
[2024-03-12T14:34:52.480-0400] {processor.py:842} WARNING - No viable dags retrieved from /home/ironbong_jr/mlops/project/project/lib/python3.10/site-packages/airflow/example_dags/plugins/workday.py
[2024-03-12T14:34:52.485-0400] {processor.py:183} INFO - Processing /home/ironbong_jr/mlops/project/project/lib/python3.10/site-packages/airflow/example_dags/plugins/workday.py took 0.328 seconds
[2024-03-12T14:35:50.912-0400] {processor.py:161} INFO - Started process (PID=342409) to work on /home/ironbong_jr/mlops/project/project/lib/python3.10/site-packages/airflow/example_dags/plugins/workday.py
[2024-03-12T14:35:50.916-0400] {processor.py:830} INFO - Processing file /home/ironbong_jr/mlops/project/project/lib/python3.10/site-packages/airflow/example_dags/plugins/workday.py for tasks to queue
[2024-03-12T14:35:50.917-0400] {logging_mixin.py:188} INFO - [2024-03-12T14:35:50.916-0400] {dagbag.py:540} INFO - Filling up the DagBag from /home/ironbong_jr/mlops/project/project/lib/python3.10/site-packages/airflow/example_dags/plugins/workday.py
[2024-03-12T14:35:51.249-0400] {processor.py:842} WARNING - No viable dags retrieved from /home/ironbong_jr/mlops/project/project/lib/python3.10/site-packages/airflow/example_dags/plugins/workday.py
[2024-03-12T14:35:51.254-0400] {processor.py:183} INFO - Processing /home/ironbong_jr/mlops/project/project/lib/python3.10/site-packages/airflow/example_dags/plugins/workday.py took 0.344 seconds
[2024-03-12T14:36:56.490-0400] {processor.py:161} INFO - Started process (PID=342696) to work on /home/ironbong_jr/mlops/project/project/lib/python3.10/site-packages/airflow/example_dags/plugins/workday.py
[2024-03-12T14:36:56.496-0400] {processor.py:830} INFO - Processing file /home/ironbong_jr/mlops/project/project/lib/python3.10/site-packages/airflow/example_dags/plugins/workday.py for tasks to queue
[2024-03-12T14:36:56.497-0400] {logging_mixin.py:188} INFO - [2024-03-12T14:36:56.496-0400] {dagbag.py:540} INFO - Filling up the DagBag from /home/ironbong_jr/mlops/project/project/lib/python3.10/site-packages/airflow/example_dags/plugins/workday.py
[2024-03-12T14:36:56.898-0400] {processor.py:842} WARNING - No viable dags retrieved from /home/ironbong_jr/mlops/project/project/lib/python3.10/site-packages/airflow/example_dags/plugins/workday.py
[2024-03-12T14:36:56.904-0400] {processor.py:183} INFO - Processing /home/ironbong_jr/mlops/project/project/lib/python3.10/site-packages/airflow/example_dags/plugins/workday.py took 0.423 seconds
[2024-03-12T14:38:06.044-0400] {processor.py:161} INFO - Started process (PID=342977) to work on /home/ironbong_jr/mlops/project/project/lib/python3.10/site-packages/airflow/example_dags/plugins/workday.py
[2024-03-12T14:38:06.046-0400] {processor.py:830} INFO - Processing file /home/ironbong_jr/mlops/project/project/lib/python3.10/site-packages/airflow/example_dags/plugins/workday.py for tasks to queue
[2024-03-12T14:38:06.047-0400] {logging_mixin.py:188} INFO - [2024-03-12T14:38:06.047-0400] {dagbag.py:540} INFO - Filling up the DagBag from /home/ironbong_jr/mlops/project/project/lib/python3.10/site-packages/airflow/example_dags/plugins/workday.py
[2024-03-12T14:38:06.503-0400] {processor.py:842} WARNING - No viable dags retrieved from /home/ironbong_jr/mlops/project/project/lib/python3.10/site-packages/airflow/example_dags/plugins/workday.py
[2024-03-12T14:38:06.511-0400] {processor.py:183} INFO - Processing /home/ironbong_jr/mlops/project/project/lib/python3.10/site-packages/airflow/example_dags/plugins/workday.py took 0.470 seconds
[2024-03-12T14:39:17.257-0400] {processor.py:161} INFO - Started process (PID=343284) to work on /home/ironbong_jr/mlops/project/project/lib/python3.10/site-packages/airflow/example_dags/plugins/workday.py
[2024-03-12T14:39:17.259-0400] {processor.py:830} INFO - Processing file /home/ironbong_jr/mlops/project/project/lib/python3.10/site-packages/airflow/example_dags/plugins/workday.py for tasks to queue
[2024-03-12T14:39:17.260-0400] {logging_mixin.py:188} INFO - [2024-03-12T14:39:17.259-0400] {dagbag.py:540} INFO - Filling up the DagBag from /home/ironbong_jr/mlops/project/project/lib/python3.10/site-packages/airflow/example_dags/plugins/workday.py
[2024-03-12T14:39:17.590-0400] {processor.py:842} WARNING - No viable dags retrieved from /home/ironbong_jr/mlops/project/project/lib/python3.10/site-packages/airflow/example_dags/plugins/workday.py
[2024-03-12T14:39:17.594-0400] {processor.py:183} INFO - Processing /home/ironbong_jr/mlops/project/project/lib/python3.10/site-packages/airflow/example_dags/plugins/workday.py took 0.339 seconds
[2024-03-12T17:44:00.268-0400] {processor.py:161} INFO - Started process (PID=369682) to work on /home/ironbong_jr/mlops/project/project/lib/python3.10/site-packages/airflow/example_dags/plugins/workday.py
[2024-03-12T17:44:00.269-0400] {processor.py:830} INFO - Processing file /home/ironbong_jr/mlops/project/project/lib/python3.10/site-packages/airflow/example_dags/plugins/workday.py for tasks to queue
[2024-03-12T17:44:00.270-0400] {logging_mixin.py:188} INFO - [2024-03-12T17:44:00.270-0400] {dagbag.py:540} INFO - Filling up the DagBag from /home/ironbong_jr/mlops/project/project/lib/python3.10/site-packages/airflow/example_dags/plugins/workday.py
[2024-03-12T17:44:00.624-0400] {processor.py:842} WARNING - No viable dags retrieved from /home/ironbong_jr/mlops/project/project/lib/python3.10/site-packages/airflow/example_dags/plugins/workday.py
[2024-03-12T17:44:00.629-0400] {processor.py:183} INFO - Processing /home/ironbong_jr/mlops/project/project/lib/python3.10/site-packages/airflow/example_dags/plugins/workday.py took 0.364 seconds
[2024-03-12T17:44:58.467-0400] {processor.py:161} INFO - Started process (PID=369953) to work on /home/ironbong_jr/mlops/project/project/lib/python3.10/site-packages/airflow/example_dags/plugins/workday.py
[2024-03-12T17:44:58.470-0400] {processor.py:830} INFO - Processing file /home/ironbong_jr/mlops/project/project/lib/python3.10/site-packages/airflow/example_dags/plugins/workday.py for tasks to queue
[2024-03-12T17:44:58.471-0400] {logging_mixin.py:188} INFO - [2024-03-12T17:44:58.471-0400] {dagbag.py:540} INFO - Filling up the DagBag from /home/ironbong_jr/mlops/project/project/lib/python3.10/site-packages/airflow/example_dags/plugins/workday.py
[2024-03-12T17:44:58.839-0400] {processor.py:842} WARNING - No viable dags retrieved from /home/ironbong_jr/mlops/project/project/lib/python3.10/site-packages/airflow/example_dags/plugins/workday.py
[2024-03-12T17:44:58.845-0400] {processor.py:183} INFO - Processing /home/ironbong_jr/mlops/project/project/lib/python3.10/site-packages/airflow/example_dags/plugins/workday.py took 0.380 seconds
[2024-03-12T17:46:01.988-0400] {processor.py:161} INFO - Started process (PID=370284) to work on /home/ironbong_jr/mlops/project/project/lib/python3.10/site-packages/airflow/example_dags/plugins/workday.py
[2024-03-12T17:46:01.991-0400] {processor.py:830} INFO - Processing file /home/ironbong_jr/mlops/project/project/lib/python3.10/site-packages/airflow/example_dags/plugins/workday.py for tasks to queue
[2024-03-12T17:46:01.993-0400] {logging_mixin.py:188} INFO - [2024-03-12T17:46:01.992-0400] {dagbag.py:540} INFO - Filling up the DagBag from /home/ironbong_jr/mlops/project/project/lib/python3.10/site-packages/airflow/example_dags/plugins/workday.py
[2024-03-12T17:46:02.313-0400] {processor.py:842} WARNING - No viable dags retrieved from /home/ironbong_jr/mlops/project/project/lib/python3.10/site-packages/airflow/example_dags/plugins/workday.py
[2024-03-12T17:46:02.319-0400] {processor.py:183} INFO - Processing /home/ironbong_jr/mlops/project/project/lib/python3.10/site-packages/airflow/example_dags/plugins/workday.py took 0.334 seconds
[2024-03-12T17:47:27.352-0400] {processor.py:161} INFO - Started process (PID=370710) to work on /home/ironbong_jr/mlops/project/project/lib/python3.10/site-packages/airflow/example_dags/plugins/workday.py
[2024-03-12T17:47:27.354-0400] {processor.py:830} INFO - Processing file /home/ironbong_jr/mlops/project/project/lib/python3.10/site-packages/airflow/example_dags/plugins/workday.py for tasks to queue
[2024-03-12T17:47:27.355-0400] {logging_mixin.py:188} INFO - [2024-03-12T17:47:27.354-0400] {dagbag.py:540} INFO - Filling up the DagBag from /home/ironbong_jr/mlops/project/project/lib/python3.10/site-packages/airflow/example_dags/plugins/workday.py
[2024-03-12T17:47:27.639-0400] {processor.py:842} WARNING - No viable dags retrieved from /home/ironbong_jr/mlops/project/project/lib/python3.10/site-packages/airflow/example_dags/plugins/workday.py
[2024-03-12T17:47:27.648-0400] {processor.py:183} INFO - Processing /home/ironbong_jr/mlops/project/project/lib/python3.10/site-packages/airflow/example_dags/plugins/workday.py took 0.298 seconds
[2024-03-12T18:07:15.773-0400] {processor.py:161} INFO - Started process (PID=375572) to work on /home/ironbong_jr/mlops/project/project/lib/python3.10/site-packages/airflow/example_dags/plugins/workday.py
[2024-03-12T18:07:15.775-0400] {processor.py:830} INFO - Processing file /home/ironbong_jr/mlops/project/project/lib/python3.10/site-packages/airflow/example_dags/plugins/workday.py for tasks to queue
[2024-03-12T18:07:15.775-0400] {logging_mixin.py:188} INFO - [2024-03-12T18:07:15.775-0400] {dagbag.py:540} INFO - Filling up the DagBag from /home/ironbong_jr/mlops/project/project/lib/python3.10/site-packages/airflow/example_dags/plugins/workday.py
[2024-03-12T18:07:16.138-0400] {processor.py:842} WARNING - No viable dags retrieved from /home/ironbong_jr/mlops/project/project/lib/python3.10/site-packages/airflow/example_dags/plugins/workday.py
[2024-03-12T18:07:16.143-0400] {processor.py:183} INFO - Processing /home/ironbong_jr/mlops/project/project/lib/python3.10/site-packages/airflow/example_dags/plugins/workday.py took 0.373 seconds
[2024-03-12T18:08:32.563-0400] {processor.py:161} INFO - Started process (PID=375959) to work on /home/ironbong_jr/mlops/project/project/lib/python3.10/site-packages/airflow/example_dags/plugins/workday.py
[2024-03-12T18:08:32.565-0400] {processor.py:830} INFO - Processing file /home/ironbong_jr/mlops/project/project/lib/python3.10/site-packages/airflow/example_dags/plugins/workday.py for tasks to queue
[2024-03-12T18:08:32.566-0400] {logging_mixin.py:188} INFO - [2024-03-12T18:08:32.566-0400] {dagbag.py:540} INFO - Filling up the DagBag from /home/ironbong_jr/mlops/project/project/lib/python3.10/site-packages/airflow/example_dags/plugins/workday.py
[2024-03-12T18:08:32.903-0400] {processor.py:842} WARNING - No viable dags retrieved from /home/ironbong_jr/mlops/project/project/lib/python3.10/site-packages/airflow/example_dags/plugins/workday.py
[2024-03-12T18:08:32.911-0400] {processor.py:183} INFO - Processing /home/ironbong_jr/mlops/project/project/lib/python3.10/site-packages/airflow/example_dags/plugins/workday.py took 0.351 seconds
[2024-03-12T18:09:41.451-0400] {processor.py:161} INFO - Started process (PID=376284) to work on /home/ironbong_jr/mlops/project/project/lib/python3.10/site-packages/airflow/example_dags/plugins/workday.py
[2024-03-12T18:09:41.455-0400] {processor.py:830} INFO - Processing file /home/ironbong_jr/mlops/project/project/lib/python3.10/site-packages/airflow/example_dags/plugins/workday.py for tasks to queue
[2024-03-12T18:09:41.455-0400] {logging_mixin.py:188} INFO - [2024-03-12T18:09:41.455-0400] {dagbag.py:540} INFO - Filling up the DagBag from /home/ironbong_jr/mlops/project/project/lib/python3.10/site-packages/airflow/example_dags/plugins/workday.py
[2024-03-12T18:09:41.731-0400] {processor.py:842} WARNING - No viable dags retrieved from /home/ironbong_jr/mlops/project/project/lib/python3.10/site-packages/airflow/example_dags/plugins/workday.py
[2024-03-12T18:09:41.737-0400] {processor.py:183} INFO - Processing /home/ironbong_jr/mlops/project/project/lib/python3.10/site-packages/airflow/example_dags/plugins/workday.py took 0.289 seconds
[2024-03-12T18:11:51.757-0400] {processor.py:161} INFO - Started process (PID=376964) to work on /home/ironbong_jr/mlops/project/project/lib/python3.10/site-packages/airflow/example_dags/plugins/workday.py
[2024-03-12T18:11:51.759-0400] {processor.py:830} INFO - Processing file /home/ironbong_jr/mlops/project/project/lib/python3.10/site-packages/airflow/example_dags/plugins/workday.py for tasks to queue
[2024-03-12T18:11:51.759-0400] {logging_mixin.py:188} INFO - [2024-03-12T18:11:51.759-0400] {dagbag.py:540} INFO - Filling up the DagBag from /home/ironbong_jr/mlops/project/project/lib/python3.10/site-packages/airflow/example_dags/plugins/workday.py
[2024-03-12T18:11:52.023-0400] {processor.py:842} WARNING - No viable dags retrieved from /home/ironbong_jr/mlops/project/project/lib/python3.10/site-packages/airflow/example_dags/plugins/workday.py
[2024-03-12T18:11:52.030-0400] {processor.py:183} INFO - Processing /home/ironbong_jr/mlops/project/project/lib/python3.10/site-packages/airflow/example_dags/plugins/workday.py took 0.275 seconds
[2024-03-12T18:13:00.984-0400] {processor.py:161} INFO - Started process (PID=377291) to work on /home/ironbong_jr/mlops/project/project/lib/python3.10/site-packages/airflow/example_dags/plugins/workday.py
[2024-03-12T18:13:00.987-0400] {processor.py:830} INFO - Processing file /home/ironbong_jr/mlops/project/project/lib/python3.10/site-packages/airflow/example_dags/plugins/workday.py for tasks to queue
[2024-03-12T18:13:00.988-0400] {logging_mixin.py:188} INFO - [2024-03-12T18:13:00.987-0400] {dagbag.py:540} INFO - Filling up the DagBag from /home/ironbong_jr/mlops/project/project/lib/python3.10/site-packages/airflow/example_dags/plugins/workday.py
[2024-03-12T18:13:01.293-0400] {processor.py:842} WARNING - No viable dags retrieved from /home/ironbong_jr/mlops/project/project/lib/python3.10/site-packages/airflow/example_dags/plugins/workday.py
[2024-03-12T18:13:01.301-0400] {processor.py:183} INFO - Processing /home/ironbong_jr/mlops/project/project/lib/python3.10/site-packages/airflow/example_dags/plugins/workday.py took 0.321 seconds
[2024-03-12T18:15:21.998-0400] {processor.py:161} INFO - Started process (PID=378104) to work on /home/ironbong_jr/mlops/project/project/lib/python3.10/site-packages/airflow/example_dags/plugins/workday.py
[2024-03-12T18:15:22.002-0400] {processor.py:830} INFO - Processing file /home/ironbong_jr/mlops/project/project/lib/python3.10/site-packages/airflow/example_dags/plugins/workday.py for tasks to queue
[2024-03-12T18:15:22.003-0400] {logging_mixin.py:188} INFO - [2024-03-12T18:15:22.003-0400] {dagbag.py:540} INFO - Filling up the DagBag from /home/ironbong_jr/mlops/project/project/lib/python3.10/site-packages/airflow/example_dags/plugins/workday.py
[2024-03-12T18:15:22.300-0400] {processor.py:842} WARNING - No viable dags retrieved from /home/ironbong_jr/mlops/project/project/lib/python3.10/site-packages/airflow/example_dags/plugins/workday.py
[2024-03-12T18:15:22.309-0400] {processor.py:183} INFO - Processing /home/ironbong_jr/mlops/project/project/lib/python3.10/site-packages/airflow/example_dags/plugins/workday.py took 0.314 seconds
[2024-03-12T18:16:31.440-0400] {processor.py:161} INFO - Started process (PID=378445) to work on /home/ironbong_jr/mlops/project/project/lib/python3.10/site-packages/airflow/example_dags/plugins/workday.py
[2024-03-12T18:16:31.445-0400] {processor.py:830} INFO - Processing file /home/ironbong_jr/mlops/project/project/lib/python3.10/site-packages/airflow/example_dags/plugins/workday.py for tasks to queue
[2024-03-12T18:16:31.445-0400] {logging_mixin.py:188} INFO - [2024-03-12T18:16:31.445-0400] {dagbag.py:540} INFO - Filling up the DagBag from /home/ironbong_jr/mlops/project/project/lib/python3.10/site-packages/airflow/example_dags/plugins/workday.py
[2024-03-12T18:16:31.722-0400] {processor.py:842} WARNING - No viable dags retrieved from /home/ironbong_jr/mlops/project/project/lib/python3.10/site-packages/airflow/example_dags/plugins/workday.py
[2024-03-12T18:16:31.728-0400] {processor.py:183} INFO - Processing /home/ironbong_jr/mlops/project/project/lib/python3.10/site-packages/airflow/example_dags/plugins/workday.py took 0.289 seconds
[2024-03-12T18:17:49.735-0400] {processor.py:161} INFO - Started process (PID=378808) to work on /home/ironbong_jr/mlops/project/project/lib/python3.10/site-packages/airflow/example_dags/plugins/workday.py
[2024-03-12T18:17:49.738-0400] {processor.py:830} INFO - Processing file /home/ironbong_jr/mlops/project/project/lib/python3.10/site-packages/airflow/example_dags/plugins/workday.py for tasks to queue
[2024-03-12T18:17:49.739-0400] {logging_mixin.py:188} INFO - [2024-03-12T18:17:49.738-0400] {dagbag.py:540} INFO - Filling up the DagBag from /home/ironbong_jr/mlops/project/project/lib/python3.10/site-packages/airflow/example_dags/plugins/workday.py
[2024-03-12T18:17:50.073-0400] {processor.py:842} WARNING - No viable dags retrieved from /home/ironbong_jr/mlops/project/project/lib/python3.10/site-packages/airflow/example_dags/plugins/workday.py
[2024-03-12T18:17:50.081-0400] {processor.py:183} INFO - Processing /home/ironbong_jr/mlops/project/project/lib/python3.10/site-packages/airflow/example_dags/plugins/workday.py took 0.348 seconds
[2024-03-12T18:20:54.408-0400] {processor.py:161} INFO - Started process (PID=379603) to work on /home/ironbong_jr/mlops/project/project/lib/python3.10/site-packages/airflow/example_dags/plugins/workday.py
[2024-03-12T18:20:54.411-0400] {processor.py:830} INFO - Processing file /home/ironbong_jr/mlops/project/project/lib/python3.10/site-packages/airflow/example_dags/plugins/workday.py for tasks to queue
[2024-03-12T18:20:54.412-0400] {logging_mixin.py:188} INFO - [2024-03-12T18:20:54.412-0400] {dagbag.py:540} INFO - Filling up the DagBag from /home/ironbong_jr/mlops/project/project/lib/python3.10/site-packages/airflow/example_dags/plugins/workday.py
[2024-03-12T18:20:54.836-0400] {processor.py:842} WARNING - No viable dags retrieved from /home/ironbong_jr/mlops/project/project/lib/python3.10/site-packages/airflow/example_dags/plugins/workday.py
[2024-03-12T18:20:54.843-0400] {processor.py:183} INFO - Processing /home/ironbong_jr/mlops/project/project/lib/python3.10/site-packages/airflow/example_dags/plugins/workday.py took 0.438 seconds
[2024-03-12T18:22:09.134-0400] {processor.py:161} INFO - Started process (PID=379952) to work on /home/ironbong_jr/mlops/project/project/lib/python3.10/site-packages/airflow/example_dags/plugins/workday.py
[2024-03-12T18:22:09.135-0400] {processor.py:830} INFO - Processing file /home/ironbong_jr/mlops/project/project/lib/python3.10/site-packages/airflow/example_dags/plugins/workday.py for tasks to queue
[2024-03-12T18:22:09.136-0400] {logging_mixin.py:188} INFO - [2024-03-12T18:22:09.136-0400] {dagbag.py:540} INFO - Filling up the DagBag from /home/ironbong_jr/mlops/project/project/lib/python3.10/site-packages/airflow/example_dags/plugins/workday.py
[2024-03-12T18:22:09.491-0400] {processor.py:842} WARNING - No viable dags retrieved from /home/ironbong_jr/mlops/project/project/lib/python3.10/site-packages/airflow/example_dags/plugins/workday.py
[2024-03-12T18:22:09.496-0400] {processor.py:183} INFO - Processing /home/ironbong_jr/mlops/project/project/lib/python3.10/site-packages/airflow/example_dags/plugins/workday.py took 0.364 seconds
[2024-03-12T18:23:20.320-0400] {processor.py:161} INFO - Started process (PID=380267) to work on /home/ironbong_jr/mlops/project/project/lib/python3.10/site-packages/airflow/example_dags/plugins/workday.py
[2024-03-12T18:23:20.324-0400] {processor.py:830} INFO - Processing file /home/ironbong_jr/mlops/project/project/lib/python3.10/site-packages/airflow/example_dags/plugins/workday.py for tasks to queue
[2024-03-12T18:23:20.324-0400] {logging_mixin.py:188} INFO - [2024-03-12T18:23:20.324-0400] {dagbag.py:540} INFO - Filling up the DagBag from /home/ironbong_jr/mlops/project/project/lib/python3.10/site-packages/airflow/example_dags/plugins/workday.py
[2024-03-12T18:23:20.642-0400] {processor.py:842} WARNING - No viable dags retrieved from /home/ironbong_jr/mlops/project/project/lib/python3.10/site-packages/airflow/example_dags/plugins/workday.py
[2024-03-12T18:23:20.646-0400] {processor.py:183} INFO - Processing /home/ironbong_jr/mlops/project/project/lib/python3.10/site-packages/airflow/example_dags/plugins/workday.py took 0.328 seconds
[2024-03-12T18:24:27.945-0400] {processor.py:161} INFO - Started process (PID=380587) to work on /home/ironbong_jr/mlops/project/project/lib/python3.10/site-packages/airflow/example_dags/plugins/workday.py
[2024-03-12T18:24:27.948-0400] {processor.py:830} INFO - Processing file /home/ironbong_jr/mlops/project/project/lib/python3.10/site-packages/airflow/example_dags/plugins/workday.py for tasks to queue
[2024-03-12T18:24:27.949-0400] {logging_mixin.py:188} INFO - [2024-03-12T18:24:27.949-0400] {dagbag.py:540} INFO - Filling up the DagBag from /home/ironbong_jr/mlops/project/project/lib/python3.10/site-packages/airflow/example_dags/plugins/workday.py
[2024-03-12T18:24:28.332-0400] {processor.py:842} WARNING - No viable dags retrieved from /home/ironbong_jr/mlops/project/project/lib/python3.10/site-packages/airflow/example_dags/plugins/workday.py
[2024-03-12T18:24:28.338-0400] {processor.py:183} INFO - Processing /home/ironbong_jr/mlops/project/project/lib/python3.10/site-packages/airflow/example_dags/plugins/workday.py took 0.397 seconds
[2024-03-12T19:41:03.201-0400] {processor.py:161} INFO - Started process (PID=392854) to work on /home/ironbong_jr/mlops/project/project/lib/python3.10/site-packages/airflow/example_dags/plugins/workday.py
[2024-03-12T19:41:03.248-0400] {processor.py:830} INFO - Processing file /home/ironbong_jr/mlops/project/project/lib/python3.10/site-packages/airflow/example_dags/plugins/workday.py for tasks to queue
[2024-03-12T19:41:03.251-0400] {logging_mixin.py:188} INFO - [2024-03-12T19:41:03.250-0400] {dagbag.py:540} INFO - Filling up the DagBag from /home/ironbong_jr/mlops/project/project/lib/python3.10/site-packages/airflow/example_dags/plugins/workday.py
[2024-03-12T19:41:04.100-0400] {processor.py:842} WARNING - No viable dags retrieved from /home/ironbong_jr/mlops/project/project/lib/python3.10/site-packages/airflow/example_dags/plugins/workday.py
[2024-03-12T19:41:04.112-0400] {processor.py:183} INFO - Processing /home/ironbong_jr/mlops/project/project/lib/python3.10/site-packages/airflow/example_dags/plugins/workday.py took 0.917 seconds
[2024-03-12T19:42:33.799-0400] {processor.py:161} INFO - Started process (PID=393254) to work on /home/ironbong_jr/mlops/project/project/lib/python3.10/site-packages/airflow/example_dags/plugins/workday.py
[2024-03-12T19:42:33.851-0400] {processor.py:830} INFO - Processing file /home/ironbong_jr/mlops/project/project/lib/python3.10/site-packages/airflow/example_dags/plugins/workday.py for tasks to queue
[2024-03-12T19:42:33.854-0400] {logging_mixin.py:188} INFO - [2024-03-12T19:42:33.853-0400] {dagbag.py:540} INFO - Filling up the DagBag from /home/ironbong_jr/mlops/project/project/lib/python3.10/site-packages/airflow/example_dags/plugins/workday.py
[2024-03-12T19:42:34.556-0400] {processor.py:842} WARNING - No viable dags retrieved from /home/ironbong_jr/mlops/project/project/lib/python3.10/site-packages/airflow/example_dags/plugins/workday.py
[2024-03-12T19:42:34.570-0400] {processor.py:183} INFO - Processing /home/ironbong_jr/mlops/project/project/lib/python3.10/site-packages/airflow/example_dags/plugins/workday.py took 0.781 seconds
[2024-03-12T19:43:55.252-0400] {processor.py:161} INFO - Started process (PID=393593) to work on /home/ironbong_jr/mlops/project/project/lib/python3.10/site-packages/airflow/example_dags/plugins/workday.py
[2024-03-12T19:43:55.303-0400] {processor.py:830} INFO - Processing file /home/ironbong_jr/mlops/project/project/lib/python3.10/site-packages/airflow/example_dags/plugins/workday.py for tasks to queue
[2024-03-12T19:43:55.305-0400] {logging_mixin.py:188} INFO - [2024-03-12T19:43:55.304-0400] {dagbag.py:540} INFO - Filling up the DagBag from /home/ironbong_jr/mlops/project/project/lib/python3.10/site-packages/airflow/example_dags/plugins/workday.py
[2024-03-12T19:43:55.913-0400] {processor.py:842} WARNING - No viable dags retrieved from /home/ironbong_jr/mlops/project/project/lib/python3.10/site-packages/airflow/example_dags/plugins/workday.py
[2024-03-12T19:43:55.930-0400] {processor.py:183} INFO - Processing /home/ironbong_jr/mlops/project/project/lib/python3.10/site-packages/airflow/example_dags/plugins/workday.py took 0.684 seconds
[2024-03-12T19:45:13.177-0400] {processor.py:161} INFO - Started process (PID=393932) to work on /home/ironbong_jr/mlops/project/project/lib/python3.10/site-packages/airflow/example_dags/plugins/workday.py
[2024-03-12T19:45:13.181-0400] {processor.py:830} INFO - Processing file /home/ironbong_jr/mlops/project/project/lib/python3.10/site-packages/airflow/example_dags/plugins/workday.py for tasks to queue
[2024-03-12T19:45:13.187-0400] {logging_mixin.py:188} INFO - [2024-03-12T19:45:13.185-0400] {dagbag.py:540} INFO - Filling up the DagBag from /home/ironbong_jr/mlops/project/project/lib/python3.10/site-packages/airflow/example_dags/plugins/workday.py
[2024-03-12T19:45:13.664-0400] {processor.py:842} WARNING - No viable dags retrieved from /home/ironbong_jr/mlops/project/project/lib/python3.10/site-packages/airflow/example_dags/plugins/workday.py
[2024-03-12T19:45:13.681-0400] {processor.py:183} INFO - Processing /home/ironbong_jr/mlops/project/project/lib/python3.10/site-packages/airflow/example_dags/plugins/workday.py took 0.511 seconds
[2024-03-12T19:48:51.637-0400] {processor.py:161} INFO - Started process (PID=394705) to work on /home/ironbong_jr/mlops/project/project/lib/python3.10/site-packages/airflow/example_dags/plugins/workday.py
[2024-03-12T19:48:51.688-0400] {processor.py:830} INFO - Processing file /home/ironbong_jr/mlops/project/project/lib/python3.10/site-packages/airflow/example_dags/plugins/workday.py for tasks to queue
[2024-03-12T19:48:51.691-0400] {logging_mixin.py:188} INFO - [2024-03-12T19:48:51.690-0400] {dagbag.py:540} INFO - Filling up the DagBag from /home/ironbong_jr/mlops/project/project/lib/python3.10/site-packages/airflow/example_dags/plugins/workday.py
[2024-03-12T19:48:52.509-0400] {processor.py:842} WARNING - No viable dags retrieved from /home/ironbong_jr/mlops/project/project/lib/python3.10/site-packages/airflow/example_dags/plugins/workday.py
[2024-03-12T19:48:52.520-0400] {processor.py:183} INFO - Processing /home/ironbong_jr/mlops/project/project/lib/python3.10/site-packages/airflow/example_dags/plugins/workday.py took 0.890 seconds
[2024-03-12T19:52:11.110-0400] {processor.py:161} INFO - Started process (PID=395497) to work on /home/ironbong_jr/mlops/project/project/lib/python3.10/site-packages/airflow/example_dags/plugins/workday.py
[2024-03-12T19:52:11.163-0400] {processor.py:830} INFO - Processing file /home/ironbong_jr/mlops/project/project/lib/python3.10/site-packages/airflow/example_dags/plugins/workday.py for tasks to queue
[2024-03-12T19:52:11.167-0400] {logging_mixin.py:188} INFO - [2024-03-12T19:52:11.165-0400] {dagbag.py:540} INFO - Filling up the DagBag from /home/ironbong_jr/mlops/project/project/lib/python3.10/site-packages/airflow/example_dags/plugins/workday.py
[2024-03-12T19:52:12.033-0400] {processor.py:842} WARNING - No viable dags retrieved from /home/ironbong_jr/mlops/project/project/lib/python3.10/site-packages/airflow/example_dags/plugins/workday.py
[2024-03-12T19:52:12.053-0400] {processor.py:183} INFO - Processing /home/ironbong_jr/mlops/project/project/lib/python3.10/site-packages/airflow/example_dags/plugins/workday.py took 0.953 seconds
[2024-03-12T19:53:36.953-0400] {processor.py:161} INFO - Started process (PID=395875) to work on /home/ironbong_jr/mlops/project/project/lib/python3.10/site-packages/airflow/example_dags/plugins/workday.py
[2024-03-12T19:53:37.004-0400] {processor.py:830} INFO - Processing file /home/ironbong_jr/mlops/project/project/lib/python3.10/site-packages/airflow/example_dags/plugins/workday.py for tasks to queue
[2024-03-12T19:53:37.007-0400] {logging_mixin.py:188} INFO - [2024-03-12T19:53:37.006-0400] {dagbag.py:540} INFO - Filling up the DagBag from /home/ironbong_jr/mlops/project/project/lib/python3.10/site-packages/airflow/example_dags/plugins/workday.py
[2024-03-12T19:53:37.696-0400] {processor.py:842} WARNING - No viable dags retrieved from /home/ironbong_jr/mlops/project/project/lib/python3.10/site-packages/airflow/example_dags/plugins/workday.py
[2024-03-12T19:53:37.715-0400] {processor.py:183} INFO - Processing /home/ironbong_jr/mlops/project/project/lib/python3.10/site-packages/airflow/example_dags/plugins/workday.py took 0.779 seconds
[2024-03-12T19:54:58.277-0400] {processor.py:161} INFO - Started process (PID=396215) to work on /home/ironbong_jr/mlops/project/project/lib/python3.10/site-packages/airflow/example_dags/plugins/workday.py
[2024-03-12T19:54:58.325-0400] {processor.py:830} INFO - Processing file /home/ironbong_jr/mlops/project/project/lib/python3.10/site-packages/airflow/example_dags/plugins/workday.py for tasks to queue
[2024-03-12T19:54:58.329-0400] {logging_mixin.py:188} INFO - [2024-03-12T19:54:58.328-0400] {dagbag.py:540} INFO - Filling up the DagBag from /home/ironbong_jr/mlops/project/project/lib/python3.10/site-packages/airflow/example_dags/plugins/workday.py
[2024-03-12T19:54:58.878-0400] {processor.py:842} WARNING - No viable dags retrieved from /home/ironbong_jr/mlops/project/project/lib/python3.10/site-packages/airflow/example_dags/plugins/workday.py
[2024-03-12T19:54:58.891-0400] {processor.py:183} INFO - Processing /home/ironbong_jr/mlops/project/project/lib/python3.10/site-packages/airflow/example_dags/plugins/workday.py took 0.631 seconds
[2024-03-12T19:56:10.668-0400] {processor.py:161} INFO - Started process (PID=396503) to work on /home/ironbong_jr/mlops/project/project/lib/python3.10/site-packages/airflow/example_dags/plugins/workday.py
[2024-03-12T19:56:10.719-0400] {processor.py:830} INFO - Processing file /home/ironbong_jr/mlops/project/project/lib/python3.10/site-packages/airflow/example_dags/plugins/workday.py for tasks to queue
[2024-03-12T19:56:10.721-0400] {logging_mixin.py:188} INFO - [2024-03-12T19:56:10.720-0400] {dagbag.py:540} INFO - Filling up the DagBag from /home/ironbong_jr/mlops/project/project/lib/python3.10/site-packages/airflow/example_dags/plugins/workday.py
[2024-03-12T19:56:11.324-0400] {processor.py:842} WARNING - No viable dags retrieved from /home/ironbong_jr/mlops/project/project/lib/python3.10/site-packages/airflow/example_dags/plugins/workday.py
[2024-03-12T19:56:11.346-0400] {processor.py:183} INFO - Processing /home/ironbong_jr/mlops/project/project/lib/python3.10/site-packages/airflow/example_dags/plugins/workday.py took 0.689 seconds
[2024-03-12T19:57:31.217-0400] {processor.py:161} INFO - Started process (PID=396839) to work on /home/ironbong_jr/mlops/project/project/lib/python3.10/site-packages/airflow/example_dags/plugins/workday.py
[2024-03-12T19:57:31.265-0400] {processor.py:830} INFO - Processing file /home/ironbong_jr/mlops/project/project/lib/python3.10/site-packages/airflow/example_dags/plugins/workday.py for tasks to queue
[2024-03-12T19:57:31.268-0400] {logging_mixin.py:188} INFO - [2024-03-12T19:57:31.266-0400] {dagbag.py:540} INFO - Filling up the DagBag from /home/ironbong_jr/mlops/project/project/lib/python3.10/site-packages/airflow/example_dags/plugins/workday.py
[2024-03-12T19:57:31.951-0400] {processor.py:842} WARNING - No viable dags retrieved from /home/ironbong_jr/mlops/project/project/lib/python3.10/site-packages/airflow/example_dags/plugins/workday.py
[2024-03-12T19:57:31.967-0400] {processor.py:183} INFO - Processing /home/ironbong_jr/mlops/project/project/lib/python3.10/site-packages/airflow/example_dags/plugins/workday.py took 0.757 seconds
[2024-03-12T19:58:44.031-0400] {processor.py:161} INFO - Started process (PID=397127) to work on /home/ironbong_jr/mlops/project/project/lib/python3.10/site-packages/airflow/example_dags/plugins/workday.py
[2024-03-12T19:58:44.084-0400] {processor.py:830} INFO - Processing file /home/ironbong_jr/mlops/project/project/lib/python3.10/site-packages/airflow/example_dags/plugins/workday.py for tasks to queue
[2024-03-12T19:58:44.086-0400] {logging_mixin.py:188} INFO - [2024-03-12T19:58:44.086-0400] {dagbag.py:540} INFO - Filling up the DagBag from /home/ironbong_jr/mlops/project/project/lib/python3.10/site-packages/airflow/example_dags/plugins/workday.py
[2024-03-12T19:58:44.798-0400] {processor.py:842} WARNING - No viable dags retrieved from /home/ironbong_jr/mlops/project/project/lib/python3.10/site-packages/airflow/example_dags/plugins/workday.py
[2024-03-12T19:58:44.817-0400] {processor.py:183} INFO - Processing /home/ironbong_jr/mlops/project/project/lib/python3.10/site-packages/airflow/example_dags/plugins/workday.py took 0.792 seconds
[2024-03-12T19:59:59.464-0400] {processor.py:161} INFO - Started process (PID=397449) to work on /home/ironbong_jr/mlops/project/project/lib/python3.10/site-packages/airflow/example_dags/plugins/workday.py
[2024-03-12T19:59:59.467-0400] {processor.py:830} INFO - Processing file /home/ironbong_jr/mlops/project/project/lib/python3.10/site-packages/airflow/example_dags/plugins/workday.py for tasks to queue
[2024-03-12T19:59:59.470-0400] {logging_mixin.py:188} INFO - [2024-03-12T19:59:59.469-0400] {dagbag.py:540} INFO - Filling up the DagBag from /home/ironbong_jr/mlops/project/project/lib/python3.10/site-packages/airflow/example_dags/plugins/workday.py
[2024-03-12T20:00:00.161-0400] {processor.py:842} WARNING - No viable dags retrieved from /home/ironbong_jr/mlops/project/project/lib/python3.10/site-packages/airflow/example_dags/plugins/workday.py
[2024-03-12T20:00:00.179-0400] {processor.py:183} INFO - Processing /home/ironbong_jr/mlops/project/project/lib/python3.10/site-packages/airflow/example_dags/plugins/workday.py took 0.721 seconds
