[2024-03-12T00:40:24.182-0400] {processor.py:161} INFO - Started process (PID=299743) to work on /home/ironbong_jr/mlops/project/project/lib/python3.10/site-packages/airflow/example_dags/subdags/subdag.py
[2024-03-12T00:40:24.183-0400] {processor.py:830} INFO - Processing file /home/ironbong_jr/mlops/project/project/lib/python3.10/site-packages/airflow/example_dags/subdags/subdag.py for tasks to queue
[2024-03-12T00:40:24.185-0400] {logging_mixin.py:188} INFO - [2024-03-12T00:40:24.184-0400] {dagbag.py:540} INFO - Filling up the DagBag from /home/ironbong_jr/mlops/project/project/lib/python3.10/site-packages/airflow/example_dags/subdags/subdag.py
[2024-03-12T00:40:24.189-0400] {processor.py:842} WARNING - No viable dags retrieved from /home/ironbong_jr/mlops/project/project/lib/python3.10/site-packages/airflow/example_dags/subdags/subdag.py
[2024-03-12T00:40:24.209-0400] {processor.py:183} INFO - Processing /home/ironbong_jr/mlops/project/project/lib/python3.10/site-packages/airflow/example_dags/subdags/subdag.py took 0.033 seconds
[2024-03-12T00:51:28.682-0400] {processor.py:161} INFO - Started process (PID=302439) to work on /home/ironbong_jr/mlops/project/project/lib/python3.10/site-packages/airflow/example_dags/subdags/subdag.py
[2024-03-12T00:51:28.732-0400] {processor.py:830} INFO - Processing file /home/ironbong_jr/mlops/project/project/lib/python3.10/site-packages/airflow/example_dags/subdags/subdag.py for tasks to queue
[2024-03-12T00:51:28.734-0400] {logging_mixin.py:188} INFO - [2024-03-12T00:51:28.733-0400] {dagbag.py:540} INFO - Filling up the DagBag from /home/ironbong_jr/mlops/project/project/lib/python3.10/site-packages/airflow/example_dags/subdags/subdag.py
[2024-03-12T00:51:28.742-0400] {processor.py:842} WARNING - No viable dags retrieved from /home/ironbong_jr/mlops/project/project/lib/python3.10/site-packages/airflow/example_dags/subdags/subdag.py
[2024-03-12T00:51:28.765-0400] {processor.py:183} INFO - Processing /home/ironbong_jr/mlops/project/project/lib/python3.10/site-packages/airflow/example_dags/subdags/subdag.py took 0.089 seconds
[2024-03-12T00:52:43.748-0400] {processor.py:161} INFO - Started process (PID=302794) to work on /home/ironbong_jr/mlops/project/project/lib/python3.10/site-packages/airflow/example_dags/subdags/subdag.py
[2024-03-12T00:52:43.800-0400] {processor.py:830} INFO - Processing file /home/ironbong_jr/mlops/project/project/lib/python3.10/site-packages/airflow/example_dags/subdags/subdag.py for tasks to queue
[2024-03-12T00:52:43.803-0400] {logging_mixin.py:188} INFO - [2024-03-12T00:52:43.802-0400] {dagbag.py:540} INFO - Filling up the DagBag from /home/ironbong_jr/mlops/project/project/lib/python3.10/site-packages/airflow/example_dags/subdags/subdag.py
[2024-03-12T00:52:43.807-0400] {processor.py:842} WARNING - No viable dags retrieved from /home/ironbong_jr/mlops/project/project/lib/python3.10/site-packages/airflow/example_dags/subdags/subdag.py
[2024-03-12T00:52:43.823-0400] {processor.py:183} INFO - Processing /home/ironbong_jr/mlops/project/project/lib/python3.10/site-packages/airflow/example_dags/subdags/subdag.py took 0.081 seconds
[2024-03-12T00:53:51.305-0400] {processor.py:161} INFO - Started process (PID=303152) to work on /home/ironbong_jr/mlops/project/project/lib/python3.10/site-packages/airflow/example_dags/subdags/subdag.py
[2024-03-12T00:53:51.356-0400] {processor.py:830} INFO - Processing file /home/ironbong_jr/mlops/project/project/lib/python3.10/site-packages/airflow/example_dags/subdags/subdag.py for tasks to queue
[2024-03-12T00:53:51.360-0400] {logging_mixin.py:188} INFO - [2024-03-12T00:53:51.359-0400] {dagbag.py:540} INFO - Filling up the DagBag from /home/ironbong_jr/mlops/project/project/lib/python3.10/site-packages/airflow/example_dags/subdags/subdag.py
[2024-03-12T00:53:51.365-0400] {processor.py:842} WARNING - No viable dags retrieved from /home/ironbong_jr/mlops/project/project/lib/python3.10/site-packages/airflow/example_dags/subdags/subdag.py
[2024-03-12T00:53:51.388-0400] {processor.py:183} INFO - Processing /home/ironbong_jr/mlops/project/project/lib/python3.10/site-packages/airflow/example_dags/subdags/subdag.py took 0.099 seconds
[2024-03-12T01:01:03.341-0400] {processor.py:161} INFO - Started process (PID=304952) to work on /home/ironbong_jr/mlops/project/project/lib/python3.10/site-packages/airflow/example_dags/subdags/subdag.py
[2024-03-12T01:01:03.394-0400] {processor.py:830} INFO - Processing file /home/ironbong_jr/mlops/project/project/lib/python3.10/site-packages/airflow/example_dags/subdags/subdag.py for tasks to queue
[2024-03-12T01:01:03.397-0400] {logging_mixin.py:188} INFO - [2024-03-12T01:01:03.396-0400] {dagbag.py:540} INFO - Filling up the DagBag from /home/ironbong_jr/mlops/project/project/lib/python3.10/site-packages/airflow/example_dags/subdags/subdag.py
[2024-03-12T01:01:03.404-0400] {processor.py:842} WARNING - No viable dags retrieved from /home/ironbong_jr/mlops/project/project/lib/python3.10/site-packages/airflow/example_dags/subdags/subdag.py
[2024-03-12T01:01:03.431-0400] {processor.py:183} INFO - Processing /home/ironbong_jr/mlops/project/project/lib/python3.10/site-packages/airflow/example_dags/subdags/subdag.py took 0.106 seconds
[2024-03-12T01:20:38.212-0400] {processor.py:161} INFO - Started process (PID=312381) to work on /home/ironbong_jr/mlops/project/project/lib/python3.10/site-packages/airflow/example_dags/subdags/subdag.py
[2024-03-12T01:20:38.263-0400] {processor.py:830} INFO - Processing file /home/ironbong_jr/mlops/project/project/lib/python3.10/site-packages/airflow/example_dags/subdags/subdag.py for tasks to queue
[2024-03-12T01:20:38.266-0400] {logging_mixin.py:188} INFO - [2024-03-12T01:20:38.265-0400] {dagbag.py:540} INFO - Filling up the DagBag from /home/ironbong_jr/mlops/project/project/lib/python3.10/site-packages/airflow/example_dags/subdags/subdag.py
[2024-03-12T01:20:38.271-0400] {processor.py:842} WARNING - No viable dags retrieved from /home/ironbong_jr/mlops/project/project/lib/python3.10/site-packages/airflow/example_dags/subdags/subdag.py
[2024-03-12T01:20:38.294-0400] {processor.py:183} INFO - Processing /home/ironbong_jr/mlops/project/project/lib/python3.10/site-packages/airflow/example_dags/subdags/subdag.py took 0.089 seconds
[2024-03-12T01:22:26.501-0400] {processor.py:161} INFO - Started process (PID=313187) to work on /home/ironbong_jr/mlops/project/project/lib/python3.10/site-packages/airflow/example_dags/subdags/subdag.py
[2024-03-12T01:22:26.554-0400] {processor.py:830} INFO - Processing file /home/ironbong_jr/mlops/project/project/lib/python3.10/site-packages/airflow/example_dags/subdags/subdag.py for tasks to queue
[2024-03-12T01:22:26.557-0400] {logging_mixin.py:188} INFO - [2024-03-12T01:22:26.556-0400] {dagbag.py:540} INFO - Filling up the DagBag from /home/ironbong_jr/mlops/project/project/lib/python3.10/site-packages/airflow/example_dags/subdags/subdag.py
[2024-03-12T01:22:26.564-0400] {processor.py:842} WARNING - No viable dags retrieved from /home/ironbong_jr/mlops/project/project/lib/python3.10/site-packages/airflow/example_dags/subdags/subdag.py
[2024-03-12T01:22:26.594-0400] {processor.py:183} INFO - Processing /home/ironbong_jr/mlops/project/project/lib/python3.10/site-packages/airflow/example_dags/subdags/subdag.py took 0.100 seconds
[2024-03-12T01:23:56.895-0400] {processor.py:161} INFO - Started process (PID=313859) to work on /home/ironbong_jr/mlops/project/project/lib/python3.10/site-packages/airflow/example_dags/subdags/subdag.py
[2024-03-12T01:23:56.929-0400] {processor.py:830} INFO - Processing file /home/ironbong_jr/mlops/project/project/lib/python3.10/site-packages/airflow/example_dags/subdags/subdag.py for tasks to queue
[2024-03-12T01:23:56.931-0400] {logging_mixin.py:188} INFO - [2024-03-12T01:23:56.930-0400] {dagbag.py:540} INFO - Filling up the DagBag from /home/ironbong_jr/mlops/project/project/lib/python3.10/site-packages/airflow/example_dags/subdags/subdag.py
[2024-03-12T01:23:56.936-0400] {processor.py:842} WARNING - No viable dags retrieved from /home/ironbong_jr/mlops/project/project/lib/python3.10/site-packages/airflow/example_dags/subdags/subdag.py
[2024-03-12T01:23:56.954-0400] {processor.py:183} INFO - Processing /home/ironbong_jr/mlops/project/project/lib/python3.10/site-packages/airflow/example_dags/subdags/subdag.py took 0.064 seconds
[2024-03-12T01:25:46.676-0400] {processor.py:161} INFO - Started process (PID=314694) to work on /home/ironbong_jr/mlops/project/project/lib/python3.10/site-packages/airflow/example_dags/subdags/subdag.py
[2024-03-12T01:25:46.681-0400] {processor.py:830} INFO - Processing file /home/ironbong_jr/mlops/project/project/lib/python3.10/site-packages/airflow/example_dags/subdags/subdag.py for tasks to queue
[2024-03-12T01:25:46.683-0400] {logging_mixin.py:188} INFO - [2024-03-12T01:25:46.682-0400] {dagbag.py:540} INFO - Filling up the DagBag from /home/ironbong_jr/mlops/project/project/lib/python3.10/site-packages/airflow/example_dags/subdags/subdag.py
[2024-03-12T01:25:46.697-0400] {processor.py:842} WARNING - No viable dags retrieved from /home/ironbong_jr/mlops/project/project/lib/python3.10/site-packages/airflow/example_dags/subdags/subdag.py
[2024-03-12T01:25:46.726-0400] {processor.py:183} INFO - Processing /home/ironbong_jr/mlops/project/project/lib/python3.10/site-packages/airflow/example_dags/subdags/subdag.py took 0.064 seconds
[2024-03-12T01:27:27.775-0400] {processor.py:161} INFO - Started process (PID=315442) to work on /home/ironbong_jr/mlops/project/project/lib/python3.10/site-packages/airflow/example_dags/subdags/subdag.py
[2024-03-12T01:27:27.781-0400] {processor.py:830} INFO - Processing file /home/ironbong_jr/mlops/project/project/lib/python3.10/site-packages/airflow/example_dags/subdags/subdag.py for tasks to queue
[2024-03-12T01:27:27.783-0400] {logging_mixin.py:188} INFO - [2024-03-12T01:27:27.782-0400] {dagbag.py:540} INFO - Filling up the DagBag from /home/ironbong_jr/mlops/project/project/lib/python3.10/site-packages/airflow/example_dags/subdags/subdag.py
[2024-03-12T01:27:27.787-0400] {processor.py:842} WARNING - No viable dags retrieved from /home/ironbong_jr/mlops/project/project/lib/python3.10/site-packages/airflow/example_dags/subdags/subdag.py
[2024-03-12T01:27:27.811-0400] {processor.py:183} INFO - Processing /home/ironbong_jr/mlops/project/project/lib/python3.10/site-packages/airflow/example_dags/subdags/subdag.py took 0.041 seconds
[2024-03-12T01:28:47.185-0400] {processor.py:161} INFO - Started process (PID=316028) to work on /home/ironbong_jr/mlops/project/project/lib/python3.10/site-packages/airflow/example_dags/subdags/subdag.py
[2024-03-12T01:28:47.218-0400] {processor.py:830} INFO - Processing file /home/ironbong_jr/mlops/project/project/lib/python3.10/site-packages/airflow/example_dags/subdags/subdag.py for tasks to queue
[2024-03-12T01:28:47.221-0400] {logging_mixin.py:188} INFO - [2024-03-12T01:28:47.220-0400] {dagbag.py:540} INFO - Filling up the DagBag from /home/ironbong_jr/mlops/project/project/lib/python3.10/site-packages/airflow/example_dags/subdags/subdag.py
[2024-03-12T01:28:47.226-0400] {processor.py:842} WARNING - No viable dags retrieved from /home/ironbong_jr/mlops/project/project/lib/python3.10/site-packages/airflow/example_dags/subdags/subdag.py
[2024-03-12T01:28:47.305-0400] {processor.py:183} INFO - Processing /home/ironbong_jr/mlops/project/project/lib/python3.10/site-packages/airflow/example_dags/subdags/subdag.py took 0.125 seconds
[2024-03-12T01:29:56.369-0400] {processor.py:161} INFO - Started process (PID=316529) to work on /home/ironbong_jr/mlops/project/project/lib/python3.10/site-packages/airflow/example_dags/subdags/subdag.py
[2024-03-12T01:29:56.402-0400] {processor.py:830} INFO - Processing file /home/ironbong_jr/mlops/project/project/lib/python3.10/site-packages/airflow/example_dags/subdags/subdag.py for tasks to queue
[2024-03-12T01:29:56.405-0400] {logging_mixin.py:188} INFO - [2024-03-12T01:29:56.404-0400] {dagbag.py:540} INFO - Filling up the DagBag from /home/ironbong_jr/mlops/project/project/lib/python3.10/site-packages/airflow/example_dags/subdags/subdag.py
[2024-03-12T01:29:56.410-0400] {processor.py:842} WARNING - No viable dags retrieved from /home/ironbong_jr/mlops/project/project/lib/python3.10/site-packages/airflow/example_dags/subdags/subdag.py
[2024-03-12T01:29:56.429-0400] {processor.py:183} INFO - Processing /home/ironbong_jr/mlops/project/project/lib/python3.10/site-packages/airflow/example_dags/subdags/subdag.py took 0.066 seconds
[2024-03-12T01:39:17.512-0400] {processor.py:161} INFO - Started process (PID=320275) to work on /home/ironbong_jr/mlops/project/project/lib/python3.10/site-packages/airflow/example_dags/subdags/subdag.py
[2024-03-12T01:39:17.545-0400] {processor.py:830} INFO - Processing file /home/ironbong_jr/mlops/project/project/lib/python3.10/site-packages/airflow/example_dags/subdags/subdag.py for tasks to queue
[2024-03-12T01:39:17.548-0400] {logging_mixin.py:188} INFO - [2024-03-12T01:39:17.547-0400] {dagbag.py:540} INFO - Filling up the DagBag from /home/ironbong_jr/mlops/project/project/lib/python3.10/site-packages/airflow/example_dags/subdags/subdag.py
[2024-03-12T01:39:17.562-0400] {processor.py:842} WARNING - No viable dags retrieved from /home/ironbong_jr/mlops/project/project/lib/python3.10/site-packages/airflow/example_dags/subdags/subdag.py
[2024-03-12T01:39:17.588-0400] {processor.py:183} INFO - Processing /home/ironbong_jr/mlops/project/project/lib/python3.10/site-packages/airflow/example_dags/subdags/subdag.py took 0.084 seconds
[2024-03-12T01:40:38.991-0400] {processor.py:161} INFO - Started process (PID=320871) to work on /home/ironbong_jr/mlops/project/project/lib/python3.10/site-packages/airflow/example_dags/subdags/subdag.py
[2024-03-12T01:40:39.024-0400] {processor.py:830} INFO - Processing file /home/ironbong_jr/mlops/project/project/lib/python3.10/site-packages/airflow/example_dags/subdags/subdag.py for tasks to queue
[2024-03-12T01:40:39.026-0400] {logging_mixin.py:188} INFO - [2024-03-12T01:40:39.025-0400] {dagbag.py:540} INFO - Filling up the DagBag from /home/ironbong_jr/mlops/project/project/lib/python3.10/site-packages/airflow/example_dags/subdags/subdag.py
[2024-03-12T01:40:39.031-0400] {processor.py:842} WARNING - No viable dags retrieved from /home/ironbong_jr/mlops/project/project/lib/python3.10/site-packages/airflow/example_dags/subdags/subdag.py
[2024-03-12T01:40:39.051-0400] {processor.py:183} INFO - Processing /home/ironbong_jr/mlops/project/project/lib/python3.10/site-packages/airflow/example_dags/subdags/subdag.py took 0.066 seconds
[2024-03-12T01:42:02.039-0400] {processor.py:161} INFO - Started process (PID=321480) to work on /home/ironbong_jr/mlops/project/project/lib/python3.10/site-packages/airflow/example_dags/subdags/subdag.py
[2024-03-12T01:42:02.072-0400] {processor.py:830} INFO - Processing file /home/ironbong_jr/mlops/project/project/lib/python3.10/site-packages/airflow/example_dags/subdags/subdag.py for tasks to queue
[2024-03-12T01:42:02.075-0400] {logging_mixin.py:188} INFO - [2024-03-12T01:42:02.074-0400] {dagbag.py:540} INFO - Filling up the DagBag from /home/ironbong_jr/mlops/project/project/lib/python3.10/site-packages/airflow/example_dags/subdags/subdag.py
[2024-03-12T01:42:02.079-0400] {processor.py:842} WARNING - No viable dags retrieved from /home/ironbong_jr/mlops/project/project/lib/python3.10/site-packages/airflow/example_dags/subdags/subdag.py
[2024-03-12T01:42:02.098-0400] {processor.py:183} INFO - Processing /home/ironbong_jr/mlops/project/project/lib/python3.10/site-packages/airflow/example_dags/subdags/subdag.py took 0.067 seconds
[2024-03-12T01:43:32.181-0400] {processor.py:161} INFO - Started process (PID=322161) to work on /home/ironbong_jr/mlops/project/project/lib/python3.10/site-packages/airflow/example_dags/subdags/subdag.py
[2024-03-12T01:43:32.214-0400] {processor.py:830} INFO - Processing file /home/ironbong_jr/mlops/project/project/lib/python3.10/site-packages/airflow/example_dags/subdags/subdag.py for tasks to queue
[2024-03-12T01:43:32.216-0400] {logging_mixin.py:188} INFO - [2024-03-12T01:43:32.216-0400] {dagbag.py:540} INFO - Filling up the DagBag from /home/ironbong_jr/mlops/project/project/lib/python3.10/site-packages/airflow/example_dags/subdags/subdag.py
[2024-03-12T01:43:32.220-0400] {processor.py:842} WARNING - No viable dags retrieved from /home/ironbong_jr/mlops/project/project/lib/python3.10/site-packages/airflow/example_dags/subdags/subdag.py
[2024-03-12T01:43:32.245-0400] {processor.py:183} INFO - Processing /home/ironbong_jr/mlops/project/project/lib/python3.10/site-packages/airflow/example_dags/subdags/subdag.py took 0.069 seconds
[2024-03-12T01:48:04.026-0400] {processor.py:161} INFO - Started process (PID=323905) to work on /home/ironbong_jr/mlops/project/project/lib/python3.10/site-packages/airflow/example_dags/subdags/subdag.py
[2024-03-12T01:48:04.061-0400] {processor.py:830} INFO - Processing file /home/ironbong_jr/mlops/project/project/lib/python3.10/site-packages/airflow/example_dags/subdags/subdag.py for tasks to queue
[2024-03-12T01:48:04.064-0400] {logging_mixin.py:188} INFO - [2024-03-12T01:48:04.063-0400] {dagbag.py:540} INFO - Filling up the DagBag from /home/ironbong_jr/mlops/project/project/lib/python3.10/site-packages/airflow/example_dags/subdags/subdag.py
[2024-03-12T01:48:04.068-0400] {processor.py:842} WARNING - No viable dags retrieved from /home/ironbong_jr/mlops/project/project/lib/python3.10/site-packages/airflow/example_dags/subdags/subdag.py
[2024-03-12T01:48:04.091-0400] {processor.py:183} INFO - Processing /home/ironbong_jr/mlops/project/project/lib/python3.10/site-packages/airflow/example_dags/subdags/subdag.py took 0.070 seconds
[2024-03-12T01:49:37.125-0400] {processor.py:161} INFO - Started process (PID=324530) to work on /home/ironbong_jr/mlops/project/project/lib/python3.10/site-packages/airflow/example_dags/subdags/subdag.py
[2024-03-12T01:49:37.131-0400] {processor.py:830} INFO - Processing file /home/ironbong_jr/mlops/project/project/lib/python3.10/site-packages/airflow/example_dags/subdags/subdag.py for tasks to queue
[2024-03-12T01:49:37.134-0400] {logging_mixin.py:188} INFO - [2024-03-12T01:49:37.133-0400] {dagbag.py:540} INFO - Filling up the DagBag from /home/ironbong_jr/mlops/project/project/lib/python3.10/site-packages/airflow/example_dags/subdags/subdag.py
[2024-03-12T01:49:37.139-0400] {processor.py:842} WARNING - No viable dags retrieved from /home/ironbong_jr/mlops/project/project/lib/python3.10/site-packages/airflow/example_dags/subdags/subdag.py
[2024-03-12T01:49:37.160-0400] {processor.py:183} INFO - Processing /home/ironbong_jr/mlops/project/project/lib/python3.10/site-packages/airflow/example_dags/subdags/subdag.py took 0.043 seconds
[2024-03-12T01:51:05.841-0400] {processor.py:161} INFO - Started process (PID=324837) to work on /home/ironbong_jr/mlops/project/project/lib/python3.10/site-packages/airflow/example_dags/subdags/subdag.py
[2024-03-12T01:51:05.874-0400] {processor.py:830} INFO - Processing file /home/ironbong_jr/mlops/project/project/lib/python3.10/site-packages/airflow/example_dags/subdags/subdag.py for tasks to queue
[2024-03-12T01:51:05.877-0400] {logging_mixin.py:188} INFO - [2024-03-12T01:51:05.876-0400] {dagbag.py:540} INFO - Filling up the DagBag from /home/ironbong_jr/mlops/project/project/lib/python3.10/site-packages/airflow/example_dags/subdags/subdag.py
[2024-03-12T01:51:05.883-0400] {processor.py:842} WARNING - No viable dags retrieved from /home/ironbong_jr/mlops/project/project/lib/python3.10/site-packages/airflow/example_dags/subdags/subdag.py
[2024-03-12T01:51:05.919-0400] {processor.py:183} INFO - Processing /home/ironbong_jr/mlops/project/project/lib/python3.10/site-packages/airflow/example_dags/subdags/subdag.py took 0.085 seconds
[2024-03-12T01:52:24.305-0400] {processor.py:161} INFO - Started process (PID=325113) to work on /home/ironbong_jr/mlops/project/project/lib/python3.10/site-packages/airflow/example_dags/subdags/subdag.py
[2024-03-12T01:52:24.339-0400] {processor.py:830} INFO - Processing file /home/ironbong_jr/mlops/project/project/lib/python3.10/site-packages/airflow/example_dags/subdags/subdag.py for tasks to queue
[2024-03-12T01:52:24.341-0400] {logging_mixin.py:188} INFO - [2024-03-12T01:52:24.340-0400] {dagbag.py:540} INFO - Filling up the DagBag from /home/ironbong_jr/mlops/project/project/lib/python3.10/site-packages/airflow/example_dags/subdags/subdag.py
[2024-03-12T01:52:24.346-0400] {processor.py:842} WARNING - No viable dags retrieved from /home/ironbong_jr/mlops/project/project/lib/python3.10/site-packages/airflow/example_dags/subdags/subdag.py
[2024-03-12T01:52:24.368-0400] {processor.py:183} INFO - Processing /home/ironbong_jr/mlops/project/project/lib/python3.10/site-packages/airflow/example_dags/subdags/subdag.py took 0.074 seconds
[2024-03-12T01:53:40.522-0400] {processor.py:161} INFO - Started process (PID=325379) to work on /home/ironbong_jr/mlops/project/project/lib/python3.10/site-packages/airflow/example_dags/subdags/subdag.py
[2024-03-12T01:53:40.557-0400] {processor.py:830} INFO - Processing file /home/ironbong_jr/mlops/project/project/lib/python3.10/site-packages/airflow/example_dags/subdags/subdag.py for tasks to queue
[2024-03-12T01:53:40.559-0400] {logging_mixin.py:188} INFO - [2024-03-12T01:53:40.558-0400] {dagbag.py:540} INFO - Filling up the DagBag from /home/ironbong_jr/mlops/project/project/lib/python3.10/site-packages/airflow/example_dags/subdags/subdag.py
[2024-03-12T01:53:40.563-0400] {processor.py:842} WARNING - No viable dags retrieved from /home/ironbong_jr/mlops/project/project/lib/python3.10/site-packages/airflow/example_dags/subdags/subdag.py
[2024-03-12T01:53:40.581-0400] {processor.py:183} INFO - Processing /home/ironbong_jr/mlops/project/project/lib/python3.10/site-packages/airflow/example_dags/subdags/subdag.py took 0.069 seconds
[2024-03-12T01:58:30.331-0400] {processor.py:161} INFO - Started process (PID=326176) to work on /home/ironbong_jr/mlops/project/project/lib/python3.10/site-packages/airflow/example_dags/subdags/subdag.py
[2024-03-12T01:58:30.370-0400] {processor.py:830} INFO - Processing file /home/ironbong_jr/mlops/project/project/lib/python3.10/site-packages/airflow/example_dags/subdags/subdag.py for tasks to queue
[2024-03-12T01:58:30.373-0400] {logging_mixin.py:188} INFO - [2024-03-12T01:58:30.371-0400] {dagbag.py:540} INFO - Filling up the DagBag from /home/ironbong_jr/mlops/project/project/lib/python3.10/site-packages/airflow/example_dags/subdags/subdag.py
[2024-03-12T01:58:30.390-0400] {processor.py:842} WARNING - No viable dags retrieved from /home/ironbong_jr/mlops/project/project/lib/python3.10/site-packages/airflow/example_dags/subdags/subdag.py
[2024-03-12T01:58:30.463-0400] {processor.py:183} INFO - Processing /home/ironbong_jr/mlops/project/project/lib/python3.10/site-packages/airflow/example_dags/subdags/subdag.py took 0.138 seconds
[2024-03-12T02:00:00.562-0400] {processor.py:161} INFO - Started process (PID=326478) to work on /home/ironbong_jr/mlops/project/project/lib/python3.10/site-packages/airflow/example_dags/subdags/subdag.py
[2024-03-12T02:00:00.595-0400] {processor.py:830} INFO - Processing file /home/ironbong_jr/mlops/project/project/lib/python3.10/site-packages/airflow/example_dags/subdags/subdag.py for tasks to queue
[2024-03-12T02:00:00.597-0400] {logging_mixin.py:188} INFO - [2024-03-12T02:00:00.596-0400] {dagbag.py:540} INFO - Filling up the DagBag from /home/ironbong_jr/mlops/project/project/lib/python3.10/site-packages/airflow/example_dags/subdags/subdag.py
[2024-03-12T02:00:00.602-0400] {processor.py:842} WARNING - No viable dags retrieved from /home/ironbong_jr/mlops/project/project/lib/python3.10/site-packages/airflow/example_dags/subdags/subdag.py
[2024-03-12T02:00:00.619-0400] {processor.py:183} INFO - Processing /home/ironbong_jr/mlops/project/project/lib/python3.10/site-packages/airflow/example_dags/subdags/subdag.py took 0.063 seconds
[2024-03-12T02:03:08.074-0400] {processor.py:161} INFO - Started process (PID=327096) to work on /home/ironbong_jr/mlops/project/project/lib/python3.10/site-packages/airflow/example_dags/subdags/subdag.py
[2024-03-12T02:03:08.106-0400] {processor.py:830} INFO - Processing file /home/ironbong_jr/mlops/project/project/lib/python3.10/site-packages/airflow/example_dags/subdags/subdag.py for tasks to queue
[2024-03-12T02:03:08.108-0400] {logging_mixin.py:188} INFO - [2024-03-12T02:03:08.108-0400] {dagbag.py:540} INFO - Filling up the DagBag from /home/ironbong_jr/mlops/project/project/lib/python3.10/site-packages/airflow/example_dags/subdags/subdag.py
[2024-03-12T02:03:08.113-0400] {processor.py:842} WARNING - No viable dags retrieved from /home/ironbong_jr/mlops/project/project/lib/python3.10/site-packages/airflow/example_dags/subdags/subdag.py
[2024-03-12T02:03:08.130-0400] {processor.py:183} INFO - Processing /home/ironbong_jr/mlops/project/project/lib/python3.10/site-packages/airflow/example_dags/subdags/subdag.py took 0.061 seconds
[2024-03-12T02:05:30.147-0400] {processor.py:161} INFO - Started process (PID=327559) to work on /home/ironbong_jr/mlops/project/project/lib/python3.10/site-packages/airflow/example_dags/subdags/subdag.py
[2024-03-12T02:05:30.150-0400] {processor.py:830} INFO - Processing file /home/ironbong_jr/mlops/project/project/lib/python3.10/site-packages/airflow/example_dags/subdags/subdag.py for tasks to queue
[2024-03-12T02:05:30.151-0400] {logging_mixin.py:188} INFO - [2024-03-12T02:05:30.151-0400] {dagbag.py:540} INFO - Filling up the DagBag from /home/ironbong_jr/mlops/project/project/lib/python3.10/site-packages/airflow/example_dags/subdags/subdag.py
[2024-03-12T02:05:30.153-0400] {processor.py:842} WARNING - No viable dags retrieved from /home/ironbong_jr/mlops/project/project/lib/python3.10/site-packages/airflow/example_dags/subdags/subdag.py
[2024-03-12T02:05:30.198-0400] {processor.py:183} INFO - Processing /home/ironbong_jr/mlops/project/project/lib/python3.10/site-packages/airflow/example_dags/subdags/subdag.py took 0.053 seconds
[2024-03-12T02:06:57.316-0400] {processor.py:161} INFO - Started process (PID=327861) to work on /home/ironbong_jr/mlops/project/project/lib/python3.10/site-packages/airflow/example_dags/subdags/subdag.py
[2024-03-12T02:06:57.327-0400] {processor.py:830} INFO - Processing file /home/ironbong_jr/mlops/project/project/lib/python3.10/site-packages/airflow/example_dags/subdags/subdag.py for tasks to queue
[2024-03-12T02:06:57.331-0400] {logging_mixin.py:188} INFO - [2024-03-12T02:06:57.330-0400] {dagbag.py:540} INFO - Filling up the DagBag from /home/ironbong_jr/mlops/project/project/lib/python3.10/site-packages/airflow/example_dags/subdags/subdag.py
[2024-03-12T02:06:57.338-0400] {processor.py:842} WARNING - No viable dags retrieved from /home/ironbong_jr/mlops/project/project/lib/python3.10/site-packages/airflow/example_dags/subdags/subdag.py
[2024-03-12T02:06:57.380-0400] {processor.py:183} INFO - Processing /home/ironbong_jr/mlops/project/project/lib/python3.10/site-packages/airflow/example_dags/subdags/subdag.py took 0.070 seconds
[2024-03-12T02:08:14.536-0400] {processor.py:161} INFO - Started process (PID=328135) to work on /home/ironbong_jr/mlops/project/project/lib/python3.10/site-packages/airflow/example_dags/subdags/subdag.py
[2024-03-12T02:08:14.571-0400] {processor.py:830} INFO - Processing file /home/ironbong_jr/mlops/project/project/lib/python3.10/site-packages/airflow/example_dags/subdags/subdag.py for tasks to queue
[2024-03-12T02:08:14.576-0400] {logging_mixin.py:188} INFO - [2024-03-12T02:08:14.573-0400] {dagbag.py:540} INFO - Filling up the DagBag from /home/ironbong_jr/mlops/project/project/lib/python3.10/site-packages/airflow/example_dags/subdags/subdag.py
[2024-03-12T02:08:14.585-0400] {processor.py:842} WARNING - No viable dags retrieved from /home/ironbong_jr/mlops/project/project/lib/python3.10/site-packages/airflow/example_dags/subdags/subdag.py
[2024-03-12T02:08:14.603-0400] {processor.py:183} INFO - Processing /home/ironbong_jr/mlops/project/project/lib/python3.10/site-packages/airflow/example_dags/subdags/subdag.py took 0.072 seconds
[2024-03-12T02:09:40.261-0400] {processor.py:161} INFO - Started process (PID=328420) to work on /home/ironbong_jr/mlops/project/project/lib/python3.10/site-packages/airflow/example_dags/subdags/subdag.py
[2024-03-12T02:09:40.295-0400] {processor.py:830} INFO - Processing file /home/ironbong_jr/mlops/project/project/lib/python3.10/site-packages/airflow/example_dags/subdags/subdag.py for tasks to queue
[2024-03-12T02:09:40.298-0400] {logging_mixin.py:188} INFO - [2024-03-12T02:09:40.297-0400] {dagbag.py:540} INFO - Filling up the DagBag from /home/ironbong_jr/mlops/project/project/lib/python3.10/site-packages/airflow/example_dags/subdags/subdag.py
[2024-03-12T02:09:40.303-0400] {processor.py:842} WARNING - No viable dags retrieved from /home/ironbong_jr/mlops/project/project/lib/python3.10/site-packages/airflow/example_dags/subdags/subdag.py
[2024-03-12T02:09:40.324-0400] {processor.py:183} INFO - Processing /home/ironbong_jr/mlops/project/project/lib/python3.10/site-packages/airflow/example_dags/subdags/subdag.py took 0.073 seconds
[2024-03-12T02:11:07.816-0400] {processor.py:161} INFO - Started process (PID=328728) to work on /home/ironbong_jr/mlops/project/project/lib/python3.10/site-packages/airflow/example_dags/subdags/subdag.py
[2024-03-12T02:11:07.824-0400] {processor.py:830} INFO - Processing file /home/ironbong_jr/mlops/project/project/lib/python3.10/site-packages/airflow/example_dags/subdags/subdag.py for tasks to queue
[2024-03-12T02:11:07.831-0400] {logging_mixin.py:188} INFO - [2024-03-12T02:11:07.830-0400] {dagbag.py:540} INFO - Filling up the DagBag from /home/ironbong_jr/mlops/project/project/lib/python3.10/site-packages/airflow/example_dags/subdags/subdag.py
[2024-03-12T02:11:07.836-0400] {processor.py:842} WARNING - No viable dags retrieved from /home/ironbong_jr/mlops/project/project/lib/python3.10/site-packages/airflow/example_dags/subdags/subdag.py
[2024-03-12T02:11:07.870-0400] {processor.py:183} INFO - Processing /home/ironbong_jr/mlops/project/project/lib/python3.10/site-packages/airflow/example_dags/subdags/subdag.py took 0.064 seconds
[2024-03-12T02:12:17.017-0400] {processor.py:161} INFO - Started process (PID=328954) to work on /home/ironbong_jr/mlops/project/project/lib/python3.10/site-packages/airflow/example_dags/subdags/subdag.py
[2024-03-12T02:12:17.051-0400] {processor.py:830} INFO - Processing file /home/ironbong_jr/mlops/project/project/lib/python3.10/site-packages/airflow/example_dags/subdags/subdag.py for tasks to queue
[2024-03-12T02:12:17.054-0400] {logging_mixin.py:188} INFO - [2024-03-12T02:12:17.053-0400] {dagbag.py:540} INFO - Filling up the DagBag from /home/ironbong_jr/mlops/project/project/lib/python3.10/site-packages/airflow/example_dags/subdags/subdag.py
[2024-03-12T02:12:17.059-0400] {processor.py:842} WARNING - No viable dags retrieved from /home/ironbong_jr/mlops/project/project/lib/python3.10/site-packages/airflow/example_dags/subdags/subdag.py
[2024-03-12T02:12:17.091-0400] {processor.py:183} INFO - Processing /home/ironbong_jr/mlops/project/project/lib/python3.10/site-packages/airflow/example_dags/subdags/subdag.py took 0.087 seconds
[2024-03-12T02:13:27.634-0400] {processor.py:161} INFO - Started process (PID=329180) to work on /home/ironbong_jr/mlops/project/project/lib/python3.10/site-packages/airflow/example_dags/subdags/subdag.py
[2024-03-12T02:13:27.669-0400] {processor.py:830} INFO - Processing file /home/ironbong_jr/mlops/project/project/lib/python3.10/site-packages/airflow/example_dags/subdags/subdag.py for tasks to queue
[2024-03-12T02:13:27.671-0400] {logging_mixin.py:188} INFO - [2024-03-12T02:13:27.670-0400] {dagbag.py:540} INFO - Filling up the DagBag from /home/ironbong_jr/mlops/project/project/lib/python3.10/site-packages/airflow/example_dags/subdags/subdag.py
[2024-03-12T02:13:27.677-0400] {processor.py:842} WARNING - No viable dags retrieved from /home/ironbong_jr/mlops/project/project/lib/python3.10/site-packages/airflow/example_dags/subdags/subdag.py
[2024-03-12T02:13:27.698-0400] {processor.py:183} INFO - Processing /home/ironbong_jr/mlops/project/project/lib/python3.10/site-packages/airflow/example_dags/subdags/subdag.py took 0.080 seconds
[2024-03-12T02:15:02.657-0400] {processor.py:161} INFO - Started process (PID=329507) to work on /home/ironbong_jr/mlops/project/project/lib/python3.10/site-packages/airflow/example_dags/subdags/subdag.py
[2024-03-12T02:15:02.691-0400] {processor.py:830} INFO - Processing file /home/ironbong_jr/mlops/project/project/lib/python3.10/site-packages/airflow/example_dags/subdags/subdag.py for tasks to queue
[2024-03-12T02:15:02.695-0400] {logging_mixin.py:188} INFO - [2024-03-12T02:15:02.693-0400] {dagbag.py:540} INFO - Filling up the DagBag from /home/ironbong_jr/mlops/project/project/lib/python3.10/site-packages/airflow/example_dags/subdags/subdag.py
[2024-03-12T02:15:02.703-0400] {processor.py:842} WARNING - No viable dags retrieved from /home/ironbong_jr/mlops/project/project/lib/python3.10/site-packages/airflow/example_dags/subdags/subdag.py
[2024-03-12T02:15:02.735-0400] {processor.py:183} INFO - Processing /home/ironbong_jr/mlops/project/project/lib/python3.10/site-packages/airflow/example_dags/subdags/subdag.py took 0.084 seconds
[2024-03-12T02:16:18.745-0400] {processor.py:161} INFO - Started process (PID=329777) to work on /home/ironbong_jr/mlops/project/project/lib/python3.10/site-packages/airflow/example_dags/subdags/subdag.py
[2024-03-12T02:16:18.779-0400] {processor.py:830} INFO - Processing file /home/ironbong_jr/mlops/project/project/lib/python3.10/site-packages/airflow/example_dags/subdags/subdag.py for tasks to queue
[2024-03-12T02:16:18.782-0400] {logging_mixin.py:188} INFO - [2024-03-12T02:16:18.780-0400] {dagbag.py:540} INFO - Filling up the DagBag from /home/ironbong_jr/mlops/project/project/lib/python3.10/site-packages/airflow/example_dags/subdags/subdag.py
[2024-03-12T02:16:18.786-0400] {processor.py:842} WARNING - No viable dags retrieved from /home/ironbong_jr/mlops/project/project/lib/python3.10/site-packages/airflow/example_dags/subdags/subdag.py
[2024-03-12T02:16:18.806-0400] {processor.py:183} INFO - Processing /home/ironbong_jr/mlops/project/project/lib/python3.10/site-packages/airflow/example_dags/subdags/subdag.py took 0.066 seconds
[2024-03-12T02:17:26.893-0400] {processor.py:161} INFO - Started process (PID=330004) to work on /home/ironbong_jr/mlops/project/project/lib/python3.10/site-packages/airflow/example_dags/subdags/subdag.py
[2024-03-12T02:17:26.926-0400] {processor.py:830} INFO - Processing file /home/ironbong_jr/mlops/project/project/lib/python3.10/site-packages/airflow/example_dags/subdags/subdag.py for tasks to queue
[2024-03-12T02:17:26.929-0400] {logging_mixin.py:188} INFO - [2024-03-12T02:17:26.928-0400] {dagbag.py:540} INFO - Filling up the DagBag from /home/ironbong_jr/mlops/project/project/lib/python3.10/site-packages/airflow/example_dags/subdags/subdag.py
[2024-03-12T02:17:26.934-0400] {processor.py:842} WARNING - No viable dags retrieved from /home/ironbong_jr/mlops/project/project/lib/python3.10/site-packages/airflow/example_dags/subdags/subdag.py
[2024-03-12T02:17:26.958-0400] {processor.py:183} INFO - Processing /home/ironbong_jr/mlops/project/project/lib/python3.10/site-packages/airflow/example_dags/subdags/subdag.py took 0.071 seconds
[2024-03-12T02:18:36.321-0400] {processor.py:161} INFO - Started process (PID=330229) to work on /home/ironbong_jr/mlops/project/project/lib/python3.10/site-packages/airflow/example_dags/subdags/subdag.py
[2024-03-12T02:18:36.324-0400] {processor.py:830} INFO - Processing file /home/ironbong_jr/mlops/project/project/lib/python3.10/site-packages/airflow/example_dags/subdags/subdag.py for tasks to queue
[2024-03-12T02:18:36.326-0400] {logging_mixin.py:188} INFO - [2024-03-12T02:18:36.325-0400] {dagbag.py:540} INFO - Filling up the DagBag from /home/ironbong_jr/mlops/project/project/lib/python3.10/site-packages/airflow/example_dags/subdags/subdag.py
[2024-03-12T02:18:36.330-0400] {processor.py:842} WARNING - No viable dags retrieved from /home/ironbong_jr/mlops/project/project/lib/python3.10/site-packages/airflow/example_dags/subdags/subdag.py
[2024-03-12T02:18:36.363-0400] {processor.py:183} INFO - Processing /home/ironbong_jr/mlops/project/project/lib/python3.10/site-packages/airflow/example_dags/subdags/subdag.py took 0.052 seconds
[2024-03-12T02:19:52.734-0400] {processor.py:161} INFO - Started process (PID=330493) to work on /home/ironbong_jr/mlops/project/project/lib/python3.10/site-packages/airflow/example_dags/subdags/subdag.py
[2024-03-12T02:19:52.768-0400] {processor.py:830} INFO - Processing file /home/ironbong_jr/mlops/project/project/lib/python3.10/site-packages/airflow/example_dags/subdags/subdag.py for tasks to queue
[2024-03-12T02:19:52.771-0400] {logging_mixin.py:188} INFO - [2024-03-12T02:19:52.770-0400] {dagbag.py:540} INFO - Filling up the DagBag from /home/ironbong_jr/mlops/project/project/lib/python3.10/site-packages/airflow/example_dags/subdags/subdag.py
[2024-03-12T02:19:52.775-0400] {processor.py:842} WARNING - No viable dags retrieved from /home/ironbong_jr/mlops/project/project/lib/python3.10/site-packages/airflow/example_dags/subdags/subdag.py
[2024-03-12T02:19:52.792-0400] {processor.py:183} INFO - Processing /home/ironbong_jr/mlops/project/project/lib/python3.10/site-packages/airflow/example_dags/subdags/subdag.py took 0.064 seconds
[2024-03-12T02:21:06.150-0400] {processor.py:161} INFO - Started process (PID=330727) to work on /home/ironbong_jr/mlops/project/project/lib/python3.10/site-packages/airflow/example_dags/subdags/subdag.py
[2024-03-12T02:21:06.153-0400] {processor.py:830} INFO - Processing file /home/ironbong_jr/mlops/project/project/lib/python3.10/site-packages/airflow/example_dags/subdags/subdag.py for tasks to queue
[2024-03-12T02:21:06.154-0400] {logging_mixin.py:188} INFO - [2024-03-12T02:21:06.154-0400] {dagbag.py:540} INFO - Filling up the DagBag from /home/ironbong_jr/mlops/project/project/lib/python3.10/site-packages/airflow/example_dags/subdags/subdag.py
[2024-03-12T02:21:06.158-0400] {processor.py:842} WARNING - No viable dags retrieved from /home/ironbong_jr/mlops/project/project/lib/python3.10/site-packages/airflow/example_dags/subdags/subdag.py
[2024-03-12T02:21:06.180-0400] {processor.py:183} INFO - Processing /home/ironbong_jr/mlops/project/project/lib/python3.10/site-packages/airflow/example_dags/subdags/subdag.py took 0.036 seconds
[2024-03-12T02:33:13.743-0400] {processor.py:161} INFO - Started process (PID=332601) to work on /home/ironbong_jr/mlops/project/project/lib/python3.10/site-packages/airflow/example_dags/subdags/subdag.py
[2024-03-12T02:33:13.776-0400] {processor.py:830} INFO - Processing file /home/ironbong_jr/mlops/project/project/lib/python3.10/site-packages/airflow/example_dags/subdags/subdag.py for tasks to queue
[2024-03-12T02:33:13.778-0400] {logging_mixin.py:188} INFO - [2024-03-12T02:33:13.777-0400] {dagbag.py:540} INFO - Filling up the DagBag from /home/ironbong_jr/mlops/project/project/lib/python3.10/site-packages/airflow/example_dags/subdags/subdag.py
[2024-03-12T02:33:13.782-0400] {processor.py:842} WARNING - No viable dags retrieved from /home/ironbong_jr/mlops/project/project/lib/python3.10/site-packages/airflow/example_dags/subdags/subdag.py
[2024-03-12T02:33:13.800-0400] {processor.py:183} INFO - Processing /home/ironbong_jr/mlops/project/project/lib/python3.10/site-packages/airflow/example_dags/subdags/subdag.py took 0.072 seconds
[2024-03-12T02:36:12.126-0400] {processor.py:161} INFO - Started process (PID=333173) to work on /home/ironbong_jr/mlops/project/project/lib/python3.10/site-packages/airflow/example_dags/subdags/subdag.py
[2024-03-12T02:36:12.160-0400] {processor.py:830} INFO - Processing file /home/ironbong_jr/mlops/project/project/lib/python3.10/site-packages/airflow/example_dags/subdags/subdag.py for tasks to queue
[2024-03-12T02:36:12.163-0400] {logging_mixin.py:188} INFO - [2024-03-12T02:36:12.162-0400] {dagbag.py:540} INFO - Filling up the DagBag from /home/ironbong_jr/mlops/project/project/lib/python3.10/site-packages/airflow/example_dags/subdags/subdag.py
[2024-03-12T02:36:12.168-0400] {processor.py:842} WARNING - No viable dags retrieved from /home/ironbong_jr/mlops/project/project/lib/python3.10/site-packages/airflow/example_dags/subdags/subdag.py
[2024-03-12T02:36:12.215-0400] {processor.py:183} INFO - Processing /home/ironbong_jr/mlops/project/project/lib/python3.10/site-packages/airflow/example_dags/subdags/subdag.py took 0.094 seconds
[2024-03-12T02:37:29.536-0400] {processor.py:161} INFO - Started process (PID=333444) to work on /home/ironbong_jr/mlops/project/project/lib/python3.10/site-packages/airflow/example_dags/subdags/subdag.py
[2024-03-12T02:37:29.572-0400] {processor.py:830} INFO - Processing file /home/ironbong_jr/mlops/project/project/lib/python3.10/site-packages/airflow/example_dags/subdags/subdag.py for tasks to queue
[2024-03-12T02:37:29.574-0400] {logging_mixin.py:188} INFO - [2024-03-12T02:37:29.573-0400] {dagbag.py:540} INFO - Filling up the DagBag from /home/ironbong_jr/mlops/project/project/lib/python3.10/site-packages/airflow/example_dags/subdags/subdag.py
[2024-03-12T02:37:29.580-0400] {processor.py:842} WARNING - No viable dags retrieved from /home/ironbong_jr/mlops/project/project/lib/python3.10/site-packages/airflow/example_dags/subdags/subdag.py
[2024-03-12T02:37:29.638-0400] {processor.py:183} INFO - Processing /home/ironbong_jr/mlops/project/project/lib/python3.10/site-packages/airflow/example_dags/subdags/subdag.py took 0.109 seconds
[2024-03-12T14:12:15.169-0400] {processor.py:161} INFO - Started process (PID=336635) to work on /home/ironbong_jr/mlops/project/project/lib/python3.10/site-packages/airflow/example_dags/subdags/subdag.py
[2024-03-12T14:12:15.171-0400] {processor.py:830} INFO - Processing file /home/ironbong_jr/mlops/project/project/lib/python3.10/site-packages/airflow/example_dags/subdags/subdag.py for tasks to queue
[2024-03-12T14:12:15.172-0400] {logging_mixin.py:188} INFO - [2024-03-12T14:12:15.172-0400] {dagbag.py:540} INFO - Filling up the DagBag from /home/ironbong_jr/mlops/project/project/lib/python3.10/site-packages/airflow/example_dags/subdags/subdag.py
[2024-03-12T14:12:15.173-0400] {processor.py:842} WARNING - No viable dags retrieved from /home/ironbong_jr/mlops/project/project/lib/python3.10/site-packages/airflow/example_dags/subdags/subdag.py
[2024-03-12T14:12:15.181-0400] {processor.py:183} INFO - Processing /home/ironbong_jr/mlops/project/project/lib/python3.10/site-packages/airflow/example_dags/subdags/subdag.py took 0.014 seconds
[2024-03-12T14:13:29.316-0400] {processor.py:161} INFO - Started process (PID=336959) to work on /home/ironbong_jr/mlops/project/project/lib/python3.10/site-packages/airflow/example_dags/subdags/subdag.py
[2024-03-12T14:13:29.320-0400] {processor.py:830} INFO - Processing file /home/ironbong_jr/mlops/project/project/lib/python3.10/site-packages/airflow/example_dags/subdags/subdag.py for tasks to queue
[2024-03-12T14:13:29.322-0400] {logging_mixin.py:188} INFO - [2024-03-12T14:13:29.321-0400] {dagbag.py:540} INFO - Filling up the DagBag from /home/ironbong_jr/mlops/project/project/lib/python3.10/site-packages/airflow/example_dags/subdags/subdag.py
[2024-03-12T14:13:29.324-0400] {processor.py:842} WARNING - No viable dags retrieved from /home/ironbong_jr/mlops/project/project/lib/python3.10/site-packages/airflow/example_dags/subdags/subdag.py
[2024-03-12T14:13:29.338-0400] {processor.py:183} INFO - Processing /home/ironbong_jr/mlops/project/project/lib/python3.10/site-packages/airflow/example_dags/subdags/subdag.py took 0.029 seconds
[2024-03-12T14:14:40.715-0400] {processor.py:161} INFO - Started process (PID=337224) to work on /home/ironbong_jr/mlops/project/project/lib/python3.10/site-packages/airflow/example_dags/subdags/subdag.py
[2024-03-12T14:14:40.718-0400] {processor.py:830} INFO - Processing file /home/ironbong_jr/mlops/project/project/lib/python3.10/site-packages/airflow/example_dags/subdags/subdag.py for tasks to queue
[2024-03-12T14:14:40.719-0400] {logging_mixin.py:188} INFO - [2024-03-12T14:14:40.719-0400] {dagbag.py:540} INFO - Filling up the DagBag from /home/ironbong_jr/mlops/project/project/lib/python3.10/site-packages/airflow/example_dags/subdags/subdag.py
[2024-03-12T14:14:40.721-0400] {processor.py:842} WARNING - No viable dags retrieved from /home/ironbong_jr/mlops/project/project/lib/python3.10/site-packages/airflow/example_dags/subdags/subdag.py
[2024-03-12T14:14:40.729-0400] {processor.py:183} INFO - Processing /home/ironbong_jr/mlops/project/project/lib/python3.10/site-packages/airflow/example_dags/subdags/subdag.py took 0.017 seconds
[2024-03-12T14:15:42.145-0400] {processor.py:161} INFO - Started process (PID=337483) to work on /home/ironbong_jr/mlops/project/project/lib/python3.10/site-packages/airflow/example_dags/subdags/subdag.py
[2024-03-12T14:15:42.148-0400] {processor.py:830} INFO - Processing file /home/ironbong_jr/mlops/project/project/lib/python3.10/site-packages/airflow/example_dags/subdags/subdag.py for tasks to queue
[2024-03-12T14:15:42.149-0400] {logging_mixin.py:188} INFO - [2024-03-12T14:15:42.148-0400] {dagbag.py:540} INFO - Filling up the DagBag from /home/ironbong_jr/mlops/project/project/lib/python3.10/site-packages/airflow/example_dags/subdags/subdag.py
[2024-03-12T14:15:42.150-0400] {processor.py:842} WARNING - No viable dags retrieved from /home/ironbong_jr/mlops/project/project/lib/python3.10/site-packages/airflow/example_dags/subdags/subdag.py
[2024-03-12T14:15:42.157-0400] {processor.py:183} INFO - Processing /home/ironbong_jr/mlops/project/project/lib/python3.10/site-packages/airflow/example_dags/subdags/subdag.py took 0.014 seconds
[2024-03-12T14:16:50.599-0400] {processor.py:161} INFO - Started process (PID=337744) to work on /home/ironbong_jr/mlops/project/project/lib/python3.10/site-packages/airflow/example_dags/subdags/subdag.py
[2024-03-12T14:16:50.603-0400] {processor.py:830} INFO - Processing file /home/ironbong_jr/mlops/project/project/lib/python3.10/site-packages/airflow/example_dags/subdags/subdag.py for tasks to queue
[2024-03-12T14:16:50.604-0400] {logging_mixin.py:188} INFO - [2024-03-12T14:16:50.603-0400] {dagbag.py:540} INFO - Filling up the DagBag from /home/ironbong_jr/mlops/project/project/lib/python3.10/site-packages/airflow/example_dags/subdags/subdag.py
[2024-03-12T14:16:50.605-0400] {processor.py:842} WARNING - No viable dags retrieved from /home/ironbong_jr/mlops/project/project/lib/python3.10/site-packages/airflow/example_dags/subdags/subdag.py
[2024-03-12T14:16:50.612-0400] {processor.py:183} INFO - Processing /home/ironbong_jr/mlops/project/project/lib/python3.10/site-packages/airflow/example_dags/subdags/subdag.py took 0.016 seconds
[2024-03-12T14:17:53.827-0400] {processor.py:161} INFO - Started process (PID=338011) to work on /home/ironbong_jr/mlops/project/project/lib/python3.10/site-packages/airflow/example_dags/subdags/subdag.py
[2024-03-12T14:17:53.828-0400] {processor.py:830} INFO - Processing file /home/ironbong_jr/mlops/project/project/lib/python3.10/site-packages/airflow/example_dags/subdags/subdag.py for tasks to queue
[2024-03-12T14:17:53.829-0400] {logging_mixin.py:188} INFO - [2024-03-12T14:17:53.829-0400] {dagbag.py:540} INFO - Filling up the DagBag from /home/ironbong_jr/mlops/project/project/lib/python3.10/site-packages/airflow/example_dags/subdags/subdag.py
[2024-03-12T14:17:53.830-0400] {processor.py:842} WARNING - No viable dags retrieved from /home/ironbong_jr/mlops/project/project/lib/python3.10/site-packages/airflow/example_dags/subdags/subdag.py
[2024-03-12T14:17:53.837-0400] {processor.py:183} INFO - Processing /home/ironbong_jr/mlops/project/project/lib/python3.10/site-packages/airflow/example_dags/subdags/subdag.py took 0.012 seconds
[2024-03-12T14:19:04.972-0400] {processor.py:161} INFO - Started process (PID=338283) to work on /home/ironbong_jr/mlops/project/project/lib/python3.10/site-packages/airflow/example_dags/subdags/subdag.py
[2024-03-12T14:19:04.976-0400] {processor.py:830} INFO - Processing file /home/ironbong_jr/mlops/project/project/lib/python3.10/site-packages/airflow/example_dags/subdags/subdag.py for tasks to queue
[2024-03-12T14:19:04.978-0400] {logging_mixin.py:188} INFO - [2024-03-12T14:19:04.978-0400] {dagbag.py:540} INFO - Filling up the DagBag from /home/ironbong_jr/mlops/project/project/lib/python3.10/site-packages/airflow/example_dags/subdags/subdag.py
[2024-03-12T14:19:04.983-0400] {processor.py:842} WARNING - No viable dags retrieved from /home/ironbong_jr/mlops/project/project/lib/python3.10/site-packages/airflow/example_dags/subdags/subdag.py
[2024-03-12T14:19:05.003-0400] {processor.py:183} INFO - Processing /home/ironbong_jr/mlops/project/project/lib/python3.10/site-packages/airflow/example_dags/subdags/subdag.py took 0.040 seconds
[2024-03-12T14:20:08.654-0400] {processor.py:161} INFO - Started process (PID=338549) to work on /home/ironbong_jr/mlops/project/project/lib/python3.10/site-packages/airflow/example_dags/subdags/subdag.py
[2024-03-12T14:20:08.658-0400] {processor.py:830} INFO - Processing file /home/ironbong_jr/mlops/project/project/lib/python3.10/site-packages/airflow/example_dags/subdags/subdag.py for tasks to queue
[2024-03-12T14:20:08.658-0400] {logging_mixin.py:188} INFO - [2024-03-12T14:20:08.658-0400] {dagbag.py:540} INFO - Filling up the DagBag from /home/ironbong_jr/mlops/project/project/lib/python3.10/site-packages/airflow/example_dags/subdags/subdag.py
[2024-03-12T14:20:08.660-0400] {processor.py:842} WARNING - No viable dags retrieved from /home/ironbong_jr/mlops/project/project/lib/python3.10/site-packages/airflow/example_dags/subdags/subdag.py
[2024-03-12T14:20:08.666-0400] {processor.py:183} INFO - Processing /home/ironbong_jr/mlops/project/project/lib/python3.10/site-packages/airflow/example_dags/subdags/subdag.py took 0.014 seconds
[2024-03-12T14:21:11.769-0400] {processor.py:161} INFO - Started process (PID=338793) to work on /home/ironbong_jr/mlops/project/project/lib/python3.10/site-packages/airflow/example_dags/subdags/subdag.py
[2024-03-12T14:21:11.774-0400] {processor.py:830} INFO - Processing file /home/ironbong_jr/mlops/project/project/lib/python3.10/site-packages/airflow/example_dags/subdags/subdag.py for tasks to queue
[2024-03-12T14:21:11.775-0400] {logging_mixin.py:188} INFO - [2024-03-12T14:21:11.774-0400] {dagbag.py:540} INFO - Filling up the DagBag from /home/ironbong_jr/mlops/project/project/lib/python3.10/site-packages/airflow/example_dags/subdags/subdag.py
[2024-03-12T14:21:11.777-0400] {processor.py:842} WARNING - No viable dags retrieved from /home/ironbong_jr/mlops/project/project/lib/python3.10/site-packages/airflow/example_dags/subdags/subdag.py
[2024-03-12T14:21:11.784-0400] {processor.py:183} INFO - Processing /home/ironbong_jr/mlops/project/project/lib/python3.10/site-packages/airflow/example_dags/subdags/subdag.py took 0.019 seconds
[2024-03-12T14:22:22.837-0400] {processor.py:161} INFO - Started process (PID=339083) to work on /home/ironbong_jr/mlops/project/project/lib/python3.10/site-packages/airflow/example_dags/subdags/subdag.py
[2024-03-12T14:22:22.842-0400] {processor.py:830} INFO - Processing file /home/ironbong_jr/mlops/project/project/lib/python3.10/site-packages/airflow/example_dags/subdags/subdag.py for tasks to queue
[2024-03-12T14:22:22.844-0400] {logging_mixin.py:188} INFO - [2024-03-12T14:22:22.843-0400] {dagbag.py:540} INFO - Filling up the DagBag from /home/ironbong_jr/mlops/project/project/lib/python3.10/site-packages/airflow/example_dags/subdags/subdag.py
[2024-03-12T14:22:22.845-0400] {processor.py:842} WARNING - No viable dags retrieved from /home/ironbong_jr/mlops/project/project/lib/python3.10/site-packages/airflow/example_dags/subdags/subdag.py
[2024-03-12T14:22:22.858-0400] {processor.py:183} INFO - Processing /home/ironbong_jr/mlops/project/project/lib/python3.10/site-packages/airflow/example_dags/subdags/subdag.py took 0.025 seconds
[2024-03-12T14:23:33.967-0400] {processor.py:161} INFO - Started process (PID=339361) to work on /home/ironbong_jr/mlops/project/project/lib/python3.10/site-packages/airflow/example_dags/subdags/subdag.py
[2024-03-12T14:23:33.969-0400] {processor.py:830} INFO - Processing file /home/ironbong_jr/mlops/project/project/lib/python3.10/site-packages/airflow/example_dags/subdags/subdag.py for tasks to queue
[2024-03-12T14:23:33.969-0400] {logging_mixin.py:188} INFO - [2024-03-12T14:23:33.969-0400] {dagbag.py:540} INFO - Filling up the DagBag from /home/ironbong_jr/mlops/project/project/lib/python3.10/site-packages/airflow/example_dags/subdags/subdag.py
[2024-03-12T14:23:33.971-0400] {processor.py:842} WARNING - No viable dags retrieved from /home/ironbong_jr/mlops/project/project/lib/python3.10/site-packages/airflow/example_dags/subdags/subdag.py
[2024-03-12T14:23:33.979-0400] {processor.py:183} INFO - Processing /home/ironbong_jr/mlops/project/project/lib/python3.10/site-packages/airflow/example_dags/subdags/subdag.py took 0.014 seconds
[2024-03-12T14:25:07.504-0400] {processor.py:161} INFO - Started process (PID=339755) to work on /home/ironbong_jr/mlops/project/project/lib/python3.10/site-packages/airflow/example_dags/subdags/subdag.py
[2024-03-12T14:25:07.507-0400] {processor.py:830} INFO - Processing file /home/ironbong_jr/mlops/project/project/lib/python3.10/site-packages/airflow/example_dags/subdags/subdag.py for tasks to queue
[2024-03-12T14:25:07.508-0400] {logging_mixin.py:188} INFO - [2024-03-12T14:25:07.508-0400] {dagbag.py:540} INFO - Filling up the DagBag from /home/ironbong_jr/mlops/project/project/lib/python3.10/site-packages/airflow/example_dags/subdags/subdag.py
[2024-03-12T14:25:07.509-0400] {processor.py:842} WARNING - No viable dags retrieved from /home/ironbong_jr/mlops/project/project/lib/python3.10/site-packages/airflow/example_dags/subdags/subdag.py
[2024-03-12T14:25:07.516-0400] {processor.py:183} INFO - Processing /home/ironbong_jr/mlops/project/project/lib/python3.10/site-packages/airflow/example_dags/subdags/subdag.py took 0.014 seconds
[2024-03-12T14:26:23.673-0400] {processor.py:161} INFO - Started process (PID=340045) to work on /home/ironbong_jr/mlops/project/project/lib/python3.10/site-packages/airflow/example_dags/subdags/subdag.py
[2024-03-12T14:26:23.675-0400] {processor.py:830} INFO - Processing file /home/ironbong_jr/mlops/project/project/lib/python3.10/site-packages/airflow/example_dags/subdags/subdag.py for tasks to queue
[2024-03-12T14:26:23.676-0400] {logging_mixin.py:188} INFO - [2024-03-12T14:26:23.675-0400] {dagbag.py:540} INFO - Filling up the DagBag from /home/ironbong_jr/mlops/project/project/lib/python3.10/site-packages/airflow/example_dags/subdags/subdag.py
[2024-03-12T14:26:23.677-0400] {processor.py:842} WARNING - No viable dags retrieved from /home/ironbong_jr/mlops/project/project/lib/python3.10/site-packages/airflow/example_dags/subdags/subdag.py
[2024-03-12T14:26:23.683-0400] {processor.py:183} INFO - Processing /home/ironbong_jr/mlops/project/project/lib/python3.10/site-packages/airflow/example_dags/subdags/subdag.py took 0.012 seconds
[2024-03-12T14:27:33.141-0400] {processor.py:161} INFO - Started process (PID=340343) to work on /home/ironbong_jr/mlops/project/project/lib/python3.10/site-packages/airflow/example_dags/subdags/subdag.py
[2024-03-12T14:27:33.142-0400] {processor.py:830} INFO - Processing file /home/ironbong_jr/mlops/project/project/lib/python3.10/site-packages/airflow/example_dags/subdags/subdag.py for tasks to queue
[2024-03-12T14:27:33.143-0400] {logging_mixin.py:188} INFO - [2024-03-12T14:27:33.143-0400] {dagbag.py:540} INFO - Filling up the DagBag from /home/ironbong_jr/mlops/project/project/lib/python3.10/site-packages/airflow/example_dags/subdags/subdag.py
[2024-03-12T14:27:33.145-0400] {processor.py:842} WARNING - No viable dags retrieved from /home/ironbong_jr/mlops/project/project/lib/python3.10/site-packages/airflow/example_dags/subdags/subdag.py
[2024-03-12T14:27:33.152-0400] {processor.py:183} INFO - Processing /home/ironbong_jr/mlops/project/project/lib/python3.10/site-packages/airflow/example_dags/subdags/subdag.py took 0.014 seconds
[2024-03-12T14:28:46.211-0400] {processor.py:161} INFO - Started process (PID=340615) to work on /home/ironbong_jr/mlops/project/project/lib/python3.10/site-packages/airflow/example_dags/subdags/subdag.py
[2024-03-12T14:28:46.213-0400] {processor.py:830} INFO - Processing file /home/ironbong_jr/mlops/project/project/lib/python3.10/site-packages/airflow/example_dags/subdags/subdag.py for tasks to queue
[2024-03-12T14:28:46.214-0400] {logging_mixin.py:188} INFO - [2024-03-12T14:28:46.213-0400] {dagbag.py:540} INFO - Filling up the DagBag from /home/ironbong_jr/mlops/project/project/lib/python3.10/site-packages/airflow/example_dags/subdags/subdag.py
[2024-03-12T14:28:46.215-0400] {processor.py:842} WARNING - No viable dags retrieved from /home/ironbong_jr/mlops/project/project/lib/python3.10/site-packages/airflow/example_dags/subdags/subdag.py
[2024-03-12T14:28:46.221-0400] {processor.py:183} INFO - Processing /home/ironbong_jr/mlops/project/project/lib/python3.10/site-packages/airflow/example_dags/subdags/subdag.py took 0.012 seconds
[2024-03-12T14:29:44.065-0400] {processor.py:161} INFO - Started process (PID=340866) to work on /home/ironbong_jr/mlops/project/project/lib/python3.10/site-packages/airflow/example_dags/subdags/subdag.py
[2024-03-12T14:29:44.070-0400] {processor.py:830} INFO - Processing file /home/ironbong_jr/mlops/project/project/lib/python3.10/site-packages/airflow/example_dags/subdags/subdag.py for tasks to queue
[2024-03-12T14:29:44.070-0400] {logging_mixin.py:188} INFO - [2024-03-12T14:29:44.070-0400] {dagbag.py:540} INFO - Filling up the DagBag from /home/ironbong_jr/mlops/project/project/lib/python3.10/site-packages/airflow/example_dags/subdags/subdag.py
[2024-03-12T14:29:44.073-0400] {processor.py:842} WARNING - No viable dags retrieved from /home/ironbong_jr/mlops/project/project/lib/python3.10/site-packages/airflow/example_dags/subdags/subdag.py
[2024-03-12T14:29:44.080-0400] {processor.py:183} INFO - Processing /home/ironbong_jr/mlops/project/project/lib/python3.10/site-packages/airflow/example_dags/subdags/subdag.py took 0.018 seconds
[2024-03-12T14:30:56.273-0400] {processor.py:161} INFO - Started process (PID=341171) to work on /home/ironbong_jr/mlops/project/project/lib/python3.10/site-packages/airflow/example_dags/subdags/subdag.py
[2024-03-12T14:30:56.275-0400] {processor.py:830} INFO - Processing file /home/ironbong_jr/mlops/project/project/lib/python3.10/site-packages/airflow/example_dags/subdags/subdag.py for tasks to queue
[2024-03-12T14:30:56.276-0400] {logging_mixin.py:188} INFO - [2024-03-12T14:30:56.275-0400] {dagbag.py:540} INFO - Filling up the DagBag from /home/ironbong_jr/mlops/project/project/lib/python3.10/site-packages/airflow/example_dags/subdags/subdag.py
[2024-03-12T14:30:56.278-0400] {processor.py:842} WARNING - No viable dags retrieved from /home/ironbong_jr/mlops/project/project/lib/python3.10/site-packages/airflow/example_dags/subdags/subdag.py
[2024-03-12T14:30:56.289-0400] {processor.py:183} INFO - Processing /home/ironbong_jr/mlops/project/project/lib/python3.10/site-packages/airflow/example_dags/subdags/subdag.py took 0.019 seconds
[2024-03-12T14:32:08.655-0400] {processor.py:161} INFO - Started process (PID=341456) to work on /home/ironbong_jr/mlops/project/project/lib/python3.10/site-packages/airflow/example_dags/subdags/subdag.py
[2024-03-12T14:32:08.659-0400] {processor.py:830} INFO - Processing file /home/ironbong_jr/mlops/project/project/lib/python3.10/site-packages/airflow/example_dags/subdags/subdag.py for tasks to queue
[2024-03-12T14:32:08.659-0400] {logging_mixin.py:188} INFO - [2024-03-12T14:32:08.659-0400] {dagbag.py:540} INFO - Filling up the DagBag from /home/ironbong_jr/mlops/project/project/lib/python3.10/site-packages/airflow/example_dags/subdags/subdag.py
[2024-03-12T14:32:08.661-0400] {processor.py:842} WARNING - No viable dags retrieved from /home/ironbong_jr/mlops/project/project/lib/python3.10/site-packages/airflow/example_dags/subdags/subdag.py
[2024-03-12T14:32:08.667-0400] {processor.py:183} INFO - Processing /home/ironbong_jr/mlops/project/project/lib/python3.10/site-packages/airflow/example_dags/subdags/subdag.py took 0.014 seconds
[2024-03-12T14:33:21.325-0400] {processor.py:161} INFO - Started process (PID=341767) to work on /home/ironbong_jr/mlops/project/project/lib/python3.10/site-packages/airflow/example_dags/subdags/subdag.py
[2024-03-12T14:33:21.330-0400] {processor.py:830} INFO - Processing file /home/ironbong_jr/mlops/project/project/lib/python3.10/site-packages/airflow/example_dags/subdags/subdag.py for tasks to queue
[2024-03-12T14:33:21.331-0400] {logging_mixin.py:188} INFO - [2024-03-12T14:33:21.331-0400] {dagbag.py:540} INFO - Filling up the DagBag from /home/ironbong_jr/mlops/project/project/lib/python3.10/site-packages/airflow/example_dags/subdags/subdag.py
[2024-03-12T14:33:21.333-0400] {processor.py:842} WARNING - No viable dags retrieved from /home/ironbong_jr/mlops/project/project/lib/python3.10/site-packages/airflow/example_dags/subdags/subdag.py
[2024-03-12T14:33:21.346-0400] {processor.py:183} INFO - Processing /home/ironbong_jr/mlops/project/project/lib/python3.10/site-packages/airflow/example_dags/subdags/subdag.py took 0.023 seconds
[2024-03-12T14:34:49.875-0400] {processor.py:161} INFO - Started process (PID=342156) to work on /home/ironbong_jr/mlops/project/project/lib/python3.10/site-packages/airflow/example_dags/subdags/subdag.py
[2024-03-12T14:34:49.878-0400] {processor.py:830} INFO - Processing file /home/ironbong_jr/mlops/project/project/lib/python3.10/site-packages/airflow/example_dags/subdags/subdag.py for tasks to queue
[2024-03-12T14:34:49.879-0400] {logging_mixin.py:188} INFO - [2024-03-12T14:34:49.878-0400] {dagbag.py:540} INFO - Filling up the DagBag from /home/ironbong_jr/mlops/project/project/lib/python3.10/site-packages/airflow/example_dags/subdags/subdag.py
[2024-03-12T14:34:49.880-0400] {processor.py:842} WARNING - No viable dags retrieved from /home/ironbong_jr/mlops/project/project/lib/python3.10/site-packages/airflow/example_dags/subdags/subdag.py
[2024-03-12T14:34:49.887-0400] {processor.py:183} INFO - Processing /home/ironbong_jr/mlops/project/project/lib/python3.10/site-packages/airflow/example_dags/subdags/subdag.py took 0.014 seconds
[2024-03-12T14:35:49.681-0400] {processor.py:161} INFO - Started process (PID=342407) to work on /home/ironbong_jr/mlops/project/project/lib/python3.10/site-packages/airflow/example_dags/subdags/subdag.py
[2024-03-12T14:35:49.684-0400] {processor.py:830} INFO - Processing file /home/ironbong_jr/mlops/project/project/lib/python3.10/site-packages/airflow/example_dags/subdags/subdag.py for tasks to queue
[2024-03-12T14:35:49.685-0400] {logging_mixin.py:188} INFO - [2024-03-12T14:35:49.685-0400] {dagbag.py:540} INFO - Filling up the DagBag from /home/ironbong_jr/mlops/project/project/lib/python3.10/site-packages/airflow/example_dags/subdags/subdag.py
[2024-03-12T14:35:49.687-0400] {processor.py:842} WARNING - No viable dags retrieved from /home/ironbong_jr/mlops/project/project/lib/python3.10/site-packages/airflow/example_dags/subdags/subdag.py
[2024-03-12T14:35:49.695-0400] {processor.py:183} INFO - Processing /home/ironbong_jr/mlops/project/project/lib/python3.10/site-packages/airflow/example_dags/subdags/subdag.py took 0.017 seconds
[2024-03-12T14:36:54.217-0400] {processor.py:161} INFO - Started process (PID=342688) to work on /home/ironbong_jr/mlops/project/project/lib/python3.10/site-packages/airflow/example_dags/subdags/subdag.py
[2024-03-12T14:36:54.220-0400] {processor.py:830} INFO - Processing file /home/ironbong_jr/mlops/project/project/lib/python3.10/site-packages/airflow/example_dags/subdags/subdag.py for tasks to queue
[2024-03-12T14:36:54.221-0400] {logging_mixin.py:188} INFO - [2024-03-12T14:36:54.221-0400] {dagbag.py:540} INFO - Filling up the DagBag from /home/ironbong_jr/mlops/project/project/lib/python3.10/site-packages/airflow/example_dags/subdags/subdag.py
[2024-03-12T14:36:54.223-0400] {processor.py:842} WARNING - No viable dags retrieved from /home/ironbong_jr/mlops/project/project/lib/python3.10/site-packages/airflow/example_dags/subdags/subdag.py
[2024-03-12T14:36:54.230-0400] {processor.py:183} INFO - Processing /home/ironbong_jr/mlops/project/project/lib/python3.10/site-packages/airflow/example_dags/subdags/subdag.py took 0.015 seconds
[2024-03-12T14:38:03.850-0400] {processor.py:161} INFO - Started process (PID=342969) to work on /home/ironbong_jr/mlops/project/project/lib/python3.10/site-packages/airflow/example_dags/subdags/subdag.py
[2024-03-12T14:38:03.854-0400] {processor.py:830} INFO - Processing file /home/ironbong_jr/mlops/project/project/lib/python3.10/site-packages/airflow/example_dags/subdags/subdag.py for tasks to queue
[2024-03-12T14:38:03.855-0400] {logging_mixin.py:188} INFO - [2024-03-12T14:38:03.854-0400] {dagbag.py:540} INFO - Filling up the DagBag from /home/ironbong_jr/mlops/project/project/lib/python3.10/site-packages/airflow/example_dags/subdags/subdag.py
[2024-03-12T14:38:03.856-0400] {processor.py:842} WARNING - No viable dags retrieved from /home/ironbong_jr/mlops/project/project/lib/python3.10/site-packages/airflow/example_dags/subdags/subdag.py
[2024-03-12T14:38:03.863-0400] {processor.py:183} INFO - Processing /home/ironbong_jr/mlops/project/project/lib/python3.10/site-packages/airflow/example_dags/subdags/subdag.py took 0.015 seconds
[2024-03-12T14:39:15.860-0400] {processor.py:161} INFO - Started process (PID=343276) to work on /home/ironbong_jr/mlops/project/project/lib/python3.10/site-packages/airflow/example_dags/subdags/subdag.py
[2024-03-12T14:39:15.864-0400] {processor.py:830} INFO - Processing file /home/ironbong_jr/mlops/project/project/lib/python3.10/site-packages/airflow/example_dags/subdags/subdag.py for tasks to queue
[2024-03-12T14:39:15.864-0400] {logging_mixin.py:188} INFO - [2024-03-12T14:39:15.864-0400] {dagbag.py:540} INFO - Filling up the DagBag from /home/ironbong_jr/mlops/project/project/lib/python3.10/site-packages/airflow/example_dags/subdags/subdag.py
[2024-03-12T14:39:15.866-0400] {processor.py:842} WARNING - No viable dags retrieved from /home/ironbong_jr/mlops/project/project/lib/python3.10/site-packages/airflow/example_dags/subdags/subdag.py
[2024-03-12T14:39:15.872-0400] {processor.py:183} INFO - Processing /home/ironbong_jr/mlops/project/project/lib/python3.10/site-packages/airflow/example_dags/subdags/subdag.py took 0.014 seconds
[2024-03-12T17:43:59.773-0400] {processor.py:161} INFO - Started process (PID=369677) to work on /home/ironbong_jr/mlops/project/project/lib/python3.10/site-packages/airflow/example_dags/subdags/subdag.py
[2024-03-12T17:43:59.777-0400] {processor.py:830} INFO - Processing file /home/ironbong_jr/mlops/project/project/lib/python3.10/site-packages/airflow/example_dags/subdags/subdag.py for tasks to queue
[2024-03-12T17:43:59.778-0400] {logging_mixin.py:188} INFO - [2024-03-12T17:43:59.778-0400] {dagbag.py:540} INFO - Filling up the DagBag from /home/ironbong_jr/mlops/project/project/lib/python3.10/site-packages/airflow/example_dags/subdags/subdag.py
[2024-03-12T17:43:59.779-0400] {processor.py:842} WARNING - No viable dags retrieved from /home/ironbong_jr/mlops/project/project/lib/python3.10/site-packages/airflow/example_dags/subdags/subdag.py
[2024-03-12T17:43:59.786-0400] {processor.py:183} INFO - Processing /home/ironbong_jr/mlops/project/project/lib/python3.10/site-packages/airflow/example_dags/subdags/subdag.py took 0.015 seconds
[2024-03-12T17:44:56.206-0400] {processor.py:161} INFO - Started process (PID=369945) to work on /home/ironbong_jr/mlops/project/project/lib/python3.10/site-packages/airflow/example_dags/subdags/subdag.py
[2024-03-12T17:44:56.208-0400] {processor.py:830} INFO - Processing file /home/ironbong_jr/mlops/project/project/lib/python3.10/site-packages/airflow/example_dags/subdags/subdag.py for tasks to queue
[2024-03-12T17:44:56.209-0400] {logging_mixin.py:188} INFO - [2024-03-12T17:44:56.208-0400] {dagbag.py:540} INFO - Filling up the DagBag from /home/ironbong_jr/mlops/project/project/lib/python3.10/site-packages/airflow/example_dags/subdags/subdag.py
[2024-03-12T17:44:56.210-0400] {processor.py:842} WARNING - No viable dags retrieved from /home/ironbong_jr/mlops/project/project/lib/python3.10/site-packages/airflow/example_dags/subdags/subdag.py
[2024-03-12T17:44:56.217-0400] {processor.py:183} INFO - Processing /home/ironbong_jr/mlops/project/project/lib/python3.10/site-packages/airflow/example_dags/subdags/subdag.py took 0.013 seconds
[2024-03-12T17:46:00.239-0400] {processor.py:161} INFO - Started process (PID=370274) to work on /home/ironbong_jr/mlops/project/project/lib/python3.10/site-packages/airflow/example_dags/subdags/subdag.py
[2024-03-12T17:46:00.243-0400] {processor.py:830} INFO - Processing file /home/ironbong_jr/mlops/project/project/lib/python3.10/site-packages/airflow/example_dags/subdags/subdag.py for tasks to queue
[2024-03-12T17:46:00.244-0400] {logging_mixin.py:188} INFO - [2024-03-12T17:46:00.244-0400] {dagbag.py:540} INFO - Filling up the DagBag from /home/ironbong_jr/mlops/project/project/lib/python3.10/site-packages/airflow/example_dags/subdags/subdag.py
[2024-03-12T17:46:00.246-0400] {processor.py:842} WARNING - No viable dags retrieved from /home/ironbong_jr/mlops/project/project/lib/python3.10/site-packages/airflow/example_dags/subdags/subdag.py
[2024-03-12T17:46:00.254-0400] {processor.py:183} INFO - Processing /home/ironbong_jr/mlops/project/project/lib/python3.10/site-packages/airflow/example_dags/subdags/subdag.py took 0.017 seconds
[2024-03-12T17:47:25.078-0400] {processor.py:161} INFO - Started process (PID=370702) to work on /home/ironbong_jr/mlops/project/project/lib/python3.10/site-packages/airflow/example_dags/subdags/subdag.py
[2024-03-12T17:47:25.082-0400] {processor.py:830} INFO - Processing file /home/ironbong_jr/mlops/project/project/lib/python3.10/site-packages/airflow/example_dags/subdags/subdag.py for tasks to queue
[2024-03-12T17:47:25.082-0400] {logging_mixin.py:188} INFO - [2024-03-12T17:47:25.082-0400] {dagbag.py:540} INFO - Filling up the DagBag from /home/ironbong_jr/mlops/project/project/lib/python3.10/site-packages/airflow/example_dags/subdags/subdag.py
[2024-03-12T17:47:25.084-0400] {processor.py:842} WARNING - No viable dags retrieved from /home/ironbong_jr/mlops/project/project/lib/python3.10/site-packages/airflow/example_dags/subdags/subdag.py
[2024-03-12T17:47:25.090-0400] {processor.py:183} INFO - Processing /home/ironbong_jr/mlops/project/project/lib/python3.10/site-packages/airflow/example_dags/subdags/subdag.py took 0.014 seconds
[2024-03-12T18:07:14.023-0400] {processor.py:161} INFO - Started process (PID=375564) to work on /home/ironbong_jr/mlops/project/project/lib/python3.10/site-packages/airflow/example_dags/subdags/subdag.py
[2024-03-12T18:07:14.026-0400] {processor.py:830} INFO - Processing file /home/ironbong_jr/mlops/project/project/lib/python3.10/site-packages/airflow/example_dags/subdags/subdag.py for tasks to queue
[2024-03-12T18:07:14.027-0400] {logging_mixin.py:188} INFO - [2024-03-12T18:07:14.027-0400] {dagbag.py:540} INFO - Filling up the DagBag from /home/ironbong_jr/mlops/project/project/lib/python3.10/site-packages/airflow/example_dags/subdags/subdag.py
[2024-03-12T18:07:14.028-0400] {processor.py:842} WARNING - No viable dags retrieved from /home/ironbong_jr/mlops/project/project/lib/python3.10/site-packages/airflow/example_dags/subdags/subdag.py
[2024-03-12T18:07:14.036-0400] {processor.py:183} INFO - Processing /home/ironbong_jr/mlops/project/project/lib/python3.10/site-packages/airflow/example_dags/subdags/subdag.py took 0.015 seconds
[2024-03-12T18:08:30.300-0400] {processor.py:161} INFO - Started process (PID=375951) to work on /home/ironbong_jr/mlops/project/project/lib/python3.10/site-packages/airflow/example_dags/subdags/subdag.py
[2024-03-12T18:08:30.303-0400] {processor.py:830} INFO - Processing file /home/ironbong_jr/mlops/project/project/lib/python3.10/site-packages/airflow/example_dags/subdags/subdag.py for tasks to queue
[2024-03-12T18:08:30.304-0400] {logging_mixin.py:188} INFO - [2024-03-12T18:08:30.304-0400] {dagbag.py:540} INFO - Filling up the DagBag from /home/ironbong_jr/mlops/project/project/lib/python3.10/site-packages/airflow/example_dags/subdags/subdag.py
[2024-03-12T18:08:30.307-0400] {processor.py:842} WARNING - No viable dags retrieved from /home/ironbong_jr/mlops/project/project/lib/python3.10/site-packages/airflow/example_dags/subdags/subdag.py
[2024-03-12T18:08:30.316-0400] {processor.py:183} INFO - Processing /home/ironbong_jr/mlops/project/project/lib/python3.10/site-packages/airflow/example_dags/subdags/subdag.py took 0.018 seconds
[2024-03-12T18:09:39.450-0400] {processor.py:161} INFO - Started process (PID=376279) to work on /home/ironbong_jr/mlops/project/project/lib/python3.10/site-packages/airflow/example_dags/subdags/subdag.py
[2024-03-12T18:09:39.452-0400] {processor.py:830} INFO - Processing file /home/ironbong_jr/mlops/project/project/lib/python3.10/site-packages/airflow/example_dags/subdags/subdag.py for tasks to queue
[2024-03-12T18:09:39.452-0400] {logging_mixin.py:188} INFO - [2024-03-12T18:09:39.452-0400] {dagbag.py:540} INFO - Filling up the DagBag from /home/ironbong_jr/mlops/project/project/lib/python3.10/site-packages/airflow/example_dags/subdags/subdag.py
[2024-03-12T18:09:39.454-0400] {processor.py:842} WARNING - No viable dags retrieved from /home/ironbong_jr/mlops/project/project/lib/python3.10/site-packages/airflow/example_dags/subdags/subdag.py
[2024-03-12T18:09:39.462-0400] {processor.py:183} INFO - Processing /home/ironbong_jr/mlops/project/project/lib/python3.10/site-packages/airflow/example_dags/subdags/subdag.py took 0.014 seconds
[2024-03-12T18:11:50.037-0400] {processor.py:161} INFO - Started process (PID=376959) to work on /home/ironbong_jr/mlops/project/project/lib/python3.10/site-packages/airflow/example_dags/subdags/subdag.py
[2024-03-12T18:11:50.040-0400] {processor.py:830} INFO - Processing file /home/ironbong_jr/mlops/project/project/lib/python3.10/site-packages/airflow/example_dags/subdags/subdag.py for tasks to queue
[2024-03-12T18:11:50.041-0400] {logging_mixin.py:188} INFO - [2024-03-12T18:11:50.041-0400] {dagbag.py:540} INFO - Filling up the DagBag from /home/ironbong_jr/mlops/project/project/lib/python3.10/site-packages/airflow/example_dags/subdags/subdag.py
[2024-03-12T18:11:50.043-0400] {processor.py:842} WARNING - No viable dags retrieved from /home/ironbong_jr/mlops/project/project/lib/python3.10/site-packages/airflow/example_dags/subdags/subdag.py
[2024-03-12T18:11:50.050-0400] {processor.py:183} INFO - Processing /home/ironbong_jr/mlops/project/project/lib/python3.10/site-packages/airflow/example_dags/subdags/subdag.py took 0.015 seconds
[2024-03-12T18:12:59.601-0400] {processor.py:161} INFO - Started process (PID=377283) to work on /home/ironbong_jr/mlops/project/project/lib/python3.10/site-packages/airflow/example_dags/subdags/subdag.py
[2024-03-12T18:12:59.605-0400] {processor.py:830} INFO - Processing file /home/ironbong_jr/mlops/project/project/lib/python3.10/site-packages/airflow/example_dags/subdags/subdag.py for tasks to queue
[2024-03-12T18:12:59.605-0400] {logging_mixin.py:188} INFO - [2024-03-12T18:12:59.605-0400] {dagbag.py:540} INFO - Filling up the DagBag from /home/ironbong_jr/mlops/project/project/lib/python3.10/site-packages/airflow/example_dags/subdags/subdag.py
[2024-03-12T18:12:59.607-0400] {processor.py:842} WARNING - No viable dags retrieved from /home/ironbong_jr/mlops/project/project/lib/python3.10/site-packages/airflow/example_dags/subdags/subdag.py
[2024-03-12T18:12:59.613-0400] {processor.py:183} INFO - Processing /home/ironbong_jr/mlops/project/project/lib/python3.10/site-packages/airflow/example_dags/subdags/subdag.py took 0.014 seconds
[2024-03-12T18:15:19.690-0400] {processor.py:161} INFO - Started process (PID=378096) to work on /home/ironbong_jr/mlops/project/project/lib/python3.10/site-packages/airflow/example_dags/subdags/subdag.py
[2024-03-12T18:15:19.693-0400] {processor.py:830} INFO - Processing file /home/ironbong_jr/mlops/project/project/lib/python3.10/site-packages/airflow/example_dags/subdags/subdag.py for tasks to queue
[2024-03-12T18:15:19.693-0400] {logging_mixin.py:188} INFO - [2024-03-12T18:15:19.693-0400] {dagbag.py:540} INFO - Filling up the DagBag from /home/ironbong_jr/mlops/project/project/lib/python3.10/site-packages/airflow/example_dags/subdags/subdag.py
[2024-03-12T18:15:19.695-0400] {processor.py:842} WARNING - No viable dags retrieved from /home/ironbong_jr/mlops/project/project/lib/python3.10/site-packages/airflow/example_dags/subdags/subdag.py
[2024-03-12T18:15:19.703-0400] {processor.py:183} INFO - Processing /home/ironbong_jr/mlops/project/project/lib/python3.10/site-packages/airflow/example_dags/subdags/subdag.py took 0.014 seconds
[2024-03-12T18:16:29.156-0400] {processor.py:161} INFO - Started process (PID=378437) to work on /home/ironbong_jr/mlops/project/project/lib/python3.10/site-packages/airflow/example_dags/subdags/subdag.py
[2024-03-12T18:16:29.161-0400] {processor.py:830} INFO - Processing file /home/ironbong_jr/mlops/project/project/lib/python3.10/site-packages/airflow/example_dags/subdags/subdag.py for tasks to queue
[2024-03-12T18:16:29.162-0400] {logging_mixin.py:188} INFO - [2024-03-12T18:16:29.161-0400] {dagbag.py:540} INFO - Filling up the DagBag from /home/ironbong_jr/mlops/project/project/lib/python3.10/site-packages/airflow/example_dags/subdags/subdag.py
[2024-03-12T18:16:29.163-0400] {processor.py:842} WARNING - No viable dags retrieved from /home/ironbong_jr/mlops/project/project/lib/python3.10/site-packages/airflow/example_dags/subdags/subdag.py
[2024-03-12T18:16:29.173-0400] {processor.py:183} INFO - Processing /home/ironbong_jr/mlops/project/project/lib/python3.10/site-packages/airflow/example_dags/subdags/subdag.py took 0.019 seconds
[2024-03-12T18:17:47.439-0400] {processor.py:161} INFO - Started process (PID=378800) to work on /home/ironbong_jr/mlops/project/project/lib/python3.10/site-packages/airflow/example_dags/subdags/subdag.py
[2024-03-12T18:17:47.440-0400] {processor.py:830} INFO - Processing file /home/ironbong_jr/mlops/project/project/lib/python3.10/site-packages/airflow/example_dags/subdags/subdag.py for tasks to queue
[2024-03-12T18:17:47.441-0400] {logging_mixin.py:188} INFO - [2024-03-12T18:17:47.441-0400] {dagbag.py:540} INFO - Filling up the DagBag from /home/ironbong_jr/mlops/project/project/lib/python3.10/site-packages/airflow/example_dags/subdags/subdag.py
[2024-03-12T18:17:47.443-0400] {processor.py:842} WARNING - No viable dags retrieved from /home/ironbong_jr/mlops/project/project/lib/python3.10/site-packages/airflow/example_dags/subdags/subdag.py
[2024-03-12T18:17:47.451-0400] {processor.py:183} INFO - Processing /home/ironbong_jr/mlops/project/project/lib/python3.10/site-packages/airflow/example_dags/subdags/subdag.py took 0.014 seconds
[2024-03-12T18:20:52.116-0400] {processor.py:161} INFO - Started process (PID=379595) to work on /home/ironbong_jr/mlops/project/project/lib/python3.10/site-packages/airflow/example_dags/subdags/subdag.py
[2024-03-12T18:20:52.120-0400] {processor.py:830} INFO - Processing file /home/ironbong_jr/mlops/project/project/lib/python3.10/site-packages/airflow/example_dags/subdags/subdag.py for tasks to queue
[2024-03-12T18:20:52.121-0400] {logging_mixin.py:188} INFO - [2024-03-12T18:20:52.120-0400] {dagbag.py:540} INFO - Filling up the DagBag from /home/ironbong_jr/mlops/project/project/lib/python3.10/site-packages/airflow/example_dags/subdags/subdag.py
[2024-03-12T18:20:52.123-0400] {processor.py:842} WARNING - No viable dags retrieved from /home/ironbong_jr/mlops/project/project/lib/python3.10/site-packages/airflow/example_dags/subdags/subdag.py
[2024-03-12T18:20:52.140-0400] {processor.py:183} INFO - Processing /home/ironbong_jr/mlops/project/project/lib/python3.10/site-packages/airflow/example_dags/subdags/subdag.py took 0.027 seconds
[2024-03-12T18:22:08.215-0400] {processor.py:161} INFO - Started process (PID=379950) to work on /home/ironbong_jr/mlops/project/project/lib/python3.10/site-packages/airflow/example_dags/subdags/subdag.py
[2024-03-12T18:22:08.216-0400] {processor.py:830} INFO - Processing file /home/ironbong_jr/mlops/project/project/lib/python3.10/site-packages/airflow/example_dags/subdags/subdag.py for tasks to queue
[2024-03-12T18:22:08.217-0400] {logging_mixin.py:188} INFO - [2024-03-12T18:22:08.217-0400] {dagbag.py:540} INFO - Filling up the DagBag from /home/ironbong_jr/mlops/project/project/lib/python3.10/site-packages/airflow/example_dags/subdags/subdag.py
[2024-03-12T18:22:08.219-0400] {processor.py:842} WARNING - No viable dags retrieved from /home/ironbong_jr/mlops/project/project/lib/python3.10/site-packages/airflow/example_dags/subdags/subdag.py
[2024-03-12T18:22:08.226-0400] {processor.py:183} INFO - Processing /home/ironbong_jr/mlops/project/project/lib/python3.10/site-packages/airflow/example_dags/subdags/subdag.py took 0.013 seconds
[2024-03-12T18:23:18.029-0400] {processor.py:161} INFO - Started process (PID=380259) to work on /home/ironbong_jr/mlops/project/project/lib/python3.10/site-packages/airflow/example_dags/subdags/subdag.py
[2024-03-12T18:23:18.033-0400] {processor.py:830} INFO - Processing file /home/ironbong_jr/mlops/project/project/lib/python3.10/site-packages/airflow/example_dags/subdags/subdag.py for tasks to queue
[2024-03-12T18:23:18.034-0400] {logging_mixin.py:188} INFO - [2024-03-12T18:23:18.034-0400] {dagbag.py:540} INFO - Filling up the DagBag from /home/ironbong_jr/mlops/project/project/lib/python3.10/site-packages/airflow/example_dags/subdags/subdag.py
[2024-03-12T18:23:18.036-0400] {processor.py:842} WARNING - No viable dags retrieved from /home/ironbong_jr/mlops/project/project/lib/python3.10/site-packages/airflow/example_dags/subdags/subdag.py
[2024-03-12T18:23:18.042-0400] {processor.py:183} INFO - Processing /home/ironbong_jr/mlops/project/project/lib/python3.10/site-packages/airflow/example_dags/subdags/subdag.py took 0.016 seconds
[2024-03-12T18:24:25.553-0400] {processor.py:161} INFO - Started process (PID=380573) to work on /home/ironbong_jr/mlops/project/project/lib/python3.10/site-packages/airflow/example_dags/subdags/subdag.py
[2024-03-12T18:24:25.554-0400] {processor.py:830} INFO - Processing file /home/ironbong_jr/mlops/project/project/lib/python3.10/site-packages/airflow/example_dags/subdags/subdag.py for tasks to queue
[2024-03-12T18:24:25.555-0400] {logging_mixin.py:188} INFO - [2024-03-12T18:24:25.555-0400] {dagbag.py:540} INFO - Filling up the DagBag from /home/ironbong_jr/mlops/project/project/lib/python3.10/site-packages/airflow/example_dags/subdags/subdag.py
[2024-03-12T18:24:25.556-0400] {processor.py:842} WARNING - No viable dags retrieved from /home/ironbong_jr/mlops/project/project/lib/python3.10/site-packages/airflow/example_dags/subdags/subdag.py
[2024-03-12T18:24:25.563-0400] {processor.py:183} INFO - Processing /home/ironbong_jr/mlops/project/project/lib/python3.10/site-packages/airflow/example_dags/subdags/subdag.py took 0.012 seconds
[2024-03-12T19:41:00.818-0400] {processor.py:161} INFO - Started process (PID=392845) to work on /home/ironbong_jr/mlops/project/project/lib/python3.10/site-packages/airflow/example_dags/subdags/subdag.py
[2024-03-12T19:41:00.860-0400] {processor.py:830} INFO - Processing file /home/ironbong_jr/mlops/project/project/lib/python3.10/site-packages/airflow/example_dags/subdags/subdag.py for tasks to queue
[2024-03-12T19:41:00.863-0400] {logging_mixin.py:188} INFO - [2024-03-12T19:41:00.862-0400] {dagbag.py:540} INFO - Filling up the DagBag from /home/ironbong_jr/mlops/project/project/lib/python3.10/site-packages/airflow/example_dags/subdags/subdag.py
[2024-03-12T19:41:00.867-0400] {processor.py:842} WARNING - No viable dags retrieved from /home/ironbong_jr/mlops/project/project/lib/python3.10/site-packages/airflow/example_dags/subdags/subdag.py
[2024-03-12T19:41:00.888-0400] {processor.py:183} INFO - Processing /home/ironbong_jr/mlops/project/project/lib/python3.10/site-packages/airflow/example_dags/subdags/subdag.py took 0.080 seconds
[2024-03-12T19:42:31.841-0400] {processor.py:161} INFO - Started process (PID=393246) to work on /home/ironbong_jr/mlops/project/project/lib/python3.10/site-packages/airflow/example_dags/subdags/subdag.py
[2024-03-12T19:42:31.882-0400] {processor.py:830} INFO - Processing file /home/ironbong_jr/mlops/project/project/lib/python3.10/site-packages/airflow/example_dags/subdags/subdag.py for tasks to queue
[2024-03-12T19:42:31.885-0400] {logging_mixin.py:188} INFO - [2024-03-12T19:42:31.884-0400] {dagbag.py:540} INFO - Filling up the DagBag from /home/ironbong_jr/mlops/project/project/lib/python3.10/site-packages/airflow/example_dags/subdags/subdag.py
[2024-03-12T19:42:31.890-0400] {processor.py:842} WARNING - No viable dags retrieved from /home/ironbong_jr/mlops/project/project/lib/python3.10/site-packages/airflow/example_dags/subdags/subdag.py
[2024-03-12T19:42:31.923-0400] {processor.py:183} INFO - Processing /home/ironbong_jr/mlops/project/project/lib/python3.10/site-packages/airflow/example_dags/subdags/subdag.py took 0.088 seconds
[2024-03-12T19:43:52.799-0400] {processor.py:161} INFO - Started process (PID=393585) to work on /home/ironbong_jr/mlops/project/project/lib/python3.10/site-packages/airflow/example_dags/subdags/subdag.py
[2024-03-12T19:43:52.846-0400] {processor.py:830} INFO - Processing file /home/ironbong_jr/mlops/project/project/lib/python3.10/site-packages/airflow/example_dags/subdags/subdag.py for tasks to queue
[2024-03-12T19:43:52.848-0400] {logging_mixin.py:188} INFO - [2024-03-12T19:43:52.847-0400] {dagbag.py:540} INFO - Filling up the DagBag from /home/ironbong_jr/mlops/project/project/lib/python3.10/site-packages/airflow/example_dags/subdags/subdag.py
[2024-03-12T19:43:52.853-0400] {processor.py:842} WARNING - No viable dags retrieved from /home/ironbong_jr/mlops/project/project/lib/python3.10/site-packages/airflow/example_dags/subdags/subdag.py
[2024-03-12T19:43:52.876-0400] {processor.py:183} INFO - Processing /home/ironbong_jr/mlops/project/project/lib/python3.10/site-packages/airflow/example_dags/subdags/subdag.py took 0.083 seconds
[2024-03-12T19:45:11.255-0400] {processor.py:161} INFO - Started process (PID=393924) to work on /home/ironbong_jr/mlops/project/project/lib/python3.10/site-packages/airflow/example_dags/subdags/subdag.py
[2024-03-12T19:45:11.308-0400] {processor.py:830} INFO - Processing file /home/ironbong_jr/mlops/project/project/lib/python3.10/site-packages/airflow/example_dags/subdags/subdag.py for tasks to queue
[2024-03-12T19:45:11.310-0400] {logging_mixin.py:188} INFO - [2024-03-12T19:45:11.309-0400] {dagbag.py:540} INFO - Filling up the DagBag from /home/ironbong_jr/mlops/project/project/lib/python3.10/site-packages/airflow/example_dags/subdags/subdag.py
[2024-03-12T19:45:11.314-0400] {processor.py:842} WARNING - No viable dags retrieved from /home/ironbong_jr/mlops/project/project/lib/python3.10/site-packages/airflow/example_dags/subdags/subdag.py
[2024-03-12T19:45:11.335-0400] {processor.py:183} INFO - Processing /home/ironbong_jr/mlops/project/project/lib/python3.10/site-packages/airflow/example_dags/subdags/subdag.py took 0.088 seconds
[2024-03-12T19:48:49.063-0400] {processor.py:161} INFO - Started process (PID=394697) to work on /home/ironbong_jr/mlops/project/project/lib/python3.10/site-packages/airflow/example_dags/subdags/subdag.py
[2024-03-12T19:48:49.124-0400] {processor.py:830} INFO - Processing file /home/ironbong_jr/mlops/project/project/lib/python3.10/site-packages/airflow/example_dags/subdags/subdag.py for tasks to queue
[2024-03-12T19:48:49.127-0400] {logging_mixin.py:188} INFO - [2024-03-12T19:48:49.126-0400] {dagbag.py:540} INFO - Filling up the DagBag from /home/ironbong_jr/mlops/project/project/lib/python3.10/site-packages/airflow/example_dags/subdags/subdag.py
[2024-03-12T19:48:49.141-0400] {processor.py:842} WARNING - No viable dags retrieved from /home/ironbong_jr/mlops/project/project/lib/python3.10/site-packages/airflow/example_dags/subdags/subdag.py
[2024-03-12T19:48:49.189-0400] {processor.py:183} INFO - Processing /home/ironbong_jr/mlops/project/project/lib/python3.10/site-packages/airflow/example_dags/subdags/subdag.py took 0.132 seconds
[2024-03-12T19:52:08.974-0400] {processor.py:161} INFO - Started process (PID=395489) to work on /home/ironbong_jr/mlops/project/project/lib/python3.10/site-packages/airflow/example_dags/subdags/subdag.py
[2024-03-12T19:52:09.029-0400] {processor.py:830} INFO - Processing file /home/ironbong_jr/mlops/project/project/lib/python3.10/site-packages/airflow/example_dags/subdags/subdag.py for tasks to queue
[2024-03-12T19:52:09.031-0400] {logging_mixin.py:188} INFO - [2024-03-12T19:52:09.030-0400] {dagbag.py:540} INFO - Filling up the DagBag from /home/ironbong_jr/mlops/project/project/lib/python3.10/site-packages/airflow/example_dags/subdags/subdag.py
[2024-03-12T19:52:09.036-0400] {processor.py:842} WARNING - No viable dags retrieved from /home/ironbong_jr/mlops/project/project/lib/python3.10/site-packages/airflow/example_dags/subdags/subdag.py
[2024-03-12T19:52:09.074-0400] {processor.py:183} INFO - Processing /home/ironbong_jr/mlops/project/project/lib/python3.10/site-packages/airflow/example_dags/subdags/subdag.py took 0.108 seconds
[2024-03-12T19:53:34.421-0400] {processor.py:161} INFO - Started process (PID=395867) to work on /home/ironbong_jr/mlops/project/project/lib/python3.10/site-packages/airflow/example_dags/subdags/subdag.py
[2024-03-12T19:53:34.471-0400] {processor.py:830} INFO - Processing file /home/ironbong_jr/mlops/project/project/lib/python3.10/site-packages/airflow/example_dags/subdags/subdag.py for tasks to queue
[2024-03-12T19:53:34.475-0400] {logging_mixin.py:188} INFO - [2024-03-12T19:53:34.473-0400] {dagbag.py:540} INFO - Filling up the DagBag from /home/ironbong_jr/mlops/project/project/lib/python3.10/site-packages/airflow/example_dags/subdags/subdag.py
[2024-03-12T19:53:34.489-0400] {processor.py:842} WARNING - No viable dags retrieved from /home/ironbong_jr/mlops/project/project/lib/python3.10/site-packages/airflow/example_dags/subdags/subdag.py
[2024-03-12T19:53:34.525-0400] {processor.py:183} INFO - Processing /home/ironbong_jr/mlops/project/project/lib/python3.10/site-packages/airflow/example_dags/subdags/subdag.py took 0.111 seconds
[2024-03-12T19:54:55.929-0400] {processor.py:161} INFO - Started process (PID=396207) to work on /home/ironbong_jr/mlops/project/project/lib/python3.10/site-packages/airflow/example_dags/subdags/subdag.py
[2024-03-12T19:54:55.980-0400] {processor.py:830} INFO - Processing file /home/ironbong_jr/mlops/project/project/lib/python3.10/site-packages/airflow/example_dags/subdags/subdag.py for tasks to queue
[2024-03-12T19:54:55.983-0400] {logging_mixin.py:188} INFO - [2024-03-12T19:54:55.982-0400] {dagbag.py:540} INFO - Filling up the DagBag from /home/ironbong_jr/mlops/project/project/lib/python3.10/site-packages/airflow/example_dags/subdags/subdag.py
[2024-03-12T19:54:55.988-0400] {processor.py:842} WARNING - No viable dags retrieved from /home/ironbong_jr/mlops/project/project/lib/python3.10/site-packages/airflow/example_dags/subdags/subdag.py
[2024-03-12T19:54:56.007-0400] {processor.py:183} INFO - Processing /home/ironbong_jr/mlops/project/project/lib/python3.10/site-packages/airflow/example_dags/subdags/subdag.py took 0.088 seconds
[2024-03-12T19:56:08.463-0400] {processor.py:161} INFO - Started process (PID=396495) to work on /home/ironbong_jr/mlops/project/project/lib/python3.10/site-packages/airflow/example_dags/subdags/subdag.py
[2024-03-12T19:56:08.510-0400] {processor.py:830} INFO - Processing file /home/ironbong_jr/mlops/project/project/lib/python3.10/site-packages/airflow/example_dags/subdags/subdag.py for tasks to queue
[2024-03-12T19:56:08.514-0400] {logging_mixin.py:188} INFO - [2024-03-12T19:56:08.512-0400] {dagbag.py:540} INFO - Filling up the DagBag from /home/ironbong_jr/mlops/project/project/lib/python3.10/site-packages/airflow/example_dags/subdags/subdag.py
[2024-03-12T19:56:08.520-0400] {processor.py:842} WARNING - No viable dags retrieved from /home/ironbong_jr/mlops/project/project/lib/python3.10/site-packages/airflow/example_dags/subdags/subdag.py
[2024-03-12T19:56:08.560-0400] {processor.py:183} INFO - Processing /home/ironbong_jr/mlops/project/project/lib/python3.10/site-packages/airflow/example_dags/subdags/subdag.py took 0.104 seconds
[2024-03-12T19:57:28.896-0400] {processor.py:161} INFO - Started process (PID=396831) to work on /home/ironbong_jr/mlops/project/project/lib/python3.10/site-packages/airflow/example_dags/subdags/subdag.py
[2024-03-12T19:57:28.899-0400] {processor.py:830} INFO - Processing file /home/ironbong_jr/mlops/project/project/lib/python3.10/site-packages/airflow/example_dags/subdags/subdag.py for tasks to queue
[2024-03-12T19:57:28.901-0400] {logging_mixin.py:188} INFO - [2024-03-12T19:57:28.900-0400] {dagbag.py:540} INFO - Filling up the DagBag from /home/ironbong_jr/mlops/project/project/lib/python3.10/site-packages/airflow/example_dags/subdags/subdag.py
[2024-03-12T19:57:28.905-0400] {processor.py:842} WARNING - No viable dags retrieved from /home/ironbong_jr/mlops/project/project/lib/python3.10/site-packages/airflow/example_dags/subdags/subdag.py
[2024-03-12T19:57:28.938-0400] {processor.py:183} INFO - Processing /home/ironbong_jr/mlops/project/project/lib/python3.10/site-packages/airflow/example_dags/subdags/subdag.py took 0.056 seconds
[2024-03-12T19:58:42.088-0400] {processor.py:161} INFO - Started process (PID=397119) to work on /home/ironbong_jr/mlops/project/project/lib/python3.10/site-packages/airflow/example_dags/subdags/subdag.py
[2024-03-12T19:58:42.140-0400] {processor.py:830} INFO - Processing file /home/ironbong_jr/mlops/project/project/lib/python3.10/site-packages/airflow/example_dags/subdags/subdag.py for tasks to queue
[2024-03-12T19:58:42.144-0400] {logging_mixin.py:188} INFO - [2024-03-12T19:58:42.143-0400] {dagbag.py:540} INFO - Filling up the DagBag from /home/ironbong_jr/mlops/project/project/lib/python3.10/site-packages/airflow/example_dags/subdags/subdag.py
[2024-03-12T19:58:42.150-0400] {processor.py:842} WARNING - No viable dags retrieved from /home/ironbong_jr/mlops/project/project/lib/python3.10/site-packages/airflow/example_dags/subdags/subdag.py
[2024-03-12T19:58:42.178-0400] {processor.py:183} INFO - Processing /home/ironbong_jr/mlops/project/project/lib/python3.10/site-packages/airflow/example_dags/subdags/subdag.py took 0.097 seconds
[2024-03-12T19:59:57.862-0400] {processor.py:161} INFO - Started process (PID=397441) to work on /home/ironbong_jr/mlops/project/project/lib/python3.10/site-packages/airflow/example_dags/subdags/subdag.py
[2024-03-12T19:59:57.913-0400] {processor.py:830} INFO - Processing file /home/ironbong_jr/mlops/project/project/lib/python3.10/site-packages/airflow/example_dags/subdags/subdag.py for tasks to queue
[2024-03-12T19:59:57.915-0400] {logging_mixin.py:188} INFO - [2024-03-12T19:59:57.914-0400] {dagbag.py:540} INFO - Filling up the DagBag from /home/ironbong_jr/mlops/project/project/lib/python3.10/site-packages/airflow/example_dags/subdags/subdag.py
[2024-03-12T19:59:57.920-0400] {processor.py:842} WARNING - No viable dags retrieved from /home/ironbong_jr/mlops/project/project/lib/python3.10/site-packages/airflow/example_dags/subdags/subdag.py
[2024-03-12T19:59:57.938-0400] {processor.py:183} INFO - Processing /home/ironbong_jr/mlops/project/project/lib/python3.10/site-packages/airflow/example_dags/subdags/subdag.py took 0.083 seconds
