[2024-03-12T21:25:44.784-0400] {taskinstance.py:1979} INFO - Dependencies all met for dep_context=non-requeueable deps ti=<TaskInstance: train_data.Train_model manual__2024-03-13T01:24:09.036247+00:00 [queued]>
[2024-03-12T21:25:44.793-0400] {taskinstance.py:1979} INFO - Dependencies all met for dep_context=requeueable deps ti=<TaskInstance: train_data.Train_model manual__2024-03-13T01:24:09.036247+00:00 [queued]>
[2024-03-12T21:25:44.794-0400] {taskinstance.py:2193} INFO - Starting attempt 1 of 3
[2024-03-12T21:25:44.821-0400] {taskinstance.py:2217} INFO - Executing <Task(PythonOperator): Train_model> on 2024-03-13 01:24:09.036247+00:00
[2024-03-12T21:25:44.835-0400] {standard_task_runner.py:60} INFO - Started process 408021 to run task
[2024-03-12T21:25:44.843-0400] {standard_task_runner.py:87} INFO - Running: ['airflow', 'tasks', 'run', 'train_data', 'Train_model', 'manual__2024-03-13T01:24:09.036247+00:00', '--job-id', '94', '--raw', '--subdir', 'DAGS_FOLDER/train_dag.py', '--cfg-path', '/tmp/tmpimxlu0t4']
[2024-03-12T21:25:44.844-0400] {standard_task_runner.py:88} INFO - Job 94: Subtask Train_model
[2024-03-12T21:25:44.939-0400] {task_command.py:423} INFO - Running <TaskInstance: train_data.Train_model manual__2024-03-13T01:24:09.036247+00:00 [running]> on host DESKTOP-6U7QAQN.
[2024-03-12T21:25:45.053-0400] {taskinstance.py:2513} INFO - Exporting env vars: AIRFLOW_CTX_DAG_EMAIL='youremail@email.com' AIRFLOW_CTX_DAG_OWNER='airflow' AIRFLOW_CTX_DAG_ID='train_data' AIRFLOW_CTX_TASK_ID='Train_model' AIRFLOW_CTX_EXECUTION_DATE='2024-03-13T01:24:09.036247+00:00' AIRFLOW_CTX_TRY_NUMBER='1' AIRFLOW_CTX_DAG_RUN_ID='manual__2024-03-13T01:24:09.036247+00:00'
[2024-03-12T21:25:45.513-0400] {logging_mixin.py:188} INFO - [LightGBM] [Info] Number of positive: 4479, number of negative: 15771
[2024-03-12T21:25:45.524-0400] {logging_mixin.py:188} INFO - [LightGBM] [Info] Auto-choosing row-wise multi-threading, the overhead of testing was 0.002321 seconds.
You can set `force_row_wise=true` to remove the overhead.
And if memory is not enough, you can set `force_col_wise=true`.
[2024-03-12T21:25:45.525-0400] {logging_mixin.py:188} INFO - [LightGBM] [Info] Total Bins 3205
[2024-03-12T21:25:45.526-0400] {logging_mixin.py:188} INFO - [LightGBM] [Info] Number of data points in the train set: 20250, number of used features: 20
[2024-03-12T21:25:45.527-0400] {logging_mixin.py:188} INFO - [LightGBM] [Info] [binary:BoostFromScore]: pavg=0.221185 -> initscore=-1.258773
[2024-03-12T21:25:45.527-0400] {logging_mixin.py:188} INFO - [LightGBM] [Info] Start training from score -1.258773
[2024-03-12T21:25:45.761-0400] {logging_mixin.py:188} INFO - [LightGBM] [Warning] No further splits with positive gain, best gain: -inf
[2024-03-12T21:25:45.776-0400] {logging_mixin.py:188} INFO - [LightGBM] [Warning] No further splits with positive gain, best gain: -inf
[2024-03-12T21:25:45.790-0400] {logging_mixin.py:188} INFO - model fit done
[2024-03-12T21:25:45.841-0400] {logging_mixin.py:188} INFO - model predicted
[2024-03-12T21:25:45.853-0400] {logging_mixin.py:188} INFO - 0.6677292204149451
[2024-03-12T21:25:45.866-0400] {logging_mixin.py:188} INFO - 0.8275555555555556
[2024-03-12T21:25:45.869-0400] {logging_mixin.py:188} INFO - f8523c071b004708bab7a5ba3e53a6fd
[2024-03-12T21:25:45.873-0400] {python.py:202} INFO - Done. Returned value was: None
[2024-03-12T21:25:45.884-0400] {taskinstance.py:1149} INFO - Marking task as SUCCESS. dag_id=train_data, task_id=Train_model, execution_date=20240313T012409, start_date=20240313T012544, end_date=20240313T012545
[2024-03-12T21:25:45.985-0400] {local_task_job_runner.py:234} INFO - Task exited with return code 0
[2024-03-12T21:25:46.009-0400] {taskinstance.py:3312} INFO - 0 downstream tasks scheduled from follow-on schedule check
