[2024-03-13T00:29:07.563-0400] {taskinstance.py:1979} INFO - Dependencies all met for dep_context=non-requeueable deps ti=<TaskInstance: predict_data.pre_process scheduled__2024-03-12T00:00:00+00:00 [queued]>
[2024-03-13T00:29:07.579-0400] {taskinstance.py:1979} INFO - Dependencies all met for dep_context=requeueable deps ti=<TaskInstance: predict_data.pre_process scheduled__2024-03-12T00:00:00+00:00 [queued]>
[2024-03-13T00:29:07.580-0400] {taskinstance.py:2193} INFO - Starting attempt 1 of 3
[2024-03-13T00:29:07.608-0400] {taskinstance.py:2217} INFO - Executing <Task(PythonOperator): pre_process> on 2024-03-12 00:00:00+00:00
[2024-03-13T00:29:07.625-0400] {standard_task_runner.py:60} INFO - Started process 432590 to run task
[2024-03-13T00:29:07.632-0400] {standard_task_runner.py:87} INFO - Running: ['airflow', 'tasks', 'run', 'predict_data', 'pre_process', 'scheduled__2024-03-12T00:00:00+00:00', '--job-id', '110', '--raw', '--subdir', 'DAGS_FOLDER/test_dag.py', '--cfg-path', '/tmp/tmp2wegrjk9']
[2024-03-13T00:29:07.634-0400] {standard_task_runner.py:88} INFO - Job 110: Subtask pre_process
[2024-03-13T00:29:07.713-0400] {task_command.py:423} INFO - Running <TaskInstance: predict_data.pre_process scheduled__2024-03-12T00:00:00+00:00 [running]> on host DESKTOP-6U7QAQN.
[2024-03-13T00:29:07.819-0400] {taskinstance.py:2513} INFO - Exporting env vars: AIRFLOW_CTX_DAG_EMAIL='youremail@email.com' AIRFLOW_CTX_DAG_OWNER='airflow' AIRFLOW_CTX_DAG_ID='predict_data' AIRFLOW_CTX_TASK_ID='pre_process' AIRFLOW_CTX_EXECUTION_DATE='2024-03-12T00:00:00+00:00' AIRFLOW_CTX_TRY_NUMBER='1' AIRFLOW_CTX_DAG_RUN_ID='scheduled__2024-03-12T00:00:00+00:00'
[2024-03-13T00:29:09.560-0400] {python.py:202} INFO - Done. Returned value was:       LIMIT_BAL  SEX  PAY_0  PAY_2  ...  PAY_AMT3  PAY_AMT4  PAY_AMT5  PAY_AMT6
0        100000    2      0      0  ...      3800      7500         0      3600
1        350000    2     -2     -2  ...         0      8631       277      7545
2        300000    2     -2     -2  ...         0         0         0         0
3        200000    1     -1     -1  ...      4598         0         0         0
4         70000    2      0      0  ...      2300      2000      1900      3000
...         ...  ...    ...    ...  ...       ...       ...       ...       ...
2995      20000    1      0      0  ...       378       389       400       600
2996     200000    1      0      0  ...     20019      5014     10047     10238
2997      70000    2      0      0  ...      3000      3000      3000      4700
2998     400000    1     -1     -1  ...     10021        51      4735      1733
2999      90000    1      0      0  ...      2000      1600      1500      2000

[3000 rows x 20 columns]
[2024-03-13T00:29:09.746-0400] {taskinstance.py:1149} INFO - Marking task as SUCCESS. dag_id=predict_data, task_id=pre_process, execution_date=20240312T000000, start_date=20240313T042907, end_date=20240313T042909
[2024-03-13T00:29:09.822-0400] {local_task_job_runner.py:234} INFO - Task exited with return code 0
[2024-03-13T00:29:09.857-0400] {taskinstance.py:3312} INFO - 1 downstream tasks scheduled from follow-on schedule check
