[2024-03-13T00:34:42.760-0400] {taskinstance.py:1979} INFO - Dependencies all met for dep_context=non-requeueable deps ti=<TaskInstance: train_data.Train_model manual__2024-03-13T04:32:51.212801+00:00 [queued]>
[2024-03-13T00:34:42.769-0400] {taskinstance.py:1979} INFO - Dependencies all met for dep_context=requeueable deps ti=<TaskInstance: train_data.Train_model manual__2024-03-13T04:32:51.212801+00:00 [queued]>
[2024-03-13T00:34:42.770-0400] {taskinstance.py:2193} INFO - Starting attempt 1 of 3
[2024-03-13T00:34:42.805-0400] {taskinstance.py:2217} INFO - Executing <Task(PythonOperator): Train_model> on 2024-03-13 04:32:51.212801+00:00
[2024-03-13T00:34:42.818-0400] {standard_task_runner.py:60} INFO - Started process 434029 to run task
[2024-03-13T00:34:42.825-0400] {standard_task_runner.py:87} INFO - Running: ['airflow', 'tasks', 'run', 'train_data', 'Train_model', 'manual__2024-03-13T04:32:51.212801+00:00', '--job-id', '117', '--raw', '--subdir', 'DAGS_FOLDER/train_dag.py', '--cfg-path', '/tmp/tmplvwnp1si']
[2024-03-13T00:34:42.826-0400] {standard_task_runner.py:88} INFO - Job 117: Subtask Train_model
[2024-03-13T00:34:42.889-0400] {task_command.py:423} INFO - Running <TaskInstance: train_data.Train_model manual__2024-03-13T04:32:51.212801+00:00 [running]> on host DESKTOP-6U7QAQN.
[2024-03-13T00:34:43.002-0400] {taskinstance.py:2513} INFO - Exporting env vars: AIRFLOW_CTX_DAG_EMAIL='youremail@email.com' AIRFLOW_CTX_DAG_OWNER='airflow' AIRFLOW_CTX_DAG_ID='train_data' AIRFLOW_CTX_TASK_ID='Train_model' AIRFLOW_CTX_EXECUTION_DATE='2024-03-13T04:32:51.212801+00:00' AIRFLOW_CTX_TRY_NUMBER='1' AIRFLOW_CTX_DAG_RUN_ID='manual__2024-03-13T04:32:51.212801+00:00'
[2024-03-13T00:34:43.031-0400] {logging_mixin.py:188} INFO - LIMIT_BAL
[2024-03-13T00:34:43.032-0400] {logging_mixin.py:188} INFO - SEX
[2024-03-13T00:34:43.032-0400] {logging_mixin.py:188} INFO - PAY_0
[2024-03-13T00:34:43.032-0400] {logging_mixin.py:188} INFO - PAY_2
[2024-03-13T00:34:43.032-0400] {logging_mixin.py:188} INFO - PAY_3
[2024-03-13T00:34:43.032-0400] {logging_mixin.py:188} INFO - PAY_4
[2024-03-13T00:34:43.033-0400] {logging_mixin.py:188} INFO - PAY_5
[2024-03-13T00:34:43.033-0400] {logging_mixin.py:188} INFO - PAY_6
[2024-03-13T00:34:43.033-0400] {logging_mixin.py:188} INFO - BILL_AMT1
[2024-03-13T00:34:43.033-0400] {logging_mixin.py:188} INFO - BILL_AMT2
[2024-03-13T00:34:43.033-0400] {logging_mixin.py:188} INFO - BILL_AMT3
[2024-03-13T00:34:43.033-0400] {logging_mixin.py:188} INFO - BILL_AMT4
[2024-03-13T00:34:43.033-0400] {logging_mixin.py:188} INFO - BILL_AMT5
[2024-03-13T00:34:43.033-0400] {logging_mixin.py:188} INFO - BILL_AMT6
[2024-03-13T00:34:43.033-0400] {logging_mixin.py:188} INFO - PAY_AMT1
[2024-03-13T00:34:43.033-0400] {logging_mixin.py:188} INFO - PAY_AMT2
[2024-03-13T00:34:43.034-0400] {logging_mixin.py:188} INFO - PAY_AMT3
[2024-03-13T00:34:43.034-0400] {logging_mixin.py:188} INFO - PAY_AMT4
[2024-03-13T00:34:43.034-0400] {logging_mixin.py:188} INFO - PAY_AMT5
[2024-03-13T00:34:43.034-0400] {logging_mixin.py:188} INFO - PAY_AMT6
[2024-03-13T00:34:43.035-0400] {python.py:202} INFO - Done. Returned value was: None
[2024-03-13T00:34:43.043-0400] {taskinstance.py:1149} INFO - Marking task as SUCCESS. dag_id=train_data, task_id=Train_model, execution_date=20240313T043251, start_date=20240313T043442, end_date=20240313T043443
[2024-03-13T00:34:43.121-0400] {local_task_job_runner.py:234} INFO - Task exited with return code 0
[2024-03-13T00:34:43.148-0400] {taskinstance.py:3312} INFO - 0 downstream tasks scheduled from follow-on schedule check
