[2024-03-12T21:22:02.708-0400] {processor.py:161} INFO - Started process (PID=407038) to work on /home/ironbong_jr/mlops/project/project/lib/python3.10/site-packages/airflow/example_dags/example_nested_branch_dag.py
[2024-03-12T21:22:02.710-0400] {processor.py:830} INFO - Processing file /home/ironbong_jr/mlops/project/project/lib/python3.10/site-packages/airflow/example_dags/example_nested_branch_dag.py for tasks to queue
[2024-03-12T21:22:02.712-0400] {logging_mixin.py:188} INFO - [2024-03-12T21:22:02.711-0400] {dagbag.py:540} INFO - Filling up the DagBag from /home/ironbong_jr/mlops/project/project/lib/python3.10/site-packages/airflow/example_dags/example_nested_branch_dag.py
[2024-03-12T21:22:02.735-0400] {processor.py:840} INFO - DAG(s) 'example_nested_branch_dag' retrieved from /home/ironbong_jr/mlops/project/project/lib/python3.10/site-packages/airflow/example_dags/example_nested_branch_dag.py
[2024-03-12T21:22:03.088-0400] {logging_mixin.py:188} INFO - [2024-03-12T21:22:03.087-0400] {dag.py:3047} INFO - Sync 1 DAGs
[2024-03-12T21:22:03.112-0400] {logging_mixin.py:188} INFO - [2024-03-12T21:22:03.112-0400] {dag.py:3834} INFO - Setting next_dagrun for example_nested_branch_dag to 2024-03-12 00:00:00+00:00, run_after=2024-03-13 00:00:00+00:00
[2024-03-12T21:22:03.209-0400] {processor.py:183} INFO - Processing /home/ironbong_jr/mlops/project/project/lib/python3.10/site-packages/airflow/example_dags/example_nested_branch_dag.py took 0.507 seconds
[2024-03-12T21:23:54.516-0400] {processor.py:161} INFO - Started process (PID=407564) to work on /home/ironbong_jr/mlops/project/project/lib/python3.10/site-packages/airflow/example_dags/example_nested_branch_dag.py
[2024-03-12T21:23:54.563-0400] {processor.py:830} INFO - Processing file /home/ironbong_jr/mlops/project/project/lib/python3.10/site-packages/airflow/example_dags/example_nested_branch_dag.py for tasks to queue
[2024-03-12T21:23:54.568-0400] {logging_mixin.py:188} INFO - [2024-03-12T21:23:54.567-0400] {dagbag.py:540} INFO - Filling up the DagBag from /home/ironbong_jr/mlops/project/project/lib/python3.10/site-packages/airflow/example_dags/example_nested_branch_dag.py
[2024-03-12T21:23:54.602-0400] {processor.py:840} INFO - DAG(s) 'example_nested_branch_dag' retrieved from /home/ironbong_jr/mlops/project/project/lib/python3.10/site-packages/airflow/example_dags/example_nested_branch_dag.py
[2024-03-12T21:23:54.808-0400] {logging_mixin.py:188} INFO - [2024-03-12T21:23:54.807-0400] {dag.py:3047} INFO - Sync 1 DAGs
[2024-03-12T21:23:54.843-0400] {logging_mixin.py:188} INFO - [2024-03-12T21:23:54.841-0400] {dag.py:3834} INFO - Setting next_dagrun for example_nested_branch_dag to 2024-03-12 00:00:00+00:00, run_after=2024-03-13 00:00:00+00:00
[2024-03-12T21:23:54.930-0400] {processor.py:183} INFO - Processing /home/ironbong_jr/mlops/project/project/lib/python3.10/site-packages/airflow/example_dags/example_nested_branch_dag.py took 0.425 seconds
[2024-03-12T21:26:51.054-0400] {processor.py:161} INFO - Started process (PID=408320) to work on /home/ironbong_jr/mlops/project/project/lib/python3.10/site-packages/airflow/example_dags/example_nested_branch_dag.py
[2024-03-12T21:26:51.104-0400] {processor.py:830} INFO - Processing file /home/ironbong_jr/mlops/project/project/lib/python3.10/site-packages/airflow/example_dags/example_nested_branch_dag.py for tasks to queue
[2024-03-12T21:26:51.106-0400] {logging_mixin.py:188} INFO - [2024-03-12T21:26:51.105-0400] {dagbag.py:540} INFO - Filling up the DagBag from /home/ironbong_jr/mlops/project/project/lib/python3.10/site-packages/airflow/example_dags/example_nested_branch_dag.py
[2024-03-12T21:26:51.121-0400] {processor.py:840} INFO - DAG(s) 'example_nested_branch_dag' retrieved from /home/ironbong_jr/mlops/project/project/lib/python3.10/site-packages/airflow/example_dags/example_nested_branch_dag.py
[2024-03-12T21:26:51.151-0400] {logging_mixin.py:188} INFO - [2024-03-12T21:26:51.150-0400] {dag.py:3047} INFO - Sync 1 DAGs
[2024-03-12T21:26:51.187-0400] {logging_mixin.py:188} INFO - [2024-03-12T21:26:51.186-0400] {dag.py:3834} INFO - Setting next_dagrun for example_nested_branch_dag to 2024-03-12 00:00:00+00:00, run_after=2024-03-13 00:00:00+00:00
[2024-03-12T21:26:51.244-0400] {processor.py:183} INFO - Processing /home/ironbong_jr/mlops/project/project/lib/python3.10/site-packages/airflow/example_dags/example_nested_branch_dag.py took 0.194 seconds
[2024-03-12T21:28:30.576-0400] {processor.py:161} INFO - Started process (PID=408810) to work on /home/ironbong_jr/mlops/project/project/lib/python3.10/site-packages/airflow/example_dags/example_nested_branch_dag.py
[2024-03-12T21:28:30.626-0400] {processor.py:830} INFO - Processing file /home/ironbong_jr/mlops/project/project/lib/python3.10/site-packages/airflow/example_dags/example_nested_branch_dag.py for tasks to queue
[2024-03-12T21:28:30.630-0400] {logging_mixin.py:188} INFO - [2024-03-12T21:28:30.629-0400] {dagbag.py:540} INFO - Filling up the DagBag from /home/ironbong_jr/mlops/project/project/lib/python3.10/site-packages/airflow/example_dags/example_nested_branch_dag.py
[2024-03-12T21:28:30.652-0400] {processor.py:840} INFO - DAG(s) 'example_nested_branch_dag' retrieved from /home/ironbong_jr/mlops/project/project/lib/python3.10/site-packages/airflow/example_dags/example_nested_branch_dag.py
[2024-03-12T21:28:30.681-0400] {logging_mixin.py:188} INFO - [2024-03-12T21:28:30.681-0400] {dag.py:3047} INFO - Sync 1 DAGs
[2024-03-12T21:28:30.723-0400] {logging_mixin.py:188} INFO - [2024-03-12T21:28:30.723-0400] {dag.py:3834} INFO - Setting next_dagrun for example_nested_branch_dag to 2024-03-12 00:00:00+00:00, run_after=2024-03-13 00:00:00+00:00
[2024-03-12T21:28:30.827-0400] {processor.py:183} INFO - Processing /home/ironbong_jr/mlops/project/project/lib/python3.10/site-packages/airflow/example_dags/example_nested_branch_dag.py took 0.265 seconds
[2024-03-12T21:29:57.315-0400] {processor.py:161} INFO - Started process (PID=409221) to work on /home/ironbong_jr/mlops/project/project/lib/python3.10/site-packages/airflow/example_dags/example_nested_branch_dag.py
[2024-03-12T21:29:57.366-0400] {processor.py:830} INFO - Processing file /home/ironbong_jr/mlops/project/project/lib/python3.10/site-packages/airflow/example_dags/example_nested_branch_dag.py for tasks to queue
[2024-03-12T21:29:57.369-0400] {logging_mixin.py:188} INFO - [2024-03-12T21:29:57.368-0400] {dagbag.py:540} INFO - Filling up the DagBag from /home/ironbong_jr/mlops/project/project/lib/python3.10/site-packages/airflow/example_dags/example_nested_branch_dag.py
[2024-03-12T21:29:57.392-0400] {processor.py:840} INFO - DAG(s) 'example_nested_branch_dag' retrieved from /home/ironbong_jr/mlops/project/project/lib/python3.10/site-packages/airflow/example_dags/example_nested_branch_dag.py
[2024-03-12T21:29:57.426-0400] {logging_mixin.py:188} INFO - [2024-03-12T21:29:57.426-0400] {dag.py:3047} INFO - Sync 1 DAGs
[2024-03-12T21:29:57.462-0400] {logging_mixin.py:188} INFO - [2024-03-12T21:29:57.461-0400] {dag.py:3834} INFO - Setting next_dagrun for example_nested_branch_dag to 2024-03-12 00:00:00+00:00, run_after=2024-03-13 00:00:00+00:00
[2024-03-12T21:29:57.507-0400] {processor.py:183} INFO - Processing /home/ironbong_jr/mlops/project/project/lib/python3.10/site-packages/airflow/example_dags/example_nested_branch_dag.py took 0.198 seconds
[2024-03-12T21:31:37.346-0400] {processor.py:161} INFO - Started process (PID=409721) to work on /home/ironbong_jr/mlops/project/project/lib/python3.10/site-packages/airflow/example_dags/example_nested_branch_dag.py
[2024-03-12T21:31:37.396-0400] {processor.py:830} INFO - Processing file /home/ironbong_jr/mlops/project/project/lib/python3.10/site-packages/airflow/example_dags/example_nested_branch_dag.py for tasks to queue
[2024-03-12T21:31:37.398-0400] {logging_mixin.py:188} INFO - [2024-03-12T21:31:37.397-0400] {dagbag.py:540} INFO - Filling up the DagBag from /home/ironbong_jr/mlops/project/project/lib/python3.10/site-packages/airflow/example_dags/example_nested_branch_dag.py
[2024-03-12T21:31:37.418-0400] {processor.py:840} INFO - DAG(s) 'example_nested_branch_dag' retrieved from /home/ironbong_jr/mlops/project/project/lib/python3.10/site-packages/airflow/example_dags/example_nested_branch_dag.py
[2024-03-12T21:31:37.449-0400] {logging_mixin.py:188} INFO - [2024-03-12T21:31:37.448-0400] {dag.py:3047} INFO - Sync 1 DAGs
[2024-03-12T21:31:37.484-0400] {logging_mixin.py:188} INFO - [2024-03-12T21:31:37.483-0400] {dag.py:3834} INFO - Setting next_dagrun for example_nested_branch_dag to 2024-03-12 00:00:00+00:00, run_after=2024-03-13 00:00:00+00:00
[2024-03-12T21:31:37.620-0400] {processor.py:183} INFO - Processing /home/ironbong_jr/mlops/project/project/lib/python3.10/site-packages/airflow/example_dags/example_nested_branch_dag.py took 0.302 seconds
[2024-03-12T21:33:19.107-0400] {processor.py:161} INFO - Started process (PID=410289) to work on /home/ironbong_jr/mlops/project/project/lib/python3.10/site-packages/airflow/example_dags/example_nested_branch_dag.py
[2024-03-12T21:33:19.153-0400] {processor.py:830} INFO - Processing file /home/ironbong_jr/mlops/project/project/lib/python3.10/site-packages/airflow/example_dags/example_nested_branch_dag.py for tasks to queue
[2024-03-12T21:33:19.155-0400] {logging_mixin.py:188} INFO - [2024-03-12T21:33:19.154-0400] {dagbag.py:540} INFO - Filling up the DagBag from /home/ironbong_jr/mlops/project/project/lib/python3.10/site-packages/airflow/example_dags/example_nested_branch_dag.py
[2024-03-12T21:33:19.172-0400] {processor.py:840} INFO - DAG(s) 'example_nested_branch_dag' retrieved from /home/ironbong_jr/mlops/project/project/lib/python3.10/site-packages/airflow/example_dags/example_nested_branch_dag.py
[2024-03-12T21:33:19.199-0400] {logging_mixin.py:188} INFO - [2024-03-12T21:33:19.199-0400] {dag.py:3047} INFO - Sync 1 DAGs
[2024-03-12T21:33:19.233-0400] {logging_mixin.py:188} INFO - [2024-03-12T21:33:19.233-0400] {dag.py:3834} INFO - Setting next_dagrun for example_nested_branch_dag to 2024-03-12 00:00:00+00:00, run_after=2024-03-13 00:00:00+00:00
[2024-03-12T21:33:19.280-0400] {processor.py:183} INFO - Processing /home/ironbong_jr/mlops/project/project/lib/python3.10/site-packages/airflow/example_dags/example_nested_branch_dag.py took 0.180 seconds
[2024-03-12T21:34:47.412-0400] {processor.py:161} INFO - Started process (PID=410697) to work on /home/ironbong_jr/mlops/project/project/lib/python3.10/site-packages/airflow/example_dags/example_nested_branch_dag.py
[2024-03-12T21:34:47.462-0400] {processor.py:830} INFO - Processing file /home/ironbong_jr/mlops/project/project/lib/python3.10/site-packages/airflow/example_dags/example_nested_branch_dag.py for tasks to queue
[2024-03-12T21:34:47.465-0400] {logging_mixin.py:188} INFO - [2024-03-12T21:34:47.464-0400] {dagbag.py:540} INFO - Filling up the DagBag from /home/ironbong_jr/mlops/project/project/lib/python3.10/site-packages/airflow/example_dags/example_nested_branch_dag.py
[2024-03-12T21:34:47.485-0400] {processor.py:840} INFO - DAG(s) 'example_nested_branch_dag' retrieved from /home/ironbong_jr/mlops/project/project/lib/python3.10/site-packages/airflow/example_dags/example_nested_branch_dag.py
[2024-03-12T21:34:47.515-0400] {logging_mixin.py:188} INFO - [2024-03-12T21:34:47.514-0400] {dag.py:3047} INFO - Sync 1 DAGs
[2024-03-12T21:34:47.550-0400] {logging_mixin.py:188} INFO - [2024-03-12T21:34:47.549-0400] {dag.py:3834} INFO - Setting next_dagrun for example_nested_branch_dag to 2024-03-12 00:00:00+00:00, run_after=2024-03-13 00:00:00+00:00
[2024-03-12T21:34:47.595-0400] {processor.py:183} INFO - Processing /home/ironbong_jr/mlops/project/project/lib/python3.10/site-packages/airflow/example_dags/example_nested_branch_dag.py took 0.190 seconds
[2024-03-12T23:26:21.865-0400] {processor.py:161} INFO - Started process (PID=417731) to work on /home/ironbong_jr/mlops/project/project/lib/python3.10/site-packages/airflow/example_dags/example_nested_branch_dag.py
[2024-03-12T23:26:21.875-0400] {processor.py:830} INFO - Processing file /home/ironbong_jr/mlops/project/project/lib/python3.10/site-packages/airflow/example_dags/example_nested_branch_dag.py for tasks to queue
[2024-03-12T23:26:21.880-0400] {logging_mixin.py:188} INFO - [2024-03-12T23:26:21.877-0400] {dagbag.py:540} INFO - Filling up the DagBag from /home/ironbong_jr/mlops/project/project/lib/python3.10/site-packages/airflow/example_dags/example_nested_branch_dag.py
[2024-03-12T23:26:21.903-0400] {processor.py:840} INFO - DAG(s) 'example_nested_branch_dag' retrieved from /home/ironbong_jr/mlops/project/project/lib/python3.10/site-packages/airflow/example_dags/example_nested_branch_dag.py
[2024-03-12T23:26:22.213-0400] {logging_mixin.py:188} INFO - [2024-03-12T23:26:22.213-0400] {dag.py:3047} INFO - Sync 1 DAGs
[2024-03-12T23:26:22.233-0400] {logging_mixin.py:188} INFO - [2024-03-12T23:26:22.233-0400] {dag.py:3834} INFO - Setting next_dagrun for example_nested_branch_dag to 2024-03-12 00:00:00+00:00, run_after=2024-03-13 00:00:00+00:00
[2024-03-12T23:26:22.336-0400] {processor.py:183} INFO - Processing /home/ironbong_jr/mlops/project/project/lib/python3.10/site-packages/airflow/example_dags/example_nested_branch_dag.py took 0.478 seconds
[2024-03-12T23:29:37.314-0400] {processor.py:161} INFO - Started process (PID=418516) to work on /home/ironbong_jr/mlops/project/project/lib/python3.10/site-packages/airflow/example_dags/example_nested_branch_dag.py
[2024-03-12T23:29:37.317-0400] {processor.py:830} INFO - Processing file /home/ironbong_jr/mlops/project/project/lib/python3.10/site-packages/airflow/example_dags/example_nested_branch_dag.py for tasks to queue
[2024-03-12T23:29:37.319-0400] {logging_mixin.py:188} INFO - [2024-03-12T23:29:37.318-0400] {dagbag.py:540} INFO - Filling up the DagBag from /home/ironbong_jr/mlops/project/project/lib/python3.10/site-packages/airflow/example_dags/example_nested_branch_dag.py
[2024-03-12T23:29:37.336-0400] {processor.py:840} INFO - DAG(s) 'example_nested_branch_dag' retrieved from /home/ironbong_jr/mlops/project/project/lib/python3.10/site-packages/airflow/example_dags/example_nested_branch_dag.py
[2024-03-12T23:29:37.378-0400] {logging_mixin.py:188} INFO - [2024-03-12T23:29:37.378-0400] {dag.py:3047} INFO - Sync 1 DAGs
[2024-03-12T23:29:37.405-0400] {logging_mixin.py:188} INFO - [2024-03-12T23:29:37.405-0400] {dag.py:3834} INFO - Setting next_dagrun for example_nested_branch_dag to 2024-03-12 00:00:00+00:00, run_after=2024-03-13 00:00:00+00:00
[2024-03-12T23:29:37.458-0400] {processor.py:183} INFO - Processing /home/ironbong_jr/mlops/project/project/lib/python3.10/site-packages/airflow/example_dags/example_nested_branch_dag.py took 0.150 seconds
[2024-03-12T23:31:27.506-0400] {processor.py:161} INFO - Started process (PID=418985) to work on /home/ironbong_jr/mlops/project/project/lib/python3.10/site-packages/airflow/example_dags/example_nested_branch_dag.py
[2024-03-12T23:31:27.552-0400] {processor.py:830} INFO - Processing file /home/ironbong_jr/mlops/project/project/lib/python3.10/site-packages/airflow/example_dags/example_nested_branch_dag.py for tasks to queue
[2024-03-12T23:31:27.555-0400] {logging_mixin.py:188} INFO - [2024-03-12T23:31:27.554-0400] {dagbag.py:540} INFO - Filling up the DagBag from /home/ironbong_jr/mlops/project/project/lib/python3.10/site-packages/airflow/example_dags/example_nested_branch_dag.py
[2024-03-12T23:31:27.574-0400] {processor.py:840} INFO - DAG(s) 'example_nested_branch_dag' retrieved from /home/ironbong_jr/mlops/project/project/lib/python3.10/site-packages/airflow/example_dags/example_nested_branch_dag.py
[2024-03-12T23:31:27.610-0400] {logging_mixin.py:188} INFO - [2024-03-12T23:31:27.610-0400] {dag.py:3047} INFO - Sync 1 DAGs
[2024-03-12T23:31:27.647-0400] {logging_mixin.py:188} INFO - [2024-03-12T23:31:27.647-0400] {dag.py:3834} INFO - Setting next_dagrun for example_nested_branch_dag to 2024-03-12 00:00:00+00:00, run_after=2024-03-13 00:00:00+00:00
[2024-03-12T23:31:27.761-0400] {processor.py:183} INFO - Processing /home/ironbong_jr/mlops/project/project/lib/python3.10/site-packages/airflow/example_dags/example_nested_branch_dag.py took 0.264 seconds
[2024-03-12T23:42:19.667-0400] {processor.py:161} INFO - Started process (PID=421590) to work on /home/ironbong_jr/mlops/project/project/lib/python3.10/site-packages/airflow/example_dags/example_nested_branch_dag.py
[2024-03-12T23:42:19.718-0400] {processor.py:830} INFO - Processing file /home/ironbong_jr/mlops/project/project/lib/python3.10/site-packages/airflow/example_dags/example_nested_branch_dag.py for tasks to queue
[2024-03-12T23:42:19.722-0400] {logging_mixin.py:188} INFO - [2024-03-12T23:42:19.720-0400] {dagbag.py:540} INFO - Filling up the DagBag from /home/ironbong_jr/mlops/project/project/lib/python3.10/site-packages/airflow/example_dags/example_nested_branch_dag.py
[2024-03-12T23:42:19.794-0400] {processor.py:840} INFO - DAG(s) 'example_nested_branch_dag' retrieved from /home/ironbong_jr/mlops/project/project/lib/python3.10/site-packages/airflow/example_dags/example_nested_branch_dag.py
[2024-03-12T23:42:20.203-0400] {logging_mixin.py:188} INFO - [2024-03-12T23:42:20.202-0400] {dag.py:3047} INFO - Sync 1 DAGs
[2024-03-12T23:42:20.220-0400] {logging_mixin.py:188} INFO - [2024-03-12T23:42:20.220-0400] {dag.py:3834} INFO - Setting next_dagrun for example_nested_branch_dag to 2024-03-12 00:00:00+00:00, run_after=2024-03-13 00:00:00+00:00
[2024-03-12T23:42:20.308-0400] {processor.py:183} INFO - Processing /home/ironbong_jr/mlops/project/project/lib/python3.10/site-packages/airflow/example_dags/example_nested_branch_dag.py took 0.649 seconds
[2024-03-12T23:44:19.936-0400] {processor.py:161} INFO - Started process (PID=422093) to work on /home/ironbong_jr/mlops/project/project/lib/python3.10/site-packages/airflow/example_dags/example_nested_branch_dag.py
[2024-03-12T23:44:19.988-0400] {processor.py:830} INFO - Processing file /home/ironbong_jr/mlops/project/project/lib/python3.10/site-packages/airflow/example_dags/example_nested_branch_dag.py for tasks to queue
[2024-03-12T23:44:19.992-0400] {logging_mixin.py:188} INFO - [2024-03-12T23:44:19.991-0400] {dagbag.py:540} INFO - Filling up the DagBag from /home/ironbong_jr/mlops/project/project/lib/python3.10/site-packages/airflow/example_dags/example_nested_branch_dag.py
[2024-03-12T23:44:20.012-0400] {processor.py:840} INFO - DAG(s) 'example_nested_branch_dag' retrieved from /home/ironbong_jr/mlops/project/project/lib/python3.10/site-packages/airflow/example_dags/example_nested_branch_dag.py
[2024-03-12T23:44:20.237-0400] {logging_mixin.py:188} INFO - [2024-03-12T23:44:20.236-0400] {dag.py:3047} INFO - Sync 1 DAGs
[2024-03-12T23:44:20.269-0400] {logging_mixin.py:188} INFO - [2024-03-12T23:44:20.268-0400] {dag.py:3834} INFO - Setting next_dagrun for example_nested_branch_dag to 2024-03-12 00:00:00+00:00, run_after=2024-03-13 00:00:00+00:00
[2024-03-12T23:44:20.354-0400] {processor.py:183} INFO - Processing /home/ironbong_jr/mlops/project/project/lib/python3.10/site-packages/airflow/example_dags/example_nested_branch_dag.py took 0.426 seconds
[2024-03-12T23:46:02.231-0400] {processor.py:161} INFO - Started process (PID=422682) to work on /home/ironbong_jr/mlops/project/project/lib/python3.10/site-packages/airflow/example_dags/example_nested_branch_dag.py
[2024-03-12T23:46:02.288-0400] {processor.py:830} INFO - Processing file /home/ironbong_jr/mlops/project/project/lib/python3.10/site-packages/airflow/example_dags/example_nested_branch_dag.py for tasks to queue
[2024-03-12T23:46:02.290-0400] {logging_mixin.py:188} INFO - [2024-03-12T23:46:02.290-0400] {dagbag.py:540} INFO - Filling up the DagBag from /home/ironbong_jr/mlops/project/project/lib/python3.10/site-packages/airflow/example_dags/example_nested_branch_dag.py
[2024-03-12T23:46:02.309-0400] {processor.py:840} INFO - DAG(s) 'example_nested_branch_dag' retrieved from /home/ironbong_jr/mlops/project/project/lib/python3.10/site-packages/airflow/example_dags/example_nested_branch_dag.py
[2024-03-12T23:46:02.336-0400] {logging_mixin.py:188} INFO - [2024-03-12T23:46:02.335-0400] {dag.py:3047} INFO - Sync 1 DAGs
[2024-03-12T23:46:02.366-0400] {logging_mixin.py:188} INFO - [2024-03-12T23:46:02.366-0400] {dag.py:3834} INFO - Setting next_dagrun for example_nested_branch_dag to 2024-03-12 00:00:00+00:00, run_after=2024-03-13 00:00:00+00:00
[2024-03-12T23:46:02.405-0400] {processor.py:183} INFO - Processing /home/ironbong_jr/mlops/project/project/lib/python3.10/site-packages/airflow/example_dags/example_nested_branch_dag.py took 0.178 seconds
[2024-03-12T23:48:12.233-0400] {processor.py:161} INFO - Started process (PID=423297) to work on /home/ironbong_jr/mlops/project/project/lib/python3.10/site-packages/airflow/example_dags/example_nested_branch_dag.py
[2024-03-12T23:48:12.285-0400] {processor.py:830} INFO - Processing file /home/ironbong_jr/mlops/project/project/lib/python3.10/site-packages/airflow/example_dags/example_nested_branch_dag.py for tasks to queue
[2024-03-12T23:48:12.289-0400] {logging_mixin.py:188} INFO - [2024-03-12T23:48:12.287-0400] {dagbag.py:540} INFO - Filling up the DagBag from /home/ironbong_jr/mlops/project/project/lib/python3.10/site-packages/airflow/example_dags/example_nested_branch_dag.py
[2024-03-12T23:48:12.309-0400] {processor.py:840} INFO - DAG(s) 'example_nested_branch_dag' retrieved from /home/ironbong_jr/mlops/project/project/lib/python3.10/site-packages/airflow/example_dags/example_nested_branch_dag.py
[2024-03-12T23:48:12.342-0400] {logging_mixin.py:188} INFO - [2024-03-12T23:48:12.341-0400] {dag.py:3047} INFO - Sync 1 DAGs
[2024-03-12T23:48:12.374-0400] {logging_mixin.py:188} INFO - [2024-03-12T23:48:12.374-0400] {dag.py:3834} INFO - Setting next_dagrun for example_nested_branch_dag to 2024-03-12 00:00:00+00:00, run_after=2024-03-13 00:00:00+00:00
[2024-03-12T23:48:12.465-0400] {processor.py:183} INFO - Processing /home/ironbong_jr/mlops/project/project/lib/python3.10/site-packages/airflow/example_dags/example_nested_branch_dag.py took 0.237 seconds
[2024-03-12T23:49:40.949-0400] {processor.py:161} INFO - Started process (PID=423696) to work on /home/ironbong_jr/mlops/project/project/lib/python3.10/site-packages/airflow/example_dags/example_nested_branch_dag.py
[2024-03-12T23:49:40.999-0400] {processor.py:830} INFO - Processing file /home/ironbong_jr/mlops/project/project/lib/python3.10/site-packages/airflow/example_dags/example_nested_branch_dag.py for tasks to queue
[2024-03-12T23:49:41.002-0400] {logging_mixin.py:188} INFO - [2024-03-12T23:49:41.001-0400] {dagbag.py:540} INFO - Filling up the DagBag from /home/ironbong_jr/mlops/project/project/lib/python3.10/site-packages/airflow/example_dags/example_nested_branch_dag.py
[2024-03-12T23:49:41.020-0400] {processor.py:840} INFO - DAG(s) 'example_nested_branch_dag' retrieved from /home/ironbong_jr/mlops/project/project/lib/python3.10/site-packages/airflow/example_dags/example_nested_branch_dag.py
[2024-03-12T23:49:41.046-0400] {logging_mixin.py:188} INFO - [2024-03-12T23:49:41.045-0400] {dag.py:3047} INFO - Sync 1 DAGs
[2024-03-12T23:49:41.076-0400] {logging_mixin.py:188} INFO - [2024-03-12T23:49:41.075-0400] {dag.py:3834} INFO - Setting next_dagrun for example_nested_branch_dag to 2024-03-12 00:00:00+00:00, run_after=2024-03-13 00:00:00+00:00
[2024-03-12T23:49:41.122-0400] {processor.py:183} INFO - Processing /home/ironbong_jr/mlops/project/project/lib/python3.10/site-packages/airflow/example_dags/example_nested_branch_dag.py took 0.179 seconds
[2024-03-12T23:51:06.814-0400] {processor.py:161} INFO - Started process (PID=424148) to work on /home/ironbong_jr/mlops/project/project/lib/python3.10/site-packages/airflow/example_dags/example_nested_branch_dag.py
[2024-03-12T23:51:06.867-0400] {processor.py:830} INFO - Processing file /home/ironbong_jr/mlops/project/project/lib/python3.10/site-packages/airflow/example_dags/example_nested_branch_dag.py for tasks to queue
[2024-03-12T23:51:06.870-0400] {logging_mixin.py:188} INFO - [2024-03-12T23:51:06.869-0400] {dagbag.py:540} INFO - Filling up the DagBag from /home/ironbong_jr/mlops/project/project/lib/python3.10/site-packages/airflow/example_dags/example_nested_branch_dag.py
[2024-03-12T23:51:06.904-0400] {processor.py:840} INFO - DAG(s) 'example_nested_branch_dag' retrieved from /home/ironbong_jr/mlops/project/project/lib/python3.10/site-packages/airflow/example_dags/example_nested_branch_dag.py
[2024-03-12T23:51:06.949-0400] {logging_mixin.py:188} INFO - [2024-03-12T23:51:06.948-0400] {dag.py:3047} INFO - Sync 1 DAGs
[2024-03-12T23:51:07.000-0400] {logging_mixin.py:188} INFO - [2024-03-12T23:51:06.999-0400] {dag.py:3834} INFO - Setting next_dagrun for example_nested_branch_dag to 2024-03-12 00:00:00+00:00, run_after=2024-03-13 00:00:00+00:00
[2024-03-12T23:51:07.089-0400] {processor.py:183} INFO - Processing /home/ironbong_jr/mlops/project/project/lib/python3.10/site-packages/airflow/example_dags/example_nested_branch_dag.py took 0.280 seconds
[2024-03-12T23:52:33.923-0400] {processor.py:161} INFO - Started process (PID=424615) to work on /home/ironbong_jr/mlops/project/project/lib/python3.10/site-packages/airflow/example_dags/example_nested_branch_dag.py
[2024-03-12T23:52:33.968-0400] {processor.py:830} INFO - Processing file /home/ironbong_jr/mlops/project/project/lib/python3.10/site-packages/airflow/example_dags/example_nested_branch_dag.py for tasks to queue
[2024-03-12T23:52:33.973-0400] {logging_mixin.py:188} INFO - [2024-03-12T23:52:33.971-0400] {dagbag.py:540} INFO - Filling up the DagBag from /home/ironbong_jr/mlops/project/project/lib/python3.10/site-packages/airflow/example_dags/example_nested_branch_dag.py
[2024-03-12T23:52:34.031-0400] {processor.py:840} INFO - DAG(s) 'example_nested_branch_dag' retrieved from /home/ironbong_jr/mlops/project/project/lib/python3.10/site-packages/airflow/example_dags/example_nested_branch_dag.py
[2024-03-12T23:52:34.075-0400] {logging_mixin.py:188} INFO - [2024-03-12T23:52:34.073-0400] {dag.py:3047} INFO - Sync 1 DAGs
[2024-03-12T23:52:34.114-0400] {logging_mixin.py:188} INFO - [2024-03-12T23:52:34.113-0400] {dag.py:3834} INFO - Setting next_dagrun for example_nested_branch_dag to 2024-03-12 00:00:00+00:00, run_after=2024-03-13 00:00:00+00:00
[2024-03-12T23:52:34.227-0400] {processor.py:183} INFO - Processing /home/ironbong_jr/mlops/project/project/lib/python3.10/site-packages/airflow/example_dags/example_nested_branch_dag.py took 0.320 seconds
[2024-03-12T23:54:08.291-0400] {processor.py:161} INFO - Started process (PID=425122) to work on /home/ironbong_jr/mlops/project/project/lib/python3.10/site-packages/airflow/example_dags/example_nested_branch_dag.py
[2024-03-12T23:54:08.341-0400] {processor.py:830} INFO - Processing file /home/ironbong_jr/mlops/project/project/lib/python3.10/site-packages/airflow/example_dags/example_nested_branch_dag.py for tasks to queue
[2024-03-12T23:54:08.344-0400] {logging_mixin.py:188} INFO - [2024-03-12T23:54:08.343-0400] {dagbag.py:540} INFO - Filling up the DagBag from /home/ironbong_jr/mlops/project/project/lib/python3.10/site-packages/airflow/example_dags/example_nested_branch_dag.py
[2024-03-12T23:54:08.365-0400] {processor.py:840} INFO - DAG(s) 'example_nested_branch_dag' retrieved from /home/ironbong_jr/mlops/project/project/lib/python3.10/site-packages/airflow/example_dags/example_nested_branch_dag.py
[2024-03-12T23:54:08.393-0400] {logging_mixin.py:188} INFO - [2024-03-12T23:54:08.392-0400] {dag.py:3047} INFO - Sync 1 DAGs
[2024-03-12T23:54:08.431-0400] {logging_mixin.py:188} INFO - [2024-03-12T23:54:08.430-0400] {dag.py:3834} INFO - Setting next_dagrun for example_nested_branch_dag to 2024-03-12 00:00:00+00:00, run_after=2024-03-13 00:00:00+00:00
[2024-03-12T23:54:08.483-0400] {processor.py:183} INFO - Processing /home/ironbong_jr/mlops/project/project/lib/python3.10/site-packages/airflow/example_dags/example_nested_branch_dag.py took 0.199 seconds
[2024-03-12T23:55:46.685-0400] {processor.py:161} INFO - Started process (PID=425550) to work on /home/ironbong_jr/mlops/project/project/lib/python3.10/site-packages/airflow/example_dags/example_nested_branch_dag.py
[2024-03-12T23:55:46.737-0400] {processor.py:830} INFO - Processing file /home/ironbong_jr/mlops/project/project/lib/python3.10/site-packages/airflow/example_dags/example_nested_branch_dag.py for tasks to queue
[2024-03-12T23:55:46.739-0400] {logging_mixin.py:188} INFO - [2024-03-12T23:55:46.738-0400] {dagbag.py:540} INFO - Filling up the DagBag from /home/ironbong_jr/mlops/project/project/lib/python3.10/site-packages/airflow/example_dags/example_nested_branch_dag.py
[2024-03-12T23:55:46.765-0400] {processor.py:840} INFO - DAG(s) 'example_nested_branch_dag' retrieved from /home/ironbong_jr/mlops/project/project/lib/python3.10/site-packages/airflow/example_dags/example_nested_branch_dag.py
[2024-03-12T23:55:46.808-0400] {logging_mixin.py:188} INFO - [2024-03-12T23:55:46.807-0400] {dag.py:3047} INFO - Sync 1 DAGs
[2024-03-12T23:55:46.864-0400] {logging_mixin.py:188} INFO - [2024-03-12T23:55:46.864-0400] {dag.py:3834} INFO - Setting next_dagrun for example_nested_branch_dag to 2024-03-12 00:00:00+00:00, run_after=2024-03-13 00:00:00+00:00
[2024-03-12T23:55:46.929-0400] {processor.py:183} INFO - Processing /home/ironbong_jr/mlops/project/project/lib/python3.10/site-packages/airflow/example_dags/example_nested_branch_dag.py took 0.253 seconds
[2024-03-13T00:30:10.639-0400] {processor.py:161} INFO - Started process (PID=432845) to work on /home/ironbong_jr/mlops/project/project/lib/python3.10/site-packages/airflow/example_dags/example_nested_branch_dag.py
[2024-03-13T00:30:10.642-0400] {processor.py:830} INFO - Processing file /home/ironbong_jr/mlops/project/project/lib/python3.10/site-packages/airflow/example_dags/example_nested_branch_dag.py for tasks to queue
[2024-03-13T00:30:10.644-0400] {logging_mixin.py:188} INFO - [2024-03-13T00:30:10.643-0400] {dagbag.py:540} INFO - Filling up the DagBag from /home/ironbong_jr/mlops/project/project/lib/python3.10/site-packages/airflow/example_dags/example_nested_branch_dag.py
[2024-03-13T00:30:10.666-0400] {processor.py:840} INFO - DAG(s) 'example_nested_branch_dag' retrieved from /home/ironbong_jr/mlops/project/project/lib/python3.10/site-packages/airflow/example_dags/example_nested_branch_dag.py
[2024-03-13T00:30:10.979-0400] {logging_mixin.py:188} INFO - [2024-03-13T00:30:10.979-0400] {dag.py:3047} INFO - Sync 1 DAGs
[2024-03-13T00:30:11.001-0400] {logging_mixin.py:188} INFO - [2024-03-13T00:30:11.001-0400] {dag.py:3834} INFO - Setting next_dagrun for example_nested_branch_dag to 2024-03-12 00:00:00+00:00, run_after=2024-03-13 00:00:00+00:00
[2024-03-13T00:30:11.111-0400] {processor.py:183} INFO - Processing /home/ironbong_jr/mlops/project/project/lib/python3.10/site-packages/airflow/example_dags/example_nested_branch_dag.py took 0.477 seconds
[2024-03-13T00:32:00.829-0400] {processor.py:161} INFO - Started process (PID=433360) to work on /home/ironbong_jr/mlops/project/project/lib/python3.10/site-packages/airflow/example_dags/example_nested_branch_dag.py
[2024-03-13T00:32:00.874-0400] {processor.py:830} INFO - Processing file /home/ironbong_jr/mlops/project/project/lib/python3.10/site-packages/airflow/example_dags/example_nested_branch_dag.py for tasks to queue
[2024-03-13T00:32:00.876-0400] {logging_mixin.py:188} INFO - [2024-03-13T00:32:00.875-0400] {dagbag.py:540} INFO - Filling up the DagBag from /home/ironbong_jr/mlops/project/project/lib/python3.10/site-packages/airflow/example_dags/example_nested_branch_dag.py
[2024-03-13T00:32:00.895-0400] {processor.py:840} INFO - DAG(s) 'example_nested_branch_dag' retrieved from /home/ironbong_jr/mlops/project/project/lib/python3.10/site-packages/airflow/example_dags/example_nested_branch_dag.py
[2024-03-13T00:32:00.933-0400] {logging_mixin.py:188} INFO - [2024-03-13T00:32:00.932-0400] {dag.py:3047} INFO - Sync 1 DAGs
[2024-03-13T00:32:01.187-0400] {logging_mixin.py:188} INFO - [2024-03-13T00:32:01.186-0400] {dag.py:3834} INFO - Setting next_dagrun for example_nested_branch_dag to 2024-03-12 00:00:00+00:00, run_after=2024-03-13 00:00:00+00:00
[2024-03-13T00:32:01.286-0400] {processor.py:183} INFO - Processing /home/ironbong_jr/mlops/project/project/lib/python3.10/site-packages/airflow/example_dags/example_nested_branch_dag.py took 0.464 seconds
[2024-03-13T00:35:55.289-0400] {processor.py:161} INFO - Started process (PID=434325) to work on /home/ironbong_jr/mlops/project/project/lib/python3.10/site-packages/airflow/example_dags/example_nested_branch_dag.py
[2024-03-13T00:35:55.293-0400] {processor.py:830} INFO - Processing file /home/ironbong_jr/mlops/project/project/lib/python3.10/site-packages/airflow/example_dags/example_nested_branch_dag.py for tasks to queue
[2024-03-13T00:35:55.296-0400] {logging_mixin.py:188} INFO - [2024-03-13T00:35:55.294-0400] {dagbag.py:540} INFO - Filling up the DagBag from /home/ironbong_jr/mlops/project/project/lib/python3.10/site-packages/airflow/example_dags/example_nested_branch_dag.py
[2024-03-13T00:35:55.324-0400] {processor.py:840} INFO - DAG(s) 'example_nested_branch_dag' retrieved from /home/ironbong_jr/mlops/project/project/lib/python3.10/site-packages/airflow/example_dags/example_nested_branch_dag.py
[2024-03-13T00:35:55.390-0400] {logging_mixin.py:188} INFO - [2024-03-13T00:35:55.389-0400] {dag.py:3047} INFO - Sync 1 DAGs
[2024-03-13T00:35:55.441-0400] {logging_mixin.py:188} INFO - [2024-03-13T00:35:55.440-0400] {dag.py:3834} INFO - Setting next_dagrun for example_nested_branch_dag to 2024-03-12 00:00:00+00:00, run_after=2024-03-13 00:00:00+00:00
[2024-03-13T00:35:55.492-0400] {processor.py:183} INFO - Processing /home/ironbong_jr/mlops/project/project/lib/python3.10/site-packages/airflow/example_dags/example_nested_branch_dag.py took 0.219 seconds
[2024-03-13T00:38:07.239-0400] {processor.py:161} INFO - Started process (PID=434976) to work on /home/ironbong_jr/mlops/project/project/lib/python3.10/site-packages/airflow/example_dags/example_nested_branch_dag.py
[2024-03-13T00:38:07.288-0400] {processor.py:830} INFO - Processing file /home/ironbong_jr/mlops/project/project/lib/python3.10/site-packages/airflow/example_dags/example_nested_branch_dag.py for tasks to queue
[2024-03-13T00:38:07.291-0400] {logging_mixin.py:188} INFO - [2024-03-13T00:38:07.289-0400] {dagbag.py:540} INFO - Filling up the DagBag from /home/ironbong_jr/mlops/project/project/lib/python3.10/site-packages/airflow/example_dags/example_nested_branch_dag.py
[2024-03-13T00:38:07.305-0400] {processor.py:840} INFO - DAG(s) 'example_nested_branch_dag' retrieved from /home/ironbong_jr/mlops/project/project/lib/python3.10/site-packages/airflow/example_dags/example_nested_branch_dag.py
[2024-03-13T00:38:07.333-0400] {logging_mixin.py:188} INFO - [2024-03-13T00:38:07.333-0400] {dag.py:3047} INFO - Sync 1 DAGs
[2024-03-13T00:38:07.361-0400] {logging_mixin.py:188} INFO - [2024-03-13T00:38:07.360-0400] {dag.py:3834} INFO - Setting next_dagrun for example_nested_branch_dag to 2024-03-12 00:00:00+00:00, run_after=2024-03-13 00:00:00+00:00
[2024-03-13T00:38:07.401-0400] {processor.py:183} INFO - Processing /home/ironbong_jr/mlops/project/project/lib/python3.10/site-packages/airflow/example_dags/example_nested_branch_dag.py took 0.174 seconds
[2024-03-13T00:39:43.452-0400] {processor.py:161} INFO - Started process (PID=435401) to work on /home/ironbong_jr/mlops/project/project/lib/python3.10/site-packages/airflow/example_dags/example_nested_branch_dag.py
[2024-03-13T00:39:43.498-0400] {processor.py:830} INFO - Processing file /home/ironbong_jr/mlops/project/project/lib/python3.10/site-packages/airflow/example_dags/example_nested_branch_dag.py for tasks to queue
[2024-03-13T00:39:43.500-0400] {logging_mixin.py:188} INFO - [2024-03-13T00:39:43.499-0400] {dagbag.py:540} INFO - Filling up the DagBag from /home/ironbong_jr/mlops/project/project/lib/python3.10/site-packages/airflow/example_dags/example_nested_branch_dag.py
[2024-03-13T00:39:43.515-0400] {processor.py:840} INFO - DAG(s) 'example_nested_branch_dag' retrieved from /home/ironbong_jr/mlops/project/project/lib/python3.10/site-packages/airflow/example_dags/example_nested_branch_dag.py
[2024-03-13T00:39:43.539-0400] {logging_mixin.py:188} INFO - [2024-03-13T00:39:43.538-0400] {dag.py:3047} INFO - Sync 1 DAGs
[2024-03-13T00:39:43.570-0400] {logging_mixin.py:188} INFO - [2024-03-13T00:39:43.570-0400] {dag.py:3834} INFO - Setting next_dagrun for example_nested_branch_dag to 2024-03-12 00:00:00+00:00, run_after=2024-03-13 00:00:00+00:00
[2024-03-13T00:39:43.643-0400] {processor.py:183} INFO - Processing /home/ironbong_jr/mlops/project/project/lib/python3.10/site-packages/airflow/example_dags/example_nested_branch_dag.py took 0.198 seconds
[2024-03-13T00:41:09.242-0400] {processor.py:161} INFO - Started process (PID=435789) to work on /home/ironbong_jr/mlops/project/project/lib/python3.10/site-packages/airflow/example_dags/example_nested_branch_dag.py
[2024-03-13T00:41:09.296-0400] {processor.py:830} INFO - Processing file /home/ironbong_jr/mlops/project/project/lib/python3.10/site-packages/airflow/example_dags/example_nested_branch_dag.py for tasks to queue
[2024-03-13T00:41:09.298-0400] {logging_mixin.py:188} INFO - [2024-03-13T00:41:09.297-0400] {dagbag.py:540} INFO - Filling up the DagBag from /home/ironbong_jr/mlops/project/project/lib/python3.10/site-packages/airflow/example_dags/example_nested_branch_dag.py
[2024-03-13T00:41:09.339-0400] {processor.py:840} INFO - DAG(s) 'example_nested_branch_dag' retrieved from /home/ironbong_jr/mlops/project/project/lib/python3.10/site-packages/airflow/example_dags/example_nested_branch_dag.py
[2024-03-13T00:41:09.380-0400] {logging_mixin.py:188} INFO - [2024-03-13T00:41:09.378-0400] {dag.py:3047} INFO - Sync 1 DAGs
[2024-03-13T00:41:09.420-0400] {logging_mixin.py:188} INFO - [2024-03-13T00:41:09.420-0400] {dag.py:3834} INFO - Setting next_dagrun for example_nested_branch_dag to 2024-03-12 00:00:00+00:00, run_after=2024-03-13 00:00:00+00:00
[2024-03-13T00:41:09.513-0400] {processor.py:183} INFO - Processing /home/ironbong_jr/mlops/project/project/lib/python3.10/site-packages/airflow/example_dags/example_nested_branch_dag.py took 0.280 seconds
[2024-03-13T00:44:13.470-0400] {processor.py:161} INFO - Started process (PID=436633) to work on /home/ironbong_jr/mlops/project/project/lib/python3.10/site-packages/airflow/example_dags/example_nested_branch_dag.py
[2024-03-13T00:44:13.517-0400] {processor.py:830} INFO - Processing file /home/ironbong_jr/mlops/project/project/lib/python3.10/site-packages/airflow/example_dags/example_nested_branch_dag.py for tasks to queue
[2024-03-13T00:44:13.519-0400] {logging_mixin.py:188} INFO - [2024-03-13T00:44:13.518-0400] {dagbag.py:540} INFO - Filling up the DagBag from /home/ironbong_jr/mlops/project/project/lib/python3.10/site-packages/airflow/example_dags/example_nested_branch_dag.py
[2024-03-13T00:44:13.536-0400] {processor.py:840} INFO - DAG(s) 'example_nested_branch_dag' retrieved from /home/ironbong_jr/mlops/project/project/lib/python3.10/site-packages/airflow/example_dags/example_nested_branch_dag.py
[2024-03-13T00:44:13.568-0400] {logging_mixin.py:188} INFO - [2024-03-13T00:44:13.567-0400] {dag.py:3047} INFO - Sync 1 DAGs
[2024-03-13T00:44:13.602-0400] {logging_mixin.py:188} INFO - [2024-03-13T00:44:13.601-0400] {dag.py:3834} INFO - Setting next_dagrun for example_nested_branch_dag to 2024-03-12 00:00:00+00:00, run_after=2024-03-13 00:00:00+00:00
[2024-03-13T00:44:13.652-0400] {processor.py:183} INFO - Processing /home/ironbong_jr/mlops/project/project/lib/python3.10/site-packages/airflow/example_dags/example_nested_branch_dag.py took 0.186 seconds
[2024-03-13T00:45:35.409-0400] {processor.py:161} INFO - Started process (PID=436985) to work on /home/ironbong_jr/mlops/project/project/lib/python3.10/site-packages/airflow/example_dags/example_nested_branch_dag.py
[2024-03-13T00:45:35.460-0400] {processor.py:830} INFO - Processing file /home/ironbong_jr/mlops/project/project/lib/python3.10/site-packages/airflow/example_dags/example_nested_branch_dag.py for tasks to queue
[2024-03-13T00:45:35.463-0400] {logging_mixin.py:188} INFO - [2024-03-13T00:45:35.462-0400] {dagbag.py:540} INFO - Filling up the DagBag from /home/ironbong_jr/mlops/project/project/lib/python3.10/site-packages/airflow/example_dags/example_nested_branch_dag.py
[2024-03-13T00:45:35.483-0400] {processor.py:840} INFO - DAG(s) 'example_nested_branch_dag' retrieved from /home/ironbong_jr/mlops/project/project/lib/python3.10/site-packages/airflow/example_dags/example_nested_branch_dag.py
[2024-03-13T00:45:35.510-0400] {logging_mixin.py:188} INFO - [2024-03-13T00:45:35.509-0400] {dag.py:3047} INFO - Sync 1 DAGs
[2024-03-13T00:45:35.549-0400] {logging_mixin.py:188} INFO - [2024-03-13T00:45:35.549-0400] {dag.py:3834} INFO - Setting next_dagrun for example_nested_branch_dag to 2024-03-12 00:00:00+00:00, run_after=2024-03-13 00:00:00+00:00
[2024-03-13T00:45:35.666-0400] {processor.py:183} INFO - Processing /home/ironbong_jr/mlops/project/project/lib/python3.10/site-packages/airflow/example_dags/example_nested_branch_dag.py took 0.263 seconds
[2024-03-13T15:49:20.878-0400] {processor.py:161} INFO - Started process (PID=453766) to work on /home/ironbong_jr/mlops/project/project/lib/python3.10/site-packages/airflow/example_dags/example_nested_branch_dag.py
[2024-03-13T15:49:20.882-0400] {processor.py:830} INFO - Processing file /home/ironbong_jr/mlops/project/project/lib/python3.10/site-packages/airflow/example_dags/example_nested_branch_dag.py for tasks to queue
[2024-03-13T15:49:20.883-0400] {logging_mixin.py:188} INFO - [2024-03-13T15:49:20.882-0400] {dagbag.py:540} INFO - Filling up the DagBag from /home/ironbong_jr/mlops/project/project/lib/python3.10/site-packages/airflow/example_dags/example_nested_branch_dag.py
[2024-03-13T15:49:20.890-0400] {processor.py:840} INFO - DAG(s) 'example_nested_branch_dag' retrieved from /home/ironbong_jr/mlops/project/project/lib/python3.10/site-packages/airflow/example_dags/example_nested_branch_dag.py
[2024-03-13T15:49:20.994-0400] {logging_mixin.py:188} INFO - [2024-03-13T15:49:20.994-0400] {dag.py:3047} INFO - Sync 1 DAGs
[2024-03-13T15:49:21.003-0400] {logging_mixin.py:188} INFO - [2024-03-13T15:49:21.003-0400] {dag.py:3834} INFO - Setting next_dagrun for example_nested_branch_dag to 2024-03-12 00:00:00+00:00, run_after=2024-03-13 00:00:00+00:00
[2024-03-13T15:49:21.023-0400] {processor.py:183} INFO - Processing /home/ironbong_jr/mlops/project/project/lib/python3.10/site-packages/airflow/example_dags/example_nested_branch_dag.py took 0.146 seconds
[2024-03-13T15:51:29.462-0400] {processor.py:161} INFO - Started process (PID=454494) to work on /home/ironbong_jr/mlops/project/project/lib/python3.10/site-packages/airflow/example_dags/example_nested_branch_dag.py
[2024-03-13T15:51:29.466-0400] {processor.py:830} INFO - Processing file /home/ironbong_jr/mlops/project/project/lib/python3.10/site-packages/airflow/example_dags/example_nested_branch_dag.py for tasks to queue
[2024-03-13T15:51:29.467-0400] {logging_mixin.py:188} INFO - [2024-03-13T15:51:29.467-0400] {dagbag.py:540} INFO - Filling up the DagBag from /home/ironbong_jr/mlops/project/project/lib/python3.10/site-packages/airflow/example_dags/example_nested_branch_dag.py
[2024-03-13T15:51:29.473-0400] {processor.py:840} INFO - DAG(s) 'example_nested_branch_dag' retrieved from /home/ironbong_jr/mlops/project/project/lib/python3.10/site-packages/airflow/example_dags/example_nested_branch_dag.py
[2024-03-13T15:51:29.484-0400] {logging_mixin.py:188} INFO - [2024-03-13T15:51:29.484-0400] {dag.py:3047} INFO - Sync 1 DAGs
[2024-03-13T15:51:29.496-0400] {logging_mixin.py:188} INFO - [2024-03-13T15:51:29.495-0400] {dag.py:3834} INFO - Setting next_dagrun for example_nested_branch_dag to 2024-03-12 00:00:00+00:00, run_after=2024-03-13 00:00:00+00:00
[2024-03-13T15:51:29.518-0400] {processor.py:183} INFO - Processing /home/ironbong_jr/mlops/project/project/lib/python3.10/site-packages/airflow/example_dags/example_nested_branch_dag.py took 0.058 seconds
[2024-03-13T15:52:25.234-0400] {processor.py:161} INFO - Started process (PID=454786) to work on /home/ironbong_jr/mlops/project/project/lib/python3.10/site-packages/airflow/example_dags/example_nested_branch_dag.py
[2024-03-13T15:52:25.235-0400] {processor.py:830} INFO - Processing file /home/ironbong_jr/mlops/project/project/lib/python3.10/site-packages/airflow/example_dags/example_nested_branch_dag.py for tasks to queue
[2024-03-13T15:52:25.236-0400] {logging_mixin.py:188} INFO - [2024-03-13T15:52:25.236-0400] {dagbag.py:540} INFO - Filling up the DagBag from /home/ironbong_jr/mlops/project/project/lib/python3.10/site-packages/airflow/example_dags/example_nested_branch_dag.py
[2024-03-13T15:52:25.243-0400] {processor.py:840} INFO - DAG(s) 'example_nested_branch_dag' retrieved from /home/ironbong_jr/mlops/project/project/lib/python3.10/site-packages/airflow/example_dags/example_nested_branch_dag.py
[2024-03-13T15:52:25.253-0400] {logging_mixin.py:188} INFO - [2024-03-13T15:52:25.253-0400] {dag.py:3047} INFO - Sync 1 DAGs
[2024-03-13T15:52:25.266-0400] {logging_mixin.py:188} INFO - [2024-03-13T15:52:25.266-0400] {dag.py:3834} INFO - Setting next_dagrun for example_nested_branch_dag to 2024-03-12 00:00:00+00:00, run_after=2024-03-13 00:00:00+00:00
[2024-03-13T15:52:25.288-0400] {processor.py:183} INFO - Processing /home/ironbong_jr/mlops/project/project/lib/python3.10/site-packages/airflow/example_dags/example_nested_branch_dag.py took 0.056 seconds
[2024-03-13T15:53:17.950-0400] {processor.py:161} INFO - Started process (PID=455075) to work on /home/ironbong_jr/mlops/project/project/lib/python3.10/site-packages/airflow/example_dags/example_nested_branch_dag.py
[2024-03-13T15:53:17.954-0400] {processor.py:830} INFO - Processing file /home/ironbong_jr/mlops/project/project/lib/python3.10/site-packages/airflow/example_dags/example_nested_branch_dag.py for tasks to queue
[2024-03-13T15:53:17.954-0400] {logging_mixin.py:188} INFO - [2024-03-13T15:53:17.954-0400] {dagbag.py:540} INFO - Filling up the DagBag from /home/ironbong_jr/mlops/project/project/lib/python3.10/site-packages/airflow/example_dags/example_nested_branch_dag.py
[2024-03-13T15:53:17.961-0400] {processor.py:840} INFO - DAG(s) 'example_nested_branch_dag' retrieved from /home/ironbong_jr/mlops/project/project/lib/python3.10/site-packages/airflow/example_dags/example_nested_branch_dag.py
[2024-03-13T15:53:17.971-0400] {logging_mixin.py:188} INFO - [2024-03-13T15:53:17.970-0400] {dag.py:3047} INFO - Sync 1 DAGs
[2024-03-13T15:53:17.982-0400] {logging_mixin.py:188} INFO - [2024-03-13T15:53:17.982-0400] {dag.py:3834} INFO - Setting next_dagrun for example_nested_branch_dag to 2024-03-12 00:00:00+00:00, run_after=2024-03-13 00:00:00+00:00
[2024-03-13T15:53:18.003-0400] {processor.py:183} INFO - Processing /home/ironbong_jr/mlops/project/project/lib/python3.10/site-packages/airflow/example_dags/example_nested_branch_dag.py took 0.055 seconds
[2024-03-13T15:54:12.253-0400] {processor.py:161} INFO - Started process (PID=455327) to work on /home/ironbong_jr/mlops/project/project/lib/python3.10/site-packages/airflow/example_dags/example_nested_branch_dag.py
[2024-03-13T15:54:12.257-0400] {processor.py:830} INFO - Processing file /home/ironbong_jr/mlops/project/project/lib/python3.10/site-packages/airflow/example_dags/example_nested_branch_dag.py for tasks to queue
[2024-03-13T15:54:12.258-0400] {logging_mixin.py:188} INFO - [2024-03-13T15:54:12.258-0400] {dagbag.py:540} INFO - Filling up the DagBag from /home/ironbong_jr/mlops/project/project/lib/python3.10/site-packages/airflow/example_dags/example_nested_branch_dag.py
[2024-03-13T15:54:12.266-0400] {processor.py:840} INFO - DAG(s) 'example_nested_branch_dag' retrieved from /home/ironbong_jr/mlops/project/project/lib/python3.10/site-packages/airflow/example_dags/example_nested_branch_dag.py
[2024-03-13T15:54:12.278-0400] {logging_mixin.py:188} INFO - [2024-03-13T15:54:12.277-0400] {dag.py:3047} INFO - Sync 1 DAGs
[2024-03-13T15:54:12.294-0400] {logging_mixin.py:188} INFO - [2024-03-13T15:54:12.293-0400] {dag.py:3834} INFO - Setting next_dagrun for example_nested_branch_dag to 2024-03-12 00:00:00+00:00, run_after=2024-03-13 00:00:00+00:00
[2024-03-13T15:54:12.317-0400] {processor.py:183} INFO - Processing /home/ironbong_jr/mlops/project/project/lib/python3.10/site-packages/airflow/example_dags/example_nested_branch_dag.py took 0.067 seconds
[2024-03-13T15:55:04.881-0400] {processor.py:161} INFO - Started process (PID=455592) to work on /home/ironbong_jr/mlops/project/project/lib/python3.10/site-packages/airflow/example_dags/example_nested_branch_dag.py
[2024-03-13T15:55:04.885-0400] {processor.py:830} INFO - Processing file /home/ironbong_jr/mlops/project/project/lib/python3.10/site-packages/airflow/example_dags/example_nested_branch_dag.py for tasks to queue
[2024-03-13T15:55:04.885-0400] {logging_mixin.py:188} INFO - [2024-03-13T15:55:04.885-0400] {dagbag.py:540} INFO - Filling up the DagBag from /home/ironbong_jr/mlops/project/project/lib/python3.10/site-packages/airflow/example_dags/example_nested_branch_dag.py
[2024-03-13T15:55:04.894-0400] {processor.py:840} INFO - DAG(s) 'example_nested_branch_dag' retrieved from /home/ironbong_jr/mlops/project/project/lib/python3.10/site-packages/airflow/example_dags/example_nested_branch_dag.py
[2024-03-13T15:55:04.905-0400] {logging_mixin.py:188} INFO - [2024-03-13T15:55:04.905-0400] {dag.py:3047} INFO - Sync 1 DAGs
[2024-03-13T15:55:04.918-0400] {logging_mixin.py:188} INFO - [2024-03-13T15:55:04.918-0400] {dag.py:3834} INFO - Setting next_dagrun for example_nested_branch_dag to 2024-03-12 00:00:00+00:00, run_after=2024-03-13 00:00:00+00:00
[2024-03-13T15:55:04.940-0400] {processor.py:183} INFO - Processing /home/ironbong_jr/mlops/project/project/lib/python3.10/site-packages/airflow/example_dags/example_nested_branch_dag.py took 0.061 seconds
[2024-03-13T15:55:56.028-0400] {processor.py:161} INFO - Started process (PID=455856) to work on /home/ironbong_jr/mlops/project/project/lib/python3.10/site-packages/airflow/example_dags/example_nested_branch_dag.py
[2024-03-13T15:55:56.032-0400] {processor.py:830} INFO - Processing file /home/ironbong_jr/mlops/project/project/lib/python3.10/site-packages/airflow/example_dags/example_nested_branch_dag.py for tasks to queue
[2024-03-13T15:55:56.033-0400] {logging_mixin.py:188} INFO - [2024-03-13T15:55:56.033-0400] {dagbag.py:540} INFO - Filling up the DagBag from /home/ironbong_jr/mlops/project/project/lib/python3.10/site-packages/airflow/example_dags/example_nested_branch_dag.py
[2024-03-13T15:55:56.040-0400] {processor.py:840} INFO - DAG(s) 'example_nested_branch_dag' retrieved from /home/ironbong_jr/mlops/project/project/lib/python3.10/site-packages/airflow/example_dags/example_nested_branch_dag.py
[2024-03-13T15:55:56.056-0400] {logging_mixin.py:188} INFO - [2024-03-13T15:55:56.055-0400] {dag.py:3047} INFO - Sync 1 DAGs
[2024-03-13T15:55:56.073-0400] {logging_mixin.py:188} INFO - [2024-03-13T15:55:56.073-0400] {dag.py:3834} INFO - Setting next_dagrun for example_nested_branch_dag to 2024-03-12 00:00:00+00:00, run_after=2024-03-13 00:00:00+00:00
[2024-03-13T15:55:56.098-0400] {processor.py:183} INFO - Processing /home/ironbong_jr/mlops/project/project/lib/python3.10/site-packages/airflow/example_dags/example_nested_branch_dag.py took 0.074 seconds
[2024-03-13T15:56:46.354-0400] {processor.py:161} INFO - Started process (PID=456108) to work on /home/ironbong_jr/mlops/project/project/lib/python3.10/site-packages/airflow/example_dags/example_nested_branch_dag.py
[2024-03-13T15:56:46.355-0400] {processor.py:830} INFO - Processing file /home/ironbong_jr/mlops/project/project/lib/python3.10/site-packages/airflow/example_dags/example_nested_branch_dag.py for tasks to queue
[2024-03-13T15:56:46.356-0400] {logging_mixin.py:188} INFO - [2024-03-13T15:56:46.356-0400] {dagbag.py:540} INFO - Filling up the DagBag from /home/ironbong_jr/mlops/project/project/lib/python3.10/site-packages/airflow/example_dags/example_nested_branch_dag.py
[2024-03-13T15:56:46.364-0400] {processor.py:840} INFO - DAG(s) 'example_nested_branch_dag' retrieved from /home/ironbong_jr/mlops/project/project/lib/python3.10/site-packages/airflow/example_dags/example_nested_branch_dag.py
[2024-03-13T15:56:46.378-0400] {logging_mixin.py:188} INFO - [2024-03-13T15:56:46.378-0400] {dag.py:3047} INFO - Sync 1 DAGs
[2024-03-13T15:56:46.395-0400] {logging_mixin.py:188} INFO - [2024-03-13T15:56:46.395-0400] {dag.py:3834} INFO - Setting next_dagrun for example_nested_branch_dag to 2024-03-12 00:00:00+00:00, run_after=2024-03-13 00:00:00+00:00
[2024-03-13T15:56:46.418-0400] {processor.py:183} INFO - Processing /home/ironbong_jr/mlops/project/project/lib/python3.10/site-packages/airflow/example_dags/example_nested_branch_dag.py took 0.067 seconds
[2024-03-13T15:57:37.470-0400] {processor.py:161} INFO - Started process (PID=456422) to work on /home/ironbong_jr/mlops/project/project/lib/python3.10/site-packages/airflow/example_dags/example_nested_branch_dag.py
[2024-03-13T15:57:37.471-0400] {processor.py:830} INFO - Processing file /home/ironbong_jr/mlops/project/project/lib/python3.10/site-packages/airflow/example_dags/example_nested_branch_dag.py for tasks to queue
[2024-03-13T15:57:37.472-0400] {logging_mixin.py:188} INFO - [2024-03-13T15:57:37.472-0400] {dagbag.py:540} INFO - Filling up the DagBag from /home/ironbong_jr/mlops/project/project/lib/python3.10/site-packages/airflow/example_dags/example_nested_branch_dag.py
[2024-03-13T15:57:37.478-0400] {processor.py:840} INFO - DAG(s) 'example_nested_branch_dag' retrieved from /home/ironbong_jr/mlops/project/project/lib/python3.10/site-packages/airflow/example_dags/example_nested_branch_dag.py
[2024-03-13T15:57:37.490-0400] {logging_mixin.py:188} INFO - [2024-03-13T15:57:37.489-0400] {dag.py:3047} INFO - Sync 1 DAGs
[2024-03-13T15:57:37.503-0400] {logging_mixin.py:188} INFO - [2024-03-13T15:57:37.503-0400] {dag.py:3834} INFO - Setting next_dagrun for example_nested_branch_dag to 2024-03-12 00:00:00+00:00, run_after=2024-03-13 00:00:00+00:00
[2024-03-13T15:57:37.528-0400] {processor.py:183} INFO - Processing /home/ironbong_jr/mlops/project/project/lib/python3.10/site-packages/airflow/example_dags/example_nested_branch_dag.py took 0.060 seconds
[2024-03-13T15:58:29.933-0400] {processor.py:161} INFO - Started process (PID=456686) to work on /home/ironbong_jr/mlops/project/project/lib/python3.10/site-packages/airflow/example_dags/example_nested_branch_dag.py
[2024-03-13T15:58:29.935-0400] {processor.py:830} INFO - Processing file /home/ironbong_jr/mlops/project/project/lib/python3.10/site-packages/airflow/example_dags/example_nested_branch_dag.py for tasks to queue
[2024-03-13T15:58:29.936-0400] {logging_mixin.py:188} INFO - [2024-03-13T15:58:29.936-0400] {dagbag.py:540} INFO - Filling up the DagBag from /home/ironbong_jr/mlops/project/project/lib/python3.10/site-packages/airflow/example_dags/example_nested_branch_dag.py
[2024-03-13T15:58:29.942-0400] {processor.py:840} INFO - DAG(s) 'example_nested_branch_dag' retrieved from /home/ironbong_jr/mlops/project/project/lib/python3.10/site-packages/airflow/example_dags/example_nested_branch_dag.py
[2024-03-13T15:58:29.953-0400] {logging_mixin.py:188} INFO - [2024-03-13T15:58:29.953-0400] {dag.py:3047} INFO - Sync 1 DAGs
[2024-03-13T15:58:29.965-0400] {logging_mixin.py:188} INFO - [2024-03-13T15:58:29.965-0400] {dag.py:3834} INFO - Setting next_dagrun for example_nested_branch_dag to 2024-03-12 00:00:00+00:00, run_after=2024-03-13 00:00:00+00:00
[2024-03-13T15:58:29.986-0400] {processor.py:183} INFO - Processing /home/ironbong_jr/mlops/project/project/lib/python3.10/site-packages/airflow/example_dags/example_nested_branch_dag.py took 0.055 seconds
[2024-03-13T15:59:21.440-0400] {processor.py:161} INFO - Started process (PID=456929) to work on /home/ironbong_jr/mlops/project/project/lib/python3.10/site-packages/airflow/example_dags/example_nested_branch_dag.py
[2024-03-13T15:59:21.443-0400] {processor.py:830} INFO - Processing file /home/ironbong_jr/mlops/project/project/lib/python3.10/site-packages/airflow/example_dags/example_nested_branch_dag.py for tasks to queue
[2024-03-13T15:59:21.444-0400] {logging_mixin.py:188} INFO - [2024-03-13T15:59:21.444-0400] {dagbag.py:540} INFO - Filling up the DagBag from /home/ironbong_jr/mlops/project/project/lib/python3.10/site-packages/airflow/example_dags/example_nested_branch_dag.py
[2024-03-13T15:59:21.450-0400] {processor.py:840} INFO - DAG(s) 'example_nested_branch_dag' retrieved from /home/ironbong_jr/mlops/project/project/lib/python3.10/site-packages/airflow/example_dags/example_nested_branch_dag.py
[2024-03-13T15:59:21.462-0400] {logging_mixin.py:188} INFO - [2024-03-13T15:59:21.462-0400] {dag.py:3047} INFO - Sync 1 DAGs
[2024-03-13T15:59:21.476-0400] {logging_mixin.py:188} INFO - [2024-03-13T15:59:21.476-0400] {dag.py:3834} INFO - Setting next_dagrun for example_nested_branch_dag to 2024-03-12 00:00:00+00:00, run_after=2024-03-13 00:00:00+00:00
[2024-03-13T15:59:21.503-0400] {processor.py:183} INFO - Processing /home/ironbong_jr/mlops/project/project/lib/python3.10/site-packages/airflow/example_dags/example_nested_branch_dag.py took 0.065 seconds
[2024-03-13T16:00:11.742-0400] {processor.py:161} INFO - Started process (PID=457179) to work on /home/ironbong_jr/mlops/project/project/lib/python3.10/site-packages/airflow/example_dags/example_nested_branch_dag.py
[2024-03-13T16:00:11.746-0400] {processor.py:830} INFO - Processing file /home/ironbong_jr/mlops/project/project/lib/python3.10/site-packages/airflow/example_dags/example_nested_branch_dag.py for tasks to queue
[2024-03-13T16:00:11.746-0400] {logging_mixin.py:188} INFO - [2024-03-13T16:00:11.746-0400] {dagbag.py:540} INFO - Filling up the DagBag from /home/ironbong_jr/mlops/project/project/lib/python3.10/site-packages/airflow/example_dags/example_nested_branch_dag.py
[2024-03-13T16:00:11.752-0400] {processor.py:840} INFO - DAG(s) 'example_nested_branch_dag' retrieved from /home/ironbong_jr/mlops/project/project/lib/python3.10/site-packages/airflow/example_dags/example_nested_branch_dag.py
[2024-03-13T16:00:11.762-0400] {logging_mixin.py:188} INFO - [2024-03-13T16:00:11.762-0400] {dag.py:3047} INFO - Sync 1 DAGs
[2024-03-13T16:00:11.775-0400] {logging_mixin.py:188} INFO - [2024-03-13T16:00:11.775-0400] {dag.py:3834} INFO - Setting next_dagrun for example_nested_branch_dag to 2024-03-12 00:00:00+00:00, run_after=2024-03-13 00:00:00+00:00
[2024-03-13T16:00:11.796-0400] {processor.py:183} INFO - Processing /home/ironbong_jr/mlops/project/project/lib/python3.10/site-packages/airflow/example_dags/example_nested_branch_dag.py took 0.056 seconds
[2024-03-13T16:01:03.363-0400] {processor.py:161} INFO - Started process (PID=457436) to work on /home/ironbong_jr/mlops/project/project/lib/python3.10/site-packages/airflow/example_dags/example_nested_branch_dag.py
[2024-03-13T16:01:03.367-0400] {processor.py:830} INFO - Processing file /home/ironbong_jr/mlops/project/project/lib/python3.10/site-packages/airflow/example_dags/example_nested_branch_dag.py for tasks to queue
[2024-03-13T16:01:03.368-0400] {logging_mixin.py:188} INFO - [2024-03-13T16:01:03.367-0400] {dagbag.py:540} INFO - Filling up the DagBag from /home/ironbong_jr/mlops/project/project/lib/python3.10/site-packages/airflow/example_dags/example_nested_branch_dag.py
[2024-03-13T16:01:03.374-0400] {processor.py:840} INFO - DAG(s) 'example_nested_branch_dag' retrieved from /home/ironbong_jr/mlops/project/project/lib/python3.10/site-packages/airflow/example_dags/example_nested_branch_dag.py
[2024-03-13T16:01:03.385-0400] {logging_mixin.py:188} INFO - [2024-03-13T16:01:03.385-0400] {dag.py:3047} INFO - Sync 1 DAGs
[2024-03-13T16:01:03.397-0400] {logging_mixin.py:188} INFO - [2024-03-13T16:01:03.397-0400] {dag.py:3834} INFO - Setting next_dagrun for example_nested_branch_dag to 2024-03-12 00:00:00+00:00, run_after=2024-03-13 00:00:00+00:00
[2024-03-13T16:01:03.419-0400] {processor.py:183} INFO - Processing /home/ironbong_jr/mlops/project/project/lib/python3.10/site-packages/airflow/example_dags/example_nested_branch_dag.py took 0.058 seconds
[2024-03-13T16:01:53.627-0400] {processor.py:161} INFO - Started process (PID=457708) to work on /home/ironbong_jr/mlops/project/project/lib/python3.10/site-packages/airflow/example_dags/example_nested_branch_dag.py
[2024-03-13T16:01:53.631-0400] {processor.py:830} INFO - Processing file /home/ironbong_jr/mlops/project/project/lib/python3.10/site-packages/airflow/example_dags/example_nested_branch_dag.py for tasks to queue
[2024-03-13T16:01:53.631-0400] {logging_mixin.py:188} INFO - [2024-03-13T16:01:53.631-0400] {dagbag.py:540} INFO - Filling up the DagBag from /home/ironbong_jr/mlops/project/project/lib/python3.10/site-packages/airflow/example_dags/example_nested_branch_dag.py
[2024-03-13T16:01:53.637-0400] {processor.py:840} INFO - DAG(s) 'example_nested_branch_dag' retrieved from /home/ironbong_jr/mlops/project/project/lib/python3.10/site-packages/airflow/example_dags/example_nested_branch_dag.py
[2024-03-13T16:01:53.647-0400] {logging_mixin.py:188} INFO - [2024-03-13T16:01:53.647-0400] {dag.py:3047} INFO - Sync 1 DAGs
[2024-03-13T16:01:53.661-0400] {logging_mixin.py:188} INFO - [2024-03-13T16:01:53.660-0400] {dag.py:3834} INFO - Setting next_dagrun for example_nested_branch_dag to 2024-03-12 00:00:00+00:00, run_after=2024-03-13 00:00:00+00:00
[2024-03-13T16:01:53.681-0400] {processor.py:183} INFO - Processing /home/ironbong_jr/mlops/project/project/lib/python3.10/site-packages/airflow/example_dags/example_nested_branch_dag.py took 0.056 seconds
[2024-03-13T16:02:44.415-0400] {processor.py:161} INFO - Started process (PID=457969) to work on /home/ironbong_jr/mlops/project/project/lib/python3.10/site-packages/airflow/example_dags/example_nested_branch_dag.py
[2024-03-13T16:02:44.422-0400] {processor.py:830} INFO - Processing file /home/ironbong_jr/mlops/project/project/lib/python3.10/site-packages/airflow/example_dags/example_nested_branch_dag.py for tasks to queue
[2024-03-13T16:02:44.424-0400] {logging_mixin.py:188} INFO - [2024-03-13T16:02:44.423-0400] {dagbag.py:540} INFO - Filling up the DagBag from /home/ironbong_jr/mlops/project/project/lib/python3.10/site-packages/airflow/example_dags/example_nested_branch_dag.py
[2024-03-13T16:02:44.437-0400] {processor.py:840} INFO - DAG(s) 'example_nested_branch_dag' retrieved from /home/ironbong_jr/mlops/project/project/lib/python3.10/site-packages/airflow/example_dags/example_nested_branch_dag.py
[2024-03-13T16:02:44.448-0400] {logging_mixin.py:188} INFO - [2024-03-13T16:02:44.448-0400] {dag.py:3047} INFO - Sync 1 DAGs
[2024-03-13T16:02:44.460-0400] {logging_mixin.py:188} INFO - [2024-03-13T16:02:44.460-0400] {dag.py:3834} INFO - Setting next_dagrun for example_nested_branch_dag to 2024-03-12 00:00:00+00:00, run_after=2024-03-13 00:00:00+00:00
[2024-03-13T16:02:44.482-0400] {processor.py:183} INFO - Processing /home/ironbong_jr/mlops/project/project/lib/python3.10/site-packages/airflow/example_dags/example_nested_branch_dag.py took 0.069 seconds
[2024-03-13T16:03:33.173-0400] {processor.py:161} INFO - Started process (PID=458233) to work on /home/ironbong_jr/mlops/project/project/lib/python3.10/site-packages/airflow/example_dags/example_nested_branch_dag.py
[2024-03-13T16:03:33.177-0400] {processor.py:830} INFO - Processing file /home/ironbong_jr/mlops/project/project/lib/python3.10/site-packages/airflow/example_dags/example_nested_branch_dag.py for tasks to queue
[2024-03-13T16:03:33.178-0400] {logging_mixin.py:188} INFO - [2024-03-13T16:03:33.178-0400] {dagbag.py:540} INFO - Filling up the DagBag from /home/ironbong_jr/mlops/project/project/lib/python3.10/site-packages/airflow/example_dags/example_nested_branch_dag.py
[2024-03-13T16:03:33.187-0400] {processor.py:840} INFO - DAG(s) 'example_nested_branch_dag' retrieved from /home/ironbong_jr/mlops/project/project/lib/python3.10/site-packages/airflow/example_dags/example_nested_branch_dag.py
[2024-03-13T16:03:33.201-0400] {logging_mixin.py:188} INFO - [2024-03-13T16:03:33.201-0400] {dag.py:3047} INFO - Sync 1 DAGs
[2024-03-13T16:03:33.217-0400] {logging_mixin.py:188} INFO - [2024-03-13T16:03:33.217-0400] {dag.py:3834} INFO - Setting next_dagrun for example_nested_branch_dag to 2024-03-12 00:00:00+00:00, run_after=2024-03-13 00:00:00+00:00
[2024-03-13T16:03:33.241-0400] {processor.py:183} INFO - Processing /home/ironbong_jr/mlops/project/project/lib/python3.10/site-packages/airflow/example_dags/example_nested_branch_dag.py took 0.070 seconds
[2024-03-13T16:04:39.988-0400] {processor.py:161} INFO - Started process (PID=458647) to work on /home/ironbong_jr/mlops/project/project/lib/python3.10/site-packages/airflow/example_dags/example_nested_branch_dag.py
[2024-03-13T16:04:39.991-0400] {processor.py:830} INFO - Processing file /home/ironbong_jr/mlops/project/project/lib/python3.10/site-packages/airflow/example_dags/example_nested_branch_dag.py for tasks to queue
[2024-03-13T16:04:39.992-0400] {logging_mixin.py:188} INFO - [2024-03-13T16:04:39.992-0400] {dagbag.py:540} INFO - Filling up the DagBag from /home/ironbong_jr/mlops/project/project/lib/python3.10/site-packages/airflow/example_dags/example_nested_branch_dag.py
[2024-03-13T16:04:40.000-0400] {processor.py:840} INFO - DAG(s) 'example_nested_branch_dag' retrieved from /home/ironbong_jr/mlops/project/project/lib/python3.10/site-packages/airflow/example_dags/example_nested_branch_dag.py
[2024-03-13T16:04:40.011-0400] {logging_mixin.py:188} INFO - [2024-03-13T16:04:40.010-0400] {dag.py:3047} INFO - Sync 1 DAGs
[2024-03-13T16:04:40.023-0400] {logging_mixin.py:188} INFO - [2024-03-13T16:04:40.023-0400] {dag.py:3834} INFO - Setting next_dagrun for example_nested_branch_dag to 2024-03-12 00:00:00+00:00, run_after=2024-03-13 00:00:00+00:00
[2024-03-13T16:04:40.048-0400] {processor.py:183} INFO - Processing /home/ironbong_jr/mlops/project/project/lib/python3.10/site-packages/airflow/example_dags/example_nested_branch_dag.py took 0.062 seconds
[2024-03-13T16:05:34.620-0400] {processor.py:161} INFO - Started process (PID=458919) to work on /home/ironbong_jr/mlops/project/project/lib/python3.10/site-packages/airflow/example_dags/example_nested_branch_dag.py
[2024-03-13T16:05:34.625-0400] {processor.py:830} INFO - Processing file /home/ironbong_jr/mlops/project/project/lib/python3.10/site-packages/airflow/example_dags/example_nested_branch_dag.py for tasks to queue
[2024-03-13T16:05:34.626-0400] {logging_mixin.py:188} INFO - [2024-03-13T16:05:34.625-0400] {dagbag.py:540} INFO - Filling up the DagBag from /home/ironbong_jr/mlops/project/project/lib/python3.10/site-packages/airflow/example_dags/example_nested_branch_dag.py
[2024-03-13T16:05:34.633-0400] {processor.py:840} INFO - DAG(s) 'example_nested_branch_dag' retrieved from /home/ironbong_jr/mlops/project/project/lib/python3.10/site-packages/airflow/example_dags/example_nested_branch_dag.py
[2024-03-13T16:05:34.644-0400] {logging_mixin.py:188} INFO - [2024-03-13T16:05:34.644-0400] {dag.py:3047} INFO - Sync 1 DAGs
[2024-03-13T16:05:34.656-0400] {logging_mixin.py:188} INFO - [2024-03-13T16:05:34.655-0400] {dag.py:3834} INFO - Setting next_dagrun for example_nested_branch_dag to 2024-03-12 00:00:00+00:00, run_after=2024-03-13 00:00:00+00:00
[2024-03-13T16:05:34.682-0400] {processor.py:183} INFO - Processing /home/ironbong_jr/mlops/project/project/lib/python3.10/site-packages/airflow/example_dags/example_nested_branch_dag.py took 0.064 seconds
[2024-03-13T16:06:45.338-0400] {processor.py:161} INFO - Started process (PID=459282) to work on /home/ironbong_jr/mlops/project/project/lib/python3.10/site-packages/airflow/example_dags/example_nested_branch_dag.py
[2024-03-13T16:06:45.339-0400] {processor.py:830} INFO - Processing file /home/ironbong_jr/mlops/project/project/lib/python3.10/site-packages/airflow/example_dags/example_nested_branch_dag.py for tasks to queue
[2024-03-13T16:06:45.340-0400] {logging_mixin.py:188} INFO - [2024-03-13T16:06:45.340-0400] {dagbag.py:540} INFO - Filling up the DagBag from /home/ironbong_jr/mlops/project/project/lib/python3.10/site-packages/airflow/example_dags/example_nested_branch_dag.py
[2024-03-13T16:06:45.347-0400] {processor.py:840} INFO - DAG(s) 'example_nested_branch_dag' retrieved from /home/ironbong_jr/mlops/project/project/lib/python3.10/site-packages/airflow/example_dags/example_nested_branch_dag.py
[2024-03-13T16:06:45.356-0400] {logging_mixin.py:188} INFO - [2024-03-13T16:06:45.356-0400] {dag.py:3047} INFO - Sync 1 DAGs
[2024-03-13T16:06:45.369-0400] {logging_mixin.py:188} INFO - [2024-03-13T16:06:45.368-0400] {dag.py:3834} INFO - Setting next_dagrun for example_nested_branch_dag to 2024-03-12 00:00:00+00:00, run_after=2024-03-13 00:00:00+00:00
[2024-03-13T16:06:45.389-0400] {processor.py:183} INFO - Processing /home/ironbong_jr/mlops/project/project/lib/python3.10/site-packages/airflow/example_dags/example_nested_branch_dag.py took 0.054 seconds
[2024-03-13T16:07:37.414-0400] {processor.py:161} INFO - Started process (PID=459540) to work on /home/ironbong_jr/mlops/project/project/lib/python3.10/site-packages/airflow/example_dags/example_nested_branch_dag.py
[2024-03-13T16:07:37.416-0400] {processor.py:830} INFO - Processing file /home/ironbong_jr/mlops/project/project/lib/python3.10/site-packages/airflow/example_dags/example_nested_branch_dag.py for tasks to queue
[2024-03-13T16:07:37.416-0400] {logging_mixin.py:188} INFO - [2024-03-13T16:07:37.416-0400] {dagbag.py:540} INFO - Filling up the DagBag from /home/ironbong_jr/mlops/project/project/lib/python3.10/site-packages/airflow/example_dags/example_nested_branch_dag.py
[2024-03-13T16:07:37.423-0400] {processor.py:840} INFO - DAG(s) 'example_nested_branch_dag' retrieved from /home/ironbong_jr/mlops/project/project/lib/python3.10/site-packages/airflow/example_dags/example_nested_branch_dag.py
[2024-03-13T16:07:37.433-0400] {logging_mixin.py:188} INFO - [2024-03-13T16:07:37.433-0400] {dag.py:3047} INFO - Sync 1 DAGs
[2024-03-13T16:07:37.444-0400] {logging_mixin.py:188} INFO - [2024-03-13T16:07:37.444-0400] {dag.py:3834} INFO - Setting next_dagrun for example_nested_branch_dag to 2024-03-12 00:00:00+00:00, run_after=2024-03-13 00:00:00+00:00
[2024-03-13T16:07:37.465-0400] {processor.py:183} INFO - Processing /home/ironbong_jr/mlops/project/project/lib/python3.10/site-packages/airflow/example_dags/example_nested_branch_dag.py took 0.053 seconds
[2024-03-13T16:08:29.811-0400] {processor.py:161} INFO - Started process (PID=459790) to work on /home/ironbong_jr/mlops/project/project/lib/python3.10/site-packages/airflow/example_dags/example_nested_branch_dag.py
[2024-03-13T16:08:29.812-0400] {processor.py:830} INFO - Processing file /home/ironbong_jr/mlops/project/project/lib/python3.10/site-packages/airflow/example_dags/example_nested_branch_dag.py for tasks to queue
[2024-03-13T16:08:29.813-0400] {logging_mixin.py:188} INFO - [2024-03-13T16:08:29.813-0400] {dagbag.py:540} INFO - Filling up the DagBag from /home/ironbong_jr/mlops/project/project/lib/python3.10/site-packages/airflow/example_dags/example_nested_branch_dag.py
[2024-03-13T16:08:29.820-0400] {processor.py:840} INFO - DAG(s) 'example_nested_branch_dag' retrieved from /home/ironbong_jr/mlops/project/project/lib/python3.10/site-packages/airflow/example_dags/example_nested_branch_dag.py
[2024-03-13T16:08:29.832-0400] {logging_mixin.py:188} INFO - [2024-03-13T16:08:29.832-0400] {dag.py:3047} INFO - Sync 1 DAGs
[2024-03-13T16:08:29.846-0400] {logging_mixin.py:188} INFO - [2024-03-13T16:08:29.846-0400] {dag.py:3834} INFO - Setting next_dagrun for example_nested_branch_dag to 2024-03-12 00:00:00+00:00, run_after=2024-03-13 00:00:00+00:00
[2024-03-13T16:08:29.866-0400] {processor.py:183} INFO - Processing /home/ironbong_jr/mlops/project/project/lib/python3.10/site-packages/airflow/example_dags/example_nested_branch_dag.py took 0.057 seconds
[2024-03-13T16:09:20.749-0400] {processor.py:161} INFO - Started process (PID=460042) to work on /home/ironbong_jr/mlops/project/project/lib/python3.10/site-packages/airflow/example_dags/example_nested_branch_dag.py
[2024-03-13T16:09:20.752-0400] {processor.py:830} INFO - Processing file /home/ironbong_jr/mlops/project/project/lib/python3.10/site-packages/airflow/example_dags/example_nested_branch_dag.py for tasks to queue
[2024-03-13T16:09:20.753-0400] {logging_mixin.py:188} INFO - [2024-03-13T16:09:20.753-0400] {dagbag.py:540} INFO - Filling up the DagBag from /home/ironbong_jr/mlops/project/project/lib/python3.10/site-packages/airflow/example_dags/example_nested_branch_dag.py
[2024-03-13T16:09:20.765-0400] {processor.py:840} INFO - DAG(s) 'example_nested_branch_dag' retrieved from /home/ironbong_jr/mlops/project/project/lib/python3.10/site-packages/airflow/example_dags/example_nested_branch_dag.py
[2024-03-13T16:09:20.776-0400] {logging_mixin.py:188} INFO - [2024-03-13T16:09:20.776-0400] {dag.py:3047} INFO - Sync 1 DAGs
[2024-03-13T16:09:20.790-0400] {logging_mixin.py:188} INFO - [2024-03-13T16:09:20.790-0400] {dag.py:3834} INFO - Setting next_dagrun for example_nested_branch_dag to 2024-03-12 00:00:00+00:00, run_after=2024-03-13 00:00:00+00:00
[2024-03-13T16:09:20.812-0400] {processor.py:183} INFO - Processing /home/ironbong_jr/mlops/project/project/lib/python3.10/site-packages/airflow/example_dags/example_nested_branch_dag.py took 0.065 seconds
[2024-03-13T16:10:08.735-0400] {processor.py:161} INFO - Started process (PID=460291) to work on /home/ironbong_jr/mlops/project/project/lib/python3.10/site-packages/airflow/example_dags/example_nested_branch_dag.py
[2024-03-13T16:10:08.739-0400] {processor.py:830} INFO - Processing file /home/ironbong_jr/mlops/project/project/lib/python3.10/site-packages/airflow/example_dags/example_nested_branch_dag.py for tasks to queue
[2024-03-13T16:10:08.740-0400] {logging_mixin.py:188} INFO - [2024-03-13T16:10:08.739-0400] {dagbag.py:540} INFO - Filling up the DagBag from /home/ironbong_jr/mlops/project/project/lib/python3.10/site-packages/airflow/example_dags/example_nested_branch_dag.py
[2024-03-13T16:10:08.751-0400] {processor.py:840} INFO - DAG(s) 'example_nested_branch_dag' retrieved from /home/ironbong_jr/mlops/project/project/lib/python3.10/site-packages/airflow/example_dags/example_nested_branch_dag.py
[2024-03-13T16:10:08.763-0400] {logging_mixin.py:188} INFO - [2024-03-13T16:10:08.763-0400] {dag.py:3047} INFO - Sync 1 DAGs
[2024-03-13T16:10:08.777-0400] {logging_mixin.py:188} INFO - [2024-03-13T16:10:08.777-0400] {dag.py:3834} INFO - Setting next_dagrun for example_nested_branch_dag to 2024-03-12 00:00:00+00:00, run_after=2024-03-13 00:00:00+00:00
[2024-03-13T16:10:08.800-0400] {processor.py:183} INFO - Processing /home/ironbong_jr/mlops/project/project/lib/python3.10/site-packages/airflow/example_dags/example_nested_branch_dag.py took 0.066 seconds
[2024-03-13T16:10:57.071-0400] {processor.py:161} INFO - Started process (PID=460522) to work on /home/ironbong_jr/mlops/project/project/lib/python3.10/site-packages/airflow/example_dags/example_nested_branch_dag.py
[2024-03-13T16:10:57.075-0400] {processor.py:830} INFO - Processing file /home/ironbong_jr/mlops/project/project/lib/python3.10/site-packages/airflow/example_dags/example_nested_branch_dag.py for tasks to queue
[2024-03-13T16:10:57.075-0400] {logging_mixin.py:188} INFO - [2024-03-13T16:10:57.075-0400] {dagbag.py:540} INFO - Filling up the DagBag from /home/ironbong_jr/mlops/project/project/lib/python3.10/site-packages/airflow/example_dags/example_nested_branch_dag.py
[2024-03-13T16:10:57.081-0400] {processor.py:840} INFO - DAG(s) 'example_nested_branch_dag' retrieved from /home/ironbong_jr/mlops/project/project/lib/python3.10/site-packages/airflow/example_dags/example_nested_branch_dag.py
[2024-03-13T16:10:57.091-0400] {logging_mixin.py:188} INFO - [2024-03-13T16:10:57.091-0400] {dag.py:3047} INFO - Sync 1 DAGs
[2024-03-13T16:10:57.102-0400] {logging_mixin.py:188} INFO - [2024-03-13T16:10:57.102-0400] {dag.py:3834} INFO - Setting next_dagrun for example_nested_branch_dag to 2024-03-12 00:00:00+00:00, run_after=2024-03-13 00:00:00+00:00
[2024-03-13T16:10:57.124-0400] {processor.py:183} INFO - Processing /home/ironbong_jr/mlops/project/project/lib/python3.10/site-packages/airflow/example_dags/example_nested_branch_dag.py took 0.056 seconds
[2024-03-13T16:11:47.735-0400] {processor.py:161} INFO - Started process (PID=460778) to work on /home/ironbong_jr/mlops/project/project/lib/python3.10/site-packages/airflow/example_dags/example_nested_branch_dag.py
[2024-03-13T16:11:47.739-0400] {processor.py:830} INFO - Processing file /home/ironbong_jr/mlops/project/project/lib/python3.10/site-packages/airflow/example_dags/example_nested_branch_dag.py for tasks to queue
[2024-03-13T16:11:47.739-0400] {logging_mixin.py:188} INFO - [2024-03-13T16:11:47.739-0400] {dagbag.py:540} INFO - Filling up the DagBag from /home/ironbong_jr/mlops/project/project/lib/python3.10/site-packages/airflow/example_dags/example_nested_branch_dag.py
[2024-03-13T16:11:47.746-0400] {processor.py:840} INFO - DAG(s) 'example_nested_branch_dag' retrieved from /home/ironbong_jr/mlops/project/project/lib/python3.10/site-packages/airflow/example_dags/example_nested_branch_dag.py
[2024-03-13T16:11:47.756-0400] {logging_mixin.py:188} INFO - [2024-03-13T16:11:47.756-0400] {dag.py:3047} INFO - Sync 1 DAGs
[2024-03-13T16:11:47.774-0400] {logging_mixin.py:188} INFO - [2024-03-13T16:11:47.773-0400] {dag.py:3834} INFO - Setting next_dagrun for example_nested_branch_dag to 2024-03-12 00:00:00+00:00, run_after=2024-03-13 00:00:00+00:00
[2024-03-13T16:11:47.798-0400] {processor.py:183} INFO - Processing /home/ironbong_jr/mlops/project/project/lib/python3.10/site-packages/airflow/example_dags/example_nested_branch_dag.py took 0.065 seconds
[2024-03-13T16:12:38.219-0400] {processor.py:161} INFO - Started process (PID=461027) to work on /home/ironbong_jr/mlops/project/project/lib/python3.10/site-packages/airflow/example_dags/example_nested_branch_dag.py
[2024-03-13T16:12:38.223-0400] {processor.py:830} INFO - Processing file /home/ironbong_jr/mlops/project/project/lib/python3.10/site-packages/airflow/example_dags/example_nested_branch_dag.py for tasks to queue
[2024-03-13T16:12:38.224-0400] {logging_mixin.py:188} INFO - [2024-03-13T16:12:38.224-0400] {dagbag.py:540} INFO - Filling up the DagBag from /home/ironbong_jr/mlops/project/project/lib/python3.10/site-packages/airflow/example_dags/example_nested_branch_dag.py
[2024-03-13T16:12:38.231-0400] {processor.py:840} INFO - DAG(s) 'example_nested_branch_dag' retrieved from /home/ironbong_jr/mlops/project/project/lib/python3.10/site-packages/airflow/example_dags/example_nested_branch_dag.py
[2024-03-13T16:12:38.240-0400] {logging_mixin.py:188} INFO - [2024-03-13T16:12:38.240-0400] {dag.py:3047} INFO - Sync 1 DAGs
[2024-03-13T16:12:38.252-0400] {logging_mixin.py:188} INFO - [2024-03-13T16:12:38.251-0400] {dag.py:3834} INFO - Setting next_dagrun for example_nested_branch_dag to 2024-03-12 00:00:00+00:00, run_after=2024-03-13 00:00:00+00:00
[2024-03-13T16:12:38.273-0400] {processor.py:183} INFO - Processing /home/ironbong_jr/mlops/project/project/lib/python3.10/site-packages/airflow/example_dags/example_nested_branch_dag.py took 0.056 seconds
