[2024-03-12T21:21:51.229-0400] {processor.py:161} INFO - Started process (PID=406995) to work on /home/ironbong_jr/mlops/project/project/lib/python3.10/site-packages/airflow/example_dags/example_setup_teardown.py
[2024-03-12T21:21:51.232-0400] {processor.py:830} INFO - Processing file /home/ironbong_jr/mlops/project/project/lib/python3.10/site-packages/airflow/example_dags/example_setup_teardown.py for tasks to queue
[2024-03-12T21:21:51.234-0400] {logging_mixin.py:188} INFO - [2024-03-12T21:21:51.233-0400] {dagbag.py:540} INFO - Filling up the DagBag from /home/ironbong_jr/mlops/project/project/lib/python3.10/site-packages/airflow/example_dags/example_setup_teardown.py
[2024-03-12T21:21:51.267-0400] {processor.py:840} INFO - DAG(s) 'example_setup_teardown' retrieved from /home/ironbong_jr/mlops/project/project/lib/python3.10/site-packages/airflow/example_dags/example_setup_teardown.py
[2024-03-12T21:21:51.667-0400] {logging_mixin.py:188} INFO - [2024-03-12T21:21:51.666-0400] {dag.py:3047} INFO - Sync 1 DAGs
[2024-03-12T21:21:51.711-0400] {logging_mixin.py:188} INFO - [2024-03-12T21:21:51.711-0400] {dag.py:3834} INFO - Setting next_dagrun for example_setup_teardown to 2024-03-12 00:00:00+00:00, run_after=2024-03-13 00:00:00+00:00
[2024-03-12T21:21:51.819-0400] {processor.py:183} INFO - Processing /home/ironbong_jr/mlops/project/project/lib/python3.10/site-packages/airflow/example_dags/example_setup_teardown.py took 0.600 seconds
[2024-03-12T21:23:17.193-0400] {processor.py:161} INFO - Started process (PID=407374) to work on /home/ironbong_jr/mlops/project/project/lib/python3.10/site-packages/airflow/example_dags/example_setup_teardown.py
[2024-03-12T21:23:17.249-0400] {processor.py:830} INFO - Processing file /home/ironbong_jr/mlops/project/project/lib/python3.10/site-packages/airflow/example_dags/example_setup_teardown.py for tasks to queue
[2024-03-12T21:23:17.251-0400] {logging_mixin.py:188} INFO - [2024-03-12T21:23:17.251-0400] {dagbag.py:540} INFO - Filling up the DagBag from /home/ironbong_jr/mlops/project/project/lib/python3.10/site-packages/airflow/example_dags/example_setup_teardown.py
[2024-03-12T21:23:17.268-0400] {processor.py:840} INFO - DAG(s) 'example_setup_teardown' retrieved from /home/ironbong_jr/mlops/project/project/lib/python3.10/site-packages/airflow/example_dags/example_setup_teardown.py
[2024-03-12T21:23:17.319-0400] {logging_mixin.py:188} INFO - [2024-03-12T21:23:17.319-0400] {dag.py:3047} INFO - Sync 1 DAGs
[2024-03-12T21:23:17.543-0400] {logging_mixin.py:188} INFO - [2024-03-12T21:23:17.542-0400] {dag.py:3834} INFO - Setting next_dagrun for example_setup_teardown to 2024-03-12 00:00:00+00:00, run_after=2024-03-13 00:00:00+00:00
[2024-03-12T21:23:17.634-0400] {processor.py:183} INFO - Processing /home/ironbong_jr/mlops/project/project/lib/python3.10/site-packages/airflow/example_dags/example_setup_teardown.py took 0.447 seconds
[2024-03-12T21:26:40.433-0400] {processor.py:161} INFO - Started process (PID=408282) to work on /home/ironbong_jr/mlops/project/project/lib/python3.10/site-packages/airflow/example_dags/example_setup_teardown.py
[2024-03-12T21:26:40.492-0400] {processor.py:830} INFO - Processing file /home/ironbong_jr/mlops/project/project/lib/python3.10/site-packages/airflow/example_dags/example_setup_teardown.py for tasks to queue
[2024-03-12T21:26:40.495-0400] {logging_mixin.py:188} INFO - [2024-03-12T21:26:40.494-0400] {dagbag.py:540} INFO - Filling up the DagBag from /home/ironbong_jr/mlops/project/project/lib/python3.10/site-packages/airflow/example_dags/example_setup_teardown.py
[2024-03-12T21:26:40.536-0400] {processor.py:840} INFO - DAG(s) 'example_setup_teardown' retrieved from /home/ironbong_jr/mlops/project/project/lib/python3.10/site-packages/airflow/example_dags/example_setup_teardown.py
[2024-03-12T21:26:40.619-0400] {logging_mixin.py:188} INFO - [2024-03-12T21:26:40.618-0400] {dag.py:3047} INFO - Sync 1 DAGs
[2024-03-12T21:26:40.741-0400] {logging_mixin.py:188} INFO - [2024-03-12T21:26:40.730-0400] {dag.py:3834} INFO - Setting next_dagrun for example_setup_teardown to 2024-03-12 00:00:00+00:00, run_after=2024-03-13 00:00:00+00:00
[2024-03-12T21:26:40.849-0400] {processor.py:183} INFO - Processing /home/ironbong_jr/mlops/project/project/lib/python3.10/site-packages/airflow/example_dags/example_setup_teardown.py took 0.430 seconds
[2024-03-12T21:28:20.071-0400] {processor.py:161} INFO - Started process (PID=408766) to work on /home/ironbong_jr/mlops/project/project/lib/python3.10/site-packages/airflow/example_dags/example_setup_teardown.py
[2024-03-12T21:28:20.111-0400] {processor.py:830} INFO - Processing file /home/ironbong_jr/mlops/project/project/lib/python3.10/site-packages/airflow/example_dags/example_setup_teardown.py for tasks to queue
[2024-03-12T21:28:20.113-0400] {logging_mixin.py:188} INFO - [2024-03-12T21:28:20.112-0400] {dagbag.py:540} INFO - Filling up the DagBag from /home/ironbong_jr/mlops/project/project/lib/python3.10/site-packages/airflow/example_dags/example_setup_teardown.py
[2024-03-12T21:28:20.134-0400] {processor.py:840} INFO - DAG(s) 'example_setup_teardown' retrieved from /home/ironbong_jr/mlops/project/project/lib/python3.10/site-packages/airflow/example_dags/example_setup_teardown.py
[2024-03-12T21:28:20.172-0400] {logging_mixin.py:188} INFO - [2024-03-12T21:28:20.171-0400] {dag.py:3047} INFO - Sync 1 DAGs
[2024-03-12T21:28:20.206-0400] {logging_mixin.py:188} INFO - [2024-03-12T21:28:20.206-0400] {dag.py:3834} INFO - Setting next_dagrun for example_setup_teardown to 2024-03-12 00:00:00+00:00, run_after=2024-03-13 00:00:00+00:00
[2024-03-12T21:28:20.261-0400] {processor.py:183} INFO - Processing /home/ironbong_jr/mlops/project/project/lib/python3.10/site-packages/airflow/example_dags/example_setup_teardown.py took 0.197 seconds
[2024-03-12T21:29:47.432-0400] {processor.py:161} INFO - Started process (PID=409181) to work on /home/ironbong_jr/mlops/project/project/lib/python3.10/site-packages/airflow/example_dags/example_setup_teardown.py
[2024-03-12T21:29:47.482-0400] {processor.py:830} INFO - Processing file /home/ironbong_jr/mlops/project/project/lib/python3.10/site-packages/airflow/example_dags/example_setup_teardown.py for tasks to queue
[2024-03-12T21:29:47.485-0400] {logging_mixin.py:188} INFO - [2024-03-12T21:29:47.484-0400] {dagbag.py:540} INFO - Filling up the DagBag from /home/ironbong_jr/mlops/project/project/lib/python3.10/site-packages/airflow/example_dags/example_setup_teardown.py
[2024-03-12T21:29:47.500-0400] {processor.py:840} INFO - DAG(s) 'example_setup_teardown' retrieved from /home/ironbong_jr/mlops/project/project/lib/python3.10/site-packages/airflow/example_dags/example_setup_teardown.py
[2024-03-12T21:29:47.527-0400] {logging_mixin.py:188} INFO - [2024-03-12T21:29:47.527-0400] {dag.py:3047} INFO - Sync 1 DAGs
[2024-03-12T21:29:47.559-0400] {logging_mixin.py:188} INFO - [2024-03-12T21:29:47.559-0400] {dag.py:3834} INFO - Setting next_dagrun for example_setup_teardown to 2024-03-12 00:00:00+00:00, run_after=2024-03-13 00:00:00+00:00
[2024-03-12T21:29:47.693-0400] {processor.py:183} INFO - Processing /home/ironbong_jr/mlops/project/project/lib/python3.10/site-packages/airflow/example_dags/example_setup_teardown.py took 0.268 seconds
[2024-03-12T21:31:27.048-0400] {processor.py:161} INFO - Started process (PID=409675) to work on /home/ironbong_jr/mlops/project/project/lib/python3.10/site-packages/airflow/example_dags/example_setup_teardown.py
[2024-03-12T21:31:27.051-0400] {processor.py:830} INFO - Processing file /home/ironbong_jr/mlops/project/project/lib/python3.10/site-packages/airflow/example_dags/example_setup_teardown.py for tasks to queue
[2024-03-12T21:31:27.054-0400] {logging_mixin.py:188} INFO - [2024-03-12T21:31:27.053-0400] {dagbag.py:540} INFO - Filling up the DagBag from /home/ironbong_jr/mlops/project/project/lib/python3.10/site-packages/airflow/example_dags/example_setup_teardown.py
[2024-03-12T21:31:27.069-0400] {processor.py:840} INFO - DAG(s) 'example_setup_teardown' retrieved from /home/ironbong_jr/mlops/project/project/lib/python3.10/site-packages/airflow/example_dags/example_setup_teardown.py
[2024-03-12T21:31:27.095-0400] {logging_mixin.py:188} INFO - [2024-03-12T21:31:27.095-0400] {dag.py:3047} INFO - Sync 1 DAGs
[2024-03-12T21:31:27.131-0400] {logging_mixin.py:188} INFO - [2024-03-12T21:31:27.131-0400] {dag.py:3834} INFO - Setting next_dagrun for example_setup_teardown to 2024-03-12 00:00:00+00:00, run_after=2024-03-13 00:00:00+00:00
[2024-03-12T21:31:27.175-0400] {processor.py:183} INFO - Processing /home/ironbong_jr/mlops/project/project/lib/python3.10/site-packages/airflow/example_dags/example_setup_teardown.py took 0.134 seconds
[2024-03-12T21:33:08.925-0400] {processor.py:161} INFO - Started process (PID=410233) to work on /home/ironbong_jr/mlops/project/project/lib/python3.10/site-packages/airflow/example_dags/example_setup_teardown.py
[2024-03-12T21:33:08.971-0400] {processor.py:830} INFO - Processing file /home/ironbong_jr/mlops/project/project/lib/python3.10/site-packages/airflow/example_dags/example_setup_teardown.py for tasks to queue
[2024-03-12T21:33:08.974-0400] {logging_mixin.py:188} INFO - [2024-03-12T21:33:08.973-0400] {dagbag.py:540} INFO - Filling up the DagBag from /home/ironbong_jr/mlops/project/project/lib/python3.10/site-packages/airflow/example_dags/example_setup_teardown.py
[2024-03-12T21:33:08.993-0400] {processor.py:840} INFO - DAG(s) 'example_setup_teardown' retrieved from /home/ironbong_jr/mlops/project/project/lib/python3.10/site-packages/airflow/example_dags/example_setup_teardown.py
[2024-03-12T21:33:09.026-0400] {logging_mixin.py:188} INFO - [2024-03-12T21:33:09.025-0400] {dag.py:3047} INFO - Sync 1 DAGs
[2024-03-12T21:33:09.062-0400] {logging_mixin.py:188} INFO - [2024-03-12T21:33:09.061-0400] {dag.py:3834} INFO - Setting next_dagrun for example_setup_teardown to 2024-03-12 00:00:00+00:00, run_after=2024-03-13 00:00:00+00:00
[2024-03-12T21:33:09.188-0400] {processor.py:183} INFO - Processing /home/ironbong_jr/mlops/project/project/lib/python3.10/site-packages/airflow/example_dags/example_setup_teardown.py took 0.271 seconds
[2024-03-12T21:34:38.113-0400] {processor.py:161} INFO - Started process (PID=410653) to work on /home/ironbong_jr/mlops/project/project/lib/python3.10/site-packages/airflow/example_dags/example_setup_teardown.py
[2024-03-12T21:34:38.164-0400] {processor.py:830} INFO - Processing file /home/ironbong_jr/mlops/project/project/lib/python3.10/site-packages/airflow/example_dags/example_setup_teardown.py for tasks to queue
[2024-03-12T21:34:38.166-0400] {logging_mixin.py:188} INFO - [2024-03-12T21:34:38.165-0400] {dagbag.py:540} INFO - Filling up the DagBag from /home/ironbong_jr/mlops/project/project/lib/python3.10/site-packages/airflow/example_dags/example_setup_teardown.py
[2024-03-12T21:34:38.186-0400] {processor.py:840} INFO - DAG(s) 'example_setup_teardown' retrieved from /home/ironbong_jr/mlops/project/project/lib/python3.10/site-packages/airflow/example_dags/example_setup_teardown.py
[2024-03-12T21:34:38.218-0400] {logging_mixin.py:188} INFO - [2024-03-12T21:34:38.218-0400] {dag.py:3047} INFO - Sync 1 DAGs
[2024-03-12T21:34:38.268-0400] {logging_mixin.py:188} INFO - [2024-03-12T21:34:38.268-0400] {dag.py:3834} INFO - Setting next_dagrun for example_setup_teardown to 2024-03-12 00:00:00+00:00, run_after=2024-03-13 00:00:00+00:00
[2024-03-12T21:34:38.364-0400] {processor.py:183} INFO - Processing /home/ironbong_jr/mlops/project/project/lib/python3.10/site-packages/airflow/example_dags/example_setup_teardown.py took 0.261 seconds
[2024-03-12T23:26:10.415-0400] {processor.py:161} INFO - Started process (PID=417684) to work on /home/ironbong_jr/mlops/project/project/lib/python3.10/site-packages/airflow/example_dags/example_setup_teardown.py
[2024-03-12T23:26:10.463-0400] {processor.py:830} INFO - Processing file /home/ironbong_jr/mlops/project/project/lib/python3.10/site-packages/airflow/example_dags/example_setup_teardown.py for tasks to queue
[2024-03-12T23:26:10.465-0400] {logging_mixin.py:188} INFO - [2024-03-12T23:26:10.464-0400] {dagbag.py:540} INFO - Filling up the DagBag from /home/ironbong_jr/mlops/project/project/lib/python3.10/site-packages/airflow/example_dags/example_setup_teardown.py
[2024-03-12T23:26:10.486-0400] {processor.py:840} INFO - DAG(s) 'example_setup_teardown' retrieved from /home/ironbong_jr/mlops/project/project/lib/python3.10/site-packages/airflow/example_dags/example_setup_teardown.py
[2024-03-12T23:26:10.859-0400] {logging_mixin.py:188} INFO - [2024-03-12T23:26:10.859-0400] {dag.py:3047} INFO - Sync 1 DAGs
[2024-03-12T23:26:10.887-0400] {logging_mixin.py:188} INFO - [2024-03-12T23:26:10.886-0400] {dag.py:3834} INFO - Setting next_dagrun for example_setup_teardown to 2024-03-12 00:00:00+00:00, run_after=2024-03-13 00:00:00+00:00
[2024-03-12T23:26:10.995-0400] {processor.py:183} INFO - Processing /home/ironbong_jr/mlops/project/project/lib/python3.10/site-packages/airflow/example_dags/example_setup_teardown.py took 0.600 seconds
[2024-03-12T23:29:28.012-0400] {processor.py:161} INFO - Started process (PID=418484) to work on /home/ironbong_jr/mlops/project/project/lib/python3.10/site-packages/airflow/example_dags/example_setup_teardown.py
[2024-03-12T23:29:28.064-0400] {processor.py:830} INFO - Processing file /home/ironbong_jr/mlops/project/project/lib/python3.10/site-packages/airflow/example_dags/example_setup_teardown.py for tasks to queue
[2024-03-12T23:29:28.066-0400] {logging_mixin.py:188} INFO - [2024-03-12T23:29:28.065-0400] {dagbag.py:540} INFO - Filling up the DagBag from /home/ironbong_jr/mlops/project/project/lib/python3.10/site-packages/airflow/example_dags/example_setup_teardown.py
[2024-03-12T23:29:28.077-0400] {processor.py:840} INFO - DAG(s) 'example_setup_teardown' retrieved from /home/ironbong_jr/mlops/project/project/lib/python3.10/site-packages/airflow/example_dags/example_setup_teardown.py
[2024-03-12T23:29:28.124-0400] {logging_mixin.py:188} INFO - [2024-03-12T23:29:28.122-0400] {dag.py:3047} INFO - Sync 1 DAGs
[2024-03-12T23:29:28.185-0400] {logging_mixin.py:188} INFO - [2024-03-12T23:29:28.185-0400] {dag.py:3834} INFO - Setting next_dagrun for example_setup_teardown to 2024-03-12 00:00:00+00:00, run_after=2024-03-13 00:00:00+00:00
[2024-03-12T23:29:28.239-0400] {processor.py:183} INFO - Processing /home/ironbong_jr/mlops/project/project/lib/python3.10/site-packages/airflow/example_dags/example_setup_teardown.py took 0.234 seconds
[2024-03-12T23:30:51.601-0400] {processor.py:161} INFO - Started process (PID=418826) to work on /home/ironbong_jr/mlops/project/project/lib/python3.10/site-packages/airflow/example_dags/example_setup_teardown.py
[2024-03-12T23:30:51.604-0400] {processor.py:830} INFO - Processing file /home/ironbong_jr/mlops/project/project/lib/python3.10/site-packages/airflow/example_dags/example_setup_teardown.py for tasks to queue
[2024-03-12T23:30:51.606-0400] {logging_mixin.py:188} INFO - [2024-03-12T23:30:51.605-0400] {dagbag.py:540} INFO - Filling up the DagBag from /home/ironbong_jr/mlops/project/project/lib/python3.10/site-packages/airflow/example_dags/example_setup_teardown.py
[2024-03-12T23:30:51.621-0400] {processor.py:840} INFO - DAG(s) 'example_setup_teardown' retrieved from /home/ironbong_jr/mlops/project/project/lib/python3.10/site-packages/airflow/example_dags/example_setup_teardown.py
[2024-03-12T23:30:51.654-0400] {logging_mixin.py:188} INFO - [2024-03-12T23:30:51.654-0400] {dag.py:3047} INFO - Sync 1 DAGs
[2024-03-12T23:30:51.691-0400] {logging_mixin.py:188} INFO - [2024-03-12T23:30:51.691-0400] {dag.py:3834} INFO - Setting next_dagrun for example_setup_teardown to 2024-03-12 00:00:00+00:00, run_after=2024-03-13 00:00:00+00:00
[2024-03-12T23:30:51.737-0400] {processor.py:183} INFO - Processing /home/ironbong_jr/mlops/project/project/lib/python3.10/site-packages/airflow/example_dags/example_setup_teardown.py took 0.143 seconds
[2024-03-12T23:42:06.286-0400] {processor.py:161} INFO - Started process (PID=421546) to work on /home/ironbong_jr/mlops/project/project/lib/python3.10/site-packages/airflow/example_dags/example_setup_teardown.py
[2024-03-12T23:42:06.339-0400] {processor.py:830} INFO - Processing file /home/ironbong_jr/mlops/project/project/lib/python3.10/site-packages/airflow/example_dags/example_setup_teardown.py for tasks to queue
[2024-03-12T23:42:06.342-0400] {logging_mixin.py:188} INFO - [2024-03-12T23:42:06.341-0400] {dagbag.py:540} INFO - Filling up the DagBag from /home/ironbong_jr/mlops/project/project/lib/python3.10/site-packages/airflow/example_dags/example_setup_teardown.py
[2024-03-12T23:42:06.364-0400] {processor.py:840} INFO - DAG(s) 'example_setup_teardown' retrieved from /home/ironbong_jr/mlops/project/project/lib/python3.10/site-packages/airflow/example_dags/example_setup_teardown.py
[2024-03-12T23:42:06.765-0400] {logging_mixin.py:188} INFO - [2024-03-12T23:42:06.765-0400] {dag.py:3047} INFO - Sync 1 DAGs
[2024-03-12T23:42:06.789-0400] {logging_mixin.py:188} INFO - [2024-03-12T23:42:06.788-0400] {dag.py:3834} INFO - Setting next_dagrun for example_setup_teardown to 2024-03-12 00:00:00+00:00, run_after=2024-03-13 00:00:00+00:00
[2024-03-12T23:42:06.886-0400] {processor.py:183} INFO - Processing /home/ironbong_jr/mlops/project/project/lib/python3.10/site-packages/airflow/example_dags/example_setup_teardown.py took 0.607 seconds
[2024-03-12T23:43:40.574-0400] {processor.py:161} INFO - Started process (PID=421919) to work on /home/ironbong_jr/mlops/project/project/lib/python3.10/site-packages/airflow/example_dags/example_setup_teardown.py
[2024-03-12T23:43:40.626-0400] {processor.py:830} INFO - Processing file /home/ironbong_jr/mlops/project/project/lib/python3.10/site-packages/airflow/example_dags/example_setup_teardown.py for tasks to queue
[2024-03-12T23:43:40.629-0400] {logging_mixin.py:188} INFO - [2024-03-12T23:43:40.628-0400] {dagbag.py:540} INFO - Filling up the DagBag from /home/ironbong_jr/mlops/project/project/lib/python3.10/site-packages/airflow/example_dags/example_setup_teardown.py
[2024-03-12T23:43:40.656-0400] {processor.py:840} INFO - DAG(s) 'example_setup_teardown' retrieved from /home/ironbong_jr/mlops/project/project/lib/python3.10/site-packages/airflow/example_dags/example_setup_teardown.py
[2024-03-12T23:43:40.693-0400] {logging_mixin.py:188} INFO - [2024-03-12T23:43:40.692-0400] {dag.py:3047} INFO - Sync 1 DAGs
[2024-03-12T23:43:40.926-0400] {logging_mixin.py:188} INFO - [2024-03-12T23:43:40.925-0400] {dag.py:3834} INFO - Setting next_dagrun for example_setup_teardown to 2024-03-12 00:00:00+00:00, run_after=2024-03-13 00:00:00+00:00
[2024-03-12T23:43:40.979-0400] {processor.py:183} INFO - Processing /home/ironbong_jr/mlops/project/project/lib/python3.10/site-packages/airflow/example_dags/example_setup_teardown.py took 0.415 seconds
[2024-03-12T23:45:28.185-0400] {processor.py:161} INFO - Started process (PID=422510) to work on /home/ironbong_jr/mlops/project/project/lib/python3.10/site-packages/airflow/example_dags/example_setup_teardown.py
[2024-03-12T23:45:28.237-0400] {processor.py:830} INFO - Processing file /home/ironbong_jr/mlops/project/project/lib/python3.10/site-packages/airflow/example_dags/example_setup_teardown.py for tasks to queue
[2024-03-12T23:45:28.239-0400] {logging_mixin.py:188} INFO - [2024-03-12T23:45:28.239-0400] {dagbag.py:540} INFO - Filling up the DagBag from /home/ironbong_jr/mlops/project/project/lib/python3.10/site-packages/airflow/example_dags/example_setup_teardown.py
[2024-03-12T23:45:28.266-0400] {processor.py:840} INFO - DAG(s) 'example_setup_teardown' retrieved from /home/ironbong_jr/mlops/project/project/lib/python3.10/site-packages/airflow/example_dags/example_setup_teardown.py
[2024-03-12T23:45:28.287-0400] {logging_mixin.py:188} INFO - [2024-03-12T23:45:28.287-0400] {dag.py:3047} INFO - Sync 1 DAGs
[2024-03-12T23:45:28.314-0400] {logging_mixin.py:188} INFO - [2024-03-12T23:45:28.314-0400] {dag.py:3834} INFO - Setting next_dagrun for example_setup_teardown to 2024-03-12 00:00:00+00:00, run_after=2024-03-13 00:00:00+00:00
[2024-03-12T23:45:28.354-0400] {processor.py:183} INFO - Processing /home/ironbong_jr/mlops/project/project/lib/python3.10/site-packages/airflow/example_dags/example_setup_teardown.py took 0.181 seconds
[2024-03-12T23:47:26.685-0400] {processor.py:161} INFO - Started process (PID=423097) to work on /home/ironbong_jr/mlops/project/project/lib/python3.10/site-packages/airflow/example_dags/example_setup_teardown.py
[2024-03-12T23:47:26.738-0400] {processor.py:830} INFO - Processing file /home/ironbong_jr/mlops/project/project/lib/python3.10/site-packages/airflow/example_dags/example_setup_teardown.py for tasks to queue
[2024-03-12T23:47:26.742-0400] {logging_mixin.py:188} INFO - [2024-03-12T23:47:26.741-0400] {dagbag.py:540} INFO - Filling up the DagBag from /home/ironbong_jr/mlops/project/project/lib/python3.10/site-packages/airflow/example_dags/example_setup_teardown.py
[2024-03-12T23:47:26.761-0400] {processor.py:840} INFO - DAG(s) 'example_setup_teardown' retrieved from /home/ironbong_jr/mlops/project/project/lib/python3.10/site-packages/airflow/example_dags/example_setup_teardown.py
[2024-03-12T23:47:26.807-0400] {logging_mixin.py:188} INFO - [2024-03-12T23:47:26.806-0400] {dag.py:3047} INFO - Sync 1 DAGs
[2024-03-12T23:47:26.878-0400] {logging_mixin.py:188} INFO - [2024-03-12T23:47:26.876-0400] {dag.py:3834} INFO - Setting next_dagrun for example_setup_teardown to 2024-03-12 00:00:00+00:00, run_after=2024-03-13 00:00:00+00:00
[2024-03-12T23:47:26.991-0400] {processor.py:183} INFO - Processing /home/ironbong_jr/mlops/project/project/lib/python3.10/site-packages/airflow/example_dags/example_setup_teardown.py took 0.316 seconds
[2024-03-12T23:49:14.808-0400] {processor.py:161} INFO - Started process (PID=423574) to work on /home/ironbong_jr/mlops/project/project/lib/python3.10/site-packages/airflow/example_dags/example_setup_teardown.py
[2024-03-12T23:49:14.854-0400] {processor.py:830} INFO - Processing file /home/ironbong_jr/mlops/project/project/lib/python3.10/site-packages/airflow/example_dags/example_setup_teardown.py for tasks to queue
[2024-03-12T23:49:14.857-0400] {logging_mixin.py:188} INFO - [2024-03-12T23:49:14.856-0400] {dagbag.py:540} INFO - Filling up the DagBag from /home/ironbong_jr/mlops/project/project/lib/python3.10/site-packages/airflow/example_dags/example_setup_teardown.py
[2024-03-12T23:49:14.875-0400] {processor.py:840} INFO - DAG(s) 'example_setup_teardown' retrieved from /home/ironbong_jr/mlops/project/project/lib/python3.10/site-packages/airflow/example_dags/example_setup_teardown.py
[2024-03-12T23:49:14.916-0400] {logging_mixin.py:188} INFO - [2024-03-12T23:49:14.916-0400] {dag.py:3047} INFO - Sync 1 DAGs
[2024-03-12T23:49:14.960-0400] {logging_mixin.py:188} INFO - [2024-03-12T23:49:14.959-0400] {dag.py:3834} INFO - Setting next_dagrun for example_setup_teardown to 2024-03-12 00:00:00+00:00, run_after=2024-03-13 00:00:00+00:00
[2024-03-12T23:49:15.095-0400] {processor.py:183} INFO - Processing /home/ironbong_jr/mlops/project/project/lib/python3.10/site-packages/airflow/example_dags/example_setup_teardown.py took 0.294 seconds
[2024-03-12T23:50:41.154-0400] {processor.py:161} INFO - Started process (PID=424035) to work on /home/ironbong_jr/mlops/project/project/lib/python3.10/site-packages/airflow/example_dags/example_setup_teardown.py
[2024-03-12T23:50:41.203-0400] {processor.py:830} INFO - Processing file /home/ironbong_jr/mlops/project/project/lib/python3.10/site-packages/airflow/example_dags/example_setup_teardown.py for tasks to queue
[2024-03-12T23:50:41.206-0400] {logging_mixin.py:188} INFO - [2024-03-12T23:50:41.205-0400] {dagbag.py:540} INFO - Filling up the DagBag from /home/ironbong_jr/mlops/project/project/lib/python3.10/site-packages/airflow/example_dags/example_setup_teardown.py
[2024-03-12T23:50:41.221-0400] {processor.py:840} INFO - DAG(s) 'example_setup_teardown' retrieved from /home/ironbong_jr/mlops/project/project/lib/python3.10/site-packages/airflow/example_dags/example_setup_teardown.py
[2024-03-12T23:50:41.245-0400] {logging_mixin.py:188} INFO - [2024-03-12T23:50:41.245-0400] {dag.py:3047} INFO - Sync 1 DAGs
[2024-03-12T23:50:41.277-0400] {logging_mixin.py:188} INFO - [2024-03-12T23:50:41.276-0400] {dag.py:3834} INFO - Setting next_dagrun for example_setup_teardown to 2024-03-12 00:00:00+00:00, run_after=2024-03-13 00:00:00+00:00
[2024-03-12T23:50:41.325-0400] {processor.py:183} INFO - Processing /home/ironbong_jr/mlops/project/project/lib/python3.10/site-packages/airflow/example_dags/example_setup_teardown.py took 0.178 seconds
[2024-03-12T23:52:06.652-0400] {processor.py:161} INFO - Started process (PID=424427) to work on /home/ironbong_jr/mlops/project/project/lib/python3.10/site-packages/airflow/example_dags/example_setup_teardown.py
[2024-03-12T23:52:06.655-0400] {processor.py:830} INFO - Processing file /home/ironbong_jr/mlops/project/project/lib/python3.10/site-packages/airflow/example_dags/example_setup_teardown.py for tasks to queue
[2024-03-12T23:52:06.656-0400] {logging_mixin.py:188} INFO - [2024-03-12T23:52:06.656-0400] {dagbag.py:540} INFO - Filling up the DagBag from /home/ironbong_jr/mlops/project/project/lib/python3.10/site-packages/airflow/example_dags/example_setup_teardown.py
[2024-03-12T23:52:06.667-0400] {processor.py:840} INFO - DAG(s) 'example_setup_teardown' retrieved from /home/ironbong_jr/mlops/project/project/lib/python3.10/site-packages/airflow/example_dags/example_setup_teardown.py
[2024-03-12T23:52:06.687-0400] {logging_mixin.py:188} INFO - [2024-03-12T23:52:06.687-0400] {dag.py:3047} INFO - Sync 1 DAGs
[2024-03-12T23:52:06.711-0400] {logging_mixin.py:188} INFO - [2024-03-12T23:52:06.711-0400] {dag.py:3834} INFO - Setting next_dagrun for example_setup_teardown to 2024-03-12 00:00:00+00:00, run_after=2024-03-13 00:00:00+00:00
[2024-03-12T23:52:06.754-0400] {processor.py:183} INFO - Processing /home/ironbong_jr/mlops/project/project/lib/python3.10/site-packages/airflow/example_dags/example_setup_teardown.py took 0.106 seconds
[2024-03-12T23:53:33.005-0400] {processor.py:161} INFO - Started process (PID=424963) to work on /home/ironbong_jr/mlops/project/project/lib/python3.10/site-packages/airflow/example_dags/example_setup_teardown.py
[2024-03-12T23:53:33.009-0400] {processor.py:830} INFO - Processing file /home/ironbong_jr/mlops/project/project/lib/python3.10/site-packages/airflow/example_dags/example_setup_teardown.py for tasks to queue
[2024-03-12T23:53:33.012-0400] {logging_mixin.py:188} INFO - [2024-03-12T23:53:33.011-0400] {dagbag.py:540} INFO - Filling up the DagBag from /home/ironbong_jr/mlops/project/project/lib/python3.10/site-packages/airflow/example_dags/example_setup_teardown.py
[2024-03-12T23:53:33.028-0400] {processor.py:840} INFO - DAG(s) 'example_setup_teardown' retrieved from /home/ironbong_jr/mlops/project/project/lib/python3.10/site-packages/airflow/example_dags/example_setup_teardown.py
[2024-03-12T23:53:33.058-0400] {logging_mixin.py:188} INFO - [2024-03-12T23:53:33.058-0400] {dag.py:3047} INFO - Sync 1 DAGs
[2024-03-12T23:53:33.097-0400] {logging_mixin.py:188} INFO - [2024-03-12T23:53:33.097-0400] {dag.py:3834} INFO - Setting next_dagrun for example_setup_teardown to 2024-03-12 00:00:00+00:00, run_after=2024-03-13 00:00:00+00:00
[2024-03-12T23:53:33.215-0400] {processor.py:183} INFO - Processing /home/ironbong_jr/mlops/project/project/lib/python3.10/site-packages/airflow/example_dags/example_setup_teardown.py took 0.219 seconds
[2024-03-12T23:55:10.402-0400] {processor.py:161} INFO - Started process (PID=425385) to work on /home/ironbong_jr/mlops/project/project/lib/python3.10/site-packages/airflow/example_dags/example_setup_teardown.py
[2024-03-12T23:55:10.453-0400] {processor.py:830} INFO - Processing file /home/ironbong_jr/mlops/project/project/lib/python3.10/site-packages/airflow/example_dags/example_setup_teardown.py for tasks to queue
[2024-03-12T23:55:10.457-0400] {logging_mixin.py:188} INFO - [2024-03-12T23:55:10.456-0400] {dagbag.py:540} INFO - Filling up the DagBag from /home/ironbong_jr/mlops/project/project/lib/python3.10/site-packages/airflow/example_dags/example_setup_teardown.py
[2024-03-12T23:55:10.472-0400] {processor.py:840} INFO - DAG(s) 'example_setup_teardown' retrieved from /home/ironbong_jr/mlops/project/project/lib/python3.10/site-packages/airflow/example_dags/example_setup_teardown.py
[2024-03-12T23:55:10.496-0400] {logging_mixin.py:188} INFO - [2024-03-12T23:55:10.496-0400] {dag.py:3047} INFO - Sync 1 DAGs
[2024-03-12T23:55:10.526-0400] {logging_mixin.py:188} INFO - [2024-03-12T23:55:10.526-0400] {dag.py:3834} INFO - Setting next_dagrun for example_setup_teardown to 2024-03-12 00:00:00+00:00, run_after=2024-03-13 00:00:00+00:00
[2024-03-12T23:55:10.572-0400] {processor.py:183} INFO - Processing /home/ironbong_jr/mlops/project/project/lib/python3.10/site-packages/airflow/example_dags/example_setup_teardown.py took 0.176 seconds
[2024-03-13T00:29:57.368-0400] {processor.py:161} INFO - Started process (PID=432801) to work on /home/ironbong_jr/mlops/project/project/lib/python3.10/site-packages/airflow/example_dags/example_setup_teardown.py
[2024-03-13T00:29:57.418-0400] {processor.py:830} INFO - Processing file /home/ironbong_jr/mlops/project/project/lib/python3.10/site-packages/airflow/example_dags/example_setup_teardown.py for tasks to queue
[2024-03-13T00:29:57.421-0400] {logging_mixin.py:188} INFO - [2024-03-13T00:29:57.420-0400] {dagbag.py:540} INFO - Filling up the DagBag from /home/ironbong_jr/mlops/project/project/lib/python3.10/site-packages/airflow/example_dags/example_setup_teardown.py
[2024-03-13T00:29:57.459-0400] {processor.py:840} INFO - DAG(s) 'example_setup_teardown' retrieved from /home/ironbong_jr/mlops/project/project/lib/python3.10/site-packages/airflow/example_dags/example_setup_teardown.py
[2024-03-13T00:29:57.885-0400] {logging_mixin.py:188} INFO - [2024-03-13T00:29:57.885-0400] {dag.py:3047} INFO - Sync 1 DAGs
[2024-03-13T00:29:57.911-0400] {logging_mixin.py:188} INFO - [2024-03-13T00:29:57.910-0400] {dag.py:3834} INFO - Setting next_dagrun for example_setup_teardown to 2024-03-12 00:00:00+00:00, run_after=2024-03-13 00:00:00+00:00
[2024-03-13T00:29:58.056-0400] {processor.py:183} INFO - Processing /home/ironbong_jr/mlops/project/project/lib/python3.10/site-packages/airflow/example_dags/example_setup_teardown.py took 0.696 seconds
[2024-03-13T00:31:25.632-0400] {processor.py:161} INFO - Started process (PID=433188) to work on /home/ironbong_jr/mlops/project/project/lib/python3.10/site-packages/airflow/example_dags/example_setup_teardown.py
[2024-03-13T00:31:25.684-0400] {processor.py:830} INFO - Processing file /home/ironbong_jr/mlops/project/project/lib/python3.10/site-packages/airflow/example_dags/example_setup_teardown.py for tasks to queue
[2024-03-13T00:31:25.687-0400] {logging_mixin.py:188} INFO - [2024-03-13T00:31:25.686-0400] {dagbag.py:540} INFO - Filling up the DagBag from /home/ironbong_jr/mlops/project/project/lib/python3.10/site-packages/airflow/example_dags/example_setup_teardown.py
[2024-03-13T00:31:25.704-0400] {processor.py:840} INFO - DAG(s) 'example_setup_teardown' retrieved from /home/ironbong_jr/mlops/project/project/lib/python3.10/site-packages/airflow/example_dags/example_setup_teardown.py
[2024-03-13T00:31:25.729-0400] {logging_mixin.py:188} INFO - [2024-03-13T00:31:25.728-0400] {dag.py:3047} INFO - Sync 1 DAGs
[2024-03-13T00:31:25.762-0400] {logging_mixin.py:188} INFO - [2024-03-13T00:31:25.761-0400] {dag.py:3834} INFO - Setting next_dagrun for example_setup_teardown to 2024-03-12 00:00:00+00:00, run_after=2024-03-13 00:00:00+00:00
[2024-03-13T00:31:26.027-0400] {processor.py:183} INFO - Processing /home/ironbong_jr/mlops/project/project/lib/python3.10/site-packages/airflow/example_dags/example_setup_teardown.py took 0.400 seconds
[2024-03-13T00:35:46.016-0400] {processor.py:161} INFO - Started process (PID=434296) to work on /home/ironbong_jr/mlops/project/project/lib/python3.10/site-packages/airflow/example_dags/example_setup_teardown.py
[2024-03-13T00:35:46.019-0400] {processor.py:830} INFO - Processing file /home/ironbong_jr/mlops/project/project/lib/python3.10/site-packages/airflow/example_dags/example_setup_teardown.py for tasks to queue
[2024-03-13T00:35:46.021-0400] {logging_mixin.py:188} INFO - [2024-03-13T00:35:46.021-0400] {dagbag.py:540} INFO - Filling up the DagBag from /home/ironbong_jr/mlops/project/project/lib/python3.10/site-packages/airflow/example_dags/example_setup_teardown.py
[2024-03-13T00:35:46.032-0400] {processor.py:840} INFO - DAG(s) 'example_setup_teardown' retrieved from /home/ironbong_jr/mlops/project/project/lib/python3.10/site-packages/airflow/example_dags/example_setup_teardown.py
[2024-03-13T00:35:46.073-0400] {logging_mixin.py:188} INFO - [2024-03-13T00:35:46.072-0400] {dag.py:3047} INFO - Sync 1 DAGs
[2024-03-13T00:35:46.102-0400] {logging_mixin.py:188} INFO - [2024-03-13T00:35:46.102-0400] {dag.py:3834} INFO - Setting next_dagrun for example_setup_teardown to 2024-03-12 00:00:00+00:00, run_after=2024-03-13 00:00:00+00:00
[2024-03-13T00:35:46.145-0400] {processor.py:183} INFO - Processing /home/ironbong_jr/mlops/project/project/lib/python3.10/site-packages/airflow/example_dags/example_setup_teardown.py took 0.135 seconds
[2024-03-13T00:37:03.041-0400] {processor.py:161} INFO - Started process (PID=434631) to work on /home/ironbong_jr/mlops/project/project/lib/python3.10/site-packages/airflow/example_dags/example_setup_teardown.py
[2024-03-13T00:37:03.044-0400] {processor.py:830} INFO - Processing file /home/ironbong_jr/mlops/project/project/lib/python3.10/site-packages/airflow/example_dags/example_setup_teardown.py for tasks to queue
[2024-03-13T00:37:03.046-0400] {logging_mixin.py:188} INFO - [2024-03-13T00:37:03.045-0400] {dagbag.py:540} INFO - Filling up the DagBag from /home/ironbong_jr/mlops/project/project/lib/python3.10/site-packages/airflow/example_dags/example_setup_teardown.py
[2024-03-13T00:37:03.070-0400] {processor.py:840} INFO - DAG(s) 'example_setup_teardown' retrieved from /home/ironbong_jr/mlops/project/project/lib/python3.10/site-packages/airflow/example_dags/example_setup_teardown.py
[2024-03-13T00:37:03.097-0400] {logging_mixin.py:188} INFO - [2024-03-13T00:37:03.097-0400] {dag.py:3047} INFO - Sync 1 DAGs
[2024-03-13T00:37:03.125-0400] {logging_mixin.py:188} INFO - [2024-03-13T00:37:03.124-0400] {dag.py:3834} INFO - Setting next_dagrun for example_setup_teardown to 2024-03-12 00:00:00+00:00, run_after=2024-03-13 00:00:00+00:00
[2024-03-13T00:37:03.170-0400] {processor.py:183} INFO - Processing /home/ironbong_jr/mlops/project/project/lib/python3.10/site-packages/airflow/example_dags/example_setup_teardown.py took 0.135 seconds
[2024-03-13T00:39:13.105-0400] {processor.py:161} INFO - Started process (PID=435264) to work on /home/ironbong_jr/mlops/project/project/lib/python3.10/site-packages/airflow/example_dags/example_setup_teardown.py
[2024-03-13T00:39:13.156-0400] {processor.py:830} INFO - Processing file /home/ironbong_jr/mlops/project/project/lib/python3.10/site-packages/airflow/example_dags/example_setup_teardown.py for tasks to queue
[2024-03-13T00:39:13.159-0400] {logging_mixin.py:188} INFO - [2024-03-13T00:39:13.158-0400] {dagbag.py:540} INFO - Filling up the DagBag from /home/ironbong_jr/mlops/project/project/lib/python3.10/site-packages/airflow/example_dags/example_setup_teardown.py
[2024-03-13T00:39:13.173-0400] {processor.py:840} INFO - DAG(s) 'example_setup_teardown' retrieved from /home/ironbong_jr/mlops/project/project/lib/python3.10/site-packages/airflow/example_dags/example_setup_teardown.py
[2024-03-13T00:39:13.206-0400] {logging_mixin.py:188} INFO - [2024-03-13T00:39:13.205-0400] {dag.py:3047} INFO - Sync 1 DAGs
[2024-03-13T00:39:13.239-0400] {logging_mixin.py:188} INFO - [2024-03-13T00:39:13.238-0400] {dag.py:3834} INFO - Setting next_dagrun for example_setup_teardown to 2024-03-12 00:00:00+00:00, run_after=2024-03-13 00:00:00+00:00
[2024-03-13T00:39:13.342-0400] {processor.py:183} INFO - Processing /home/ironbong_jr/mlops/project/project/lib/python3.10/site-packages/airflow/example_dags/example_setup_teardown.py took 0.245 seconds
[2024-03-13T00:40:47.697-0400] {processor.py:161} INFO - Started process (PID=435688) to work on /home/ironbong_jr/mlops/project/project/lib/python3.10/site-packages/airflow/example_dags/example_setup_teardown.py
[2024-03-13T00:40:47.760-0400] {processor.py:830} INFO - Processing file /home/ironbong_jr/mlops/project/project/lib/python3.10/site-packages/airflow/example_dags/example_setup_teardown.py for tasks to queue
[2024-03-13T00:40:47.762-0400] {logging_mixin.py:188} INFO - [2024-03-13T00:40:47.761-0400] {dagbag.py:540} INFO - Filling up the DagBag from /home/ironbong_jr/mlops/project/project/lib/python3.10/site-packages/airflow/example_dags/example_setup_teardown.py
[2024-03-13T00:40:47.779-0400] {processor.py:840} INFO - DAG(s) 'example_setup_teardown' retrieved from /home/ironbong_jr/mlops/project/project/lib/python3.10/site-packages/airflow/example_dags/example_setup_teardown.py
[2024-03-13T00:40:47.814-0400] {logging_mixin.py:188} INFO - [2024-03-13T00:40:47.814-0400] {dag.py:3047} INFO - Sync 1 DAGs
[2024-03-13T00:40:47.844-0400] {logging_mixin.py:188} INFO - [2024-03-13T00:40:47.844-0400] {dag.py:3834} INFO - Setting next_dagrun for example_setup_teardown to 2024-03-12 00:00:00+00:00, run_after=2024-03-13 00:00:00+00:00
[2024-03-13T00:40:47.878-0400] {processor.py:183} INFO - Processing /home/ironbong_jr/mlops/project/project/lib/python3.10/site-packages/airflow/example_dags/example_setup_teardown.py took 0.201 seconds
[2024-03-13T00:44:04.296-0400] {processor.py:161} INFO - Started process (PID=436599) to work on /home/ironbong_jr/mlops/project/project/lib/python3.10/site-packages/airflow/example_dags/example_setup_teardown.py
[2024-03-13T00:44:04.301-0400] {processor.py:830} INFO - Processing file /home/ironbong_jr/mlops/project/project/lib/python3.10/site-packages/airflow/example_dags/example_setup_teardown.py for tasks to queue
[2024-03-13T00:44:04.302-0400] {logging_mixin.py:188} INFO - [2024-03-13T00:44:04.301-0400] {dagbag.py:540} INFO - Filling up the DagBag from /home/ironbong_jr/mlops/project/project/lib/python3.10/site-packages/airflow/example_dags/example_setup_teardown.py
[2024-03-13T00:44:04.312-0400] {processor.py:840} INFO - DAG(s) 'example_setup_teardown' retrieved from /home/ironbong_jr/mlops/project/project/lib/python3.10/site-packages/airflow/example_dags/example_setup_teardown.py
[2024-03-13T00:44:04.337-0400] {logging_mixin.py:188} INFO - [2024-03-13T00:44:04.336-0400] {dag.py:3047} INFO - Sync 1 DAGs
[2024-03-13T00:44:04.367-0400] {logging_mixin.py:188} INFO - [2024-03-13T00:44:04.367-0400] {dag.py:3834} INFO - Setting next_dagrun for example_setup_teardown to 2024-03-12 00:00:00+00:00, run_after=2024-03-13 00:00:00+00:00
[2024-03-13T00:44:04.404-0400] {processor.py:183} INFO - Processing /home/ironbong_jr/mlops/project/project/lib/python3.10/site-packages/airflow/example_dags/example_setup_teardown.py took 0.112 seconds
[2024-03-13T00:45:25.242-0400] {processor.py:161} INFO - Started process (PID=436947) to work on /home/ironbong_jr/mlops/project/project/lib/python3.10/site-packages/airflow/example_dags/example_setup_teardown.py
[2024-03-13T00:45:25.292-0400] {processor.py:830} INFO - Processing file /home/ironbong_jr/mlops/project/project/lib/python3.10/site-packages/airflow/example_dags/example_setup_teardown.py for tasks to queue
[2024-03-13T00:45:25.295-0400] {logging_mixin.py:188} INFO - [2024-03-13T00:45:25.294-0400] {dagbag.py:540} INFO - Filling up the DagBag from /home/ironbong_jr/mlops/project/project/lib/python3.10/site-packages/airflow/example_dags/example_setup_teardown.py
[2024-03-13T00:45:25.308-0400] {processor.py:840} INFO - DAG(s) 'example_setup_teardown' retrieved from /home/ironbong_jr/mlops/project/project/lib/python3.10/site-packages/airflow/example_dags/example_setup_teardown.py
[2024-03-13T00:45:25.330-0400] {logging_mixin.py:188} INFO - [2024-03-13T00:45:25.330-0400] {dag.py:3047} INFO - Sync 1 DAGs
[2024-03-13T00:45:25.352-0400] {logging_mixin.py:188} INFO - [2024-03-13T00:45:25.352-0400] {dag.py:3834} INFO - Setting next_dagrun for example_setup_teardown to 2024-03-12 00:00:00+00:00, run_after=2024-03-13 00:00:00+00:00
[2024-03-13T00:45:25.390-0400] {processor.py:183} INFO - Processing /home/ironbong_jr/mlops/project/project/lib/python3.10/site-packages/airflow/example_dags/example_setup_teardown.py took 0.154 seconds
[2024-03-13T15:49:12.043-0400] {processor.py:161} INFO - Started process (PID=453728) to work on /home/ironbong_jr/mlops/project/project/lib/python3.10/site-packages/airflow/example_dags/example_setup_teardown.py
[2024-03-13T15:49:12.047-0400] {processor.py:830} INFO - Processing file /home/ironbong_jr/mlops/project/project/lib/python3.10/site-packages/airflow/example_dags/example_setup_teardown.py for tasks to queue
[2024-03-13T15:49:12.048-0400] {logging_mixin.py:188} INFO - [2024-03-13T15:49:12.047-0400] {dagbag.py:540} INFO - Filling up the DagBag from /home/ironbong_jr/mlops/project/project/lib/python3.10/site-packages/airflow/example_dags/example_setup_teardown.py
[2024-03-13T15:49:12.053-0400] {processor.py:840} INFO - DAG(s) 'example_setup_teardown' retrieved from /home/ironbong_jr/mlops/project/project/lib/python3.10/site-packages/airflow/example_dags/example_setup_teardown.py
[2024-03-13T15:49:12.155-0400] {logging_mixin.py:188} INFO - [2024-03-13T15:49:12.155-0400] {dag.py:3047} INFO - Sync 1 DAGs
[2024-03-13T15:49:12.162-0400] {logging_mixin.py:188} INFO - [2024-03-13T15:49:12.162-0400] {dag.py:3834} INFO - Setting next_dagrun for example_setup_teardown to 2024-03-12 00:00:00+00:00, run_after=2024-03-13 00:00:00+00:00
[2024-03-13T15:49:12.182-0400] {processor.py:183} INFO - Processing /home/ironbong_jr/mlops/project/project/lib/python3.10/site-packages/airflow/example_dags/example_setup_teardown.py took 0.141 seconds
[2024-03-13T15:51:20.561-0400] {processor.py:161} INFO - Started process (PID=454459) to work on /home/ironbong_jr/mlops/project/project/lib/python3.10/site-packages/airflow/example_dags/example_setup_teardown.py
[2024-03-13T15:51:20.563-0400] {processor.py:830} INFO - Processing file /home/ironbong_jr/mlops/project/project/lib/python3.10/site-packages/airflow/example_dags/example_setup_teardown.py for tasks to queue
[2024-03-13T15:51:20.564-0400] {logging_mixin.py:188} INFO - [2024-03-13T15:51:20.564-0400] {dagbag.py:540} INFO - Filling up the DagBag from /home/ironbong_jr/mlops/project/project/lib/python3.10/site-packages/airflow/example_dags/example_setup_teardown.py
[2024-03-13T15:51:20.568-0400] {processor.py:840} INFO - DAG(s) 'example_setup_teardown' retrieved from /home/ironbong_jr/mlops/project/project/lib/python3.10/site-packages/airflow/example_dags/example_setup_teardown.py
[2024-03-13T15:51:20.640-0400] {logging_mixin.py:188} INFO - [2024-03-13T15:51:20.640-0400] {dag.py:3047} INFO - Sync 1 DAGs
[2024-03-13T15:51:20.649-0400] {logging_mixin.py:188} INFO - [2024-03-13T15:51:20.649-0400] {dag.py:3834} INFO - Setting next_dagrun for example_setup_teardown to 2024-03-12 00:00:00+00:00, run_after=2024-03-13 00:00:00+00:00
[2024-03-13T15:51:20.669-0400] {processor.py:183} INFO - Processing /home/ironbong_jr/mlops/project/project/lib/python3.10/site-packages/airflow/example_dags/example_setup_teardown.py took 0.110 seconds
[2024-03-13T15:52:16.943-0400] {processor.py:161} INFO - Started process (PID=454751) to work on /home/ironbong_jr/mlops/project/project/lib/python3.10/site-packages/airflow/example_dags/example_setup_teardown.py
[2024-03-13T15:52:16.947-0400] {processor.py:830} INFO - Processing file /home/ironbong_jr/mlops/project/project/lib/python3.10/site-packages/airflow/example_dags/example_setup_teardown.py for tasks to queue
[2024-03-13T15:52:16.948-0400] {logging_mixin.py:188} INFO - [2024-03-13T15:52:16.947-0400] {dagbag.py:540} INFO - Filling up the DagBag from /home/ironbong_jr/mlops/project/project/lib/python3.10/site-packages/airflow/example_dags/example_setup_teardown.py
[2024-03-13T15:52:16.954-0400] {processor.py:840} INFO - DAG(s) 'example_setup_teardown' retrieved from /home/ironbong_jr/mlops/project/project/lib/python3.10/site-packages/airflow/example_dags/example_setup_teardown.py
[2024-03-13T15:52:16.967-0400] {logging_mixin.py:188} INFO - [2024-03-13T15:52:16.967-0400] {dag.py:3047} INFO - Sync 1 DAGs
[2024-03-13T15:52:16.982-0400] {logging_mixin.py:188} INFO - [2024-03-13T15:52:16.982-0400] {dag.py:3834} INFO - Setting next_dagrun for example_setup_teardown to 2024-03-12 00:00:00+00:00, run_after=2024-03-13 00:00:00+00:00
[2024-03-13T15:52:17.007-0400] {processor.py:183} INFO - Processing /home/ironbong_jr/mlops/project/project/lib/python3.10/site-packages/airflow/example_dags/example_setup_teardown.py took 0.066 seconds
[2024-03-13T15:53:11.654-0400] {processor.py:161} INFO - Started process (PID=455049) to work on /home/ironbong_jr/mlops/project/project/lib/python3.10/site-packages/airflow/example_dags/example_setup_teardown.py
[2024-03-13T15:53:11.657-0400] {processor.py:830} INFO - Processing file /home/ironbong_jr/mlops/project/project/lib/python3.10/site-packages/airflow/example_dags/example_setup_teardown.py for tasks to queue
[2024-03-13T15:53:11.658-0400] {logging_mixin.py:188} INFO - [2024-03-13T15:53:11.658-0400] {dagbag.py:540} INFO - Filling up the DagBag from /home/ironbong_jr/mlops/project/project/lib/python3.10/site-packages/airflow/example_dags/example_setup_teardown.py
[2024-03-13T15:53:11.663-0400] {processor.py:840} INFO - DAG(s) 'example_setup_teardown' retrieved from /home/ironbong_jr/mlops/project/project/lib/python3.10/site-packages/airflow/example_dags/example_setup_teardown.py
[2024-03-13T15:53:11.672-0400] {logging_mixin.py:188} INFO - [2024-03-13T15:53:11.672-0400] {dag.py:3047} INFO - Sync 1 DAGs
[2024-03-13T15:53:11.683-0400] {logging_mixin.py:188} INFO - [2024-03-13T15:53:11.683-0400] {dag.py:3834} INFO - Setting next_dagrun for example_setup_teardown to 2024-03-12 00:00:00+00:00, run_after=2024-03-13 00:00:00+00:00
[2024-03-13T15:53:11.711-0400] {processor.py:183} INFO - Processing /home/ironbong_jr/mlops/project/project/lib/python3.10/site-packages/airflow/example_dags/example_setup_teardown.py took 0.059 seconds
[2024-03-13T15:54:04.842-0400] {processor.py:161} INFO - Started process (PID=455295) to work on /home/ironbong_jr/mlops/project/project/lib/python3.10/site-packages/airflow/example_dags/example_setup_teardown.py
[2024-03-13T15:54:04.845-0400] {processor.py:830} INFO - Processing file /home/ironbong_jr/mlops/project/project/lib/python3.10/site-packages/airflow/example_dags/example_setup_teardown.py for tasks to queue
[2024-03-13T15:54:04.846-0400] {logging_mixin.py:188} INFO - [2024-03-13T15:54:04.846-0400] {dagbag.py:540} INFO - Filling up the DagBag from /home/ironbong_jr/mlops/project/project/lib/python3.10/site-packages/airflow/example_dags/example_setup_teardown.py
[2024-03-13T15:54:04.853-0400] {processor.py:840} INFO - DAG(s) 'example_setup_teardown' retrieved from /home/ironbong_jr/mlops/project/project/lib/python3.10/site-packages/airflow/example_dags/example_setup_teardown.py
[2024-03-13T15:54:04.865-0400] {logging_mixin.py:188} INFO - [2024-03-13T15:54:04.865-0400] {dag.py:3047} INFO - Sync 1 DAGs
[2024-03-13T15:54:04.878-0400] {logging_mixin.py:188} INFO - [2024-03-13T15:54:04.878-0400] {dag.py:3834} INFO - Setting next_dagrun for example_setup_teardown to 2024-03-12 00:00:00+00:00, run_after=2024-03-13 00:00:00+00:00
[2024-03-13T15:54:04.900-0400] {processor.py:183} INFO - Processing /home/ironbong_jr/mlops/project/project/lib/python3.10/site-packages/airflow/example_dags/example_setup_teardown.py took 0.060 seconds
[2024-03-13T15:54:58.147-0400] {processor.py:161} INFO - Started process (PID=455560) to work on /home/ironbong_jr/mlops/project/project/lib/python3.10/site-packages/airflow/example_dags/example_setup_teardown.py
[2024-03-13T15:54:58.151-0400] {processor.py:830} INFO - Processing file /home/ironbong_jr/mlops/project/project/lib/python3.10/site-packages/airflow/example_dags/example_setup_teardown.py for tasks to queue
[2024-03-13T15:54:58.152-0400] {logging_mixin.py:188} INFO - [2024-03-13T15:54:58.152-0400] {dagbag.py:540} INFO - Filling up the DagBag from /home/ironbong_jr/mlops/project/project/lib/python3.10/site-packages/airflow/example_dags/example_setup_teardown.py
[2024-03-13T15:54:58.158-0400] {processor.py:840} INFO - DAG(s) 'example_setup_teardown' retrieved from /home/ironbong_jr/mlops/project/project/lib/python3.10/site-packages/airflow/example_dags/example_setup_teardown.py
[2024-03-13T15:54:58.172-0400] {logging_mixin.py:188} INFO - [2024-03-13T15:54:58.172-0400] {dag.py:3047} INFO - Sync 1 DAGs
[2024-03-13T15:54:58.184-0400] {logging_mixin.py:188} INFO - [2024-03-13T15:54:58.184-0400] {dag.py:3834} INFO - Setting next_dagrun for example_setup_teardown to 2024-03-12 00:00:00+00:00, run_after=2024-03-13 00:00:00+00:00
[2024-03-13T15:54:58.208-0400] {processor.py:183} INFO - Processing /home/ironbong_jr/mlops/project/project/lib/python3.10/site-packages/airflow/example_dags/example_setup_teardown.py took 0.063 seconds
[2024-03-13T15:55:49.436-0400] {processor.py:161} INFO - Started process (PID=455830) to work on /home/ironbong_jr/mlops/project/project/lib/python3.10/site-packages/airflow/example_dags/example_setup_teardown.py
[2024-03-13T15:55:49.439-0400] {processor.py:830} INFO - Processing file /home/ironbong_jr/mlops/project/project/lib/python3.10/site-packages/airflow/example_dags/example_setup_teardown.py for tasks to queue
[2024-03-13T15:55:49.440-0400] {logging_mixin.py:188} INFO - [2024-03-13T15:55:49.440-0400] {dagbag.py:540} INFO - Filling up the DagBag from /home/ironbong_jr/mlops/project/project/lib/python3.10/site-packages/airflow/example_dags/example_setup_teardown.py
[2024-03-13T15:55:49.446-0400] {processor.py:840} INFO - DAG(s) 'example_setup_teardown' retrieved from /home/ironbong_jr/mlops/project/project/lib/python3.10/site-packages/airflow/example_dags/example_setup_teardown.py
[2024-03-13T15:55:49.458-0400] {logging_mixin.py:188} INFO - [2024-03-13T15:55:49.458-0400] {dag.py:3047} INFO - Sync 1 DAGs
[2024-03-13T15:55:49.473-0400] {logging_mixin.py:188} INFO - [2024-03-13T15:55:49.473-0400] {dag.py:3834} INFO - Setting next_dagrun for example_setup_teardown to 2024-03-12 00:00:00+00:00, run_after=2024-03-13 00:00:00+00:00
[2024-03-13T15:55:49.498-0400] {processor.py:183} INFO - Processing /home/ironbong_jr/mlops/project/project/lib/python3.10/site-packages/airflow/example_dags/example_setup_teardown.py took 0.065 seconds
[2024-03-13T15:56:39.899-0400] {processor.py:161} INFO - Started process (PID=456080) to work on /home/ironbong_jr/mlops/project/project/lib/python3.10/site-packages/airflow/example_dags/example_setup_teardown.py
[2024-03-13T15:56:39.903-0400] {processor.py:830} INFO - Processing file /home/ironbong_jr/mlops/project/project/lib/python3.10/site-packages/airflow/example_dags/example_setup_teardown.py for tasks to queue
[2024-03-13T15:56:39.903-0400] {logging_mixin.py:188} INFO - [2024-03-13T15:56:39.903-0400] {dagbag.py:540} INFO - Filling up the DagBag from /home/ironbong_jr/mlops/project/project/lib/python3.10/site-packages/airflow/example_dags/example_setup_teardown.py
[2024-03-13T15:56:39.908-0400] {processor.py:840} INFO - DAG(s) 'example_setup_teardown' retrieved from /home/ironbong_jr/mlops/project/project/lib/python3.10/site-packages/airflow/example_dags/example_setup_teardown.py
[2024-03-13T15:56:39.918-0400] {logging_mixin.py:188} INFO - [2024-03-13T15:56:39.918-0400] {dag.py:3047} INFO - Sync 1 DAGs
[2024-03-13T15:56:39.930-0400] {logging_mixin.py:188} INFO - [2024-03-13T15:56:39.929-0400] {dag.py:3834} INFO - Setting next_dagrun for example_setup_teardown to 2024-03-12 00:00:00+00:00, run_after=2024-03-13 00:00:00+00:00
[2024-03-13T15:56:39.953-0400] {processor.py:183} INFO - Processing /home/ironbong_jr/mlops/project/project/lib/python3.10/site-packages/airflow/example_dags/example_setup_teardown.py took 0.056 seconds
[2024-03-13T15:57:29.541-0400] {processor.py:161} INFO - Started process (PID=456363) to work on /home/ironbong_jr/mlops/project/project/lib/python3.10/site-packages/airflow/example_dags/example_setup_teardown.py
[2024-03-13T15:57:29.543-0400] {processor.py:830} INFO - Processing file /home/ironbong_jr/mlops/project/project/lib/python3.10/site-packages/airflow/example_dags/example_setup_teardown.py for tasks to queue
[2024-03-13T15:57:29.544-0400] {logging_mixin.py:188} INFO - [2024-03-13T15:57:29.543-0400] {dagbag.py:540} INFO - Filling up the DagBag from /home/ironbong_jr/mlops/project/project/lib/python3.10/site-packages/airflow/example_dags/example_setup_teardown.py
[2024-03-13T15:57:29.549-0400] {processor.py:840} INFO - DAG(s) 'example_setup_teardown' retrieved from /home/ironbong_jr/mlops/project/project/lib/python3.10/site-packages/airflow/example_dags/example_setup_teardown.py
[2024-03-13T15:57:29.560-0400] {logging_mixin.py:188} INFO - [2024-03-13T15:57:29.560-0400] {dag.py:3047} INFO - Sync 1 DAGs
[2024-03-13T15:57:29.571-0400] {logging_mixin.py:188} INFO - [2024-03-13T15:57:29.571-0400] {dag.py:3834} INFO - Setting next_dagrun for example_setup_teardown to 2024-03-12 00:00:00+00:00, run_after=2024-03-13 00:00:00+00:00
[2024-03-13T15:57:29.596-0400] {processor.py:183} INFO - Processing /home/ironbong_jr/mlops/project/project/lib/python3.10/site-packages/airflow/example_dags/example_setup_teardown.py took 0.057 seconds
[2024-03-13T15:58:21.774-0400] {processor.py:161} INFO - Started process (PID=456654) to work on /home/ironbong_jr/mlops/project/project/lib/python3.10/site-packages/airflow/example_dags/example_setup_teardown.py
[2024-03-13T15:58:21.777-0400] {processor.py:830} INFO - Processing file /home/ironbong_jr/mlops/project/project/lib/python3.10/site-packages/airflow/example_dags/example_setup_teardown.py for tasks to queue
[2024-03-13T15:58:21.778-0400] {logging_mixin.py:188} INFO - [2024-03-13T15:58:21.778-0400] {dagbag.py:540} INFO - Filling up the DagBag from /home/ironbong_jr/mlops/project/project/lib/python3.10/site-packages/airflow/example_dags/example_setup_teardown.py
[2024-03-13T15:58:21.783-0400] {processor.py:840} INFO - DAG(s) 'example_setup_teardown' retrieved from /home/ironbong_jr/mlops/project/project/lib/python3.10/site-packages/airflow/example_dags/example_setup_teardown.py
[2024-03-13T15:58:21.793-0400] {logging_mixin.py:188} INFO - [2024-03-13T15:58:21.793-0400] {dag.py:3047} INFO - Sync 1 DAGs
[2024-03-13T15:58:21.805-0400] {logging_mixin.py:188} INFO - [2024-03-13T15:58:21.804-0400] {dag.py:3834} INFO - Setting next_dagrun for example_setup_teardown to 2024-03-12 00:00:00+00:00, run_after=2024-03-13 00:00:00+00:00
[2024-03-13T15:58:21.833-0400] {processor.py:183} INFO - Processing /home/ironbong_jr/mlops/project/project/lib/python3.10/site-packages/airflow/example_dags/example_setup_teardown.py took 0.061 seconds
[2024-03-13T15:59:12.910-0400] {processor.py:161} INFO - Started process (PID=456897) to work on /home/ironbong_jr/mlops/project/project/lib/python3.10/site-packages/airflow/example_dags/example_setup_teardown.py
[2024-03-13T15:59:12.912-0400] {processor.py:830} INFO - Processing file /home/ironbong_jr/mlops/project/project/lib/python3.10/site-packages/airflow/example_dags/example_setup_teardown.py for tasks to queue
[2024-03-13T15:59:12.912-0400] {logging_mixin.py:188} INFO - [2024-03-13T15:59:12.912-0400] {dagbag.py:540} INFO - Filling up the DagBag from /home/ironbong_jr/mlops/project/project/lib/python3.10/site-packages/airflow/example_dags/example_setup_teardown.py
[2024-03-13T15:59:12.919-0400] {processor.py:840} INFO - DAG(s) 'example_setup_teardown' retrieved from /home/ironbong_jr/mlops/project/project/lib/python3.10/site-packages/airflow/example_dags/example_setup_teardown.py
[2024-03-13T15:59:12.928-0400] {logging_mixin.py:188} INFO - [2024-03-13T15:59:12.928-0400] {dag.py:3047} INFO - Sync 1 DAGs
[2024-03-13T15:59:12.940-0400] {logging_mixin.py:188} INFO - [2024-03-13T15:59:12.940-0400] {dag.py:3834} INFO - Setting next_dagrun for example_setup_teardown to 2024-03-12 00:00:00+00:00, run_after=2024-03-13 00:00:00+00:00
[2024-03-13T15:59:12.961-0400] {processor.py:183} INFO - Processing /home/ironbong_jr/mlops/project/project/lib/python3.10/site-packages/airflow/example_dags/example_setup_teardown.py took 0.053 seconds
[2024-03-13T16:00:04.848-0400] {processor.py:161} INFO - Started process (PID=457153) to work on /home/ironbong_jr/mlops/project/project/lib/python3.10/site-packages/airflow/example_dags/example_setup_teardown.py
[2024-03-13T16:00:04.852-0400] {processor.py:830} INFO - Processing file /home/ironbong_jr/mlops/project/project/lib/python3.10/site-packages/airflow/example_dags/example_setup_teardown.py for tasks to queue
[2024-03-13T16:00:04.852-0400] {logging_mixin.py:188} INFO - [2024-03-13T16:00:04.852-0400] {dagbag.py:540} INFO - Filling up the DagBag from /home/ironbong_jr/mlops/project/project/lib/python3.10/site-packages/airflow/example_dags/example_setup_teardown.py
[2024-03-13T16:00:04.857-0400] {processor.py:840} INFO - DAG(s) 'example_setup_teardown' retrieved from /home/ironbong_jr/mlops/project/project/lib/python3.10/site-packages/airflow/example_dags/example_setup_teardown.py
[2024-03-13T16:00:04.867-0400] {logging_mixin.py:188} INFO - [2024-03-13T16:00:04.867-0400] {dag.py:3047} INFO - Sync 1 DAGs
[2024-03-13T16:00:04.879-0400] {logging_mixin.py:188} INFO - [2024-03-13T16:00:04.879-0400] {dag.py:3834} INFO - Setting next_dagrun for example_setup_teardown to 2024-03-12 00:00:00+00:00, run_after=2024-03-13 00:00:00+00:00
[2024-03-13T16:00:04.901-0400] {processor.py:183} INFO - Processing /home/ironbong_jr/mlops/project/project/lib/python3.10/site-packages/airflow/example_dags/example_setup_teardown.py took 0.055 seconds
[2024-03-13T16:00:54.319-0400] {processor.py:161} INFO - Started process (PID=457403) to work on /home/ironbong_jr/mlops/project/project/lib/python3.10/site-packages/airflow/example_dags/example_setup_teardown.py
[2024-03-13T16:00:54.323-0400] {processor.py:830} INFO - Processing file /home/ironbong_jr/mlops/project/project/lib/python3.10/site-packages/airflow/example_dags/example_setup_teardown.py for tasks to queue
[2024-03-13T16:00:54.323-0400] {logging_mixin.py:188} INFO - [2024-03-13T16:00:54.323-0400] {dagbag.py:540} INFO - Filling up the DagBag from /home/ironbong_jr/mlops/project/project/lib/python3.10/site-packages/airflow/example_dags/example_setup_teardown.py
[2024-03-13T16:00:54.328-0400] {processor.py:840} INFO - DAG(s) 'example_setup_teardown' retrieved from /home/ironbong_jr/mlops/project/project/lib/python3.10/site-packages/airflow/example_dags/example_setup_teardown.py
[2024-03-13T16:00:54.338-0400] {logging_mixin.py:188} INFO - [2024-03-13T16:00:54.337-0400] {dag.py:3047} INFO - Sync 1 DAGs
[2024-03-13T16:00:54.348-0400] {logging_mixin.py:188} INFO - [2024-03-13T16:00:54.348-0400] {dag.py:3834} INFO - Setting next_dagrun for example_setup_teardown to 2024-03-12 00:00:00+00:00, run_after=2024-03-13 00:00:00+00:00
[2024-03-13T16:00:54.370-0400] {processor.py:183} INFO - Processing /home/ironbong_jr/mlops/project/project/lib/python3.10/site-packages/airflow/example_dags/example_setup_teardown.py took 0.054 seconds
[2024-03-13T16:01:45.895-0400] {processor.py:161} INFO - Started process (PID=457670) to work on /home/ironbong_jr/mlops/project/project/lib/python3.10/site-packages/airflow/example_dags/example_setup_teardown.py
[2024-03-13T16:01:45.898-0400] {processor.py:830} INFO - Processing file /home/ironbong_jr/mlops/project/project/lib/python3.10/site-packages/airflow/example_dags/example_setup_teardown.py for tasks to queue
[2024-03-13T16:01:45.899-0400] {logging_mixin.py:188} INFO - [2024-03-13T16:01:45.899-0400] {dagbag.py:540} INFO - Filling up the DagBag from /home/ironbong_jr/mlops/project/project/lib/python3.10/site-packages/airflow/example_dags/example_setup_teardown.py
[2024-03-13T16:01:45.905-0400] {processor.py:840} INFO - DAG(s) 'example_setup_teardown' retrieved from /home/ironbong_jr/mlops/project/project/lib/python3.10/site-packages/airflow/example_dags/example_setup_teardown.py
[2024-03-13T16:01:45.918-0400] {logging_mixin.py:188} INFO - [2024-03-13T16:01:45.918-0400] {dag.py:3047} INFO - Sync 1 DAGs
[2024-03-13T16:01:45.933-0400] {logging_mixin.py:188} INFO - [2024-03-13T16:01:45.933-0400] {dag.py:3834} INFO - Setting next_dagrun for example_setup_teardown to 2024-03-12 00:00:00+00:00, run_after=2024-03-13 00:00:00+00:00
[2024-03-13T16:01:45.958-0400] {processor.py:183} INFO - Processing /home/ironbong_jr/mlops/project/project/lib/python3.10/site-packages/airflow/example_dags/example_setup_teardown.py took 0.066 seconds
[2024-03-13T16:02:35.867-0400] {processor.py:161} INFO - Started process (PID=457937) to work on /home/ironbong_jr/mlops/project/project/lib/python3.10/site-packages/airflow/example_dags/example_setup_teardown.py
[2024-03-13T16:02:35.869-0400] {processor.py:830} INFO - Processing file /home/ironbong_jr/mlops/project/project/lib/python3.10/site-packages/airflow/example_dags/example_setup_teardown.py for tasks to queue
[2024-03-13T16:02:35.869-0400] {logging_mixin.py:188} INFO - [2024-03-13T16:02:35.869-0400] {dagbag.py:540} INFO - Filling up the DagBag from /home/ironbong_jr/mlops/project/project/lib/python3.10/site-packages/airflow/example_dags/example_setup_teardown.py
[2024-03-13T16:02:35.876-0400] {processor.py:840} INFO - DAG(s) 'example_setup_teardown' retrieved from /home/ironbong_jr/mlops/project/project/lib/python3.10/site-packages/airflow/example_dags/example_setup_teardown.py
[2024-03-13T16:02:35.888-0400] {logging_mixin.py:188} INFO - [2024-03-13T16:02:35.887-0400] {dag.py:3047} INFO - Sync 1 DAGs
[2024-03-13T16:02:35.901-0400] {logging_mixin.py:188} INFO - [2024-03-13T16:02:35.901-0400] {dag.py:3834} INFO - Setting next_dagrun for example_setup_teardown to 2024-03-12 00:00:00+00:00, run_after=2024-03-13 00:00:00+00:00
[2024-03-13T16:02:35.925-0400] {processor.py:183} INFO - Processing /home/ironbong_jr/mlops/project/project/lib/python3.10/site-packages/airflow/example_dags/example_setup_teardown.py took 0.059 seconds
[2024-03-13T16:03:26.459-0400] {processor.py:161} INFO - Started process (PID=458201) to work on /home/ironbong_jr/mlops/project/project/lib/python3.10/site-packages/airflow/example_dags/example_setup_teardown.py
[2024-03-13T16:03:26.462-0400] {processor.py:830} INFO - Processing file /home/ironbong_jr/mlops/project/project/lib/python3.10/site-packages/airflow/example_dags/example_setup_teardown.py for tasks to queue
[2024-03-13T16:03:26.463-0400] {logging_mixin.py:188} INFO - [2024-03-13T16:03:26.463-0400] {dagbag.py:540} INFO - Filling up the DagBag from /home/ironbong_jr/mlops/project/project/lib/python3.10/site-packages/airflow/example_dags/example_setup_teardown.py
[2024-03-13T16:03:26.468-0400] {processor.py:840} INFO - DAG(s) 'example_setup_teardown' retrieved from /home/ironbong_jr/mlops/project/project/lib/python3.10/site-packages/airflow/example_dags/example_setup_teardown.py
[2024-03-13T16:03:26.478-0400] {logging_mixin.py:188} INFO - [2024-03-13T16:03:26.477-0400] {dag.py:3047} INFO - Sync 1 DAGs
[2024-03-13T16:03:26.489-0400] {logging_mixin.py:188} INFO - [2024-03-13T16:03:26.489-0400] {dag.py:3834} INFO - Setting next_dagrun for example_setup_teardown to 2024-03-12 00:00:00+00:00, run_after=2024-03-13 00:00:00+00:00
[2024-03-13T16:03:26.512-0400] {processor.py:183} INFO - Processing /home/ironbong_jr/mlops/project/project/lib/python3.10/site-packages/airflow/example_dags/example_setup_teardown.py took 0.056 seconds
[2024-03-13T16:04:32.567-0400] {processor.py:161} INFO - Started process (PID=458613) to work on /home/ironbong_jr/mlops/project/project/lib/python3.10/site-packages/airflow/example_dags/example_setup_teardown.py
[2024-03-13T16:04:32.571-0400] {processor.py:830} INFO - Processing file /home/ironbong_jr/mlops/project/project/lib/python3.10/site-packages/airflow/example_dags/example_setup_teardown.py for tasks to queue
[2024-03-13T16:04:32.572-0400] {logging_mixin.py:188} INFO - [2024-03-13T16:04:32.572-0400] {dagbag.py:540} INFO - Filling up the DagBag from /home/ironbong_jr/mlops/project/project/lib/python3.10/site-packages/airflow/example_dags/example_setup_teardown.py
[2024-03-13T16:04:32.577-0400] {processor.py:840} INFO - DAG(s) 'example_setup_teardown' retrieved from /home/ironbong_jr/mlops/project/project/lib/python3.10/site-packages/airflow/example_dags/example_setup_teardown.py
[2024-03-13T16:04:32.588-0400] {logging_mixin.py:188} INFO - [2024-03-13T16:04:32.587-0400] {dag.py:3047} INFO - Sync 1 DAGs
[2024-03-13T16:04:32.600-0400] {logging_mixin.py:188} INFO - [2024-03-13T16:04:32.600-0400] {dag.py:3834} INFO - Setting next_dagrun for example_setup_teardown to 2024-03-12 00:00:00+00:00, run_after=2024-03-13 00:00:00+00:00
[2024-03-13T16:04:32.624-0400] {processor.py:183} INFO - Processing /home/ironbong_jr/mlops/project/project/lib/python3.10/site-packages/airflow/example_dags/example_setup_teardown.py took 0.060 seconds
[2024-03-13T16:05:26.069-0400] {processor.py:161} INFO - Started process (PID=458887) to work on /home/ironbong_jr/mlops/project/project/lib/python3.10/site-packages/airflow/example_dags/example_setup_teardown.py
[2024-03-13T16:05:26.073-0400] {processor.py:830} INFO - Processing file /home/ironbong_jr/mlops/project/project/lib/python3.10/site-packages/airflow/example_dags/example_setup_teardown.py for tasks to queue
[2024-03-13T16:05:26.074-0400] {logging_mixin.py:188} INFO - [2024-03-13T16:05:26.073-0400] {dagbag.py:540} INFO - Filling up the DagBag from /home/ironbong_jr/mlops/project/project/lib/python3.10/site-packages/airflow/example_dags/example_setup_teardown.py
[2024-03-13T16:05:26.080-0400] {processor.py:840} INFO - DAG(s) 'example_setup_teardown' retrieved from /home/ironbong_jr/mlops/project/project/lib/python3.10/site-packages/airflow/example_dags/example_setup_teardown.py
[2024-03-13T16:05:26.090-0400] {logging_mixin.py:188} INFO - [2024-03-13T16:05:26.089-0400] {dag.py:3047} INFO - Sync 1 DAGs
[2024-03-13T16:05:26.102-0400] {logging_mixin.py:188} INFO - [2024-03-13T16:05:26.102-0400] {dag.py:3834} INFO - Setting next_dagrun for example_setup_teardown to 2024-03-12 00:00:00+00:00, run_after=2024-03-13 00:00:00+00:00
[2024-03-13T16:05:26.128-0400] {processor.py:183} INFO - Processing /home/ironbong_jr/mlops/project/project/lib/python3.10/site-packages/airflow/example_dags/example_setup_teardown.py took 0.060 seconds
[2024-03-13T16:06:17.271-0400] {processor.py:161} INFO - Started process (PID=459147) to work on /home/ironbong_jr/mlops/project/project/lib/python3.10/site-packages/airflow/example_dags/example_setup_teardown.py
[2024-03-13T16:06:17.275-0400] {processor.py:830} INFO - Processing file /home/ironbong_jr/mlops/project/project/lib/python3.10/site-packages/airflow/example_dags/example_setup_teardown.py for tasks to queue
[2024-03-13T16:06:17.275-0400] {logging_mixin.py:188} INFO - [2024-03-13T16:06:17.275-0400] {dagbag.py:540} INFO - Filling up the DagBag from /home/ironbong_jr/mlops/project/project/lib/python3.10/site-packages/airflow/example_dags/example_setup_teardown.py
[2024-03-13T16:06:17.282-0400] {processor.py:840} INFO - DAG(s) 'example_setup_teardown' retrieved from /home/ironbong_jr/mlops/project/project/lib/python3.10/site-packages/airflow/example_dags/example_setup_teardown.py
[2024-03-13T16:06:17.293-0400] {logging_mixin.py:188} INFO - [2024-03-13T16:06:17.293-0400] {dag.py:3047} INFO - Sync 1 DAGs
[2024-03-13T16:06:17.308-0400] {logging_mixin.py:188} INFO - [2024-03-13T16:06:17.308-0400] {dag.py:3834} INFO - Setting next_dagrun for example_setup_teardown to 2024-03-12 00:00:00+00:00, run_after=2024-03-13 00:00:00+00:00
[2024-03-13T16:06:17.333-0400] {processor.py:183} INFO - Processing /home/ironbong_jr/mlops/project/project/lib/python3.10/site-packages/airflow/example_dags/example_setup_teardown.py took 0.064 seconds
[2024-03-13T16:07:06.730-0400] {processor.py:161} INFO - Started process (PID=459388) to work on /home/ironbong_jr/mlops/project/project/lib/python3.10/site-packages/airflow/example_dags/example_setup_teardown.py
[2024-03-13T16:07:06.732-0400] {processor.py:830} INFO - Processing file /home/ironbong_jr/mlops/project/project/lib/python3.10/site-packages/airflow/example_dags/example_setup_teardown.py for tasks to queue
[2024-03-13T16:07:06.732-0400] {logging_mixin.py:188} INFO - [2024-03-13T16:07:06.732-0400] {dagbag.py:540} INFO - Filling up the DagBag from /home/ironbong_jr/mlops/project/project/lib/python3.10/site-packages/airflow/example_dags/example_setup_teardown.py
[2024-03-13T16:07:06.740-0400] {processor.py:840} INFO - DAG(s) 'example_setup_teardown' retrieved from /home/ironbong_jr/mlops/project/project/lib/python3.10/site-packages/airflow/example_dags/example_setup_teardown.py
[2024-03-13T16:07:06.752-0400] {logging_mixin.py:188} INFO - [2024-03-13T16:07:06.752-0400] {dag.py:3047} INFO - Sync 1 DAGs
[2024-03-13T16:07:06.768-0400] {logging_mixin.py:188} INFO - [2024-03-13T16:07:06.768-0400] {dag.py:3834} INFO - Setting next_dagrun for example_setup_teardown to 2024-03-12 00:00:00+00:00, run_after=2024-03-13 00:00:00+00:00
[2024-03-13T16:07:06.794-0400] {processor.py:183} INFO - Processing /home/ironbong_jr/mlops/project/project/lib/python3.10/site-packages/airflow/example_dags/example_setup_teardown.py took 0.066 seconds
[2024-03-13T16:08:00.345-0400] {processor.py:161} INFO - Started process (PID=459651) to work on /home/ironbong_jr/mlops/project/project/lib/python3.10/site-packages/airflow/example_dags/example_setup_teardown.py
[2024-03-13T16:08:00.347-0400] {processor.py:830} INFO - Processing file /home/ironbong_jr/mlops/project/project/lib/python3.10/site-packages/airflow/example_dags/example_setup_teardown.py for tasks to queue
[2024-03-13T16:08:00.347-0400] {logging_mixin.py:188} INFO - [2024-03-13T16:08:00.347-0400] {dagbag.py:540} INFO - Filling up the DagBag from /home/ironbong_jr/mlops/project/project/lib/python3.10/site-packages/airflow/example_dags/example_setup_teardown.py
[2024-03-13T16:08:00.352-0400] {processor.py:840} INFO - DAG(s) 'example_setup_teardown' retrieved from /home/ironbong_jr/mlops/project/project/lib/python3.10/site-packages/airflow/example_dags/example_setup_teardown.py
[2024-03-13T16:08:00.361-0400] {logging_mixin.py:188} INFO - [2024-03-13T16:08:00.361-0400] {dag.py:3047} INFO - Sync 1 DAGs
[2024-03-13T16:08:00.372-0400] {logging_mixin.py:188} INFO - [2024-03-13T16:08:00.372-0400] {dag.py:3834} INFO - Setting next_dagrun for example_setup_teardown to 2024-03-12 00:00:00+00:00, run_after=2024-03-13 00:00:00+00:00
[2024-03-13T16:08:00.394-0400] {processor.py:183} INFO - Processing /home/ironbong_jr/mlops/project/project/lib/python3.10/site-packages/airflow/example_dags/example_setup_teardown.py took 0.051 seconds
[2024-03-13T16:08:51.327-0400] {processor.py:161} INFO - Started process (PID=459908) to work on /home/ironbong_jr/mlops/project/project/lib/python3.10/site-packages/airflow/example_dags/example_setup_teardown.py
[2024-03-13T16:08:51.331-0400] {processor.py:830} INFO - Processing file /home/ironbong_jr/mlops/project/project/lib/python3.10/site-packages/airflow/example_dags/example_setup_teardown.py for tasks to queue
[2024-03-13T16:08:51.331-0400] {logging_mixin.py:188} INFO - [2024-03-13T16:08:51.331-0400] {dagbag.py:540} INFO - Filling up the DagBag from /home/ironbong_jr/mlops/project/project/lib/python3.10/site-packages/airflow/example_dags/example_setup_teardown.py
[2024-03-13T16:08:51.338-0400] {processor.py:840} INFO - DAG(s) 'example_setup_teardown' retrieved from /home/ironbong_jr/mlops/project/project/lib/python3.10/site-packages/airflow/example_dags/example_setup_teardown.py
[2024-03-13T16:08:51.351-0400] {logging_mixin.py:188} INFO - [2024-03-13T16:08:51.351-0400] {dag.py:3047} INFO - Sync 1 DAGs
[2024-03-13T16:08:51.366-0400] {logging_mixin.py:188} INFO - [2024-03-13T16:08:51.366-0400] {dag.py:3834} INFO - Setting next_dagrun for example_setup_teardown to 2024-03-12 00:00:00+00:00, run_after=2024-03-13 00:00:00+00:00
[2024-03-13T16:08:51.400-0400] {processor.py:183} INFO - Processing /home/ironbong_jr/mlops/project/project/lib/python3.10/site-packages/airflow/example_dags/example_setup_teardown.py took 0.075 seconds
[2024-03-13T16:09:41.020-0400] {processor.py:161} INFO - Started process (PID=460145) to work on /home/ironbong_jr/mlops/project/project/lib/python3.10/site-packages/airflow/example_dags/example_setup_teardown.py
[2024-03-13T16:09:41.024-0400] {processor.py:830} INFO - Processing file /home/ironbong_jr/mlops/project/project/lib/python3.10/site-packages/airflow/example_dags/example_setup_teardown.py for tasks to queue
[2024-03-13T16:09:41.025-0400] {logging_mixin.py:188} INFO - [2024-03-13T16:09:41.025-0400] {dagbag.py:540} INFO - Filling up the DagBag from /home/ironbong_jr/mlops/project/project/lib/python3.10/site-packages/airflow/example_dags/example_setup_teardown.py
[2024-03-13T16:09:41.030-0400] {processor.py:840} INFO - DAG(s) 'example_setup_teardown' retrieved from /home/ironbong_jr/mlops/project/project/lib/python3.10/site-packages/airflow/example_dags/example_setup_teardown.py
[2024-03-13T16:09:41.039-0400] {logging_mixin.py:188} INFO - [2024-03-13T16:09:41.039-0400] {dag.py:3047} INFO - Sync 1 DAGs
[2024-03-13T16:09:41.051-0400] {logging_mixin.py:188} INFO - [2024-03-13T16:09:41.050-0400] {dag.py:3834} INFO - Setting next_dagrun for example_setup_teardown to 2024-03-12 00:00:00+00:00, run_after=2024-03-13 00:00:00+00:00
[2024-03-13T16:09:41.072-0400] {processor.py:183} INFO - Processing /home/ironbong_jr/mlops/project/project/lib/python3.10/site-packages/airflow/example_dags/example_setup_teardown.py took 0.054 seconds
[2024-03-13T16:10:30.542-0400] {processor.py:161} INFO - Started process (PID=460394) to work on /home/ironbong_jr/mlops/project/project/lib/python3.10/site-packages/airflow/example_dags/example_setup_teardown.py
[2024-03-13T16:10:30.545-0400] {processor.py:830} INFO - Processing file /home/ironbong_jr/mlops/project/project/lib/python3.10/site-packages/airflow/example_dags/example_setup_teardown.py for tasks to queue
[2024-03-13T16:10:30.546-0400] {logging_mixin.py:188} INFO - [2024-03-13T16:10:30.546-0400] {dagbag.py:540} INFO - Filling up the DagBag from /home/ironbong_jr/mlops/project/project/lib/python3.10/site-packages/airflow/example_dags/example_setup_teardown.py
[2024-03-13T16:10:30.551-0400] {processor.py:840} INFO - DAG(s) 'example_setup_teardown' retrieved from /home/ironbong_jr/mlops/project/project/lib/python3.10/site-packages/airflow/example_dags/example_setup_teardown.py
[2024-03-13T16:10:30.560-0400] {logging_mixin.py:188} INFO - [2024-03-13T16:10:30.559-0400] {dag.py:3047} INFO - Sync 1 DAGs
[2024-03-13T16:10:30.571-0400] {logging_mixin.py:188} INFO - [2024-03-13T16:10:30.570-0400] {dag.py:3834} INFO - Setting next_dagrun for example_setup_teardown to 2024-03-12 00:00:00+00:00, run_after=2024-03-13 00:00:00+00:00
[2024-03-13T16:10:30.592-0400] {processor.py:183} INFO - Processing /home/ironbong_jr/mlops/project/project/lib/python3.10/site-packages/airflow/example_dags/example_setup_teardown.py took 0.053 seconds
[2024-03-13T16:11:20.690-0400] {processor.py:161} INFO - Started process (PID=460651) to work on /home/ironbong_jr/mlops/project/project/lib/python3.10/site-packages/airflow/example_dags/example_setup_teardown.py
[2024-03-13T16:11:20.694-0400] {processor.py:830} INFO - Processing file /home/ironbong_jr/mlops/project/project/lib/python3.10/site-packages/airflow/example_dags/example_setup_teardown.py for tasks to queue
[2024-03-13T16:11:20.694-0400] {logging_mixin.py:188} INFO - [2024-03-13T16:11:20.694-0400] {dagbag.py:540} INFO - Filling up the DagBag from /home/ironbong_jr/mlops/project/project/lib/python3.10/site-packages/airflow/example_dags/example_setup_teardown.py
[2024-03-13T16:11:20.699-0400] {processor.py:840} INFO - DAG(s) 'example_setup_teardown' retrieved from /home/ironbong_jr/mlops/project/project/lib/python3.10/site-packages/airflow/example_dags/example_setup_teardown.py
[2024-03-13T16:11:20.708-0400] {logging_mixin.py:188} INFO - [2024-03-13T16:11:20.708-0400] {dag.py:3047} INFO - Sync 1 DAGs
[2024-03-13T16:11:20.719-0400] {logging_mixin.py:188} INFO - [2024-03-13T16:11:20.719-0400] {dag.py:3834} INFO - Setting next_dagrun for example_setup_teardown to 2024-03-12 00:00:00+00:00, run_after=2024-03-13 00:00:00+00:00
[2024-03-13T16:11:20.741-0400] {processor.py:183} INFO - Processing /home/ironbong_jr/mlops/project/project/lib/python3.10/site-packages/airflow/example_dags/example_setup_teardown.py took 0.052 seconds
[2024-03-13T16:12:09.799-0400] {processor.py:161} INFO - Started process (PID=460888) to work on /home/ironbong_jr/mlops/project/project/lib/python3.10/site-packages/airflow/example_dags/example_setup_teardown.py
[2024-03-13T16:12:09.802-0400] {processor.py:830} INFO - Processing file /home/ironbong_jr/mlops/project/project/lib/python3.10/site-packages/airflow/example_dags/example_setup_teardown.py for tasks to queue
[2024-03-13T16:12:09.803-0400] {logging_mixin.py:188} INFO - [2024-03-13T16:12:09.803-0400] {dagbag.py:540} INFO - Filling up the DagBag from /home/ironbong_jr/mlops/project/project/lib/python3.10/site-packages/airflow/example_dags/example_setup_teardown.py
[2024-03-13T16:12:09.809-0400] {processor.py:840} INFO - DAG(s) 'example_setup_teardown' retrieved from /home/ironbong_jr/mlops/project/project/lib/python3.10/site-packages/airflow/example_dags/example_setup_teardown.py
[2024-03-13T16:12:09.820-0400] {logging_mixin.py:188} INFO - [2024-03-13T16:12:09.819-0400] {dag.py:3047} INFO - Sync 1 DAGs
[2024-03-13T16:12:09.831-0400] {logging_mixin.py:188} INFO - [2024-03-13T16:12:09.831-0400] {dag.py:3834} INFO - Setting next_dagrun for example_setup_teardown to 2024-03-12 00:00:00+00:00, run_after=2024-03-13 00:00:00+00:00
[2024-03-13T16:12:09.855-0400] {processor.py:183} INFO - Processing /home/ironbong_jr/mlops/project/project/lib/python3.10/site-packages/airflow/example_dags/example_setup_teardown.py took 0.058 seconds
[2024-03-13T16:12:59.824-0400] {processor.py:161} INFO - Started process (PID=461142) to work on /home/ironbong_jr/mlops/project/project/lib/python3.10/site-packages/airflow/example_dags/example_setup_teardown.py
[2024-03-13T16:12:59.826-0400] {processor.py:830} INFO - Processing file /home/ironbong_jr/mlops/project/project/lib/python3.10/site-packages/airflow/example_dags/example_setup_teardown.py for tasks to queue
[2024-03-13T16:12:59.826-0400] {logging_mixin.py:188} INFO - [2024-03-13T16:12:59.826-0400] {dagbag.py:540} INFO - Filling up the DagBag from /home/ironbong_jr/mlops/project/project/lib/python3.10/site-packages/airflow/example_dags/example_setup_teardown.py
[2024-03-13T16:12:59.832-0400] {processor.py:840} INFO - DAG(s) 'example_setup_teardown' retrieved from /home/ironbong_jr/mlops/project/project/lib/python3.10/site-packages/airflow/example_dags/example_setup_teardown.py
[2024-03-13T16:12:59.842-0400] {logging_mixin.py:188} INFO - [2024-03-13T16:12:59.842-0400] {dag.py:3047} INFO - Sync 1 DAGs
[2024-03-13T16:12:59.854-0400] {logging_mixin.py:188} INFO - [2024-03-13T16:12:59.854-0400] {dag.py:3834} INFO - Setting next_dagrun for example_setup_teardown to 2024-03-12 00:00:00+00:00, run_after=2024-03-13 00:00:00+00:00
[2024-03-13T16:12:59.876-0400] {processor.py:183} INFO - Processing /home/ironbong_jr/mlops/project/project/lib/python3.10/site-packages/airflow/example_dags/example_setup_teardown.py took 0.055 seconds
