[2024-03-12T21:22:19.083-0400] {processor.py:161} INFO - Started process (PID=407099) to work on /home/ironbong_jr/mlops/project/project/lib/python3.10/site-packages/airflow/example_dags/example_python_decorator.py
[2024-03-12T21:22:19.086-0400] {processor.py:830} INFO - Processing file /home/ironbong_jr/mlops/project/project/lib/python3.10/site-packages/airflow/example_dags/example_python_decorator.py for tasks to queue
[2024-03-12T21:22:19.088-0400] {logging_mixin.py:188} INFO - [2024-03-12T21:22:19.087-0400] {dagbag.py:540} INFO - Filling up the DagBag from /home/ironbong_jr/mlops/project/project/lib/python3.10/site-packages/airflow/example_dags/example_python_decorator.py
[2024-03-12T21:22:19.140-0400] {logging_mixin.py:188} INFO - [2024-03-12T21:22:19.139-0400] {example_python_decorator.py:79} WARNING - The virtalenv_python example task requires virtualenv, please install it.
[2024-03-12T21:22:19.143-0400] {processor.py:840} INFO - DAG(s) 'example_python_decorator' retrieved from /home/ironbong_jr/mlops/project/project/lib/python3.10/site-packages/airflow/example_dags/example_python_decorator.py
[2024-03-12T21:22:19.504-0400] {logging_mixin.py:188} INFO - [2024-03-12T21:22:19.504-0400] {dag.py:3047} INFO - Sync 1 DAGs
[2024-03-12T21:22:19.523-0400] {logging_mixin.py:188} INFO - [2024-03-12T21:22:19.522-0400] {dag.py:3834} INFO - Setting next_dagrun for example_python_decorator to None, run_after=None
[2024-03-12T21:22:19.628-0400] {processor.py:183} INFO - Processing /home/ironbong_jr/mlops/project/project/lib/python3.10/site-packages/airflow/example_dags/example_python_decorator.py took 0.551 seconds
[2024-03-12T21:24:10.216-0400] {processor.py:161} INFO - Started process (PID=407626) to work on /home/ironbong_jr/mlops/project/project/lib/python3.10/site-packages/airflow/example_dags/example_python_decorator.py
[2024-03-12T21:24:10.267-0400] {processor.py:830} INFO - Processing file /home/ironbong_jr/mlops/project/project/lib/python3.10/site-packages/airflow/example_dags/example_python_decorator.py for tasks to queue
[2024-03-12T21:24:10.269-0400] {logging_mixin.py:188} INFO - [2024-03-12T21:24:10.268-0400] {dagbag.py:540} INFO - Filling up the DagBag from /home/ironbong_jr/mlops/project/project/lib/python3.10/site-packages/airflow/example_dags/example_python_decorator.py
[2024-03-12T21:24:10.678-0400] {logging_mixin.py:188} INFO - [2024-03-12T21:24:10.677-0400] {example_python_decorator.py:79} WARNING - The virtalenv_python example task requires virtualenv, please install it.
[2024-03-12T21:24:10.679-0400] {processor.py:840} INFO - DAG(s) 'example_python_decorator' retrieved from /home/ironbong_jr/mlops/project/project/lib/python3.10/site-packages/airflow/example_dags/example_python_decorator.py
[2024-03-12T21:24:10.795-0400] {logging_mixin.py:188} INFO - [2024-03-12T21:24:10.794-0400] {dag.py:3047} INFO - Sync 1 DAGs
[2024-03-12T21:24:10.841-0400] {logging_mixin.py:188} INFO - [2024-03-12T21:24:10.840-0400] {dag.py:3834} INFO - Setting next_dagrun for example_python_decorator to None, run_after=None
[2024-03-12T21:24:10.963-0400] {processor.py:183} INFO - Processing /home/ironbong_jr/mlops/project/project/lib/python3.10/site-packages/airflow/example_dags/example_python_decorator.py took 0.752 seconds
[2024-03-12T21:27:04.378-0400] {processor.py:161} INFO - Started process (PID=408376) to work on /home/ironbong_jr/mlops/project/project/lib/python3.10/site-packages/airflow/example_dags/example_python_decorator.py
[2024-03-12T21:27:04.381-0400] {processor.py:830} INFO - Processing file /home/ironbong_jr/mlops/project/project/lib/python3.10/site-packages/airflow/example_dags/example_python_decorator.py for tasks to queue
[2024-03-12T21:27:04.383-0400] {logging_mixin.py:188} INFO - [2024-03-12T21:27:04.382-0400] {dagbag.py:540} INFO - Filling up the DagBag from /home/ironbong_jr/mlops/project/project/lib/python3.10/site-packages/airflow/example_dags/example_python_decorator.py
[2024-03-12T21:27:04.440-0400] {logging_mixin.py:188} INFO - [2024-03-12T21:27:04.440-0400] {example_python_decorator.py:79} WARNING - The virtalenv_python example task requires virtualenv, please install it.
[2024-03-12T21:27:04.442-0400] {processor.py:840} INFO - DAG(s) 'example_python_decorator' retrieved from /home/ironbong_jr/mlops/project/project/lib/python3.10/site-packages/airflow/example_dags/example_python_decorator.py
[2024-03-12T21:27:04.468-0400] {logging_mixin.py:188} INFO - [2024-03-12T21:27:04.468-0400] {dag.py:3047} INFO - Sync 1 DAGs
[2024-03-12T21:27:04.482-0400] {logging_mixin.py:188} INFO - [2024-03-12T21:27:04.481-0400] {dag.py:3834} INFO - Setting next_dagrun for example_python_decorator to None, run_after=None
[2024-03-12T21:27:04.529-0400] {processor.py:183} INFO - Processing /home/ironbong_jr/mlops/project/project/lib/python3.10/site-packages/airflow/example_dags/example_python_decorator.py took 0.162 seconds
[2024-03-12T21:28:43.654-0400] {processor.py:161} INFO - Started process (PID=408857) to work on /home/ironbong_jr/mlops/project/project/lib/python3.10/site-packages/airflow/example_dags/example_python_decorator.py
[2024-03-12T21:28:43.700-0400] {processor.py:830} INFO - Processing file /home/ironbong_jr/mlops/project/project/lib/python3.10/site-packages/airflow/example_dags/example_python_decorator.py for tasks to queue
[2024-03-12T21:28:43.702-0400] {logging_mixin.py:188} INFO - [2024-03-12T21:28:43.701-0400] {dagbag.py:540} INFO - Filling up the DagBag from /home/ironbong_jr/mlops/project/project/lib/python3.10/site-packages/airflow/example_dags/example_python_decorator.py
[2024-03-12T21:28:43.755-0400] {logging_mixin.py:188} INFO - [2024-03-12T21:28:43.754-0400] {example_python_decorator.py:79} WARNING - The virtalenv_python example task requires virtualenv, please install it.
[2024-03-12T21:28:43.756-0400] {processor.py:840} INFO - DAG(s) 'example_python_decorator' retrieved from /home/ironbong_jr/mlops/project/project/lib/python3.10/site-packages/airflow/example_dags/example_python_decorator.py
[2024-03-12T21:28:43.783-0400] {logging_mixin.py:188} INFO - [2024-03-12T21:28:43.783-0400] {dag.py:3047} INFO - Sync 1 DAGs
[2024-03-12T21:28:43.800-0400] {logging_mixin.py:188} INFO - [2024-03-12T21:28:43.800-0400] {dag.py:3834} INFO - Setting next_dagrun for example_python_decorator to None, run_after=None
[2024-03-12T21:28:43.842-0400] {processor.py:183} INFO - Processing /home/ironbong_jr/mlops/project/project/lib/python3.10/site-packages/airflow/example_dags/example_python_decorator.py took 0.199 seconds
[2024-03-12T21:30:11.095-0400] {processor.py:161} INFO - Started process (PID=409280) to work on /home/ironbong_jr/mlops/project/project/lib/python3.10/site-packages/airflow/example_dags/example_python_decorator.py
[2024-03-12T21:30:11.138-0400] {processor.py:830} INFO - Processing file /home/ironbong_jr/mlops/project/project/lib/python3.10/site-packages/airflow/example_dags/example_python_decorator.py for tasks to queue
[2024-03-12T21:30:11.142-0400] {logging_mixin.py:188} INFO - [2024-03-12T21:30:11.141-0400] {dagbag.py:540} INFO - Filling up the DagBag from /home/ironbong_jr/mlops/project/project/lib/python3.10/site-packages/airflow/example_dags/example_python_decorator.py
[2024-03-12T21:30:11.212-0400] {logging_mixin.py:188} INFO - [2024-03-12T21:30:11.211-0400] {example_python_decorator.py:79} WARNING - The virtalenv_python example task requires virtualenv, please install it.
[2024-03-12T21:30:11.213-0400] {processor.py:840} INFO - DAG(s) 'example_python_decorator' retrieved from /home/ironbong_jr/mlops/project/project/lib/python3.10/site-packages/airflow/example_dags/example_python_decorator.py
[2024-03-12T21:30:11.259-0400] {logging_mixin.py:188} INFO - [2024-03-12T21:30:11.259-0400] {dag.py:3047} INFO - Sync 1 DAGs
[2024-03-12T21:30:11.293-0400] {logging_mixin.py:188} INFO - [2024-03-12T21:30:11.292-0400] {dag.py:3834} INFO - Setting next_dagrun for example_python_decorator to None, run_after=None
[2024-03-12T21:30:11.432-0400] {processor.py:183} INFO - Processing /home/ironbong_jr/mlops/project/project/lib/python3.10/site-packages/airflow/example_dags/example_python_decorator.py took 0.350 seconds
[2024-03-12T21:31:50.023-0400] {processor.py:161} INFO - Started process (PID=409772) to work on /home/ironbong_jr/mlops/project/project/lib/python3.10/site-packages/airflow/example_dags/example_python_decorator.py
[2024-03-12T21:31:50.073-0400] {processor.py:830} INFO - Processing file /home/ironbong_jr/mlops/project/project/lib/python3.10/site-packages/airflow/example_dags/example_python_decorator.py for tasks to queue
[2024-03-12T21:31:50.075-0400] {logging_mixin.py:188} INFO - [2024-03-12T21:31:50.074-0400] {dagbag.py:540} INFO - Filling up the DagBag from /home/ironbong_jr/mlops/project/project/lib/python3.10/site-packages/airflow/example_dags/example_python_decorator.py
[2024-03-12T21:31:50.138-0400] {logging_mixin.py:188} INFO - [2024-03-12T21:31:50.136-0400] {example_python_decorator.py:79} WARNING - The virtalenv_python example task requires virtualenv, please install it.
[2024-03-12T21:31:50.139-0400] {processor.py:840} INFO - DAG(s) 'example_python_decorator' retrieved from /home/ironbong_jr/mlops/project/project/lib/python3.10/site-packages/airflow/example_dags/example_python_decorator.py
[2024-03-12T21:31:50.179-0400] {logging_mixin.py:188} INFO - [2024-03-12T21:31:50.176-0400] {dag.py:3047} INFO - Sync 1 DAGs
[2024-03-12T21:31:50.206-0400] {logging_mixin.py:188} INFO - [2024-03-12T21:31:50.206-0400] {dag.py:3834} INFO - Setting next_dagrun for example_python_decorator to None, run_after=None
[2024-03-12T21:31:50.297-0400] {processor.py:183} INFO - Processing /home/ironbong_jr/mlops/project/project/lib/python3.10/site-packages/airflow/example_dags/example_python_decorator.py took 0.283 seconds
[2024-03-12T21:33:31.930-0400] {processor.py:161} INFO - Started process (PID=410333) to work on /home/ironbong_jr/mlops/project/project/lib/python3.10/site-packages/airflow/example_dags/example_python_decorator.py
[2024-03-12T21:33:31.981-0400] {processor.py:830} INFO - Processing file /home/ironbong_jr/mlops/project/project/lib/python3.10/site-packages/airflow/example_dags/example_python_decorator.py for tasks to queue
[2024-03-12T21:33:31.983-0400] {logging_mixin.py:188} INFO - [2024-03-12T21:33:31.982-0400] {dagbag.py:540} INFO - Filling up the DagBag from /home/ironbong_jr/mlops/project/project/lib/python3.10/site-packages/airflow/example_dags/example_python_decorator.py
[2024-03-12T21:33:32.044-0400] {logging_mixin.py:188} INFO - [2024-03-12T21:33:32.044-0400] {example_python_decorator.py:79} WARNING - The virtalenv_python example task requires virtualenv, please install it.
[2024-03-12T21:33:32.046-0400] {processor.py:840} INFO - DAG(s) 'example_python_decorator' retrieved from /home/ironbong_jr/mlops/project/project/lib/python3.10/site-packages/airflow/example_dags/example_python_decorator.py
[2024-03-12T21:33:32.080-0400] {logging_mixin.py:188} INFO - [2024-03-12T21:33:32.079-0400] {dag.py:3047} INFO - Sync 1 DAGs
[2024-03-12T21:33:32.120-0400] {logging_mixin.py:188} INFO - [2024-03-12T21:33:32.108-0400] {dag.py:3834} INFO - Setting next_dagrun for example_python_decorator to None, run_after=None
[2024-03-12T21:33:32.260-0400] {processor.py:183} INFO - Processing /home/ironbong_jr/mlops/project/project/lib/python3.10/site-packages/airflow/example_dags/example_python_decorator.py took 0.340 seconds
[2024-03-12T21:35:00.504-0400] {processor.py:161} INFO - Started process (PID=410741) to work on /home/ironbong_jr/mlops/project/project/lib/python3.10/site-packages/airflow/example_dags/example_python_decorator.py
[2024-03-12T21:35:00.507-0400] {processor.py:830} INFO - Processing file /home/ironbong_jr/mlops/project/project/lib/python3.10/site-packages/airflow/example_dags/example_python_decorator.py for tasks to queue
[2024-03-12T21:35:00.509-0400] {logging_mixin.py:188} INFO - [2024-03-12T21:35:00.508-0400] {dagbag.py:540} INFO - Filling up the DagBag from /home/ironbong_jr/mlops/project/project/lib/python3.10/site-packages/airflow/example_dags/example_python_decorator.py
[2024-03-12T21:35:00.567-0400] {logging_mixin.py:188} INFO - [2024-03-12T21:35:00.566-0400] {example_python_decorator.py:79} WARNING - The virtalenv_python example task requires virtualenv, please install it.
[2024-03-12T21:35:00.568-0400] {processor.py:840} INFO - DAG(s) 'example_python_decorator' retrieved from /home/ironbong_jr/mlops/project/project/lib/python3.10/site-packages/airflow/example_dags/example_python_decorator.py
[2024-03-12T21:35:00.602-0400] {logging_mixin.py:188} INFO - [2024-03-12T21:35:00.601-0400] {dag.py:3047} INFO - Sync 1 DAGs
[2024-03-12T21:35:00.624-0400] {logging_mixin.py:188} INFO - [2024-03-12T21:35:00.624-0400] {dag.py:3834} INFO - Setting next_dagrun for example_python_decorator to None, run_after=None
[2024-03-12T21:35:00.729-0400] {processor.py:183} INFO - Processing /home/ironbong_jr/mlops/project/project/lib/python3.10/site-packages/airflow/example_dags/example_python_decorator.py took 0.233 seconds
[2024-03-12T23:26:39.256-0400] {processor.py:161} INFO - Started process (PID=417793) to work on /home/ironbong_jr/mlops/project/project/lib/python3.10/site-packages/airflow/example_dags/example_python_decorator.py
[2024-03-12T23:26:39.288-0400] {processor.py:830} INFO - Processing file /home/ironbong_jr/mlops/project/project/lib/python3.10/site-packages/airflow/example_dags/example_python_decorator.py for tasks to queue
[2024-03-12T23:26:39.291-0400] {logging_mixin.py:188} INFO - [2024-03-12T23:26:39.290-0400] {dagbag.py:540} INFO - Filling up the DagBag from /home/ironbong_jr/mlops/project/project/lib/python3.10/site-packages/airflow/example_dags/example_python_decorator.py
[2024-03-12T23:26:39.354-0400] {logging_mixin.py:188} INFO - [2024-03-12T23:26:39.353-0400] {example_python_decorator.py:79} WARNING - The virtalenv_python example task requires virtualenv, please install it.
[2024-03-12T23:26:39.358-0400] {processor.py:840} INFO - DAG(s) 'example_python_decorator' retrieved from /home/ironbong_jr/mlops/project/project/lib/python3.10/site-packages/airflow/example_dags/example_python_decorator.py
[2024-03-12T23:26:39.756-0400] {logging_mixin.py:188} INFO - [2024-03-12T23:26:39.755-0400] {dag.py:3047} INFO - Sync 1 DAGs
[2024-03-12T23:26:39.769-0400] {logging_mixin.py:188} INFO - [2024-03-12T23:26:39.768-0400] {dag.py:3834} INFO - Setting next_dagrun for example_python_decorator to None, run_after=None
[2024-03-12T23:26:39.870-0400] {processor.py:183} INFO - Processing /home/ironbong_jr/mlops/project/project/lib/python3.10/site-packages/airflow/example_dags/example_python_decorator.py took 0.621 seconds
[2024-03-12T23:29:52.032-0400] {processor.py:161} INFO - Started process (PID=418566) to work on /home/ironbong_jr/mlops/project/project/lib/python3.10/site-packages/airflow/example_dags/example_python_decorator.py
[2024-03-12T23:29:52.085-0400] {processor.py:830} INFO - Processing file /home/ironbong_jr/mlops/project/project/lib/python3.10/site-packages/airflow/example_dags/example_python_decorator.py for tasks to queue
[2024-03-12T23:29:52.088-0400] {logging_mixin.py:188} INFO - [2024-03-12T23:29:52.086-0400] {dagbag.py:540} INFO - Filling up the DagBag from /home/ironbong_jr/mlops/project/project/lib/python3.10/site-packages/airflow/example_dags/example_python_decorator.py
[2024-03-12T23:29:52.232-0400] {logging_mixin.py:188} INFO - [2024-03-12T23:29:52.230-0400] {example_python_decorator.py:79} WARNING - The virtalenv_python example task requires virtualenv, please install it.
[2024-03-12T23:29:52.233-0400] {processor.py:840} INFO - DAG(s) 'example_python_decorator' retrieved from /home/ironbong_jr/mlops/project/project/lib/python3.10/site-packages/airflow/example_dags/example_python_decorator.py
[2024-03-12T23:29:52.286-0400] {logging_mixin.py:188} INFO - [2024-03-12T23:29:52.285-0400] {dag.py:3047} INFO - Sync 1 DAGs
[2024-03-12T23:29:52.310-0400] {logging_mixin.py:188} INFO - [2024-03-12T23:29:52.309-0400] {dag.py:3834} INFO - Setting next_dagrun for example_python_decorator to None, run_after=None
[2024-03-12T23:29:52.404-0400] {processor.py:183} INFO - Processing /home/ironbong_jr/mlops/project/project/lib/python3.10/site-packages/airflow/example_dags/example_python_decorator.py took 0.385 seconds
[2024-03-12T23:31:40.119-0400] {processor.py:161} INFO - Started process (PID=419034) to work on /home/ironbong_jr/mlops/project/project/lib/python3.10/site-packages/airflow/example_dags/example_python_decorator.py
[2024-03-12T23:31:40.170-0400] {processor.py:830} INFO - Processing file /home/ironbong_jr/mlops/project/project/lib/python3.10/site-packages/airflow/example_dags/example_python_decorator.py for tasks to queue
[2024-03-12T23:31:40.172-0400] {logging_mixin.py:188} INFO - [2024-03-12T23:31:40.171-0400] {dagbag.py:540} INFO - Filling up the DagBag from /home/ironbong_jr/mlops/project/project/lib/python3.10/site-packages/airflow/example_dags/example_python_decorator.py
[2024-03-12T23:31:40.232-0400] {logging_mixin.py:188} INFO - [2024-03-12T23:31:40.231-0400] {example_python_decorator.py:79} WARNING - The virtalenv_python example task requires virtualenv, please install it.
[2024-03-12T23:31:40.233-0400] {processor.py:840} INFO - DAG(s) 'example_python_decorator' retrieved from /home/ironbong_jr/mlops/project/project/lib/python3.10/site-packages/airflow/example_dags/example_python_decorator.py
[2024-03-12T23:31:40.265-0400] {logging_mixin.py:188} INFO - [2024-03-12T23:31:40.264-0400] {dag.py:3047} INFO - Sync 1 DAGs
[2024-03-12T23:31:40.284-0400] {logging_mixin.py:188} INFO - [2024-03-12T23:31:40.284-0400] {dag.py:3834} INFO - Setting next_dagrun for example_python_decorator to None, run_after=None
[2024-03-12T23:31:40.326-0400] {processor.py:183} INFO - Processing /home/ironbong_jr/mlops/project/project/lib/python3.10/site-packages/airflow/example_dags/example_python_decorator.py took 0.213 seconds
[2024-03-12T23:42:37.114-0400] {processor.py:161} INFO - Started process (PID=421652) to work on /home/ironbong_jr/mlops/project/project/lib/python3.10/site-packages/airflow/example_dags/example_python_decorator.py
[2024-03-12T23:42:37.166-0400] {processor.py:830} INFO - Processing file /home/ironbong_jr/mlops/project/project/lib/python3.10/site-packages/airflow/example_dags/example_python_decorator.py for tasks to queue
[2024-03-12T23:42:37.169-0400] {logging_mixin.py:188} INFO - [2024-03-12T23:42:37.167-0400] {dagbag.py:540} INFO - Filling up the DagBag from /home/ironbong_jr/mlops/project/project/lib/python3.10/site-packages/airflow/example_dags/example_python_decorator.py
[2024-03-12T23:42:37.253-0400] {logging_mixin.py:188} INFO - [2024-03-12T23:42:37.252-0400] {example_python_decorator.py:79} WARNING - The virtalenv_python example task requires virtualenv, please install it.
[2024-03-12T23:42:37.258-0400] {processor.py:840} INFO - DAG(s) 'example_python_decorator' retrieved from /home/ironbong_jr/mlops/project/project/lib/python3.10/site-packages/airflow/example_dags/example_python_decorator.py
[2024-03-12T23:42:37.697-0400] {logging_mixin.py:188} INFO - [2024-03-12T23:42:37.697-0400] {dag.py:3047} INFO - Sync 1 DAGs
[2024-03-12T23:42:37.713-0400] {logging_mixin.py:188} INFO - [2024-03-12T23:42:37.713-0400] {dag.py:3834} INFO - Setting next_dagrun for example_python_decorator to None, run_after=None
[2024-03-12T23:42:37.822-0400] {processor.py:183} INFO - Processing /home/ironbong_jr/mlops/project/project/lib/python3.10/site-packages/airflow/example_dags/example_python_decorator.py took 0.718 seconds
[2024-03-12T23:44:36.475-0400] {processor.py:161} INFO - Started process (PID=422152) to work on /home/ironbong_jr/mlops/project/project/lib/python3.10/site-packages/airflow/example_dags/example_python_decorator.py
[2024-03-12T23:44:36.527-0400] {processor.py:830} INFO - Processing file /home/ironbong_jr/mlops/project/project/lib/python3.10/site-packages/airflow/example_dags/example_python_decorator.py for tasks to queue
[2024-03-12T23:44:36.530-0400] {logging_mixin.py:188} INFO - [2024-03-12T23:44:36.529-0400] {dagbag.py:540} INFO - Filling up the DagBag from /home/ironbong_jr/mlops/project/project/lib/python3.10/site-packages/airflow/example_dags/example_python_decorator.py
[2024-03-12T23:44:36.891-0400] {logging_mixin.py:188} INFO - [2024-03-12T23:44:36.891-0400] {example_python_decorator.py:79} WARNING - The virtalenv_python example task requires virtualenv, please install it.
[2024-03-12T23:44:36.892-0400] {processor.py:840} INFO - DAG(s) 'example_python_decorator' retrieved from /home/ironbong_jr/mlops/project/project/lib/python3.10/site-packages/airflow/example_dags/example_python_decorator.py
[2024-03-12T23:44:36.913-0400] {logging_mixin.py:188} INFO - [2024-03-12T23:44:36.912-0400] {dag.py:3047} INFO - Sync 1 DAGs
[2024-03-12T23:44:36.928-0400] {logging_mixin.py:188} INFO - [2024-03-12T23:44:36.928-0400] {dag.py:3834} INFO - Setting next_dagrun for example_python_decorator to None, run_after=None
[2024-03-12T23:44:37.040-0400] {processor.py:183} INFO - Processing /home/ironbong_jr/mlops/project/project/lib/python3.10/site-packages/airflow/example_dags/example_python_decorator.py took 0.584 seconds
[2024-03-12T23:46:15.455-0400] {processor.py:161} INFO - Started process (PID=422737) to work on /home/ironbong_jr/mlops/project/project/lib/python3.10/site-packages/airflow/example_dags/example_python_decorator.py
[2024-03-12T23:46:15.457-0400] {processor.py:830} INFO - Processing file /home/ironbong_jr/mlops/project/project/lib/python3.10/site-packages/airflow/example_dags/example_python_decorator.py for tasks to queue
[2024-03-12T23:46:15.459-0400] {logging_mixin.py:188} INFO - [2024-03-12T23:46:15.458-0400] {dagbag.py:540} INFO - Filling up the DagBag from /home/ironbong_jr/mlops/project/project/lib/python3.10/site-packages/airflow/example_dags/example_python_decorator.py
[2024-03-12T23:46:15.537-0400] {logging_mixin.py:188} INFO - [2024-03-12T23:46:15.536-0400] {example_python_decorator.py:79} WARNING - The virtalenv_python example task requires virtualenv, please install it.
[2024-03-12T23:46:15.538-0400] {processor.py:840} INFO - DAG(s) 'example_python_decorator' retrieved from /home/ironbong_jr/mlops/project/project/lib/python3.10/site-packages/airflow/example_dags/example_python_decorator.py
[2024-03-12T23:46:15.568-0400] {logging_mixin.py:188} INFO - [2024-03-12T23:46:15.568-0400] {dag.py:3047} INFO - Sync 1 DAGs
[2024-03-12T23:46:15.587-0400] {logging_mixin.py:188} INFO - [2024-03-12T23:46:15.587-0400] {dag.py:3834} INFO - Setting next_dagrun for example_python_decorator to None, run_after=None
[2024-03-12T23:46:15.641-0400] {processor.py:183} INFO - Processing /home/ironbong_jr/mlops/project/project/lib/python3.10/site-packages/airflow/example_dags/example_python_decorator.py took 0.196 seconds
[2024-03-12T23:48:25.836-0400] {processor.py:161} INFO - Started process (PID=423346) to work on /home/ironbong_jr/mlops/project/project/lib/python3.10/site-packages/airflow/example_dags/example_python_decorator.py
[2024-03-12T23:48:25.889-0400] {processor.py:830} INFO - Processing file /home/ironbong_jr/mlops/project/project/lib/python3.10/site-packages/airflow/example_dags/example_python_decorator.py for tasks to queue
[2024-03-12T23:48:25.890-0400] {logging_mixin.py:188} INFO - [2024-03-12T23:48:25.890-0400] {dagbag.py:540} INFO - Filling up the DagBag from /home/ironbong_jr/mlops/project/project/lib/python3.10/site-packages/airflow/example_dags/example_python_decorator.py
[2024-03-12T23:48:25.931-0400] {logging_mixin.py:188} INFO - [2024-03-12T23:48:25.931-0400] {example_python_decorator.py:79} WARNING - The virtalenv_python example task requires virtualenv, please install it.
[2024-03-12T23:48:25.932-0400] {processor.py:840} INFO - DAG(s) 'example_python_decorator' retrieved from /home/ironbong_jr/mlops/project/project/lib/python3.10/site-packages/airflow/example_dags/example_python_decorator.py
[2024-03-12T23:48:25.959-0400] {logging_mixin.py:188} INFO - [2024-03-12T23:48:25.958-0400] {dag.py:3047} INFO - Sync 1 DAGs
[2024-03-12T23:48:25.976-0400] {logging_mixin.py:188} INFO - [2024-03-12T23:48:25.975-0400] {dag.py:3834} INFO - Setting next_dagrun for example_python_decorator to None, run_after=None
[2024-03-12T23:48:26.034-0400] {processor.py:183} INFO - Processing /home/ironbong_jr/mlops/project/project/lib/python3.10/site-packages/airflow/example_dags/example_python_decorator.py took 0.212 seconds
[2024-03-12T23:49:53.669-0400] {processor.py:161} INFO - Started process (PID=423747) to work on /home/ironbong_jr/mlops/project/project/lib/python3.10/site-packages/airflow/example_dags/example_python_decorator.py
[2024-03-12T23:49:53.717-0400] {processor.py:830} INFO - Processing file /home/ironbong_jr/mlops/project/project/lib/python3.10/site-packages/airflow/example_dags/example_python_decorator.py for tasks to queue
[2024-03-12T23:49:53.722-0400] {logging_mixin.py:188} INFO - [2024-03-12T23:49:53.721-0400] {dagbag.py:540} INFO - Filling up the DagBag from /home/ironbong_jr/mlops/project/project/lib/python3.10/site-packages/airflow/example_dags/example_python_decorator.py
[2024-03-12T23:49:53.807-0400] {logging_mixin.py:188} INFO - [2024-03-12T23:49:53.806-0400] {example_python_decorator.py:79} WARNING - The virtalenv_python example task requires virtualenv, please install it.
[2024-03-12T23:49:53.808-0400] {processor.py:840} INFO - DAG(s) 'example_python_decorator' retrieved from /home/ironbong_jr/mlops/project/project/lib/python3.10/site-packages/airflow/example_dags/example_python_decorator.py
[2024-03-12T23:49:53.840-0400] {logging_mixin.py:188} INFO - [2024-03-12T23:49:53.840-0400] {dag.py:3047} INFO - Sync 1 DAGs
[2024-03-12T23:49:53.859-0400] {logging_mixin.py:188} INFO - [2024-03-12T23:49:53.858-0400] {dag.py:3834} INFO - Setting next_dagrun for example_python_decorator to None, run_after=None
[2024-03-12T23:49:53.960-0400] {processor.py:183} INFO - Processing /home/ironbong_jr/mlops/project/project/lib/python3.10/site-packages/airflow/example_dags/example_python_decorator.py took 0.298 seconds
[2024-03-12T23:51:20.465-0400] {processor.py:161} INFO - Started process (PID=424200) to work on /home/ironbong_jr/mlops/project/project/lib/python3.10/site-packages/airflow/example_dags/example_python_decorator.py
[2024-03-12T23:51:20.512-0400] {processor.py:830} INFO - Processing file /home/ironbong_jr/mlops/project/project/lib/python3.10/site-packages/airflow/example_dags/example_python_decorator.py for tasks to queue
[2024-03-12T23:51:20.515-0400] {logging_mixin.py:188} INFO - [2024-03-12T23:51:20.514-0400] {dagbag.py:540} INFO - Filling up the DagBag from /home/ironbong_jr/mlops/project/project/lib/python3.10/site-packages/airflow/example_dags/example_python_decorator.py
[2024-03-12T23:51:20.597-0400] {logging_mixin.py:188} INFO - [2024-03-12T23:51:20.597-0400] {example_python_decorator.py:79} WARNING - The virtalenv_python example task requires virtualenv, please install it.
[2024-03-12T23:51:20.598-0400] {processor.py:840} INFO - DAG(s) 'example_python_decorator' retrieved from /home/ironbong_jr/mlops/project/project/lib/python3.10/site-packages/airflow/example_dags/example_python_decorator.py
[2024-03-12T23:51:20.627-0400] {logging_mixin.py:188} INFO - [2024-03-12T23:51:20.627-0400] {dag.py:3047} INFO - Sync 1 DAGs
[2024-03-12T23:51:20.646-0400] {logging_mixin.py:188} INFO - [2024-03-12T23:51:20.646-0400] {dag.py:3834} INFO - Setting next_dagrun for example_python_decorator to None, run_after=None
[2024-03-12T23:51:20.744-0400] {processor.py:183} INFO - Processing /home/ironbong_jr/mlops/project/project/lib/python3.10/site-packages/airflow/example_dags/example_python_decorator.py took 0.286 seconds
[2024-03-12T23:52:47.261-0400] {processor.py:161} INFO - Started process (PID=424726) to work on /home/ironbong_jr/mlops/project/project/lib/python3.10/site-packages/airflow/example_dags/example_python_decorator.py
[2024-03-12T23:52:47.264-0400] {processor.py:830} INFO - Processing file /home/ironbong_jr/mlops/project/project/lib/python3.10/site-packages/airflow/example_dags/example_python_decorator.py for tasks to queue
[2024-03-12T23:52:47.265-0400] {logging_mixin.py:188} INFO - [2024-03-12T23:52:47.264-0400] {dagbag.py:540} INFO - Filling up the DagBag from /home/ironbong_jr/mlops/project/project/lib/python3.10/site-packages/airflow/example_dags/example_python_decorator.py
[2024-03-12T23:52:47.313-0400] {logging_mixin.py:188} INFO - [2024-03-12T23:52:47.313-0400] {example_python_decorator.py:79} WARNING - The virtalenv_python example task requires virtualenv, please install it.
[2024-03-12T23:52:47.314-0400] {processor.py:840} INFO - DAG(s) 'example_python_decorator' retrieved from /home/ironbong_jr/mlops/project/project/lib/python3.10/site-packages/airflow/example_dags/example_python_decorator.py
[2024-03-12T23:52:47.355-0400] {logging_mixin.py:188} INFO - [2024-03-12T23:52:47.355-0400] {dag.py:3047} INFO - Sync 1 DAGs
[2024-03-12T23:52:47.373-0400] {logging_mixin.py:188} INFO - [2024-03-12T23:52:47.373-0400] {dag.py:3834} INFO - Setting next_dagrun for example_python_decorator to None, run_after=None
[2024-03-12T23:52:47.474-0400] {processor.py:183} INFO - Processing /home/ironbong_jr/mlops/project/project/lib/python3.10/site-packages/airflow/example_dags/example_python_decorator.py took 0.218 seconds
[2024-03-12T23:54:21.654-0400] {processor.py:161} INFO - Started process (PID=425171) to work on /home/ironbong_jr/mlops/project/project/lib/python3.10/site-packages/airflow/example_dags/example_python_decorator.py
[2024-03-12T23:54:21.701-0400] {processor.py:830} INFO - Processing file /home/ironbong_jr/mlops/project/project/lib/python3.10/site-packages/airflow/example_dags/example_python_decorator.py for tasks to queue
[2024-03-12T23:54:21.704-0400] {logging_mixin.py:188} INFO - [2024-03-12T23:54:21.702-0400] {dagbag.py:540} INFO - Filling up the DagBag from /home/ironbong_jr/mlops/project/project/lib/python3.10/site-packages/airflow/example_dags/example_python_decorator.py
[2024-03-12T23:54:21.766-0400] {logging_mixin.py:188} INFO - [2024-03-12T23:54:21.766-0400] {example_python_decorator.py:79} WARNING - The virtalenv_python example task requires virtualenv, please install it.
[2024-03-12T23:54:21.767-0400] {processor.py:840} INFO - DAG(s) 'example_python_decorator' retrieved from /home/ironbong_jr/mlops/project/project/lib/python3.10/site-packages/airflow/example_dags/example_python_decorator.py
[2024-03-12T23:54:21.789-0400] {logging_mixin.py:188} INFO - [2024-03-12T23:54:21.788-0400] {dag.py:3047} INFO - Sync 1 DAGs
[2024-03-12T23:54:21.810-0400] {logging_mixin.py:188} INFO - [2024-03-12T23:54:21.810-0400] {dag.py:3834} INFO - Setting next_dagrun for example_python_decorator to None, run_after=None
[2024-03-12T23:54:21.860-0400] {processor.py:183} INFO - Processing /home/ironbong_jr/mlops/project/project/lib/python3.10/site-packages/airflow/example_dags/example_python_decorator.py took 0.221 seconds
[2024-03-12T23:55:59.473-0400] {processor.py:161} INFO - Started process (PID=425599) to work on /home/ironbong_jr/mlops/project/project/lib/python3.10/site-packages/airflow/example_dags/example_python_decorator.py
[2024-03-12T23:55:59.476-0400] {processor.py:830} INFO - Processing file /home/ironbong_jr/mlops/project/project/lib/python3.10/site-packages/airflow/example_dags/example_python_decorator.py for tasks to queue
[2024-03-12T23:55:59.477-0400] {logging_mixin.py:188} INFO - [2024-03-12T23:55:59.477-0400] {dagbag.py:540} INFO - Filling up the DagBag from /home/ironbong_jr/mlops/project/project/lib/python3.10/site-packages/airflow/example_dags/example_python_decorator.py
[2024-03-12T23:55:59.519-0400] {logging_mixin.py:188} INFO - [2024-03-12T23:55:59.518-0400] {example_python_decorator.py:79} WARNING - The virtalenv_python example task requires virtualenv, please install it.
[2024-03-12T23:55:59.520-0400] {processor.py:840} INFO - DAG(s) 'example_python_decorator' retrieved from /home/ironbong_jr/mlops/project/project/lib/python3.10/site-packages/airflow/example_dags/example_python_decorator.py
[2024-03-12T23:55:59.542-0400] {logging_mixin.py:188} INFO - [2024-03-12T23:55:59.542-0400] {dag.py:3047} INFO - Sync 1 DAGs
[2024-03-12T23:55:59.556-0400] {logging_mixin.py:188} INFO - [2024-03-12T23:55:59.556-0400] {dag.py:3834} INFO - Setting next_dagrun for example_python_decorator to None, run_after=None
[2024-03-12T23:55:59.592-0400] {processor.py:183} INFO - Processing /home/ironbong_jr/mlops/project/project/lib/python3.10/site-packages/airflow/example_dags/example_python_decorator.py took 0.124 seconds
[2024-03-13T00:30:25.997-0400] {processor.py:161} INFO - Started process (PID=432909) to work on /home/ironbong_jr/mlops/project/project/lib/python3.10/site-packages/airflow/example_dags/example_python_decorator.py
[2024-03-13T00:30:26.048-0400] {processor.py:830} INFO - Processing file /home/ironbong_jr/mlops/project/project/lib/python3.10/site-packages/airflow/example_dags/example_python_decorator.py for tasks to queue
[2024-03-13T00:30:26.050-0400] {logging_mixin.py:188} INFO - [2024-03-13T00:30:26.049-0400] {dagbag.py:540} INFO - Filling up the DagBag from /home/ironbong_jr/mlops/project/project/lib/python3.10/site-packages/airflow/example_dags/example_python_decorator.py
[2024-03-13T00:30:26.115-0400] {logging_mixin.py:188} INFO - [2024-03-13T00:30:26.114-0400] {example_python_decorator.py:79} WARNING - The virtalenv_python example task requires virtualenv, please install it.
[2024-03-13T00:30:26.119-0400] {processor.py:840} INFO - DAG(s) 'example_python_decorator' retrieved from /home/ironbong_jr/mlops/project/project/lib/python3.10/site-packages/airflow/example_dags/example_python_decorator.py
[2024-03-13T00:30:26.469-0400] {logging_mixin.py:188} INFO - [2024-03-13T00:30:26.469-0400] {dag.py:3047} INFO - Sync 1 DAGs
[2024-03-13T00:30:26.480-0400] {logging_mixin.py:188} INFO - [2024-03-13T00:30:26.480-0400] {dag.py:3834} INFO - Setting next_dagrun for example_python_decorator to None, run_after=None
[2024-03-13T00:30:26.576-0400] {processor.py:183} INFO - Processing /home/ironbong_jr/mlops/project/project/lib/python3.10/site-packages/airflow/example_dags/example_python_decorator.py took 0.584 seconds
[2024-03-13T00:32:15.170-0400] {processor.py:161} INFO - Started process (PID=433418) to work on /home/ironbong_jr/mlops/project/project/lib/python3.10/site-packages/airflow/example_dags/example_python_decorator.py
[2024-03-13T00:32:15.220-0400] {processor.py:830} INFO - Processing file /home/ironbong_jr/mlops/project/project/lib/python3.10/site-packages/airflow/example_dags/example_python_decorator.py for tasks to queue
[2024-03-13T00:32:15.223-0400] {logging_mixin.py:188} INFO - [2024-03-13T00:32:15.222-0400] {dagbag.py:540} INFO - Filling up the DagBag from /home/ironbong_jr/mlops/project/project/lib/python3.10/site-packages/airflow/example_dags/example_python_decorator.py
[2024-03-13T00:32:15.291-0400] {logging_mixin.py:188} INFO - [2024-03-13T00:32:15.290-0400] {example_python_decorator.py:79} WARNING - The virtalenv_python example task requires virtualenv, please install it.
[2024-03-13T00:32:15.292-0400] {processor.py:840} INFO - DAG(s) 'example_python_decorator' retrieved from /home/ironbong_jr/mlops/project/project/lib/python3.10/site-packages/airflow/example_dags/example_python_decorator.py
[2024-03-13T00:32:15.607-0400] {logging_mixin.py:188} INFO - [2024-03-13T00:32:15.606-0400] {dag.py:3047} INFO - Sync 1 DAGs
[2024-03-13T00:32:15.624-0400] {logging_mixin.py:188} INFO - [2024-03-13T00:32:15.624-0400] {dag.py:3834} INFO - Setting next_dagrun for example_python_decorator to None, run_after=None
[2024-03-13T00:32:15.730-0400] {processor.py:183} INFO - Processing /home/ironbong_jr/mlops/project/project/lib/python3.10/site-packages/airflow/example_dags/example_python_decorator.py took 0.569 seconds
[2024-03-13T00:36:09.849-0400] {processor.py:161} INFO - Started process (PID=434382) to work on /home/ironbong_jr/mlops/project/project/lib/python3.10/site-packages/airflow/example_dags/example_python_decorator.py
[2024-03-13T00:36:09.901-0400] {processor.py:830} INFO - Processing file /home/ironbong_jr/mlops/project/project/lib/python3.10/site-packages/airflow/example_dags/example_python_decorator.py for tasks to queue
[2024-03-13T00:36:09.905-0400] {logging_mixin.py:188} INFO - [2024-03-13T00:36:09.904-0400] {dagbag.py:540} INFO - Filling up the DagBag from /home/ironbong_jr/mlops/project/project/lib/python3.10/site-packages/airflow/example_dags/example_python_decorator.py
[2024-03-13T00:36:09.983-0400] {logging_mixin.py:188} INFO - [2024-03-13T00:36:09.983-0400] {example_python_decorator.py:79} WARNING - The virtalenv_python example task requires virtualenv, please install it.
[2024-03-13T00:36:09.984-0400] {processor.py:840} INFO - DAG(s) 'example_python_decorator' retrieved from /home/ironbong_jr/mlops/project/project/lib/python3.10/site-packages/airflow/example_dags/example_python_decorator.py
[2024-03-13T00:36:10.087-0400] {logging_mixin.py:188} INFO - [2024-03-13T00:36:10.086-0400] {dag.py:3047} INFO - Sync 1 DAGs
[2024-03-13T00:36:10.113-0400] {logging_mixin.py:188} INFO - [2024-03-13T00:36:10.112-0400] {dag.py:3834} INFO - Setting next_dagrun for example_python_decorator to None, run_after=None
[2024-03-13T00:36:10.186-0400] {processor.py:183} INFO - Processing /home/ironbong_jr/mlops/project/project/lib/python3.10/site-packages/airflow/example_dags/example_python_decorator.py took 0.347 seconds
[2024-03-13T00:38:19.586-0400] {processor.py:161} INFO - Started process (PID=435025) to work on /home/ironbong_jr/mlops/project/project/lib/python3.10/site-packages/airflow/example_dags/example_python_decorator.py
[2024-03-13T00:38:19.638-0400] {processor.py:830} INFO - Processing file /home/ironbong_jr/mlops/project/project/lib/python3.10/site-packages/airflow/example_dags/example_python_decorator.py for tasks to queue
[2024-03-13T00:38:19.641-0400] {logging_mixin.py:188} INFO - [2024-03-13T00:38:19.640-0400] {dagbag.py:540} INFO - Filling up the DagBag from /home/ironbong_jr/mlops/project/project/lib/python3.10/site-packages/airflow/example_dags/example_python_decorator.py
[2024-03-13T00:38:19.697-0400] {logging_mixin.py:188} INFO - [2024-03-13T00:38:19.696-0400] {example_python_decorator.py:79} WARNING - The virtalenv_python example task requires virtualenv, please install it.
[2024-03-13T00:38:19.698-0400] {processor.py:840} INFO - DAG(s) 'example_python_decorator' retrieved from /home/ironbong_jr/mlops/project/project/lib/python3.10/site-packages/airflow/example_dags/example_python_decorator.py
[2024-03-13T00:38:19.720-0400] {logging_mixin.py:188} INFO - [2024-03-13T00:38:19.720-0400] {dag.py:3047} INFO - Sync 1 DAGs
[2024-03-13T00:38:19.744-0400] {logging_mixin.py:188} INFO - [2024-03-13T00:38:19.744-0400] {dag.py:3834} INFO - Setting next_dagrun for example_python_decorator to None, run_after=None
[2024-03-13T00:38:19.832-0400] {processor.py:183} INFO - Processing /home/ironbong_jr/mlops/project/project/lib/python3.10/site-packages/airflow/example_dags/example_python_decorator.py took 0.253 seconds
[2024-03-13T00:39:57.735-0400] {processor.py:161} INFO - Started process (PID=435452) to work on /home/ironbong_jr/mlops/project/project/lib/python3.10/site-packages/airflow/example_dags/example_python_decorator.py
[2024-03-13T00:39:57.792-0400] {processor.py:830} INFO - Processing file /home/ironbong_jr/mlops/project/project/lib/python3.10/site-packages/airflow/example_dags/example_python_decorator.py for tasks to queue
[2024-03-13T00:39:57.794-0400] {logging_mixin.py:188} INFO - [2024-03-13T00:39:57.793-0400] {dagbag.py:540} INFO - Filling up the DagBag from /home/ironbong_jr/mlops/project/project/lib/python3.10/site-packages/airflow/example_dags/example_python_decorator.py
[2024-03-13T00:39:57.848-0400] {logging_mixin.py:188} INFO - [2024-03-13T00:39:57.848-0400] {example_python_decorator.py:79} WARNING - The virtalenv_python example task requires virtualenv, please install it.
[2024-03-13T00:39:57.849-0400] {processor.py:840} INFO - DAG(s) 'example_python_decorator' retrieved from /home/ironbong_jr/mlops/project/project/lib/python3.10/site-packages/airflow/example_dags/example_python_decorator.py
[2024-03-13T00:39:57.877-0400] {logging_mixin.py:188} INFO - [2024-03-13T00:39:57.877-0400] {dag.py:3047} INFO - Sync 1 DAGs
[2024-03-13T00:39:57.893-0400] {logging_mixin.py:188} INFO - [2024-03-13T00:39:57.893-0400] {dag.py:3834} INFO - Setting next_dagrun for example_python_decorator to None, run_after=None
[2024-03-13T00:39:57.985-0400] {processor.py:183} INFO - Processing /home/ironbong_jr/mlops/project/project/lib/python3.10/site-packages/airflow/example_dags/example_python_decorator.py took 0.267 seconds
[2024-03-13T00:42:45.838-0400] {processor.py:161} INFO - Started process (PID=436212) to work on /home/ironbong_jr/mlops/project/project/lib/python3.10/site-packages/airflow/example_dags/example_python_decorator.py
[2024-03-13T00:42:45.841-0400] {processor.py:830} INFO - Processing file /home/ironbong_jr/mlops/project/project/lib/python3.10/site-packages/airflow/example_dags/example_python_decorator.py for tasks to queue
[2024-03-13T00:42:45.842-0400] {logging_mixin.py:188} INFO - [2024-03-13T00:42:45.841-0400] {dagbag.py:540} INFO - Filling up the DagBag from /home/ironbong_jr/mlops/project/project/lib/python3.10/site-packages/airflow/example_dags/example_python_decorator.py
[2024-03-13T00:42:45.910-0400] {logging_mixin.py:188} INFO - [2024-03-13T00:42:45.909-0400] {example_python_decorator.py:79} WARNING - The virtalenv_python example task requires virtualenv, please install it.
[2024-03-13T00:42:45.910-0400] {processor.py:840} INFO - DAG(s) 'example_python_decorator' retrieved from /home/ironbong_jr/mlops/project/project/lib/python3.10/site-packages/airflow/example_dags/example_python_decorator.py
[2024-03-13T00:42:45.940-0400] {logging_mixin.py:188} INFO - [2024-03-13T00:42:45.939-0400] {dag.py:3047} INFO - Sync 1 DAGs
[2024-03-13T00:42:45.955-0400] {logging_mixin.py:188} INFO - [2024-03-13T00:42:45.955-0400] {dag.py:3834} INFO - Setting next_dagrun for example_python_decorator to None, run_after=None
[2024-03-13T00:42:46.022-0400] {processor.py:183} INFO - Processing /home/ironbong_jr/mlops/project/project/lib/python3.10/site-packages/airflow/example_dags/example_python_decorator.py took 0.189 seconds
[2024-03-13T00:44:55.085-0400] {processor.py:161} INFO - Started process (PID=436815) to work on /home/ironbong_jr/mlops/project/project/lib/python3.10/site-packages/airflow/example_dags/example_python_decorator.py
[2024-03-13T00:44:55.135-0400] {processor.py:830} INFO - Processing file /home/ironbong_jr/mlops/project/project/lib/python3.10/site-packages/airflow/example_dags/example_python_decorator.py for tasks to queue
[2024-03-13T00:44:55.137-0400] {logging_mixin.py:188} INFO - [2024-03-13T00:44:55.136-0400] {dagbag.py:540} INFO - Filling up the DagBag from /home/ironbong_jr/mlops/project/project/lib/python3.10/site-packages/airflow/example_dags/example_python_decorator.py
[2024-03-13T00:44:55.181-0400] {logging_mixin.py:188} INFO - [2024-03-13T00:44:55.180-0400] {example_python_decorator.py:79} WARNING - The virtalenv_python example task requires virtualenv, please install it.
[2024-03-13T00:44:55.181-0400] {processor.py:840} INFO - DAG(s) 'example_python_decorator' retrieved from /home/ironbong_jr/mlops/project/project/lib/python3.10/site-packages/airflow/example_dags/example_python_decorator.py
[2024-03-13T00:44:55.203-0400] {logging_mixin.py:188} INFO - [2024-03-13T00:44:55.203-0400] {dag.py:3047} INFO - Sync 1 DAGs
[2024-03-13T00:44:55.217-0400] {logging_mixin.py:188} INFO - [2024-03-13T00:44:55.217-0400] {dag.py:3834} INFO - Setting next_dagrun for example_python_decorator to None, run_after=None
[2024-03-13T00:44:55.258-0400] {processor.py:183} INFO - Processing /home/ironbong_jr/mlops/project/project/lib/python3.10/site-packages/airflow/example_dags/example_python_decorator.py took 0.177 seconds
[2024-03-13T15:49:31.608-0400] {processor.py:161} INFO - Started process (PID=453819) to work on /home/ironbong_jr/mlops/project/project/lib/python3.10/site-packages/airflow/example_dags/example_python_decorator.py
[2024-03-13T15:49:31.611-0400] {processor.py:830} INFO - Processing file /home/ironbong_jr/mlops/project/project/lib/python3.10/site-packages/airflow/example_dags/example_python_decorator.py for tasks to queue
[2024-03-13T15:49:31.612-0400] {logging_mixin.py:188} INFO - [2024-03-13T15:49:31.612-0400] {dagbag.py:540} INFO - Filling up the DagBag from /home/ironbong_jr/mlops/project/project/lib/python3.10/site-packages/airflow/example_dags/example_python_decorator.py
[2024-03-13T15:49:31.638-0400] {logging_mixin.py:188} INFO - [2024-03-13T15:49:31.638-0400] {example_python_decorator.py:79} WARNING - The virtalenv_python example task requires virtualenv, please install it.
[2024-03-13T15:49:31.640-0400] {processor.py:840} INFO - DAG(s) 'example_python_decorator' retrieved from /home/ironbong_jr/mlops/project/project/lib/python3.10/site-packages/airflow/example_dags/example_python_decorator.py
[2024-03-13T15:49:31.755-0400] {logging_mixin.py:188} INFO - [2024-03-13T15:49:31.755-0400] {dag.py:3047} INFO - Sync 1 DAGs
[2024-03-13T15:49:31.759-0400] {logging_mixin.py:188} INFO - [2024-03-13T15:49:31.759-0400] {dag.py:3834} INFO - Setting next_dagrun for example_python_decorator to None, run_after=None
[2024-03-13T15:49:31.781-0400] {processor.py:183} INFO - Processing /home/ironbong_jr/mlops/project/project/lib/python3.10/site-packages/airflow/example_dags/example_python_decorator.py took 0.175 seconds
[2024-03-13T15:51:40.715-0400] {processor.py:161} INFO - Started process (PID=454542) to work on /home/ironbong_jr/mlops/project/project/lib/python3.10/site-packages/airflow/example_dags/example_python_decorator.py
[2024-03-13T15:51:40.719-0400] {processor.py:830} INFO - Processing file /home/ironbong_jr/mlops/project/project/lib/python3.10/site-packages/airflow/example_dags/example_python_decorator.py for tasks to queue
[2024-03-13T15:51:40.720-0400] {logging_mixin.py:188} INFO - [2024-03-13T15:51:40.719-0400] {dagbag.py:540} INFO - Filling up the DagBag from /home/ironbong_jr/mlops/project/project/lib/python3.10/site-packages/airflow/example_dags/example_python_decorator.py
[2024-03-13T15:51:40.749-0400] {logging_mixin.py:188} INFO - [2024-03-13T15:51:40.749-0400] {example_python_decorator.py:79} WARNING - The virtalenv_python example task requires virtualenv, please install it.
[2024-03-13T15:51:40.750-0400] {processor.py:840} INFO - DAG(s) 'example_python_decorator' retrieved from /home/ironbong_jr/mlops/project/project/lib/python3.10/site-packages/airflow/example_dags/example_python_decorator.py
[2024-03-13T15:51:40.761-0400] {logging_mixin.py:188} INFO - [2024-03-13T15:51:40.761-0400] {dag.py:3047} INFO - Sync 1 DAGs
[2024-03-13T15:51:40.767-0400] {logging_mixin.py:188} INFO - [2024-03-13T15:51:40.767-0400] {dag.py:3834} INFO - Setting next_dagrun for example_python_decorator to None, run_after=None
[2024-03-13T15:51:40.791-0400] {processor.py:183} INFO - Processing /home/ironbong_jr/mlops/project/project/lib/python3.10/site-packages/airflow/example_dags/example_python_decorator.py took 0.079 seconds
[2024-03-13T15:52:35.520-0400] {processor.py:161} INFO - Started process (PID=454830) to work on /home/ironbong_jr/mlops/project/project/lib/python3.10/site-packages/airflow/example_dags/example_python_decorator.py
[2024-03-13T15:52:35.524-0400] {processor.py:830} INFO - Processing file /home/ironbong_jr/mlops/project/project/lib/python3.10/site-packages/airflow/example_dags/example_python_decorator.py for tasks to queue
[2024-03-13T15:52:35.524-0400] {logging_mixin.py:188} INFO - [2024-03-13T15:52:35.524-0400] {dagbag.py:540} INFO - Filling up the DagBag from /home/ironbong_jr/mlops/project/project/lib/python3.10/site-packages/airflow/example_dags/example_python_decorator.py
[2024-03-13T15:52:35.542-0400] {logging_mixin.py:188} INFO - [2024-03-13T15:52:35.542-0400] {example_python_decorator.py:79} WARNING - The virtalenv_python example task requires virtualenv, please install it.
[2024-03-13T15:52:35.543-0400] {processor.py:840} INFO - DAG(s) 'example_python_decorator' retrieved from /home/ironbong_jr/mlops/project/project/lib/python3.10/site-packages/airflow/example_dags/example_python_decorator.py
[2024-03-13T15:52:35.553-0400] {logging_mixin.py:188} INFO - [2024-03-13T15:52:35.553-0400] {dag.py:3047} INFO - Sync 1 DAGs
[2024-03-13T15:52:35.560-0400] {logging_mixin.py:188} INFO - [2024-03-13T15:52:35.560-0400] {dag.py:3834} INFO - Setting next_dagrun for example_python_decorator to None, run_after=None
[2024-03-13T15:52:35.585-0400] {processor.py:183} INFO - Processing /home/ironbong_jr/mlops/project/project/lib/python3.10/site-packages/airflow/example_dags/example_python_decorator.py took 0.067 seconds
[2024-03-13T15:53:28.255-0400] {processor.py:161} INFO - Started process (PID=455116) to work on /home/ironbong_jr/mlops/project/project/lib/python3.10/site-packages/airflow/example_dags/example_python_decorator.py
[2024-03-13T15:53:28.261-0400] {processor.py:830} INFO - Processing file /home/ironbong_jr/mlops/project/project/lib/python3.10/site-packages/airflow/example_dags/example_python_decorator.py for tasks to queue
[2024-03-13T15:53:28.263-0400] {logging_mixin.py:188} INFO - [2024-03-13T15:53:28.262-0400] {dagbag.py:540} INFO - Filling up the DagBag from /home/ironbong_jr/mlops/project/project/lib/python3.10/site-packages/airflow/example_dags/example_python_decorator.py
[2024-03-13T15:53:28.325-0400] {logging_mixin.py:188} INFO - [2024-03-13T15:53:28.325-0400] {example_python_decorator.py:79} WARNING - The virtalenv_python example task requires virtualenv, please install it.
[2024-03-13T15:53:28.326-0400] {processor.py:840} INFO - DAG(s) 'example_python_decorator' retrieved from /home/ironbong_jr/mlops/project/project/lib/python3.10/site-packages/airflow/example_dags/example_python_decorator.py
[2024-03-13T15:53:28.343-0400] {logging_mixin.py:188} INFO - [2024-03-13T15:53:28.343-0400] {dag.py:3047} INFO - Sync 1 DAGs
[2024-03-13T15:53:28.351-0400] {logging_mixin.py:188} INFO - [2024-03-13T15:53:28.351-0400] {dag.py:3834} INFO - Setting next_dagrun for example_python_decorator to None, run_after=None
[2024-03-13T15:53:28.372-0400] {processor.py:183} INFO - Processing /home/ironbong_jr/mlops/project/project/lib/python3.10/site-packages/airflow/example_dags/example_python_decorator.py took 0.123 seconds
[2024-03-13T15:54:44.304-0400] {processor.py:161} INFO - Started process (PID=455504) to work on /home/ironbong_jr/mlops/project/project/lib/python3.10/site-packages/airflow/example_dags/example_python_decorator.py
[2024-03-13T15:54:44.306-0400] {processor.py:830} INFO - Processing file /home/ironbong_jr/mlops/project/project/lib/python3.10/site-packages/airflow/example_dags/example_python_decorator.py for tasks to queue
[2024-03-13T15:54:44.307-0400] {logging_mixin.py:188} INFO - [2024-03-13T15:54:44.307-0400] {dagbag.py:540} INFO - Filling up the DagBag from /home/ironbong_jr/mlops/project/project/lib/python3.10/site-packages/airflow/example_dags/example_python_decorator.py
[2024-03-13T15:54:44.336-0400] {logging_mixin.py:188} INFO - [2024-03-13T15:54:44.336-0400] {example_python_decorator.py:79} WARNING - The virtalenv_python example task requires virtualenv, please install it.
[2024-03-13T15:54:44.336-0400] {processor.py:840} INFO - DAG(s) 'example_python_decorator' retrieved from /home/ironbong_jr/mlops/project/project/lib/python3.10/site-packages/airflow/example_dags/example_python_decorator.py
[2024-03-13T15:54:44.348-0400] {logging_mixin.py:188} INFO - [2024-03-13T15:54:44.348-0400] {dag.py:3047} INFO - Sync 1 DAGs
[2024-03-13T15:54:44.355-0400] {logging_mixin.py:188} INFO - [2024-03-13T15:54:44.355-0400] {dag.py:3834} INFO - Setting next_dagrun for example_python_decorator to None, run_after=None
[2024-03-13T15:54:44.376-0400] {processor.py:183} INFO - Processing /home/ironbong_jr/mlops/project/project/lib/python3.10/site-packages/airflow/example_dags/example_python_decorator.py took 0.073 seconds
[2024-03-13T15:56:00.856-0400] {processor.py:161} INFO - Started process (PID=455873) to work on /home/ironbong_jr/mlops/project/project/lib/python3.10/site-packages/airflow/example_dags/example_python_decorator.py
[2024-03-13T15:56:00.859-0400] {processor.py:830} INFO - Processing file /home/ironbong_jr/mlops/project/project/lib/python3.10/site-packages/airflow/example_dags/example_python_decorator.py for tasks to queue
[2024-03-13T15:56:00.860-0400] {logging_mixin.py:188} INFO - [2024-03-13T15:56:00.860-0400] {dagbag.py:540} INFO - Filling up the DagBag from /home/ironbong_jr/mlops/project/project/lib/python3.10/site-packages/airflow/example_dags/example_python_decorator.py
[2024-03-13T15:56:00.899-0400] {logging_mixin.py:188} INFO - [2024-03-13T15:56:00.899-0400] {example_python_decorator.py:79} WARNING - The virtalenv_python example task requires virtualenv, please install it.
[2024-03-13T15:56:00.900-0400] {processor.py:840} INFO - DAG(s) 'example_python_decorator' retrieved from /home/ironbong_jr/mlops/project/project/lib/python3.10/site-packages/airflow/example_dags/example_python_decorator.py
[2024-03-13T15:56:00.913-0400] {logging_mixin.py:188} INFO - [2024-03-13T15:56:00.913-0400] {dag.py:3047} INFO - Sync 1 DAGs
[2024-03-13T15:56:00.923-0400] {logging_mixin.py:188} INFO - [2024-03-13T15:56:00.923-0400] {dag.py:3834} INFO - Setting next_dagrun for example_python_decorator to None, run_after=None
[2024-03-13T15:56:00.954-0400] {processor.py:183} INFO - Processing /home/ironbong_jr/mlops/project/project/lib/python3.10/site-packages/airflow/example_dags/example_python_decorator.py took 0.101 seconds
[2024-03-13T15:57:15.070-0400] {processor.py:161} INFO - Started process (PID=456277) to work on /home/ironbong_jr/mlops/project/project/lib/python3.10/site-packages/airflow/example_dags/example_python_decorator.py
[2024-03-13T15:57:15.074-0400] {processor.py:830} INFO - Processing file /home/ironbong_jr/mlops/project/project/lib/python3.10/site-packages/airflow/example_dags/example_python_decorator.py for tasks to queue
[2024-03-13T15:57:15.075-0400] {logging_mixin.py:188} INFO - [2024-03-13T15:57:15.074-0400] {dagbag.py:540} INFO - Filling up the DagBag from /home/ironbong_jr/mlops/project/project/lib/python3.10/site-packages/airflow/example_dags/example_python_decorator.py
[2024-03-13T15:57:15.105-0400] {logging_mixin.py:188} INFO - [2024-03-13T15:57:15.105-0400] {example_python_decorator.py:79} WARNING - The virtalenv_python example task requires virtualenv, please install it.
[2024-03-13T15:57:15.106-0400] {processor.py:840} INFO - DAG(s) 'example_python_decorator' retrieved from /home/ironbong_jr/mlops/project/project/lib/python3.10/site-packages/airflow/example_dags/example_python_decorator.py
[2024-03-13T15:57:15.117-0400] {logging_mixin.py:188} INFO - [2024-03-13T15:57:15.117-0400] {dag.py:3047} INFO - Sync 1 DAGs
[2024-03-13T15:57:15.125-0400] {logging_mixin.py:188} INFO - [2024-03-13T15:57:15.125-0400] {dag.py:3834} INFO - Setting next_dagrun for example_python_decorator to None, run_after=None
[2024-03-13T15:57:15.147-0400] {processor.py:183} INFO - Processing /home/ironbong_jr/mlops/project/project/lib/python3.10/site-packages/airflow/example_dags/example_python_decorator.py took 0.079 seconds
[2024-03-13T15:58:33.329-0400] {processor.py:161} INFO - Started process (PID=456695) to work on /home/ironbong_jr/mlops/project/project/lib/python3.10/site-packages/airflow/example_dags/example_python_decorator.py
[2024-03-13T15:58:33.331-0400] {processor.py:830} INFO - Processing file /home/ironbong_jr/mlops/project/project/lib/python3.10/site-packages/airflow/example_dags/example_python_decorator.py for tasks to queue
[2024-03-13T15:58:33.332-0400] {logging_mixin.py:188} INFO - [2024-03-13T15:58:33.332-0400] {dagbag.py:540} INFO - Filling up the DagBag from /home/ironbong_jr/mlops/project/project/lib/python3.10/site-packages/airflow/example_dags/example_python_decorator.py
[2024-03-13T15:58:33.359-0400] {logging_mixin.py:188} INFO - [2024-03-13T15:58:33.359-0400] {example_python_decorator.py:79} WARNING - The virtalenv_python example task requires virtualenv, please install it.
[2024-03-13T15:58:33.360-0400] {processor.py:840} INFO - DAG(s) 'example_python_decorator' retrieved from /home/ironbong_jr/mlops/project/project/lib/python3.10/site-packages/airflow/example_dags/example_python_decorator.py
[2024-03-13T15:58:33.371-0400] {logging_mixin.py:188} INFO - [2024-03-13T15:58:33.371-0400] {dag.py:3047} INFO - Sync 1 DAGs
[2024-03-13T15:58:33.378-0400] {logging_mixin.py:188} INFO - [2024-03-13T15:58:33.378-0400] {dag.py:3834} INFO - Setting next_dagrun for example_python_decorator to None, run_after=None
[2024-03-13T15:58:33.402-0400] {processor.py:183} INFO - Processing /home/ironbong_jr/mlops/project/project/lib/python3.10/site-packages/airflow/example_dags/example_python_decorator.py took 0.075 seconds
[2024-03-13T15:59:51.206-0400] {processor.py:161} INFO - Started process (PID=457097) to work on /home/ironbong_jr/mlops/project/project/lib/python3.10/site-packages/airflow/example_dags/example_python_decorator.py
[2024-03-13T15:59:51.208-0400] {processor.py:830} INFO - Processing file /home/ironbong_jr/mlops/project/project/lib/python3.10/site-packages/airflow/example_dags/example_python_decorator.py for tasks to queue
[2024-03-13T15:59:51.208-0400] {logging_mixin.py:188} INFO - [2024-03-13T15:59:51.208-0400] {dagbag.py:540} INFO - Filling up the DagBag from /home/ironbong_jr/mlops/project/project/lib/python3.10/site-packages/airflow/example_dags/example_python_decorator.py
[2024-03-13T15:59:51.235-0400] {logging_mixin.py:188} INFO - [2024-03-13T15:59:51.235-0400] {example_python_decorator.py:79} WARNING - The virtalenv_python example task requires virtualenv, please install it.
[2024-03-13T15:59:51.235-0400] {processor.py:840} INFO - DAG(s) 'example_python_decorator' retrieved from /home/ironbong_jr/mlops/project/project/lib/python3.10/site-packages/airflow/example_dags/example_python_decorator.py
[2024-03-13T15:59:51.246-0400] {logging_mixin.py:188} INFO - [2024-03-13T15:59:51.246-0400] {dag.py:3047} INFO - Sync 1 DAGs
[2024-03-13T15:59:51.253-0400] {logging_mixin.py:188} INFO - [2024-03-13T15:59:51.253-0400] {dag.py:3834} INFO - Setting next_dagrun for example_python_decorator to None, run_after=None
[2024-03-13T15:59:51.274-0400] {processor.py:183} INFO - Processing /home/ironbong_jr/mlops/project/project/lib/python3.10/site-packages/airflow/example_dags/example_python_decorator.py took 0.070 seconds
[2024-03-13T16:01:06.246-0400] {processor.py:161} INFO - Started process (PID=457451) to work on /home/ironbong_jr/mlops/project/project/lib/python3.10/site-packages/airflow/example_dags/example_python_decorator.py
[2024-03-13T16:01:06.250-0400] {processor.py:830} INFO - Processing file /home/ironbong_jr/mlops/project/project/lib/python3.10/site-packages/airflow/example_dags/example_python_decorator.py for tasks to queue
[2024-03-13T16:01:06.251-0400] {logging_mixin.py:188} INFO - [2024-03-13T16:01:06.251-0400] {dagbag.py:540} INFO - Filling up the DagBag from /home/ironbong_jr/mlops/project/project/lib/python3.10/site-packages/airflow/example_dags/example_python_decorator.py
[2024-03-13T16:01:06.269-0400] {logging_mixin.py:188} INFO - [2024-03-13T16:01:06.269-0400] {example_python_decorator.py:79} WARNING - The virtalenv_python example task requires virtualenv, please install it.
[2024-03-13T16:01:06.270-0400] {processor.py:840} INFO - DAG(s) 'example_python_decorator' retrieved from /home/ironbong_jr/mlops/project/project/lib/python3.10/site-packages/airflow/example_dags/example_python_decorator.py
[2024-03-13T16:01:06.281-0400] {logging_mixin.py:188} INFO - [2024-03-13T16:01:06.281-0400] {dag.py:3047} INFO - Sync 1 DAGs
[2024-03-13T16:01:06.288-0400] {logging_mixin.py:188} INFO - [2024-03-13T16:01:06.288-0400] {dag.py:3834} INFO - Setting next_dagrun for example_python_decorator to None, run_after=None
[2024-03-13T16:01:06.311-0400] {processor.py:183} INFO - Processing /home/ironbong_jr/mlops/project/project/lib/python3.10/site-packages/airflow/example_dags/example_python_decorator.py took 0.067 seconds
[2024-03-13T16:02:22.701-0400] {processor.py:161} INFO - Started process (PID=457887) to work on /home/ironbong_jr/mlops/project/project/lib/python3.10/site-packages/airflow/example_dags/example_python_decorator.py
[2024-03-13T16:02:22.705-0400] {processor.py:830} INFO - Processing file /home/ironbong_jr/mlops/project/project/lib/python3.10/site-packages/airflow/example_dags/example_python_decorator.py for tasks to queue
[2024-03-13T16:02:22.706-0400] {logging_mixin.py:188} INFO - [2024-03-13T16:02:22.705-0400] {dagbag.py:540} INFO - Filling up the DagBag from /home/ironbong_jr/mlops/project/project/lib/python3.10/site-packages/airflow/example_dags/example_python_decorator.py
[2024-03-13T16:02:22.733-0400] {logging_mixin.py:188} INFO - [2024-03-13T16:02:22.733-0400] {example_python_decorator.py:79} WARNING - The virtalenv_python example task requires virtualenv, please install it.
[2024-03-13T16:02:22.733-0400] {processor.py:840} INFO - DAG(s) 'example_python_decorator' retrieved from /home/ironbong_jr/mlops/project/project/lib/python3.10/site-packages/airflow/example_dags/example_python_decorator.py
[2024-03-13T16:02:22.744-0400] {logging_mixin.py:188} INFO - [2024-03-13T16:02:22.744-0400] {dag.py:3047} INFO - Sync 1 DAGs
[2024-03-13T16:02:22.751-0400] {logging_mixin.py:188} INFO - [2024-03-13T16:02:22.751-0400] {dag.py:3834} INFO - Setting next_dagrun for example_python_decorator to None, run_after=None
[2024-03-13T16:02:22.774-0400] {processor.py:183} INFO - Processing /home/ironbong_jr/mlops/project/project/lib/python3.10/site-packages/airflow/example_dags/example_python_decorator.py took 0.074 seconds
[2024-03-13T16:03:36.750-0400] {processor.py:161} INFO - Started process (PID=458245) to work on /home/ironbong_jr/mlops/project/project/lib/python3.10/site-packages/airflow/example_dags/example_python_decorator.py
[2024-03-13T16:03:36.752-0400] {processor.py:830} INFO - Processing file /home/ironbong_jr/mlops/project/project/lib/python3.10/site-packages/airflow/example_dags/example_python_decorator.py for tasks to queue
[2024-03-13T16:03:36.752-0400] {logging_mixin.py:188} INFO - [2024-03-13T16:03:36.752-0400] {dagbag.py:540} INFO - Filling up the DagBag from /home/ironbong_jr/mlops/project/project/lib/python3.10/site-packages/airflow/example_dags/example_python_decorator.py
[2024-03-13T16:03:36.781-0400] {logging_mixin.py:188} INFO - [2024-03-13T16:03:36.781-0400] {example_python_decorator.py:79} WARNING - The virtalenv_python example task requires virtualenv, please install it.
[2024-03-13T16:03:36.781-0400] {processor.py:840} INFO - DAG(s) 'example_python_decorator' retrieved from /home/ironbong_jr/mlops/project/project/lib/python3.10/site-packages/airflow/example_dags/example_python_decorator.py
[2024-03-13T16:03:36.793-0400] {logging_mixin.py:188} INFO - [2024-03-13T16:03:36.793-0400] {dag.py:3047} INFO - Sync 1 DAGs
[2024-03-13T16:03:36.802-0400] {logging_mixin.py:188} INFO - [2024-03-13T16:03:36.801-0400] {dag.py:3834} INFO - Setting next_dagrun for example_python_decorator to None, run_after=None
[2024-03-13T16:03:36.825-0400] {processor.py:183} INFO - Processing /home/ironbong_jr/mlops/project/project/lib/python3.10/site-packages/airflow/example_dags/example_python_decorator.py took 0.077 seconds
[2024-03-13T16:04:46.551-0400] {processor.py:161} INFO - Started process (PID=458673) to work on /home/ironbong_jr/mlops/project/project/lib/python3.10/site-packages/airflow/example_dags/example_python_decorator.py
[2024-03-13T16:04:46.554-0400] {processor.py:830} INFO - Processing file /home/ironbong_jr/mlops/project/project/lib/python3.10/site-packages/airflow/example_dags/example_python_decorator.py for tasks to queue
[2024-03-13T16:04:46.555-0400] {logging_mixin.py:188} INFO - [2024-03-13T16:04:46.555-0400] {dagbag.py:540} INFO - Filling up the DagBag from /home/ironbong_jr/mlops/project/project/lib/python3.10/site-packages/airflow/example_dags/example_python_decorator.py
[2024-03-13T16:04:46.581-0400] {logging_mixin.py:188} INFO - [2024-03-13T16:04:46.580-0400] {example_python_decorator.py:79} WARNING - The virtalenv_python example task requires virtualenv, please install it.
[2024-03-13T16:04:46.581-0400] {processor.py:840} INFO - DAG(s) 'example_python_decorator' retrieved from /home/ironbong_jr/mlops/project/project/lib/python3.10/site-packages/airflow/example_dags/example_python_decorator.py
[2024-03-13T16:04:46.592-0400] {logging_mixin.py:188} INFO - [2024-03-13T16:04:46.592-0400] {dag.py:3047} INFO - Sync 1 DAGs
[2024-03-13T16:04:46.599-0400] {logging_mixin.py:188} INFO - [2024-03-13T16:04:46.599-0400] {dag.py:3834} INFO - Setting next_dagrun for example_python_decorator to None, run_after=None
[2024-03-13T16:04:46.623-0400] {processor.py:183} INFO - Processing /home/ironbong_jr/mlops/project/project/lib/python3.10/site-packages/airflow/example_dags/example_python_decorator.py took 0.075 seconds
[2024-03-13T16:05:57.286-0400] {processor.py:161} INFO - Started process (PID=459033) to work on /home/ironbong_jr/mlops/project/project/lib/python3.10/site-packages/airflow/example_dags/example_python_decorator.py
[2024-03-13T16:05:57.288-0400] {processor.py:830} INFO - Processing file /home/ironbong_jr/mlops/project/project/lib/python3.10/site-packages/airflow/example_dags/example_python_decorator.py for tasks to queue
[2024-03-13T16:05:57.289-0400] {logging_mixin.py:188} INFO - [2024-03-13T16:05:57.289-0400] {dagbag.py:540} INFO - Filling up the DagBag from /home/ironbong_jr/mlops/project/project/lib/python3.10/site-packages/airflow/example_dags/example_python_decorator.py
[2024-03-13T16:05:57.322-0400] {logging_mixin.py:188} INFO - [2024-03-13T16:05:57.322-0400] {example_python_decorator.py:79} WARNING - The virtalenv_python example task requires virtualenv, please install it.
[2024-03-13T16:05:57.323-0400] {processor.py:840} INFO - DAG(s) 'example_python_decorator' retrieved from /home/ironbong_jr/mlops/project/project/lib/python3.10/site-packages/airflow/example_dags/example_python_decorator.py
[2024-03-13T16:05:57.339-0400] {logging_mixin.py:188} INFO - [2024-03-13T16:05:57.339-0400] {dag.py:3047} INFO - Sync 1 DAGs
[2024-03-13T16:05:57.351-0400] {logging_mixin.py:188} INFO - [2024-03-13T16:05:57.351-0400] {dag.py:3834} INFO - Setting next_dagrun for example_python_decorator to None, run_after=None
[2024-03-13T16:05:57.381-0400] {processor.py:183} INFO - Processing /home/ironbong_jr/mlops/project/project/lib/python3.10/site-packages/airflow/example_dags/example_python_decorator.py took 0.098 seconds
[2024-03-13T16:07:13.960-0400] {processor.py:161} INFO - Started process (PID=459419) to work on /home/ironbong_jr/mlops/project/project/lib/python3.10/site-packages/airflow/example_dags/example_python_decorator.py
[2024-03-13T16:07:13.962-0400] {processor.py:830} INFO - Processing file /home/ironbong_jr/mlops/project/project/lib/python3.10/site-packages/airflow/example_dags/example_python_decorator.py for tasks to queue
[2024-03-13T16:07:13.963-0400] {logging_mixin.py:188} INFO - [2024-03-13T16:07:13.963-0400] {dagbag.py:540} INFO - Filling up the DagBag from /home/ironbong_jr/mlops/project/project/lib/python3.10/site-packages/airflow/example_dags/example_python_decorator.py
[2024-03-13T16:07:13.994-0400] {logging_mixin.py:188} INFO - [2024-03-13T16:07:13.993-0400] {example_python_decorator.py:79} WARNING - The virtalenv_python example task requires virtualenv, please install it.
[2024-03-13T16:07:13.994-0400] {processor.py:840} INFO - DAG(s) 'example_python_decorator' retrieved from /home/ironbong_jr/mlops/project/project/lib/python3.10/site-packages/airflow/example_dags/example_python_decorator.py
[2024-03-13T16:07:14.005-0400] {logging_mixin.py:188} INFO - [2024-03-13T16:07:14.005-0400] {dag.py:3047} INFO - Sync 1 DAGs
[2024-03-13T16:07:14.012-0400] {logging_mixin.py:188} INFO - [2024-03-13T16:07:14.011-0400] {dag.py:3834} INFO - Setting next_dagrun for example_python_decorator to None, run_after=None
[2024-03-13T16:07:14.033-0400] {processor.py:183} INFO - Processing /home/ironbong_jr/mlops/project/project/lib/python3.10/site-packages/airflow/example_dags/example_python_decorator.py took 0.075 seconds
[2024-03-13T16:08:10.631-0400] {processor.py:161} INFO - Started process (PID=459692) to work on /home/ironbong_jr/mlops/project/project/lib/python3.10/site-packages/airflow/example_dags/example_python_decorator.py
[2024-03-13T16:08:10.635-0400] {processor.py:830} INFO - Processing file /home/ironbong_jr/mlops/project/project/lib/python3.10/site-packages/airflow/example_dags/example_python_decorator.py for tasks to queue
[2024-03-13T16:08:10.635-0400] {logging_mixin.py:188} INFO - [2024-03-13T16:08:10.635-0400] {dagbag.py:540} INFO - Filling up the DagBag from /home/ironbong_jr/mlops/project/project/lib/python3.10/site-packages/airflow/example_dags/example_python_decorator.py
[2024-03-13T16:08:10.652-0400] {logging_mixin.py:188} INFO - [2024-03-13T16:08:10.652-0400] {example_python_decorator.py:79} WARNING - The virtalenv_python example task requires virtualenv, please install it.
[2024-03-13T16:08:10.653-0400] {processor.py:840} INFO - DAG(s) 'example_python_decorator' retrieved from /home/ironbong_jr/mlops/project/project/lib/python3.10/site-packages/airflow/example_dags/example_python_decorator.py
[2024-03-13T16:08:10.664-0400] {logging_mixin.py:188} INFO - [2024-03-13T16:08:10.664-0400] {dag.py:3047} INFO - Sync 1 DAGs
[2024-03-13T16:08:10.676-0400] {logging_mixin.py:188} INFO - [2024-03-13T16:08:10.676-0400] {dag.py:3834} INFO - Setting next_dagrun for example_python_decorator to None, run_after=None
[2024-03-13T16:08:10.697-0400] {processor.py:183} INFO - Processing /home/ironbong_jr/mlops/project/project/lib/python3.10/site-packages/airflow/example_dags/example_python_decorator.py took 0.068 seconds
[2024-03-13T16:09:24.762-0400] {processor.py:161} INFO - Started process (PID=460059) to work on /home/ironbong_jr/mlops/project/project/lib/python3.10/site-packages/airflow/example_dags/example_python_decorator.py
[2024-03-13T16:09:24.766-0400] {processor.py:830} INFO - Processing file /home/ironbong_jr/mlops/project/project/lib/python3.10/site-packages/airflow/example_dags/example_python_decorator.py for tasks to queue
[2024-03-13T16:09:24.767-0400] {logging_mixin.py:188} INFO - [2024-03-13T16:09:24.766-0400] {dagbag.py:540} INFO - Filling up the DagBag from /home/ironbong_jr/mlops/project/project/lib/python3.10/site-packages/airflow/example_dags/example_python_decorator.py
[2024-03-13T16:09:24.800-0400] {logging_mixin.py:188} INFO - [2024-03-13T16:09:24.800-0400] {example_python_decorator.py:79} WARNING - The virtalenv_python example task requires virtualenv, please install it.
[2024-03-13T16:09:24.802-0400] {processor.py:840} INFO - DAG(s) 'example_python_decorator' retrieved from /home/ironbong_jr/mlops/project/project/lib/python3.10/site-packages/airflow/example_dags/example_python_decorator.py
[2024-03-13T16:09:24.817-0400] {logging_mixin.py:188} INFO - [2024-03-13T16:09:24.817-0400] {dag.py:3047} INFO - Sync 1 DAGs
[2024-03-13T16:09:24.825-0400] {logging_mixin.py:188} INFO - [2024-03-13T16:09:24.825-0400] {dag.py:3834} INFO - Setting next_dagrun for example_python_decorator to None, run_after=None
[2024-03-13T16:09:24.851-0400] {processor.py:183} INFO - Processing /home/ironbong_jr/mlops/project/project/lib/python3.10/site-packages/airflow/example_dags/example_python_decorator.py took 0.092 seconds
[2024-03-13T16:10:38.994-0400] {processor.py:161} INFO - Started process (PID=460427) to work on /home/ironbong_jr/mlops/project/project/lib/python3.10/site-packages/airflow/example_dags/example_python_decorator.py
[2024-03-13T16:10:38.998-0400] {processor.py:830} INFO - Processing file /home/ironbong_jr/mlops/project/project/lib/python3.10/site-packages/airflow/example_dags/example_python_decorator.py for tasks to queue
[2024-03-13T16:10:38.999-0400] {logging_mixin.py:188} INFO - [2024-03-13T16:10:38.998-0400] {dagbag.py:540} INFO - Filling up the DagBag from /home/ironbong_jr/mlops/project/project/lib/python3.10/site-packages/airflow/example_dags/example_python_decorator.py
[2024-03-13T16:10:39.017-0400] {logging_mixin.py:188} INFO - [2024-03-13T16:10:39.016-0400] {example_python_decorator.py:79} WARNING - The virtalenv_python example task requires virtualenv, please install it.
[2024-03-13T16:10:39.017-0400] {processor.py:840} INFO - DAG(s) 'example_python_decorator' retrieved from /home/ironbong_jr/mlops/project/project/lib/python3.10/site-packages/airflow/example_dags/example_python_decorator.py
[2024-03-13T16:10:39.028-0400] {logging_mixin.py:188} INFO - [2024-03-13T16:10:39.028-0400] {dag.py:3047} INFO - Sync 1 DAGs
[2024-03-13T16:10:39.035-0400] {logging_mixin.py:188} INFO - [2024-03-13T16:10:39.035-0400] {dag.py:3834} INFO - Setting next_dagrun for example_python_decorator to None, run_after=None
[2024-03-13T16:10:39.057-0400] {processor.py:183} INFO - Processing /home/ironbong_jr/mlops/project/project/lib/python3.10/site-packages/airflow/example_dags/example_python_decorator.py took 0.064 seconds
[2024-03-13T16:11:53.532-0400] {processor.py:161} INFO - Started process (PID=460802) to work on /home/ironbong_jr/mlops/project/project/lib/python3.10/site-packages/airflow/example_dags/example_python_decorator.py
[2024-03-13T16:11:53.535-0400] {processor.py:830} INFO - Processing file /home/ironbong_jr/mlops/project/project/lib/python3.10/site-packages/airflow/example_dags/example_python_decorator.py for tasks to queue
[2024-03-13T16:11:53.536-0400] {logging_mixin.py:188} INFO - [2024-03-13T16:11:53.536-0400] {dagbag.py:540} INFO - Filling up the DagBag from /home/ironbong_jr/mlops/project/project/lib/python3.10/site-packages/airflow/example_dags/example_python_decorator.py
[2024-03-13T16:11:53.569-0400] {logging_mixin.py:188} INFO - [2024-03-13T16:11:53.569-0400] {example_python_decorator.py:79} WARNING - The virtalenv_python example task requires virtualenv, please install it.
[2024-03-13T16:11:53.570-0400] {processor.py:840} INFO - DAG(s) 'example_python_decorator' retrieved from /home/ironbong_jr/mlops/project/project/lib/python3.10/site-packages/airflow/example_dags/example_python_decorator.py
[2024-03-13T16:11:53.583-0400] {logging_mixin.py:188} INFO - [2024-03-13T16:11:53.583-0400] {dag.py:3047} INFO - Sync 1 DAGs
[2024-03-13T16:11:53.591-0400] {logging_mixin.py:188} INFO - [2024-03-13T16:11:53.591-0400] {dag.py:3834} INFO - Setting next_dagrun for example_python_decorator to None, run_after=None
[2024-03-13T16:11:53.617-0400] {processor.py:183} INFO - Processing /home/ironbong_jr/mlops/project/project/lib/python3.10/site-packages/airflow/example_dags/example_python_decorator.py took 0.088 seconds
