[2024-03-12T21:21:25.430-0400] {processor.py:161} INFO - Started process (PID=406902) to work on /home/ironbong_jr/mlops/project/project/lib/python3.10/site-packages/airflow/example_dags/example_kubernetes_executor.py
[2024-03-12T21:21:25.443-0400] {processor.py:830} INFO - Processing file /home/ironbong_jr/mlops/project/project/lib/python3.10/site-packages/airflow/example_dags/example_kubernetes_executor.py for tasks to queue
[2024-03-12T21:21:25.445-0400] {logging_mixin.py:188} INFO - [2024-03-12T21:21:25.444-0400] {dagbag.py:540} INFO - Filling up the DagBag from /home/ironbong_jr/mlops/project/project/lib/python3.10/site-packages/airflow/example_dags/example_kubernetes_executor.py
[2024-03-12T21:21:25.452-0400] {logging_mixin.py:188} INFO - [2024-03-12T21:21:25.451-0400] {example_kubernetes_executor.py:38} WARNING - The example_kubernetes_executor example DAG requires the kubernetes provider. Please install it with: pip install apache-airflow[cncf.kubernetes]
[2024-03-12T21:21:25.452-0400] {processor.py:842} WARNING - No viable dags retrieved from /home/ironbong_jr/mlops/project/project/lib/python3.10/site-packages/airflow/example_dags/example_kubernetes_executor.py
[2024-03-12T21:21:25.475-0400] {processor.py:183} INFO - Processing /home/ironbong_jr/mlops/project/project/lib/python3.10/site-packages/airflow/example_dags/example_kubernetes_executor.py took 0.050 seconds
[2024-03-12T21:22:52.748-0400] {processor.py:161} INFO - Started process (PID=407273) to work on /home/ironbong_jr/mlops/project/project/lib/python3.10/site-packages/airflow/example_dags/example_kubernetes_executor.py
[2024-03-12T21:22:52.798-0400] {processor.py:830} INFO - Processing file /home/ironbong_jr/mlops/project/project/lib/python3.10/site-packages/airflow/example_dags/example_kubernetes_executor.py for tasks to queue
[2024-03-12T21:22:52.801-0400] {logging_mixin.py:188} INFO - [2024-03-12T21:22:52.800-0400] {dagbag.py:540} INFO - Filling up the DagBag from /home/ironbong_jr/mlops/project/project/lib/python3.10/site-packages/airflow/example_dags/example_kubernetes_executor.py
[2024-03-12T21:22:52.806-0400] {logging_mixin.py:188} INFO - [2024-03-12T21:22:52.806-0400] {example_kubernetes_executor.py:38} WARNING - The example_kubernetes_executor example DAG requires the kubernetes provider. Please install it with: pip install apache-airflow[cncf.kubernetes]
[2024-03-12T21:22:52.807-0400] {processor.py:842} WARNING - No viable dags retrieved from /home/ironbong_jr/mlops/project/project/lib/python3.10/site-packages/airflow/example_dags/example_kubernetes_executor.py
[2024-03-12T21:22:52.838-0400] {processor.py:183} INFO - Processing /home/ironbong_jr/mlops/project/project/lib/python3.10/site-packages/airflow/example_dags/example_kubernetes_executor.py took 0.098 seconds
[2024-03-12T21:23:49.711-0400] {processor.py:161} INFO - Started process (PID=407545) to work on /home/ironbong_jr/mlops/project/project/lib/python3.10/site-packages/airflow/example_dags/example_kubernetes_executor.py
[2024-03-12T21:23:49.758-0400] {processor.py:830} INFO - Processing file /home/ironbong_jr/mlops/project/project/lib/python3.10/site-packages/airflow/example_dags/example_kubernetes_executor.py for tasks to queue
[2024-03-12T21:23:49.760-0400] {logging_mixin.py:188} INFO - [2024-03-12T21:23:49.759-0400] {dagbag.py:540} INFO - Filling up the DagBag from /home/ironbong_jr/mlops/project/project/lib/python3.10/site-packages/airflow/example_dags/example_kubernetes_executor.py
[2024-03-12T21:23:49.766-0400] {logging_mixin.py:188} INFO - [2024-03-12T21:23:49.766-0400] {example_kubernetes_executor.py:38} WARNING - The example_kubernetes_executor example DAG requires the kubernetes provider. Please install it with: pip install apache-airflow[cncf.kubernetes]
[2024-03-12T21:23:49.767-0400] {processor.py:842} WARNING - No viable dags retrieved from /home/ironbong_jr/mlops/project/project/lib/python3.10/site-packages/airflow/example_dags/example_kubernetes_executor.py
[2024-03-12T21:23:49.785-0400] {processor.py:183} INFO - Processing /home/ironbong_jr/mlops/project/project/lib/python3.10/site-packages/airflow/example_dags/example_kubernetes_executor.py took 0.080 seconds
[2024-03-12T21:26:18.899-0400] {processor.py:161} INFO - Started process (PID=408203) to work on /home/ironbong_jr/mlops/project/project/lib/python3.10/site-packages/airflow/example_dags/example_kubernetes_executor.py
[2024-03-12T21:26:18.950-0400] {processor.py:830} INFO - Processing file /home/ironbong_jr/mlops/project/project/lib/python3.10/site-packages/airflow/example_dags/example_kubernetes_executor.py for tasks to queue
[2024-03-12T21:26:18.952-0400] {logging_mixin.py:188} INFO - [2024-03-12T21:26:18.951-0400] {dagbag.py:540} INFO - Filling up the DagBag from /home/ironbong_jr/mlops/project/project/lib/python3.10/site-packages/airflow/example_dags/example_kubernetes_executor.py
[2024-03-12T21:26:18.967-0400] {logging_mixin.py:188} INFO - [2024-03-12T21:26:18.964-0400] {example_kubernetes_executor.py:38} WARNING - The example_kubernetes_executor example DAG requires the kubernetes provider. Please install it with: pip install apache-airflow[cncf.kubernetes]
[2024-03-12T21:26:18.968-0400] {processor.py:842} WARNING - No viable dags retrieved from /home/ironbong_jr/mlops/project/project/lib/python3.10/site-packages/airflow/example_dags/example_kubernetes_executor.py
[2024-03-12T21:26:18.991-0400] {processor.py:183} INFO - Processing /home/ironbong_jr/mlops/project/project/lib/python3.10/site-packages/airflow/example_dags/example_kubernetes_executor.py took 0.109 seconds
[2024-03-12T21:27:32.893-0400] {processor.py:161} INFO - Started process (PID=408528) to work on /home/ironbong_jr/mlops/project/project/lib/python3.10/site-packages/airflow/example_dags/example_kubernetes_executor.py
[2024-03-12T21:27:32.944-0400] {processor.py:830} INFO - Processing file /home/ironbong_jr/mlops/project/project/lib/python3.10/site-packages/airflow/example_dags/example_kubernetes_executor.py for tasks to queue
[2024-03-12T21:27:32.947-0400] {logging_mixin.py:188} INFO - [2024-03-12T21:27:32.946-0400] {dagbag.py:540} INFO - Filling up the DagBag from /home/ironbong_jr/mlops/project/project/lib/python3.10/site-packages/airflow/example_dags/example_kubernetes_executor.py
[2024-03-12T21:27:32.954-0400] {logging_mixin.py:188} INFO - [2024-03-12T21:27:32.953-0400] {example_kubernetes_executor.py:38} WARNING - The example_kubernetes_executor example DAG requires the kubernetes provider. Please install it with: pip install apache-airflow[cncf.kubernetes]
[2024-03-12T21:27:32.954-0400] {processor.py:842} WARNING - No viable dags retrieved from /home/ironbong_jr/mlops/project/project/lib/python3.10/site-packages/airflow/example_dags/example_kubernetes_executor.py
[2024-03-12T21:27:32.975-0400] {processor.py:183} INFO - Processing /home/ironbong_jr/mlops/project/project/lib/python3.10/site-packages/airflow/example_dags/example_kubernetes_executor.py took 0.092 seconds
[2024-03-12T21:29:11.858-0400] {processor.py:161} INFO - Started process (PID=409000) to work on /home/ironbong_jr/mlops/project/project/lib/python3.10/site-packages/airflow/example_dags/example_kubernetes_executor.py
[2024-03-12T21:29:11.907-0400] {processor.py:830} INFO - Processing file /home/ironbong_jr/mlops/project/project/lib/python3.10/site-packages/airflow/example_dags/example_kubernetes_executor.py for tasks to queue
[2024-03-12T21:29:11.910-0400] {logging_mixin.py:188} INFO - [2024-03-12T21:29:11.909-0400] {dagbag.py:540} INFO - Filling up the DagBag from /home/ironbong_jr/mlops/project/project/lib/python3.10/site-packages/airflow/example_dags/example_kubernetes_executor.py
[2024-03-12T21:29:11.915-0400] {logging_mixin.py:188} INFO - [2024-03-12T21:29:11.915-0400] {example_kubernetes_executor.py:38} WARNING - The example_kubernetes_executor example DAG requires the kubernetes provider. Please install it with: pip install apache-airflow[cncf.kubernetes]
[2024-03-12T21:29:11.916-0400] {processor.py:842} WARNING - No viable dags retrieved from /home/ironbong_jr/mlops/project/project/lib/python3.10/site-packages/airflow/example_dags/example_kubernetes_executor.py
[2024-03-12T21:29:11.947-0400] {processor.py:183} INFO - Processing /home/ironbong_jr/mlops/project/project/lib/python3.10/site-packages/airflow/example_dags/example_kubernetes_executor.py took 0.096 seconds
[2024-03-12T21:30:38.370-0400] {processor.py:161} INFO - Started process (PID=409433) to work on /home/ironbong_jr/mlops/project/project/lib/python3.10/site-packages/airflow/example_dags/example_kubernetes_executor.py
[2024-03-12T21:30:38.421-0400] {processor.py:830} INFO - Processing file /home/ironbong_jr/mlops/project/project/lib/python3.10/site-packages/airflow/example_dags/example_kubernetes_executor.py for tasks to queue
[2024-03-12T21:30:38.424-0400] {logging_mixin.py:188} INFO - [2024-03-12T21:30:38.423-0400] {dagbag.py:540} INFO - Filling up the DagBag from /home/ironbong_jr/mlops/project/project/lib/python3.10/site-packages/airflow/example_dags/example_kubernetes_executor.py
[2024-03-12T21:30:38.430-0400] {logging_mixin.py:188} INFO - [2024-03-12T21:30:38.430-0400] {example_kubernetes_executor.py:38} WARNING - The example_kubernetes_executor example DAG requires the kubernetes provider. Please install it with: pip install apache-airflow[cncf.kubernetes]
[2024-03-12T21:30:38.431-0400] {processor.py:842} WARNING - No viable dags retrieved from /home/ironbong_jr/mlops/project/project/lib/python3.10/site-packages/airflow/example_dags/example_kubernetes_executor.py
[2024-03-12T21:30:38.459-0400] {processor.py:183} INFO - Processing /home/ironbong_jr/mlops/project/project/lib/python3.10/site-packages/airflow/example_dags/example_kubernetes_executor.py took 0.097 seconds
[2024-03-12T21:32:18.768-0400] {processor.py:161} INFO - Started process (PID=409921) to work on /home/ironbong_jr/mlops/project/project/lib/python3.10/site-packages/airflow/example_dags/example_kubernetes_executor.py
[2024-03-12T21:32:18.817-0400] {processor.py:830} INFO - Processing file /home/ironbong_jr/mlops/project/project/lib/python3.10/site-packages/airflow/example_dags/example_kubernetes_executor.py for tasks to queue
[2024-03-12T21:32:18.820-0400] {logging_mixin.py:188} INFO - [2024-03-12T21:32:18.819-0400] {dagbag.py:540} INFO - Filling up the DagBag from /home/ironbong_jr/mlops/project/project/lib/python3.10/site-packages/airflow/example_dags/example_kubernetes_executor.py
[2024-03-12T21:32:18.828-0400] {logging_mixin.py:188} INFO - [2024-03-12T21:32:18.827-0400] {example_kubernetes_executor.py:38} WARNING - The example_kubernetes_executor example DAG requires the kubernetes provider. Please install it with: pip install apache-airflow[cncf.kubernetes]
[2024-03-12T21:32:18.829-0400] {processor.py:842} WARNING - No viable dags retrieved from /home/ironbong_jr/mlops/project/project/lib/python3.10/site-packages/airflow/example_dags/example_kubernetes_executor.py
[2024-03-12T21:32:18.849-0400] {processor.py:183} INFO - Processing /home/ironbong_jr/mlops/project/project/lib/python3.10/site-packages/airflow/example_dags/example_kubernetes_executor.py took 0.087 seconds
[2024-03-12T21:33:59.464-0400] {processor.py:161} INFO - Started process (PID=410475) to work on /home/ironbong_jr/mlops/project/project/lib/python3.10/site-packages/airflow/example_dags/example_kubernetes_executor.py
[2024-03-12T21:33:59.468-0400] {processor.py:830} INFO - Processing file /home/ironbong_jr/mlops/project/project/lib/python3.10/site-packages/airflow/example_dags/example_kubernetes_executor.py for tasks to queue
[2024-03-12T21:33:59.471-0400] {logging_mixin.py:188} INFO - [2024-03-12T21:33:59.470-0400] {dagbag.py:540} INFO - Filling up the DagBag from /home/ironbong_jr/mlops/project/project/lib/python3.10/site-packages/airflow/example_dags/example_kubernetes_executor.py
[2024-03-12T21:33:59.481-0400] {logging_mixin.py:188} INFO - [2024-03-12T21:33:59.479-0400] {example_kubernetes_executor.py:38} WARNING - The example_kubernetes_executor example DAG requires the kubernetes provider. Please install it with: pip install apache-airflow[cncf.kubernetes]
[2024-03-12T21:33:59.482-0400] {processor.py:842} WARNING - No viable dags retrieved from /home/ironbong_jr/mlops/project/project/lib/python3.10/site-packages/airflow/example_dags/example_kubernetes_executor.py
[2024-03-12T21:33:59.510-0400] {processor.py:183} INFO - Processing /home/ironbong_jr/mlops/project/project/lib/python3.10/site-packages/airflow/example_dags/example_kubernetes_executor.py took 0.060 seconds
[2024-03-12T23:25:42.906-0400] {processor.py:161} INFO - Started process (PID=417582) to work on /home/ironbong_jr/mlops/project/project/lib/python3.10/site-packages/airflow/example_dags/example_kubernetes_executor.py
[2024-03-12T23:25:42.911-0400] {processor.py:830} INFO - Processing file /home/ironbong_jr/mlops/project/project/lib/python3.10/site-packages/airflow/example_dags/example_kubernetes_executor.py for tasks to queue
[2024-03-12T23:25:42.913-0400] {logging_mixin.py:188} INFO - [2024-03-12T23:25:42.912-0400] {dagbag.py:540} INFO - Filling up the DagBag from /home/ironbong_jr/mlops/project/project/lib/python3.10/site-packages/airflow/example_dags/example_kubernetes_executor.py
[2024-03-12T23:25:42.919-0400] {logging_mixin.py:188} INFO - [2024-03-12T23:25:42.919-0400] {example_kubernetes_executor.py:38} WARNING - The example_kubernetes_executor example DAG requires the kubernetes provider. Please install it with: pip install apache-airflow[cncf.kubernetes]
[2024-03-12T23:25:42.920-0400] {processor.py:842} WARNING - No viable dags retrieved from /home/ironbong_jr/mlops/project/project/lib/python3.10/site-packages/airflow/example_dags/example_kubernetes_executor.py
[2024-03-12T23:25:42.940-0400] {processor.py:183} INFO - Processing /home/ironbong_jr/mlops/project/project/lib/python3.10/site-packages/airflow/example_dags/example_kubernetes_executor.py took 0.041 seconds
[2024-03-12T23:29:06.222-0400] {processor.py:161} INFO - Started process (PID=418405) to work on /home/ironbong_jr/mlops/project/project/lib/python3.10/site-packages/airflow/example_dags/example_kubernetes_executor.py
[2024-03-12T23:29:06.229-0400] {processor.py:830} INFO - Processing file /home/ironbong_jr/mlops/project/project/lib/python3.10/site-packages/airflow/example_dags/example_kubernetes_executor.py for tasks to queue
[2024-03-12T23:29:06.231-0400] {logging_mixin.py:188} INFO - [2024-03-12T23:29:06.230-0400] {dagbag.py:540} INFO - Filling up the DagBag from /home/ironbong_jr/mlops/project/project/lib/python3.10/site-packages/airflow/example_dags/example_kubernetes_executor.py
[2024-03-12T23:29:06.238-0400] {logging_mixin.py:188} INFO - [2024-03-12T23:29:06.238-0400] {example_kubernetes_executor.py:38} WARNING - The example_kubernetes_executor example DAG requires the kubernetes provider. Please install it with: pip install apache-airflow[cncf.kubernetes]
[2024-03-12T23:29:06.239-0400] {processor.py:842} WARNING - No viable dags retrieved from /home/ironbong_jr/mlops/project/project/lib/python3.10/site-packages/airflow/example_dags/example_kubernetes_executor.py
[2024-03-12T23:29:06.277-0400] {processor.py:183} INFO - Processing /home/ironbong_jr/mlops/project/project/lib/python3.10/site-packages/airflow/example_dags/example_kubernetes_executor.py took 0.063 seconds
[2024-03-12T23:30:28.952-0400] {processor.py:161} INFO - Started process (PID=418739) to work on /home/ironbong_jr/mlops/project/project/lib/python3.10/site-packages/airflow/example_dags/example_kubernetes_executor.py
[2024-03-12T23:30:29.003-0400] {processor.py:830} INFO - Processing file /home/ironbong_jr/mlops/project/project/lib/python3.10/site-packages/airflow/example_dags/example_kubernetes_executor.py for tasks to queue
[2024-03-12T23:30:29.006-0400] {logging_mixin.py:188} INFO - [2024-03-12T23:30:29.005-0400] {dagbag.py:540} INFO - Filling up the DagBag from /home/ironbong_jr/mlops/project/project/lib/python3.10/site-packages/airflow/example_dags/example_kubernetes_executor.py
[2024-03-12T23:30:29.018-0400] {logging_mixin.py:188} INFO - [2024-03-12T23:30:29.018-0400] {example_kubernetes_executor.py:38} WARNING - The example_kubernetes_executor example DAG requires the kubernetes provider. Please install it with: pip install apache-airflow[cncf.kubernetes]
[2024-03-12T23:30:29.019-0400] {processor.py:842} WARNING - No viable dags retrieved from /home/ironbong_jr/mlops/project/project/lib/python3.10/site-packages/airflow/example_dags/example_kubernetes_executor.py
[2024-03-12T23:30:29.040-0400] {processor.py:183} INFO - Processing /home/ironbong_jr/mlops/project/project/lib/python3.10/site-packages/airflow/example_dags/example_kubernetes_executor.py took 0.094 seconds
[2024-03-12T23:40:09.372-0400] {processor.py:161} INFO - Started process (PID=420779) to work on /home/ironbong_jr/mlops/project/project/lib/python3.10/site-packages/airflow/example_dags/example_kubernetes_executor.py
[2024-03-12T23:40:09.375-0400] {processor.py:830} INFO - Processing file /home/ironbong_jr/mlops/project/project/lib/python3.10/site-packages/airflow/example_dags/example_kubernetes_executor.py for tasks to queue
[2024-03-12T23:40:09.377-0400] {logging_mixin.py:188} INFO - [2024-03-12T23:40:09.376-0400] {dagbag.py:540} INFO - Filling up the DagBag from /home/ironbong_jr/mlops/project/project/lib/python3.10/site-packages/airflow/example_dags/example_kubernetes_executor.py
[2024-03-12T23:40:09.382-0400] {logging_mixin.py:188} INFO - [2024-03-12T23:40:09.382-0400] {example_kubernetes_executor.py:38} WARNING - The example_kubernetes_executor example DAG requires the kubernetes provider. Please install it with: pip install apache-airflow[cncf.kubernetes]
[2024-03-12T23:40:09.382-0400] {processor.py:842} WARNING - No viable dags retrieved from /home/ironbong_jr/mlops/project/project/lib/python3.10/site-packages/airflow/example_dags/example_kubernetes_executor.py
[2024-03-12T23:40:09.409-0400] {processor.py:183} INFO - Processing /home/ironbong_jr/mlops/project/project/lib/python3.10/site-packages/airflow/example_dags/example_kubernetes_executor.py took 0.047 seconds
[2024-03-12T23:43:16.708-0400] {processor.py:161} INFO - Started process (PID=421834) to work on /home/ironbong_jr/mlops/project/project/lib/python3.10/site-packages/airflow/example_dags/example_kubernetes_executor.py
[2024-03-12T23:43:16.729-0400] {processor.py:830} INFO - Processing file /home/ironbong_jr/mlops/project/project/lib/python3.10/site-packages/airflow/example_dags/example_kubernetes_executor.py for tasks to queue
[2024-03-12T23:43:16.731-0400] {logging_mixin.py:188} INFO - [2024-03-12T23:43:16.730-0400] {dagbag.py:540} INFO - Filling up the DagBag from /home/ironbong_jr/mlops/project/project/lib/python3.10/site-packages/airflow/example_dags/example_kubernetes_executor.py
[2024-03-12T23:43:16.738-0400] {logging_mixin.py:188} INFO - [2024-03-12T23:43:16.738-0400] {example_kubernetes_executor.py:38} WARNING - The example_kubernetes_executor example DAG requires the kubernetes provider. Please install it with: pip install apache-airflow[cncf.kubernetes]
[2024-03-12T23:43:16.739-0400] {processor.py:842} WARNING - No viable dags retrieved from /home/ironbong_jr/mlops/project/project/lib/python3.10/site-packages/airflow/example_dags/example_kubernetes_executor.py
[2024-03-12T23:43:16.758-0400] {processor.py:183} INFO - Processing /home/ironbong_jr/mlops/project/project/lib/python3.10/site-packages/airflow/example_dags/example_kubernetes_executor.py took 0.056 seconds
[2024-03-12T23:44:15.884-0400] {processor.py:161} INFO - Started process (PID=422077) to work on /home/ironbong_jr/mlops/project/project/lib/python3.10/site-packages/airflow/example_dags/example_kubernetes_executor.py
[2024-03-12T23:44:15.934-0400] {processor.py:830} INFO - Processing file /home/ironbong_jr/mlops/project/project/lib/python3.10/site-packages/airflow/example_dags/example_kubernetes_executor.py for tasks to queue
[2024-03-12T23:44:15.937-0400] {logging_mixin.py:188} INFO - [2024-03-12T23:44:15.936-0400] {dagbag.py:540} INFO - Filling up the DagBag from /home/ironbong_jr/mlops/project/project/lib/python3.10/site-packages/airflow/example_dags/example_kubernetes_executor.py
[2024-03-12T23:44:15.948-0400] {logging_mixin.py:188} INFO - [2024-03-12T23:44:15.943-0400] {example_kubernetes_executor.py:38} WARNING - The example_kubernetes_executor example DAG requires the kubernetes provider. Please install it with: pip install apache-airflow[cncf.kubernetes]
[2024-03-12T23:44:15.949-0400] {processor.py:842} WARNING - No viable dags retrieved from /home/ironbong_jr/mlops/project/project/lib/python3.10/site-packages/airflow/example_dags/example_kubernetes_executor.py
[2024-03-12T23:44:15.980-0400] {processor.py:183} INFO - Processing /home/ironbong_jr/mlops/project/project/lib/python3.10/site-packages/airflow/example_dags/example_kubernetes_executor.py took 0.113 seconds
[2024-03-12T23:45:09.960-0400] {processor.py:161} INFO - Started process (PID=422320) to work on /home/ironbong_jr/mlops/project/project/lib/python3.10/site-packages/airflow/example_dags/example_kubernetes_executor.py
[2024-03-12T23:45:10.006-0400] {processor.py:830} INFO - Processing file /home/ironbong_jr/mlops/project/project/lib/python3.10/site-packages/airflow/example_dags/example_kubernetes_executor.py for tasks to queue
[2024-03-12T23:45:10.008-0400] {logging_mixin.py:188} INFO - [2024-03-12T23:45:10.008-0400] {dagbag.py:540} INFO - Filling up the DagBag from /home/ironbong_jr/mlops/project/project/lib/python3.10/site-packages/airflow/example_dags/example_kubernetes_executor.py
[2024-03-12T23:45:10.014-0400] {logging_mixin.py:188} INFO - [2024-03-12T23:45:10.014-0400] {example_kubernetes_executor.py:38} WARNING - The example_kubernetes_executor example DAG requires the kubernetes provider. Please install it with: pip install apache-airflow[cncf.kubernetes]
[2024-03-12T23:45:10.015-0400] {processor.py:842} WARNING - No viable dags retrieved from /home/ironbong_jr/mlops/project/project/lib/python3.10/site-packages/airflow/example_dags/example_kubernetes_executor.py
[2024-03-12T23:45:10.036-0400] {processor.py:183} INFO - Processing /home/ironbong_jr/mlops/project/project/lib/python3.10/site-packages/airflow/example_dags/example_kubernetes_executor.py took 0.083 seconds
[2024-03-12T23:46:49.207-0400] {processor.py:161} INFO - Started process (PID=422915) to work on /home/ironbong_jr/mlops/project/project/lib/python3.10/site-packages/airflow/example_dags/example_kubernetes_executor.py
[2024-03-12T23:46:49.241-0400] {processor.py:830} INFO - Processing file /home/ironbong_jr/mlops/project/project/lib/python3.10/site-packages/airflow/example_dags/example_kubernetes_executor.py for tasks to queue
[2024-03-12T23:46:49.242-0400] {logging_mixin.py:188} INFO - [2024-03-12T23:46:49.242-0400] {dagbag.py:540} INFO - Filling up the DagBag from /home/ironbong_jr/mlops/project/project/lib/python3.10/site-packages/airflow/example_dags/example_kubernetes_executor.py
[2024-03-12T23:46:49.248-0400] {logging_mixin.py:188} INFO - [2024-03-12T23:46:49.247-0400] {example_kubernetes_executor.py:38} WARNING - The example_kubernetes_executor example DAG requires the kubernetes provider. Please install it with: pip install apache-airflow[cncf.kubernetes]
[2024-03-12T23:46:49.249-0400] {processor.py:842} WARNING - No viable dags retrieved from /home/ironbong_jr/mlops/project/project/lib/python3.10/site-packages/airflow/example_dags/example_kubernetes_executor.py
[2024-03-12T23:46:49.273-0400] {processor.py:183} INFO - Processing /home/ironbong_jr/mlops/project/project/lib/python3.10/site-packages/airflow/example_dags/example_kubernetes_executor.py took 0.074 seconds
[2024-03-12T23:48:01.237-0400] {processor.py:161} INFO - Started process (PID=423257) to work on /home/ironbong_jr/mlops/project/project/lib/python3.10/site-packages/airflow/example_dags/example_kubernetes_executor.py
[2024-03-12T23:48:01.287-0400] {processor.py:830} INFO - Processing file /home/ironbong_jr/mlops/project/project/lib/python3.10/site-packages/airflow/example_dags/example_kubernetes_executor.py for tasks to queue
[2024-03-12T23:48:01.290-0400] {logging_mixin.py:188} INFO - [2024-03-12T23:48:01.289-0400] {dagbag.py:540} INFO - Filling up the DagBag from /home/ironbong_jr/mlops/project/project/lib/python3.10/site-packages/airflow/example_dags/example_kubernetes_executor.py
[2024-03-12T23:48:01.300-0400] {logging_mixin.py:188} INFO - [2024-03-12T23:48:01.299-0400] {example_kubernetes_executor.py:38} WARNING - The example_kubernetes_executor example DAG requires the kubernetes provider. Please install it with: pip install apache-airflow[cncf.kubernetes]
[2024-03-12T23:48:01.301-0400] {processor.py:842} WARNING - No viable dags retrieved from /home/ironbong_jr/mlops/project/project/lib/python3.10/site-packages/airflow/example_dags/example_kubernetes_executor.py
[2024-03-12T23:48:01.335-0400] {processor.py:183} INFO - Processing /home/ironbong_jr/mlops/project/project/lib/python3.10/site-packages/airflow/example_dags/example_kubernetes_executor.py took 0.103 seconds
[2024-03-12T23:49:01.633-0400] {processor.py:161} INFO - Started process (PID=423518) to work on /home/ironbong_jr/mlops/project/project/lib/python3.10/site-packages/airflow/example_dags/example_kubernetes_executor.py
[2024-03-12T23:49:01.684-0400] {processor.py:830} INFO - Processing file /home/ironbong_jr/mlops/project/project/lib/python3.10/site-packages/airflow/example_dags/example_kubernetes_executor.py for tasks to queue
[2024-03-12T23:49:01.686-0400] {logging_mixin.py:188} INFO - [2024-03-12T23:49:01.685-0400] {dagbag.py:540} INFO - Filling up the DagBag from /home/ironbong_jr/mlops/project/project/lib/python3.10/site-packages/airflow/example_dags/example_kubernetes_executor.py
[2024-03-12T23:49:01.698-0400] {logging_mixin.py:188} INFO - [2024-03-12T23:49:01.697-0400] {example_kubernetes_executor.py:38} WARNING - The example_kubernetes_executor example DAG requires the kubernetes provider. Please install it with: pip install apache-airflow[cncf.kubernetes]
[2024-03-12T23:49:01.700-0400] {processor.py:842} WARNING - No viable dags retrieved from /home/ironbong_jr/mlops/project/project/lib/python3.10/site-packages/airflow/example_dags/example_kubernetes_executor.py
[2024-03-12T23:49:01.727-0400] {processor.py:183} INFO - Processing /home/ironbong_jr/mlops/project/project/lib/python3.10/site-packages/airflow/example_dags/example_kubernetes_executor.py took 0.102 seconds
[2024-03-12T23:50:27.881-0400] {processor.py:161} INFO - Started process (PID=423986) to work on /home/ironbong_jr/mlops/project/project/lib/python3.10/site-packages/airflow/example_dags/example_kubernetes_executor.py
[2024-03-12T23:50:27.933-0400] {processor.py:830} INFO - Processing file /home/ironbong_jr/mlops/project/project/lib/python3.10/site-packages/airflow/example_dags/example_kubernetes_executor.py for tasks to queue
[2024-03-12T23:50:27.936-0400] {logging_mixin.py:188} INFO - [2024-03-12T23:50:27.935-0400] {dagbag.py:540} INFO - Filling up the DagBag from /home/ironbong_jr/mlops/project/project/lib/python3.10/site-packages/airflow/example_dags/example_kubernetes_executor.py
[2024-03-12T23:50:27.953-0400] {logging_mixin.py:188} INFO - [2024-03-12T23:50:27.953-0400] {example_kubernetes_executor.py:38} WARNING - The example_kubernetes_executor example DAG requires the kubernetes provider. Please install it with: pip install apache-airflow[cncf.kubernetes]
[2024-03-12T23:50:27.954-0400] {processor.py:842} WARNING - No viable dags retrieved from /home/ironbong_jr/mlops/project/project/lib/python3.10/site-packages/airflow/example_dags/example_kubernetes_executor.py
[2024-03-12T23:50:27.990-0400] {processor.py:183} INFO - Processing /home/ironbong_jr/mlops/project/project/lib/python3.10/site-packages/airflow/example_dags/example_kubernetes_executor.py took 0.116 seconds
[2024-03-12T23:51:53.219-0400] {processor.py:161} INFO - Started process (PID=424370) to work on /home/ironbong_jr/mlops/project/project/lib/python3.10/site-packages/airflow/example_dags/example_kubernetes_executor.py
[2024-03-12T23:51:53.266-0400] {processor.py:830} INFO - Processing file /home/ironbong_jr/mlops/project/project/lib/python3.10/site-packages/airflow/example_dags/example_kubernetes_executor.py for tasks to queue
[2024-03-12T23:51:53.269-0400] {logging_mixin.py:188} INFO - [2024-03-12T23:51:53.268-0400] {dagbag.py:540} INFO - Filling up the DagBag from /home/ironbong_jr/mlops/project/project/lib/python3.10/site-packages/airflow/example_dags/example_kubernetes_executor.py
[2024-03-12T23:51:53.279-0400] {logging_mixin.py:188} INFO - [2024-03-12T23:51:53.279-0400] {example_kubernetes_executor.py:38} WARNING - The example_kubernetes_executor example DAG requires the kubernetes provider. Please install it with: pip install apache-airflow[cncf.kubernetes]
[2024-03-12T23:51:53.280-0400] {processor.py:842} WARNING - No viable dags retrieved from /home/ironbong_jr/mlops/project/project/lib/python3.10/site-packages/airflow/example_dags/example_kubernetes_executor.py
[2024-03-12T23:51:53.299-0400] {processor.py:183} INFO - Processing /home/ironbong_jr/mlops/project/project/lib/python3.10/site-packages/airflow/example_dags/example_kubernetes_executor.py took 0.085 seconds
[2024-03-12T23:53:19.800-0400] {processor.py:161} INFO - Started process (PID=424915) to work on /home/ironbong_jr/mlops/project/project/lib/python3.10/site-packages/airflow/example_dags/example_kubernetes_executor.py
[2024-03-12T23:53:19.804-0400] {processor.py:830} INFO - Processing file /home/ironbong_jr/mlops/project/project/lib/python3.10/site-packages/airflow/example_dags/example_kubernetes_executor.py for tasks to queue
[2024-03-12T23:53:19.807-0400] {logging_mixin.py:188} INFO - [2024-03-12T23:53:19.806-0400] {dagbag.py:540} INFO - Filling up the DagBag from /home/ironbong_jr/mlops/project/project/lib/python3.10/site-packages/airflow/example_dags/example_kubernetes_executor.py
[2024-03-12T23:53:19.813-0400] {logging_mixin.py:188} INFO - [2024-03-12T23:53:19.813-0400] {example_kubernetes_executor.py:38} WARNING - The example_kubernetes_executor example DAG requires the kubernetes provider. Please install it with: pip install apache-airflow[cncf.kubernetes]
[2024-03-12T23:53:19.814-0400] {processor.py:842} WARNING - No viable dags retrieved from /home/ironbong_jr/mlops/project/project/lib/python3.10/site-packages/airflow/example_dags/example_kubernetes_executor.py
[2024-03-12T23:53:19.834-0400] {processor.py:183} INFO - Processing /home/ironbong_jr/mlops/project/project/lib/python3.10/site-packages/airflow/example_dags/example_kubernetes_executor.py took 0.043 seconds
[2024-03-12T23:54:55.914-0400] {processor.py:161} INFO - Started process (PID=425335) to work on /home/ironbong_jr/mlops/project/project/lib/python3.10/site-packages/airflow/example_dags/example_kubernetes_executor.py
[2024-03-12T23:54:55.965-0400] {processor.py:830} INFO - Processing file /home/ironbong_jr/mlops/project/project/lib/python3.10/site-packages/airflow/example_dags/example_kubernetes_executor.py for tasks to queue
[2024-03-12T23:54:55.967-0400] {logging_mixin.py:188} INFO - [2024-03-12T23:54:55.966-0400] {dagbag.py:540} INFO - Filling up the DagBag from /home/ironbong_jr/mlops/project/project/lib/python3.10/site-packages/airflow/example_dags/example_kubernetes_executor.py
[2024-03-12T23:54:55.973-0400] {logging_mixin.py:188} INFO - [2024-03-12T23:54:55.973-0400] {example_kubernetes_executor.py:38} WARNING - The example_kubernetes_executor example DAG requires the kubernetes provider. Please install it with: pip install apache-airflow[cncf.kubernetes]
[2024-03-12T23:54:55.974-0400] {processor.py:842} WARNING - No viable dags retrieved from /home/ironbong_jr/mlops/project/project/lib/python3.10/site-packages/airflow/example_dags/example_kubernetes_executor.py
[2024-03-12T23:54:55.992-0400] {processor.py:183} INFO - Processing /home/ironbong_jr/mlops/project/project/lib/python3.10/site-packages/airflow/example_dags/example_kubernetes_executor.py took 0.085 seconds
[2024-03-13T00:28:38.793-0400] {processor.py:161} INFO - Started process (PID=432476) to work on /home/ironbong_jr/mlops/project/project/lib/python3.10/site-packages/airflow/example_dags/example_kubernetes_executor.py
[2024-03-13T00:28:38.812-0400] {processor.py:830} INFO - Processing file /home/ironbong_jr/mlops/project/project/lib/python3.10/site-packages/airflow/example_dags/example_kubernetes_executor.py for tasks to queue
[2024-03-13T00:28:38.814-0400] {logging_mixin.py:188} INFO - [2024-03-13T00:28:38.813-0400] {dagbag.py:540} INFO - Filling up the DagBag from /home/ironbong_jr/mlops/project/project/lib/python3.10/site-packages/airflow/example_dags/example_kubernetes_executor.py
[2024-03-13T00:28:38.821-0400] {logging_mixin.py:188} INFO - [2024-03-13T00:28:38.820-0400] {example_kubernetes_executor.py:38} WARNING - The example_kubernetes_executor example DAG requires the kubernetes provider. Please install it with: pip install apache-airflow[cncf.kubernetes]
[2024-03-13T00:28:38.821-0400] {processor.py:842} WARNING - No viable dags retrieved from /home/ironbong_jr/mlops/project/project/lib/python3.10/site-packages/airflow/example_dags/example_kubernetes_executor.py
[2024-03-13T00:28:38.841-0400] {processor.py:183} INFO - Processing /home/ironbong_jr/mlops/project/project/lib/python3.10/site-packages/airflow/example_dags/example_kubernetes_executor.py took 0.053 seconds
[2024-03-13T00:31:03.948-0400] {processor.py:161} INFO - Started process (PID=433106) to work on /home/ironbong_jr/mlops/project/project/lib/python3.10/site-packages/airflow/example_dags/example_kubernetes_executor.py
[2024-03-13T00:31:04.001-0400] {processor.py:830} INFO - Processing file /home/ironbong_jr/mlops/project/project/lib/python3.10/site-packages/airflow/example_dags/example_kubernetes_executor.py for tasks to queue
[2024-03-13T00:31:04.003-0400] {logging_mixin.py:188} INFO - [2024-03-13T00:31:04.002-0400] {dagbag.py:540} INFO - Filling up the DagBag from /home/ironbong_jr/mlops/project/project/lib/python3.10/site-packages/airflow/example_dags/example_kubernetes_executor.py
[2024-03-13T00:31:04.014-0400] {logging_mixin.py:188} INFO - [2024-03-13T00:31:04.011-0400] {example_kubernetes_executor.py:38} WARNING - The example_kubernetes_executor example DAG requires the kubernetes provider. Please install it with: pip install apache-airflow[cncf.kubernetes]
[2024-03-13T00:31:04.014-0400] {processor.py:842} WARNING - No viable dags retrieved from /home/ironbong_jr/mlops/project/project/lib/python3.10/site-packages/airflow/example_dags/example_kubernetes_executor.py
[2024-03-13T00:31:04.033-0400] {processor.py:183} INFO - Processing /home/ironbong_jr/mlops/project/project/lib/python3.10/site-packages/airflow/example_dags/example_kubernetes_executor.py took 0.092 seconds
[2024-03-13T00:32:48.822-0400] {processor.py:161} INFO - Started process (PID=433590) to work on /home/ironbong_jr/mlops/project/project/lib/python3.10/site-packages/airflow/example_dags/example_kubernetes_executor.py
[2024-03-13T00:32:48.872-0400] {processor.py:830} INFO - Processing file /home/ironbong_jr/mlops/project/project/lib/python3.10/site-packages/airflow/example_dags/example_kubernetes_executor.py for tasks to queue
[2024-03-13T00:32:48.876-0400] {logging_mixin.py:188} INFO - [2024-03-13T00:32:48.874-0400] {dagbag.py:540} INFO - Filling up the DagBag from /home/ironbong_jr/mlops/project/project/lib/python3.10/site-packages/airflow/example_dags/example_kubernetes_executor.py
[2024-03-13T00:32:48.883-0400] {logging_mixin.py:188} INFO - [2024-03-13T00:32:48.882-0400] {example_kubernetes_executor.py:38} WARNING - The example_kubernetes_executor example DAG requires the kubernetes provider. Please install it with: pip install apache-airflow[cncf.kubernetes]
[2024-03-13T00:32:48.884-0400] {processor.py:842} WARNING - No viable dags retrieved from /home/ironbong_jr/mlops/project/project/lib/python3.10/site-packages/airflow/example_dags/example_kubernetes_executor.py
[2024-03-13T00:32:48.915-0400] {processor.py:183} INFO - Processing /home/ironbong_jr/mlops/project/project/lib/python3.10/site-packages/airflow/example_dags/example_kubernetes_executor.py took 0.099 seconds
[2024-03-13T00:35:24.944-0400] {processor.py:161} INFO - Started process (PID=434222) to work on /home/ironbong_jr/mlops/project/project/lib/python3.10/site-packages/airflow/example_dags/example_kubernetes_executor.py
[2024-03-13T00:35:24.948-0400] {processor.py:830} INFO - Processing file /home/ironbong_jr/mlops/project/project/lib/python3.10/site-packages/airflow/example_dags/example_kubernetes_executor.py for tasks to queue
[2024-03-13T00:35:24.951-0400] {logging_mixin.py:188} INFO - [2024-03-13T00:35:24.950-0400] {dagbag.py:540} INFO - Filling up the DagBag from /home/ironbong_jr/mlops/project/project/lib/python3.10/site-packages/airflow/example_dags/example_kubernetes_executor.py
[2024-03-13T00:35:24.960-0400] {logging_mixin.py:188} INFO - [2024-03-13T00:35:24.959-0400] {example_kubernetes_executor.py:38} WARNING - The example_kubernetes_executor example DAG requires the kubernetes provider. Please install it with: pip install apache-airflow[cncf.kubernetes]
[2024-03-13T00:35:24.961-0400] {processor.py:842} WARNING - No viable dags retrieved from /home/ironbong_jr/mlops/project/project/lib/python3.10/site-packages/airflow/example_dags/example_kubernetes_executor.py
[2024-03-13T00:35:24.990-0400] {processor.py:183} INFO - Processing /home/ironbong_jr/mlops/project/project/lib/python3.10/site-packages/airflow/example_dags/example_kubernetes_executor.py took 0.056 seconds
[2024-03-13T00:36:42.737-0400] {processor.py:161} INFO - Started process (PID=434548) to work on /home/ironbong_jr/mlops/project/project/lib/python3.10/site-packages/airflow/example_dags/example_kubernetes_executor.py
[2024-03-13T00:36:42.740-0400] {processor.py:830} INFO - Processing file /home/ironbong_jr/mlops/project/project/lib/python3.10/site-packages/airflow/example_dags/example_kubernetes_executor.py for tasks to queue
[2024-03-13T00:36:42.743-0400] {logging_mixin.py:188} INFO - [2024-03-13T00:36:42.742-0400] {dagbag.py:540} INFO - Filling up the DagBag from /home/ironbong_jr/mlops/project/project/lib/python3.10/site-packages/airflow/example_dags/example_kubernetes_executor.py
[2024-03-13T00:36:42.753-0400] {logging_mixin.py:188} INFO - [2024-03-13T00:36:42.752-0400] {example_kubernetes_executor.py:38} WARNING - The example_kubernetes_executor example DAG requires the kubernetes provider. Please install it with: pip install apache-airflow[cncf.kubernetes]
[2024-03-13T00:36:42.754-0400] {processor.py:842} WARNING - No viable dags retrieved from /home/ironbong_jr/mlops/project/project/lib/python3.10/site-packages/airflow/example_dags/example_kubernetes_executor.py
[2024-03-13T00:36:42.779-0400] {processor.py:183} INFO - Processing /home/ironbong_jr/mlops/project/project/lib/python3.10/site-packages/airflow/example_dags/example_kubernetes_executor.py took 0.053 seconds
[2024-03-13T00:38:51.625-0400] {processor.py:161} INFO - Started process (PID=435182) to work on /home/ironbong_jr/mlops/project/project/lib/python3.10/site-packages/airflow/example_dags/example_kubernetes_executor.py
[2024-03-13T00:38:51.674-0400] {processor.py:830} INFO - Processing file /home/ironbong_jr/mlops/project/project/lib/python3.10/site-packages/airflow/example_dags/example_kubernetes_executor.py for tasks to queue
[2024-03-13T00:38:51.676-0400] {logging_mixin.py:188} INFO - [2024-03-13T00:38:51.676-0400] {dagbag.py:540} INFO - Filling up the DagBag from /home/ironbong_jr/mlops/project/project/lib/python3.10/site-packages/airflow/example_dags/example_kubernetes_executor.py
[2024-03-13T00:38:51.683-0400] {logging_mixin.py:188} INFO - [2024-03-13T00:38:51.683-0400] {example_kubernetes_executor.py:38} WARNING - The example_kubernetes_executor example DAG requires the kubernetes provider. Please install it with: pip install apache-airflow[cncf.kubernetes]
[2024-03-13T00:38:51.684-0400] {processor.py:842} WARNING - No viable dags retrieved from /home/ironbong_jr/mlops/project/project/lib/python3.10/site-packages/airflow/example_dags/example_kubernetes_executor.py
[2024-03-13T00:38:51.706-0400] {processor.py:183} INFO - Processing /home/ironbong_jr/mlops/project/project/lib/python3.10/site-packages/airflow/example_dags/example_kubernetes_executor.py took 0.087 seconds
[2024-03-13T00:40:29.201-0400] {processor.py:161} INFO - Started process (PID=435615) to work on /home/ironbong_jr/mlops/project/project/lib/python3.10/site-packages/airflow/example_dags/example_kubernetes_executor.py
[2024-03-13T00:40:29.204-0400] {processor.py:830} INFO - Processing file /home/ironbong_jr/mlops/project/project/lib/python3.10/site-packages/airflow/example_dags/example_kubernetes_executor.py for tasks to queue
[2024-03-13T00:40:29.206-0400] {logging_mixin.py:188} INFO - [2024-03-13T00:40:29.205-0400] {dagbag.py:540} INFO - Filling up the DagBag from /home/ironbong_jr/mlops/project/project/lib/python3.10/site-packages/airflow/example_dags/example_kubernetes_executor.py
[2024-03-13T00:40:29.212-0400] {logging_mixin.py:188} INFO - [2024-03-13T00:40:29.211-0400] {example_kubernetes_executor.py:38} WARNING - The example_kubernetes_executor example DAG requires the kubernetes provider. Please install it with: pip install apache-airflow[cncf.kubernetes]
[2024-03-13T00:40:29.212-0400] {processor.py:842} WARNING - No viable dags retrieved from /home/ironbong_jr/mlops/project/project/lib/python3.10/site-packages/airflow/example_dags/example_kubernetes_executor.py
[2024-03-13T00:40:29.228-0400] {processor.py:183} INFO - Processing /home/ironbong_jr/mlops/project/project/lib/python3.10/site-packages/airflow/example_dags/example_kubernetes_executor.py took 0.033 seconds
[2024-03-13T00:43:45.689-0400] {processor.py:161} INFO - Started process (PID=436532) to work on /home/ironbong_jr/mlops/project/project/lib/python3.10/site-packages/airflow/example_dags/example_kubernetes_executor.py
[2024-03-13T00:43:45.740-0400] {processor.py:830} INFO - Processing file /home/ironbong_jr/mlops/project/project/lib/python3.10/site-packages/airflow/example_dags/example_kubernetes_executor.py for tasks to queue
[2024-03-13T00:43:45.742-0400] {logging_mixin.py:188} INFO - [2024-03-13T00:43:45.741-0400] {dagbag.py:540} INFO - Filling up the DagBag from /home/ironbong_jr/mlops/project/project/lib/python3.10/site-packages/airflow/example_dags/example_kubernetes_executor.py
[2024-03-13T00:43:45.747-0400] {logging_mixin.py:188} INFO - [2024-03-13T00:43:45.747-0400] {example_kubernetes_executor.py:38} WARNING - The example_kubernetes_executor example DAG requires the kubernetes provider. Please install it with: pip install apache-airflow[cncf.kubernetes]
[2024-03-13T00:43:45.747-0400] {processor.py:842} WARNING - No viable dags retrieved from /home/ironbong_jr/mlops/project/project/lib/python3.10/site-packages/airflow/example_dags/example_kubernetes_executor.py
[2024-03-13T00:43:45.768-0400] {processor.py:183} INFO - Processing /home/ironbong_jr/mlops/project/project/lib/python3.10/site-packages/airflow/example_dags/example_kubernetes_executor.py took 0.087 seconds
[2024-03-13T00:44:44.398-0400] {processor.py:161} INFO - Started process (PID=436778) to work on /home/ironbong_jr/mlops/project/project/lib/python3.10/site-packages/airflow/example_dags/example_kubernetes_executor.py
[2024-03-13T00:44:44.449-0400] {processor.py:830} INFO - Processing file /home/ironbong_jr/mlops/project/project/lib/python3.10/site-packages/airflow/example_dags/example_kubernetes_executor.py for tasks to queue
[2024-03-13T00:44:44.452-0400] {logging_mixin.py:188} INFO - [2024-03-13T00:44:44.451-0400] {dagbag.py:540} INFO - Filling up the DagBag from /home/ironbong_jr/mlops/project/project/lib/python3.10/site-packages/airflow/example_dags/example_kubernetes_executor.py
[2024-03-13T00:44:44.482-0400] {logging_mixin.py:188} INFO - [2024-03-13T00:44:44.482-0400] {example_kubernetes_executor.py:38} WARNING - The example_kubernetes_executor example DAG requires the kubernetes provider. Please install it with: pip install apache-airflow[cncf.kubernetes]
[2024-03-13T00:44:44.483-0400] {processor.py:842} WARNING - No viable dags retrieved from /home/ironbong_jr/mlops/project/project/lib/python3.10/site-packages/airflow/example_dags/example_kubernetes_executor.py
[2024-03-13T00:44:44.504-0400] {processor.py:183} INFO - Processing /home/ironbong_jr/mlops/project/project/lib/python3.10/site-packages/airflow/example_dags/example_kubernetes_executor.py took 0.111 seconds
[2024-03-13T15:48:54.884-0400] {processor.py:161} INFO - Started process (PID=453654) to work on /home/ironbong_jr/mlops/project/project/lib/python3.10/site-packages/airflow/example_dags/example_kubernetes_executor.py
[2024-03-13T15:48:54.885-0400] {processor.py:830} INFO - Processing file /home/ironbong_jr/mlops/project/project/lib/python3.10/site-packages/airflow/example_dags/example_kubernetes_executor.py for tasks to queue
[2024-03-13T15:48:54.886-0400] {logging_mixin.py:188} INFO - [2024-03-13T15:48:54.886-0400] {dagbag.py:540} INFO - Filling up the DagBag from /home/ironbong_jr/mlops/project/project/lib/python3.10/site-packages/airflow/example_dags/example_kubernetes_executor.py
[2024-03-13T15:48:54.888-0400] {logging_mixin.py:188} INFO - [2024-03-13T15:48:54.888-0400] {example_kubernetes_executor.py:38} WARNING - The example_kubernetes_executor example DAG requires the kubernetes provider. Please install it with: pip install apache-airflow[cncf.kubernetes]
[2024-03-13T15:48:54.888-0400] {processor.py:842} WARNING - No viable dags retrieved from /home/ironbong_jr/mlops/project/project/lib/python3.10/site-packages/airflow/example_dags/example_kubernetes_executor.py
[2024-03-13T15:48:54.894-0400] {processor.py:183} INFO - Processing /home/ironbong_jr/mlops/project/project/lib/python3.10/site-packages/airflow/example_dags/example_kubernetes_executor.py took 0.013 seconds
[2024-03-13T15:49:54.867-0400] {processor.py:161} INFO - Started process (PID=453965) to work on /home/ironbong_jr/mlops/project/project/lib/python3.10/site-packages/airflow/example_dags/example_kubernetes_executor.py
[2024-03-13T15:49:54.872-0400] {processor.py:830} INFO - Processing file /home/ironbong_jr/mlops/project/project/lib/python3.10/site-packages/airflow/example_dags/example_kubernetes_executor.py for tasks to queue
[2024-03-13T15:49:54.873-0400] {logging_mixin.py:188} INFO - [2024-03-13T15:49:54.872-0400] {dagbag.py:540} INFO - Filling up the DagBag from /home/ironbong_jr/mlops/project/project/lib/python3.10/site-packages/airflow/example_dags/example_kubernetes_executor.py
[2024-03-13T15:49:54.876-0400] {logging_mixin.py:188} INFO - [2024-03-13T15:49:54.875-0400] {example_kubernetes_executor.py:38} WARNING - The example_kubernetes_executor example DAG requires the kubernetes provider. Please install it with: pip install apache-airflow[cncf.kubernetes]
[2024-03-13T15:49:54.876-0400] {processor.py:842} WARNING - No viable dags retrieved from /home/ironbong_jr/mlops/project/project/lib/python3.10/site-packages/airflow/example_dags/example_kubernetes_executor.py
[2024-03-13T15:49:54.885-0400] {processor.py:183} INFO - Processing /home/ironbong_jr/mlops/project/project/lib/python3.10/site-packages/airflow/example_dags/example_kubernetes_executor.py took 0.020 seconds
[2024-03-13T15:51:04.926-0400] {processor.py:161} INFO - Started process (PID=454385) to work on /home/ironbong_jr/mlops/project/project/lib/python3.10/site-packages/airflow/example_dags/example_kubernetes_executor.py
[2024-03-13T15:51:04.930-0400] {processor.py:830} INFO - Processing file /home/ironbong_jr/mlops/project/project/lib/python3.10/site-packages/airflow/example_dags/example_kubernetes_executor.py for tasks to queue
[2024-03-13T15:51:04.931-0400] {logging_mixin.py:188} INFO - [2024-03-13T15:51:04.931-0400] {dagbag.py:540} INFO - Filling up the DagBag from /home/ironbong_jr/mlops/project/project/lib/python3.10/site-packages/airflow/example_dags/example_kubernetes_executor.py
[2024-03-13T15:51:04.933-0400] {logging_mixin.py:188} INFO - [2024-03-13T15:51:04.933-0400] {example_kubernetes_executor.py:38} WARNING - The example_kubernetes_executor example DAG requires the kubernetes provider. Please install it with: pip install apache-airflow[cncf.kubernetes]
[2024-03-13T15:51:04.933-0400] {processor.py:842} WARNING - No viable dags retrieved from /home/ironbong_jr/mlops/project/project/lib/python3.10/site-packages/airflow/example_dags/example_kubernetes_executor.py
[2024-03-13T15:51:04.939-0400] {processor.py:183} INFO - Processing /home/ironbong_jr/mlops/project/project/lib/python3.10/site-packages/airflow/example_dags/example_kubernetes_executor.py took 0.015 seconds
[2024-03-13T15:52:00.420-0400] {processor.py:161} INFO - Started process (PID=454672) to work on /home/ironbong_jr/mlops/project/project/lib/python3.10/site-packages/airflow/example_dags/example_kubernetes_executor.py
[2024-03-13T15:52:00.421-0400] {processor.py:830} INFO - Processing file /home/ironbong_jr/mlops/project/project/lib/python3.10/site-packages/airflow/example_dags/example_kubernetes_executor.py for tasks to queue
[2024-03-13T15:52:00.422-0400] {logging_mixin.py:188} INFO - [2024-03-13T15:52:00.422-0400] {dagbag.py:540} INFO - Filling up the DagBag from /home/ironbong_jr/mlops/project/project/lib/python3.10/site-packages/airflow/example_dags/example_kubernetes_executor.py
[2024-03-13T15:52:00.424-0400] {logging_mixin.py:188} INFO - [2024-03-13T15:52:00.424-0400] {example_kubernetes_executor.py:38} WARNING - The example_kubernetes_executor example DAG requires the kubernetes provider. Please install it with: pip install apache-airflow[cncf.kubernetes]
[2024-03-13T15:52:00.424-0400] {processor.py:842} WARNING - No viable dags retrieved from /home/ironbong_jr/mlops/project/project/lib/python3.10/site-packages/airflow/example_dags/example_kubernetes_executor.py
[2024-03-13T15:52:00.431-0400] {processor.py:183} INFO - Processing /home/ironbong_jr/mlops/project/project/lib/python3.10/site-packages/airflow/example_dags/example_kubernetes_executor.py took 0.013 seconds
[2024-03-13T15:52:54.405-0400] {processor.py:161} INFO - Started process (PID=454954) to work on /home/ironbong_jr/mlops/project/project/lib/python3.10/site-packages/airflow/example_dags/example_kubernetes_executor.py
[2024-03-13T15:52:54.411-0400] {processor.py:830} INFO - Processing file /home/ironbong_jr/mlops/project/project/lib/python3.10/site-packages/airflow/example_dags/example_kubernetes_executor.py for tasks to queue
[2024-03-13T15:52:54.411-0400] {logging_mixin.py:188} INFO - [2024-03-13T15:52:54.411-0400] {dagbag.py:540} INFO - Filling up the DagBag from /home/ironbong_jr/mlops/project/project/lib/python3.10/site-packages/airflow/example_dags/example_kubernetes_executor.py
[2024-03-13T15:52:54.415-0400] {logging_mixin.py:188} INFO - [2024-03-13T15:52:54.414-0400] {example_kubernetes_executor.py:38} WARNING - The example_kubernetes_executor example DAG requires the kubernetes provider. Please install it with: pip install apache-airflow[cncf.kubernetes]
[2024-03-13T15:52:54.415-0400] {processor.py:842} WARNING - No viable dags retrieved from /home/ironbong_jr/mlops/project/project/lib/python3.10/site-packages/airflow/example_dags/example_kubernetes_executor.py
[2024-03-13T15:52:54.425-0400] {processor.py:183} INFO - Processing /home/ironbong_jr/mlops/project/project/lib/python3.10/site-packages/airflow/example_dags/example_kubernetes_executor.py took 0.022 seconds
[2024-03-13T15:53:43.846-0400] {processor.py:161} INFO - Started process (PID=455214) to work on /home/ironbong_jr/mlops/project/project/lib/python3.10/site-packages/airflow/example_dags/example_kubernetes_executor.py
[2024-03-13T15:53:43.849-0400] {processor.py:830} INFO - Processing file /home/ironbong_jr/mlops/project/project/lib/python3.10/site-packages/airflow/example_dags/example_kubernetes_executor.py for tasks to queue
[2024-03-13T15:53:43.850-0400] {logging_mixin.py:188} INFO - [2024-03-13T15:53:43.850-0400] {dagbag.py:540} INFO - Filling up the DagBag from /home/ironbong_jr/mlops/project/project/lib/python3.10/site-packages/airflow/example_dags/example_kubernetes_executor.py
[2024-03-13T15:53:43.852-0400] {logging_mixin.py:188} INFO - [2024-03-13T15:53:43.852-0400] {example_kubernetes_executor.py:38} WARNING - The example_kubernetes_executor example DAG requires the kubernetes provider. Please install it with: pip install apache-airflow[cncf.kubernetes]
[2024-03-13T15:53:43.853-0400] {processor.py:842} WARNING - No viable dags retrieved from /home/ironbong_jr/mlops/project/project/lib/python3.10/site-packages/airflow/example_dags/example_kubernetes_executor.py
[2024-03-13T15:53:43.863-0400] {processor.py:183} INFO - Processing /home/ironbong_jr/mlops/project/project/lib/python3.10/site-packages/airflow/example_dags/example_kubernetes_executor.py took 0.019 seconds
[2024-03-13T15:54:32.873-0400] {processor.py:161} INFO - Started process (PID=455463) to work on /home/ironbong_jr/mlops/project/project/lib/python3.10/site-packages/airflow/example_dags/example_kubernetes_executor.py
[2024-03-13T15:54:32.877-0400] {processor.py:830} INFO - Processing file /home/ironbong_jr/mlops/project/project/lib/python3.10/site-packages/airflow/example_dags/example_kubernetes_executor.py for tasks to queue
[2024-03-13T15:54:32.877-0400] {logging_mixin.py:188} INFO - [2024-03-13T15:54:32.877-0400] {dagbag.py:540} INFO - Filling up the DagBag from /home/ironbong_jr/mlops/project/project/lib/python3.10/site-packages/airflow/example_dags/example_kubernetes_executor.py
[2024-03-13T15:54:32.879-0400] {logging_mixin.py:188} INFO - [2024-03-13T15:54:32.879-0400] {example_kubernetes_executor.py:38} WARNING - The example_kubernetes_executor example DAG requires the kubernetes provider. Please install it with: pip install apache-airflow[cncf.kubernetes]
[2024-03-13T15:54:32.879-0400] {processor.py:842} WARNING - No viable dags retrieved from /home/ironbong_jr/mlops/project/project/lib/python3.10/site-packages/airflow/example_dags/example_kubernetes_executor.py
[2024-03-13T15:54:32.885-0400] {processor.py:183} INFO - Processing /home/ironbong_jr/mlops/project/project/lib/python3.10/site-packages/airflow/example_dags/example_kubernetes_executor.py took 0.014 seconds
[2024-03-13T15:55:26.728-0400] {processor.py:161} INFO - Started process (PID=455725) to work on /home/ironbong_jr/mlops/project/project/lib/python3.10/site-packages/airflow/example_dags/example_kubernetes_executor.py
[2024-03-13T15:55:26.731-0400] {processor.py:830} INFO - Processing file /home/ironbong_jr/mlops/project/project/lib/python3.10/site-packages/airflow/example_dags/example_kubernetes_executor.py for tasks to queue
[2024-03-13T15:55:26.732-0400] {logging_mixin.py:188} INFO - [2024-03-13T15:55:26.731-0400] {dagbag.py:540} INFO - Filling up the DagBag from /home/ironbong_jr/mlops/project/project/lib/python3.10/site-packages/airflow/example_dags/example_kubernetes_executor.py
[2024-03-13T15:55:26.737-0400] {logging_mixin.py:188} INFO - [2024-03-13T15:55:26.737-0400] {example_kubernetes_executor.py:38} WARNING - The example_kubernetes_executor example DAG requires the kubernetes provider. Please install it with: pip install apache-airflow[cncf.kubernetes]
[2024-03-13T15:55:26.738-0400] {processor.py:842} WARNING - No viable dags retrieved from /home/ironbong_jr/mlops/project/project/lib/python3.10/site-packages/airflow/example_dags/example_kubernetes_executor.py
[2024-03-13T15:55:26.753-0400] {processor.py:183} INFO - Processing /home/ironbong_jr/mlops/project/project/lib/python3.10/site-packages/airflow/example_dags/example_kubernetes_executor.py took 0.027 seconds
[2024-03-13T15:56:16.344-0400] {processor.py:161} INFO - Started process (PID=455984) to work on /home/ironbong_jr/mlops/project/project/lib/python3.10/site-packages/airflow/example_dags/example_kubernetes_executor.py
[2024-03-13T15:56:16.347-0400] {processor.py:830} INFO - Processing file /home/ironbong_jr/mlops/project/project/lib/python3.10/site-packages/airflow/example_dags/example_kubernetes_executor.py for tasks to queue
[2024-03-13T15:56:16.348-0400] {logging_mixin.py:188} INFO - [2024-03-13T15:56:16.348-0400] {dagbag.py:540} INFO - Filling up the DagBag from /home/ironbong_jr/mlops/project/project/lib/python3.10/site-packages/airflow/example_dags/example_kubernetes_executor.py
[2024-03-13T15:56:16.350-0400] {logging_mixin.py:188} INFO - [2024-03-13T15:56:16.350-0400] {example_kubernetes_executor.py:38} WARNING - The example_kubernetes_executor example DAG requires the kubernetes provider. Please install it with: pip install apache-airflow[cncf.kubernetes]
[2024-03-13T15:56:16.350-0400] {processor.py:842} WARNING - No viable dags retrieved from /home/ironbong_jr/mlops/project/project/lib/python3.10/site-packages/airflow/example_dags/example_kubernetes_executor.py
[2024-03-13T15:56:16.357-0400] {processor.py:183} INFO - Processing /home/ironbong_jr/mlops/project/project/lib/python3.10/site-packages/airflow/example_dags/example_kubernetes_executor.py took 0.015 seconds
[2024-03-13T15:57:04.944-0400] {processor.py:161} INFO - Started process (PID=456237) to work on /home/ironbong_jr/mlops/project/project/lib/python3.10/site-packages/airflow/example_dags/example_kubernetes_executor.py
[2024-03-13T15:57:04.948-0400] {processor.py:830} INFO - Processing file /home/ironbong_jr/mlops/project/project/lib/python3.10/site-packages/airflow/example_dags/example_kubernetes_executor.py for tasks to queue
[2024-03-13T15:57:04.949-0400] {logging_mixin.py:188} INFO - [2024-03-13T15:57:04.948-0400] {dagbag.py:540} INFO - Filling up the DagBag from /home/ironbong_jr/mlops/project/project/lib/python3.10/site-packages/airflow/example_dags/example_kubernetes_executor.py
[2024-03-13T15:57:04.951-0400] {logging_mixin.py:188} INFO - [2024-03-13T15:57:04.951-0400] {example_kubernetes_executor.py:38} WARNING - The example_kubernetes_executor example DAG requires the kubernetes provider. Please install it with: pip install apache-airflow[cncf.kubernetes]
[2024-03-13T15:57:04.951-0400] {processor.py:842} WARNING - No viable dags retrieved from /home/ironbong_jr/mlops/project/project/lib/python3.10/site-packages/airflow/example_dags/example_kubernetes_executor.py
[2024-03-13T15:57:04.958-0400] {processor.py:183} INFO - Processing /home/ironbong_jr/mlops/project/project/lib/python3.10/site-packages/airflow/example_dags/example_kubernetes_executor.py took 0.016 seconds
[2024-03-13T15:57:56.194-0400] {processor.py:161} INFO - Started process (PID=456537) to work on /home/ironbong_jr/mlops/project/project/lib/python3.10/site-packages/airflow/example_dags/example_kubernetes_executor.py
[2024-03-13T15:57:56.197-0400] {processor.py:830} INFO - Processing file /home/ironbong_jr/mlops/project/project/lib/python3.10/site-packages/airflow/example_dags/example_kubernetes_executor.py for tasks to queue
[2024-03-13T15:57:56.198-0400] {logging_mixin.py:188} INFO - [2024-03-13T15:57:56.197-0400] {dagbag.py:540} INFO - Filling up the DagBag from /home/ironbong_jr/mlops/project/project/lib/python3.10/site-packages/airflow/example_dags/example_kubernetes_executor.py
[2024-03-13T15:57:56.201-0400] {logging_mixin.py:188} INFO - [2024-03-13T15:57:56.201-0400] {example_kubernetes_executor.py:38} WARNING - The example_kubernetes_executor example DAG requires the kubernetes provider. Please install it with: pip install apache-airflow[cncf.kubernetes]
[2024-03-13T15:57:56.201-0400] {processor.py:842} WARNING - No viable dags retrieved from /home/ironbong_jr/mlops/project/project/lib/python3.10/site-packages/airflow/example_dags/example_kubernetes_executor.py
[2024-03-13T15:57:56.210-0400] {processor.py:183} INFO - Processing /home/ironbong_jr/mlops/project/project/lib/python3.10/site-packages/airflow/example_dags/example_kubernetes_executor.py took 0.019 seconds
[2024-03-13T15:58:48.747-0400] {processor.py:161} INFO - Started process (PID=456800) to work on /home/ironbong_jr/mlops/project/project/lib/python3.10/site-packages/airflow/example_dags/example_kubernetes_executor.py
[2024-03-13T15:58:48.751-0400] {processor.py:830} INFO - Processing file /home/ironbong_jr/mlops/project/project/lib/python3.10/site-packages/airflow/example_dags/example_kubernetes_executor.py for tasks to queue
[2024-03-13T15:58:48.752-0400] {logging_mixin.py:188} INFO - [2024-03-13T15:58:48.751-0400] {dagbag.py:540} INFO - Filling up the DagBag from /home/ironbong_jr/mlops/project/project/lib/python3.10/site-packages/airflow/example_dags/example_kubernetes_executor.py
[2024-03-13T15:58:48.756-0400] {logging_mixin.py:188} INFO - [2024-03-13T15:58:48.755-0400] {example_kubernetes_executor.py:38} WARNING - The example_kubernetes_executor example DAG requires the kubernetes provider. Please install it with: pip install apache-airflow[cncf.kubernetes]
[2024-03-13T15:58:48.756-0400] {processor.py:842} WARNING - No viable dags retrieved from /home/ironbong_jr/mlops/project/project/lib/python3.10/site-packages/airflow/example_dags/example_kubernetes_executor.py
[2024-03-13T15:58:48.764-0400] {processor.py:183} INFO - Processing /home/ironbong_jr/mlops/project/project/lib/python3.10/site-packages/airflow/example_dags/example_kubernetes_executor.py took 0.020 seconds
[2024-03-13T15:59:39.776-0400] {processor.py:161} INFO - Started process (PID=457056) to work on /home/ironbong_jr/mlops/project/project/lib/python3.10/site-packages/airflow/example_dags/example_kubernetes_executor.py
[2024-03-13T15:59:39.779-0400] {processor.py:830} INFO - Processing file /home/ironbong_jr/mlops/project/project/lib/python3.10/site-packages/airflow/example_dags/example_kubernetes_executor.py for tasks to queue
[2024-03-13T15:59:39.780-0400] {logging_mixin.py:188} INFO - [2024-03-13T15:59:39.779-0400] {dagbag.py:540} INFO - Filling up the DagBag from /home/ironbong_jr/mlops/project/project/lib/python3.10/site-packages/airflow/example_dags/example_kubernetes_executor.py
[2024-03-13T15:59:39.782-0400] {logging_mixin.py:188} INFO - [2024-03-13T15:59:39.782-0400] {example_kubernetes_executor.py:38} WARNING - The example_kubernetes_executor example DAG requires the kubernetes provider. Please install it with: pip install apache-airflow[cncf.kubernetes]
[2024-03-13T15:59:39.782-0400] {processor.py:842} WARNING - No viable dags retrieved from /home/ironbong_jr/mlops/project/project/lib/python3.10/site-packages/airflow/example_dags/example_kubernetes_executor.py
[2024-03-13T15:59:39.789-0400] {processor.py:183} INFO - Processing /home/ironbong_jr/mlops/project/project/lib/python3.10/site-packages/airflow/example_dags/example_kubernetes_executor.py took 0.015 seconds
[2024-03-13T16:00:31.434-0400] {processor.py:161} INFO - Started process (PID=457301) to work on /home/ironbong_jr/mlops/project/project/lib/python3.10/site-packages/airflow/example_dags/example_kubernetes_executor.py
[2024-03-13T16:00:31.438-0400] {processor.py:830} INFO - Processing file /home/ironbong_jr/mlops/project/project/lib/python3.10/site-packages/airflow/example_dags/example_kubernetes_executor.py for tasks to queue
[2024-03-13T16:00:31.438-0400] {logging_mixin.py:188} INFO - [2024-03-13T16:00:31.438-0400] {dagbag.py:540} INFO - Filling up the DagBag from /home/ironbong_jr/mlops/project/project/lib/python3.10/site-packages/airflow/example_dags/example_kubernetes_executor.py
[2024-03-13T16:00:31.441-0400] {logging_mixin.py:188} INFO - [2024-03-13T16:00:31.440-0400] {example_kubernetes_executor.py:38} WARNING - The example_kubernetes_executor example DAG requires the kubernetes provider. Please install it with: pip install apache-airflow[cncf.kubernetes]
[2024-03-13T16:00:31.441-0400] {processor.py:842} WARNING - No viable dags retrieved from /home/ironbong_jr/mlops/project/project/lib/python3.10/site-packages/airflow/example_dags/example_kubernetes_executor.py
[2024-03-13T16:00:31.447-0400] {processor.py:183} INFO - Processing /home/ironbong_jr/mlops/project/project/lib/python3.10/site-packages/airflow/example_dags/example_kubernetes_executor.py took 0.015 seconds
[2024-03-13T16:01:21.920-0400] {processor.py:161} INFO - Started process (PID=457559) to work on /home/ironbong_jr/mlops/project/project/lib/python3.10/site-packages/airflow/example_dags/example_kubernetes_executor.py
[2024-03-13T16:01:21.922-0400] {processor.py:830} INFO - Processing file /home/ironbong_jr/mlops/project/project/lib/python3.10/site-packages/airflow/example_dags/example_kubernetes_executor.py for tasks to queue
[2024-03-13T16:01:21.922-0400] {logging_mixin.py:188} INFO - [2024-03-13T16:01:21.922-0400] {dagbag.py:540} INFO - Filling up the DagBag from /home/ironbong_jr/mlops/project/project/lib/python3.10/site-packages/airflow/example_dags/example_kubernetes_executor.py
[2024-03-13T16:01:21.925-0400] {logging_mixin.py:188} INFO - [2024-03-13T16:01:21.924-0400] {example_kubernetes_executor.py:38} WARNING - The example_kubernetes_executor example DAG requires the kubernetes provider. Please install it with: pip install apache-airflow[cncf.kubernetes]
[2024-03-13T16:01:21.925-0400] {processor.py:842} WARNING - No viable dags retrieved from /home/ironbong_jr/mlops/project/project/lib/python3.10/site-packages/airflow/example_dags/example_kubernetes_executor.py
[2024-03-13T16:01:21.931-0400] {processor.py:183} INFO - Processing /home/ironbong_jr/mlops/project/project/lib/python3.10/site-packages/airflow/example_dags/example_kubernetes_executor.py took 0.013 seconds
[2024-03-13T16:02:13.543-0400] {processor.py:161} INFO - Started process (PID=457844) to work on /home/ironbong_jr/mlops/project/project/lib/python3.10/site-packages/airflow/example_dags/example_kubernetes_executor.py
[2024-03-13T16:02:13.546-0400] {processor.py:830} INFO - Processing file /home/ironbong_jr/mlops/project/project/lib/python3.10/site-packages/airflow/example_dags/example_kubernetes_executor.py for tasks to queue
[2024-03-13T16:02:13.547-0400] {logging_mixin.py:188} INFO - [2024-03-13T16:02:13.547-0400] {dagbag.py:540} INFO - Filling up the DagBag from /home/ironbong_jr/mlops/project/project/lib/python3.10/site-packages/airflow/example_dags/example_kubernetes_executor.py
[2024-03-13T16:02:13.549-0400] {logging_mixin.py:188} INFO - [2024-03-13T16:02:13.549-0400] {example_kubernetes_executor.py:38} WARNING - The example_kubernetes_executor example DAG requires the kubernetes provider. Please install it with: pip install apache-airflow[cncf.kubernetes]
[2024-03-13T16:02:13.549-0400] {processor.py:842} WARNING - No viable dags retrieved from /home/ironbong_jr/mlops/project/project/lib/python3.10/site-packages/airflow/example_dags/example_kubernetes_executor.py
[2024-03-13T16:02:13.555-0400] {processor.py:183} INFO - Processing /home/ironbong_jr/mlops/project/project/lib/python3.10/site-packages/airflow/example_dags/example_kubernetes_executor.py took 0.014 seconds
[2024-03-13T16:03:01.657-0400] {processor.py:161} INFO - Started process (PID=458081) to work on /home/ironbong_jr/mlops/project/project/lib/python3.10/site-packages/airflow/example_dags/example_kubernetes_executor.py
[2024-03-13T16:03:01.661-0400] {processor.py:830} INFO - Processing file /home/ironbong_jr/mlops/project/project/lib/python3.10/site-packages/airflow/example_dags/example_kubernetes_executor.py for tasks to queue
[2024-03-13T16:03:01.661-0400] {logging_mixin.py:188} INFO - [2024-03-13T16:03:01.661-0400] {dagbag.py:540} INFO - Filling up the DagBag from /home/ironbong_jr/mlops/project/project/lib/python3.10/site-packages/airflow/example_dags/example_kubernetes_executor.py
[2024-03-13T16:03:01.664-0400] {logging_mixin.py:188} INFO - [2024-03-13T16:03:01.664-0400] {example_kubernetes_executor.py:38} WARNING - The example_kubernetes_executor example DAG requires the kubernetes provider. Please install it with: pip install apache-airflow[cncf.kubernetes]
[2024-03-13T16:03:01.664-0400] {processor.py:842} WARNING - No viable dags retrieved from /home/ironbong_jr/mlops/project/project/lib/python3.10/site-packages/airflow/example_dags/example_kubernetes_executor.py
[2024-03-13T16:03:01.672-0400] {processor.py:183} INFO - Processing /home/ironbong_jr/mlops/project/project/lib/python3.10/site-packages/airflow/example_dags/example_kubernetes_executor.py took 0.018 seconds
[2024-03-13T16:04:03.772-0400] {processor.py:161} INFO - Started process (PID=458477) to work on /home/ironbong_jr/mlops/project/project/lib/python3.10/site-packages/airflow/example_dags/example_kubernetes_executor.py
[2024-03-13T16:04:03.774-0400] {processor.py:830} INFO - Processing file /home/ironbong_jr/mlops/project/project/lib/python3.10/site-packages/airflow/example_dags/example_kubernetes_executor.py for tasks to queue
[2024-03-13T16:04:03.775-0400] {logging_mixin.py:188} INFO - [2024-03-13T16:04:03.775-0400] {dagbag.py:540} INFO - Filling up the DagBag from /home/ironbong_jr/mlops/project/project/lib/python3.10/site-packages/airflow/example_dags/example_kubernetes_executor.py
[2024-03-13T16:04:03.778-0400] {logging_mixin.py:188} INFO - [2024-03-13T16:04:03.778-0400] {example_kubernetes_executor.py:38} WARNING - The example_kubernetes_executor example DAG requires the kubernetes provider. Please install it with: pip install apache-airflow[cncf.kubernetes]
[2024-03-13T16:04:03.778-0400] {processor.py:842} WARNING - No viable dags retrieved from /home/ironbong_jr/mlops/project/project/lib/python3.10/site-packages/airflow/example_dags/example_kubernetes_executor.py
[2024-03-13T16:04:03.788-0400] {processor.py:183} INFO - Processing /home/ironbong_jr/mlops/project/project/lib/python3.10/site-packages/airflow/example_dags/example_kubernetes_executor.py took 0.019 seconds
[2024-03-13T16:05:00.253-0400] {processor.py:161} INFO - Started process (PID=458762) to work on /home/ironbong_jr/mlops/project/project/lib/python3.10/site-packages/airflow/example_dags/example_kubernetes_executor.py
[2024-03-13T16:05:00.256-0400] {processor.py:830} INFO - Processing file /home/ironbong_jr/mlops/project/project/lib/python3.10/site-packages/airflow/example_dags/example_kubernetes_executor.py for tasks to queue
[2024-03-13T16:05:00.257-0400] {logging_mixin.py:188} INFO - [2024-03-13T16:05:00.257-0400] {dagbag.py:540} INFO - Filling up the DagBag from /home/ironbong_jr/mlops/project/project/lib/python3.10/site-packages/airflow/example_dags/example_kubernetes_executor.py
[2024-03-13T16:05:00.259-0400] {logging_mixin.py:188} INFO - [2024-03-13T16:05:00.259-0400] {example_kubernetes_executor.py:38} WARNING - The example_kubernetes_executor example DAG requires the kubernetes provider. Please install it with: pip install apache-airflow[cncf.kubernetes]
[2024-03-13T16:05:00.259-0400] {processor.py:842} WARNING - No viable dags retrieved from /home/ironbong_jr/mlops/project/project/lib/python3.10/site-packages/airflow/example_dags/example_kubernetes_executor.py
[2024-03-13T16:05:00.266-0400] {processor.py:183} INFO - Processing /home/ironbong_jr/mlops/project/project/lib/python3.10/site-packages/airflow/example_dags/example_kubernetes_executor.py took 0.015 seconds
[2024-03-13T16:05:46.848-0400] {processor.py:161} INFO - Started process (PID=458988) to work on /home/ironbong_jr/mlops/project/project/lib/python3.10/site-packages/airflow/example_dags/example_kubernetes_executor.py
[2024-03-13T16:05:46.851-0400] {processor.py:830} INFO - Processing file /home/ironbong_jr/mlops/project/project/lib/python3.10/site-packages/airflow/example_dags/example_kubernetes_executor.py for tasks to queue
[2024-03-13T16:05:46.852-0400] {logging_mixin.py:188} INFO - [2024-03-13T16:05:46.851-0400] {dagbag.py:540} INFO - Filling up the DagBag from /home/ironbong_jr/mlops/project/project/lib/python3.10/site-packages/airflow/example_dags/example_kubernetes_executor.py
[2024-03-13T16:05:46.854-0400] {logging_mixin.py:188} INFO - [2024-03-13T16:05:46.854-0400] {example_kubernetes_executor.py:38} WARNING - The example_kubernetes_executor example DAG requires the kubernetes provider. Please install it with: pip install apache-airflow[cncf.kubernetes]
[2024-03-13T16:05:46.854-0400] {processor.py:842} WARNING - No viable dags retrieved from /home/ironbong_jr/mlops/project/project/lib/python3.10/site-packages/airflow/example_dags/example_kubernetes_executor.py
[2024-03-13T16:05:46.860-0400] {processor.py:183} INFO - Processing /home/ironbong_jr/mlops/project/project/lib/python3.10/site-packages/airflow/example_dags/example_kubernetes_executor.py took 0.014 seconds
[2024-03-13T16:06:37.553-0400] {processor.py:161} INFO - Started process (PID=459248) to work on /home/ironbong_jr/mlops/project/project/lib/python3.10/site-packages/airflow/example_dags/example_kubernetes_executor.py
[2024-03-13T16:06:37.556-0400] {processor.py:830} INFO - Processing file /home/ironbong_jr/mlops/project/project/lib/python3.10/site-packages/airflow/example_dags/example_kubernetes_executor.py for tasks to queue
[2024-03-13T16:06:37.558-0400] {logging_mixin.py:188} INFO - [2024-03-13T16:06:37.557-0400] {dagbag.py:540} INFO - Filling up the DagBag from /home/ironbong_jr/mlops/project/project/lib/python3.10/site-packages/airflow/example_dags/example_kubernetes_executor.py
[2024-03-13T16:06:37.560-0400] {logging_mixin.py:188} INFO - [2024-03-13T16:06:37.559-0400] {example_kubernetes_executor.py:38} WARNING - The example_kubernetes_executor example DAG requires the kubernetes provider. Please install it with: pip install apache-airflow[cncf.kubernetes]
[2024-03-13T16:06:37.560-0400] {processor.py:842} WARNING - No viable dags retrieved from /home/ironbong_jr/mlops/project/project/lib/python3.10/site-packages/airflow/example_dags/example_kubernetes_executor.py
[2024-03-13T16:06:37.566-0400] {processor.py:183} INFO - Processing /home/ironbong_jr/mlops/project/project/lib/python3.10/site-packages/airflow/example_dags/example_kubernetes_executor.py took 0.018 seconds
[2024-03-13T16:07:29.495-0400] {processor.py:161} INFO - Started process (PID=459508) to work on /home/ironbong_jr/mlops/project/project/lib/python3.10/site-packages/airflow/example_dags/example_kubernetes_executor.py
[2024-03-13T16:07:29.499-0400] {processor.py:830} INFO - Processing file /home/ironbong_jr/mlops/project/project/lib/python3.10/site-packages/airflow/example_dags/example_kubernetes_executor.py for tasks to queue
[2024-03-13T16:07:29.501-0400] {logging_mixin.py:188} INFO - [2024-03-13T16:07:29.500-0400] {dagbag.py:540} INFO - Filling up the DagBag from /home/ironbong_jr/mlops/project/project/lib/python3.10/site-packages/airflow/example_dags/example_kubernetes_executor.py
[2024-03-13T16:07:29.503-0400] {logging_mixin.py:188} INFO - [2024-03-13T16:07:29.503-0400] {example_kubernetes_executor.py:38} WARNING - The example_kubernetes_executor example DAG requires the kubernetes provider. Please install it with: pip install apache-airflow[cncf.kubernetes]
[2024-03-13T16:07:29.503-0400] {processor.py:842} WARNING - No viable dags retrieved from /home/ironbong_jr/mlops/project/project/lib/python3.10/site-packages/airflow/example_dags/example_kubernetes_executor.py
[2024-03-13T16:07:29.512-0400] {processor.py:183} INFO - Processing /home/ironbong_jr/mlops/project/project/lib/python3.10/site-packages/airflow/example_dags/example_kubernetes_executor.py took 0.020 seconds
[2024-03-13T16:08:22.268-0400] {processor.py:161} INFO - Started process (PID=459761) to work on /home/ironbong_jr/mlops/project/project/lib/python3.10/site-packages/airflow/example_dags/example_kubernetes_executor.py
[2024-03-13T16:08:22.272-0400] {processor.py:830} INFO - Processing file /home/ironbong_jr/mlops/project/project/lib/python3.10/site-packages/airflow/example_dags/example_kubernetes_executor.py for tasks to queue
[2024-03-13T16:08:22.272-0400] {logging_mixin.py:188} INFO - [2024-03-13T16:08:22.272-0400] {dagbag.py:540} INFO - Filling up the DagBag from /home/ironbong_jr/mlops/project/project/lib/python3.10/site-packages/airflow/example_dags/example_kubernetes_executor.py
[2024-03-13T16:08:22.274-0400] {logging_mixin.py:188} INFO - [2024-03-13T16:08:22.274-0400] {example_kubernetes_executor.py:38} WARNING - The example_kubernetes_executor example DAG requires the kubernetes provider. Please install it with: pip install apache-airflow[cncf.kubernetes]
[2024-03-13T16:08:22.275-0400] {processor.py:842} WARNING - No viable dags retrieved from /home/ironbong_jr/mlops/project/project/lib/python3.10/site-packages/airflow/example_dags/example_kubernetes_executor.py
[2024-03-13T16:08:22.282-0400] {processor.py:183} INFO - Processing /home/ironbong_jr/mlops/project/project/lib/python3.10/site-packages/airflow/example_dags/example_kubernetes_executor.py took 0.016 seconds
[2024-03-13T16:09:12.206-0400] {processor.py:161} INFO - Started process (PID=460010) to work on /home/ironbong_jr/mlops/project/project/lib/python3.10/site-packages/airflow/example_dags/example_kubernetes_executor.py
[2024-03-13T16:09:12.210-0400] {processor.py:830} INFO - Processing file /home/ironbong_jr/mlops/project/project/lib/python3.10/site-packages/airflow/example_dags/example_kubernetes_executor.py for tasks to queue
[2024-03-13T16:09:12.210-0400] {logging_mixin.py:188} INFO - [2024-03-13T16:09:12.210-0400] {dagbag.py:540} INFO - Filling up the DagBag from /home/ironbong_jr/mlops/project/project/lib/python3.10/site-packages/airflow/example_dags/example_kubernetes_executor.py
[2024-03-13T16:09:12.212-0400] {logging_mixin.py:188} INFO - [2024-03-13T16:09:12.212-0400] {example_kubernetes_executor.py:38} WARNING - The example_kubernetes_executor example DAG requires the kubernetes provider. Please install it with: pip install apache-airflow[cncf.kubernetes]
[2024-03-13T16:09:12.213-0400] {processor.py:842} WARNING - No viable dags retrieved from /home/ironbong_jr/mlops/project/project/lib/python3.10/site-packages/airflow/example_dags/example_kubernetes_executor.py
[2024-03-13T16:09:12.219-0400] {processor.py:183} INFO - Processing /home/ironbong_jr/mlops/project/project/lib/python3.10/site-packages/airflow/example_dags/example_kubernetes_executor.py took 0.015 seconds
[2024-03-13T16:10:01.723-0400] {processor.py:161} INFO - Started process (PID=460259) to work on /home/ironbong_jr/mlops/project/project/lib/python3.10/site-packages/airflow/example_dags/example_kubernetes_executor.py
[2024-03-13T16:10:01.725-0400] {processor.py:830} INFO - Processing file /home/ironbong_jr/mlops/project/project/lib/python3.10/site-packages/airflow/example_dags/example_kubernetes_executor.py for tasks to queue
[2024-03-13T16:10:01.725-0400] {logging_mixin.py:188} INFO - [2024-03-13T16:10:01.725-0400] {dagbag.py:540} INFO - Filling up the DagBag from /home/ironbong_jr/mlops/project/project/lib/python3.10/site-packages/airflow/example_dags/example_kubernetes_executor.py
[2024-03-13T16:10:01.727-0400] {logging_mixin.py:188} INFO - [2024-03-13T16:10:01.727-0400] {example_kubernetes_executor.py:38} WARNING - The example_kubernetes_executor example DAG requires the kubernetes provider. Please install it with: pip install apache-airflow[cncf.kubernetes]
[2024-03-13T16:10:01.728-0400] {processor.py:842} WARNING - No viable dags retrieved from /home/ironbong_jr/mlops/project/project/lib/python3.10/site-packages/airflow/example_dags/example_kubernetes_executor.py
[2024-03-13T16:10:01.735-0400] {processor.py:183} INFO - Processing /home/ironbong_jr/mlops/project/project/lib/python3.10/site-packages/airflow/example_dags/example_kubernetes_executor.py took 0.014 seconds
[2024-03-13T16:10:50.469-0400] {processor.py:161} INFO - Started process (PID=460496) to work on /home/ironbong_jr/mlops/project/project/lib/python3.10/site-packages/airflow/example_dags/example_kubernetes_executor.py
[2024-03-13T16:10:50.473-0400] {processor.py:830} INFO - Processing file /home/ironbong_jr/mlops/project/project/lib/python3.10/site-packages/airflow/example_dags/example_kubernetes_executor.py for tasks to queue
[2024-03-13T16:10:50.474-0400] {logging_mixin.py:188} INFO - [2024-03-13T16:10:50.473-0400] {dagbag.py:540} INFO - Filling up the DagBag from /home/ironbong_jr/mlops/project/project/lib/python3.10/site-packages/airflow/example_dags/example_kubernetes_executor.py
[2024-03-13T16:10:50.475-0400] {logging_mixin.py:188} INFO - [2024-03-13T16:10:50.475-0400] {example_kubernetes_executor.py:38} WARNING - The example_kubernetes_executor example DAG requires the kubernetes provider. Please install it with: pip install apache-airflow[cncf.kubernetes]
[2024-03-13T16:10:50.476-0400] {processor.py:842} WARNING - No viable dags retrieved from /home/ironbong_jr/mlops/project/project/lib/python3.10/site-packages/airflow/example_dags/example_kubernetes_executor.py
[2024-03-13T16:10:50.482-0400] {processor.py:183} INFO - Processing /home/ironbong_jr/mlops/project/project/lib/python3.10/site-packages/airflow/example_dags/example_kubernetes_executor.py took 0.015 seconds
[2024-03-13T16:11:40.301-0400] {processor.py:161} INFO - Started process (PID=460746) to work on /home/ironbong_jr/mlops/project/project/lib/python3.10/site-packages/airflow/example_dags/example_kubernetes_executor.py
[2024-03-13T16:11:40.303-0400] {processor.py:830} INFO - Processing file /home/ironbong_jr/mlops/project/project/lib/python3.10/site-packages/airflow/example_dags/example_kubernetes_executor.py for tasks to queue
[2024-03-13T16:11:40.303-0400] {logging_mixin.py:188} INFO - [2024-03-13T16:11:40.303-0400] {dagbag.py:540} INFO - Filling up the DagBag from /home/ironbong_jr/mlops/project/project/lib/python3.10/site-packages/airflow/example_dags/example_kubernetes_executor.py
[2024-03-13T16:11:40.305-0400] {logging_mixin.py:188} INFO - [2024-03-13T16:11:40.305-0400] {example_kubernetes_executor.py:38} WARNING - The example_kubernetes_executor example DAG requires the kubernetes provider. Please install it with: pip install apache-airflow[cncf.kubernetes]
[2024-03-13T16:11:40.305-0400] {processor.py:842} WARNING - No viable dags retrieved from /home/ironbong_jr/mlops/project/project/lib/python3.10/site-packages/airflow/example_dags/example_kubernetes_executor.py
[2024-03-13T16:11:40.312-0400] {processor.py:183} INFO - Processing /home/ironbong_jr/mlops/project/project/lib/python3.10/site-packages/airflow/example_dags/example_kubernetes_executor.py took 0.013 seconds
[2024-03-13T16:12:30.342-0400] {processor.py:161} INFO - Started process (PID=461001) to work on /home/ironbong_jr/mlops/project/project/lib/python3.10/site-packages/airflow/example_dags/example_kubernetes_executor.py
[2024-03-13T16:12:30.344-0400] {processor.py:830} INFO - Processing file /home/ironbong_jr/mlops/project/project/lib/python3.10/site-packages/airflow/example_dags/example_kubernetes_executor.py for tasks to queue
[2024-03-13T16:12:30.345-0400] {logging_mixin.py:188} INFO - [2024-03-13T16:12:30.345-0400] {dagbag.py:540} INFO - Filling up the DagBag from /home/ironbong_jr/mlops/project/project/lib/python3.10/site-packages/airflow/example_dags/example_kubernetes_executor.py
[2024-03-13T16:12:30.348-0400] {logging_mixin.py:188} INFO - [2024-03-13T16:12:30.348-0400] {example_kubernetes_executor.py:38} WARNING - The example_kubernetes_executor example DAG requires the kubernetes provider. Please install it with: pip install apache-airflow[cncf.kubernetes]
[2024-03-13T16:12:30.348-0400] {processor.py:842} WARNING - No viable dags retrieved from /home/ironbong_jr/mlops/project/project/lib/python3.10/site-packages/airflow/example_dags/example_kubernetes_executor.py
[2024-03-13T16:12:30.357-0400] {processor.py:183} INFO - Processing /home/ironbong_jr/mlops/project/project/lib/python3.10/site-packages/airflow/example_dags/example_kubernetes_executor.py took 0.017 seconds
