[2024-03-12T21:21:30.447-0400] {processor.py:161} INFO - Started process (PID=406918) to work on /home/ironbong_jr/mlops/project/project/lib/python3.10/site-packages/airflow/example_dags/example_branch_operator_decorator.py
[2024-03-12T21:21:30.449-0400] {processor.py:830} INFO - Processing file /home/ironbong_jr/mlops/project/project/lib/python3.10/site-packages/airflow/example_dags/example_branch_operator_decorator.py for tasks to queue
[2024-03-12T21:21:30.451-0400] {logging_mixin.py:188} INFO - [2024-03-12T21:21:30.451-0400] {dagbag.py:540} INFO - Filling up the DagBag from /home/ironbong_jr/mlops/project/project/lib/python3.10/site-packages/airflow/example_dags/example_branch_operator_decorator.py
[2024-03-12T21:21:30.494-0400] {processor.py:842} WARNING - No viable dags retrieved from /home/ironbong_jr/mlops/project/project/lib/python3.10/site-packages/airflow/example_dags/example_branch_operator_decorator.py
[2024-03-12T21:21:30.514-0400] {processor.py:183} INFO - Processing /home/ironbong_jr/mlops/project/project/lib/python3.10/site-packages/airflow/example_dags/example_branch_operator_decorator.py took 0.074 seconds
[2024-03-12T21:22:57.860-0400] {processor.py:161} INFO - Started process (PID=407292) to work on /home/ironbong_jr/mlops/project/project/lib/python3.10/site-packages/airflow/example_dags/example_branch_operator_decorator.py
[2024-03-12T21:22:57.910-0400] {processor.py:830} INFO - Processing file /home/ironbong_jr/mlops/project/project/lib/python3.10/site-packages/airflow/example_dags/example_branch_operator_decorator.py for tasks to queue
[2024-03-12T21:22:57.913-0400] {logging_mixin.py:188} INFO - [2024-03-12T21:22:57.912-0400] {dagbag.py:540} INFO - Filling up the DagBag from /home/ironbong_jr/mlops/project/project/lib/python3.10/site-packages/airflow/example_dags/example_branch_operator_decorator.py
[2024-03-12T21:22:57.974-0400] {processor.py:842} WARNING - No viable dags retrieved from /home/ironbong_jr/mlops/project/project/lib/python3.10/site-packages/airflow/example_dags/example_branch_operator_decorator.py
[2024-03-12T21:22:57.994-0400] {processor.py:183} INFO - Processing /home/ironbong_jr/mlops/project/project/lib/python3.10/site-packages/airflow/example_dags/example_branch_operator_decorator.py took 0.140 seconds
[2024-03-12T21:26:23.913-0400] {processor.py:161} INFO - Started process (PID=408219) to work on /home/ironbong_jr/mlops/project/project/lib/python3.10/site-packages/airflow/example_dags/example_branch_operator_decorator.py
[2024-03-12T21:26:23.965-0400] {processor.py:830} INFO - Processing file /home/ironbong_jr/mlops/project/project/lib/python3.10/site-packages/airflow/example_dags/example_branch_operator_decorator.py for tasks to queue
[2024-03-12T21:26:23.967-0400] {logging_mixin.py:188} INFO - [2024-03-12T21:26:23.966-0400] {dagbag.py:540} INFO - Filling up the DagBag from /home/ironbong_jr/mlops/project/project/lib/python3.10/site-packages/airflow/example_dags/example_branch_operator_decorator.py
[2024-03-12T21:26:24.031-0400] {processor.py:842} WARNING - No viable dags retrieved from /home/ironbong_jr/mlops/project/project/lib/python3.10/site-packages/airflow/example_dags/example_branch_operator_decorator.py
[2024-03-12T21:26:24.053-0400] {processor.py:183} INFO - Processing /home/ironbong_jr/mlops/project/project/lib/python3.10/site-packages/airflow/example_dags/example_branch_operator_decorator.py took 0.150 seconds
[2024-03-12T21:27:36.770-0400] {processor.py:161} INFO - Started process (PID=408544) to work on /home/ironbong_jr/mlops/project/project/lib/python3.10/site-packages/airflow/example_dags/example_branch_operator_decorator.py
[2024-03-12T21:27:36.816-0400] {processor.py:830} INFO - Processing file /home/ironbong_jr/mlops/project/project/lib/python3.10/site-packages/airflow/example_dags/example_branch_operator_decorator.py for tasks to queue
[2024-03-12T21:27:36.818-0400] {logging_mixin.py:188} INFO - [2024-03-12T21:27:36.817-0400] {dagbag.py:540} INFO - Filling up the DagBag from /home/ironbong_jr/mlops/project/project/lib/python3.10/site-packages/airflow/example_dags/example_branch_operator_decorator.py
[2024-03-12T21:27:36.864-0400] {processor.py:842} WARNING - No viable dags retrieved from /home/ironbong_jr/mlops/project/project/lib/python3.10/site-packages/airflow/example_dags/example_branch_operator_decorator.py
[2024-03-12T21:27:36.887-0400] {processor.py:183} INFO - Processing /home/ironbong_jr/mlops/project/project/lib/python3.10/site-packages/airflow/example_dags/example_branch_operator_decorator.py took 0.123 seconds
[2024-03-12T21:29:15.396-0400] {processor.py:161} INFO - Started process (PID=409010) to work on /home/ironbong_jr/mlops/project/project/lib/python3.10/site-packages/airflow/example_dags/example_branch_operator_decorator.py
[2024-03-12T21:29:15.448-0400] {processor.py:830} INFO - Processing file /home/ironbong_jr/mlops/project/project/lib/python3.10/site-packages/airflow/example_dags/example_branch_operator_decorator.py for tasks to queue
[2024-03-12T21:29:15.449-0400] {logging_mixin.py:188} INFO - [2024-03-12T21:29:15.449-0400] {dagbag.py:540} INFO - Filling up the DagBag from /home/ironbong_jr/mlops/project/project/lib/python3.10/site-packages/airflow/example_dags/example_branch_operator_decorator.py
[2024-03-12T21:29:15.496-0400] {processor.py:842} WARNING - No viable dags retrieved from /home/ironbong_jr/mlops/project/project/lib/python3.10/site-packages/airflow/example_dags/example_branch_operator_decorator.py
[2024-03-12T21:29:15.517-0400] {processor.py:183} INFO - Processing /home/ironbong_jr/mlops/project/project/lib/python3.10/site-packages/airflow/example_dags/example_branch_operator_decorator.py took 0.125 seconds
[2024-03-12T21:30:43.768-0400] {processor.py:161} INFO - Started process (PID=409454) to work on /home/ironbong_jr/mlops/project/project/lib/python3.10/site-packages/airflow/example_dags/example_branch_operator_decorator.py
[2024-03-12T21:30:43.817-0400] {processor.py:830} INFO - Processing file /home/ironbong_jr/mlops/project/project/lib/python3.10/site-packages/airflow/example_dags/example_branch_operator_decorator.py for tasks to queue
[2024-03-12T21:30:43.820-0400] {logging_mixin.py:188} INFO - [2024-03-12T21:30:43.819-0400] {dagbag.py:540} INFO - Filling up the DagBag from /home/ironbong_jr/mlops/project/project/lib/python3.10/site-packages/airflow/example_dags/example_branch_operator_decorator.py
[2024-03-12T21:30:43.900-0400] {processor.py:842} WARNING - No viable dags retrieved from /home/ironbong_jr/mlops/project/project/lib/python3.10/site-packages/airflow/example_dags/example_branch_operator_decorator.py
[2024-03-12T21:30:43.928-0400] {processor.py:183} INFO - Processing /home/ironbong_jr/mlops/project/project/lib/python3.10/site-packages/airflow/example_dags/example_branch_operator_decorator.py took 0.172 seconds
[2024-03-12T21:32:23.501-0400] {processor.py:161} INFO - Started process (PID=409946) to work on /home/ironbong_jr/mlops/project/project/lib/python3.10/site-packages/airflow/example_dags/example_branch_operator_decorator.py
[2024-03-12T21:32:23.505-0400] {processor.py:830} INFO - Processing file /home/ironbong_jr/mlops/project/project/lib/python3.10/site-packages/airflow/example_dags/example_branch_operator_decorator.py for tasks to queue
[2024-03-12T21:32:23.508-0400] {logging_mixin.py:188} INFO - [2024-03-12T21:32:23.507-0400] {dagbag.py:540} INFO - Filling up the DagBag from /home/ironbong_jr/mlops/project/project/lib/python3.10/site-packages/airflow/example_dags/example_branch_operator_decorator.py
[2024-03-12T21:32:23.588-0400] {processor.py:842} WARNING - No viable dags retrieved from /home/ironbong_jr/mlops/project/project/lib/python3.10/site-packages/airflow/example_dags/example_branch_operator_decorator.py
[2024-03-12T21:32:23.608-0400] {processor.py:183} INFO - Processing /home/ironbong_jr/mlops/project/project/lib/python3.10/site-packages/airflow/example_dags/example_branch_operator_decorator.py took 0.120 seconds
[2024-03-12T21:34:04.120-0400] {processor.py:161} INFO - Started process (PID=410491) to work on /home/ironbong_jr/mlops/project/project/lib/python3.10/site-packages/airflow/example_dags/example_branch_operator_decorator.py
[2024-03-12T21:34:04.171-0400] {processor.py:830} INFO - Processing file /home/ironbong_jr/mlops/project/project/lib/python3.10/site-packages/airflow/example_dags/example_branch_operator_decorator.py for tasks to queue
[2024-03-12T21:34:04.175-0400] {logging_mixin.py:188} INFO - [2024-03-12T21:34:04.174-0400] {dagbag.py:540} INFO - Filling up the DagBag from /home/ironbong_jr/mlops/project/project/lib/python3.10/site-packages/airflow/example_dags/example_branch_operator_decorator.py
[2024-03-12T21:34:04.237-0400] {processor.py:842} WARNING - No viable dags retrieved from /home/ironbong_jr/mlops/project/project/lib/python3.10/site-packages/airflow/example_dags/example_branch_operator_decorator.py
[2024-03-12T21:34:04.262-0400] {processor.py:183} INFO - Processing /home/ironbong_jr/mlops/project/project/lib/python3.10/site-packages/airflow/example_dags/example_branch_operator_decorator.py took 0.149 seconds
[2024-03-12T23:25:48.809-0400] {processor.py:161} INFO - Started process (PID=417601) to work on /home/ironbong_jr/mlops/project/project/lib/python3.10/site-packages/airflow/example_dags/example_branch_operator_decorator.py
[2024-03-12T23:25:48.850-0400] {processor.py:830} INFO - Processing file /home/ironbong_jr/mlops/project/project/lib/python3.10/site-packages/airflow/example_dags/example_branch_operator_decorator.py for tasks to queue
[2024-03-12T23:25:48.852-0400] {logging_mixin.py:188} INFO - [2024-03-12T23:25:48.851-0400] {dagbag.py:540} INFO - Filling up the DagBag from /home/ironbong_jr/mlops/project/project/lib/python3.10/site-packages/airflow/example_dags/example_branch_operator_decorator.py
[2024-03-12T23:25:48.909-0400] {processor.py:842} WARNING - No viable dags retrieved from /home/ironbong_jr/mlops/project/project/lib/python3.10/site-packages/airflow/example_dags/example_branch_operator_decorator.py
[2024-03-12T23:25:48.937-0400] {processor.py:183} INFO - Processing /home/ironbong_jr/mlops/project/project/lib/python3.10/site-packages/airflow/example_dags/example_branch_operator_decorator.py took 0.136 seconds
[2024-03-12T23:29:11.631-0400] {processor.py:161} INFO - Started process (PID=418421) to work on /home/ironbong_jr/mlops/project/project/lib/python3.10/site-packages/airflow/example_dags/example_branch_operator_decorator.py
[2024-03-12T23:29:11.683-0400] {processor.py:830} INFO - Processing file /home/ironbong_jr/mlops/project/project/lib/python3.10/site-packages/airflow/example_dags/example_branch_operator_decorator.py for tasks to queue
[2024-03-12T23:29:11.686-0400] {logging_mixin.py:188} INFO - [2024-03-12T23:29:11.685-0400] {dagbag.py:540} INFO - Filling up the DagBag from /home/ironbong_jr/mlops/project/project/lib/python3.10/site-packages/airflow/example_dags/example_branch_operator_decorator.py
[2024-03-12T23:29:11.753-0400] {processor.py:842} WARNING - No viable dags retrieved from /home/ironbong_jr/mlops/project/project/lib/python3.10/site-packages/airflow/example_dags/example_branch_operator_decorator.py
[2024-03-12T23:29:11.790-0400] {processor.py:183} INFO - Processing /home/ironbong_jr/mlops/project/project/lib/python3.10/site-packages/airflow/example_dags/example_branch_operator_decorator.py took 0.166 seconds
[2024-03-12T23:30:34.178-0400] {processor.py:161} INFO - Started process (PID=418761) to work on /home/ironbong_jr/mlops/project/project/lib/python3.10/site-packages/airflow/example_dags/example_branch_operator_decorator.py
[2024-03-12T23:30:34.228-0400] {processor.py:830} INFO - Processing file /home/ironbong_jr/mlops/project/project/lib/python3.10/site-packages/airflow/example_dags/example_branch_operator_decorator.py for tasks to queue
[2024-03-12T23:30:34.231-0400] {logging_mixin.py:188} INFO - [2024-03-12T23:30:34.230-0400] {dagbag.py:540} INFO - Filling up the DagBag from /home/ironbong_jr/mlops/project/project/lib/python3.10/site-packages/airflow/example_dags/example_branch_operator_decorator.py
[2024-03-12T23:30:34.286-0400] {processor.py:842} WARNING - No viable dags retrieved from /home/ironbong_jr/mlops/project/project/lib/python3.10/site-packages/airflow/example_dags/example_branch_operator_decorator.py
[2024-03-12T23:30:34.316-0400] {processor.py:183} INFO - Processing /home/ironbong_jr/mlops/project/project/lib/python3.10/site-packages/airflow/example_dags/example_branch_operator_decorator.py took 0.145 seconds
[2024-03-12T23:40:14.834-0400] {processor.py:161} INFO - Started process (PID=420804) to work on /home/ironbong_jr/mlops/project/project/lib/python3.10/site-packages/airflow/example_dags/example_branch_operator_decorator.py
[2024-03-12T23:40:14.837-0400] {processor.py:830} INFO - Processing file /home/ironbong_jr/mlops/project/project/lib/python3.10/site-packages/airflow/example_dags/example_branch_operator_decorator.py for tasks to queue
[2024-03-12T23:40:14.839-0400] {logging_mixin.py:188} INFO - [2024-03-12T23:40:14.839-0400] {dagbag.py:540} INFO - Filling up the DagBag from /home/ironbong_jr/mlops/project/project/lib/python3.10/site-packages/airflow/example_dags/example_branch_operator_decorator.py
[2024-03-12T23:40:14.884-0400] {processor.py:842} WARNING - No viable dags retrieved from /home/ironbong_jr/mlops/project/project/lib/python3.10/site-packages/airflow/example_dags/example_branch_operator_decorator.py
[2024-03-12T23:40:14.906-0400] {processor.py:183} INFO - Processing /home/ironbong_jr/mlops/project/project/lib/python3.10/site-packages/airflow/example_dags/example_branch_operator_decorator.py took 0.079 seconds
[2024-03-12T23:43:21.871-0400] {processor.py:161} INFO - Started process (PID=421850) to work on /home/ironbong_jr/mlops/project/project/lib/python3.10/site-packages/airflow/example_dags/example_branch_operator_decorator.py
[2024-03-12T23:43:21.923-0400] {processor.py:830} INFO - Processing file /home/ironbong_jr/mlops/project/project/lib/python3.10/site-packages/airflow/example_dags/example_branch_operator_decorator.py for tasks to queue
[2024-03-12T23:43:21.926-0400] {logging_mixin.py:188} INFO - [2024-03-12T23:43:21.925-0400] {dagbag.py:540} INFO - Filling up the DagBag from /home/ironbong_jr/mlops/project/project/lib/python3.10/site-packages/airflow/example_dags/example_branch_operator_decorator.py
[2024-03-12T23:43:22.009-0400] {processor.py:842} WARNING - No viable dags retrieved from /home/ironbong_jr/mlops/project/project/lib/python3.10/site-packages/airflow/example_dags/example_branch_operator_decorator.py
[2024-03-12T23:43:22.031-0400] {processor.py:183} INFO - Processing /home/ironbong_jr/mlops/project/project/lib/python3.10/site-packages/airflow/example_dags/example_branch_operator_decorator.py took 0.165 seconds
[2024-03-12T23:45:12.483-0400] {processor.py:161} INFO - Started process (PID=422329) to work on /home/ironbong_jr/mlops/project/project/lib/python3.10/site-packages/airflow/example_dags/example_branch_operator_decorator.py
[2024-03-12T23:45:12.533-0400] {processor.py:830} INFO - Processing file /home/ironbong_jr/mlops/project/project/lib/python3.10/site-packages/airflow/example_dags/example_branch_operator_decorator.py for tasks to queue
[2024-03-12T23:45:12.536-0400] {logging_mixin.py:188} INFO - [2024-03-12T23:45:12.535-0400] {dagbag.py:540} INFO - Filling up the DagBag from /home/ironbong_jr/mlops/project/project/lib/python3.10/site-packages/airflow/example_dags/example_branch_operator_decorator.py
[2024-03-12T23:45:12.562-0400] {processor.py:842} WARNING - No viable dags retrieved from /home/ironbong_jr/mlops/project/project/lib/python3.10/site-packages/airflow/example_dags/example_branch_operator_decorator.py
[2024-03-12T23:45:12.577-0400] {processor.py:183} INFO - Processing /home/ironbong_jr/mlops/project/project/lib/python3.10/site-packages/airflow/example_dags/example_branch_operator_decorator.py took 0.100 seconds
[2024-03-12T23:46:51.523-0400] {processor.py:161} INFO - Started process (PID=422928) to work on /home/ironbong_jr/mlops/project/project/lib/python3.10/site-packages/airflow/example_dags/example_branch_operator_decorator.py
[2024-03-12T23:46:51.570-0400] {processor.py:830} INFO - Processing file /home/ironbong_jr/mlops/project/project/lib/python3.10/site-packages/airflow/example_dags/example_branch_operator_decorator.py for tasks to queue
[2024-03-12T23:46:51.573-0400] {logging_mixin.py:188} INFO - [2024-03-12T23:46:51.572-0400] {dagbag.py:540} INFO - Filling up the DagBag from /home/ironbong_jr/mlops/project/project/lib/python3.10/site-packages/airflow/example_dags/example_branch_operator_decorator.py
[2024-03-12T23:46:51.649-0400] {processor.py:842} WARNING - No viable dags retrieved from /home/ironbong_jr/mlops/project/project/lib/python3.10/site-packages/airflow/example_dags/example_branch_operator_decorator.py
[2024-03-12T23:46:51.689-0400] {processor.py:183} INFO - Processing /home/ironbong_jr/mlops/project/project/lib/python3.10/site-packages/airflow/example_dags/example_branch_operator_decorator.py took 0.181 seconds
[2024-03-12T23:48:05.692-0400] {processor.py:161} INFO - Started process (PID=423273) to work on /home/ironbong_jr/mlops/project/project/lib/python3.10/site-packages/airflow/example_dags/example_branch_operator_decorator.py
[2024-03-12T23:48:05.744-0400] {processor.py:830} INFO - Processing file /home/ironbong_jr/mlops/project/project/lib/python3.10/site-packages/airflow/example_dags/example_branch_operator_decorator.py for tasks to queue
[2024-03-12T23:48:05.746-0400] {logging_mixin.py:188} INFO - [2024-03-12T23:48:05.745-0400] {dagbag.py:540} INFO - Filling up the DagBag from /home/ironbong_jr/mlops/project/project/lib/python3.10/site-packages/airflow/example_dags/example_branch_operator_decorator.py
[2024-03-12T23:48:05.787-0400] {processor.py:842} WARNING - No viable dags retrieved from /home/ironbong_jr/mlops/project/project/lib/python3.10/site-packages/airflow/example_dags/example_branch_operator_decorator.py
[2024-03-12T23:48:05.815-0400] {processor.py:183} INFO - Processing /home/ironbong_jr/mlops/project/project/lib/python3.10/site-packages/airflow/example_dags/example_branch_operator_decorator.py took 0.134 seconds
[2024-03-12T23:49:05.248-0400] {processor.py:161} INFO - Started process (PID=423528) to work on /home/ironbong_jr/mlops/project/project/lib/python3.10/site-packages/airflow/example_dags/example_branch_operator_decorator.py
[2024-03-12T23:49:05.251-0400] {processor.py:830} INFO - Processing file /home/ironbong_jr/mlops/project/project/lib/python3.10/site-packages/airflow/example_dags/example_branch_operator_decorator.py for tasks to queue
[2024-03-12T23:49:05.252-0400] {logging_mixin.py:188} INFO - [2024-03-12T23:49:05.252-0400] {dagbag.py:540} INFO - Filling up the DagBag from /home/ironbong_jr/mlops/project/project/lib/python3.10/site-packages/airflow/example_dags/example_branch_operator_decorator.py
[2024-03-12T23:49:05.302-0400] {processor.py:842} WARNING - No viable dags retrieved from /home/ironbong_jr/mlops/project/project/lib/python3.10/site-packages/airflow/example_dags/example_branch_operator_decorator.py
[2024-03-12T23:49:05.322-0400] {processor.py:183} INFO - Processing /home/ironbong_jr/mlops/project/project/lib/python3.10/site-packages/airflow/example_dags/example_branch_operator_decorator.py took 0.083 seconds
[2024-03-12T23:50:31.891-0400] {processor.py:161} INFO - Started process (PID=424002) to work on /home/ironbong_jr/mlops/project/project/lib/python3.10/site-packages/airflow/example_dags/example_branch_operator_decorator.py
[2024-03-12T23:50:31.943-0400] {processor.py:830} INFO - Processing file /home/ironbong_jr/mlops/project/project/lib/python3.10/site-packages/airflow/example_dags/example_branch_operator_decorator.py for tasks to queue
[2024-03-12T23:50:31.946-0400] {logging_mixin.py:188} INFO - [2024-03-12T23:50:31.944-0400] {dagbag.py:540} INFO - Filling up the DagBag from /home/ironbong_jr/mlops/project/project/lib/python3.10/site-packages/airflow/example_dags/example_branch_operator_decorator.py
[2024-03-12T23:50:31.997-0400] {processor.py:842} WARNING - No viable dags retrieved from /home/ironbong_jr/mlops/project/project/lib/python3.10/site-packages/airflow/example_dags/example_branch_operator_decorator.py
[2024-03-12T23:50:32.015-0400] {processor.py:183} INFO - Processing /home/ironbong_jr/mlops/project/project/lib/python3.10/site-packages/airflow/example_dags/example_branch_operator_decorator.py took 0.133 seconds
[2024-03-12T23:51:56.813-0400] {processor.py:161} INFO - Started process (PID=424383) to work on /home/ironbong_jr/mlops/project/project/lib/python3.10/site-packages/airflow/example_dags/example_branch_operator_decorator.py
[2024-03-12T23:51:56.863-0400] {processor.py:830} INFO - Processing file /home/ironbong_jr/mlops/project/project/lib/python3.10/site-packages/airflow/example_dags/example_branch_operator_decorator.py for tasks to queue
[2024-03-12T23:51:56.865-0400] {logging_mixin.py:188} INFO - [2024-03-12T23:51:56.864-0400] {dagbag.py:540} INFO - Filling up the DagBag from /home/ironbong_jr/mlops/project/project/lib/python3.10/site-packages/airflow/example_dags/example_branch_operator_decorator.py
[2024-03-12T23:51:56.906-0400] {processor.py:842} WARNING - No viable dags retrieved from /home/ironbong_jr/mlops/project/project/lib/python3.10/site-packages/airflow/example_dags/example_branch_operator_decorator.py
[2024-03-12T23:51:56.933-0400] {processor.py:183} INFO - Processing /home/ironbong_jr/mlops/project/project/lib/python3.10/site-packages/airflow/example_dags/example_branch_operator_decorator.py took 0.125 seconds
[2024-03-12T23:53:23.788-0400] {processor.py:161} INFO - Started process (PID=424931) to work on /home/ironbong_jr/mlops/project/project/lib/python3.10/site-packages/airflow/example_dags/example_branch_operator_decorator.py
[2024-03-12T23:53:23.790-0400] {processor.py:830} INFO - Processing file /home/ironbong_jr/mlops/project/project/lib/python3.10/site-packages/airflow/example_dags/example_branch_operator_decorator.py for tasks to queue
[2024-03-12T23:53:23.792-0400] {logging_mixin.py:188} INFO - [2024-03-12T23:53:23.791-0400] {dagbag.py:540} INFO - Filling up the DagBag from /home/ironbong_jr/mlops/project/project/lib/python3.10/site-packages/airflow/example_dags/example_branch_operator_decorator.py
[2024-03-12T23:53:23.840-0400] {processor.py:842} WARNING - No viable dags retrieved from /home/ironbong_jr/mlops/project/project/lib/python3.10/site-packages/airflow/example_dags/example_branch_operator_decorator.py
[2024-03-12T23:53:23.855-0400] {processor.py:183} INFO - Processing /home/ironbong_jr/mlops/project/project/lib/python3.10/site-packages/airflow/example_dags/example_branch_operator_decorator.py took 0.072 seconds
[2024-03-12T23:55:01.112-0400] {processor.py:161} INFO - Started process (PID=425353) to work on /home/ironbong_jr/mlops/project/project/lib/python3.10/site-packages/airflow/example_dags/example_branch_operator_decorator.py
[2024-03-12T23:55:01.163-0400] {processor.py:830} INFO - Processing file /home/ironbong_jr/mlops/project/project/lib/python3.10/site-packages/airflow/example_dags/example_branch_operator_decorator.py for tasks to queue
[2024-03-12T23:55:01.167-0400] {logging_mixin.py:188} INFO - [2024-03-12T23:55:01.165-0400] {dagbag.py:540} INFO - Filling up the DagBag from /home/ironbong_jr/mlops/project/project/lib/python3.10/site-packages/airflow/example_dags/example_branch_operator_decorator.py
[2024-03-12T23:55:01.236-0400] {processor.py:842} WARNING - No viable dags retrieved from /home/ironbong_jr/mlops/project/project/lib/python3.10/site-packages/airflow/example_dags/example_branch_operator_decorator.py
[2024-03-12T23:55:01.254-0400] {processor.py:183} INFO - Processing /home/ironbong_jr/mlops/project/project/lib/python3.10/site-packages/airflow/example_dags/example_branch_operator_decorator.py took 0.148 seconds
[2024-03-13T00:28:44.223-0400] {processor.py:161} INFO - Started process (PID=432494) to work on /home/ironbong_jr/mlops/project/project/lib/python3.10/site-packages/airflow/example_dags/example_branch_operator_decorator.py
[2024-03-13T00:28:44.228-0400] {processor.py:830} INFO - Processing file /home/ironbong_jr/mlops/project/project/lib/python3.10/site-packages/airflow/example_dags/example_branch_operator_decorator.py for tasks to queue
[2024-03-13T00:28:44.237-0400] {logging_mixin.py:188} INFO - [2024-03-13T00:28:44.235-0400] {dagbag.py:540} INFO - Filling up the DagBag from /home/ironbong_jr/mlops/project/project/lib/python3.10/site-packages/airflow/example_dags/example_branch_operator_decorator.py
[2024-03-13T00:28:44.306-0400] {processor.py:842} WARNING - No viable dags retrieved from /home/ironbong_jr/mlops/project/project/lib/python3.10/site-packages/airflow/example_dags/example_branch_operator_decorator.py
[2024-03-13T00:28:44.337-0400] {processor.py:183} INFO - Processing /home/ironbong_jr/mlops/project/project/lib/python3.10/site-packages/airflow/example_dags/example_branch_operator_decorator.py took 0.129 seconds
[2024-03-13T00:31:08.679-0400] {processor.py:161} INFO - Started process (PID=433122) to work on /home/ironbong_jr/mlops/project/project/lib/python3.10/site-packages/airflow/example_dags/example_branch_operator_decorator.py
[2024-03-13T00:31:08.684-0400] {processor.py:830} INFO - Processing file /home/ironbong_jr/mlops/project/project/lib/python3.10/site-packages/airflow/example_dags/example_branch_operator_decorator.py for tasks to queue
[2024-03-13T00:31:08.689-0400] {logging_mixin.py:188} INFO - [2024-03-13T00:31:08.687-0400] {dagbag.py:540} INFO - Filling up the DagBag from /home/ironbong_jr/mlops/project/project/lib/python3.10/site-packages/airflow/example_dags/example_branch_operator_decorator.py
[2024-03-13T00:31:08.779-0400] {processor.py:842} WARNING - No viable dags retrieved from /home/ironbong_jr/mlops/project/project/lib/python3.10/site-packages/airflow/example_dags/example_branch_operator_decorator.py
[2024-03-13T00:31:08.800-0400] {processor.py:183} INFO - Processing /home/ironbong_jr/mlops/project/project/lib/python3.10/site-packages/airflow/example_dags/example_branch_operator_decorator.py took 0.135 seconds
[2024-03-13T00:35:30.391-0400] {processor.py:161} INFO - Started process (PID=434238) to work on /home/ironbong_jr/mlops/project/project/lib/python3.10/site-packages/airflow/example_dags/example_branch_operator_decorator.py
[2024-03-13T00:35:30.395-0400] {processor.py:830} INFO - Processing file /home/ironbong_jr/mlops/project/project/lib/python3.10/site-packages/airflow/example_dags/example_branch_operator_decorator.py for tasks to queue
[2024-03-13T00:35:30.398-0400] {logging_mixin.py:188} INFO - [2024-03-13T00:35:30.397-0400] {dagbag.py:540} INFO - Filling up the DagBag from /home/ironbong_jr/mlops/project/project/lib/python3.10/site-packages/airflow/example_dags/example_branch_operator_decorator.py
[2024-03-13T00:35:30.484-0400] {processor.py:842} WARNING - No viable dags retrieved from /home/ironbong_jr/mlops/project/project/lib/python3.10/site-packages/airflow/example_dags/example_branch_operator_decorator.py
[2024-03-13T00:35:30.530-0400] {processor.py:183} INFO - Processing /home/ironbong_jr/mlops/project/project/lib/python3.10/site-packages/airflow/example_dags/example_branch_operator_decorator.py took 0.146 seconds
[2024-03-13T00:36:46.328-0400] {processor.py:161} INFO - Started process (PID=434567) to work on /home/ironbong_jr/mlops/project/project/lib/python3.10/site-packages/airflow/example_dags/example_branch_operator_decorator.py
[2024-03-13T00:36:46.369-0400] {processor.py:830} INFO - Processing file /home/ironbong_jr/mlops/project/project/lib/python3.10/site-packages/airflow/example_dags/example_branch_operator_decorator.py for tasks to queue
[2024-03-13T00:36:46.372-0400] {logging_mixin.py:188} INFO - [2024-03-13T00:36:46.371-0400] {dagbag.py:540} INFO - Filling up the DagBag from /home/ironbong_jr/mlops/project/project/lib/python3.10/site-packages/airflow/example_dags/example_branch_operator_decorator.py
[2024-03-13T00:36:46.420-0400] {processor.py:842} WARNING - No viable dags retrieved from /home/ironbong_jr/mlops/project/project/lib/python3.10/site-packages/airflow/example_dags/example_branch_operator_decorator.py
[2024-03-13T00:36:46.436-0400] {processor.py:183} INFO - Processing /home/ironbong_jr/mlops/project/project/lib/python3.10/site-packages/airflow/example_dags/example_branch_operator_decorator.py took 0.114 seconds
[2024-03-13T00:38:56.118-0400] {processor.py:161} INFO - Started process (PID=435195) to work on /home/ironbong_jr/mlops/project/project/lib/python3.10/site-packages/airflow/example_dags/example_branch_operator_decorator.py
[2024-03-13T00:38:56.170-0400] {processor.py:830} INFO - Processing file /home/ironbong_jr/mlops/project/project/lib/python3.10/site-packages/airflow/example_dags/example_branch_operator_decorator.py for tasks to queue
[2024-03-13T00:38:56.174-0400] {logging_mixin.py:188} INFO - [2024-03-13T00:38:56.172-0400] {dagbag.py:540} INFO - Filling up the DagBag from /home/ironbong_jr/mlops/project/project/lib/python3.10/site-packages/airflow/example_dags/example_branch_operator_decorator.py
[2024-03-13T00:38:56.226-0400] {processor.py:842} WARNING - No viable dags retrieved from /home/ironbong_jr/mlops/project/project/lib/python3.10/site-packages/airflow/example_dags/example_branch_operator_decorator.py
[2024-03-13T00:38:56.256-0400] {processor.py:183} INFO - Processing /home/ironbong_jr/mlops/project/project/lib/python3.10/site-packages/airflow/example_dags/example_branch_operator_decorator.py took 0.145 seconds
[2024-03-13T00:40:33.404-0400] {processor.py:161} INFO - Started process (PID=435628) to work on /home/ironbong_jr/mlops/project/project/lib/python3.10/site-packages/airflow/example_dags/example_branch_operator_decorator.py
[2024-03-13T00:40:33.455-0400] {processor.py:830} INFO - Processing file /home/ironbong_jr/mlops/project/project/lib/python3.10/site-packages/airflow/example_dags/example_branch_operator_decorator.py for tasks to queue
[2024-03-13T00:40:33.457-0400] {logging_mixin.py:188} INFO - [2024-03-13T00:40:33.456-0400] {dagbag.py:540} INFO - Filling up the DagBag from /home/ironbong_jr/mlops/project/project/lib/python3.10/site-packages/airflow/example_dags/example_branch_operator_decorator.py
[2024-03-13T00:40:33.516-0400] {processor.py:842} WARNING - No viable dags retrieved from /home/ironbong_jr/mlops/project/project/lib/python3.10/site-packages/airflow/example_dags/example_branch_operator_decorator.py
[2024-03-13T00:40:33.534-0400] {processor.py:183} INFO - Processing /home/ironbong_jr/mlops/project/project/lib/python3.10/site-packages/airflow/example_dags/example_branch_operator_decorator.py took 0.135 seconds
[2024-03-13T00:43:49.793-0400] {processor.py:161} INFO - Started process (PID=436550) to work on /home/ironbong_jr/mlops/project/project/lib/python3.10/site-packages/airflow/example_dags/example_branch_operator_decorator.py
[2024-03-13T00:43:49.847-0400] {processor.py:830} INFO - Processing file /home/ironbong_jr/mlops/project/project/lib/python3.10/site-packages/airflow/example_dags/example_branch_operator_decorator.py for tasks to queue
[2024-03-13T00:43:49.850-0400] {logging_mixin.py:188} INFO - [2024-03-13T00:43:49.849-0400] {dagbag.py:540} INFO - Filling up the DagBag from /home/ironbong_jr/mlops/project/project/lib/python3.10/site-packages/airflow/example_dags/example_branch_operator_decorator.py
[2024-03-13T00:43:49.933-0400] {processor.py:842} WARNING - No viable dags retrieved from /home/ironbong_jr/mlops/project/project/lib/python3.10/site-packages/airflow/example_dags/example_branch_operator_decorator.py
[2024-03-13T00:43:49.951-0400] {processor.py:183} INFO - Processing /home/ironbong_jr/mlops/project/project/lib/python3.10/site-packages/airflow/example_dags/example_branch_operator_decorator.py took 0.167 seconds
[2024-03-13T00:44:48.403-0400] {processor.py:161} INFO - Started process (PID=436794) to work on /home/ironbong_jr/mlops/project/project/lib/python3.10/site-packages/airflow/example_dags/example_branch_operator_decorator.py
[2024-03-13T00:44:48.450-0400] {processor.py:830} INFO - Processing file /home/ironbong_jr/mlops/project/project/lib/python3.10/site-packages/airflow/example_dags/example_branch_operator_decorator.py for tasks to queue
[2024-03-13T00:44:48.453-0400] {logging_mixin.py:188} INFO - [2024-03-13T00:44:48.452-0400] {dagbag.py:540} INFO - Filling up the DagBag from /home/ironbong_jr/mlops/project/project/lib/python3.10/site-packages/airflow/example_dags/example_branch_operator_decorator.py
[2024-03-13T00:44:48.517-0400] {processor.py:842} WARNING - No viable dags retrieved from /home/ironbong_jr/mlops/project/project/lib/python3.10/site-packages/airflow/example_dags/example_branch_operator_decorator.py
[2024-03-13T00:44:48.541-0400] {processor.py:183} INFO - Processing /home/ironbong_jr/mlops/project/project/lib/python3.10/site-packages/airflow/example_dags/example_branch_operator_decorator.py took 0.145 seconds
[2024-03-13T15:48:58.688-0400] {processor.py:161} INFO - Started process (PID=453671) to work on /home/ironbong_jr/mlops/project/project/lib/python3.10/site-packages/airflow/example_dags/example_branch_operator_decorator.py
[2024-03-13T15:48:58.692-0400] {processor.py:830} INFO - Processing file /home/ironbong_jr/mlops/project/project/lib/python3.10/site-packages/airflow/example_dags/example_branch_operator_decorator.py for tasks to queue
[2024-03-13T15:48:58.692-0400] {logging_mixin.py:188} INFO - [2024-03-13T15:48:58.692-0400] {dagbag.py:540} INFO - Filling up the DagBag from /home/ironbong_jr/mlops/project/project/lib/python3.10/site-packages/airflow/example_dags/example_branch_operator_decorator.py
[2024-03-13T15:48:58.719-0400] {processor.py:842} WARNING - No viable dags retrieved from /home/ironbong_jr/mlops/project/project/lib/python3.10/site-packages/airflow/example_dags/example_branch_operator_decorator.py
[2024-03-13T15:48:58.726-0400] {processor.py:183} INFO - Processing /home/ironbong_jr/mlops/project/project/lib/python3.10/site-packages/airflow/example_dags/example_branch_operator_decorator.py took 0.040 seconds
[2024-03-13T15:49:59.192-0400] {processor.py:161} INFO - Started process (PID=453984) to work on /home/ironbong_jr/mlops/project/project/lib/python3.10/site-packages/airflow/example_dags/example_branch_operator_decorator.py
[2024-03-13T15:49:59.193-0400] {processor.py:830} INFO - Processing file /home/ironbong_jr/mlops/project/project/lib/python3.10/site-packages/airflow/example_dags/example_branch_operator_decorator.py for tasks to queue
[2024-03-13T15:49:59.194-0400] {logging_mixin.py:188} INFO - [2024-03-13T15:49:59.194-0400] {dagbag.py:540} INFO - Filling up the DagBag from /home/ironbong_jr/mlops/project/project/lib/python3.10/site-packages/airflow/example_dags/example_branch_operator_decorator.py
[2024-03-13T15:49:59.216-0400] {processor.py:842} WARNING - No viable dags retrieved from /home/ironbong_jr/mlops/project/project/lib/python3.10/site-packages/airflow/example_dags/example_branch_operator_decorator.py
[2024-03-13T15:49:59.223-0400] {processor.py:183} INFO - Processing /home/ironbong_jr/mlops/project/project/lib/python3.10/site-packages/airflow/example_dags/example_branch_operator_decorator.py took 0.034 seconds
[2024-03-13T15:51:09.658-0400] {processor.py:161} INFO - Started process (PID=454410) to work on /home/ironbong_jr/mlops/project/project/lib/python3.10/site-packages/airflow/example_dags/example_branch_operator_decorator.py
[2024-03-13T15:51:09.660-0400] {processor.py:830} INFO - Processing file /home/ironbong_jr/mlops/project/project/lib/python3.10/site-packages/airflow/example_dags/example_branch_operator_decorator.py for tasks to queue
[2024-03-13T15:51:09.660-0400] {logging_mixin.py:188} INFO - [2024-03-13T15:51:09.660-0400] {dagbag.py:540} INFO - Filling up the DagBag from /home/ironbong_jr/mlops/project/project/lib/python3.10/site-packages/airflow/example_dags/example_branch_operator_decorator.py
[2024-03-13T15:51:09.685-0400] {processor.py:842} WARNING - No viable dags retrieved from /home/ironbong_jr/mlops/project/project/lib/python3.10/site-packages/airflow/example_dags/example_branch_operator_decorator.py
[2024-03-13T15:51:09.694-0400] {processor.py:183} INFO - Processing /home/ironbong_jr/mlops/project/project/lib/python3.10/site-packages/airflow/example_dags/example_branch_operator_decorator.py took 0.039 seconds
[2024-03-13T15:52:04.554-0400] {processor.py:161} INFO - Started process (PID=454688) to work on /home/ironbong_jr/mlops/project/project/lib/python3.10/site-packages/airflow/example_dags/example_branch_operator_decorator.py
[2024-03-13T15:52:04.558-0400] {processor.py:830} INFO - Processing file /home/ironbong_jr/mlops/project/project/lib/python3.10/site-packages/airflow/example_dags/example_branch_operator_decorator.py for tasks to queue
[2024-03-13T15:52:04.558-0400] {logging_mixin.py:188} INFO - [2024-03-13T15:52:04.558-0400] {dagbag.py:540} INFO - Filling up the DagBag from /home/ironbong_jr/mlops/project/project/lib/python3.10/site-packages/airflow/example_dags/example_branch_operator_decorator.py
[2024-03-13T15:52:04.580-0400] {processor.py:842} WARNING - No viable dags retrieved from /home/ironbong_jr/mlops/project/project/lib/python3.10/site-packages/airflow/example_dags/example_branch_operator_decorator.py
[2024-03-13T15:52:04.587-0400] {processor.py:183} INFO - Processing /home/ironbong_jr/mlops/project/project/lib/python3.10/site-packages/airflow/example_dags/example_branch_operator_decorator.py took 0.035 seconds
[2024-03-13T15:52:58.501-0400] {processor.py:161} INFO - Started process (PID=454973) to work on /home/ironbong_jr/mlops/project/project/lib/python3.10/site-packages/airflow/example_dags/example_branch_operator_decorator.py
[2024-03-13T15:52:58.504-0400] {processor.py:830} INFO - Processing file /home/ironbong_jr/mlops/project/project/lib/python3.10/site-packages/airflow/example_dags/example_branch_operator_decorator.py for tasks to queue
[2024-03-13T15:52:58.505-0400] {logging_mixin.py:188} INFO - [2024-03-13T15:52:58.505-0400] {dagbag.py:540} INFO - Filling up the DagBag from /home/ironbong_jr/mlops/project/project/lib/python3.10/site-packages/airflow/example_dags/example_branch_operator_decorator.py
[2024-03-13T15:52:58.524-0400] {processor.py:842} WARNING - No viable dags retrieved from /home/ironbong_jr/mlops/project/project/lib/python3.10/site-packages/airflow/example_dags/example_branch_operator_decorator.py
[2024-03-13T15:52:58.531-0400] {processor.py:183} INFO - Processing /home/ironbong_jr/mlops/project/project/lib/python3.10/site-packages/airflow/example_dags/example_branch_operator_decorator.py took 0.032 seconds
[2024-03-13T15:53:47.810-0400] {processor.py:161} INFO - Started process (PID=455230) to work on /home/ironbong_jr/mlops/project/project/lib/python3.10/site-packages/airflow/example_dags/example_branch_operator_decorator.py
[2024-03-13T15:53:47.814-0400] {processor.py:830} INFO - Processing file /home/ironbong_jr/mlops/project/project/lib/python3.10/site-packages/airflow/example_dags/example_branch_operator_decorator.py for tasks to queue
[2024-03-13T15:53:47.814-0400] {logging_mixin.py:188} INFO - [2024-03-13T15:53:47.814-0400] {dagbag.py:540} INFO - Filling up the DagBag from /home/ironbong_jr/mlops/project/project/lib/python3.10/site-packages/airflow/example_dags/example_branch_operator_decorator.py
[2024-03-13T15:53:47.829-0400] {processor.py:842} WARNING - No viable dags retrieved from /home/ironbong_jr/mlops/project/project/lib/python3.10/site-packages/airflow/example_dags/example_branch_operator_decorator.py
[2024-03-13T15:53:47.837-0400] {processor.py:183} INFO - Processing /home/ironbong_jr/mlops/project/project/lib/python3.10/site-packages/airflow/example_dags/example_branch_operator_decorator.py took 0.029 seconds
[2024-03-13T15:54:37.399-0400] {processor.py:161} INFO - Started process (PID=455479) to work on /home/ironbong_jr/mlops/project/project/lib/python3.10/site-packages/airflow/example_dags/example_branch_operator_decorator.py
[2024-03-13T15:54:37.401-0400] {processor.py:830} INFO - Processing file /home/ironbong_jr/mlops/project/project/lib/python3.10/site-packages/airflow/example_dags/example_branch_operator_decorator.py for tasks to queue
[2024-03-13T15:54:37.402-0400] {logging_mixin.py:188} INFO - [2024-03-13T15:54:37.401-0400] {dagbag.py:540} INFO - Filling up the DagBag from /home/ironbong_jr/mlops/project/project/lib/python3.10/site-packages/airflow/example_dags/example_branch_operator_decorator.py
[2024-03-13T15:54:37.421-0400] {processor.py:842} WARNING - No viable dags retrieved from /home/ironbong_jr/mlops/project/project/lib/python3.10/site-packages/airflow/example_dags/example_branch_operator_decorator.py
[2024-03-13T15:54:37.430-0400] {processor.py:183} INFO - Processing /home/ironbong_jr/mlops/project/project/lib/python3.10/site-packages/airflow/example_dags/example_branch_operator_decorator.py took 0.033 seconds
[2024-03-13T15:55:31.274-0400] {processor.py:161} INFO - Started process (PID=455741) to work on /home/ironbong_jr/mlops/project/project/lib/python3.10/site-packages/airflow/example_dags/example_branch_operator_decorator.py
[2024-03-13T15:55:31.277-0400] {processor.py:830} INFO - Processing file /home/ironbong_jr/mlops/project/project/lib/python3.10/site-packages/airflow/example_dags/example_branch_operator_decorator.py for tasks to queue
[2024-03-13T15:55:31.278-0400] {logging_mixin.py:188} INFO - [2024-03-13T15:55:31.278-0400] {dagbag.py:540} INFO - Filling up the DagBag from /home/ironbong_jr/mlops/project/project/lib/python3.10/site-packages/airflow/example_dags/example_branch_operator_decorator.py
[2024-03-13T15:55:31.303-0400] {processor.py:842} WARNING - No viable dags retrieved from /home/ironbong_jr/mlops/project/project/lib/python3.10/site-packages/airflow/example_dags/example_branch_operator_decorator.py
[2024-03-13T15:55:31.311-0400] {processor.py:183} INFO - Processing /home/ironbong_jr/mlops/project/project/lib/python3.10/site-packages/airflow/example_dags/example_branch_operator_decorator.py took 0.038 seconds
[2024-03-13T15:56:19.713-0400] {processor.py:161} INFO - Started process (PID=456003) to work on /home/ironbong_jr/mlops/project/project/lib/python3.10/site-packages/airflow/example_dags/example_branch_operator_decorator.py
[2024-03-13T15:56:19.717-0400] {processor.py:830} INFO - Processing file /home/ironbong_jr/mlops/project/project/lib/python3.10/site-packages/airflow/example_dags/example_branch_operator_decorator.py for tasks to queue
[2024-03-13T15:56:19.718-0400] {logging_mixin.py:188} INFO - [2024-03-13T15:56:19.718-0400] {dagbag.py:540} INFO - Filling up the DagBag from /home/ironbong_jr/mlops/project/project/lib/python3.10/site-packages/airflow/example_dags/example_branch_operator_decorator.py
[2024-03-13T15:56:19.743-0400] {processor.py:842} WARNING - No viable dags retrieved from /home/ironbong_jr/mlops/project/project/lib/python3.10/site-packages/airflow/example_dags/example_branch_operator_decorator.py
[2024-03-13T15:56:19.750-0400] {processor.py:183} INFO - Processing /home/ironbong_jr/mlops/project/project/lib/python3.10/site-packages/airflow/example_dags/example_branch_operator_decorator.py took 0.039 seconds
[2024-03-13T15:57:08.956-0400] {processor.py:161} INFO - Started process (PID=456253) to work on /home/ironbong_jr/mlops/project/project/lib/python3.10/site-packages/airflow/example_dags/example_branch_operator_decorator.py
[2024-03-13T15:57:08.960-0400] {processor.py:830} INFO - Processing file /home/ironbong_jr/mlops/project/project/lib/python3.10/site-packages/airflow/example_dags/example_branch_operator_decorator.py for tasks to queue
[2024-03-13T15:57:08.960-0400] {logging_mixin.py:188} INFO - [2024-03-13T15:57:08.960-0400] {dagbag.py:540} INFO - Filling up the DagBag from /home/ironbong_jr/mlops/project/project/lib/python3.10/site-packages/airflow/example_dags/example_branch_operator_decorator.py
[2024-03-13T15:57:08.983-0400] {processor.py:842} WARNING - No viable dags retrieved from /home/ironbong_jr/mlops/project/project/lib/python3.10/site-packages/airflow/example_dags/example_branch_operator_decorator.py
[2024-03-13T15:57:08.990-0400] {processor.py:183} INFO - Processing /home/ironbong_jr/mlops/project/project/lib/python3.10/site-packages/airflow/example_dags/example_branch_operator_decorator.py took 0.036 seconds
[2024-03-13T15:58:00.215-0400] {processor.py:161} INFO - Started process (PID=456553) to work on /home/ironbong_jr/mlops/project/project/lib/python3.10/site-packages/airflow/example_dags/example_branch_operator_decorator.py
[2024-03-13T15:58:00.218-0400] {processor.py:830} INFO - Processing file /home/ironbong_jr/mlops/project/project/lib/python3.10/site-packages/airflow/example_dags/example_branch_operator_decorator.py for tasks to queue
[2024-03-13T15:58:00.218-0400] {logging_mixin.py:188} INFO - [2024-03-13T15:58:00.218-0400] {dagbag.py:540} INFO - Filling up the DagBag from /home/ironbong_jr/mlops/project/project/lib/python3.10/site-packages/airflow/example_dags/example_branch_operator_decorator.py
[2024-03-13T15:58:00.244-0400] {processor.py:842} WARNING - No viable dags retrieved from /home/ironbong_jr/mlops/project/project/lib/python3.10/site-packages/airflow/example_dags/example_branch_operator_decorator.py
[2024-03-13T15:58:00.253-0400] {processor.py:183} INFO - Processing /home/ironbong_jr/mlops/project/project/lib/python3.10/site-packages/airflow/example_dags/example_branch_operator_decorator.py took 0.041 seconds
[2024-03-13T15:58:52.123-0400] {processor.py:161} INFO - Started process (PID=456810) to work on /home/ironbong_jr/mlops/project/project/lib/python3.10/site-packages/airflow/example_dags/example_branch_operator_decorator.py
[2024-03-13T15:58:52.127-0400] {processor.py:830} INFO - Processing file /home/ironbong_jr/mlops/project/project/lib/python3.10/site-packages/airflow/example_dags/example_branch_operator_decorator.py for tasks to queue
[2024-03-13T15:58:52.127-0400] {logging_mixin.py:188} INFO - [2024-03-13T15:58:52.127-0400] {dagbag.py:540} INFO - Filling up the DagBag from /home/ironbong_jr/mlops/project/project/lib/python3.10/site-packages/airflow/example_dags/example_branch_operator_decorator.py
[2024-03-13T15:58:52.148-0400] {processor.py:842} WARNING - No viable dags retrieved from /home/ironbong_jr/mlops/project/project/lib/python3.10/site-packages/airflow/example_dags/example_branch_operator_decorator.py
[2024-03-13T15:58:52.155-0400] {processor.py:183} INFO - Processing /home/ironbong_jr/mlops/project/project/lib/python3.10/site-packages/airflow/example_dags/example_branch_operator_decorator.py took 0.034 seconds
[2024-03-13T15:59:44.305-0400] {processor.py:161} INFO - Started process (PID=457072) to work on /home/ironbong_jr/mlops/project/project/lib/python3.10/site-packages/airflow/example_dags/example_branch_operator_decorator.py
[2024-03-13T15:59:44.309-0400] {processor.py:830} INFO - Processing file /home/ironbong_jr/mlops/project/project/lib/python3.10/site-packages/airflow/example_dags/example_branch_operator_decorator.py for tasks to queue
[2024-03-13T15:59:44.310-0400] {logging_mixin.py:188} INFO - [2024-03-13T15:59:44.310-0400] {dagbag.py:540} INFO - Filling up the DagBag from /home/ironbong_jr/mlops/project/project/lib/python3.10/site-packages/airflow/example_dags/example_branch_operator_decorator.py
[2024-03-13T15:59:44.336-0400] {processor.py:842} WARNING - No viable dags retrieved from /home/ironbong_jr/mlops/project/project/lib/python3.10/site-packages/airflow/example_dags/example_branch_operator_decorator.py
[2024-03-13T15:59:44.343-0400] {processor.py:183} INFO - Processing /home/ironbong_jr/mlops/project/project/lib/python3.10/site-packages/airflow/example_dags/example_branch_operator_decorator.py took 0.040 seconds
[2024-03-13T16:00:35.447-0400] {processor.py:161} INFO - Started process (PID=457317) to work on /home/ironbong_jr/mlops/project/project/lib/python3.10/site-packages/airflow/example_dags/example_branch_operator_decorator.py
[2024-03-13T16:00:35.451-0400] {processor.py:830} INFO - Processing file /home/ironbong_jr/mlops/project/project/lib/python3.10/site-packages/airflow/example_dags/example_branch_operator_decorator.py for tasks to queue
[2024-03-13T16:00:35.451-0400] {logging_mixin.py:188} INFO - [2024-03-13T16:00:35.451-0400] {dagbag.py:540} INFO - Filling up the DagBag from /home/ironbong_jr/mlops/project/project/lib/python3.10/site-packages/airflow/example_dags/example_branch_operator_decorator.py
[2024-03-13T16:00:35.475-0400] {processor.py:842} WARNING - No viable dags retrieved from /home/ironbong_jr/mlops/project/project/lib/python3.10/site-packages/airflow/example_dags/example_branch_operator_decorator.py
[2024-03-13T16:00:35.482-0400] {processor.py:183} INFO - Processing /home/ironbong_jr/mlops/project/project/lib/python3.10/site-packages/airflow/example_dags/example_branch_operator_decorator.py took 0.037 seconds
[2024-03-13T16:01:25.678-0400] {processor.py:161} INFO - Started process (PID=457575) to work on /home/ironbong_jr/mlops/project/project/lib/python3.10/site-packages/airflow/example_dags/example_branch_operator_decorator.py
[2024-03-13T16:01:25.679-0400] {processor.py:830} INFO - Processing file /home/ironbong_jr/mlops/project/project/lib/python3.10/site-packages/airflow/example_dags/example_branch_operator_decorator.py for tasks to queue
[2024-03-13T16:01:25.680-0400] {logging_mixin.py:188} INFO - [2024-03-13T16:01:25.680-0400] {dagbag.py:540} INFO - Filling up the DagBag from /home/ironbong_jr/mlops/project/project/lib/python3.10/site-packages/airflow/example_dags/example_branch_operator_decorator.py
[2024-03-13T16:01:25.704-0400] {processor.py:842} WARNING - No viable dags retrieved from /home/ironbong_jr/mlops/project/project/lib/python3.10/site-packages/airflow/example_dags/example_branch_operator_decorator.py
[2024-03-13T16:01:25.711-0400] {processor.py:183} INFO - Processing /home/ironbong_jr/mlops/project/project/lib/python3.10/site-packages/airflow/example_dags/example_branch_operator_decorator.py took 0.035 seconds
[2024-03-13T16:02:17.555-0400] {processor.py:161} INFO - Started process (PID=457863) to work on /home/ironbong_jr/mlops/project/project/lib/python3.10/site-packages/airflow/example_dags/example_branch_operator_decorator.py
[2024-03-13T16:02:17.559-0400] {processor.py:830} INFO - Processing file /home/ironbong_jr/mlops/project/project/lib/python3.10/site-packages/airflow/example_dags/example_branch_operator_decorator.py for tasks to queue
[2024-03-13T16:02:17.559-0400] {logging_mixin.py:188} INFO - [2024-03-13T16:02:17.559-0400] {dagbag.py:540} INFO - Filling up the DagBag from /home/ironbong_jr/mlops/project/project/lib/python3.10/site-packages/airflow/example_dags/example_branch_operator_decorator.py
[2024-03-13T16:02:17.573-0400] {processor.py:842} WARNING - No viable dags retrieved from /home/ironbong_jr/mlops/project/project/lib/python3.10/site-packages/airflow/example_dags/example_branch_operator_decorator.py
[2024-03-13T16:02:17.581-0400] {processor.py:183} INFO - Processing /home/ironbong_jr/mlops/project/project/lib/python3.10/site-packages/airflow/example_dags/example_branch_operator_decorator.py took 0.028 seconds
[2024-03-13T16:03:05.877-0400] {processor.py:161} INFO - Started process (PID=458100) to work on /home/ironbong_jr/mlops/project/project/lib/python3.10/site-packages/airflow/example_dags/example_branch_operator_decorator.py
[2024-03-13T16:03:05.881-0400] {processor.py:830} INFO - Processing file /home/ironbong_jr/mlops/project/project/lib/python3.10/site-packages/airflow/example_dags/example_branch_operator_decorator.py for tasks to queue
[2024-03-13T16:03:05.881-0400] {logging_mixin.py:188} INFO - [2024-03-13T16:03:05.881-0400] {dagbag.py:540} INFO - Filling up the DagBag from /home/ironbong_jr/mlops/project/project/lib/python3.10/site-packages/airflow/example_dags/example_branch_operator_decorator.py
[2024-03-13T16:03:05.895-0400] {processor.py:842} WARNING - No viable dags retrieved from /home/ironbong_jr/mlops/project/project/lib/python3.10/site-packages/airflow/example_dags/example_branch_operator_decorator.py
[2024-03-13T16:03:05.902-0400] {processor.py:183} INFO - Processing /home/ironbong_jr/mlops/project/project/lib/python3.10/site-packages/airflow/example_dags/example_branch_operator_decorator.py took 0.027 seconds
[2024-03-13T16:04:07.939-0400] {processor.py:161} INFO - Started process (PID=458495) to work on /home/ironbong_jr/mlops/project/project/lib/python3.10/site-packages/airflow/example_dags/example_branch_operator_decorator.py
[2024-03-13T16:04:07.944-0400] {processor.py:830} INFO - Processing file /home/ironbong_jr/mlops/project/project/lib/python3.10/site-packages/airflow/example_dags/example_branch_operator_decorator.py for tasks to queue
[2024-03-13T16:04:07.946-0400] {logging_mixin.py:188} INFO - [2024-03-13T16:04:07.945-0400] {dagbag.py:540} INFO - Filling up the DagBag from /home/ironbong_jr/mlops/project/project/lib/python3.10/site-packages/airflow/example_dags/example_branch_operator_decorator.py
[2024-03-13T16:04:07.969-0400] {processor.py:842} WARNING - No viable dags retrieved from /home/ironbong_jr/mlops/project/project/lib/python3.10/site-packages/airflow/example_dags/example_branch_operator_decorator.py
[2024-03-13T16:04:07.976-0400] {processor.py:183} INFO - Processing /home/ironbong_jr/mlops/project/project/lib/python3.10/site-packages/airflow/example_dags/example_branch_operator_decorator.py took 0.040 seconds
[2024-03-13T16:05:04.461-0400] {processor.py:161} INFO - Started process (PID=458778) to work on /home/ironbong_jr/mlops/project/project/lib/python3.10/site-packages/airflow/example_dags/example_branch_operator_decorator.py
[2024-03-13T16:05:04.462-0400] {processor.py:830} INFO - Processing file /home/ironbong_jr/mlops/project/project/lib/python3.10/site-packages/airflow/example_dags/example_branch_operator_decorator.py for tasks to queue
[2024-03-13T16:05:04.463-0400] {logging_mixin.py:188} INFO - [2024-03-13T16:05:04.463-0400] {dagbag.py:540} INFO - Filling up the DagBag from /home/ironbong_jr/mlops/project/project/lib/python3.10/site-packages/airflow/example_dags/example_branch_operator_decorator.py
[2024-03-13T16:05:04.492-0400] {processor.py:842} WARNING - No viable dags retrieved from /home/ironbong_jr/mlops/project/project/lib/python3.10/site-packages/airflow/example_dags/example_branch_operator_decorator.py
[2024-03-13T16:05:04.499-0400] {processor.py:183} INFO - Processing /home/ironbong_jr/mlops/project/project/lib/python3.10/site-packages/airflow/example_dags/example_branch_operator_decorator.py took 0.040 seconds
[2024-03-13T16:05:49.743-0400] {processor.py:161} INFO - Started process (PID=459004) to work on /home/ironbong_jr/mlops/project/project/lib/python3.10/site-packages/airflow/example_dags/example_branch_operator_decorator.py
[2024-03-13T16:05:49.748-0400] {processor.py:830} INFO - Processing file /home/ironbong_jr/mlops/project/project/lib/python3.10/site-packages/airflow/example_dags/example_branch_operator_decorator.py for tasks to queue
[2024-03-13T16:05:49.749-0400] {logging_mixin.py:188} INFO - [2024-03-13T16:05:49.748-0400] {dagbag.py:540} INFO - Filling up the DagBag from /home/ironbong_jr/mlops/project/project/lib/python3.10/site-packages/airflow/example_dags/example_branch_operator_decorator.py
[2024-03-13T16:05:49.776-0400] {processor.py:842} WARNING - No viable dags retrieved from /home/ironbong_jr/mlops/project/project/lib/python3.10/site-packages/airflow/example_dags/example_branch_operator_decorator.py
[2024-03-13T16:05:49.784-0400] {processor.py:183} INFO - Processing /home/ironbong_jr/mlops/project/project/lib/python3.10/site-packages/airflow/example_dags/example_branch_operator_decorator.py took 0.043 seconds
[2024-03-13T16:06:41.425-0400] {processor.py:161} INFO - Started process (PID=459266) to work on /home/ironbong_jr/mlops/project/project/lib/python3.10/site-packages/airflow/example_dags/example_branch_operator_decorator.py
[2024-03-13T16:06:41.428-0400] {processor.py:830} INFO - Processing file /home/ironbong_jr/mlops/project/project/lib/python3.10/site-packages/airflow/example_dags/example_branch_operator_decorator.py for tasks to queue
[2024-03-13T16:06:41.429-0400] {logging_mixin.py:188} INFO - [2024-03-13T16:06:41.429-0400] {dagbag.py:540} INFO - Filling up the DagBag from /home/ironbong_jr/mlops/project/project/lib/python3.10/site-packages/airflow/example_dags/example_branch_operator_decorator.py
[2024-03-13T16:06:41.451-0400] {processor.py:842} WARNING - No viable dags retrieved from /home/ironbong_jr/mlops/project/project/lib/python3.10/site-packages/airflow/example_dags/example_branch_operator_decorator.py
[2024-03-13T16:06:41.459-0400] {processor.py:183} INFO - Processing /home/ironbong_jr/mlops/project/project/lib/python3.10/site-packages/airflow/example_dags/example_branch_operator_decorator.py took 0.036 seconds
[2024-03-13T16:07:34.029-0400] {processor.py:161} INFO - Started process (PID=459524) to work on /home/ironbong_jr/mlops/project/project/lib/python3.10/site-packages/airflow/example_dags/example_branch_operator_decorator.py
[2024-03-13T16:07:34.033-0400] {processor.py:830} INFO - Processing file /home/ironbong_jr/mlops/project/project/lib/python3.10/site-packages/airflow/example_dags/example_branch_operator_decorator.py for tasks to queue
[2024-03-13T16:07:34.033-0400] {logging_mixin.py:188} INFO - [2024-03-13T16:07:34.033-0400] {dagbag.py:540} INFO - Filling up the DagBag from /home/ironbong_jr/mlops/project/project/lib/python3.10/site-packages/airflow/example_dags/example_branch_operator_decorator.py
[2024-03-13T16:07:34.054-0400] {processor.py:842} WARNING - No viable dags retrieved from /home/ironbong_jr/mlops/project/project/lib/python3.10/site-packages/airflow/example_dags/example_branch_operator_decorator.py
[2024-03-13T16:07:34.061-0400] {processor.py:183} INFO - Processing /home/ironbong_jr/mlops/project/project/lib/python3.10/site-packages/airflow/example_dags/example_branch_operator_decorator.py took 0.034 seconds
[2024-03-13T16:08:26.733-0400] {processor.py:161} INFO - Started process (PID=459777) to work on /home/ironbong_jr/mlops/project/project/lib/python3.10/site-packages/airflow/example_dags/example_branch_operator_decorator.py
[2024-03-13T16:08:26.736-0400] {processor.py:830} INFO - Processing file /home/ironbong_jr/mlops/project/project/lib/python3.10/site-packages/airflow/example_dags/example_branch_operator_decorator.py for tasks to queue
[2024-03-13T16:08:26.737-0400] {logging_mixin.py:188} INFO - [2024-03-13T16:08:26.737-0400] {dagbag.py:540} INFO - Filling up the DagBag from /home/ironbong_jr/mlops/project/project/lib/python3.10/site-packages/airflow/example_dags/example_branch_operator_decorator.py
[2024-03-13T16:08:26.764-0400] {processor.py:842} WARNING - No viable dags retrieved from /home/ironbong_jr/mlops/project/project/lib/python3.10/site-packages/airflow/example_dags/example_branch_operator_decorator.py
[2024-03-13T16:08:26.771-0400] {processor.py:183} INFO - Processing /home/ironbong_jr/mlops/project/project/lib/python3.10/site-packages/airflow/example_dags/example_branch_operator_decorator.py took 0.040 seconds
[2024-03-13T16:09:16.744-0400] {processor.py:161} INFO - Started process (PID=460026) to work on /home/ironbong_jr/mlops/project/project/lib/python3.10/site-packages/airflow/example_dags/example_branch_operator_decorator.py
[2024-03-13T16:09:16.747-0400] {processor.py:830} INFO - Processing file /home/ironbong_jr/mlops/project/project/lib/python3.10/site-packages/airflow/example_dags/example_branch_operator_decorator.py for tasks to queue
[2024-03-13T16:09:16.748-0400] {logging_mixin.py:188} INFO - [2024-03-13T16:09:16.747-0400] {dagbag.py:540} INFO - Filling up the DagBag from /home/ironbong_jr/mlops/project/project/lib/python3.10/site-packages/airflow/example_dags/example_branch_operator_decorator.py
[2024-03-13T16:09:16.776-0400] {processor.py:842} WARNING - No viable dags retrieved from /home/ironbong_jr/mlops/project/project/lib/python3.10/site-packages/airflow/example_dags/example_branch_operator_decorator.py
[2024-03-13T16:09:16.784-0400] {processor.py:183} INFO - Processing /home/ironbong_jr/mlops/project/project/lib/python3.10/site-packages/airflow/example_dags/example_branch_operator_decorator.py took 0.042 seconds
[2024-03-13T16:10:05.678-0400] {processor.py:161} INFO - Started process (PID=460275) to work on /home/ironbong_jr/mlops/project/project/lib/python3.10/site-packages/airflow/example_dags/example_branch_operator_decorator.py
[2024-03-13T16:10:05.682-0400] {processor.py:830} INFO - Processing file /home/ironbong_jr/mlops/project/project/lib/python3.10/site-packages/airflow/example_dags/example_branch_operator_decorator.py for tasks to queue
[2024-03-13T16:10:05.682-0400] {logging_mixin.py:188} INFO - [2024-03-13T16:10:05.682-0400] {dagbag.py:540} INFO - Filling up the DagBag from /home/ironbong_jr/mlops/project/project/lib/python3.10/site-packages/airflow/example_dags/example_branch_operator_decorator.py
[2024-03-13T16:10:05.695-0400] {processor.py:842} WARNING - No viable dags retrieved from /home/ironbong_jr/mlops/project/project/lib/python3.10/site-packages/airflow/example_dags/example_branch_operator_decorator.py
[2024-03-13T16:10:05.703-0400] {processor.py:183} INFO - Processing /home/ironbong_jr/mlops/project/project/lib/python3.10/site-packages/airflow/example_dags/example_branch_operator_decorator.py took 0.027 seconds
[2024-03-13T16:10:52.994-0400] {processor.py:161} INFO - Started process (PID=460506) to work on /home/ironbong_jr/mlops/project/project/lib/python3.10/site-packages/airflow/example_dags/example_branch_operator_decorator.py
[2024-03-13T16:10:52.998-0400] {processor.py:830} INFO - Processing file /home/ironbong_jr/mlops/project/project/lib/python3.10/site-packages/airflow/example_dags/example_branch_operator_decorator.py for tasks to queue
[2024-03-13T16:10:52.998-0400] {logging_mixin.py:188} INFO - [2024-03-13T16:10:52.998-0400] {dagbag.py:540} INFO - Filling up the DagBag from /home/ironbong_jr/mlops/project/project/lib/python3.10/site-packages/airflow/example_dags/example_branch_operator_decorator.py
[2024-03-13T16:10:53.016-0400] {processor.py:842} WARNING - No viable dags retrieved from /home/ironbong_jr/mlops/project/project/lib/python3.10/site-packages/airflow/example_dags/example_branch_operator_decorator.py
[2024-03-13T16:10:53.023-0400] {processor.py:183} INFO - Processing /home/ironbong_jr/mlops/project/project/lib/python3.10/site-packages/airflow/example_dags/example_branch_operator_decorator.py took 0.031 seconds
[2024-03-13T16:11:44.834-0400] {processor.py:161} INFO - Started process (PID=460762) to work on /home/ironbong_jr/mlops/project/project/lib/python3.10/site-packages/airflow/example_dags/example_branch_operator_decorator.py
[2024-03-13T16:11:44.838-0400] {processor.py:830} INFO - Processing file /home/ironbong_jr/mlops/project/project/lib/python3.10/site-packages/airflow/example_dags/example_branch_operator_decorator.py for tasks to queue
[2024-03-13T16:11:44.838-0400] {logging_mixin.py:188} INFO - [2024-03-13T16:11:44.838-0400] {dagbag.py:540} INFO - Filling up the DagBag from /home/ironbong_jr/mlops/project/project/lib/python3.10/site-packages/airflow/example_dags/example_branch_operator_decorator.py
[2024-03-13T16:11:44.861-0400] {processor.py:842} WARNING - No viable dags retrieved from /home/ironbong_jr/mlops/project/project/lib/python3.10/site-packages/airflow/example_dags/example_branch_operator_decorator.py
[2024-03-13T16:11:44.868-0400] {processor.py:183} INFO - Processing /home/ironbong_jr/mlops/project/project/lib/python3.10/site-packages/airflow/example_dags/example_branch_operator_decorator.py took 0.036 seconds
[2024-03-13T16:12:34.880-0400] {processor.py:161} INFO - Started process (PID=461017) to work on /home/ironbong_jr/mlops/project/project/lib/python3.10/site-packages/airflow/example_dags/example_branch_operator_decorator.py
[2024-03-13T16:12:34.884-0400] {processor.py:830} INFO - Processing file /home/ironbong_jr/mlops/project/project/lib/python3.10/site-packages/airflow/example_dags/example_branch_operator_decorator.py for tasks to queue
[2024-03-13T16:12:34.885-0400] {logging_mixin.py:188} INFO - [2024-03-13T16:12:34.884-0400] {dagbag.py:540} INFO - Filling up the DagBag from /home/ironbong_jr/mlops/project/project/lib/python3.10/site-packages/airflow/example_dags/example_branch_operator_decorator.py
[2024-03-13T16:12:34.909-0400] {processor.py:842} WARNING - No viable dags retrieved from /home/ironbong_jr/mlops/project/project/lib/python3.10/site-packages/airflow/example_dags/example_branch_operator_decorator.py
[2024-03-13T16:12:34.916-0400] {processor.py:183} INFO - Processing /home/ironbong_jr/mlops/project/project/lib/python3.10/site-packages/airflow/example_dags/example_branch_operator_decorator.py took 0.039 seconds
