[2024-03-12T21:21:57.137-0400] {processor.py:161} INFO - Started process (PID=407018) to work on /home/ironbong_jr/mlops/project/project/lib/python3.10/site-packages/airflow/example_dags/example_latest_only.py
[2024-03-12T21:21:57.138-0400] {processor.py:830} INFO - Processing file /home/ironbong_jr/mlops/project/project/lib/python3.10/site-packages/airflow/example_dags/example_latest_only.py for tasks to queue
[2024-03-12T21:21:57.140-0400] {logging_mixin.py:188} INFO - [2024-03-12T21:21:57.140-0400] {dagbag.py:540} INFO - Filling up the DagBag from /home/ironbong_jr/mlops/project/project/lib/python3.10/site-packages/airflow/example_dags/example_latest_only.py
[2024-03-12T21:21:57.164-0400] {processor.py:840} INFO - DAG(s) 'latest_only' retrieved from /home/ironbong_jr/mlops/project/project/lib/python3.10/site-packages/airflow/example_dags/example_latest_only.py
[2024-03-12T21:21:57.485-0400] {logging_mixin.py:188} INFO - [2024-03-12T21:21:57.484-0400] {dag.py:3047} INFO - Sync 1 DAGs
[2024-03-12T21:21:57.514-0400] {logging_mixin.py:188} INFO - [2024-03-12T21:21:57.514-0400] {dag.py:3834} INFO - Setting next_dagrun for latest_only to 2024-03-12 20:00:00+00:00, run_after=2024-03-13 00:00:00+00:00
[2024-03-12T21:21:57.601-0400] {processor.py:183} INFO - Processing /home/ironbong_jr/mlops/project/project/lib/python3.10/site-packages/airflow/example_dags/example_latest_only.py took 0.489 seconds
[2024-03-12T21:23:22.870-0400] {processor.py:161} INFO - Started process (PID=407399) to work on /home/ironbong_jr/mlops/project/project/lib/python3.10/site-packages/airflow/example_dags/example_latest_only.py
[2024-03-12T21:23:22.873-0400] {processor.py:830} INFO - Processing file /home/ironbong_jr/mlops/project/project/lib/python3.10/site-packages/airflow/example_dags/example_latest_only.py for tasks to queue
[2024-03-12T21:23:22.876-0400] {logging_mixin.py:188} INFO - [2024-03-12T21:23:22.875-0400] {dagbag.py:540} INFO - Filling up the DagBag from /home/ironbong_jr/mlops/project/project/lib/python3.10/site-packages/airflow/example_dags/example_latest_only.py
[2024-03-12T21:23:22.888-0400] {processor.py:840} INFO - DAG(s) 'latest_only' retrieved from /home/ironbong_jr/mlops/project/project/lib/python3.10/site-packages/airflow/example_dags/example_latest_only.py
[2024-03-12T21:23:22.915-0400] {logging_mixin.py:188} INFO - [2024-03-12T21:23:22.914-0400] {dag.py:3047} INFO - Sync 1 DAGs
[2024-03-12T21:23:23.144-0400] {logging_mixin.py:188} INFO - [2024-03-12T21:23:23.143-0400] {dag.py:3834} INFO - Setting next_dagrun for latest_only to 2024-03-12 20:00:00+00:00, run_after=2024-03-13 00:00:00+00:00
[2024-03-12T21:23:23.246-0400] {processor.py:183} INFO - Processing /home/ironbong_jr/mlops/project/project/lib/python3.10/site-packages/airflow/example_dags/example_latest_only.py took 0.383 seconds
[2024-03-12T21:26:45.736-0400] {processor.py:161} INFO - Started process (PID=408298) to work on /home/ironbong_jr/mlops/project/project/lib/python3.10/site-packages/airflow/example_dags/example_latest_only.py
[2024-03-12T21:26:45.740-0400] {processor.py:830} INFO - Processing file /home/ironbong_jr/mlops/project/project/lib/python3.10/site-packages/airflow/example_dags/example_latest_only.py for tasks to queue
[2024-03-12T21:26:45.743-0400] {logging_mixin.py:188} INFO - [2024-03-12T21:26:45.742-0400] {dagbag.py:540} INFO - Filling up the DagBag from /home/ironbong_jr/mlops/project/project/lib/python3.10/site-packages/airflow/example_dags/example_latest_only.py
[2024-03-12T21:26:45.761-0400] {processor.py:840} INFO - DAG(s) 'latest_only' retrieved from /home/ironbong_jr/mlops/project/project/lib/python3.10/site-packages/airflow/example_dags/example_latest_only.py
[2024-03-12T21:26:45.805-0400] {logging_mixin.py:188} INFO - [2024-03-12T21:26:45.804-0400] {dag.py:3047} INFO - Sync 1 DAGs
[2024-03-12T21:26:45.864-0400] {logging_mixin.py:188} INFO - [2024-03-12T21:26:45.864-0400] {dag.py:3834} INFO - Setting next_dagrun for latest_only to 2024-03-12 20:00:00+00:00, run_after=2024-03-13 00:00:00+00:00
[2024-03-12T21:26:45.987-0400] {processor.py:183} INFO - Processing /home/ironbong_jr/mlops/project/project/lib/python3.10/site-packages/airflow/example_dags/example_latest_only.py took 0.260 seconds
[2024-03-12T21:28:25.118-0400] {processor.py:161} INFO - Started process (PID=408785) to work on /home/ironbong_jr/mlops/project/project/lib/python3.10/site-packages/airflow/example_dags/example_latest_only.py
[2024-03-12T21:28:25.168-0400] {processor.py:830} INFO - Processing file /home/ironbong_jr/mlops/project/project/lib/python3.10/site-packages/airflow/example_dags/example_latest_only.py for tasks to queue
[2024-03-12T21:28:25.171-0400] {logging_mixin.py:188} INFO - [2024-03-12T21:28:25.170-0400] {dagbag.py:540} INFO - Filling up the DagBag from /home/ironbong_jr/mlops/project/project/lib/python3.10/site-packages/airflow/example_dags/example_latest_only.py
[2024-03-12T21:28:25.188-0400] {processor.py:840} INFO - DAG(s) 'latest_only' retrieved from /home/ironbong_jr/mlops/project/project/lib/python3.10/site-packages/airflow/example_dags/example_latest_only.py
[2024-03-12T21:28:25.232-0400] {logging_mixin.py:188} INFO - [2024-03-12T21:28:25.231-0400] {dag.py:3047} INFO - Sync 1 DAGs
[2024-03-12T21:28:25.293-0400] {logging_mixin.py:188} INFO - [2024-03-12T21:28:25.293-0400] {dag.py:3834} INFO - Setting next_dagrun for latest_only to 2024-03-12 20:00:00+00:00, run_after=2024-03-13 00:00:00+00:00
[2024-03-12T21:28:25.416-0400] {processor.py:183} INFO - Processing /home/ironbong_jr/mlops/project/project/lib/python3.10/site-packages/airflow/example_dags/example_latest_only.py took 0.306 seconds
[2024-03-12T21:29:52.473-0400] {processor.py:161} INFO - Started process (PID=409202) to work on /home/ironbong_jr/mlops/project/project/lib/python3.10/site-packages/airflow/example_dags/example_latest_only.py
[2024-03-12T21:29:52.523-0400] {processor.py:830} INFO - Processing file /home/ironbong_jr/mlops/project/project/lib/python3.10/site-packages/airflow/example_dags/example_latest_only.py for tasks to queue
[2024-03-12T21:29:52.526-0400] {logging_mixin.py:188} INFO - [2024-03-12T21:29:52.525-0400] {dagbag.py:540} INFO - Filling up the DagBag from /home/ironbong_jr/mlops/project/project/lib/python3.10/site-packages/airflow/example_dags/example_latest_only.py
[2024-03-12T21:29:52.541-0400] {processor.py:840} INFO - DAG(s) 'latest_only' retrieved from /home/ironbong_jr/mlops/project/project/lib/python3.10/site-packages/airflow/example_dags/example_latest_only.py
[2024-03-12T21:29:52.591-0400] {logging_mixin.py:188} INFO - [2024-03-12T21:29:52.590-0400] {dag.py:3047} INFO - Sync 1 DAGs
[2024-03-12T21:29:52.644-0400] {logging_mixin.py:188} INFO - [2024-03-12T21:29:52.643-0400] {dag.py:3834} INFO - Setting next_dagrun for latest_only to 2024-03-12 20:00:00+00:00, run_after=2024-03-13 00:00:00+00:00
[2024-03-12T21:29:52.761-0400] {processor.py:183} INFO - Processing /home/ironbong_jr/mlops/project/project/lib/python3.10/site-packages/airflow/example_dags/example_latest_only.py took 0.295 seconds
[2024-03-12T21:31:32.580-0400] {processor.py:161} INFO - Started process (PID=409702) to work on /home/ironbong_jr/mlops/project/project/lib/python3.10/site-packages/airflow/example_dags/example_latest_only.py
[2024-03-12T21:31:32.630-0400] {processor.py:830} INFO - Processing file /home/ironbong_jr/mlops/project/project/lib/python3.10/site-packages/airflow/example_dags/example_latest_only.py for tasks to queue
[2024-03-12T21:31:32.633-0400] {logging_mixin.py:188} INFO - [2024-03-12T21:31:32.632-0400] {dagbag.py:540} INFO - Filling up the DagBag from /home/ironbong_jr/mlops/project/project/lib/python3.10/site-packages/airflow/example_dags/example_latest_only.py
[2024-03-12T21:31:32.661-0400] {processor.py:840} INFO - DAG(s) 'latest_only' retrieved from /home/ironbong_jr/mlops/project/project/lib/python3.10/site-packages/airflow/example_dags/example_latest_only.py
[2024-03-12T21:31:32.690-0400] {logging_mixin.py:188} INFO - [2024-03-12T21:31:32.689-0400] {dag.py:3047} INFO - Sync 1 DAGs
[2024-03-12T21:31:32.725-0400] {logging_mixin.py:188} INFO - [2024-03-12T21:31:32.724-0400] {dag.py:3834} INFO - Setting next_dagrun for latest_only to 2024-03-12 20:00:00+00:00, run_after=2024-03-13 00:00:00+00:00
[2024-03-12T21:31:32.828-0400] {processor.py:183} INFO - Processing /home/ironbong_jr/mlops/project/project/lib/python3.10/site-packages/airflow/example_dags/example_latest_only.py took 0.253 seconds
[2024-03-12T21:33:14.336-0400] {processor.py:161} INFO - Started process (PID=410264) to work on /home/ironbong_jr/mlops/project/project/lib/python3.10/site-packages/airflow/example_dags/example_latest_only.py
[2024-03-12T21:33:14.385-0400] {processor.py:830} INFO - Processing file /home/ironbong_jr/mlops/project/project/lib/python3.10/site-packages/airflow/example_dags/example_latest_only.py for tasks to queue
[2024-03-12T21:33:14.387-0400] {logging_mixin.py:188} INFO - [2024-03-12T21:33:14.387-0400] {dagbag.py:540} INFO - Filling up the DagBag from /home/ironbong_jr/mlops/project/project/lib/python3.10/site-packages/airflow/example_dags/example_latest_only.py
[2024-03-12T21:33:14.406-0400] {processor.py:840} INFO - DAG(s) 'latest_only' retrieved from /home/ironbong_jr/mlops/project/project/lib/python3.10/site-packages/airflow/example_dags/example_latest_only.py
[2024-03-12T21:33:14.492-0400] {logging_mixin.py:188} INFO - [2024-03-12T21:33:14.492-0400] {dag.py:3047} INFO - Sync 1 DAGs
[2024-03-12T21:33:14.554-0400] {logging_mixin.py:188} INFO - [2024-03-12T21:33:14.553-0400] {dag.py:3834} INFO - Setting next_dagrun for latest_only to 2024-03-12 20:00:00+00:00, run_after=2024-03-13 00:00:00+00:00
[2024-03-12T21:33:14.604-0400] {processor.py:183} INFO - Processing /home/ironbong_jr/mlops/project/project/lib/python3.10/site-packages/airflow/example_dags/example_latest_only.py took 0.281 seconds
[2024-03-12T21:34:42.908-0400] {processor.py:161} INFO - Started process (PID=410675) to work on /home/ironbong_jr/mlops/project/project/lib/python3.10/site-packages/airflow/example_dags/example_latest_only.py
[2024-03-12T21:34:42.921-0400] {processor.py:830} INFO - Processing file /home/ironbong_jr/mlops/project/project/lib/python3.10/site-packages/airflow/example_dags/example_latest_only.py for tasks to queue
[2024-03-12T21:34:42.923-0400] {logging_mixin.py:188} INFO - [2024-03-12T21:34:42.922-0400] {dagbag.py:540} INFO - Filling up the DagBag from /home/ironbong_jr/mlops/project/project/lib/python3.10/site-packages/airflow/example_dags/example_latest_only.py
[2024-03-12T21:34:42.941-0400] {processor.py:840} INFO - DAG(s) 'latest_only' retrieved from /home/ironbong_jr/mlops/project/project/lib/python3.10/site-packages/airflow/example_dags/example_latest_only.py
[2024-03-12T21:34:42.971-0400] {logging_mixin.py:188} INFO - [2024-03-12T21:34:42.971-0400] {dag.py:3047} INFO - Sync 1 DAGs
[2024-03-12T21:34:43.004-0400] {logging_mixin.py:188} INFO - [2024-03-12T21:34:43.003-0400] {dag.py:3834} INFO - Setting next_dagrun for latest_only to 2024-03-12 20:00:00+00:00, run_after=2024-03-13 00:00:00+00:00
[2024-03-12T21:34:43.052-0400] {processor.py:183} INFO - Processing /home/ironbong_jr/mlops/project/project/lib/python3.10/site-packages/airflow/example_dags/example_latest_only.py took 0.152 seconds
[2024-03-12T23:26:16.846-0400] {processor.py:161} INFO - Started process (PID=417709) to work on /home/ironbong_jr/mlops/project/project/lib/python3.10/site-packages/airflow/example_dags/example_latest_only.py
[2024-03-12T23:26:16.896-0400] {processor.py:830} INFO - Processing file /home/ironbong_jr/mlops/project/project/lib/python3.10/site-packages/airflow/example_dags/example_latest_only.py for tasks to queue
[2024-03-12T23:26:16.899-0400] {logging_mixin.py:188} INFO - [2024-03-12T23:26:16.898-0400] {dagbag.py:540} INFO - Filling up the DagBag from /home/ironbong_jr/mlops/project/project/lib/python3.10/site-packages/airflow/example_dags/example_latest_only.py
[2024-03-12T23:26:16.915-0400] {processor.py:840} INFO - DAG(s) 'latest_only' retrieved from /home/ironbong_jr/mlops/project/project/lib/python3.10/site-packages/airflow/example_dags/example_latest_only.py
[2024-03-12T23:26:17.370-0400] {logging_mixin.py:188} INFO - [2024-03-12T23:26:17.369-0400] {dag.py:3047} INFO - Sync 1 DAGs
[2024-03-12T23:26:17.398-0400] {logging_mixin.py:188} INFO - [2024-03-12T23:26:17.397-0400] {dag.py:3834} INFO - Setting next_dagrun for latest_only to 2024-03-12 20:00:00+00:00, run_after=2024-03-13 00:00:00+00:00
[2024-03-12T23:26:17.497-0400] {processor.py:183} INFO - Processing /home/ironbong_jr/mlops/project/project/lib/python3.10/site-packages/airflow/example_dags/example_latest_only.py took 0.656 seconds
[2024-03-12T23:29:32.456-0400] {processor.py:161} INFO - Started process (PID=418500) to work on /home/ironbong_jr/mlops/project/project/lib/python3.10/site-packages/airflow/example_dags/example_latest_only.py
[2024-03-12T23:29:32.466-0400] {processor.py:830} INFO - Processing file /home/ironbong_jr/mlops/project/project/lib/python3.10/site-packages/airflow/example_dags/example_latest_only.py for tasks to queue
[2024-03-12T23:29:32.467-0400] {logging_mixin.py:188} INFO - [2024-03-12T23:29:32.466-0400] {dagbag.py:540} INFO - Filling up the DagBag from /home/ironbong_jr/mlops/project/project/lib/python3.10/site-packages/airflow/example_dags/example_latest_only.py
[2024-03-12T23:29:32.477-0400] {processor.py:840} INFO - DAG(s) 'latest_only' retrieved from /home/ironbong_jr/mlops/project/project/lib/python3.10/site-packages/airflow/example_dags/example_latest_only.py
[2024-03-12T23:29:32.508-0400] {logging_mixin.py:188} INFO - [2024-03-12T23:29:32.507-0400] {dag.py:3047} INFO - Sync 1 DAGs
[2024-03-12T23:29:32.530-0400] {logging_mixin.py:188} INFO - [2024-03-12T23:29:32.529-0400] {dag.py:3834} INFO - Setting next_dagrun for latest_only to 2024-03-12 20:00:00+00:00, run_after=2024-03-13 00:00:00+00:00
[2024-03-12T23:29:32.570-0400] {processor.py:183} INFO - Processing /home/ironbong_jr/mlops/project/project/lib/python3.10/site-packages/airflow/example_dags/example_latest_only.py took 0.121 seconds
[2024-03-12T23:30:56.752-0400] {processor.py:161} INFO - Started process (PID=418842) to work on /home/ironbong_jr/mlops/project/project/lib/python3.10/site-packages/airflow/example_dags/example_latest_only.py
[2024-03-12T23:30:56.798-0400] {processor.py:830} INFO - Processing file /home/ironbong_jr/mlops/project/project/lib/python3.10/site-packages/airflow/example_dags/example_latest_only.py for tasks to queue
[2024-03-12T23:30:56.801-0400] {logging_mixin.py:188} INFO - [2024-03-12T23:30:56.800-0400] {dagbag.py:540} INFO - Filling up the DagBag from /home/ironbong_jr/mlops/project/project/lib/python3.10/site-packages/airflow/example_dags/example_latest_only.py
[2024-03-12T23:30:56.818-0400] {processor.py:840} INFO - DAG(s) 'latest_only' retrieved from /home/ironbong_jr/mlops/project/project/lib/python3.10/site-packages/airflow/example_dags/example_latest_only.py
[2024-03-12T23:30:56.852-0400] {logging_mixin.py:188} INFO - [2024-03-12T23:30:56.851-0400] {dag.py:3047} INFO - Sync 1 DAGs
[2024-03-12T23:30:56.904-0400] {logging_mixin.py:188} INFO - [2024-03-12T23:30:56.904-0400] {dag.py:3834} INFO - Setting next_dagrun for latest_only to 2024-03-12 20:00:00+00:00, run_after=2024-03-13 00:00:00+00:00
[2024-03-12T23:30:56.997-0400] {processor.py:183} INFO - Processing /home/ironbong_jr/mlops/project/project/lib/python3.10/site-packages/airflow/example_dags/example_latest_only.py took 0.252 seconds
[2024-03-12T23:42:13.505-0400] {processor.py:161} INFO - Started process (PID=421568) to work on /home/ironbong_jr/mlops/project/project/lib/python3.10/site-packages/airflow/example_dags/example_latest_only.py
[2024-03-12T23:42:13.556-0400] {processor.py:830} INFO - Processing file /home/ironbong_jr/mlops/project/project/lib/python3.10/site-packages/airflow/example_dags/example_latest_only.py for tasks to queue
[2024-03-12T23:42:13.558-0400] {logging_mixin.py:188} INFO - [2024-03-12T23:42:13.557-0400] {dagbag.py:540} INFO - Filling up the DagBag from /home/ironbong_jr/mlops/project/project/lib/python3.10/site-packages/airflow/example_dags/example_latest_only.py
[2024-03-12T23:42:13.576-0400] {processor.py:840} INFO - DAG(s) 'latest_only' retrieved from /home/ironbong_jr/mlops/project/project/lib/python3.10/site-packages/airflow/example_dags/example_latest_only.py
[2024-03-12T23:42:13.981-0400] {logging_mixin.py:188} INFO - [2024-03-12T23:42:13.980-0400] {dag.py:3047} INFO - Sync 1 DAGs
[2024-03-12T23:42:14.023-0400] {logging_mixin.py:188} INFO - [2024-03-12T23:42:14.023-0400] {dag.py:3834} INFO - Setting next_dagrun for latest_only to 2024-03-12 20:00:00+00:00, run_after=2024-03-13 00:00:00+00:00
[2024-03-12T23:42:14.091-0400] {processor.py:183} INFO - Processing /home/ironbong_jr/mlops/project/project/lib/python3.10/site-packages/airflow/example_dags/example_latest_only.py took 0.592 seconds
[2024-03-12T23:43:46.254-0400] {processor.py:161} INFO - Started process (PID=421941) to work on /home/ironbong_jr/mlops/project/project/lib/python3.10/site-packages/airflow/example_dags/example_latest_only.py
[2024-03-12T23:43:46.306-0400] {processor.py:830} INFO - Processing file /home/ironbong_jr/mlops/project/project/lib/python3.10/site-packages/airflow/example_dags/example_latest_only.py for tasks to queue
[2024-03-12T23:43:46.310-0400] {logging_mixin.py:188} INFO - [2024-03-12T23:43:46.308-0400] {dagbag.py:540} INFO - Filling up the DagBag from /home/ironbong_jr/mlops/project/project/lib/python3.10/site-packages/airflow/example_dags/example_latest_only.py
[2024-03-12T23:43:46.321-0400] {processor.py:840} INFO - DAG(s) 'latest_only' retrieved from /home/ironbong_jr/mlops/project/project/lib/python3.10/site-packages/airflow/example_dags/example_latest_only.py
[2024-03-12T23:43:46.345-0400] {logging_mixin.py:188} INFO - [2024-03-12T23:43:46.345-0400] {dag.py:3047} INFO - Sync 1 DAGs
[2024-03-12T23:43:46.555-0400] {logging_mixin.py:188} INFO - [2024-03-12T23:43:46.555-0400] {dag.py:3834} INFO - Setting next_dagrun for latest_only to 2024-03-12 20:00:00+00:00, run_after=2024-03-13 00:00:00+00:00
[2024-03-12T23:43:46.706-0400] {processor.py:183} INFO - Processing /home/ironbong_jr/mlops/project/project/lib/python3.10/site-packages/airflow/example_dags/example_latest_only.py took 0.457 seconds
[2024-03-12T23:45:33.165-0400] {processor.py:161} INFO - Started process (PID=422532) to work on /home/ironbong_jr/mlops/project/project/lib/python3.10/site-packages/airflow/example_dags/example_latest_only.py
[2024-03-12T23:45:33.170-0400] {processor.py:830} INFO - Processing file /home/ironbong_jr/mlops/project/project/lib/python3.10/site-packages/airflow/example_dags/example_latest_only.py for tasks to queue
[2024-03-12T23:45:33.173-0400] {logging_mixin.py:188} INFO - [2024-03-12T23:45:33.172-0400] {dagbag.py:540} INFO - Filling up the DagBag from /home/ironbong_jr/mlops/project/project/lib/python3.10/site-packages/airflow/example_dags/example_latest_only.py
[2024-03-12T23:45:33.209-0400] {processor.py:840} INFO - DAG(s) 'latest_only' retrieved from /home/ironbong_jr/mlops/project/project/lib/python3.10/site-packages/airflow/example_dags/example_latest_only.py
[2024-03-12T23:45:33.240-0400] {logging_mixin.py:188} INFO - [2024-03-12T23:45:33.239-0400] {dag.py:3047} INFO - Sync 1 DAGs
[2024-03-12T23:45:33.277-0400] {logging_mixin.py:188} INFO - [2024-03-12T23:45:33.277-0400] {dag.py:3834} INFO - Setting next_dagrun for latest_only to 2024-03-12 20:00:00+00:00, run_after=2024-03-13 00:00:00+00:00
[2024-03-12T23:45:33.330-0400] {processor.py:183} INFO - Processing /home/ironbong_jr/mlops/project/project/lib/python3.10/site-packages/airflow/example_dags/example_latest_only.py took 0.185 seconds
[2024-03-12T23:47:32.079-0400] {processor.py:161} INFO - Started process (PID=423119) to work on /home/ironbong_jr/mlops/project/project/lib/python3.10/site-packages/airflow/example_dags/example_latest_only.py
[2024-03-12T23:47:32.130-0400] {processor.py:830} INFO - Processing file /home/ironbong_jr/mlops/project/project/lib/python3.10/site-packages/airflow/example_dags/example_latest_only.py for tasks to queue
[2024-03-12T23:47:32.134-0400] {logging_mixin.py:188} INFO - [2024-03-12T23:47:32.133-0400] {dagbag.py:540} INFO - Filling up the DagBag from /home/ironbong_jr/mlops/project/project/lib/python3.10/site-packages/airflow/example_dags/example_latest_only.py
[2024-03-12T23:47:32.147-0400] {processor.py:840} INFO - DAG(s) 'latest_only' retrieved from /home/ironbong_jr/mlops/project/project/lib/python3.10/site-packages/airflow/example_dags/example_latest_only.py
[2024-03-12T23:47:32.168-0400] {logging_mixin.py:188} INFO - [2024-03-12T23:47:32.168-0400] {dag.py:3047} INFO - Sync 1 DAGs
[2024-03-12T23:47:32.194-0400] {logging_mixin.py:188} INFO - [2024-03-12T23:47:32.194-0400] {dag.py:3834} INFO - Setting next_dagrun for latest_only to 2024-03-12 20:00:00+00:00, run_after=2024-03-13 00:00:00+00:00
[2024-03-12T23:47:32.241-0400] {processor.py:183} INFO - Processing /home/ironbong_jr/mlops/project/project/lib/python3.10/site-packages/airflow/example_dags/example_latest_only.py took 0.167 seconds
[2024-03-12T23:49:18.147-0400] {processor.py:161} INFO - Started process (PID=423586) to work on /home/ironbong_jr/mlops/project/project/lib/python3.10/site-packages/airflow/example_dags/example_latest_only.py
[2024-03-12T23:49:18.200-0400] {processor.py:830} INFO - Processing file /home/ironbong_jr/mlops/project/project/lib/python3.10/site-packages/airflow/example_dags/example_latest_only.py for tasks to queue
[2024-03-12T23:49:18.204-0400] {logging_mixin.py:188} INFO - [2024-03-12T23:49:18.202-0400] {dagbag.py:540} INFO - Filling up the DagBag from /home/ironbong_jr/mlops/project/project/lib/python3.10/site-packages/airflow/example_dags/example_latest_only.py
[2024-03-12T23:49:18.218-0400] {processor.py:840} INFO - DAG(s) 'latest_only' retrieved from /home/ironbong_jr/mlops/project/project/lib/python3.10/site-packages/airflow/example_dags/example_latest_only.py
[2024-03-12T23:49:18.254-0400] {logging_mixin.py:188} INFO - [2024-03-12T23:49:18.253-0400] {dag.py:3047} INFO - Sync 1 DAGs
[2024-03-12T23:49:18.323-0400] {logging_mixin.py:188} INFO - [2024-03-12T23:49:18.323-0400] {dag.py:3834} INFO - Setting next_dagrun for latest_only to 2024-03-12 20:00:00+00:00, run_after=2024-03-13 00:00:00+00:00
[2024-03-12T23:49:18.454-0400] {processor.py:183} INFO - Processing /home/ironbong_jr/mlops/project/project/lib/python3.10/site-packages/airflow/example_dags/example_latest_only.py took 0.322 seconds
[2024-03-12T23:50:45.274-0400] {processor.py:161} INFO - Started process (PID=424052) to work on /home/ironbong_jr/mlops/project/project/lib/python3.10/site-packages/airflow/example_dags/example_latest_only.py
[2024-03-12T23:50:45.325-0400] {processor.py:830} INFO - Processing file /home/ironbong_jr/mlops/project/project/lib/python3.10/site-packages/airflow/example_dags/example_latest_only.py for tasks to queue
[2024-03-12T23:50:45.328-0400] {logging_mixin.py:188} INFO - [2024-03-12T23:50:45.327-0400] {dagbag.py:540} INFO - Filling up the DagBag from /home/ironbong_jr/mlops/project/project/lib/python3.10/site-packages/airflow/example_dags/example_latest_only.py
[2024-03-12T23:50:45.341-0400] {processor.py:840} INFO - DAG(s) 'latest_only' retrieved from /home/ironbong_jr/mlops/project/project/lib/python3.10/site-packages/airflow/example_dags/example_latest_only.py
[2024-03-12T23:50:45.366-0400] {logging_mixin.py:188} INFO - [2024-03-12T23:50:45.366-0400] {dag.py:3047} INFO - Sync 1 DAGs
[2024-03-12T23:50:45.394-0400] {logging_mixin.py:188} INFO - [2024-03-12T23:50:45.393-0400] {dag.py:3834} INFO - Setting next_dagrun for latest_only to 2024-03-12 20:00:00+00:00, run_after=2024-03-13 00:00:00+00:00
[2024-03-12T23:50:45.435-0400] {processor.py:183} INFO - Processing /home/ironbong_jr/mlops/project/project/lib/python3.10/site-packages/airflow/example_dags/example_latest_only.py took 0.166 seconds
[2024-03-12T23:52:10.344-0400] {processor.py:161} INFO - Started process (PID=424440) to work on /home/ironbong_jr/mlops/project/project/lib/python3.10/site-packages/airflow/example_dags/example_latest_only.py
[2024-03-12T23:52:10.348-0400] {processor.py:830} INFO - Processing file /home/ironbong_jr/mlops/project/project/lib/python3.10/site-packages/airflow/example_dags/example_latest_only.py for tasks to queue
[2024-03-12T23:52:10.350-0400] {logging_mixin.py:188} INFO - [2024-03-12T23:52:10.349-0400] {dagbag.py:540} INFO - Filling up the DagBag from /home/ironbong_jr/mlops/project/project/lib/python3.10/site-packages/airflow/example_dags/example_latest_only.py
[2024-03-12T23:52:10.360-0400] {processor.py:840} INFO - DAG(s) 'latest_only' retrieved from /home/ironbong_jr/mlops/project/project/lib/python3.10/site-packages/airflow/example_dags/example_latest_only.py
[2024-03-12T23:52:10.386-0400] {logging_mixin.py:188} INFO - [2024-03-12T23:52:10.385-0400] {dag.py:3047} INFO - Sync 1 DAGs
[2024-03-12T23:52:10.428-0400] {logging_mixin.py:188} INFO - [2024-03-12T23:52:10.427-0400] {dag.py:3834} INFO - Setting next_dagrun for latest_only to 2024-03-12 20:00:00+00:00, run_after=2024-03-13 00:00:00+00:00
[2024-03-12T23:52:10.543-0400] {processor.py:183} INFO - Processing /home/ironbong_jr/mlops/project/project/lib/python3.10/site-packages/airflow/example_dags/example_latest_only.py took 0.204 seconds
[2024-03-12T23:53:37.681-0400] {processor.py:161} INFO - Started process (PID=424979) to work on /home/ironbong_jr/mlops/project/project/lib/python3.10/site-packages/airflow/example_dags/example_latest_only.py
[2024-03-12T23:53:37.735-0400] {processor.py:830} INFO - Processing file /home/ironbong_jr/mlops/project/project/lib/python3.10/site-packages/airflow/example_dags/example_latest_only.py for tasks to queue
[2024-03-12T23:53:37.737-0400] {logging_mixin.py:188} INFO - [2024-03-12T23:53:37.736-0400] {dagbag.py:540} INFO - Filling up the DagBag from /home/ironbong_jr/mlops/project/project/lib/python3.10/site-packages/airflow/example_dags/example_latest_only.py
[2024-03-12T23:53:37.757-0400] {processor.py:840} INFO - DAG(s) 'latest_only' retrieved from /home/ironbong_jr/mlops/project/project/lib/python3.10/site-packages/airflow/example_dags/example_latest_only.py
[2024-03-12T23:53:37.800-0400] {logging_mixin.py:188} INFO - [2024-03-12T23:53:37.800-0400] {dag.py:3047} INFO - Sync 1 DAGs
[2024-03-12T23:53:37.843-0400] {logging_mixin.py:188} INFO - [2024-03-12T23:53:37.842-0400] {dag.py:3834} INFO - Setting next_dagrun for latest_only to 2024-03-12 20:00:00+00:00, run_after=2024-03-13 00:00:00+00:00
[2024-03-12T23:53:37.959-0400] {processor.py:183} INFO - Processing /home/ironbong_jr/mlops/project/project/lib/python3.10/site-packages/airflow/example_dags/example_latest_only.py took 0.288 seconds
[2024-03-12T23:55:15.545-0400] {processor.py:161} INFO - Started process (PID=425403) to work on /home/ironbong_jr/mlops/project/project/lib/python3.10/site-packages/airflow/example_dags/example_latest_only.py
[2024-03-12T23:55:15.591-0400] {processor.py:830} INFO - Processing file /home/ironbong_jr/mlops/project/project/lib/python3.10/site-packages/airflow/example_dags/example_latest_only.py for tasks to queue
[2024-03-12T23:55:15.595-0400] {logging_mixin.py:188} INFO - [2024-03-12T23:55:15.593-0400] {dagbag.py:540} INFO - Filling up the DagBag from /home/ironbong_jr/mlops/project/project/lib/python3.10/site-packages/airflow/example_dags/example_latest_only.py
[2024-03-12T23:55:15.610-0400] {processor.py:840} INFO - DAG(s) 'latest_only' retrieved from /home/ironbong_jr/mlops/project/project/lib/python3.10/site-packages/airflow/example_dags/example_latest_only.py
[2024-03-12T23:55:15.647-0400] {logging_mixin.py:188} INFO - [2024-03-12T23:55:15.647-0400] {dag.py:3047} INFO - Sync 1 DAGs
[2024-03-12T23:55:15.686-0400] {logging_mixin.py:188} INFO - [2024-03-12T23:55:15.686-0400] {dag.py:3834} INFO - Setting next_dagrun for latest_only to 2024-03-12 20:00:00+00:00, run_after=2024-03-13 00:00:00+00:00
[2024-03-12T23:55:15.878-0400] {processor.py:183} INFO - Processing /home/ironbong_jr/mlops/project/project/lib/python3.10/site-packages/airflow/example_dags/example_latest_only.py took 0.341 seconds
[2024-03-13T00:30:04.305-0400] {processor.py:161} INFO - Started process (PID=432823) to work on /home/ironbong_jr/mlops/project/project/lib/python3.10/site-packages/airflow/example_dags/example_latest_only.py
[2024-03-13T00:30:04.346-0400] {processor.py:830} INFO - Processing file /home/ironbong_jr/mlops/project/project/lib/python3.10/site-packages/airflow/example_dags/example_latest_only.py for tasks to queue
[2024-03-13T00:30:04.349-0400] {logging_mixin.py:188} INFO - [2024-03-13T00:30:04.348-0400] {dagbag.py:540} INFO - Filling up the DagBag from /home/ironbong_jr/mlops/project/project/lib/python3.10/site-packages/airflow/example_dags/example_latest_only.py
[2024-03-13T00:30:04.367-0400] {processor.py:840} INFO - DAG(s) 'latest_only' retrieved from /home/ironbong_jr/mlops/project/project/lib/python3.10/site-packages/airflow/example_dags/example_latest_only.py
[2024-03-13T00:30:04.769-0400] {logging_mixin.py:188} INFO - [2024-03-13T00:30:04.768-0400] {dag.py:3047} INFO - Sync 1 DAGs
[2024-03-13T00:30:04.850-0400] {logging_mixin.py:188} INFO - [2024-03-13T00:30:04.848-0400] {dag.py:3834} INFO - Setting next_dagrun for latest_only to 2024-03-13 00:00:00+00:00, run_after=2024-03-13 04:00:00+00:00
[2024-03-13T00:30:04.938-0400] {processor.py:183} INFO - Processing /home/ironbong_jr/mlops/project/project/lib/python3.10/site-packages/airflow/example_dags/example_latest_only.py took 0.643 seconds
[2024-03-13T00:31:31.590-0400] {processor.py:161} INFO - Started process (PID=433205) to work on /home/ironbong_jr/mlops/project/project/lib/python3.10/site-packages/airflow/example_dags/example_latest_only.py
[2024-03-13T00:31:31.605-0400] {processor.py:830} INFO - Processing file /home/ironbong_jr/mlops/project/project/lib/python3.10/site-packages/airflow/example_dags/example_latest_only.py for tasks to queue
[2024-03-13T00:31:31.607-0400] {logging_mixin.py:188} INFO - [2024-03-13T00:31:31.606-0400] {dagbag.py:540} INFO - Filling up the DagBag from /home/ironbong_jr/mlops/project/project/lib/python3.10/site-packages/airflow/example_dags/example_latest_only.py
[2024-03-13T00:31:31.615-0400] {processor.py:840} INFO - DAG(s) 'latest_only' retrieved from /home/ironbong_jr/mlops/project/project/lib/python3.10/site-packages/airflow/example_dags/example_latest_only.py
[2024-03-13T00:31:31.643-0400] {logging_mixin.py:188} INFO - [2024-03-13T00:31:31.642-0400] {dag.py:3047} INFO - Sync 1 DAGs
[2024-03-13T00:31:31.857-0400] {logging_mixin.py:188} INFO - [2024-03-13T00:31:31.857-0400] {dag.py:3834} INFO - Setting next_dagrun for latest_only to 2024-03-13 00:00:00+00:00, run_after=2024-03-13 04:00:00+00:00
[2024-03-13T00:31:31.956-0400] {processor.py:183} INFO - Processing /home/ironbong_jr/mlops/project/project/lib/python3.10/site-packages/airflow/example_dags/example_latest_only.py took 0.371 seconds
[2024-03-13T00:35:50.810-0400] {processor.py:161} INFO - Started process (PID=434314) to work on /home/ironbong_jr/mlops/project/project/lib/python3.10/site-packages/airflow/example_dags/example_latest_only.py
[2024-03-13T00:35:50.815-0400] {processor.py:830} INFO - Processing file /home/ironbong_jr/mlops/project/project/lib/python3.10/site-packages/airflow/example_dags/example_latest_only.py for tasks to queue
[2024-03-13T00:35:50.818-0400] {logging_mixin.py:188} INFO - [2024-03-13T00:35:50.817-0400] {dagbag.py:540} INFO - Filling up the DagBag from /home/ironbong_jr/mlops/project/project/lib/python3.10/site-packages/airflow/example_dags/example_latest_only.py
[2024-03-13T00:35:50.828-0400] {processor.py:840} INFO - DAG(s) 'latest_only' retrieved from /home/ironbong_jr/mlops/project/project/lib/python3.10/site-packages/airflow/example_dags/example_latest_only.py
[2024-03-13T00:35:50.864-0400] {logging_mixin.py:188} INFO - [2024-03-13T00:35:50.864-0400] {dag.py:3047} INFO - Sync 1 DAGs
[2024-03-13T00:35:50.893-0400] {logging_mixin.py:188} INFO - [2024-03-13T00:35:50.893-0400] {dag.py:3834} INFO - Setting next_dagrun for latest_only to 2024-03-13 00:00:00+00:00, run_after=2024-03-13 04:00:00+00:00
[2024-03-13T00:35:50.950-0400] {processor.py:183} INFO - Processing /home/ironbong_jr/mlops/project/project/lib/python3.10/site-packages/airflow/example_dags/example_latest_only.py took 0.147 seconds
[2024-03-13T00:37:39.613-0400] {processor.py:161} INFO - Started process (PID=434814) to work on /home/ironbong_jr/mlops/project/project/lib/python3.10/site-packages/airflow/example_dags/example_latest_only.py
[2024-03-13T00:37:39.616-0400] {processor.py:830} INFO - Processing file /home/ironbong_jr/mlops/project/project/lib/python3.10/site-packages/airflow/example_dags/example_latest_only.py for tasks to queue
[2024-03-13T00:37:39.619-0400] {logging_mixin.py:188} INFO - [2024-03-13T00:37:39.618-0400] {dagbag.py:540} INFO - Filling up the DagBag from /home/ironbong_jr/mlops/project/project/lib/python3.10/site-packages/airflow/example_dags/example_latest_only.py
[2024-03-13T00:37:39.640-0400] {processor.py:840} INFO - DAG(s) 'latest_only' retrieved from /home/ironbong_jr/mlops/project/project/lib/python3.10/site-packages/airflow/example_dags/example_latest_only.py
[2024-03-13T00:37:39.685-0400] {logging_mixin.py:188} INFO - [2024-03-13T00:37:39.685-0400] {dag.py:3047} INFO - Sync 1 DAGs
[2024-03-13T00:37:39.722-0400] {logging_mixin.py:188} INFO - [2024-03-13T00:37:39.722-0400] {dag.py:3834} INFO - Setting next_dagrun for latest_only to 2024-03-13 00:00:00+00:00, run_after=2024-03-13 04:00:00+00:00
[2024-03-13T00:37:39.847-0400] {processor.py:183} INFO - Processing /home/ironbong_jr/mlops/project/project/lib/python3.10/site-packages/airflow/example_dags/example_latest_only.py took 0.241 seconds
[2024-03-13T00:39:18.026-0400] {processor.py:161} INFO - Started process (PID=435282) to work on /home/ironbong_jr/mlops/project/project/lib/python3.10/site-packages/airflow/example_dags/example_latest_only.py
[2024-03-13T00:39:18.035-0400] {processor.py:830} INFO - Processing file /home/ironbong_jr/mlops/project/project/lib/python3.10/site-packages/airflow/example_dags/example_latest_only.py for tasks to queue
[2024-03-13T00:39:18.037-0400] {logging_mixin.py:188} INFO - [2024-03-13T00:39:18.036-0400] {dagbag.py:540} INFO - Filling up the DagBag from /home/ironbong_jr/mlops/project/project/lib/python3.10/site-packages/airflow/example_dags/example_latest_only.py
[2024-03-13T00:39:18.051-0400] {processor.py:840} INFO - DAG(s) 'latest_only' retrieved from /home/ironbong_jr/mlops/project/project/lib/python3.10/site-packages/airflow/example_dags/example_latest_only.py
[2024-03-13T00:39:18.083-0400] {logging_mixin.py:188} INFO - [2024-03-13T00:39:18.083-0400] {dag.py:3047} INFO - Sync 1 DAGs
[2024-03-13T00:39:18.123-0400] {logging_mixin.py:188} INFO - [2024-03-13T00:39:18.122-0400] {dag.py:3834} INFO - Setting next_dagrun for latest_only to 2024-03-13 00:00:00+00:00, run_after=2024-03-13 04:00:00+00:00
[2024-03-13T00:39:18.236-0400] {processor.py:183} INFO - Processing /home/ironbong_jr/mlops/project/project/lib/python3.10/site-packages/airflow/example_dags/example_latest_only.py took 0.217 seconds
[2024-03-13T00:40:52.816-0400] {processor.py:161} INFO - Started process (PID=435712) to work on /home/ironbong_jr/mlops/project/project/lib/python3.10/site-packages/airflow/example_dags/example_latest_only.py
[2024-03-13T00:40:52.871-0400] {processor.py:830} INFO - Processing file /home/ironbong_jr/mlops/project/project/lib/python3.10/site-packages/airflow/example_dags/example_latest_only.py for tasks to queue
[2024-03-13T00:40:52.874-0400] {logging_mixin.py:188} INFO - [2024-03-13T00:40:52.873-0400] {dagbag.py:540} INFO - Filling up the DagBag from /home/ironbong_jr/mlops/project/project/lib/python3.10/site-packages/airflow/example_dags/example_latest_only.py
[2024-03-13T00:40:52.887-0400] {processor.py:840} INFO - DAG(s) 'latest_only' retrieved from /home/ironbong_jr/mlops/project/project/lib/python3.10/site-packages/airflow/example_dags/example_latest_only.py
[2024-03-13T00:40:52.908-0400] {logging_mixin.py:188} INFO - [2024-03-13T00:40:52.908-0400] {dag.py:3047} INFO - Sync 1 DAGs
[2024-03-13T00:40:52.927-0400] {logging_mixin.py:188} INFO - [2024-03-13T00:40:52.927-0400] {dag.py:3834} INFO - Setting next_dagrun for latest_only to 2024-03-13 00:00:00+00:00, run_after=2024-03-13 04:00:00+00:00
[2024-03-13T00:40:52.963-0400] {processor.py:183} INFO - Processing /home/ironbong_jr/mlops/project/project/lib/python3.10/site-packages/airflow/example_dags/example_latest_only.py took 0.152 seconds
[2024-03-13T00:44:09.468-0400] {processor.py:161} INFO - Started process (PID=436615) to work on /home/ironbong_jr/mlops/project/project/lib/python3.10/site-packages/airflow/example_dags/example_latest_only.py
[2024-03-13T00:44:09.522-0400] {processor.py:830} INFO - Processing file /home/ironbong_jr/mlops/project/project/lib/python3.10/site-packages/airflow/example_dags/example_latest_only.py for tasks to queue
[2024-03-13T00:44:09.524-0400] {logging_mixin.py:188} INFO - [2024-03-13T00:44:09.523-0400] {dagbag.py:540} INFO - Filling up the DagBag from /home/ironbong_jr/mlops/project/project/lib/python3.10/site-packages/airflow/example_dags/example_latest_only.py
[2024-03-13T00:44:09.537-0400] {processor.py:840} INFO - DAG(s) 'latest_only' retrieved from /home/ironbong_jr/mlops/project/project/lib/python3.10/site-packages/airflow/example_dags/example_latest_only.py
[2024-03-13T00:44:09.567-0400] {logging_mixin.py:188} INFO - [2024-03-13T00:44:09.567-0400] {dag.py:3047} INFO - Sync 1 DAGs
[2024-03-13T00:44:09.611-0400] {logging_mixin.py:188} INFO - [2024-03-13T00:44:09.610-0400] {dag.py:3834} INFO - Setting next_dagrun for latest_only to 2024-03-13 00:00:00+00:00, run_after=2024-03-13 04:00:00+00:00
[2024-03-13T00:44:09.719-0400] {processor.py:183} INFO - Processing /home/ironbong_jr/mlops/project/project/lib/python3.10/site-packages/airflow/example_dags/example_latest_only.py took 0.255 seconds
[2024-03-13T00:45:30.345-0400] {processor.py:161} INFO - Started process (PID=436969) to work on /home/ironbong_jr/mlops/project/project/lib/python3.10/site-packages/airflow/example_dags/example_latest_only.py
[2024-03-13T00:45:30.396-0400] {processor.py:830} INFO - Processing file /home/ironbong_jr/mlops/project/project/lib/python3.10/site-packages/airflow/example_dags/example_latest_only.py for tasks to queue
[2024-03-13T00:45:30.399-0400] {logging_mixin.py:188} INFO - [2024-03-13T00:45:30.398-0400] {dagbag.py:540} INFO - Filling up the DagBag from /home/ironbong_jr/mlops/project/project/lib/python3.10/site-packages/airflow/example_dags/example_latest_only.py
[2024-03-13T00:45:30.416-0400] {processor.py:840} INFO - DAG(s) 'latest_only' retrieved from /home/ironbong_jr/mlops/project/project/lib/python3.10/site-packages/airflow/example_dags/example_latest_only.py
[2024-03-13T00:45:30.452-0400] {logging_mixin.py:188} INFO - [2024-03-13T00:45:30.451-0400] {dag.py:3047} INFO - Sync 1 DAGs
[2024-03-13T00:45:30.479-0400] {logging_mixin.py:188} INFO - [2024-03-13T00:45:30.479-0400] {dag.py:3834} INFO - Setting next_dagrun for latest_only to 2024-03-13 00:00:00+00:00, run_after=2024-03-13 04:00:00+00:00
[2024-03-13T00:45:30.527-0400] {processor.py:183} INFO - Processing /home/ironbong_jr/mlops/project/project/lib/python3.10/site-packages/airflow/example_dags/example_latest_only.py took 0.190 seconds
[2024-03-13T15:49:16.044-0400] {processor.py:161} INFO - Started process (PID=453747) to work on /home/ironbong_jr/mlops/project/project/lib/python3.10/site-packages/airflow/example_dags/example_latest_only.py
[2024-03-13T15:49:16.047-0400] {processor.py:830} INFO - Processing file /home/ironbong_jr/mlops/project/project/lib/python3.10/site-packages/airflow/example_dags/example_latest_only.py for tasks to queue
[2024-03-13T15:49:16.048-0400] {logging_mixin.py:188} INFO - [2024-03-13T15:49:16.047-0400] {dagbag.py:540} INFO - Filling up the DagBag from /home/ironbong_jr/mlops/project/project/lib/python3.10/site-packages/airflow/example_dags/example_latest_only.py
[2024-03-13T15:49:16.052-0400] {processor.py:840} INFO - DAG(s) 'latest_only' retrieved from /home/ironbong_jr/mlops/project/project/lib/python3.10/site-packages/airflow/example_dags/example_latest_only.py
[2024-03-13T15:49:16.158-0400] {logging_mixin.py:188} INFO - [2024-03-13T15:49:16.158-0400] {dag.py:3047} INFO - Sync 1 DAGs
[2024-03-13T15:49:16.166-0400] {logging_mixin.py:188} INFO - [2024-03-13T15:49:16.165-0400] {dag.py:3834} INFO - Setting next_dagrun for latest_only to 2024-03-13 12:00:00+00:00, run_after=2024-03-13 16:00:00+00:00
[2024-03-13T15:49:16.188-0400] {processor.py:183} INFO - Processing /home/ironbong_jr/mlops/project/project/lib/python3.10/site-packages/airflow/example_dags/example_latest_only.py took 0.146 seconds
[2024-03-13T15:51:25.341-0400] {processor.py:161} INFO - Started process (PID=454478) to work on /home/ironbong_jr/mlops/project/project/lib/python3.10/site-packages/airflow/example_dags/example_latest_only.py
[2024-03-13T15:51:25.343-0400] {processor.py:830} INFO - Processing file /home/ironbong_jr/mlops/project/project/lib/python3.10/site-packages/airflow/example_dags/example_latest_only.py for tasks to queue
[2024-03-13T15:51:25.344-0400] {logging_mixin.py:188} INFO - [2024-03-13T15:51:25.343-0400] {dagbag.py:540} INFO - Filling up the DagBag from /home/ironbong_jr/mlops/project/project/lib/python3.10/site-packages/airflow/example_dags/example_latest_only.py
[2024-03-13T15:51:25.348-0400] {processor.py:840} INFO - DAG(s) 'latest_only' retrieved from /home/ironbong_jr/mlops/project/project/lib/python3.10/site-packages/airflow/example_dags/example_latest_only.py
[2024-03-13T15:51:25.440-0400] {logging_mixin.py:188} INFO - [2024-03-13T15:51:25.440-0400] {dag.py:3047} INFO - Sync 1 DAGs
[2024-03-13T15:51:25.452-0400] {logging_mixin.py:188} INFO - [2024-03-13T15:51:25.452-0400] {dag.py:3834} INFO - Setting next_dagrun for latest_only to 2024-03-13 12:00:00+00:00, run_after=2024-03-13 16:00:00+00:00
[2024-03-13T15:51:25.474-0400] {processor.py:183} INFO - Processing /home/ironbong_jr/mlops/project/project/lib/python3.10/site-packages/airflow/example_dags/example_latest_only.py took 0.135 seconds
[2024-03-13T15:52:21.224-0400] {processor.py:161} INFO - Started process (PID=454767) to work on /home/ironbong_jr/mlops/project/project/lib/python3.10/site-packages/airflow/example_dags/example_latest_only.py
[2024-03-13T15:52:21.227-0400] {processor.py:830} INFO - Processing file /home/ironbong_jr/mlops/project/project/lib/python3.10/site-packages/airflow/example_dags/example_latest_only.py for tasks to queue
[2024-03-13T15:52:21.228-0400] {logging_mixin.py:188} INFO - [2024-03-13T15:52:21.227-0400] {dagbag.py:540} INFO - Filling up the DagBag from /home/ironbong_jr/mlops/project/project/lib/python3.10/site-packages/airflow/example_dags/example_latest_only.py
[2024-03-13T15:52:21.232-0400] {processor.py:840} INFO - DAG(s) 'latest_only' retrieved from /home/ironbong_jr/mlops/project/project/lib/python3.10/site-packages/airflow/example_dags/example_latest_only.py
[2024-03-13T15:52:21.241-0400] {logging_mixin.py:188} INFO - [2024-03-13T15:52:21.240-0400] {dag.py:3047} INFO - Sync 1 DAGs
[2024-03-13T15:52:21.251-0400] {logging_mixin.py:188} INFO - [2024-03-13T15:52:21.251-0400] {dag.py:3834} INFO - Setting next_dagrun for latest_only to 2024-03-13 12:00:00+00:00, run_after=2024-03-13 16:00:00+00:00
[2024-03-13T15:52:21.273-0400] {processor.py:183} INFO - Processing /home/ironbong_jr/mlops/project/project/lib/python3.10/site-packages/airflow/example_dags/example_latest_only.py took 0.051 seconds
[2024-03-13T15:53:16.186-0400] {processor.py:161} INFO - Started process (PID=455065) to work on /home/ironbong_jr/mlops/project/project/lib/python3.10/site-packages/airflow/example_dags/example_latest_only.py
[2024-03-13T15:53:16.188-0400] {processor.py:830} INFO - Processing file /home/ironbong_jr/mlops/project/project/lib/python3.10/site-packages/airflow/example_dags/example_latest_only.py for tasks to queue
[2024-03-13T15:53:16.188-0400] {logging_mixin.py:188} INFO - [2024-03-13T15:53:16.188-0400] {dagbag.py:540} INFO - Filling up the DagBag from /home/ironbong_jr/mlops/project/project/lib/python3.10/site-packages/airflow/example_dags/example_latest_only.py
[2024-03-13T15:53:16.192-0400] {processor.py:840} INFO - DAG(s) 'latest_only' retrieved from /home/ironbong_jr/mlops/project/project/lib/python3.10/site-packages/airflow/example_dags/example_latest_only.py
[2024-03-13T15:53:16.201-0400] {logging_mixin.py:188} INFO - [2024-03-13T15:53:16.201-0400] {dag.py:3047} INFO - Sync 1 DAGs
[2024-03-13T15:53:16.214-0400] {logging_mixin.py:188} INFO - [2024-03-13T15:53:16.213-0400] {dag.py:3834} INFO - Setting next_dagrun for latest_only to 2024-03-13 12:00:00+00:00, run_after=2024-03-13 16:00:00+00:00
[2024-03-13T15:53:16.234-0400] {processor.py:183} INFO - Processing /home/ironbong_jr/mlops/project/project/lib/python3.10/site-packages/airflow/example_dags/example_latest_only.py took 0.050 seconds
[2024-03-13T15:54:08.698-0400] {processor.py:161} INFO - Started process (PID=455311) to work on /home/ironbong_jr/mlops/project/project/lib/python3.10/site-packages/airflow/example_dags/example_latest_only.py
[2024-03-13T15:54:08.703-0400] {processor.py:830} INFO - Processing file /home/ironbong_jr/mlops/project/project/lib/python3.10/site-packages/airflow/example_dags/example_latest_only.py for tasks to queue
[2024-03-13T15:54:08.704-0400] {logging_mixin.py:188} INFO - [2024-03-13T15:54:08.703-0400] {dagbag.py:540} INFO - Filling up the DagBag from /home/ironbong_jr/mlops/project/project/lib/python3.10/site-packages/airflow/example_dags/example_latest_only.py
[2024-03-13T15:54:08.707-0400] {processor.py:840} INFO - DAG(s) 'latest_only' retrieved from /home/ironbong_jr/mlops/project/project/lib/python3.10/site-packages/airflow/example_dags/example_latest_only.py
[2024-03-13T15:54:08.718-0400] {logging_mixin.py:188} INFO - [2024-03-13T15:54:08.717-0400] {dag.py:3047} INFO - Sync 1 DAGs
[2024-03-13T15:54:08.729-0400] {logging_mixin.py:188} INFO - [2024-03-13T15:54:08.729-0400] {dag.py:3834} INFO - Setting next_dagrun for latest_only to 2024-03-13 12:00:00+00:00, run_after=2024-03-13 16:00:00+00:00
[2024-03-13T15:54:08.752-0400] {processor.py:183} INFO - Processing /home/ironbong_jr/mlops/project/project/lib/python3.10/site-packages/airflow/example_dags/example_latest_only.py took 0.056 seconds
[2024-03-13T15:55:01.520-0400] {processor.py:161} INFO - Started process (PID=455579) to work on /home/ironbong_jr/mlops/project/project/lib/python3.10/site-packages/airflow/example_dags/example_latest_only.py
[2024-03-13T15:55:01.524-0400] {processor.py:830} INFO - Processing file /home/ironbong_jr/mlops/project/project/lib/python3.10/site-packages/airflow/example_dags/example_latest_only.py for tasks to queue
[2024-03-13T15:55:01.525-0400] {logging_mixin.py:188} INFO - [2024-03-13T15:55:01.524-0400] {dagbag.py:540} INFO - Filling up the DagBag from /home/ironbong_jr/mlops/project/project/lib/python3.10/site-packages/airflow/example_dags/example_latest_only.py
[2024-03-13T15:55:01.528-0400] {processor.py:840} INFO - DAG(s) 'latest_only' retrieved from /home/ironbong_jr/mlops/project/project/lib/python3.10/site-packages/airflow/example_dags/example_latest_only.py
[2024-03-13T15:55:01.538-0400] {logging_mixin.py:188} INFO - [2024-03-13T15:55:01.538-0400] {dag.py:3047} INFO - Sync 1 DAGs
[2024-03-13T15:55:01.549-0400] {logging_mixin.py:188} INFO - [2024-03-13T15:55:01.549-0400] {dag.py:3834} INFO - Setting next_dagrun for latest_only to 2024-03-13 12:00:00+00:00, run_after=2024-03-13 16:00:00+00:00
[2024-03-13T15:55:01.571-0400] {processor.py:183} INFO - Processing /home/ironbong_jr/mlops/project/project/lib/python3.10/site-packages/airflow/example_dags/example_latest_only.py took 0.052 seconds
[2024-03-13T15:55:52.306-0400] {processor.py:161} INFO - Started process (PID=455840) to work on /home/ironbong_jr/mlops/project/project/lib/python3.10/site-packages/airflow/example_dags/example_latest_only.py
[2024-03-13T15:55:52.309-0400] {processor.py:830} INFO - Processing file /home/ironbong_jr/mlops/project/project/lib/python3.10/site-packages/airflow/example_dags/example_latest_only.py for tasks to queue
[2024-03-13T15:55:52.311-0400] {logging_mixin.py:188} INFO - [2024-03-13T15:55:52.311-0400] {dagbag.py:540} INFO - Filling up the DagBag from /home/ironbong_jr/mlops/project/project/lib/python3.10/site-packages/airflow/example_dags/example_latest_only.py
[2024-03-13T15:55:52.316-0400] {processor.py:840} INFO - DAG(s) 'latest_only' retrieved from /home/ironbong_jr/mlops/project/project/lib/python3.10/site-packages/airflow/example_dags/example_latest_only.py
[2024-03-13T15:55:52.347-0400] {logging_mixin.py:188} INFO - [2024-03-13T15:55:52.347-0400] {dag.py:3047} INFO - Sync 1 DAGs
[2024-03-13T15:55:52.362-0400] {logging_mixin.py:188} INFO - [2024-03-13T15:55:52.361-0400] {dag.py:3834} INFO - Setting next_dagrun for latest_only to 2024-03-13 12:00:00+00:00, run_after=2024-03-13 16:00:00+00:00
[2024-03-13T15:55:52.390-0400] {processor.py:183} INFO - Processing /home/ironbong_jr/mlops/project/project/lib/python3.10/site-packages/airflow/example_dags/example_latest_only.py took 0.088 seconds
[2024-03-13T15:56:43.741-0400] {processor.py:161} INFO - Started process (PID=456096) to work on /home/ironbong_jr/mlops/project/project/lib/python3.10/site-packages/airflow/example_dags/example_latest_only.py
[2024-03-13T15:56:43.745-0400] {processor.py:830} INFO - Processing file /home/ironbong_jr/mlops/project/project/lib/python3.10/site-packages/airflow/example_dags/example_latest_only.py for tasks to queue
[2024-03-13T15:56:43.746-0400] {logging_mixin.py:188} INFO - [2024-03-13T15:56:43.746-0400] {dagbag.py:540} INFO - Filling up the DagBag from /home/ironbong_jr/mlops/project/project/lib/python3.10/site-packages/airflow/example_dags/example_latest_only.py
[2024-03-13T15:56:43.751-0400] {processor.py:840} INFO - DAG(s) 'latest_only' retrieved from /home/ironbong_jr/mlops/project/project/lib/python3.10/site-packages/airflow/example_dags/example_latest_only.py
[2024-03-13T15:56:43.762-0400] {logging_mixin.py:188} INFO - [2024-03-13T15:56:43.762-0400] {dag.py:3047} INFO - Sync 1 DAGs
[2024-03-13T15:56:43.802-0400] {logging_mixin.py:188} INFO - [2024-03-13T15:56:43.802-0400] {dag.py:3834} INFO - Setting next_dagrun for latest_only to 2024-03-13 12:00:00+00:00, run_after=2024-03-13 16:00:00+00:00
[2024-03-13T15:56:43.825-0400] {processor.py:183} INFO - Processing /home/ironbong_jr/mlops/project/project/lib/python3.10/site-packages/airflow/example_dags/example_latest_only.py took 0.087 seconds
[2024-03-13T15:57:33.071-0400] {processor.py:161} INFO - Started process (PID=456382) to work on /home/ironbong_jr/mlops/project/project/lib/python3.10/site-packages/airflow/example_dags/example_latest_only.py
[2024-03-13T15:57:33.075-0400] {processor.py:830} INFO - Processing file /home/ironbong_jr/mlops/project/project/lib/python3.10/site-packages/airflow/example_dags/example_latest_only.py for tasks to queue
[2024-03-13T15:57:33.076-0400] {logging_mixin.py:188} INFO - [2024-03-13T15:57:33.076-0400] {dagbag.py:540} INFO - Filling up the DagBag from /home/ironbong_jr/mlops/project/project/lib/python3.10/site-packages/airflow/example_dags/example_latest_only.py
[2024-03-13T15:57:33.082-0400] {processor.py:840} INFO - DAG(s) 'latest_only' retrieved from /home/ironbong_jr/mlops/project/project/lib/python3.10/site-packages/airflow/example_dags/example_latest_only.py
[2024-03-13T15:57:33.093-0400] {logging_mixin.py:188} INFO - [2024-03-13T15:57:33.093-0400] {dag.py:3047} INFO - Sync 1 DAGs
[2024-03-13T15:57:33.106-0400] {logging_mixin.py:188} INFO - [2024-03-13T15:57:33.106-0400] {dag.py:3834} INFO - Setting next_dagrun for latest_only to 2024-03-13 12:00:00+00:00, run_after=2024-03-13 16:00:00+00:00
[2024-03-13T15:57:33.129-0400] {processor.py:183} INFO - Processing /home/ironbong_jr/mlops/project/project/lib/python3.10/site-packages/airflow/example_dags/example_latest_only.py took 0.061 seconds
[2024-03-13T15:58:25.934-0400] {processor.py:161} INFO - Started process (PID=456670) to work on /home/ironbong_jr/mlops/project/project/lib/python3.10/site-packages/airflow/example_dags/example_latest_only.py
[2024-03-13T15:58:25.938-0400] {processor.py:830} INFO - Processing file /home/ironbong_jr/mlops/project/project/lib/python3.10/site-packages/airflow/example_dags/example_latest_only.py for tasks to queue
[2024-03-13T15:58:25.938-0400] {logging_mixin.py:188} INFO - [2024-03-13T15:58:25.938-0400] {dagbag.py:540} INFO - Filling up the DagBag from /home/ironbong_jr/mlops/project/project/lib/python3.10/site-packages/airflow/example_dags/example_latest_only.py
[2024-03-13T15:58:25.942-0400] {processor.py:840} INFO - DAG(s) 'latest_only' retrieved from /home/ironbong_jr/mlops/project/project/lib/python3.10/site-packages/airflow/example_dags/example_latest_only.py
[2024-03-13T15:58:25.951-0400] {logging_mixin.py:188} INFO - [2024-03-13T15:58:25.951-0400] {dag.py:3047} INFO - Sync 1 DAGs
[2024-03-13T15:58:25.963-0400] {logging_mixin.py:188} INFO - [2024-03-13T15:58:25.963-0400] {dag.py:3834} INFO - Setting next_dagrun for latest_only to 2024-03-13 12:00:00+00:00, run_after=2024-03-13 16:00:00+00:00
[2024-03-13T15:58:25.985-0400] {processor.py:183} INFO - Processing /home/ironbong_jr/mlops/project/project/lib/python3.10/site-packages/airflow/example_dags/example_latest_only.py took 0.052 seconds
[2024-03-13T15:59:16.909-0400] {processor.py:161} INFO - Started process (PID=456907) to work on /home/ironbong_jr/mlops/project/project/lib/python3.10/site-packages/airflow/example_dags/example_latest_only.py
[2024-03-13T15:59:16.912-0400] {processor.py:830} INFO - Processing file /home/ironbong_jr/mlops/project/project/lib/python3.10/site-packages/airflow/example_dags/example_latest_only.py for tasks to queue
[2024-03-13T15:59:16.913-0400] {logging_mixin.py:188} INFO - [2024-03-13T15:59:16.912-0400] {dagbag.py:540} INFO - Filling up the DagBag from /home/ironbong_jr/mlops/project/project/lib/python3.10/site-packages/airflow/example_dags/example_latest_only.py
[2024-03-13T15:59:16.916-0400] {processor.py:840} INFO - DAG(s) 'latest_only' retrieved from /home/ironbong_jr/mlops/project/project/lib/python3.10/site-packages/airflow/example_dags/example_latest_only.py
[2024-03-13T15:59:16.928-0400] {logging_mixin.py:188} INFO - [2024-03-13T15:59:16.928-0400] {dag.py:3047} INFO - Sync 1 DAGs
[2024-03-13T15:59:16.943-0400] {logging_mixin.py:188} INFO - [2024-03-13T15:59:16.943-0400] {dag.py:3834} INFO - Setting next_dagrun for latest_only to 2024-03-13 12:00:00+00:00, run_after=2024-03-13 16:00:00+00:00
[2024-03-13T15:59:16.964-0400] {processor.py:183} INFO - Processing /home/ironbong_jr/mlops/project/project/lib/python3.10/site-packages/airflow/example_dags/example_latest_only.py took 0.058 seconds
[2024-03-13T16:00:07.773-0400] {processor.py:161} INFO - Started process (PID=457163) to work on /home/ironbong_jr/mlops/project/project/lib/python3.10/site-packages/airflow/example_dags/example_latest_only.py
[2024-03-13T16:00:07.776-0400] {processor.py:830} INFO - Processing file /home/ironbong_jr/mlops/project/project/lib/python3.10/site-packages/airflow/example_dags/example_latest_only.py for tasks to queue
[2024-03-13T16:00:07.777-0400] {logging_mixin.py:188} INFO - [2024-03-13T16:00:07.777-0400] {dagbag.py:540} INFO - Filling up the DagBag from /home/ironbong_jr/mlops/project/project/lib/python3.10/site-packages/airflow/example_dags/example_latest_only.py
[2024-03-13T16:00:07.781-0400] {processor.py:840} INFO - DAG(s) 'latest_only' retrieved from /home/ironbong_jr/mlops/project/project/lib/python3.10/site-packages/airflow/example_dags/example_latest_only.py
[2024-03-13T16:00:07.790-0400] {logging_mixin.py:188} INFO - [2024-03-13T16:00:07.790-0400] {dag.py:3047} INFO - Sync 1 DAGs
[2024-03-13T16:00:07.801-0400] {logging_mixin.py:188} INFO - [2024-03-13T16:00:07.801-0400] {dag.py:3834} INFO - Setting next_dagrun for latest_only to 2024-03-13 16:00:00+00:00, run_after=2024-03-13 20:00:00+00:00
[2024-03-13T16:00:07.822-0400] {processor.py:183} INFO - Processing /home/ironbong_jr/mlops/project/project/lib/python3.10/site-packages/airflow/example_dags/example_latest_only.py took 0.051 seconds
[2024-03-13T16:00:58.831-0400] {processor.py:161} INFO - Started process (PID=457419) to work on /home/ironbong_jr/mlops/project/project/lib/python3.10/site-packages/airflow/example_dags/example_latest_only.py
[2024-03-13T16:00:58.835-0400] {processor.py:830} INFO - Processing file /home/ironbong_jr/mlops/project/project/lib/python3.10/site-packages/airflow/example_dags/example_latest_only.py for tasks to queue
[2024-03-13T16:00:58.835-0400] {logging_mixin.py:188} INFO - [2024-03-13T16:00:58.835-0400] {dagbag.py:540} INFO - Filling up the DagBag from /home/ironbong_jr/mlops/project/project/lib/python3.10/site-packages/airflow/example_dags/example_latest_only.py
[2024-03-13T16:00:58.839-0400] {processor.py:840} INFO - DAG(s) 'latest_only' retrieved from /home/ironbong_jr/mlops/project/project/lib/python3.10/site-packages/airflow/example_dags/example_latest_only.py
[2024-03-13T16:00:58.848-0400] {logging_mixin.py:188} INFO - [2024-03-13T16:00:58.848-0400] {dag.py:3047} INFO - Sync 1 DAGs
[2024-03-13T16:00:58.862-0400] {logging_mixin.py:188} INFO - [2024-03-13T16:00:58.862-0400] {dag.py:3834} INFO - Setting next_dagrun for latest_only to 2024-03-13 16:00:00+00:00, run_after=2024-03-13 20:00:00+00:00
[2024-03-13T16:00:58.890-0400] {processor.py:183} INFO - Processing /home/ironbong_jr/mlops/project/project/lib/python3.10/site-packages/airflow/example_dags/example_latest_only.py took 0.061 seconds
[2024-03-13T16:01:49.917-0400] {processor.py:161} INFO - Started process (PID=457689) to work on /home/ironbong_jr/mlops/project/project/lib/python3.10/site-packages/airflow/example_dags/example_latest_only.py
[2024-03-13T16:01:49.919-0400] {processor.py:830} INFO - Processing file /home/ironbong_jr/mlops/project/project/lib/python3.10/site-packages/airflow/example_dags/example_latest_only.py for tasks to queue
[2024-03-13T16:01:49.920-0400] {logging_mixin.py:188} INFO - [2024-03-13T16:01:49.920-0400] {dagbag.py:540} INFO - Filling up the DagBag from /home/ironbong_jr/mlops/project/project/lib/python3.10/site-packages/airflow/example_dags/example_latest_only.py
[2024-03-13T16:01:49.924-0400] {processor.py:840} INFO - DAG(s) 'latest_only' retrieved from /home/ironbong_jr/mlops/project/project/lib/python3.10/site-packages/airflow/example_dags/example_latest_only.py
[2024-03-13T16:01:49.933-0400] {logging_mixin.py:188} INFO - [2024-03-13T16:01:49.933-0400] {dag.py:3047} INFO - Sync 1 DAGs
[2024-03-13T16:01:49.945-0400] {logging_mixin.py:188} INFO - [2024-03-13T16:01:49.945-0400] {dag.py:3834} INFO - Setting next_dagrun for latest_only to 2024-03-13 16:00:00+00:00, run_after=2024-03-13 20:00:00+00:00
[2024-03-13T16:01:49.966-0400] {processor.py:183} INFO - Processing /home/ironbong_jr/mlops/project/project/lib/python3.10/site-packages/airflow/example_dags/example_latest_only.py took 0.051 seconds
[2024-03-13T16:02:40.248-0400] {processor.py:161} INFO - Started process (PID=457953) to work on /home/ironbong_jr/mlops/project/project/lib/python3.10/site-packages/airflow/example_dags/example_latest_only.py
[2024-03-13T16:02:40.252-0400] {processor.py:830} INFO - Processing file /home/ironbong_jr/mlops/project/project/lib/python3.10/site-packages/airflow/example_dags/example_latest_only.py for tasks to queue
[2024-03-13T16:02:40.253-0400] {logging_mixin.py:188} INFO - [2024-03-13T16:02:40.252-0400] {dagbag.py:540} INFO - Filling up the DagBag from /home/ironbong_jr/mlops/project/project/lib/python3.10/site-packages/airflow/example_dags/example_latest_only.py
[2024-03-13T16:02:40.260-0400] {processor.py:840} INFO - DAG(s) 'latest_only' retrieved from /home/ironbong_jr/mlops/project/project/lib/python3.10/site-packages/airflow/example_dags/example_latest_only.py
[2024-03-13T16:02:40.272-0400] {logging_mixin.py:188} INFO - [2024-03-13T16:02:40.272-0400] {dag.py:3047} INFO - Sync 1 DAGs
[2024-03-13T16:02:40.293-0400] {logging_mixin.py:188} INFO - [2024-03-13T16:02:40.292-0400] {dag.py:3834} INFO - Setting next_dagrun for latest_only to 2024-03-13 16:00:00+00:00, run_after=2024-03-13 20:00:00+00:00
[2024-03-13T16:02:40.325-0400] {processor.py:183} INFO - Processing /home/ironbong_jr/mlops/project/project/lib/python3.10/site-packages/airflow/example_dags/example_latest_only.py took 0.079 seconds
[2024-03-13T16:03:29.321-0400] {processor.py:161} INFO - Started process (PID=458217) to work on /home/ironbong_jr/mlops/project/project/lib/python3.10/site-packages/airflow/example_dags/example_latest_only.py
[2024-03-13T16:03:29.325-0400] {processor.py:830} INFO - Processing file /home/ironbong_jr/mlops/project/project/lib/python3.10/site-packages/airflow/example_dags/example_latest_only.py for tasks to queue
[2024-03-13T16:03:29.326-0400] {logging_mixin.py:188} INFO - [2024-03-13T16:03:29.326-0400] {dagbag.py:540} INFO - Filling up the DagBag from /home/ironbong_jr/mlops/project/project/lib/python3.10/site-packages/airflow/example_dags/example_latest_only.py
[2024-03-13T16:03:29.333-0400] {processor.py:840} INFO - DAG(s) 'latest_only' retrieved from /home/ironbong_jr/mlops/project/project/lib/python3.10/site-packages/airflow/example_dags/example_latest_only.py
[2024-03-13T16:03:29.348-0400] {logging_mixin.py:188} INFO - [2024-03-13T16:03:29.348-0400] {dag.py:3047} INFO - Sync 1 DAGs
[2024-03-13T16:03:29.365-0400] {logging_mixin.py:188} INFO - [2024-03-13T16:03:29.365-0400] {dag.py:3834} INFO - Setting next_dagrun for latest_only to 2024-03-13 16:00:00+00:00, run_after=2024-03-13 20:00:00+00:00
[2024-03-13T16:03:29.387-0400] {processor.py:183} INFO - Processing /home/ironbong_jr/mlops/project/project/lib/python3.10/site-packages/airflow/example_dags/example_latest_only.py took 0.069 seconds
[2024-03-13T16:04:36.428-0400] {processor.py:161} INFO - Started process (PID=458630) to work on /home/ironbong_jr/mlops/project/project/lib/python3.10/site-packages/airflow/example_dags/example_latest_only.py
[2024-03-13T16:04:36.431-0400] {processor.py:830} INFO - Processing file /home/ironbong_jr/mlops/project/project/lib/python3.10/site-packages/airflow/example_dags/example_latest_only.py for tasks to queue
[2024-03-13T16:04:36.432-0400] {logging_mixin.py:188} INFO - [2024-03-13T16:04:36.431-0400] {dagbag.py:540} INFO - Filling up the DagBag from /home/ironbong_jr/mlops/project/project/lib/python3.10/site-packages/airflow/example_dags/example_latest_only.py
[2024-03-13T16:04:36.435-0400] {processor.py:840} INFO - DAG(s) 'latest_only' retrieved from /home/ironbong_jr/mlops/project/project/lib/python3.10/site-packages/airflow/example_dags/example_latest_only.py
[2024-03-13T16:04:36.445-0400] {logging_mixin.py:188} INFO - [2024-03-13T16:04:36.444-0400] {dag.py:3047} INFO - Sync 1 DAGs
[2024-03-13T16:04:36.455-0400] {logging_mixin.py:188} INFO - [2024-03-13T16:04:36.455-0400] {dag.py:3834} INFO - Setting next_dagrun for latest_only to 2024-03-13 16:00:00+00:00, run_after=2024-03-13 20:00:00+00:00
[2024-03-13T16:04:36.483-0400] {processor.py:183} INFO - Processing /home/ironbong_jr/mlops/project/project/lib/python3.10/site-packages/airflow/example_dags/example_latest_only.py took 0.057 seconds
[2024-03-13T16:05:30.609-0400] {processor.py:161} INFO - Started process (PID=458906) to work on /home/ironbong_jr/mlops/project/project/lib/python3.10/site-packages/airflow/example_dags/example_latest_only.py
[2024-03-13T16:05:30.610-0400] {processor.py:830} INFO - Processing file /home/ironbong_jr/mlops/project/project/lib/python3.10/site-packages/airflow/example_dags/example_latest_only.py for tasks to queue
[2024-03-13T16:05:30.611-0400] {logging_mixin.py:188} INFO - [2024-03-13T16:05:30.611-0400] {dagbag.py:540} INFO - Filling up the DagBag from /home/ironbong_jr/mlops/project/project/lib/python3.10/site-packages/airflow/example_dags/example_latest_only.py
[2024-03-13T16:05:30.615-0400] {processor.py:840} INFO - DAG(s) 'latest_only' retrieved from /home/ironbong_jr/mlops/project/project/lib/python3.10/site-packages/airflow/example_dags/example_latest_only.py
[2024-03-13T16:05:30.629-0400] {logging_mixin.py:188} INFO - [2024-03-13T16:05:30.629-0400] {dag.py:3047} INFO - Sync 1 DAGs
[2024-03-13T16:05:30.643-0400] {logging_mixin.py:188} INFO - [2024-03-13T16:05:30.643-0400] {dag.py:3834} INFO - Setting next_dagrun for latest_only to 2024-03-13 16:00:00+00:00, run_after=2024-03-13 20:00:00+00:00
[2024-03-13T16:05:30.665-0400] {processor.py:183} INFO - Processing /home/ironbong_jr/mlops/project/project/lib/python3.10/site-packages/airflow/example_dags/example_latest_only.py took 0.058 seconds
[2024-03-13T16:06:20.187-0400] {processor.py:161} INFO - Started process (PID=459163) to work on /home/ironbong_jr/mlops/project/project/lib/python3.10/site-packages/airflow/example_dags/example_latest_only.py
[2024-03-13T16:06:20.190-0400] {processor.py:830} INFO - Processing file /home/ironbong_jr/mlops/project/project/lib/python3.10/site-packages/airflow/example_dags/example_latest_only.py for tasks to queue
[2024-03-13T16:06:20.191-0400] {logging_mixin.py:188} INFO - [2024-03-13T16:06:20.191-0400] {dagbag.py:540} INFO - Filling up the DagBag from /home/ironbong_jr/mlops/project/project/lib/python3.10/site-packages/airflow/example_dags/example_latest_only.py
[2024-03-13T16:06:20.195-0400] {processor.py:840} INFO - DAG(s) 'latest_only' retrieved from /home/ironbong_jr/mlops/project/project/lib/python3.10/site-packages/airflow/example_dags/example_latest_only.py
[2024-03-13T16:06:20.204-0400] {logging_mixin.py:188} INFO - [2024-03-13T16:06:20.204-0400] {dag.py:3047} INFO - Sync 1 DAGs
[2024-03-13T16:06:20.215-0400] {logging_mixin.py:188} INFO - [2024-03-13T16:06:20.215-0400] {dag.py:3834} INFO - Setting next_dagrun for latest_only to 2024-03-13 16:00:00+00:00, run_after=2024-03-13 20:00:00+00:00
[2024-03-13T16:06:20.239-0400] {processor.py:183} INFO - Processing /home/ironbong_jr/mlops/project/project/lib/python3.10/site-packages/airflow/example_dags/example_latest_only.py took 0.054 seconds
[2024-03-13T16:07:11.244-0400] {processor.py:161} INFO - Started process (PID=459404) to work on /home/ironbong_jr/mlops/project/project/lib/python3.10/site-packages/airflow/example_dags/example_latest_only.py
[2024-03-13T16:07:11.248-0400] {processor.py:830} INFO - Processing file /home/ironbong_jr/mlops/project/project/lib/python3.10/site-packages/airflow/example_dags/example_latest_only.py for tasks to queue
[2024-03-13T16:07:11.249-0400] {logging_mixin.py:188} INFO - [2024-03-13T16:07:11.249-0400] {dagbag.py:540} INFO - Filling up the DagBag from /home/ironbong_jr/mlops/project/project/lib/python3.10/site-packages/airflow/example_dags/example_latest_only.py
[2024-03-13T16:07:11.253-0400] {processor.py:840} INFO - DAG(s) 'latest_only' retrieved from /home/ironbong_jr/mlops/project/project/lib/python3.10/site-packages/airflow/example_dags/example_latest_only.py
[2024-03-13T16:07:11.263-0400] {logging_mixin.py:188} INFO - [2024-03-13T16:07:11.263-0400] {dag.py:3047} INFO - Sync 1 DAGs
[2024-03-13T16:07:11.276-0400] {logging_mixin.py:188} INFO - [2024-03-13T16:07:11.275-0400] {dag.py:3834} INFO - Setting next_dagrun for latest_only to 2024-03-13 16:00:00+00:00, run_after=2024-03-13 20:00:00+00:00
[2024-03-13T16:07:11.297-0400] {processor.py:183} INFO - Processing /home/ironbong_jr/mlops/project/project/lib/python3.10/site-packages/airflow/example_dags/example_latest_only.py took 0.055 seconds
[2024-03-13T16:08:04.872-0400] {processor.py:161} INFO - Started process (PID=459667) to work on /home/ironbong_jr/mlops/project/project/lib/python3.10/site-packages/airflow/example_dags/example_latest_only.py
[2024-03-13T16:08:04.876-0400] {processor.py:830} INFO - Processing file /home/ironbong_jr/mlops/project/project/lib/python3.10/site-packages/airflow/example_dags/example_latest_only.py for tasks to queue
[2024-03-13T16:08:04.876-0400] {logging_mixin.py:188} INFO - [2024-03-13T16:08:04.876-0400] {dagbag.py:540} INFO - Filling up the DagBag from /home/ironbong_jr/mlops/project/project/lib/python3.10/site-packages/airflow/example_dags/example_latest_only.py
[2024-03-13T16:08:04.880-0400] {processor.py:840} INFO - DAG(s) 'latest_only' retrieved from /home/ironbong_jr/mlops/project/project/lib/python3.10/site-packages/airflow/example_dags/example_latest_only.py
[2024-03-13T16:08:04.889-0400] {logging_mixin.py:188} INFO - [2024-03-13T16:08:04.889-0400] {dag.py:3047} INFO - Sync 1 DAGs
[2024-03-13T16:08:04.901-0400] {logging_mixin.py:188} INFO - [2024-03-13T16:08:04.900-0400] {dag.py:3834} INFO - Setting next_dagrun for latest_only to 2024-03-13 16:00:00+00:00, run_after=2024-03-13 20:00:00+00:00
[2024-03-13T16:08:04.922-0400] {processor.py:183} INFO - Processing /home/ironbong_jr/mlops/project/project/lib/python3.10/site-packages/airflow/example_dags/example_latest_only.py took 0.052 seconds
[2024-03-13T16:08:55.006-0400] {processor.py:161} INFO - Started process (PID=459924) to work on /home/ironbong_jr/mlops/project/project/lib/python3.10/site-packages/airflow/example_dags/example_latest_only.py
[2024-03-13T16:08:55.008-0400] {processor.py:830} INFO - Processing file /home/ironbong_jr/mlops/project/project/lib/python3.10/site-packages/airflow/example_dags/example_latest_only.py for tasks to queue
[2024-03-13T16:08:55.008-0400] {logging_mixin.py:188} INFO - [2024-03-13T16:08:55.008-0400] {dagbag.py:540} INFO - Filling up the DagBag from /home/ironbong_jr/mlops/project/project/lib/python3.10/site-packages/airflow/example_dags/example_latest_only.py
[2024-03-13T16:08:55.013-0400] {processor.py:840} INFO - DAG(s) 'latest_only' retrieved from /home/ironbong_jr/mlops/project/project/lib/python3.10/site-packages/airflow/example_dags/example_latest_only.py
[2024-03-13T16:08:55.025-0400] {logging_mixin.py:188} INFO - [2024-03-13T16:08:55.024-0400] {dag.py:3047} INFO - Sync 1 DAGs
[2024-03-13T16:08:55.038-0400] {logging_mixin.py:188} INFO - [2024-03-13T16:08:55.038-0400] {dag.py:3834} INFO - Setting next_dagrun for latest_only to 2024-03-13 16:00:00+00:00, run_after=2024-03-13 20:00:00+00:00
[2024-03-13T16:08:55.062-0400] {processor.py:183} INFO - Processing /home/ironbong_jr/mlops/project/project/lib/python3.10/site-packages/airflow/example_dags/example_latest_only.py took 0.058 seconds
[2024-03-13T16:09:44.860-0400] {processor.py:161} INFO - Started process (PID=460161) to work on /home/ironbong_jr/mlops/project/project/lib/python3.10/site-packages/airflow/example_dags/example_latest_only.py
[2024-03-13T16:09:44.863-0400] {processor.py:830} INFO - Processing file /home/ironbong_jr/mlops/project/project/lib/python3.10/site-packages/airflow/example_dags/example_latest_only.py for tasks to queue
[2024-03-13T16:09:44.864-0400] {logging_mixin.py:188} INFO - [2024-03-13T16:09:44.863-0400] {dagbag.py:540} INFO - Filling up the DagBag from /home/ironbong_jr/mlops/project/project/lib/python3.10/site-packages/airflow/example_dags/example_latest_only.py
[2024-03-13T16:09:44.868-0400] {processor.py:840} INFO - DAG(s) 'latest_only' retrieved from /home/ironbong_jr/mlops/project/project/lib/python3.10/site-packages/airflow/example_dags/example_latest_only.py
[2024-03-13T16:09:44.877-0400] {logging_mixin.py:188} INFO - [2024-03-13T16:09:44.877-0400] {dag.py:3047} INFO - Sync 1 DAGs
[2024-03-13T16:09:44.888-0400] {logging_mixin.py:188} INFO - [2024-03-13T16:09:44.888-0400] {dag.py:3834} INFO - Setting next_dagrun for latest_only to 2024-03-13 16:00:00+00:00, run_after=2024-03-13 20:00:00+00:00
[2024-03-13T16:09:44.911-0400] {processor.py:183} INFO - Processing /home/ironbong_jr/mlops/project/project/lib/python3.10/site-packages/airflow/example_dags/example_latest_only.py took 0.054 seconds
[2024-03-13T16:10:34.373-0400] {processor.py:161} INFO - Started process (PID=460410) to work on /home/ironbong_jr/mlops/project/project/lib/python3.10/site-packages/airflow/example_dags/example_latest_only.py
[2024-03-13T16:10:34.374-0400] {processor.py:830} INFO - Processing file /home/ironbong_jr/mlops/project/project/lib/python3.10/site-packages/airflow/example_dags/example_latest_only.py for tasks to queue
[2024-03-13T16:10:34.375-0400] {logging_mixin.py:188} INFO - [2024-03-13T16:10:34.375-0400] {dagbag.py:540} INFO - Filling up the DagBag from /home/ironbong_jr/mlops/project/project/lib/python3.10/site-packages/airflow/example_dags/example_latest_only.py
[2024-03-13T16:10:34.379-0400] {processor.py:840} INFO - DAG(s) 'latest_only' retrieved from /home/ironbong_jr/mlops/project/project/lib/python3.10/site-packages/airflow/example_dags/example_latest_only.py
[2024-03-13T16:10:34.389-0400] {logging_mixin.py:188} INFO - [2024-03-13T16:10:34.389-0400] {dag.py:3047} INFO - Sync 1 DAGs
[2024-03-13T16:10:34.401-0400] {logging_mixin.py:188} INFO - [2024-03-13T16:10:34.400-0400] {dag.py:3834} INFO - Setting next_dagrun for latest_only to 2024-03-13 16:00:00+00:00, run_after=2024-03-13 20:00:00+00:00
[2024-03-13T16:10:34.421-0400] {processor.py:183} INFO - Processing /home/ironbong_jr/mlops/project/project/lib/python3.10/site-packages/airflow/example_dags/example_latest_only.py took 0.051 seconds
[2024-03-13T16:11:23.558-0400] {processor.py:161} INFO - Started process (PID=460661) to work on /home/ironbong_jr/mlops/project/project/lib/python3.10/site-packages/airflow/example_dags/example_latest_only.py
[2024-03-13T16:11:23.562-0400] {processor.py:830} INFO - Processing file /home/ironbong_jr/mlops/project/project/lib/python3.10/site-packages/airflow/example_dags/example_latest_only.py for tasks to queue
[2024-03-13T16:11:23.563-0400] {logging_mixin.py:188} INFO - [2024-03-13T16:11:23.563-0400] {dagbag.py:540} INFO - Filling up the DagBag from /home/ironbong_jr/mlops/project/project/lib/python3.10/site-packages/airflow/example_dags/example_latest_only.py
[2024-03-13T16:11:23.567-0400] {processor.py:840} INFO - DAG(s) 'latest_only' retrieved from /home/ironbong_jr/mlops/project/project/lib/python3.10/site-packages/airflow/example_dags/example_latest_only.py
[2024-03-13T16:11:23.576-0400] {logging_mixin.py:188} INFO - [2024-03-13T16:11:23.575-0400] {dag.py:3047} INFO - Sync 1 DAGs
[2024-03-13T16:11:23.587-0400] {logging_mixin.py:188} INFO - [2024-03-13T16:11:23.586-0400] {dag.py:3834} INFO - Setting next_dagrun for latest_only to 2024-03-13 16:00:00+00:00, run_after=2024-03-13 20:00:00+00:00
[2024-03-13T16:11:23.608-0400] {processor.py:183} INFO - Processing /home/ironbong_jr/mlops/project/project/lib/python3.10/site-packages/airflow/example_dags/example_latest_only.py took 0.051 seconds
[2024-03-13T16:12:14.114-0400] {processor.py:161} INFO - Started process (PID=460904) to work on /home/ironbong_jr/mlops/project/project/lib/python3.10/site-packages/airflow/example_dags/example_latest_only.py
[2024-03-13T16:12:14.117-0400] {processor.py:830} INFO - Processing file /home/ironbong_jr/mlops/project/project/lib/python3.10/site-packages/airflow/example_dags/example_latest_only.py for tasks to queue
[2024-03-13T16:12:14.118-0400] {logging_mixin.py:188} INFO - [2024-03-13T16:12:14.118-0400] {dagbag.py:540} INFO - Filling up the DagBag from /home/ironbong_jr/mlops/project/project/lib/python3.10/site-packages/airflow/example_dags/example_latest_only.py
[2024-03-13T16:12:14.122-0400] {processor.py:840} INFO - DAG(s) 'latest_only' retrieved from /home/ironbong_jr/mlops/project/project/lib/python3.10/site-packages/airflow/example_dags/example_latest_only.py
[2024-03-13T16:12:14.132-0400] {logging_mixin.py:188} INFO - [2024-03-13T16:12:14.132-0400] {dag.py:3047} INFO - Sync 1 DAGs
[2024-03-13T16:12:14.143-0400] {logging_mixin.py:188} INFO - [2024-03-13T16:12:14.143-0400] {dag.py:3834} INFO - Setting next_dagrun for latest_only to 2024-03-13 16:00:00+00:00, run_after=2024-03-13 20:00:00+00:00
[2024-03-13T16:12:14.165-0400] {processor.py:183} INFO - Processing /home/ironbong_jr/mlops/project/project/lib/python3.10/site-packages/airflow/example_dags/example_latest_only.py took 0.053 seconds
