[2024-03-12T21:21:40.439-0400] {processor.py:161} INFO - Started process (PID=406954) to work on /home/ironbong_jr/mlops/project/project/lib/python3.10/site-packages/airflow/example_dags/example_skip_dag.py
[2024-03-12T21:21:40.441-0400] {processor.py:830} INFO - Processing file /home/ironbong_jr/mlops/project/project/lib/python3.10/site-packages/airflow/example_dags/example_skip_dag.py for tasks to queue
[2024-03-12T21:21:40.443-0400] {logging_mixin.py:188} INFO - [2024-03-12T21:21:40.442-0400] {dagbag.py:540} INFO - Filling up the DagBag from /home/ironbong_jr/mlops/project/project/lib/python3.10/site-packages/airflow/example_dags/example_skip_dag.py
[2024-03-12T21:21:40.469-0400] {processor.py:840} INFO - DAG(s) 'example_skip_dag' retrieved from /home/ironbong_jr/mlops/project/project/lib/python3.10/site-packages/airflow/example_dags/example_skip_dag.py
[2024-03-12T21:21:40.996-0400] {logging_mixin.py:188} INFO - [2024-03-12T21:21:40.995-0400] {dag.py:3047} INFO - Sync 1 DAGs
[2024-03-12T21:21:41.031-0400] {logging_mixin.py:188} INFO - [2024-03-12T21:21:41.030-0400] {dag.py:3834} INFO - Setting next_dagrun for example_skip_dag to 2024-03-12 00:00:00+00:00, run_after=2024-03-13 00:00:00+00:00
[2024-03-12T21:21:41.071-0400] {processor.py:183} INFO - Processing /home/ironbong_jr/mlops/project/project/lib/python3.10/site-packages/airflow/example_dags/example_skip_dag.py took 0.647 seconds
[2024-03-12T21:23:07.350-0400] {processor.py:161} INFO - Started process (PID=407335) to work on /home/ironbong_jr/mlops/project/project/lib/python3.10/site-packages/airflow/example_dags/example_skip_dag.py
[2024-03-12T21:23:07.396-0400] {processor.py:830} INFO - Processing file /home/ironbong_jr/mlops/project/project/lib/python3.10/site-packages/airflow/example_dags/example_skip_dag.py for tasks to queue
[2024-03-12T21:23:07.399-0400] {logging_mixin.py:188} INFO - [2024-03-12T21:23:07.398-0400] {dagbag.py:540} INFO - Filling up the DagBag from /home/ironbong_jr/mlops/project/project/lib/python3.10/site-packages/airflow/example_dags/example_skip_dag.py
[2024-03-12T21:23:07.422-0400] {processor.py:840} INFO - DAG(s) 'example_skip_dag' retrieved from /home/ironbong_jr/mlops/project/project/lib/python3.10/site-packages/airflow/example_dags/example_skip_dag.py
[2024-03-12T21:23:07.495-0400] {logging_mixin.py:188} INFO - [2024-03-12T21:23:07.494-0400] {dag.py:3047} INFO - Sync 1 DAGs
[2024-03-12T21:23:07.539-0400] {logging_mixin.py:188} INFO - [2024-03-12T21:23:07.539-0400] {dag.py:3834} INFO - Setting next_dagrun for example_skip_dag to 2024-03-12 00:00:00+00:00, run_after=2024-03-13 00:00:00+00:00
[2024-03-12T21:23:07.814-0400] {processor.py:183} INFO - Processing /home/ironbong_jr/mlops/project/project/lib/python3.10/site-packages/airflow/example_dags/example_skip_dag.py took 0.470 seconds
[2024-03-12T21:26:31.106-0400] {processor.py:161} INFO - Started process (PID=408249) to work on /home/ironbong_jr/mlops/project/project/lib/python3.10/site-packages/airflow/example_dags/example_skip_dag.py
[2024-03-12T21:26:31.109-0400] {processor.py:830} INFO - Processing file /home/ironbong_jr/mlops/project/project/lib/python3.10/site-packages/airflow/example_dags/example_skip_dag.py for tasks to queue
[2024-03-12T21:26:31.112-0400] {logging_mixin.py:188} INFO - [2024-03-12T21:26:31.111-0400] {dagbag.py:540} INFO - Filling up the DagBag from /home/ironbong_jr/mlops/project/project/lib/python3.10/site-packages/airflow/example_dags/example_skip_dag.py
[2024-03-12T21:26:31.124-0400] {processor.py:840} INFO - DAG(s) 'example_skip_dag' retrieved from /home/ironbong_jr/mlops/project/project/lib/python3.10/site-packages/airflow/example_dags/example_skip_dag.py
[2024-03-12T21:26:31.169-0400] {logging_mixin.py:188} INFO - [2024-03-12T21:26:31.168-0400] {dag.py:3047} INFO - Sync 1 DAGs
[2024-03-12T21:26:31.207-0400] {logging_mixin.py:188} INFO - [2024-03-12T21:26:31.207-0400] {dag.py:3834} INFO - Setting next_dagrun for example_skip_dag to 2024-03-12 00:00:00+00:00, run_after=2024-03-13 00:00:00+00:00
[2024-03-12T21:26:31.307-0400] {processor.py:183} INFO - Processing /home/ironbong_jr/mlops/project/project/lib/python3.10/site-packages/airflow/example_dags/example_skip_dag.py took 0.210 seconds
[2024-03-12T21:27:44.929-0400] {processor.py:161} INFO - Started process (PID=408574) to work on /home/ironbong_jr/mlops/project/project/lib/python3.10/site-packages/airflow/example_dags/example_skip_dag.py
[2024-03-12T21:27:44.932-0400] {processor.py:830} INFO - Processing file /home/ironbong_jr/mlops/project/project/lib/python3.10/site-packages/airflow/example_dags/example_skip_dag.py for tasks to queue
[2024-03-12T21:27:44.933-0400] {logging_mixin.py:188} INFO - [2024-03-12T21:27:44.933-0400] {dagbag.py:540} INFO - Filling up the DagBag from /home/ironbong_jr/mlops/project/project/lib/python3.10/site-packages/airflow/example_dags/example_skip_dag.py
[2024-03-12T21:27:44.945-0400] {processor.py:840} INFO - DAG(s) 'example_skip_dag' retrieved from /home/ironbong_jr/mlops/project/project/lib/python3.10/site-packages/airflow/example_dags/example_skip_dag.py
[2024-03-12T21:27:44.971-0400] {logging_mixin.py:188} INFO - [2024-03-12T21:27:44.970-0400] {dag.py:3047} INFO - Sync 1 DAGs
[2024-03-12T21:27:44.997-0400] {logging_mixin.py:188} INFO - [2024-03-12T21:27:44.997-0400] {dag.py:3834} INFO - Setting next_dagrun for example_skip_dag to 2024-03-12 00:00:00+00:00, run_after=2024-03-13 00:00:00+00:00
[2024-03-12T21:27:45.035-0400] {processor.py:183} INFO - Processing /home/ironbong_jr/mlops/project/project/lib/python3.10/site-packages/airflow/example_dags/example_skip_dag.py took 0.111 seconds
[2024-03-12T21:29:22.752-0400] {processor.py:161} INFO - Started process (PID=409048) to work on /home/ironbong_jr/mlops/project/project/lib/python3.10/site-packages/airflow/example_dags/example_skip_dag.py
[2024-03-12T21:29:22.798-0400] {processor.py:830} INFO - Processing file /home/ironbong_jr/mlops/project/project/lib/python3.10/site-packages/airflow/example_dags/example_skip_dag.py for tasks to queue
[2024-03-12T21:29:22.801-0400] {logging_mixin.py:188} INFO - [2024-03-12T21:29:22.800-0400] {dagbag.py:540} INFO - Filling up the DagBag from /home/ironbong_jr/mlops/project/project/lib/python3.10/site-packages/airflow/example_dags/example_skip_dag.py
[2024-03-12T21:29:22.818-0400] {processor.py:840} INFO - DAG(s) 'example_skip_dag' retrieved from /home/ironbong_jr/mlops/project/project/lib/python3.10/site-packages/airflow/example_dags/example_skip_dag.py
[2024-03-12T21:29:22.847-0400] {logging_mixin.py:188} INFO - [2024-03-12T21:29:22.846-0400] {dag.py:3047} INFO - Sync 1 DAGs
[2024-03-12T21:29:22.883-0400] {logging_mixin.py:188} INFO - [2024-03-12T21:29:22.883-0400] {dag.py:3834} INFO - Setting next_dagrun for example_skip_dag to 2024-03-12 00:00:00+00:00, run_after=2024-03-13 00:00:00+00:00
[2024-03-12T21:29:22.929-0400] {processor.py:183} INFO - Processing /home/ironbong_jr/mlops/project/project/lib/python3.10/site-packages/airflow/example_dags/example_skip_dag.py took 0.182 seconds
[2024-03-12T21:30:52.129-0400] {processor.py:161} INFO - Started process (PID=409489) to work on /home/ironbong_jr/mlops/project/project/lib/python3.10/site-packages/airflow/example_dags/example_skip_dag.py
[2024-03-12T21:30:52.176-0400] {processor.py:830} INFO - Processing file /home/ironbong_jr/mlops/project/project/lib/python3.10/site-packages/airflow/example_dags/example_skip_dag.py for tasks to queue
[2024-03-12T21:30:52.178-0400] {logging_mixin.py:188} INFO - [2024-03-12T21:30:52.177-0400] {dagbag.py:540} INFO - Filling up the DagBag from /home/ironbong_jr/mlops/project/project/lib/python3.10/site-packages/airflow/example_dags/example_skip_dag.py
[2024-03-12T21:30:52.192-0400] {processor.py:840} INFO - DAG(s) 'example_skip_dag' retrieved from /home/ironbong_jr/mlops/project/project/lib/python3.10/site-packages/airflow/example_dags/example_skip_dag.py
[2024-03-12T21:30:52.246-0400] {logging_mixin.py:188} INFO - [2024-03-12T21:30:52.246-0400] {dag.py:3047} INFO - Sync 1 DAGs
[2024-03-12T21:30:52.311-0400] {logging_mixin.py:188} INFO - [2024-03-12T21:30:52.310-0400] {dag.py:3834} INFO - Setting next_dagrun for example_skip_dag to 2024-03-12 00:00:00+00:00, run_after=2024-03-13 00:00:00+00:00
[2024-03-12T21:30:52.446-0400] {processor.py:183} INFO - Processing /home/ironbong_jr/mlops/project/project/lib/python3.10/site-packages/airflow/example_dags/example_skip_dag.py took 0.326 seconds
[2024-03-12T21:32:30.675-0400] {processor.py:161} INFO - Started process (PID=409976) to work on /home/ironbong_jr/mlops/project/project/lib/python3.10/site-packages/airflow/example_dags/example_skip_dag.py
[2024-03-12T21:32:30.726-0400] {processor.py:830} INFO - Processing file /home/ironbong_jr/mlops/project/project/lib/python3.10/site-packages/airflow/example_dags/example_skip_dag.py for tasks to queue
[2024-03-12T21:32:30.728-0400] {logging_mixin.py:188} INFO - [2024-03-12T21:32:30.727-0400] {dagbag.py:540} INFO - Filling up the DagBag from /home/ironbong_jr/mlops/project/project/lib/python3.10/site-packages/airflow/example_dags/example_skip_dag.py
[2024-03-12T21:32:30.741-0400] {processor.py:840} INFO - DAG(s) 'example_skip_dag' retrieved from /home/ironbong_jr/mlops/project/project/lib/python3.10/site-packages/airflow/example_dags/example_skip_dag.py
[2024-03-12T21:32:30.774-0400] {logging_mixin.py:188} INFO - [2024-03-12T21:32:30.774-0400] {dag.py:3047} INFO - Sync 1 DAGs
[2024-03-12T21:32:30.810-0400] {logging_mixin.py:188} INFO - [2024-03-12T21:32:30.810-0400] {dag.py:3834} INFO - Setting next_dagrun for example_skip_dag to 2024-03-12 00:00:00+00:00, run_after=2024-03-13 00:00:00+00:00
[2024-03-12T21:32:30.864-0400] {processor.py:183} INFO - Processing /home/ironbong_jr/mlops/project/project/lib/python3.10/site-packages/airflow/example_dags/example_skip_dag.py took 0.196 seconds
[2024-03-12T21:34:10.940-0400] {processor.py:161} INFO - Started process (PID=410515) to work on /home/ironbong_jr/mlops/project/project/lib/python3.10/site-packages/airflow/example_dags/example_skip_dag.py
[2024-03-12T21:34:10.990-0400] {processor.py:830} INFO - Processing file /home/ironbong_jr/mlops/project/project/lib/python3.10/site-packages/airflow/example_dags/example_skip_dag.py for tasks to queue
[2024-03-12T21:34:10.993-0400] {logging_mixin.py:188} INFO - [2024-03-12T21:34:10.992-0400] {dagbag.py:540} INFO - Filling up the DagBag from /home/ironbong_jr/mlops/project/project/lib/python3.10/site-packages/airflow/example_dags/example_skip_dag.py
[2024-03-12T21:34:11.009-0400] {processor.py:840} INFO - DAG(s) 'example_skip_dag' retrieved from /home/ironbong_jr/mlops/project/project/lib/python3.10/site-packages/airflow/example_dags/example_skip_dag.py
[2024-03-12T21:34:11.038-0400] {logging_mixin.py:188} INFO - [2024-03-12T21:34:11.037-0400] {dag.py:3047} INFO - Sync 1 DAGs
[2024-03-12T21:34:11.072-0400] {logging_mixin.py:188} INFO - [2024-03-12T21:34:11.071-0400] {dag.py:3834} INFO - Setting next_dagrun for example_skip_dag to 2024-03-12 00:00:00+00:00, run_after=2024-03-13 00:00:00+00:00
[2024-03-12T21:34:11.117-0400] {processor.py:183} INFO - Processing /home/ironbong_jr/mlops/project/project/lib/python3.10/site-packages/airflow/example_dags/example_skip_dag.py took 0.185 seconds
[2024-03-12T23:25:59.491-0400] {processor.py:161} INFO - Started process (PID=417639) to work on /home/ironbong_jr/mlops/project/project/lib/python3.10/site-packages/airflow/example_dags/example_skip_dag.py
[2024-03-12T23:25:59.537-0400] {processor.py:830} INFO - Processing file /home/ironbong_jr/mlops/project/project/lib/python3.10/site-packages/airflow/example_dags/example_skip_dag.py for tasks to queue
[2024-03-12T23:25:59.540-0400] {logging_mixin.py:188} INFO - [2024-03-12T23:25:59.539-0400] {dagbag.py:540} INFO - Filling up the DagBag from /home/ironbong_jr/mlops/project/project/lib/python3.10/site-packages/airflow/example_dags/example_skip_dag.py
[2024-03-12T23:25:59.558-0400] {processor.py:840} INFO - DAG(s) 'example_skip_dag' retrieved from /home/ironbong_jr/mlops/project/project/lib/python3.10/site-packages/airflow/example_dags/example_skip_dag.py
[2024-03-12T23:25:59.744-0400] {logging_mixin.py:188} INFO - [2024-03-12T23:25:59.743-0400] {dag.py:3047} INFO - Sync 1 DAGs
[2024-03-12T23:25:59.946-0400] {logging_mixin.py:188} INFO - [2024-03-12T23:25:59.946-0400] {dag.py:3834} INFO - Setting next_dagrun for example_skip_dag to 2024-03-12 00:00:00+00:00, run_after=2024-03-13 00:00:00+00:00
[2024-03-12T23:26:00.093-0400] {processor.py:183} INFO - Processing /home/ironbong_jr/mlops/project/project/lib/python3.10/site-packages/airflow/example_dags/example_skip_dag.py took 0.607 seconds
[2024-03-12T23:29:20.073-0400] {processor.py:161} INFO - Started process (PID=418451) to work on /home/ironbong_jr/mlops/project/project/lib/python3.10/site-packages/airflow/example_dags/example_skip_dag.py
[2024-03-12T23:29:20.076-0400] {processor.py:830} INFO - Processing file /home/ironbong_jr/mlops/project/project/lib/python3.10/site-packages/airflow/example_dags/example_skip_dag.py for tasks to queue
[2024-03-12T23:29:20.078-0400] {logging_mixin.py:188} INFO - [2024-03-12T23:29:20.077-0400] {dagbag.py:540} INFO - Filling up the DagBag from /home/ironbong_jr/mlops/project/project/lib/python3.10/site-packages/airflow/example_dags/example_skip_dag.py
[2024-03-12T23:29:20.090-0400] {processor.py:840} INFO - DAG(s) 'example_skip_dag' retrieved from /home/ironbong_jr/mlops/project/project/lib/python3.10/site-packages/airflow/example_dags/example_skip_dag.py
[2024-03-12T23:29:20.183-0400] {logging_mixin.py:188} INFO - [2024-03-12T23:29:20.183-0400] {dag.py:3047} INFO - Sync 1 DAGs
[2024-03-12T23:29:20.217-0400] {logging_mixin.py:188} INFO - [2024-03-12T23:29:20.216-0400] {dag.py:3834} INFO - Setting next_dagrun for example_skip_dag to 2024-03-12 00:00:00+00:00, run_after=2024-03-13 00:00:00+00:00
[2024-03-12T23:29:20.323-0400] {processor.py:183} INFO - Processing /home/ironbong_jr/mlops/project/project/lib/python3.10/site-packages/airflow/example_dags/example_skip_dag.py took 0.256 seconds
[2024-03-12T23:30:42.331-0400] {processor.py:161} INFO - Started process (PID=418786) to work on /home/ironbong_jr/mlops/project/project/lib/python3.10/site-packages/airflow/example_dags/example_skip_dag.py
[2024-03-12T23:30:42.392-0400] {processor.py:830} INFO - Processing file /home/ironbong_jr/mlops/project/project/lib/python3.10/site-packages/airflow/example_dags/example_skip_dag.py for tasks to queue
[2024-03-12T23:30:42.395-0400] {logging_mixin.py:188} INFO - [2024-03-12T23:30:42.394-0400] {dagbag.py:540} INFO - Filling up the DagBag from /home/ironbong_jr/mlops/project/project/lib/python3.10/site-packages/airflow/example_dags/example_skip_dag.py
[2024-03-12T23:30:42.411-0400] {processor.py:840} INFO - DAG(s) 'example_skip_dag' retrieved from /home/ironbong_jr/mlops/project/project/lib/python3.10/site-packages/airflow/example_dags/example_skip_dag.py
[2024-03-12T23:30:42.460-0400] {logging_mixin.py:188} INFO - [2024-03-12T23:30:42.459-0400] {dag.py:3047} INFO - Sync 1 DAGs
[2024-03-12T23:30:42.525-0400] {logging_mixin.py:188} INFO - [2024-03-12T23:30:42.524-0400] {dag.py:3834} INFO - Setting next_dagrun for example_skip_dag to 2024-03-12 00:00:00+00:00, run_after=2024-03-13 00:00:00+00:00
[2024-03-12T23:30:42.580-0400] {processor.py:183} INFO - Processing /home/ironbong_jr/mlops/project/project/lib/python3.10/site-packages/airflow/example_dags/example_skip_dag.py took 0.259 seconds
[2024-03-12T23:41:04.548-0400] {processor.py:161} INFO - Started process (PID=420973) to work on /home/ironbong_jr/mlops/project/project/lib/python3.10/site-packages/airflow/example_dags/example_skip_dag.py
[2024-03-12T23:41:04.551-0400] {processor.py:830} INFO - Processing file /home/ironbong_jr/mlops/project/project/lib/python3.10/site-packages/airflow/example_dags/example_skip_dag.py for tasks to queue
[2024-03-12T23:41:04.553-0400] {logging_mixin.py:188} INFO - [2024-03-12T23:41:04.552-0400] {dagbag.py:540} INFO - Filling up the DagBag from /home/ironbong_jr/mlops/project/project/lib/python3.10/site-packages/airflow/example_dags/example_skip_dag.py
[2024-03-12T23:41:04.576-0400] {processor.py:840} INFO - DAG(s) 'example_skip_dag' retrieved from /home/ironbong_jr/mlops/project/project/lib/python3.10/site-packages/airflow/example_dags/example_skip_dag.py
[2024-03-12T23:41:05.033-0400] {logging_mixin.py:188} INFO - [2024-03-12T23:41:05.032-0400] {dag.py:3047} INFO - Sync 1 DAGs
[2024-03-12T23:41:05.060-0400] {logging_mixin.py:188} INFO - [2024-03-12T23:41:05.059-0400] {dag.py:3834} INFO - Setting next_dagrun for example_skip_dag to 2024-03-12 00:00:00+00:00, run_after=2024-03-13 00:00:00+00:00
[2024-03-12T23:41:05.168-0400] {processor.py:183} INFO - Processing /home/ironbong_jr/mlops/project/project/lib/python3.10/site-packages/airflow/example_dags/example_skip_dag.py took 0.626 seconds
[2024-03-12T23:43:30.419-0400] {processor.py:161} INFO - Started process (PID=421882) to work on /home/ironbong_jr/mlops/project/project/lib/python3.10/site-packages/airflow/example_dags/example_skip_dag.py
[2024-03-12T23:43:30.471-0400] {processor.py:830} INFO - Processing file /home/ironbong_jr/mlops/project/project/lib/python3.10/site-packages/airflow/example_dags/example_skip_dag.py for tasks to queue
[2024-03-12T23:43:30.473-0400] {logging_mixin.py:188} INFO - [2024-03-12T23:43:30.472-0400] {dagbag.py:540} INFO - Filling up the DagBag from /home/ironbong_jr/mlops/project/project/lib/python3.10/site-packages/airflow/example_dags/example_skip_dag.py
[2024-03-12T23:43:30.487-0400] {processor.py:840} INFO - DAG(s) 'example_skip_dag' retrieved from /home/ironbong_jr/mlops/project/project/lib/python3.10/site-packages/airflow/example_dags/example_skip_dag.py
[2024-03-12T23:43:30.523-0400] {logging_mixin.py:188} INFO - [2024-03-12T23:43:30.522-0400] {dag.py:3047} INFO - Sync 1 DAGs
[2024-03-12T23:43:30.567-0400] {logging_mixin.py:188} INFO - [2024-03-12T23:43:30.566-0400] {dag.py:3834} INFO - Setting next_dagrun for example_skip_dag to 2024-03-12 00:00:00+00:00, run_after=2024-03-13 00:00:00+00:00
[2024-03-12T23:43:30.841-0400] {processor.py:183} INFO - Processing /home/ironbong_jr/mlops/project/project/lib/python3.10/site-packages/airflow/example_dags/example_skip_dag.py took 0.427 seconds
[2024-03-12T23:45:19.940-0400] {processor.py:161} INFO - Started process (PID=422385) to work on /home/ironbong_jr/mlops/project/project/lib/python3.10/site-packages/airflow/example_dags/example_skip_dag.py
[2024-03-12T23:45:19.992-0400] {processor.py:830} INFO - Processing file /home/ironbong_jr/mlops/project/project/lib/python3.10/site-packages/airflow/example_dags/example_skip_dag.py for tasks to queue
[2024-03-12T23:45:19.994-0400] {logging_mixin.py:188} INFO - [2024-03-12T23:45:19.993-0400] {dagbag.py:540} INFO - Filling up the DagBag from /home/ironbong_jr/mlops/project/project/lib/python3.10/site-packages/airflow/example_dags/example_skip_dag.py
[2024-03-12T23:45:20.018-0400] {processor.py:840} INFO - DAG(s) 'example_skip_dag' retrieved from /home/ironbong_jr/mlops/project/project/lib/python3.10/site-packages/airflow/example_dags/example_skip_dag.py
[2024-03-12T23:45:20.071-0400] {logging_mixin.py:188} INFO - [2024-03-12T23:45:20.070-0400] {dag.py:3047} INFO - Sync 1 DAGs
[2024-03-12T23:45:20.122-0400] {logging_mixin.py:188} INFO - [2024-03-12T23:45:20.122-0400] {dag.py:3834} INFO - Setting next_dagrun for example_skip_dag to 2024-03-12 00:00:00+00:00, run_after=2024-03-13 00:00:00+00:00
[2024-03-12T23:45:20.216-0400] {processor.py:183} INFO - Processing /home/ironbong_jr/mlops/project/project/lib/python3.10/site-packages/airflow/example_dags/example_skip_dag.py took 0.282 seconds
[2024-03-12T23:47:17.872-0400] {processor.py:161} INFO - Started process (PID=423066) to work on /home/ironbong_jr/mlops/project/project/lib/python3.10/site-packages/airflow/example_dags/example_skip_dag.py
[2024-03-12T23:47:17.876-0400] {processor.py:830} INFO - Processing file /home/ironbong_jr/mlops/project/project/lib/python3.10/site-packages/airflow/example_dags/example_skip_dag.py for tasks to queue
[2024-03-12T23:47:17.879-0400] {logging_mixin.py:188} INFO - [2024-03-12T23:47:17.878-0400] {dagbag.py:540} INFO - Filling up the DagBag from /home/ironbong_jr/mlops/project/project/lib/python3.10/site-packages/airflow/example_dags/example_skip_dag.py
[2024-03-12T23:47:17.890-0400] {processor.py:840} INFO - DAG(s) 'example_skip_dag' retrieved from /home/ironbong_jr/mlops/project/project/lib/python3.10/site-packages/airflow/example_dags/example_skip_dag.py
[2024-03-12T23:47:17.923-0400] {logging_mixin.py:188} INFO - [2024-03-12T23:47:17.922-0400] {dag.py:3047} INFO - Sync 1 DAGs
[2024-03-12T23:47:17.963-0400] {logging_mixin.py:188} INFO - [2024-03-12T23:47:17.963-0400] {dag.py:3834} INFO - Setting next_dagrun for example_skip_dag to 2024-03-12 00:00:00+00:00, run_after=2024-03-13 00:00:00+00:00
[2024-03-12T23:47:18.079-0400] {processor.py:183} INFO - Processing /home/ironbong_jr/mlops/project/project/lib/python3.10/site-packages/airflow/example_dags/example_skip_dag.py took 0.211 seconds
[2024-03-12T23:49:05.645-0400] {processor.py:161} INFO - Started process (PID=423535) to work on /home/ironbong_jr/mlops/project/project/lib/python3.10/site-packages/airflow/example_dags/example_skip_dag.py
[2024-03-12T23:49:05.696-0400] {processor.py:830} INFO - Processing file /home/ironbong_jr/mlops/project/project/lib/python3.10/site-packages/airflow/example_dags/example_skip_dag.py for tasks to queue
[2024-03-12T23:49:05.701-0400] {logging_mixin.py:188} INFO - [2024-03-12T23:49:05.700-0400] {dagbag.py:540} INFO - Filling up the DagBag from /home/ironbong_jr/mlops/project/project/lib/python3.10/site-packages/airflow/example_dags/example_skip_dag.py
[2024-03-12T23:49:05.725-0400] {processor.py:840} INFO - DAG(s) 'example_skip_dag' retrieved from /home/ironbong_jr/mlops/project/project/lib/python3.10/site-packages/airflow/example_dags/example_skip_dag.py
[2024-03-12T23:49:05.766-0400] {logging_mixin.py:188} INFO - [2024-03-12T23:49:05.766-0400] {dag.py:3047} INFO - Sync 1 DAGs
[2024-03-12T23:49:05.806-0400] {logging_mixin.py:188} INFO - [2024-03-12T23:49:05.805-0400] {dag.py:3834} INFO - Setting next_dagrun for example_skip_dag to 2024-03-12 00:00:00+00:00, run_after=2024-03-13 00:00:00+00:00
[2024-03-12T23:49:05.922-0400] {processor.py:183} INFO - Processing /home/ironbong_jr/mlops/project/project/lib/python3.10/site-packages/airflow/example_dags/example_skip_dag.py took 0.284 seconds
[2024-03-12T23:50:33.243-0400] {processor.py:161} INFO - Started process (PID=424009) to work on /home/ironbong_jr/mlops/project/project/lib/python3.10/site-packages/airflow/example_dags/example_skip_dag.py
[2024-03-12T23:50:33.246-0400] {processor.py:830} INFO - Processing file /home/ironbong_jr/mlops/project/project/lib/python3.10/site-packages/airflow/example_dags/example_skip_dag.py for tasks to queue
[2024-03-12T23:50:33.249-0400] {logging_mixin.py:188} INFO - [2024-03-12T23:50:33.248-0400] {dagbag.py:540} INFO - Filling up the DagBag from /home/ironbong_jr/mlops/project/project/lib/python3.10/site-packages/airflow/example_dags/example_skip_dag.py
[2024-03-12T23:50:33.270-0400] {processor.py:840} INFO - DAG(s) 'example_skip_dag' retrieved from /home/ironbong_jr/mlops/project/project/lib/python3.10/site-packages/airflow/example_dags/example_skip_dag.py
[2024-03-12T23:50:33.310-0400] {logging_mixin.py:188} INFO - [2024-03-12T23:50:33.310-0400] {dag.py:3047} INFO - Sync 1 DAGs
[2024-03-12T23:50:33.358-0400] {logging_mixin.py:188} INFO - [2024-03-12T23:50:33.358-0400] {dag.py:3834} INFO - Setting next_dagrun for example_skip_dag to 2024-03-12 00:00:00+00:00, run_after=2024-03-13 00:00:00+00:00
[2024-03-12T23:50:33.471-0400] {processor.py:183} INFO - Processing /home/ironbong_jr/mlops/project/project/lib/python3.10/site-packages/airflow/example_dags/example_skip_dag.py took 0.235 seconds
[2024-03-12T23:51:57.232-0400] {processor.py:161} INFO - Started process (PID=424387) to work on /home/ironbong_jr/mlops/project/project/lib/python3.10/site-packages/airflow/example_dags/example_skip_dag.py
[2024-03-12T23:51:57.278-0400] {processor.py:830} INFO - Processing file /home/ironbong_jr/mlops/project/project/lib/python3.10/site-packages/airflow/example_dags/example_skip_dag.py for tasks to queue
[2024-03-12T23:51:57.281-0400] {logging_mixin.py:188} INFO - [2024-03-12T23:51:57.280-0400] {dagbag.py:540} INFO - Filling up the DagBag from /home/ironbong_jr/mlops/project/project/lib/python3.10/site-packages/airflow/example_dags/example_skip_dag.py
[2024-03-12T23:51:57.300-0400] {processor.py:840} INFO - DAG(s) 'example_skip_dag' retrieved from /home/ironbong_jr/mlops/project/project/lib/python3.10/site-packages/airflow/example_dags/example_skip_dag.py
[2024-03-12T23:51:57.353-0400] {logging_mixin.py:188} INFO - [2024-03-12T23:51:57.353-0400] {dag.py:3047} INFO - Sync 1 DAGs
[2024-03-12T23:51:57.386-0400] {logging_mixin.py:188} INFO - [2024-03-12T23:51:57.386-0400] {dag.py:3834} INFO - Setting next_dagrun for example_skip_dag to 2024-03-12 00:00:00+00:00, run_after=2024-03-13 00:00:00+00:00
[2024-03-12T23:51:57.498-0400] {processor.py:183} INFO - Processing /home/ironbong_jr/mlops/project/project/lib/python3.10/site-packages/airflow/example_dags/example_skip_dag.py took 0.278 seconds
[2024-03-12T23:53:24.950-0400] {processor.py:161} INFO - Started process (PID=424935) to work on /home/ironbong_jr/mlops/project/project/lib/python3.10/site-packages/airflow/example_dags/example_skip_dag.py
[2024-03-12T23:53:25.004-0400] {processor.py:830} INFO - Processing file /home/ironbong_jr/mlops/project/project/lib/python3.10/site-packages/airflow/example_dags/example_skip_dag.py for tasks to queue
[2024-03-12T23:53:25.008-0400] {logging_mixin.py:188} INFO - [2024-03-12T23:53:25.006-0400] {dagbag.py:540} INFO - Filling up the DagBag from /home/ironbong_jr/mlops/project/project/lib/python3.10/site-packages/airflow/example_dags/example_skip_dag.py
[2024-03-12T23:53:25.034-0400] {processor.py:840} INFO - DAG(s) 'example_skip_dag' retrieved from /home/ironbong_jr/mlops/project/project/lib/python3.10/site-packages/airflow/example_dags/example_skip_dag.py
[2024-03-12T23:53:25.065-0400] {logging_mixin.py:188} INFO - [2024-03-12T23:53:25.065-0400] {dag.py:3047} INFO - Sync 1 DAGs
[2024-03-12T23:53:25.095-0400] {logging_mixin.py:188} INFO - [2024-03-12T23:53:25.095-0400] {dag.py:3834} INFO - Setting next_dagrun for example_skip_dag to 2024-03-12 00:00:00+00:00, run_after=2024-03-13 00:00:00+00:00
[2024-03-12T23:53:25.187-0400] {processor.py:183} INFO - Processing /home/ironbong_jr/mlops/project/project/lib/python3.10/site-packages/airflow/example_dags/example_skip_dag.py took 0.243 seconds
[2024-03-12T23:55:02.382-0400] {processor.py:161} INFO - Started process (PID=425354) to work on /home/ironbong_jr/mlops/project/project/lib/python3.10/site-packages/airflow/example_dags/example_skip_dag.py
[2024-03-12T23:55:02.386-0400] {processor.py:830} INFO - Processing file /home/ironbong_jr/mlops/project/project/lib/python3.10/site-packages/airflow/example_dags/example_skip_dag.py for tasks to queue
[2024-03-12T23:55:02.388-0400] {logging_mixin.py:188} INFO - [2024-03-12T23:55:02.387-0400] {dagbag.py:540} INFO - Filling up the DagBag from /home/ironbong_jr/mlops/project/project/lib/python3.10/site-packages/airflow/example_dags/example_skip_dag.py
[2024-03-12T23:55:02.401-0400] {processor.py:840} INFO - DAG(s) 'example_skip_dag' retrieved from /home/ironbong_jr/mlops/project/project/lib/python3.10/site-packages/airflow/example_dags/example_skip_dag.py
[2024-03-12T23:55:02.431-0400] {logging_mixin.py:188} INFO - [2024-03-12T23:55:02.430-0400] {dag.py:3047} INFO - Sync 1 DAGs
[2024-03-12T23:55:02.481-0400] {logging_mixin.py:188} INFO - [2024-03-12T23:55:02.480-0400] {dag.py:3834} INFO - Setting next_dagrun for example_skip_dag to 2024-03-12 00:00:00+00:00, run_after=2024-03-13 00:00:00+00:00
[2024-03-12T23:55:02.585-0400] {processor.py:183} INFO - Processing /home/ironbong_jr/mlops/project/project/lib/python3.10/site-packages/airflow/example_dags/example_skip_dag.py took 0.209 seconds
[2024-03-13T00:28:54.882-0400] {processor.py:161} INFO - Started process (PID=432531) to work on /home/ironbong_jr/mlops/project/project/lib/python3.10/site-packages/airflow/example_dags/example_skip_dag.py
[2024-03-13T00:28:54.886-0400] {processor.py:830} INFO - Processing file /home/ironbong_jr/mlops/project/project/lib/python3.10/site-packages/airflow/example_dags/example_skip_dag.py for tasks to queue
[2024-03-13T00:28:54.887-0400] {logging_mixin.py:188} INFO - [2024-03-13T00:28:54.886-0400] {dagbag.py:540} INFO - Filling up the DagBag from /home/ironbong_jr/mlops/project/project/lib/python3.10/site-packages/airflow/example_dags/example_skip_dag.py
[2024-03-13T00:28:54.913-0400] {processor.py:840} INFO - DAG(s) 'example_skip_dag' retrieved from /home/ironbong_jr/mlops/project/project/lib/python3.10/site-packages/airflow/example_dags/example_skip_dag.py
[2024-03-13T00:28:55.153-0400] {logging_mixin.py:188} INFO - [2024-03-13T00:28:55.152-0400] {dag.py:3047} INFO - Sync 1 DAGs
[2024-03-13T00:28:55.424-0400] {logging_mixin.py:188} INFO - [2024-03-13T00:28:55.424-0400] {dag.py:3834} INFO - Setting next_dagrun for example_skip_dag to 2024-03-12 00:00:00+00:00, run_after=2024-03-13 00:00:00+00:00
[2024-03-13T00:28:55.526-0400] {processor.py:183} INFO - Processing /home/ironbong_jr/mlops/project/project/lib/python3.10/site-packages/airflow/example_dags/example_skip_dag.py took 0.652 seconds
[2024-03-13T00:31:16.355-0400] {processor.py:161} INFO - Started process (PID=433155) to work on /home/ironbong_jr/mlops/project/project/lib/python3.10/site-packages/airflow/example_dags/example_skip_dag.py
[2024-03-13T00:31:16.405-0400] {processor.py:830} INFO - Processing file /home/ironbong_jr/mlops/project/project/lib/python3.10/site-packages/airflow/example_dags/example_skip_dag.py for tasks to queue
[2024-03-13T00:31:16.408-0400] {logging_mixin.py:188} INFO - [2024-03-13T00:31:16.406-0400] {dagbag.py:540} INFO - Filling up the DagBag from /home/ironbong_jr/mlops/project/project/lib/python3.10/site-packages/airflow/example_dags/example_skip_dag.py
[2024-03-13T00:31:16.431-0400] {processor.py:840} INFO - DAG(s) 'example_skip_dag' retrieved from /home/ironbong_jr/mlops/project/project/lib/python3.10/site-packages/airflow/example_dags/example_skip_dag.py
[2024-03-13T00:31:16.501-0400] {logging_mixin.py:188} INFO - [2024-03-13T00:31:16.500-0400] {dag.py:3047} INFO - Sync 1 DAGs
[2024-03-13T00:31:16.529-0400] {logging_mixin.py:188} INFO - [2024-03-13T00:31:16.529-0400] {dag.py:3834} INFO - Setting next_dagrun for example_skip_dag to 2024-03-12 00:00:00+00:00, run_after=2024-03-13 00:00:00+00:00
[2024-03-13T00:31:16.737-0400] {processor.py:183} INFO - Processing /home/ironbong_jr/mlops/project/project/lib/python3.10/site-packages/airflow/example_dags/example_skip_dag.py took 0.387 seconds
[2024-03-13T00:35:38.285-0400] {processor.py:161} INFO - Started process (PID=434265) to work on /home/ironbong_jr/mlops/project/project/lib/python3.10/site-packages/airflow/example_dags/example_skip_dag.py
[2024-03-13T00:35:38.338-0400] {processor.py:830} INFO - Processing file /home/ironbong_jr/mlops/project/project/lib/python3.10/site-packages/airflow/example_dags/example_skip_dag.py for tasks to queue
[2024-03-13T00:35:38.343-0400] {logging_mixin.py:188} INFO - [2024-03-13T00:35:38.341-0400] {dagbag.py:540} INFO - Filling up the DagBag from /home/ironbong_jr/mlops/project/project/lib/python3.10/site-packages/airflow/example_dags/example_skip_dag.py
[2024-03-13T00:35:38.365-0400] {processor.py:840} INFO - DAG(s) 'example_skip_dag' retrieved from /home/ironbong_jr/mlops/project/project/lib/python3.10/site-packages/airflow/example_dags/example_skip_dag.py
[2024-03-13T00:35:38.485-0400] {logging_mixin.py:188} INFO - [2024-03-13T00:35:38.484-0400] {dag.py:3047} INFO - Sync 1 DAGs
[2024-03-13T00:35:38.527-0400] {logging_mixin.py:188} INFO - [2024-03-13T00:35:38.527-0400] {dag.py:3834} INFO - Setting next_dagrun for example_skip_dag to 2024-03-12 00:00:00+00:00, run_after=2024-03-13 00:00:00+00:00
[2024-03-13T00:35:38.573-0400] {processor.py:183} INFO - Processing /home/ironbong_jr/mlops/project/project/lib/python3.10/site-packages/airflow/example_dags/example_skip_dag.py took 0.299 seconds
[2024-03-13T00:36:54.287-0400] {processor.py:161} INFO - Started process (PID=434597) to work on /home/ironbong_jr/mlops/project/project/lib/python3.10/site-packages/airflow/example_dags/example_skip_dag.py
[2024-03-13T00:36:54.338-0400] {processor.py:830} INFO - Processing file /home/ironbong_jr/mlops/project/project/lib/python3.10/site-packages/airflow/example_dags/example_skip_dag.py for tasks to queue
[2024-03-13T00:36:54.341-0400] {logging_mixin.py:188} INFO - [2024-03-13T00:36:54.340-0400] {dagbag.py:540} INFO - Filling up the DagBag from /home/ironbong_jr/mlops/project/project/lib/python3.10/site-packages/airflow/example_dags/example_skip_dag.py
[2024-03-13T00:36:54.356-0400] {processor.py:840} INFO - DAG(s) 'example_skip_dag' retrieved from /home/ironbong_jr/mlops/project/project/lib/python3.10/site-packages/airflow/example_dags/example_skip_dag.py
[2024-03-13T00:36:54.392-0400] {logging_mixin.py:188} INFO - [2024-03-13T00:36:54.391-0400] {dag.py:3047} INFO - Sync 1 DAGs
[2024-03-13T00:36:54.423-0400] {logging_mixin.py:188} INFO - [2024-03-13T00:36:54.422-0400] {dag.py:3834} INFO - Setting next_dagrun for example_skip_dag to 2024-03-12 00:00:00+00:00, run_after=2024-03-13 00:00:00+00:00
[2024-03-13T00:36:54.464-0400] {processor.py:183} INFO - Processing /home/ironbong_jr/mlops/project/project/lib/python3.10/site-packages/airflow/example_dags/example_skip_dag.py took 0.186 seconds
[2024-03-13T00:39:04.105-0400] {processor.py:161} INFO - Started process (PID=435230) to work on /home/ironbong_jr/mlops/project/project/lib/python3.10/site-packages/airflow/example_dags/example_skip_dag.py
[2024-03-13T00:39:04.152-0400] {processor.py:830} INFO - Processing file /home/ironbong_jr/mlops/project/project/lib/python3.10/site-packages/airflow/example_dags/example_skip_dag.py for tasks to queue
[2024-03-13T00:39:04.154-0400] {logging_mixin.py:188} INFO - [2024-03-13T00:39:04.153-0400] {dagbag.py:540} INFO - Filling up the DagBag from /home/ironbong_jr/mlops/project/project/lib/python3.10/site-packages/airflow/example_dags/example_skip_dag.py
[2024-03-13T00:39:04.172-0400] {processor.py:840} INFO - DAG(s) 'example_skip_dag' retrieved from /home/ironbong_jr/mlops/project/project/lib/python3.10/site-packages/airflow/example_dags/example_skip_dag.py
[2024-03-13T00:39:04.212-0400] {logging_mixin.py:188} INFO - [2024-03-13T00:39:04.211-0400] {dag.py:3047} INFO - Sync 1 DAGs
[2024-03-13T00:39:04.238-0400] {logging_mixin.py:188} INFO - [2024-03-13T00:39:04.237-0400] {dag.py:3834} INFO - Setting next_dagrun for example_skip_dag to 2024-03-12 00:00:00+00:00, run_after=2024-03-13 00:00:00+00:00
[2024-03-13T00:39:04.287-0400] {processor.py:183} INFO - Processing /home/ironbong_jr/mlops/project/project/lib/python3.10/site-packages/airflow/example_dags/example_skip_dag.py took 0.187 seconds
[2024-03-13T00:40:40.702-0400] {processor.py:161} INFO - Started process (PID=435659) to work on /home/ironbong_jr/mlops/project/project/lib/python3.10/site-packages/airflow/example_dags/example_skip_dag.py
[2024-03-13T00:40:40.754-0400] {processor.py:830} INFO - Processing file /home/ironbong_jr/mlops/project/project/lib/python3.10/site-packages/airflow/example_dags/example_skip_dag.py for tasks to queue
[2024-03-13T00:40:40.756-0400] {logging_mixin.py:188} INFO - [2024-03-13T00:40:40.755-0400] {dagbag.py:540} INFO - Filling up the DagBag from /home/ironbong_jr/mlops/project/project/lib/python3.10/site-packages/airflow/example_dags/example_skip_dag.py
[2024-03-13T00:40:40.796-0400] {processor.py:840} INFO - DAG(s) 'example_skip_dag' retrieved from /home/ironbong_jr/mlops/project/project/lib/python3.10/site-packages/airflow/example_dags/example_skip_dag.py
[2024-03-13T00:40:40.825-0400] {logging_mixin.py:188} INFO - [2024-03-13T00:40:40.825-0400] {dag.py:3047} INFO - Sync 1 DAGs
[2024-03-13T00:40:40.848-0400] {logging_mixin.py:188} INFO - [2024-03-13T00:40:40.848-0400] {dag.py:3834} INFO - Setting next_dagrun for example_skip_dag to 2024-03-12 00:00:00+00:00, run_after=2024-03-13 00:00:00+00:00
[2024-03-13T00:40:40.937-0400] {processor.py:183} INFO - Processing /home/ironbong_jr/mlops/project/project/lib/python3.10/site-packages/airflow/example_dags/example_skip_dag.py took 0.250 seconds
[2024-03-13T00:43:56.339-0400] {processor.py:161} INFO - Started process (PID=436574) to work on /home/ironbong_jr/mlops/project/project/lib/python3.10/site-packages/airflow/example_dags/example_skip_dag.py
[2024-03-13T00:43:56.392-0400] {processor.py:830} INFO - Processing file /home/ironbong_jr/mlops/project/project/lib/python3.10/site-packages/airflow/example_dags/example_skip_dag.py for tasks to queue
[2024-03-13T00:43:56.395-0400] {logging_mixin.py:188} INFO - [2024-03-13T00:43:56.394-0400] {dagbag.py:540} INFO - Filling up the DagBag from /home/ironbong_jr/mlops/project/project/lib/python3.10/site-packages/airflow/example_dags/example_skip_dag.py
[2024-03-13T00:43:56.408-0400] {processor.py:840} INFO - DAG(s) 'example_skip_dag' retrieved from /home/ironbong_jr/mlops/project/project/lib/python3.10/site-packages/airflow/example_dags/example_skip_dag.py
[2024-03-13T00:43:56.433-0400] {logging_mixin.py:188} INFO - [2024-03-13T00:43:56.432-0400] {dag.py:3047} INFO - Sync 1 DAGs
[2024-03-13T00:43:56.453-0400] {logging_mixin.py:188} INFO - [2024-03-13T00:43:56.453-0400] {dag.py:3834} INFO - Setting next_dagrun for example_skip_dag to 2024-03-12 00:00:00+00:00, run_after=2024-03-13 00:00:00+00:00
[2024-03-13T00:43:56.494-0400] {processor.py:183} INFO - Processing /home/ironbong_jr/mlops/project/project/lib/python3.10/site-packages/airflow/example_dags/example_skip_dag.py took 0.161 seconds
[2024-03-13T00:45:16.356-0400] {processor.py:161} INFO - Started process (PID=436922) to work on /home/ironbong_jr/mlops/project/project/lib/python3.10/site-packages/airflow/example_dags/example_skip_dag.py
[2024-03-13T00:45:16.402-0400] {processor.py:830} INFO - Processing file /home/ironbong_jr/mlops/project/project/lib/python3.10/site-packages/airflow/example_dags/example_skip_dag.py for tasks to queue
[2024-03-13T00:45:16.404-0400] {logging_mixin.py:188} INFO - [2024-03-13T00:45:16.403-0400] {dagbag.py:540} INFO - Filling up the DagBag from /home/ironbong_jr/mlops/project/project/lib/python3.10/site-packages/airflow/example_dags/example_skip_dag.py
[2024-03-13T00:45:16.413-0400] {processor.py:840} INFO - DAG(s) 'example_skip_dag' retrieved from /home/ironbong_jr/mlops/project/project/lib/python3.10/site-packages/airflow/example_dags/example_skip_dag.py
[2024-03-13T00:45:16.448-0400] {logging_mixin.py:188} INFO - [2024-03-13T00:45:16.447-0400] {dag.py:3047} INFO - Sync 1 DAGs
[2024-03-13T00:45:16.474-0400] {logging_mixin.py:188} INFO - [2024-03-13T00:45:16.473-0400] {dag.py:3834} INFO - Setting next_dagrun for example_skip_dag to 2024-03-12 00:00:00+00:00, run_after=2024-03-13 00:00:00+00:00
[2024-03-13T00:45:16.516-0400] {processor.py:183} INFO - Processing /home/ironbong_jr/mlops/project/project/lib/python3.10/site-packages/airflow/example_dags/example_skip_dag.py took 0.165 seconds
[2024-03-13T15:49:05.003-0400] {processor.py:161} INFO - Started process (PID=453700) to work on /home/ironbong_jr/mlops/project/project/lib/python3.10/site-packages/airflow/example_dags/example_skip_dag.py
[2024-03-13T15:49:05.006-0400] {processor.py:830} INFO - Processing file /home/ironbong_jr/mlops/project/project/lib/python3.10/site-packages/airflow/example_dags/example_skip_dag.py for tasks to queue
[2024-03-13T15:49:05.007-0400] {logging_mixin.py:188} INFO - [2024-03-13T15:49:05.006-0400] {dagbag.py:540} INFO - Filling up the DagBag from /home/ironbong_jr/mlops/project/project/lib/python3.10/site-packages/airflow/example_dags/example_skip_dag.py
[2024-03-13T15:49:05.012-0400] {processor.py:840} INFO - DAG(s) 'example_skip_dag' retrieved from /home/ironbong_jr/mlops/project/project/lib/python3.10/site-packages/airflow/example_dags/example_skip_dag.py
[2024-03-13T15:49:05.017-0400] {logging_mixin.py:188} INFO - [2024-03-13T15:49:05.017-0400] {dag.py:3047} INFO - Sync 1 DAGs
[2024-03-13T15:49:05.027-0400] {logging_mixin.py:188} INFO - [2024-03-13T15:49:05.027-0400] {dag.py:3834} INFO - Setting next_dagrun for example_skip_dag to 2024-03-12 00:00:00+00:00, run_after=2024-03-13 00:00:00+00:00
[2024-03-13T15:49:05.051-0400] {processor.py:183} INFO - Processing /home/ironbong_jr/mlops/project/project/lib/python3.10/site-packages/airflow/example_dags/example_skip_dag.py took 0.050 seconds
[2024-03-13T15:50:04.999-0400] {processor.py:161} INFO - Started process (PID=454008) to work on /home/ironbong_jr/mlops/project/project/lib/python3.10/site-packages/airflow/example_dags/example_skip_dag.py
[2024-03-13T15:50:05.002-0400] {processor.py:830} INFO - Processing file /home/ironbong_jr/mlops/project/project/lib/python3.10/site-packages/airflow/example_dags/example_skip_dag.py for tasks to queue
[2024-03-13T15:50:05.003-0400] {logging_mixin.py:188} INFO - [2024-03-13T15:50:05.003-0400] {dagbag.py:540} INFO - Filling up the DagBag from /home/ironbong_jr/mlops/project/project/lib/python3.10/site-packages/airflow/example_dags/example_skip_dag.py
[2024-03-13T15:50:05.008-0400] {processor.py:840} INFO - DAG(s) 'example_skip_dag' retrieved from /home/ironbong_jr/mlops/project/project/lib/python3.10/site-packages/airflow/example_dags/example_skip_dag.py
[2024-03-13T15:50:05.131-0400] {logging_mixin.py:188} INFO - [2024-03-13T15:50:05.131-0400] {dag.py:3047} INFO - Sync 1 DAGs
[2024-03-13T15:50:05.142-0400] {logging_mixin.py:188} INFO - [2024-03-13T15:50:05.142-0400] {dag.py:3834} INFO - Setting next_dagrun for example_skip_dag to 2024-03-12 00:00:00+00:00, run_after=2024-03-13 00:00:00+00:00
[2024-03-13T15:50:05.165-0400] {processor.py:183} INFO - Processing /home/ironbong_jr/mlops/project/project/lib/python3.10/site-packages/airflow/example_dags/example_skip_dag.py took 0.169 seconds
[2024-03-13T15:51:15.314-0400] {processor.py:161} INFO - Started process (PID=454431) to work on /home/ironbong_jr/mlops/project/project/lib/python3.10/site-packages/airflow/example_dags/example_skip_dag.py
[2024-03-13T15:51:15.316-0400] {processor.py:830} INFO - Processing file /home/ironbong_jr/mlops/project/project/lib/python3.10/site-packages/airflow/example_dags/example_skip_dag.py for tasks to queue
[2024-03-13T15:51:15.317-0400] {logging_mixin.py:188} INFO - [2024-03-13T15:51:15.317-0400] {dagbag.py:540} INFO - Filling up the DagBag from /home/ironbong_jr/mlops/project/project/lib/python3.10/site-packages/airflow/example_dags/example_skip_dag.py
[2024-03-13T15:51:15.321-0400] {processor.py:840} INFO - DAG(s) 'example_skip_dag' retrieved from /home/ironbong_jr/mlops/project/project/lib/python3.10/site-packages/airflow/example_dags/example_skip_dag.py
[2024-03-13T15:51:15.396-0400] {logging_mixin.py:188} INFO - [2024-03-13T15:51:15.396-0400] {dag.py:3047} INFO - Sync 1 DAGs
[2024-03-13T15:51:15.407-0400] {logging_mixin.py:188} INFO - [2024-03-13T15:51:15.407-0400] {dag.py:3834} INFO - Setting next_dagrun for example_skip_dag to 2024-03-12 00:00:00+00:00, run_after=2024-03-13 00:00:00+00:00
[2024-03-13T15:51:15.428-0400] {processor.py:183} INFO - Processing /home/ironbong_jr/mlops/project/project/lib/python3.10/site-packages/airflow/example_dags/example_skip_dag.py took 0.115 seconds
[2024-03-13T15:52:10.824-0400] {processor.py:161} INFO - Started process (PID=454724) to work on /home/ironbong_jr/mlops/project/project/lib/python3.10/site-packages/airflow/example_dags/example_skip_dag.py
[2024-03-13T15:52:10.827-0400] {processor.py:830} INFO - Processing file /home/ironbong_jr/mlops/project/project/lib/python3.10/site-packages/airflow/example_dags/example_skip_dag.py for tasks to queue
[2024-03-13T15:52:10.828-0400] {logging_mixin.py:188} INFO - [2024-03-13T15:52:10.828-0400] {dagbag.py:540} INFO - Filling up the DagBag from /home/ironbong_jr/mlops/project/project/lib/python3.10/site-packages/airflow/example_dags/example_skip_dag.py
[2024-03-13T15:52:10.833-0400] {processor.py:840} INFO - DAG(s) 'example_skip_dag' retrieved from /home/ironbong_jr/mlops/project/project/lib/python3.10/site-packages/airflow/example_dags/example_skip_dag.py
[2024-03-13T15:52:10.844-0400] {logging_mixin.py:188} INFO - [2024-03-13T15:52:10.844-0400] {dag.py:3047} INFO - Sync 1 DAGs
[2024-03-13T15:52:10.855-0400] {logging_mixin.py:188} INFO - [2024-03-13T15:52:10.855-0400] {dag.py:3834} INFO - Setting next_dagrun for example_skip_dag to 2024-03-12 00:00:00+00:00, run_after=2024-03-13 00:00:00+00:00
[2024-03-13T15:52:10.876-0400] {processor.py:183} INFO - Processing /home/ironbong_jr/mlops/project/project/lib/python3.10/site-packages/airflow/example_dags/example_skip_dag.py took 0.055 seconds
[2024-03-13T15:53:03.645-0400] {processor.py:161} INFO - Started process (PID=455001) to work on /home/ironbong_jr/mlops/project/project/lib/python3.10/site-packages/airflow/example_dags/example_skip_dag.py
[2024-03-13T15:53:03.648-0400] {processor.py:830} INFO - Processing file /home/ironbong_jr/mlops/project/project/lib/python3.10/site-packages/airflow/example_dags/example_skip_dag.py for tasks to queue
[2024-03-13T15:53:03.649-0400] {logging_mixin.py:188} INFO - [2024-03-13T15:53:03.649-0400] {dagbag.py:540} INFO - Filling up the DagBag from /home/ironbong_jr/mlops/project/project/lib/python3.10/site-packages/airflow/example_dags/example_skip_dag.py
[2024-03-13T15:53:03.654-0400] {processor.py:840} INFO - DAG(s) 'example_skip_dag' retrieved from /home/ironbong_jr/mlops/project/project/lib/python3.10/site-packages/airflow/example_dags/example_skip_dag.py
[2024-03-13T15:53:03.664-0400] {logging_mixin.py:188} INFO - [2024-03-13T15:53:03.664-0400] {dag.py:3047} INFO - Sync 1 DAGs
[2024-03-13T15:53:03.676-0400] {logging_mixin.py:188} INFO - [2024-03-13T15:53:03.676-0400] {dag.py:3834} INFO - Setting next_dagrun for example_skip_dag to 2024-03-12 00:00:00+00:00, run_after=2024-03-13 00:00:00+00:00
[2024-03-13T15:53:03.698-0400] {processor.py:183} INFO - Processing /home/ironbong_jr/mlops/project/project/lib/python3.10/site-packages/airflow/example_dags/example_skip_dag.py took 0.055 seconds
[2024-03-13T15:53:58.031-0400] {processor.py:161} INFO - Started process (PID=455270) to work on /home/ironbong_jr/mlops/project/project/lib/python3.10/site-packages/airflow/example_dags/example_skip_dag.py
[2024-03-13T15:53:58.035-0400] {processor.py:830} INFO - Processing file /home/ironbong_jr/mlops/project/project/lib/python3.10/site-packages/airflow/example_dags/example_skip_dag.py for tasks to queue
[2024-03-13T15:53:58.035-0400] {logging_mixin.py:188} INFO - [2024-03-13T15:53:58.035-0400] {dagbag.py:540} INFO - Filling up the DagBag from /home/ironbong_jr/mlops/project/project/lib/python3.10/site-packages/airflow/example_dags/example_skip_dag.py
[2024-03-13T15:53:58.040-0400] {processor.py:840} INFO - DAG(s) 'example_skip_dag' retrieved from /home/ironbong_jr/mlops/project/project/lib/python3.10/site-packages/airflow/example_dags/example_skip_dag.py
[2024-03-13T15:53:58.049-0400] {logging_mixin.py:188} INFO - [2024-03-13T15:53:58.049-0400] {dag.py:3047} INFO - Sync 1 DAGs
[2024-03-13T15:53:58.060-0400] {logging_mixin.py:188} INFO - [2024-03-13T15:53:58.060-0400] {dag.py:3834} INFO - Setting next_dagrun for example_skip_dag to 2024-03-12 00:00:00+00:00, run_after=2024-03-13 00:00:00+00:00
[2024-03-13T15:53:58.082-0400] {processor.py:183} INFO - Processing /home/ironbong_jr/mlops/project/project/lib/python3.10/site-packages/airflow/example_dags/example_skip_dag.py took 0.053 seconds
[2024-03-13T15:54:51.393-0400] {processor.py:161} INFO - Started process (PID=455535) to work on /home/ironbong_jr/mlops/project/project/lib/python3.10/site-packages/airflow/example_dags/example_skip_dag.py
[2024-03-13T15:54:51.395-0400] {processor.py:830} INFO - Processing file /home/ironbong_jr/mlops/project/project/lib/python3.10/site-packages/airflow/example_dags/example_skip_dag.py for tasks to queue
[2024-03-13T15:54:51.397-0400] {logging_mixin.py:188} INFO - [2024-03-13T15:54:51.397-0400] {dagbag.py:540} INFO - Filling up the DagBag from /home/ironbong_jr/mlops/project/project/lib/python3.10/site-packages/airflow/example_dags/example_skip_dag.py
[2024-03-13T15:54:51.403-0400] {processor.py:840} INFO - DAG(s) 'example_skip_dag' retrieved from /home/ironbong_jr/mlops/project/project/lib/python3.10/site-packages/airflow/example_dags/example_skip_dag.py
[2024-03-13T15:54:51.415-0400] {logging_mixin.py:188} INFO - [2024-03-13T15:54:51.415-0400] {dag.py:3047} INFO - Sync 1 DAGs
[2024-03-13T15:54:51.432-0400] {logging_mixin.py:188} INFO - [2024-03-13T15:54:51.432-0400] {dag.py:3834} INFO - Setting next_dagrun for example_skip_dag to 2024-03-12 00:00:00+00:00, run_after=2024-03-13 00:00:00+00:00
[2024-03-13T15:54:51.461-0400] {processor.py:183} INFO - Processing /home/ironbong_jr/mlops/project/project/lib/python3.10/site-packages/airflow/example_dags/example_skip_dag.py took 0.070 seconds
[2024-03-13T15:55:42.022-0400] {processor.py:161} INFO - Started process (PID=455796) to work on /home/ironbong_jr/mlops/project/project/lib/python3.10/site-packages/airflow/example_dags/example_skip_dag.py
[2024-03-13T15:55:42.023-0400] {processor.py:830} INFO - Processing file /home/ironbong_jr/mlops/project/project/lib/python3.10/site-packages/airflow/example_dags/example_skip_dag.py for tasks to queue
[2024-03-13T15:55:42.024-0400] {logging_mixin.py:188} INFO - [2024-03-13T15:55:42.023-0400] {dagbag.py:540} INFO - Filling up the DagBag from /home/ironbong_jr/mlops/project/project/lib/python3.10/site-packages/airflow/example_dags/example_skip_dag.py
[2024-03-13T15:55:42.029-0400] {processor.py:840} INFO - DAG(s) 'example_skip_dag' retrieved from /home/ironbong_jr/mlops/project/project/lib/python3.10/site-packages/airflow/example_dags/example_skip_dag.py
[2024-03-13T15:55:42.038-0400] {logging_mixin.py:188} INFO - [2024-03-13T15:55:42.038-0400] {dag.py:3047} INFO - Sync 1 DAGs
[2024-03-13T15:55:42.051-0400] {logging_mixin.py:188} INFO - [2024-03-13T15:55:42.050-0400] {dag.py:3834} INFO - Setting next_dagrun for example_skip_dag to 2024-03-12 00:00:00+00:00, run_after=2024-03-13 00:00:00+00:00
[2024-03-13T15:55:42.078-0400] {processor.py:183} INFO - Processing /home/ironbong_jr/mlops/project/project/lib/python3.10/site-packages/airflow/example_dags/example_skip_dag.py took 0.059 seconds
[2024-03-13T15:56:32.480-0400] {processor.py:161} INFO - Started process (PID=456055) to work on /home/ironbong_jr/mlops/project/project/lib/python3.10/site-packages/airflow/example_dags/example_skip_dag.py
[2024-03-13T15:56:32.484-0400] {processor.py:830} INFO - Processing file /home/ironbong_jr/mlops/project/project/lib/python3.10/site-packages/airflow/example_dags/example_skip_dag.py for tasks to queue
[2024-03-13T15:56:32.485-0400] {logging_mixin.py:188} INFO - [2024-03-13T15:56:32.485-0400] {dagbag.py:540} INFO - Filling up the DagBag from /home/ironbong_jr/mlops/project/project/lib/python3.10/site-packages/airflow/example_dags/example_skip_dag.py
[2024-03-13T15:56:32.490-0400] {processor.py:840} INFO - DAG(s) 'example_skip_dag' retrieved from /home/ironbong_jr/mlops/project/project/lib/python3.10/site-packages/airflow/example_dags/example_skip_dag.py
[2024-03-13T15:56:32.502-0400] {logging_mixin.py:188} INFO - [2024-03-13T15:56:32.501-0400] {dag.py:3047} INFO - Sync 1 DAGs
[2024-03-13T15:56:32.522-0400] {logging_mixin.py:188} INFO - [2024-03-13T15:56:32.521-0400] {dag.py:3834} INFO - Setting next_dagrun for example_skip_dag to 2024-03-12 00:00:00+00:00, run_after=2024-03-13 00:00:00+00:00
[2024-03-13T15:56:32.548-0400] {processor.py:183} INFO - Processing /home/ironbong_jr/mlops/project/project/lib/python3.10/site-packages/airflow/example_dags/example_skip_dag.py took 0.071 seconds
[2024-03-13T15:57:22.109-0400] {processor.py:161} INFO - Started process (PID=456311) to work on /home/ironbong_jr/mlops/project/project/lib/python3.10/site-packages/airflow/example_dags/example_skip_dag.py
[2024-03-13T15:57:22.114-0400] {processor.py:830} INFO - Processing file /home/ironbong_jr/mlops/project/project/lib/python3.10/site-packages/airflow/example_dags/example_skip_dag.py for tasks to queue
[2024-03-13T15:57:22.116-0400] {logging_mixin.py:188} INFO - [2024-03-13T15:57:22.115-0400] {dagbag.py:540} INFO - Filling up the DagBag from /home/ironbong_jr/mlops/project/project/lib/python3.10/site-packages/airflow/example_dags/example_skip_dag.py
[2024-03-13T15:57:22.123-0400] {processor.py:840} INFO - DAG(s) 'example_skip_dag' retrieved from /home/ironbong_jr/mlops/project/project/lib/python3.10/site-packages/airflow/example_dags/example_skip_dag.py
[2024-03-13T15:57:22.137-0400] {logging_mixin.py:188} INFO - [2024-03-13T15:57:22.136-0400] {dag.py:3047} INFO - Sync 1 DAGs
[2024-03-13T15:57:22.155-0400] {logging_mixin.py:188} INFO - [2024-03-13T15:57:22.154-0400] {dag.py:3834} INFO - Setting next_dagrun for example_skip_dag to 2024-03-12 00:00:00+00:00, run_after=2024-03-13 00:00:00+00:00
[2024-03-13T15:57:22.183-0400] {processor.py:183} INFO - Processing /home/ironbong_jr/mlops/project/project/lib/python3.10/site-packages/airflow/example_dags/example_skip_dag.py took 0.076 seconds
[2024-03-13T15:58:14.500-0400] {processor.py:161} INFO - Started process (PID=456623) to work on /home/ironbong_jr/mlops/project/project/lib/python3.10/site-packages/airflow/example_dags/example_skip_dag.py
[2024-03-13T15:58:14.504-0400] {processor.py:830} INFO - Processing file /home/ironbong_jr/mlops/project/project/lib/python3.10/site-packages/airflow/example_dags/example_skip_dag.py for tasks to queue
[2024-03-13T15:58:14.504-0400] {logging_mixin.py:188} INFO - [2024-03-13T15:58:14.504-0400] {dagbag.py:540} INFO - Filling up the DagBag from /home/ironbong_jr/mlops/project/project/lib/python3.10/site-packages/airflow/example_dags/example_skip_dag.py
[2024-03-13T15:58:14.509-0400] {processor.py:840} INFO - DAG(s) 'example_skip_dag' retrieved from /home/ironbong_jr/mlops/project/project/lib/python3.10/site-packages/airflow/example_dags/example_skip_dag.py
[2024-03-13T15:58:14.519-0400] {logging_mixin.py:188} INFO - [2024-03-13T15:58:14.519-0400] {dag.py:3047} INFO - Sync 1 DAGs
[2024-03-13T15:58:14.535-0400] {logging_mixin.py:188} INFO - [2024-03-13T15:58:14.534-0400] {dag.py:3834} INFO - Setting next_dagrun for example_skip_dag to 2024-03-12 00:00:00+00:00, run_after=2024-03-13 00:00:00+00:00
[2024-03-13T15:58:14.562-0400] {processor.py:183} INFO - Processing /home/ironbong_jr/mlops/project/project/lib/python3.10/site-packages/airflow/example_dags/example_skip_dag.py took 0.063 seconds
[2024-03-13T15:59:06.084-0400] {processor.py:161} INFO - Started process (PID=456866) to work on /home/ironbong_jr/mlops/project/project/lib/python3.10/site-packages/airflow/example_dags/example_skip_dag.py
[2024-03-13T15:59:06.086-0400] {processor.py:830} INFO - Processing file /home/ironbong_jr/mlops/project/project/lib/python3.10/site-packages/airflow/example_dags/example_skip_dag.py for tasks to queue
[2024-03-13T15:59:06.086-0400] {logging_mixin.py:188} INFO - [2024-03-13T15:59:06.086-0400] {dagbag.py:540} INFO - Filling up the DagBag from /home/ironbong_jr/mlops/project/project/lib/python3.10/site-packages/airflow/example_dags/example_skip_dag.py
[2024-03-13T15:59:06.092-0400] {processor.py:840} INFO - DAG(s) 'example_skip_dag' retrieved from /home/ironbong_jr/mlops/project/project/lib/python3.10/site-packages/airflow/example_dags/example_skip_dag.py
[2024-03-13T15:59:06.104-0400] {logging_mixin.py:188} INFO - [2024-03-13T15:59:06.104-0400] {dag.py:3047} INFO - Sync 1 DAGs
[2024-03-13T15:59:06.119-0400] {logging_mixin.py:188} INFO - [2024-03-13T15:59:06.119-0400] {dag.py:3834} INFO - Setting next_dagrun for example_skip_dag to 2024-03-12 00:00:00+00:00, run_after=2024-03-13 00:00:00+00:00
[2024-03-13T15:59:06.141-0400] {processor.py:183} INFO - Processing /home/ironbong_jr/mlops/project/project/lib/python3.10/site-packages/airflow/example_dags/example_skip_dag.py took 0.060 seconds
[2024-03-13T15:59:56.930-0400] {processor.py:161} INFO - Started process (PID=457122) to work on /home/ironbong_jr/mlops/project/project/lib/python3.10/site-packages/airflow/example_dags/example_skip_dag.py
[2024-03-13T15:59:56.934-0400] {processor.py:830} INFO - Processing file /home/ironbong_jr/mlops/project/project/lib/python3.10/site-packages/airflow/example_dags/example_skip_dag.py for tasks to queue
[2024-03-13T15:59:56.936-0400] {logging_mixin.py:188} INFO - [2024-03-13T15:59:56.935-0400] {dagbag.py:540} INFO - Filling up the DagBag from /home/ironbong_jr/mlops/project/project/lib/python3.10/site-packages/airflow/example_dags/example_skip_dag.py
[2024-03-13T15:59:56.941-0400] {processor.py:840} INFO - DAG(s) 'example_skip_dag' retrieved from /home/ironbong_jr/mlops/project/project/lib/python3.10/site-packages/airflow/example_dags/example_skip_dag.py
[2024-03-13T15:59:56.952-0400] {logging_mixin.py:188} INFO - [2024-03-13T15:59:56.952-0400] {dag.py:3047} INFO - Sync 1 DAGs
[2024-03-13T15:59:56.965-0400] {logging_mixin.py:188} INFO - [2024-03-13T15:59:56.965-0400] {dag.py:3834} INFO - Setting next_dagrun for example_skip_dag to 2024-03-12 00:00:00+00:00, run_after=2024-03-13 00:00:00+00:00
[2024-03-13T15:59:56.991-0400] {processor.py:183} INFO - Processing /home/ironbong_jr/mlops/project/project/lib/python3.10/site-packages/airflow/example_dags/example_skip_dag.py took 0.063 seconds
[2024-03-13T16:00:47.635-0400] {processor.py:161} INFO - Started process (PID=457378) to work on /home/ironbong_jr/mlops/project/project/lib/python3.10/site-packages/airflow/example_dags/example_skip_dag.py
[2024-03-13T16:00:47.639-0400] {processor.py:830} INFO - Processing file /home/ironbong_jr/mlops/project/project/lib/python3.10/site-packages/airflow/example_dags/example_skip_dag.py for tasks to queue
[2024-03-13T16:00:47.640-0400] {logging_mixin.py:188} INFO - [2024-03-13T16:00:47.639-0400] {dagbag.py:540} INFO - Filling up the DagBag from /home/ironbong_jr/mlops/project/project/lib/python3.10/site-packages/airflow/example_dags/example_skip_dag.py
[2024-03-13T16:00:47.644-0400] {processor.py:840} INFO - DAG(s) 'example_skip_dag' retrieved from /home/ironbong_jr/mlops/project/project/lib/python3.10/site-packages/airflow/example_dags/example_skip_dag.py
[2024-03-13T16:00:47.654-0400] {logging_mixin.py:188} INFO - [2024-03-13T16:00:47.654-0400] {dag.py:3047} INFO - Sync 1 DAGs
[2024-03-13T16:00:47.665-0400] {logging_mixin.py:188} INFO - [2024-03-13T16:00:47.665-0400] {dag.py:3834} INFO - Setting next_dagrun for example_skip_dag to 2024-03-12 00:00:00+00:00, run_after=2024-03-13 00:00:00+00:00
[2024-03-13T16:00:47.688-0400] {processor.py:183} INFO - Processing /home/ironbong_jr/mlops/project/project/lib/python3.10/site-packages/airflow/example_dags/example_skip_dag.py took 0.055 seconds
[2024-03-13T16:01:38.495-0400] {processor.py:161} INFO - Started process (PID=457636) to work on /home/ironbong_jr/mlops/project/project/lib/python3.10/site-packages/airflow/example_dags/example_skip_dag.py
[2024-03-13T16:01:38.496-0400] {processor.py:830} INFO - Processing file /home/ironbong_jr/mlops/project/project/lib/python3.10/site-packages/airflow/example_dags/example_skip_dag.py for tasks to queue
[2024-03-13T16:01:38.497-0400] {logging_mixin.py:188} INFO - [2024-03-13T16:01:38.497-0400] {dagbag.py:540} INFO - Filling up the DagBag from /home/ironbong_jr/mlops/project/project/lib/python3.10/site-packages/airflow/example_dags/example_skip_dag.py
[2024-03-13T16:01:38.504-0400] {processor.py:840} INFO - DAG(s) 'example_skip_dag' retrieved from /home/ironbong_jr/mlops/project/project/lib/python3.10/site-packages/airflow/example_dags/example_skip_dag.py
[2024-03-13T16:01:38.517-0400] {logging_mixin.py:188} INFO - [2024-03-13T16:01:38.516-0400] {dag.py:3047} INFO - Sync 1 DAGs
[2024-03-13T16:01:38.532-0400] {logging_mixin.py:188} INFO - [2024-03-13T16:01:38.531-0400] {dag.py:3834} INFO - Setting next_dagrun for example_skip_dag to 2024-03-12 00:00:00+00:00, run_after=2024-03-13 00:00:00+00:00
[2024-03-13T16:01:38.559-0400] {processor.py:183} INFO - Processing /home/ironbong_jr/mlops/project/project/lib/python3.10/site-packages/airflow/example_dags/example_skip_dag.py took 0.066 seconds
[2024-03-13T16:02:28.987-0400] {processor.py:161} INFO - Started process (PID=457912) to work on /home/ironbong_jr/mlops/project/project/lib/python3.10/site-packages/airflow/example_dags/example_skip_dag.py
[2024-03-13T16:02:28.990-0400] {processor.py:830} INFO - Processing file /home/ironbong_jr/mlops/project/project/lib/python3.10/site-packages/airflow/example_dags/example_skip_dag.py for tasks to queue
[2024-03-13T16:02:28.991-0400] {logging_mixin.py:188} INFO - [2024-03-13T16:02:28.991-0400] {dagbag.py:540} INFO - Filling up the DagBag from /home/ironbong_jr/mlops/project/project/lib/python3.10/site-packages/airflow/example_dags/example_skip_dag.py
[2024-03-13T16:02:28.996-0400] {processor.py:840} INFO - DAG(s) 'example_skip_dag' retrieved from /home/ironbong_jr/mlops/project/project/lib/python3.10/site-packages/airflow/example_dags/example_skip_dag.py
[2024-03-13T16:02:29.007-0400] {logging_mixin.py:188} INFO - [2024-03-13T16:02:29.007-0400] {dag.py:3047} INFO - Sync 1 DAGs
[2024-03-13T16:02:29.022-0400] {logging_mixin.py:188} INFO - [2024-03-13T16:02:29.022-0400] {dag.py:3834} INFO - Setting next_dagrun for example_skip_dag to 2024-03-12 00:00:00+00:00, run_after=2024-03-13 00:00:00+00:00
[2024-03-13T16:02:29.050-0400] {processor.py:183} INFO - Processing /home/ironbong_jr/mlops/project/project/lib/python3.10/site-packages/airflow/example_dags/example_skip_dag.py took 0.065 seconds
[2024-03-13T16:03:19.039-0400] {processor.py:161} INFO - Started process (PID=458173) to work on /home/ironbong_jr/mlops/project/project/lib/python3.10/site-packages/airflow/example_dags/example_skip_dag.py
[2024-03-13T16:03:19.042-0400] {processor.py:830} INFO - Processing file /home/ironbong_jr/mlops/project/project/lib/python3.10/site-packages/airflow/example_dags/example_skip_dag.py for tasks to queue
[2024-03-13T16:03:19.043-0400] {logging_mixin.py:188} INFO - [2024-03-13T16:03:19.043-0400] {dagbag.py:540} INFO - Filling up the DagBag from /home/ironbong_jr/mlops/project/project/lib/python3.10/site-packages/airflow/example_dags/example_skip_dag.py
[2024-03-13T16:03:19.047-0400] {processor.py:840} INFO - DAG(s) 'example_skip_dag' retrieved from /home/ironbong_jr/mlops/project/project/lib/python3.10/site-packages/airflow/example_dags/example_skip_dag.py
[2024-03-13T16:03:19.057-0400] {logging_mixin.py:188} INFO - [2024-03-13T16:03:19.057-0400] {dag.py:3047} INFO - Sync 1 DAGs
[2024-03-13T16:03:19.068-0400] {logging_mixin.py:188} INFO - [2024-03-13T16:03:19.068-0400] {dag.py:3834} INFO - Setting next_dagrun for example_skip_dag to 2024-03-12 00:00:00+00:00, run_after=2024-03-13 00:00:00+00:00
[2024-03-13T16:03:19.090-0400] {processor.py:183} INFO - Processing /home/ironbong_jr/mlops/project/project/lib/python3.10/site-packages/airflow/example_dags/example_skip_dag.py took 0.052 seconds
[2024-03-13T16:04:25.164-0400] {processor.py:161} INFO - Started process (PID=458588) to work on /home/ironbong_jr/mlops/project/project/lib/python3.10/site-packages/airflow/example_dags/example_skip_dag.py
[2024-03-13T16:04:25.169-0400] {processor.py:830} INFO - Processing file /home/ironbong_jr/mlops/project/project/lib/python3.10/site-packages/airflow/example_dags/example_skip_dag.py for tasks to queue
[2024-03-13T16:04:25.169-0400] {logging_mixin.py:188} INFO - [2024-03-13T16:04:25.169-0400] {dagbag.py:540} INFO - Filling up the DagBag from /home/ironbong_jr/mlops/project/project/lib/python3.10/site-packages/airflow/example_dags/example_skip_dag.py
[2024-03-13T16:04:25.175-0400] {processor.py:840} INFO - DAG(s) 'example_skip_dag' retrieved from /home/ironbong_jr/mlops/project/project/lib/python3.10/site-packages/airflow/example_dags/example_skip_dag.py
[2024-03-13T16:04:25.185-0400] {logging_mixin.py:188} INFO - [2024-03-13T16:04:25.185-0400] {dag.py:3047} INFO - Sync 1 DAGs
[2024-03-13T16:04:25.198-0400] {logging_mixin.py:188} INFO - [2024-03-13T16:04:25.197-0400] {dag.py:3834} INFO - Setting next_dagrun for example_skip_dag to 2024-03-12 00:00:00+00:00, run_after=2024-03-13 00:00:00+00:00
[2024-03-13T16:04:25.220-0400] {processor.py:183} INFO - Processing /home/ironbong_jr/mlops/project/project/lib/python3.10/site-packages/airflow/example_dags/example_skip_dag.py took 0.057 seconds
[2024-03-13T16:05:19.589-0400] {processor.py:161} INFO - Started process (PID=458862) to work on /home/ironbong_jr/mlops/project/project/lib/python3.10/site-packages/airflow/example_dags/example_skip_dag.py
[2024-03-13T16:05:19.591-0400] {processor.py:830} INFO - Processing file /home/ironbong_jr/mlops/project/project/lib/python3.10/site-packages/airflow/example_dags/example_skip_dag.py for tasks to queue
[2024-03-13T16:05:19.592-0400] {logging_mixin.py:188} INFO - [2024-03-13T16:05:19.592-0400] {dagbag.py:540} INFO - Filling up the DagBag from /home/ironbong_jr/mlops/project/project/lib/python3.10/site-packages/airflow/example_dags/example_skip_dag.py
[2024-03-13T16:05:19.597-0400] {processor.py:840} INFO - DAG(s) 'example_skip_dag' retrieved from /home/ironbong_jr/mlops/project/project/lib/python3.10/site-packages/airflow/example_dags/example_skip_dag.py
[2024-03-13T16:05:19.606-0400] {logging_mixin.py:188} INFO - [2024-03-13T16:05:19.606-0400] {dag.py:3047} INFO - Sync 1 DAGs
[2024-03-13T16:05:19.619-0400] {logging_mixin.py:188} INFO - [2024-03-13T16:05:19.618-0400] {dag.py:3834} INFO - Setting next_dagrun for example_skip_dag to 2024-03-12 00:00:00+00:00, run_after=2024-03-13 00:00:00+00:00
[2024-03-13T16:05:19.640-0400] {processor.py:183} INFO - Processing /home/ironbong_jr/mlops/project/project/lib/python3.10/site-packages/airflow/example_dags/example_skip_dag.py took 0.053 seconds
[2024-03-13T16:06:09.899-0400] {processor.py:161} INFO - Started process (PID=459122) to work on /home/ironbong_jr/mlops/project/project/lib/python3.10/site-packages/airflow/example_dags/example_skip_dag.py
[2024-03-13T16:06:09.900-0400] {processor.py:830} INFO - Processing file /home/ironbong_jr/mlops/project/project/lib/python3.10/site-packages/airflow/example_dags/example_skip_dag.py for tasks to queue
[2024-03-13T16:06:09.901-0400] {logging_mixin.py:188} INFO - [2024-03-13T16:06:09.901-0400] {dagbag.py:540} INFO - Filling up the DagBag from /home/ironbong_jr/mlops/project/project/lib/python3.10/site-packages/airflow/example_dags/example_skip_dag.py
[2024-03-13T16:06:09.906-0400] {processor.py:840} INFO - DAG(s) 'example_skip_dag' retrieved from /home/ironbong_jr/mlops/project/project/lib/python3.10/site-packages/airflow/example_dags/example_skip_dag.py
[2024-03-13T16:06:09.916-0400] {logging_mixin.py:188} INFO - [2024-03-13T16:06:09.916-0400] {dag.py:3047} INFO - Sync 1 DAGs
[2024-03-13T16:06:09.928-0400] {logging_mixin.py:188} INFO - [2024-03-13T16:06:09.927-0400] {dag.py:3834} INFO - Setting next_dagrun for example_skip_dag to 2024-03-12 00:00:00+00:00, run_after=2024-03-13 00:00:00+00:00
[2024-03-13T16:06:09.949-0400] {processor.py:183} INFO - Processing /home/ironbong_jr/mlops/project/project/lib/python3.10/site-packages/airflow/example_dags/example_skip_dag.py took 0.052 seconds
[2024-03-13T16:07:00.915-0400] {processor.py:161} INFO - Started process (PID=459363) to work on /home/ironbong_jr/mlops/project/project/lib/python3.10/site-packages/airflow/example_dags/example_skip_dag.py
[2024-03-13T16:07:00.919-0400] {processor.py:830} INFO - Processing file /home/ironbong_jr/mlops/project/project/lib/python3.10/site-packages/airflow/example_dags/example_skip_dag.py for tasks to queue
[2024-03-13T16:07:00.920-0400] {logging_mixin.py:188} INFO - [2024-03-13T16:07:00.919-0400] {dagbag.py:540} INFO - Filling up the DagBag from /home/ironbong_jr/mlops/project/project/lib/python3.10/site-packages/airflow/example_dags/example_skip_dag.py
[2024-03-13T16:07:00.924-0400] {processor.py:840} INFO - DAG(s) 'example_skip_dag' retrieved from /home/ironbong_jr/mlops/project/project/lib/python3.10/site-packages/airflow/example_dags/example_skip_dag.py
[2024-03-13T16:07:00.934-0400] {logging_mixin.py:188} INFO - [2024-03-13T16:07:00.934-0400] {dag.py:3047} INFO - Sync 1 DAGs
[2024-03-13T16:07:00.945-0400] {logging_mixin.py:188} INFO - [2024-03-13T16:07:00.944-0400] {dag.py:3834} INFO - Setting next_dagrun for example_skip_dag to 2024-03-12 00:00:00+00:00, run_after=2024-03-13 00:00:00+00:00
[2024-03-13T16:07:00.966-0400] {processor.py:183} INFO - Processing /home/ironbong_jr/mlops/project/project/lib/python3.10/site-packages/airflow/example_dags/example_skip_dag.py took 0.053 seconds
[2024-03-13T16:07:54.266-0400] {processor.py:161} INFO - Started process (PID=459625) to work on /home/ironbong_jr/mlops/project/project/lib/python3.10/site-packages/airflow/example_dags/example_skip_dag.py
[2024-03-13T16:07:54.269-0400] {processor.py:830} INFO - Processing file /home/ironbong_jr/mlops/project/project/lib/python3.10/site-packages/airflow/example_dags/example_skip_dag.py for tasks to queue
[2024-03-13T16:07:54.270-0400] {logging_mixin.py:188} INFO - [2024-03-13T16:07:54.270-0400] {dagbag.py:540} INFO - Filling up the DagBag from /home/ironbong_jr/mlops/project/project/lib/python3.10/site-packages/airflow/example_dags/example_skip_dag.py
[2024-03-13T16:07:54.274-0400] {processor.py:840} INFO - DAG(s) 'example_skip_dag' retrieved from /home/ironbong_jr/mlops/project/project/lib/python3.10/site-packages/airflow/example_dags/example_skip_dag.py
[2024-03-13T16:07:54.284-0400] {logging_mixin.py:188} INFO - [2024-03-13T16:07:54.283-0400] {dag.py:3047} INFO - Sync 1 DAGs
[2024-03-13T16:07:54.295-0400] {logging_mixin.py:188} INFO - [2024-03-13T16:07:54.294-0400] {dag.py:3834} INFO - Setting next_dagrun for example_skip_dag to 2024-03-12 00:00:00+00:00, run_after=2024-03-13 00:00:00+00:00
[2024-03-13T16:07:54.316-0400] {processor.py:183} INFO - Processing /home/ironbong_jr/mlops/project/project/lib/python3.10/site-packages/airflow/example_dags/example_skip_dag.py took 0.052 seconds
[2024-03-13T16:08:45.805-0400] {processor.py:161} INFO - Started process (PID=459883) to work on /home/ironbong_jr/mlops/project/project/lib/python3.10/site-packages/airflow/example_dags/example_skip_dag.py
[2024-03-13T16:08:45.809-0400] {processor.py:830} INFO - Processing file /home/ironbong_jr/mlops/project/project/lib/python3.10/site-packages/airflow/example_dags/example_skip_dag.py for tasks to queue
[2024-03-13T16:08:45.810-0400] {logging_mixin.py:188} INFO - [2024-03-13T16:08:45.809-0400] {dagbag.py:540} INFO - Filling up the DagBag from /home/ironbong_jr/mlops/project/project/lib/python3.10/site-packages/airflow/example_dags/example_skip_dag.py
[2024-03-13T16:08:45.814-0400] {processor.py:840} INFO - DAG(s) 'example_skip_dag' retrieved from /home/ironbong_jr/mlops/project/project/lib/python3.10/site-packages/airflow/example_dags/example_skip_dag.py
[2024-03-13T16:08:45.824-0400] {logging_mixin.py:188} INFO - [2024-03-13T16:08:45.824-0400] {dag.py:3047} INFO - Sync 1 DAGs
[2024-03-13T16:08:45.837-0400] {logging_mixin.py:188} INFO - [2024-03-13T16:08:45.837-0400] {dag.py:3834} INFO - Setting next_dagrun for example_skip_dag to 2024-03-12 00:00:00+00:00, run_after=2024-03-13 00:00:00+00:00
[2024-03-13T16:08:45.865-0400] {processor.py:183} INFO - Processing /home/ironbong_jr/mlops/project/project/lib/python3.10/site-packages/airflow/example_dags/example_skip_dag.py took 0.062 seconds
[2024-03-13T16:09:34.731-0400] {processor.py:161} INFO - Started process (PID=460120) to work on /home/ironbong_jr/mlops/project/project/lib/python3.10/site-packages/airflow/example_dags/example_skip_dag.py
[2024-03-13T16:09:34.734-0400] {processor.py:830} INFO - Processing file /home/ironbong_jr/mlops/project/project/lib/python3.10/site-packages/airflow/example_dags/example_skip_dag.py for tasks to queue
[2024-03-13T16:09:34.735-0400] {logging_mixin.py:188} INFO - [2024-03-13T16:09:34.735-0400] {dagbag.py:540} INFO - Filling up the DagBag from /home/ironbong_jr/mlops/project/project/lib/python3.10/site-packages/airflow/example_dags/example_skip_dag.py
[2024-03-13T16:09:34.740-0400] {processor.py:840} INFO - DAG(s) 'example_skip_dag' retrieved from /home/ironbong_jr/mlops/project/project/lib/python3.10/site-packages/airflow/example_dags/example_skip_dag.py
[2024-03-13T16:09:34.750-0400] {logging_mixin.py:188} INFO - [2024-03-13T16:09:34.750-0400] {dag.py:3047} INFO - Sync 1 DAGs
[2024-03-13T16:09:34.769-0400] {logging_mixin.py:188} INFO - [2024-03-13T16:09:34.769-0400] {dag.py:3834} INFO - Setting next_dagrun for example_skip_dag to 2024-03-12 00:00:00+00:00, run_after=2024-03-13 00:00:00+00:00
[2024-03-13T16:09:34.792-0400] {processor.py:183} INFO - Processing /home/ironbong_jr/mlops/project/project/lib/python3.10/site-packages/airflow/example_dags/example_skip_dag.py took 0.063 seconds
[2024-03-13T16:10:23.867-0400] {processor.py:161} INFO - Started process (PID=460369) to work on /home/ironbong_jr/mlops/project/project/lib/python3.10/site-packages/airflow/example_dags/example_skip_dag.py
[2024-03-13T16:10:23.870-0400] {processor.py:830} INFO - Processing file /home/ironbong_jr/mlops/project/project/lib/python3.10/site-packages/airflow/example_dags/example_skip_dag.py for tasks to queue
[2024-03-13T16:10:23.871-0400] {logging_mixin.py:188} INFO - [2024-03-13T16:10:23.871-0400] {dagbag.py:540} INFO - Filling up the DagBag from /home/ironbong_jr/mlops/project/project/lib/python3.10/site-packages/airflow/example_dags/example_skip_dag.py
[2024-03-13T16:10:23.876-0400] {processor.py:840} INFO - DAG(s) 'example_skip_dag' retrieved from /home/ironbong_jr/mlops/project/project/lib/python3.10/site-packages/airflow/example_dags/example_skip_dag.py
[2024-03-13T16:10:23.886-0400] {logging_mixin.py:188} INFO - [2024-03-13T16:10:23.886-0400] {dag.py:3047} INFO - Sync 1 DAGs
[2024-03-13T16:10:23.898-0400] {logging_mixin.py:188} INFO - [2024-03-13T16:10:23.898-0400] {dag.py:3834} INFO - Setting next_dagrun for example_skip_dag to 2024-03-12 00:00:00+00:00, run_after=2024-03-13 00:00:00+00:00
[2024-03-13T16:10:23.921-0400] {processor.py:183} INFO - Processing /home/ironbong_jr/mlops/project/project/lib/python3.10/site-packages/airflow/example_dags/example_skip_dag.py took 0.056 seconds
[2024-03-13T16:11:13.270-0400] {processor.py:161} INFO - Started process (PID=460620) to work on /home/ironbong_jr/mlops/project/project/lib/python3.10/site-packages/airflow/example_dags/example_skip_dag.py
[2024-03-13T16:11:13.273-0400] {processor.py:830} INFO - Processing file /home/ironbong_jr/mlops/project/project/lib/python3.10/site-packages/airflow/example_dags/example_skip_dag.py for tasks to queue
[2024-03-13T16:11:13.274-0400] {logging_mixin.py:188} INFO - [2024-03-13T16:11:13.274-0400] {dagbag.py:540} INFO - Filling up the DagBag from /home/ironbong_jr/mlops/project/project/lib/python3.10/site-packages/airflow/example_dags/example_skip_dag.py
[2024-03-13T16:11:13.279-0400] {processor.py:840} INFO - DAG(s) 'example_skip_dag' retrieved from /home/ironbong_jr/mlops/project/project/lib/python3.10/site-packages/airflow/example_dags/example_skip_dag.py
[2024-03-13T16:11:13.289-0400] {logging_mixin.py:188} INFO - [2024-03-13T16:11:13.289-0400] {dag.py:3047} INFO - Sync 1 DAGs
[2024-03-13T16:11:13.301-0400] {logging_mixin.py:188} INFO - [2024-03-13T16:11:13.300-0400] {dag.py:3834} INFO - Setting next_dagrun for example_skip_dag to 2024-03-12 00:00:00+00:00, run_after=2024-03-13 00:00:00+00:00
[2024-03-13T16:11:13.322-0400] {processor.py:183} INFO - Processing /home/ironbong_jr/mlops/project/project/lib/python3.10/site-packages/airflow/example_dags/example_skip_dag.py took 0.054 seconds
[2024-03-13T16:12:02.805-0400] {processor.py:161} INFO - Started process (PID=460857) to work on /home/ironbong_jr/mlops/project/project/lib/python3.10/site-packages/airflow/example_dags/example_skip_dag.py
[2024-03-13T16:12:02.810-0400] {processor.py:830} INFO - Processing file /home/ironbong_jr/mlops/project/project/lib/python3.10/site-packages/airflow/example_dags/example_skip_dag.py for tasks to queue
[2024-03-13T16:12:02.810-0400] {logging_mixin.py:188} INFO - [2024-03-13T16:12:02.810-0400] {dagbag.py:540} INFO - Filling up the DagBag from /home/ironbong_jr/mlops/project/project/lib/python3.10/site-packages/airflow/example_dags/example_skip_dag.py
[2024-03-13T16:12:02.819-0400] {processor.py:840} INFO - DAG(s) 'example_skip_dag' retrieved from /home/ironbong_jr/mlops/project/project/lib/python3.10/site-packages/airflow/example_dags/example_skip_dag.py
[2024-03-13T16:12:02.835-0400] {logging_mixin.py:188} INFO - [2024-03-13T16:12:02.835-0400] {dag.py:3047} INFO - Sync 1 DAGs
[2024-03-13T16:12:02.853-0400] {logging_mixin.py:188} INFO - [2024-03-13T16:12:02.853-0400] {dag.py:3834} INFO - Setting next_dagrun for example_skip_dag to 2024-03-12 00:00:00+00:00, run_after=2024-03-13 00:00:00+00:00
[2024-03-13T16:12:02.883-0400] {processor.py:183} INFO - Processing /home/ironbong_jr/mlops/project/project/lib/python3.10/site-packages/airflow/example_dags/example_skip_dag.py took 0.081 seconds
[2024-03-13T16:12:53.527-0400] {processor.py:161} INFO - Started process (PID=461117) to work on /home/ironbong_jr/mlops/project/project/lib/python3.10/site-packages/airflow/example_dags/example_skip_dag.py
[2024-03-13T16:12:53.528-0400] {processor.py:830} INFO - Processing file /home/ironbong_jr/mlops/project/project/lib/python3.10/site-packages/airflow/example_dags/example_skip_dag.py for tasks to queue
[2024-03-13T16:12:53.528-0400] {logging_mixin.py:188} INFO - [2024-03-13T16:12:53.528-0400] {dagbag.py:540} INFO - Filling up the DagBag from /home/ironbong_jr/mlops/project/project/lib/python3.10/site-packages/airflow/example_dags/example_skip_dag.py
[2024-03-13T16:12:53.534-0400] {processor.py:840} INFO - DAG(s) 'example_skip_dag' retrieved from /home/ironbong_jr/mlops/project/project/lib/python3.10/site-packages/airflow/example_dags/example_skip_dag.py
[2024-03-13T16:12:53.547-0400] {logging_mixin.py:188} INFO - [2024-03-13T16:12:53.547-0400] {dag.py:3047} INFO - Sync 1 DAGs
[2024-03-13T16:12:53.573-0400] {logging_mixin.py:188} INFO - [2024-03-13T16:12:53.573-0400] {dag.py:3834} INFO - Setting next_dagrun for example_skip_dag to 2024-03-12 00:00:00+00:00, run_after=2024-03-13 00:00:00+00:00
[2024-03-13T16:12:53.597-0400] {processor.py:183} INFO - Processing /home/ironbong_jr/mlops/project/project/lib/python3.10/site-packages/airflow/example_dags/example_skip_dag.py took 0.073 seconds
