[2024-03-12T21:21:58.713-0400] {processor.py:161} INFO - Started process (PID=407022) to work on /home/ironbong_jr/mlops/project/project/lib/python3.10/site-packages/airflow/example_dags/example_python_operator.py
[2024-03-12T21:21:58.714-0400] {processor.py:830} INFO - Processing file /home/ironbong_jr/mlops/project/project/lib/python3.10/site-packages/airflow/example_dags/example_python_operator.py for tasks to queue
[2024-03-12T21:21:58.717-0400] {logging_mixin.py:188} INFO - [2024-03-12T21:21:58.715-0400] {dagbag.py:540} INFO - Filling up the DagBag from /home/ironbong_jr/mlops/project/project/lib/python3.10/site-packages/airflow/example_dags/example_python_operator.py
[2024-03-12T21:21:58.793-0400] {logging_mixin.py:188} INFO - [2024-03-12T21:21:58.792-0400] {example_python_operator.py:88} WARNING - The virtalenv_python example task requires virtualenv, please install it.
[2024-03-12T21:21:58.799-0400] {processor.py:840} INFO - DAG(s) 'example_python_operator' retrieved from /home/ironbong_jr/mlops/project/project/lib/python3.10/site-packages/airflow/example_dags/example_python_operator.py
[2024-03-12T21:21:59.187-0400] {logging_mixin.py:188} INFO - [2024-03-12T21:21:59.186-0400] {dag.py:3047} INFO - Sync 1 DAGs
[2024-03-12T21:21:59.204-0400] {logging_mixin.py:188} INFO - [2024-03-12T21:21:59.204-0400] {dag.py:3834} INFO - Setting next_dagrun for example_python_operator to None, run_after=None
[2024-03-12T21:21:59.338-0400] {processor.py:183} INFO - Processing /home/ironbong_jr/mlops/project/project/lib/python3.10/site-packages/airflow/example_dags/example_python_operator.py took 0.631 seconds
[2024-03-12T21:23:23.710-0400] {processor.py:161} INFO - Started process (PID=407403) to work on /home/ironbong_jr/mlops/project/project/lib/python3.10/site-packages/airflow/example_dags/example_python_operator.py
[2024-03-12T21:23:23.761-0400] {processor.py:830} INFO - Processing file /home/ironbong_jr/mlops/project/project/lib/python3.10/site-packages/airflow/example_dags/example_python_operator.py for tasks to queue
[2024-03-12T21:23:23.764-0400] {logging_mixin.py:188} INFO - [2024-03-12T21:23:23.763-0400] {dagbag.py:540} INFO - Filling up the DagBag from /home/ironbong_jr/mlops/project/project/lib/python3.10/site-packages/airflow/example_dags/example_python_operator.py
[2024-03-12T21:23:23.823-0400] {logging_mixin.py:188} INFO - [2024-03-12T21:23:23.822-0400] {example_python_operator.py:88} WARNING - The virtalenv_python example task requires virtualenv, please install it.
[2024-03-12T21:23:23.825-0400] {processor.py:840} INFO - DAG(s) 'example_python_operator' retrieved from /home/ironbong_jr/mlops/project/project/lib/python3.10/site-packages/airflow/example_dags/example_python_operator.py
[2024-03-12T21:23:23.856-0400] {logging_mixin.py:188} INFO - [2024-03-12T21:23:23.856-0400] {dag.py:3047} INFO - Sync 1 DAGs
[2024-03-12T21:23:24.077-0400] {logging_mixin.py:188} INFO - [2024-03-12T21:23:24.077-0400] {dag.py:3834} INFO - Setting next_dagrun for example_python_operator to None, run_after=None
[2024-03-12T21:23:24.201-0400] {processor.py:183} INFO - Processing /home/ironbong_jr/mlops/project/project/lib/python3.10/site-packages/airflow/example_dags/example_python_operator.py took 0.499 seconds
[2024-03-12T21:26:47.134-0400] {processor.py:161} INFO - Started process (PID=408305) to work on /home/ironbong_jr/mlops/project/project/lib/python3.10/site-packages/airflow/example_dags/example_python_operator.py
[2024-03-12T21:26:47.184-0400] {processor.py:830} INFO - Processing file /home/ironbong_jr/mlops/project/project/lib/python3.10/site-packages/airflow/example_dags/example_python_operator.py for tasks to queue
[2024-03-12T21:26:47.188-0400] {logging_mixin.py:188} INFO - [2024-03-12T21:26:47.186-0400] {dagbag.py:540} INFO - Filling up the DagBag from /home/ironbong_jr/mlops/project/project/lib/python3.10/site-packages/airflow/example_dags/example_python_operator.py
[2024-03-12T21:26:47.234-0400] {logging_mixin.py:188} INFO - [2024-03-12T21:26:47.234-0400] {example_python_operator.py:88} WARNING - The virtalenv_python example task requires virtualenv, please install it.
[2024-03-12T21:26:47.235-0400] {processor.py:840} INFO - DAG(s) 'example_python_operator' retrieved from /home/ironbong_jr/mlops/project/project/lib/python3.10/site-packages/airflow/example_dags/example_python_operator.py
[2024-03-12T21:26:47.264-0400] {logging_mixin.py:188} INFO - [2024-03-12T21:26:47.263-0400] {dag.py:3047} INFO - Sync 1 DAGs
[2024-03-12T21:26:47.286-0400] {logging_mixin.py:188} INFO - [2024-03-12T21:26:47.285-0400] {dag.py:3834} INFO - Setting next_dagrun for example_python_operator to None, run_after=None
[2024-03-12T21:26:47.389-0400] {processor.py:183} INFO - Processing /home/ironbong_jr/mlops/project/project/lib/python3.10/site-packages/airflow/example_dags/example_python_operator.py took 0.263 seconds
[2024-03-12T21:28:26.618-0400] {processor.py:161} INFO - Started process (PID=408795) to work on /home/ironbong_jr/mlops/project/project/lib/python3.10/site-packages/airflow/example_dags/example_python_operator.py
[2024-03-12T21:28:26.620-0400] {processor.py:830} INFO - Processing file /home/ironbong_jr/mlops/project/project/lib/python3.10/site-packages/airflow/example_dags/example_python_operator.py for tasks to queue
[2024-03-12T21:28:26.621-0400] {logging_mixin.py:188} INFO - [2024-03-12T21:28:26.621-0400] {dagbag.py:540} INFO - Filling up the DagBag from /home/ironbong_jr/mlops/project/project/lib/python3.10/site-packages/airflow/example_dags/example_python_operator.py
[2024-03-12T21:28:26.662-0400] {logging_mixin.py:188} INFO - [2024-03-12T21:28:26.661-0400] {example_python_operator.py:88} WARNING - The virtalenv_python example task requires virtualenv, please install it.
[2024-03-12T21:28:26.663-0400] {processor.py:840} INFO - DAG(s) 'example_python_operator' retrieved from /home/ironbong_jr/mlops/project/project/lib/python3.10/site-packages/airflow/example_dags/example_python_operator.py
[2024-03-12T21:28:26.700-0400] {logging_mixin.py:188} INFO - [2024-03-12T21:28:26.699-0400] {dag.py:3047} INFO - Sync 1 DAGs
[2024-03-12T21:28:26.733-0400] {logging_mixin.py:188} INFO - [2024-03-12T21:28:26.732-0400] {dag.py:3834} INFO - Setting next_dagrun for example_python_operator to None, run_after=None
[2024-03-12T21:28:26.773-0400] {processor.py:183} INFO - Processing /home/ironbong_jr/mlops/project/project/lib/python3.10/site-packages/airflow/example_dags/example_python_operator.py took 0.160 seconds
[2024-03-12T21:29:53.940-0400] {processor.py:161} INFO - Started process (PID=409209) to work on /home/ironbong_jr/mlops/project/project/lib/python3.10/site-packages/airflow/example_dags/example_python_operator.py
[2024-03-12T21:29:53.943-0400] {processor.py:830} INFO - Processing file /home/ironbong_jr/mlops/project/project/lib/python3.10/site-packages/airflow/example_dags/example_python_operator.py for tasks to queue
[2024-03-12T21:29:53.946-0400] {logging_mixin.py:188} INFO - [2024-03-12T21:29:53.945-0400] {dagbag.py:540} INFO - Filling up the DagBag from /home/ironbong_jr/mlops/project/project/lib/python3.10/site-packages/airflow/example_dags/example_python_operator.py
[2024-03-12T21:29:54.028-0400] {logging_mixin.py:188} INFO - [2024-03-12T21:29:54.027-0400] {example_python_operator.py:88} WARNING - The virtalenv_python example task requires virtualenv, please install it.
[2024-03-12T21:29:54.028-0400] {processor.py:840} INFO - DAG(s) 'example_python_operator' retrieved from /home/ironbong_jr/mlops/project/project/lib/python3.10/site-packages/airflow/example_dags/example_python_operator.py
[2024-03-12T21:29:54.051-0400] {logging_mixin.py:188} INFO - [2024-03-12T21:29:54.051-0400] {dag.py:3047} INFO - Sync 1 DAGs
[2024-03-12T21:29:54.067-0400] {logging_mixin.py:188} INFO - [2024-03-12T21:29:54.066-0400] {dag.py:3834} INFO - Setting next_dagrun for example_python_operator to None, run_after=None
[2024-03-12T21:29:54.173-0400] {processor.py:183} INFO - Processing /home/ironbong_jr/mlops/project/project/lib/python3.10/site-packages/airflow/example_dags/example_python_operator.py took 0.245 seconds
[2024-03-12T21:31:33.802-0400] {processor.py:161} INFO - Started process (PID=409706) to work on /home/ironbong_jr/mlops/project/project/lib/python3.10/site-packages/airflow/example_dags/example_python_operator.py
[2024-03-12T21:31:33.853-0400] {processor.py:830} INFO - Processing file /home/ironbong_jr/mlops/project/project/lib/python3.10/site-packages/airflow/example_dags/example_python_operator.py for tasks to queue
[2024-03-12T21:31:33.856-0400] {logging_mixin.py:188} INFO - [2024-03-12T21:31:33.855-0400] {dagbag.py:540} INFO - Filling up the DagBag from /home/ironbong_jr/mlops/project/project/lib/python3.10/site-packages/airflow/example_dags/example_python_operator.py
[2024-03-12T21:31:33.898-0400] {logging_mixin.py:188} INFO - [2024-03-12T21:31:33.898-0400] {example_python_operator.py:88} WARNING - The virtalenv_python example task requires virtualenv, please install it.
[2024-03-12T21:31:33.900-0400] {processor.py:840} INFO - DAG(s) 'example_python_operator' retrieved from /home/ironbong_jr/mlops/project/project/lib/python3.10/site-packages/airflow/example_dags/example_python_operator.py
[2024-03-12T21:31:33.934-0400] {logging_mixin.py:188} INFO - [2024-03-12T21:31:33.934-0400] {dag.py:3047} INFO - Sync 1 DAGs
[2024-03-12T21:31:33.954-0400] {logging_mixin.py:188} INFO - [2024-03-12T21:31:33.953-0400] {dag.py:3834} INFO - Setting next_dagrun for example_python_operator to None, run_after=None
[2024-03-12T21:31:34.004-0400] {processor.py:183} INFO - Processing /home/ironbong_jr/mlops/project/project/lib/python3.10/site-packages/airflow/example_dags/example_python_operator.py took 0.208 seconds
[2024-03-12T21:33:15.203-0400] {processor.py:161} INFO - Started process (PID=410274) to work on /home/ironbong_jr/mlops/project/project/lib/python3.10/site-packages/airflow/example_dags/example_python_operator.py
[2024-03-12T21:33:15.255-0400] {processor.py:830} INFO - Processing file /home/ironbong_jr/mlops/project/project/lib/python3.10/site-packages/airflow/example_dags/example_python_operator.py for tasks to queue
[2024-03-12T21:33:15.258-0400] {logging_mixin.py:188} INFO - [2024-03-12T21:33:15.257-0400] {dagbag.py:540} INFO - Filling up the DagBag from /home/ironbong_jr/mlops/project/project/lib/python3.10/site-packages/airflow/example_dags/example_python_operator.py
[2024-03-12T21:33:15.336-0400] {logging_mixin.py:188} INFO - [2024-03-12T21:33:15.335-0400] {example_python_operator.py:88} WARNING - The virtalenv_python example task requires virtualenv, please install it.
[2024-03-12T21:33:15.337-0400] {processor.py:840} INFO - DAG(s) 'example_python_operator' retrieved from /home/ironbong_jr/mlops/project/project/lib/python3.10/site-packages/airflow/example_dags/example_python_operator.py
[2024-03-12T21:33:15.371-0400] {logging_mixin.py:188} INFO - [2024-03-12T21:33:15.371-0400] {dag.py:3047} INFO - Sync 1 DAGs
[2024-03-12T21:33:15.394-0400] {logging_mixin.py:188} INFO - [2024-03-12T21:33:15.394-0400] {dag.py:3834} INFO - Setting next_dagrun for example_python_operator to None, run_after=None
[2024-03-12T21:33:15.510-0400] {processor.py:183} INFO - Processing /home/ironbong_jr/mlops/project/project/lib/python3.10/site-packages/airflow/example_dags/example_python_operator.py took 0.316 seconds
[2024-03-12T21:34:43.195-0400] {processor.py:161} INFO - Started process (PID=410679) to work on /home/ironbong_jr/mlops/project/project/lib/python3.10/site-packages/airflow/example_dags/example_python_operator.py
[2024-03-12T21:34:43.246-0400] {processor.py:830} INFO - Processing file /home/ironbong_jr/mlops/project/project/lib/python3.10/site-packages/airflow/example_dags/example_python_operator.py for tasks to queue
[2024-03-12T21:34:43.249-0400] {logging_mixin.py:188} INFO - [2024-03-12T21:34:43.248-0400] {dagbag.py:540} INFO - Filling up the DagBag from /home/ironbong_jr/mlops/project/project/lib/python3.10/site-packages/airflow/example_dags/example_python_operator.py
[2024-03-12T21:34:43.327-0400] {logging_mixin.py:188} INFO - [2024-03-12T21:34:43.327-0400] {example_python_operator.py:88} WARNING - The virtalenv_python example task requires virtualenv, please install it.
[2024-03-12T21:34:43.328-0400] {processor.py:840} INFO - DAG(s) 'example_python_operator' retrieved from /home/ironbong_jr/mlops/project/project/lib/python3.10/site-packages/airflow/example_dags/example_python_operator.py
[2024-03-12T21:34:43.362-0400] {logging_mixin.py:188} INFO - [2024-03-12T21:34:43.361-0400] {dag.py:3047} INFO - Sync 1 DAGs
[2024-03-12T21:34:43.380-0400] {logging_mixin.py:188} INFO - [2024-03-12T21:34:43.379-0400] {dag.py:3834} INFO - Setting next_dagrun for example_python_operator to None, run_after=None
[2024-03-12T21:34:43.510-0400] {processor.py:183} INFO - Processing /home/ironbong_jr/mlops/project/project/lib/python3.10/site-packages/airflow/example_dags/example_python_operator.py took 0.320 seconds
[2024-03-12T23:26:18.010-0400] {processor.py:161} INFO - Started process (PID=417716) to work on /home/ironbong_jr/mlops/project/project/lib/python3.10/site-packages/airflow/example_dags/example_python_operator.py
[2024-03-12T23:26:18.061-0400] {processor.py:830} INFO - Processing file /home/ironbong_jr/mlops/project/project/lib/python3.10/site-packages/airflow/example_dags/example_python_operator.py for tasks to queue
[2024-03-12T23:26:18.064-0400] {logging_mixin.py:188} INFO - [2024-03-12T23:26:18.062-0400] {dagbag.py:540} INFO - Filling up the DagBag from /home/ironbong_jr/mlops/project/project/lib/python3.10/site-packages/airflow/example_dags/example_python_operator.py
[2024-03-12T23:26:18.123-0400] {logging_mixin.py:188} INFO - [2024-03-12T23:26:18.123-0400] {example_python_operator.py:88} WARNING - The virtalenv_python example task requires virtualenv, please install it.
[2024-03-12T23:26:18.128-0400] {processor.py:840} INFO - DAG(s) 'example_python_operator' retrieved from /home/ironbong_jr/mlops/project/project/lib/python3.10/site-packages/airflow/example_dags/example_python_operator.py
[2024-03-12T23:26:18.517-0400] {logging_mixin.py:188} INFO - [2024-03-12T23:26:18.516-0400] {dag.py:3047} INFO - Sync 1 DAGs
[2024-03-12T23:26:18.531-0400] {logging_mixin.py:188} INFO - [2024-03-12T23:26:18.531-0400] {dag.py:3834} INFO - Setting next_dagrun for example_python_operator to None, run_after=None
[2024-03-12T23:26:18.624-0400] {processor.py:183} INFO - Processing /home/ironbong_jr/mlops/project/project/lib/python3.10/site-packages/airflow/example_dags/example_python_operator.py took 0.623 seconds
[2024-03-12T23:29:33.807-0400] {processor.py:161} INFO - Started process (PID=418501) to work on /home/ironbong_jr/mlops/project/project/lib/python3.10/site-packages/airflow/example_dags/example_python_operator.py
[2024-03-12T23:29:33.810-0400] {processor.py:830} INFO - Processing file /home/ironbong_jr/mlops/project/project/lib/python3.10/site-packages/airflow/example_dags/example_python_operator.py for tasks to queue
[2024-03-12T23:29:33.812-0400] {logging_mixin.py:188} INFO - [2024-03-12T23:29:33.811-0400] {dagbag.py:540} INFO - Filling up the DagBag from /home/ironbong_jr/mlops/project/project/lib/python3.10/site-packages/airflow/example_dags/example_python_operator.py
[2024-03-12T23:29:33.888-0400] {logging_mixin.py:188} INFO - [2024-03-12T23:29:33.887-0400] {example_python_operator.py:88} WARNING - The virtalenv_python example task requires virtualenv, please install it.
[2024-03-12T23:29:33.889-0400] {processor.py:840} INFO - DAG(s) 'example_python_operator' retrieved from /home/ironbong_jr/mlops/project/project/lib/python3.10/site-packages/airflow/example_dags/example_python_operator.py
[2024-03-12T23:29:33.930-0400] {logging_mixin.py:188} INFO - [2024-03-12T23:29:33.929-0400] {dag.py:3047} INFO - Sync 1 DAGs
[2024-03-12T23:29:33.952-0400] {logging_mixin.py:188} INFO - [2024-03-12T23:29:33.952-0400] {dag.py:3834} INFO - Setting next_dagrun for example_python_operator to None, run_after=None
[2024-03-12T23:29:34.055-0400] {processor.py:183} INFO - Processing /home/ironbong_jr/mlops/project/project/lib/python3.10/site-packages/airflow/example_dags/example_python_operator.py took 0.254 seconds
[2024-03-12T23:31:23.429-0400] {processor.py:161} INFO - Started process (PID=418970) to work on /home/ironbong_jr/mlops/project/project/lib/python3.10/site-packages/airflow/example_dags/example_python_operator.py
[2024-03-12T23:31:23.476-0400] {processor.py:830} INFO - Processing file /home/ironbong_jr/mlops/project/project/lib/python3.10/site-packages/airflow/example_dags/example_python_operator.py for tasks to queue
[2024-03-12T23:31:23.479-0400] {logging_mixin.py:188} INFO - [2024-03-12T23:31:23.479-0400] {dagbag.py:540} INFO - Filling up the DagBag from /home/ironbong_jr/mlops/project/project/lib/python3.10/site-packages/airflow/example_dags/example_python_operator.py
[2024-03-12T23:31:23.547-0400] {logging_mixin.py:188} INFO - [2024-03-12T23:31:23.545-0400] {example_python_operator.py:88} WARNING - The virtalenv_python example task requires virtualenv, please install it.
[2024-03-12T23:31:23.548-0400] {processor.py:840} INFO - DAG(s) 'example_python_operator' retrieved from /home/ironbong_jr/mlops/project/project/lib/python3.10/site-packages/airflow/example_dags/example_python_operator.py
[2024-03-12T23:31:23.575-0400] {logging_mixin.py:188} INFO - [2024-03-12T23:31:23.574-0400] {dag.py:3047} INFO - Sync 1 DAGs
[2024-03-12T23:31:23.595-0400] {logging_mixin.py:188} INFO - [2024-03-12T23:31:23.593-0400] {dag.py:3834} INFO - Setting next_dagrun for example_python_operator to None, run_after=None
[2024-03-12T23:31:23.700-0400] {processor.py:183} INFO - Processing /home/ironbong_jr/mlops/project/project/lib/python3.10/site-packages/airflow/example_dags/example_python_operator.py took 0.277 seconds
[2024-03-12T23:42:14.903-0400] {processor.py:161} INFO - Started process (PID=421575) to work on /home/ironbong_jr/mlops/project/project/lib/python3.10/site-packages/airflow/example_dags/example_python_operator.py
[2024-03-12T23:42:14.956-0400] {processor.py:830} INFO - Processing file /home/ironbong_jr/mlops/project/project/lib/python3.10/site-packages/airflow/example_dags/example_python_operator.py for tasks to queue
[2024-03-12T23:42:14.958-0400] {logging_mixin.py:188} INFO - [2024-03-12T23:42:14.957-0400] {dagbag.py:540} INFO - Filling up the DagBag from /home/ironbong_jr/mlops/project/project/lib/python3.10/site-packages/airflow/example_dags/example_python_operator.py
[2024-03-12T23:42:15.053-0400] {logging_mixin.py:188} INFO - [2024-03-12T23:42:15.052-0400] {example_python_operator.py:88} WARNING - The virtalenv_python example task requires virtualenv, please install it.
[2024-03-12T23:42:15.059-0400] {processor.py:840} INFO - DAG(s) 'example_python_operator' retrieved from /home/ironbong_jr/mlops/project/project/lib/python3.10/site-packages/airflow/example_dags/example_python_operator.py
[2024-03-12T23:42:15.478-0400] {logging_mixin.py:188} INFO - [2024-03-12T23:42:15.477-0400] {dag.py:3047} INFO - Sync 1 DAGs
[2024-03-12T23:42:15.491-0400] {logging_mixin.py:188} INFO - [2024-03-12T23:42:15.491-0400] {dag.py:3834} INFO - Setting next_dagrun for example_python_operator to None, run_after=None
[2024-03-12T23:42:15.590-0400] {processor.py:183} INFO - Processing /home/ironbong_jr/mlops/project/project/lib/python3.10/site-packages/airflow/example_dags/example_python_operator.py took 0.694 seconds
[2024-03-12T23:43:47.260-0400] {processor.py:161} INFO - Started process (PID=421942) to work on /home/ironbong_jr/mlops/project/project/lib/python3.10/site-packages/airflow/example_dags/example_python_operator.py
[2024-03-12T23:43:47.306-0400] {processor.py:830} INFO - Processing file /home/ironbong_jr/mlops/project/project/lib/python3.10/site-packages/airflow/example_dags/example_python_operator.py for tasks to queue
[2024-03-12T23:43:47.309-0400] {logging_mixin.py:188} INFO - [2024-03-12T23:43:47.308-0400] {dagbag.py:540} INFO - Filling up the DagBag from /home/ironbong_jr/mlops/project/project/lib/python3.10/site-packages/airflow/example_dags/example_python_operator.py
[2024-03-12T23:43:47.358-0400] {logging_mixin.py:188} INFO - [2024-03-12T23:43:47.358-0400] {example_python_operator.py:88} WARNING - The virtalenv_python example task requires virtualenv, please install it.
[2024-03-12T23:43:47.359-0400] {processor.py:840} INFO - DAG(s) 'example_python_operator' retrieved from /home/ironbong_jr/mlops/project/project/lib/python3.10/site-packages/airflow/example_dags/example_python_operator.py
[2024-03-12T23:43:47.388-0400] {logging_mixin.py:188} INFO - [2024-03-12T23:43:47.388-0400] {dag.py:3047} INFO - Sync 1 DAGs
[2024-03-12T23:43:47.564-0400] {logging_mixin.py:188} INFO - [2024-03-12T23:43:47.564-0400] {dag.py:3834} INFO - Setting next_dagrun for example_python_operator to None, run_after=None
[2024-03-12T23:43:47.708-0400] {processor.py:183} INFO - Processing /home/ironbong_jr/mlops/project/project/lib/python3.10/site-packages/airflow/example_dags/example_python_operator.py took 0.464 seconds
[2024-03-12T23:45:34.429-0400] {processor.py:161} INFO - Started process (PID=422533) to work on /home/ironbong_jr/mlops/project/project/lib/python3.10/site-packages/airflow/example_dags/example_python_operator.py
[2024-03-12T23:45:34.432-0400] {processor.py:830} INFO - Processing file /home/ironbong_jr/mlops/project/project/lib/python3.10/site-packages/airflow/example_dags/example_python_operator.py for tasks to queue
[2024-03-12T23:45:34.433-0400] {logging_mixin.py:188} INFO - [2024-03-12T23:45:34.433-0400] {dagbag.py:540} INFO - Filling up the DagBag from /home/ironbong_jr/mlops/project/project/lib/python3.10/site-packages/airflow/example_dags/example_python_operator.py
[2024-03-12T23:45:34.516-0400] {logging_mixin.py:188} INFO - [2024-03-12T23:45:34.516-0400] {example_python_operator.py:88} WARNING - The virtalenv_python example task requires virtualenv, please install it.
[2024-03-12T23:45:34.517-0400] {processor.py:840} INFO - DAG(s) 'example_python_operator' retrieved from /home/ironbong_jr/mlops/project/project/lib/python3.10/site-packages/airflow/example_dags/example_python_operator.py
[2024-03-12T23:45:34.543-0400] {logging_mixin.py:188} INFO - [2024-03-12T23:45:34.543-0400] {dag.py:3047} INFO - Sync 1 DAGs
[2024-03-12T23:45:34.559-0400] {logging_mixin.py:188} INFO - [2024-03-12T23:45:34.559-0400] {dag.py:3834} INFO - Setting next_dagrun for example_python_operator to None, run_after=None
[2024-03-12T23:45:34.599-0400] {processor.py:183} INFO - Processing /home/ironbong_jr/mlops/project/project/lib/python3.10/site-packages/airflow/example_dags/example_python_operator.py took 0.176 seconds
[2024-03-12T23:47:32.862-0400] {processor.py:161} INFO - Started process (PID=423120) to work on /home/ironbong_jr/mlops/project/project/lib/python3.10/site-packages/airflow/example_dags/example_python_operator.py
[2024-03-12T23:47:32.913-0400] {processor.py:830} INFO - Processing file /home/ironbong_jr/mlops/project/project/lib/python3.10/site-packages/airflow/example_dags/example_python_operator.py for tasks to queue
[2024-03-12T23:47:32.916-0400] {logging_mixin.py:188} INFO - [2024-03-12T23:47:32.915-0400] {dagbag.py:540} INFO - Filling up the DagBag from /home/ironbong_jr/mlops/project/project/lib/python3.10/site-packages/airflow/example_dags/example_python_operator.py
[2024-03-12T23:47:32.993-0400] {logging_mixin.py:188} INFO - [2024-03-12T23:47:32.992-0400] {example_python_operator.py:88} WARNING - The virtalenv_python example task requires virtualenv, please install it.
[2024-03-12T23:47:32.994-0400] {processor.py:840} INFO - DAG(s) 'example_python_operator' retrieved from /home/ironbong_jr/mlops/project/project/lib/python3.10/site-packages/airflow/example_dags/example_python_operator.py
[2024-03-12T23:47:33.031-0400] {logging_mixin.py:188} INFO - [2024-03-12T23:47:33.031-0400] {dag.py:3047} INFO - Sync 1 DAGs
[2024-03-12T23:47:33.053-0400] {logging_mixin.py:188} INFO - [2024-03-12T23:47:33.052-0400] {dag.py:3834} INFO - Setting next_dagrun for example_python_operator to None, run_after=None
[2024-03-12T23:47:33.100-0400] {processor.py:183} INFO - Processing /home/ironbong_jr/mlops/project/project/lib/python3.10/site-packages/airflow/example_dags/example_python_operator.py took 0.244 seconds
[2024-03-12T23:49:19.665-0400] {processor.py:161} INFO - Started process (PID=423595) to work on /home/ironbong_jr/mlops/project/project/lib/python3.10/site-packages/airflow/example_dags/example_python_operator.py
[2024-03-12T23:49:19.717-0400] {processor.py:830} INFO - Processing file /home/ironbong_jr/mlops/project/project/lib/python3.10/site-packages/airflow/example_dags/example_python_operator.py for tasks to queue
[2024-03-12T23:49:19.719-0400] {logging_mixin.py:188} INFO - [2024-03-12T23:49:19.718-0400] {dagbag.py:540} INFO - Filling up the DagBag from /home/ironbong_jr/mlops/project/project/lib/python3.10/site-packages/airflow/example_dags/example_python_operator.py
[2024-03-12T23:49:19.776-0400] {logging_mixin.py:188} INFO - [2024-03-12T23:49:19.775-0400] {example_python_operator.py:88} WARNING - The virtalenv_python example task requires virtualenv, please install it.
[2024-03-12T23:49:19.777-0400] {processor.py:840} INFO - DAG(s) 'example_python_operator' retrieved from /home/ironbong_jr/mlops/project/project/lib/python3.10/site-packages/airflow/example_dags/example_python_operator.py
[2024-03-12T23:49:19.805-0400] {logging_mixin.py:188} INFO - [2024-03-12T23:49:19.805-0400] {dag.py:3047} INFO - Sync 1 DAGs
[2024-03-12T23:49:19.825-0400] {logging_mixin.py:188} INFO - [2024-03-12T23:49:19.825-0400] {dag.py:3834} INFO - Setting next_dagrun for example_python_operator to None, run_after=None
[2024-03-12T23:49:19.945-0400] {processor.py:183} INFO - Processing /home/ironbong_jr/mlops/project/project/lib/python3.10/site-packages/airflow/example_dags/example_python_operator.py took 0.297 seconds
[2024-03-12T23:50:46.556-0400] {processor.py:161} INFO - Started process (PID=424059) to work on /home/ironbong_jr/mlops/project/project/lib/python3.10/site-packages/airflow/example_dags/example_python_operator.py
[2024-03-12T23:50:46.560-0400] {processor.py:830} INFO - Processing file /home/ironbong_jr/mlops/project/project/lib/python3.10/site-packages/airflow/example_dags/example_python_operator.py for tasks to queue
[2024-03-12T23:50:46.562-0400] {logging_mixin.py:188} INFO - [2024-03-12T23:50:46.561-0400] {dagbag.py:540} INFO - Filling up the DagBag from /home/ironbong_jr/mlops/project/project/lib/python3.10/site-packages/airflow/example_dags/example_python_operator.py
[2024-03-12T23:50:46.638-0400] {logging_mixin.py:188} INFO - [2024-03-12T23:50:46.637-0400] {example_python_operator.py:88} WARNING - The virtalenv_python example task requires virtualenv, please install it.
[2024-03-12T23:50:46.639-0400] {processor.py:840} INFO - DAG(s) 'example_python_operator' retrieved from /home/ironbong_jr/mlops/project/project/lib/python3.10/site-packages/airflow/example_dags/example_python_operator.py
[2024-03-12T23:50:46.669-0400] {logging_mixin.py:188} INFO - [2024-03-12T23:50:46.669-0400] {dag.py:3047} INFO - Sync 1 DAGs
[2024-03-12T23:50:46.685-0400] {logging_mixin.py:188} INFO - [2024-03-12T23:50:46.685-0400] {dag.py:3834} INFO - Setting next_dagrun for example_python_operator to None, run_after=None
[2024-03-12T23:50:46.786-0400] {processor.py:183} INFO - Processing /home/ironbong_jr/mlops/project/project/lib/python3.10/site-packages/airflow/example_dags/example_python_operator.py took 0.235 seconds
[2024-03-12T23:52:11.727-0400] {processor.py:161} INFO - Started process (PID=424447) to work on /home/ironbong_jr/mlops/project/project/lib/python3.10/site-packages/airflow/example_dags/example_python_operator.py
[2024-03-12T23:52:11.775-0400] {processor.py:830} INFO - Processing file /home/ironbong_jr/mlops/project/project/lib/python3.10/site-packages/airflow/example_dags/example_python_operator.py for tasks to queue
[2024-03-12T23:52:11.777-0400] {logging_mixin.py:188} INFO - [2024-03-12T23:52:11.776-0400] {dagbag.py:540} INFO - Filling up the DagBag from /home/ironbong_jr/mlops/project/project/lib/python3.10/site-packages/airflow/example_dags/example_python_operator.py
[2024-03-12T23:52:11.831-0400] {logging_mixin.py:188} INFO - [2024-03-12T23:52:11.831-0400] {example_python_operator.py:88} WARNING - The virtalenv_python example task requires virtualenv, please install it.
[2024-03-12T23:52:11.832-0400] {processor.py:840} INFO - DAG(s) 'example_python_operator' retrieved from /home/ironbong_jr/mlops/project/project/lib/python3.10/site-packages/airflow/example_dags/example_python_operator.py
[2024-03-12T23:52:11.863-0400] {logging_mixin.py:188} INFO - [2024-03-12T23:52:11.863-0400] {dag.py:3047} INFO - Sync 1 DAGs
[2024-03-12T23:52:11.881-0400] {logging_mixin.py:188} INFO - [2024-03-12T23:52:11.880-0400] {dag.py:3834} INFO - Setting next_dagrun for example_python_operator to None, run_after=None
[2024-03-12T23:52:11.988-0400] {processor.py:183} INFO - Processing /home/ironbong_jr/mlops/project/project/lib/python3.10/site-packages/airflow/example_dags/example_python_operator.py took 0.270 seconds
[2024-03-12T23:53:39.109-0400] {processor.py:161} INFO - Started process (PID=424986) to work on /home/ironbong_jr/mlops/project/project/lib/python3.10/site-packages/airflow/example_dags/example_python_operator.py
[2024-03-12T23:53:39.161-0400] {processor.py:830} INFO - Processing file /home/ironbong_jr/mlops/project/project/lib/python3.10/site-packages/airflow/example_dags/example_python_operator.py for tasks to queue
[2024-03-12T23:53:39.163-0400] {logging_mixin.py:188} INFO - [2024-03-12T23:53:39.162-0400] {dagbag.py:540} INFO - Filling up the DagBag from /home/ironbong_jr/mlops/project/project/lib/python3.10/site-packages/airflow/example_dags/example_python_operator.py
[2024-03-12T23:53:39.221-0400] {logging_mixin.py:188} INFO - [2024-03-12T23:53:39.221-0400] {example_python_operator.py:88} WARNING - The virtalenv_python example task requires virtualenv, please install it.
[2024-03-12T23:53:39.222-0400] {processor.py:840} INFO - DAG(s) 'example_python_operator' retrieved from /home/ironbong_jr/mlops/project/project/lib/python3.10/site-packages/airflow/example_dags/example_python_operator.py
[2024-03-12T23:53:39.303-0400] {logging_mixin.py:188} INFO - [2024-03-12T23:53:39.303-0400] {dag.py:3047} INFO - Sync 1 DAGs
[2024-03-12T23:53:39.361-0400] {logging_mixin.py:188} INFO - [2024-03-12T23:53:39.360-0400] {dag.py:3834} INFO - Setting next_dagrun for example_python_operator to None, run_after=None
[2024-03-12T23:53:39.442-0400] {processor.py:183} INFO - Processing /home/ironbong_jr/mlops/project/project/lib/python3.10/site-packages/airflow/example_dags/example_python_operator.py took 0.343 seconds
[2024-03-12T23:55:17.045-0400] {processor.py:161} INFO - Started process (PID=425410) to work on /home/ironbong_jr/mlops/project/project/lib/python3.10/site-packages/airflow/example_dags/example_python_operator.py
[2024-03-12T23:55:17.048-0400] {processor.py:830} INFO - Processing file /home/ironbong_jr/mlops/project/project/lib/python3.10/site-packages/airflow/example_dags/example_python_operator.py for tasks to queue
[2024-03-12T23:55:17.050-0400] {logging_mixin.py:188} INFO - [2024-03-12T23:55:17.049-0400] {dagbag.py:540} INFO - Filling up the DagBag from /home/ironbong_jr/mlops/project/project/lib/python3.10/site-packages/airflow/example_dags/example_python_operator.py
[2024-03-12T23:55:17.148-0400] {logging_mixin.py:188} INFO - [2024-03-12T23:55:17.147-0400] {example_python_operator.py:88} WARNING - The virtalenv_python example task requires virtualenv, please install it.
[2024-03-12T23:55:17.150-0400] {processor.py:840} INFO - DAG(s) 'example_python_operator' retrieved from /home/ironbong_jr/mlops/project/project/lib/python3.10/site-packages/airflow/example_dags/example_python_operator.py
[2024-03-12T23:55:17.183-0400] {logging_mixin.py:188} INFO - [2024-03-12T23:55:17.182-0400] {dag.py:3047} INFO - Sync 1 DAGs
[2024-03-12T23:55:17.201-0400] {logging_mixin.py:188} INFO - [2024-03-12T23:55:17.200-0400] {dag.py:3834} INFO - Setting next_dagrun for example_python_operator to None, run_after=None
[2024-03-12T23:55:17.326-0400] {processor.py:183} INFO - Processing /home/ironbong_jr/mlops/project/project/lib/python3.10/site-packages/airflow/example_dags/example_python_operator.py took 0.288 seconds
[2024-03-13T00:30:05.745-0400] {processor.py:161} INFO - Started process (PID=432830) to work on /home/ironbong_jr/mlops/project/project/lib/python3.10/site-packages/airflow/example_dags/example_python_operator.py
[2024-03-13T00:30:05.748-0400] {processor.py:830} INFO - Processing file /home/ironbong_jr/mlops/project/project/lib/python3.10/site-packages/airflow/example_dags/example_python_operator.py for tasks to queue
[2024-03-13T00:30:05.750-0400] {logging_mixin.py:188} INFO - [2024-03-13T00:30:05.749-0400] {dagbag.py:540} INFO - Filling up the DagBag from /home/ironbong_jr/mlops/project/project/lib/python3.10/site-packages/airflow/example_dags/example_python_operator.py
[2024-03-13T00:30:05.826-0400] {logging_mixin.py:188} INFO - [2024-03-13T00:30:05.826-0400] {example_python_operator.py:88} WARNING - The virtalenv_python example task requires virtualenv, please install it.
[2024-03-13T00:30:05.833-0400] {processor.py:840} INFO - DAG(s) 'example_python_operator' retrieved from /home/ironbong_jr/mlops/project/project/lib/python3.10/site-packages/airflow/example_dags/example_python_operator.py
[2024-03-13T00:30:06.278-0400] {logging_mixin.py:188} INFO - [2024-03-13T00:30:06.278-0400] {dag.py:3047} INFO - Sync 1 DAGs
[2024-03-13T00:30:06.298-0400] {logging_mixin.py:188} INFO - [2024-03-13T00:30:06.297-0400] {dag.py:3834} INFO - Setting next_dagrun for example_python_operator to None, run_after=None
[2024-03-13T00:30:06.419-0400] {processor.py:183} INFO - Processing /home/ironbong_jr/mlops/project/project/lib/python3.10/site-packages/airflow/example_dags/example_python_operator.py took 0.683 seconds
[2024-03-13T00:31:33.080-0400] {processor.py:161} INFO - Started process (PID=433215) to work on /home/ironbong_jr/mlops/project/project/lib/python3.10/site-packages/airflow/example_dags/example_python_operator.py
[2024-03-13T00:31:33.085-0400] {processor.py:830} INFO - Processing file /home/ironbong_jr/mlops/project/project/lib/python3.10/site-packages/airflow/example_dags/example_python_operator.py for tasks to queue
[2024-03-13T00:31:33.086-0400] {logging_mixin.py:188} INFO - [2024-03-13T00:31:33.086-0400] {dagbag.py:540} INFO - Filling up the DagBag from /home/ironbong_jr/mlops/project/project/lib/python3.10/site-packages/airflow/example_dags/example_python_operator.py
[2024-03-13T00:31:33.142-0400] {logging_mixin.py:188} INFO - [2024-03-13T00:31:33.142-0400] {example_python_operator.py:88} WARNING - The virtalenv_python example task requires virtualenv, please install it.
[2024-03-13T00:31:33.143-0400] {processor.py:840} INFO - DAG(s) 'example_python_operator' retrieved from /home/ironbong_jr/mlops/project/project/lib/python3.10/site-packages/airflow/example_dags/example_python_operator.py
[2024-03-13T00:31:33.178-0400] {logging_mixin.py:188} INFO - [2024-03-13T00:31:33.177-0400] {dag.py:3047} INFO - Sync 1 DAGs
[2024-03-13T00:31:33.200-0400] {logging_mixin.py:188} INFO - [2024-03-13T00:31:33.200-0400] {dag.py:3834} INFO - Setting next_dagrun for example_python_operator to None, run_after=None
[2024-03-13T00:31:33.453-0400] {processor.py:183} INFO - Processing /home/ironbong_jr/mlops/project/project/lib/python3.10/site-packages/airflow/example_dags/example_python_operator.py took 0.378 seconds
[2024-03-13T00:35:52.116-0400] {processor.py:161} INFO - Started process (PID=434315) to work on /home/ironbong_jr/mlops/project/project/lib/python3.10/site-packages/airflow/example_dags/example_python_operator.py
[2024-03-13T00:35:52.159-0400] {processor.py:830} INFO - Processing file /home/ironbong_jr/mlops/project/project/lib/python3.10/site-packages/airflow/example_dags/example_python_operator.py for tasks to queue
[2024-03-13T00:35:52.164-0400] {logging_mixin.py:188} INFO - [2024-03-13T00:35:52.162-0400] {dagbag.py:540} INFO - Filling up the DagBag from /home/ironbong_jr/mlops/project/project/lib/python3.10/site-packages/airflow/example_dags/example_python_operator.py
[2024-03-13T00:35:52.260-0400] {logging_mixin.py:188} INFO - [2024-03-13T00:35:52.259-0400] {example_python_operator.py:88} WARNING - The virtalenv_python example task requires virtualenv, please install it.
[2024-03-13T00:35:52.261-0400] {processor.py:840} INFO - DAG(s) 'example_python_operator' retrieved from /home/ironbong_jr/mlops/project/project/lib/python3.10/site-packages/airflow/example_dags/example_python_operator.py
[2024-03-13T00:35:52.311-0400] {logging_mixin.py:188} INFO - [2024-03-13T00:35:52.310-0400] {dag.py:3047} INFO - Sync 1 DAGs
[2024-03-13T00:35:52.331-0400] {logging_mixin.py:188} INFO - [2024-03-13T00:35:52.330-0400] {dag.py:3834} INFO - Setting next_dagrun for example_python_operator to None, run_after=None
[2024-03-13T00:35:52.376-0400] {processor.py:183} INFO - Processing /home/ironbong_jr/mlops/project/project/lib/python3.10/site-packages/airflow/example_dags/example_python_operator.py took 0.269 seconds
[2024-03-13T00:37:52.179-0400] {processor.py:161} INFO - Started process (PID=434885) to work on /home/ironbong_jr/mlops/project/project/lib/python3.10/site-packages/airflow/example_dags/example_python_operator.py
[2024-03-13T00:37:52.182-0400] {processor.py:830} INFO - Processing file /home/ironbong_jr/mlops/project/project/lib/python3.10/site-packages/airflow/example_dags/example_python_operator.py for tasks to queue
[2024-03-13T00:37:52.186-0400] {logging_mixin.py:188} INFO - [2024-03-13T00:37:52.184-0400] {dagbag.py:540} INFO - Filling up the DagBag from /home/ironbong_jr/mlops/project/project/lib/python3.10/site-packages/airflow/example_dags/example_python_operator.py
[2024-03-13T00:37:52.241-0400] {logging_mixin.py:188} INFO - [2024-03-13T00:37:52.240-0400] {example_python_operator.py:88} WARNING - The virtalenv_python example task requires virtualenv, please install it.
[2024-03-13T00:37:52.242-0400] {processor.py:840} INFO - DAG(s) 'example_python_operator' retrieved from /home/ironbong_jr/mlops/project/project/lib/python3.10/site-packages/airflow/example_dags/example_python_operator.py
[2024-03-13T00:37:52.270-0400] {logging_mixin.py:188} INFO - [2024-03-13T00:37:52.270-0400] {dag.py:3047} INFO - Sync 1 DAGs
[2024-03-13T00:37:52.287-0400] {logging_mixin.py:188} INFO - [2024-03-13T00:37:52.287-0400] {dag.py:3834} INFO - Setting next_dagrun for example_python_operator to None, run_after=None
[2024-03-13T00:37:52.324-0400] {processor.py:183} INFO - Processing /home/ironbong_jr/mlops/project/project/lib/python3.10/site-packages/airflow/example_dags/example_python_operator.py took 0.152 seconds
[2024-03-13T00:39:19.387-0400] {processor.py:161} INFO - Started process (PID=435283) to work on /home/ironbong_jr/mlops/project/project/lib/python3.10/site-packages/airflow/example_dags/example_python_operator.py
[2024-03-13T00:39:19.390-0400] {processor.py:830} INFO - Processing file /home/ironbong_jr/mlops/project/project/lib/python3.10/site-packages/airflow/example_dags/example_python_operator.py for tasks to queue
[2024-03-13T00:39:19.392-0400] {logging_mixin.py:188} INFO - [2024-03-13T00:39:19.391-0400] {dagbag.py:540} INFO - Filling up the DagBag from /home/ironbong_jr/mlops/project/project/lib/python3.10/site-packages/airflow/example_dags/example_python_operator.py
[2024-03-13T00:39:19.439-0400] {logging_mixin.py:188} INFO - [2024-03-13T00:39:19.438-0400] {example_python_operator.py:88} WARNING - The virtalenv_python example task requires virtualenv, please install it.
[2024-03-13T00:39:19.440-0400] {processor.py:840} INFO - DAG(s) 'example_python_operator' retrieved from /home/ironbong_jr/mlops/project/project/lib/python3.10/site-packages/airflow/example_dags/example_python_operator.py
[2024-03-13T00:39:19.471-0400] {logging_mixin.py:188} INFO - [2024-03-13T00:39:19.471-0400] {dag.py:3047} INFO - Sync 1 DAGs
[2024-03-13T00:39:19.489-0400] {logging_mixin.py:188} INFO - [2024-03-13T00:39:19.488-0400] {dag.py:3834} INFO - Setting next_dagrun for example_python_operator to None, run_after=None
[2024-03-13T00:39:19.605-0400] {processor.py:183} INFO - Processing /home/ironbong_jr/mlops/project/project/lib/python3.10/site-packages/airflow/example_dags/example_python_operator.py took 0.223 seconds
[2024-03-13T00:40:54.102-0400] {processor.py:161} INFO - Started process (PID=435713) to work on /home/ironbong_jr/mlops/project/project/lib/python3.10/site-packages/airflow/example_dags/example_python_operator.py
[2024-03-13T00:40:54.154-0400] {processor.py:830} INFO - Processing file /home/ironbong_jr/mlops/project/project/lib/python3.10/site-packages/airflow/example_dags/example_python_operator.py for tasks to queue
[2024-03-13T00:40:54.158-0400] {logging_mixin.py:188} INFO - [2024-03-13T00:40:54.157-0400] {dagbag.py:540} INFO - Filling up the DagBag from /home/ironbong_jr/mlops/project/project/lib/python3.10/site-packages/airflow/example_dags/example_python_operator.py
[2024-03-13T00:40:54.261-0400] {logging_mixin.py:188} INFO - [2024-03-13T00:40:54.261-0400] {example_python_operator.py:88} WARNING - The virtalenv_python example task requires virtualenv, please install it.
[2024-03-13T00:40:54.263-0400] {processor.py:840} INFO - DAG(s) 'example_python_operator' retrieved from /home/ironbong_jr/mlops/project/project/lib/python3.10/site-packages/airflow/example_dags/example_python_operator.py
[2024-03-13T00:40:54.304-0400] {logging_mixin.py:188} INFO - [2024-03-13T00:40:54.304-0400] {dag.py:3047} INFO - Sync 1 DAGs
[2024-03-13T00:40:54.327-0400] {logging_mixin.py:188} INFO - [2024-03-13T00:40:54.326-0400] {dag.py:3834} INFO - Setting next_dagrun for example_python_operator to None, run_after=None
[2024-03-13T00:40:54.429-0400] {processor.py:183} INFO - Processing /home/ironbong_jr/mlops/project/project/lib/python3.10/site-packages/airflow/example_dags/example_python_operator.py took 0.337 seconds
[2024-03-13T00:44:10.827-0400] {processor.py:161} INFO - Started process (PID=436622) to work on /home/ironbong_jr/mlops/project/project/lib/python3.10/site-packages/airflow/example_dags/example_python_operator.py
[2024-03-13T00:44:10.879-0400] {processor.py:830} INFO - Processing file /home/ironbong_jr/mlops/project/project/lib/python3.10/site-packages/airflow/example_dags/example_python_operator.py for tasks to queue
[2024-03-13T00:44:10.882-0400] {logging_mixin.py:188} INFO - [2024-03-13T00:44:10.881-0400] {dagbag.py:540} INFO - Filling up the DagBag from /home/ironbong_jr/mlops/project/project/lib/python3.10/site-packages/airflow/example_dags/example_python_operator.py
[2024-03-13T00:44:10.957-0400] {logging_mixin.py:188} INFO - [2024-03-13T00:44:10.956-0400] {example_python_operator.py:88} WARNING - The virtalenv_python example task requires virtualenv, please install it.
[2024-03-13T00:44:10.958-0400] {processor.py:840} INFO - DAG(s) 'example_python_operator' retrieved from /home/ironbong_jr/mlops/project/project/lib/python3.10/site-packages/airflow/example_dags/example_python_operator.py
[2024-03-13T00:44:10.994-0400] {logging_mixin.py:188} INFO - [2024-03-13T00:44:10.993-0400] {dag.py:3047} INFO - Sync 1 DAGs
[2024-03-13T00:44:11.029-0400] {logging_mixin.py:188} INFO - [2024-03-13T00:44:11.029-0400] {dag.py:3834} INFO - Setting next_dagrun for example_python_operator to None, run_after=None
[2024-03-13T00:44:11.115-0400] {processor.py:183} INFO - Processing /home/ironbong_jr/mlops/project/project/lib/python3.10/site-packages/airflow/example_dags/example_python_operator.py took 0.295 seconds
[2024-03-13T00:45:31.499-0400] {processor.py:161} INFO - Started process (PID=436970) to work on /home/ironbong_jr/mlops/project/project/lib/python3.10/site-packages/airflow/example_dags/example_python_operator.py
[2024-03-13T00:45:31.549-0400] {processor.py:830} INFO - Processing file /home/ironbong_jr/mlops/project/project/lib/python3.10/site-packages/airflow/example_dags/example_python_operator.py for tasks to queue
[2024-03-13T00:45:31.552-0400] {logging_mixin.py:188} INFO - [2024-03-13T00:45:31.551-0400] {dagbag.py:540} INFO - Filling up the DagBag from /home/ironbong_jr/mlops/project/project/lib/python3.10/site-packages/airflow/example_dags/example_python_operator.py
[2024-03-13T00:45:31.624-0400] {logging_mixin.py:188} INFO - [2024-03-13T00:45:31.623-0400] {example_python_operator.py:88} WARNING - The virtalenv_python example task requires virtualenv, please install it.
[2024-03-13T00:45:31.626-0400] {processor.py:840} INFO - DAG(s) 'example_python_operator' retrieved from /home/ironbong_jr/mlops/project/project/lib/python3.10/site-packages/airflow/example_dags/example_python_operator.py
[2024-03-13T00:45:31.648-0400] {logging_mixin.py:188} INFO - [2024-03-13T00:45:31.648-0400] {dag.py:3047} INFO - Sync 1 DAGs
[2024-03-13T00:45:31.666-0400] {logging_mixin.py:188} INFO - [2024-03-13T00:45:31.665-0400] {dag.py:3834} INFO - Setting next_dagrun for example_python_operator to None, run_after=None
[2024-03-13T00:45:31.779-0400] {processor.py:183} INFO - Processing /home/ironbong_jr/mlops/project/project/lib/python3.10/site-packages/airflow/example_dags/example_python_operator.py took 0.286 seconds
[2024-03-13T15:49:17.291-0400] {processor.py:161} INFO - Started process (PID=453754) to work on /home/ironbong_jr/mlops/project/project/lib/python3.10/site-packages/airflow/example_dags/example_python_operator.py
[2024-03-13T15:49:17.294-0400] {processor.py:830} INFO - Processing file /home/ironbong_jr/mlops/project/project/lib/python3.10/site-packages/airflow/example_dags/example_python_operator.py for tasks to queue
[2024-03-13T15:49:17.295-0400] {logging_mixin.py:188} INFO - [2024-03-13T15:49:17.295-0400] {dagbag.py:540} INFO - Filling up the DagBag from /home/ironbong_jr/mlops/project/project/lib/python3.10/site-packages/airflow/example_dags/example_python_operator.py
[2024-03-13T15:49:17.313-0400] {logging_mixin.py:188} INFO - [2024-03-13T15:49:17.313-0400] {example_python_operator.py:88} WARNING - The virtalenv_python example task requires virtualenv, please install it.
[2024-03-13T15:49:17.315-0400] {processor.py:840} INFO - DAG(s) 'example_python_operator' retrieved from /home/ironbong_jr/mlops/project/project/lib/python3.10/site-packages/airflow/example_dags/example_python_operator.py
[2024-03-13T15:49:17.425-0400] {logging_mixin.py:188} INFO - [2024-03-13T15:49:17.425-0400] {dag.py:3047} INFO - Sync 1 DAGs
[2024-03-13T15:49:17.429-0400] {logging_mixin.py:188} INFO - [2024-03-13T15:49:17.429-0400] {dag.py:3834} INFO - Setting next_dagrun for example_python_operator to None, run_after=None
[2024-03-13T15:49:17.450-0400] {processor.py:183} INFO - Processing /home/ironbong_jr/mlops/project/project/lib/python3.10/site-packages/airflow/example_dags/example_python_operator.py took 0.161 seconds
[2024-03-13T15:51:25.802-0400] {processor.py:161} INFO - Started process (PID=454479) to work on /home/ironbong_jr/mlops/project/project/lib/python3.10/site-packages/airflow/example_dags/example_python_operator.py
[2024-03-13T15:51:25.806-0400] {processor.py:830} INFO - Processing file /home/ironbong_jr/mlops/project/project/lib/python3.10/site-packages/airflow/example_dags/example_python_operator.py for tasks to queue
[2024-03-13T15:51:25.806-0400] {logging_mixin.py:188} INFO - [2024-03-13T15:51:25.806-0400] {dagbag.py:540} INFO - Filling up the DagBag from /home/ironbong_jr/mlops/project/project/lib/python3.10/site-packages/airflow/example_dags/example_python_operator.py
[2024-03-13T15:51:25.909-0400] {logging_mixin.py:188} INFO - [2024-03-13T15:51:25.909-0400] {example_python_operator.py:88} WARNING - The virtalenv_python example task requires virtualenv, please install it.
[2024-03-13T15:51:25.910-0400] {processor.py:840} INFO - DAG(s) 'example_python_operator' retrieved from /home/ironbong_jr/mlops/project/project/lib/python3.10/site-packages/airflow/example_dags/example_python_operator.py
[2024-03-13T15:51:25.918-0400] {logging_mixin.py:188} INFO - [2024-03-13T15:51:25.918-0400] {dag.py:3047} INFO - Sync 1 DAGs
[2024-03-13T15:51:25.923-0400] {logging_mixin.py:188} INFO - [2024-03-13T15:51:25.923-0400] {dag.py:3834} INFO - Setting next_dagrun for example_python_operator to None, run_after=None
[2024-03-13T15:51:25.944-0400] {processor.py:183} INFO - Processing /home/ironbong_jr/mlops/project/project/lib/python3.10/site-packages/airflow/example_dags/example_python_operator.py took 0.145 seconds
[2024-03-13T15:52:22.353-0400] {processor.py:161} INFO - Started process (PID=454774) to work on /home/ironbong_jr/mlops/project/project/lib/python3.10/site-packages/airflow/example_dags/example_python_operator.py
[2024-03-13T15:52:22.356-0400] {processor.py:830} INFO - Processing file /home/ironbong_jr/mlops/project/project/lib/python3.10/site-packages/airflow/example_dags/example_python_operator.py for tasks to queue
[2024-03-13T15:52:22.357-0400] {logging_mixin.py:188} INFO - [2024-03-13T15:52:22.357-0400] {dagbag.py:540} INFO - Filling up the DagBag from /home/ironbong_jr/mlops/project/project/lib/python3.10/site-packages/airflow/example_dags/example_python_operator.py
[2024-03-13T15:52:22.374-0400] {logging_mixin.py:188} INFO - [2024-03-13T15:52:22.374-0400] {example_python_operator.py:88} WARNING - The virtalenv_python example task requires virtualenv, please install it.
[2024-03-13T15:52:22.374-0400] {processor.py:840} INFO - DAG(s) 'example_python_operator' retrieved from /home/ironbong_jr/mlops/project/project/lib/python3.10/site-packages/airflow/example_dags/example_python_operator.py
[2024-03-13T15:52:22.390-0400] {logging_mixin.py:188} INFO - [2024-03-13T15:52:22.389-0400] {dag.py:3047} INFO - Sync 1 DAGs
[2024-03-13T15:52:22.397-0400] {logging_mixin.py:188} INFO - [2024-03-13T15:52:22.397-0400] {dag.py:3834} INFO - Setting next_dagrun for example_python_operator to None, run_after=None
[2024-03-13T15:52:22.421-0400] {processor.py:183} INFO - Processing /home/ironbong_jr/mlops/project/project/lib/python3.10/site-packages/airflow/example_dags/example_python_operator.py took 0.071 seconds
[2024-03-13T15:53:16.353-0400] {processor.py:161} INFO - Started process (PID=455066) to work on /home/ironbong_jr/mlops/project/project/lib/python3.10/site-packages/airflow/example_dags/example_python_operator.py
[2024-03-13T15:53:16.354-0400] {processor.py:830} INFO - Processing file /home/ironbong_jr/mlops/project/project/lib/python3.10/site-packages/airflow/example_dags/example_python_operator.py for tasks to queue
[2024-03-13T15:53:16.355-0400] {logging_mixin.py:188} INFO - [2024-03-13T15:53:16.355-0400] {dagbag.py:540} INFO - Filling up the DagBag from /home/ironbong_jr/mlops/project/project/lib/python3.10/site-packages/airflow/example_dags/example_python_operator.py
[2024-03-13T15:53:16.389-0400] {logging_mixin.py:188} INFO - [2024-03-13T15:53:16.388-0400] {example_python_operator.py:88} WARNING - The virtalenv_python example task requires virtualenv, please install it.
[2024-03-13T15:53:16.389-0400] {processor.py:840} INFO - DAG(s) 'example_python_operator' retrieved from /home/ironbong_jr/mlops/project/project/lib/python3.10/site-packages/airflow/example_dags/example_python_operator.py
[2024-03-13T15:53:16.400-0400] {logging_mixin.py:188} INFO - [2024-03-13T15:53:16.400-0400] {dag.py:3047} INFO - Sync 1 DAGs
[2024-03-13T15:53:16.408-0400] {logging_mixin.py:188} INFO - [2024-03-13T15:53:16.408-0400] {dag.py:3834} INFO - Setting next_dagrun for example_python_operator to None, run_after=None
[2024-03-13T15:53:16.434-0400] {processor.py:183} INFO - Processing /home/ironbong_jr/mlops/project/project/lib/python3.10/site-packages/airflow/example_dags/example_python_operator.py took 0.084 seconds
[2024-03-13T15:54:09.825-0400] {processor.py:161} INFO - Started process (PID=455318) to work on /home/ironbong_jr/mlops/project/project/lib/python3.10/site-packages/airflow/example_dags/example_python_operator.py
[2024-03-13T15:54:09.828-0400] {processor.py:830} INFO - Processing file /home/ironbong_jr/mlops/project/project/lib/python3.10/site-packages/airflow/example_dags/example_python_operator.py for tasks to queue
[2024-03-13T15:54:09.829-0400] {logging_mixin.py:188} INFO - [2024-03-13T15:54:09.829-0400] {dagbag.py:540} INFO - Filling up the DagBag from /home/ironbong_jr/mlops/project/project/lib/python3.10/site-packages/airflow/example_dags/example_python_operator.py
[2024-03-13T15:54:09.854-0400] {logging_mixin.py:188} INFO - [2024-03-13T15:54:09.854-0400] {example_python_operator.py:88} WARNING - The virtalenv_python example task requires virtualenv, please install it.
[2024-03-13T15:54:09.855-0400] {processor.py:840} INFO - DAG(s) 'example_python_operator' retrieved from /home/ironbong_jr/mlops/project/project/lib/python3.10/site-packages/airflow/example_dags/example_python_operator.py
[2024-03-13T15:54:09.866-0400] {logging_mixin.py:188} INFO - [2024-03-13T15:54:09.866-0400] {dag.py:3047} INFO - Sync 1 DAGs
[2024-03-13T15:54:09.873-0400] {logging_mixin.py:188} INFO - [2024-03-13T15:54:09.873-0400] {dag.py:3834} INFO - Setting next_dagrun for example_python_operator to None, run_after=None
[2024-03-13T15:54:09.905-0400] {processor.py:183} INFO - Processing /home/ironbong_jr/mlops/project/project/lib/python3.10/site-packages/airflow/example_dags/example_python_operator.py took 0.082 seconds
[2024-03-13T15:55:02.438-0400] {processor.py:161} INFO - Started process (PID=455580) to work on /home/ironbong_jr/mlops/project/project/lib/python3.10/site-packages/airflow/example_dags/example_python_operator.py
[2024-03-13T15:55:02.442-0400] {processor.py:830} INFO - Processing file /home/ironbong_jr/mlops/project/project/lib/python3.10/site-packages/airflow/example_dags/example_python_operator.py for tasks to queue
[2024-03-13T15:55:02.443-0400] {logging_mixin.py:188} INFO - [2024-03-13T15:55:02.443-0400] {dagbag.py:540} INFO - Filling up the DagBag from /home/ironbong_jr/mlops/project/project/lib/python3.10/site-packages/airflow/example_dags/example_python_operator.py
[2024-03-13T15:55:02.479-0400] {logging_mixin.py:188} INFO - [2024-03-13T15:55:02.479-0400] {example_python_operator.py:88} WARNING - The virtalenv_python example task requires virtualenv, please install it.
[2024-03-13T15:55:02.479-0400] {processor.py:840} INFO - DAG(s) 'example_python_operator' retrieved from /home/ironbong_jr/mlops/project/project/lib/python3.10/site-packages/airflow/example_dags/example_python_operator.py
[2024-03-13T15:55:02.491-0400] {logging_mixin.py:188} INFO - [2024-03-13T15:55:02.491-0400] {dag.py:3047} INFO - Sync 1 DAGs
[2024-03-13T15:55:02.498-0400] {logging_mixin.py:188} INFO - [2024-03-13T15:55:02.498-0400] {dag.py:3834} INFO - Setting next_dagrun for example_python_operator to None, run_after=None
[2024-03-13T15:55:02.526-0400] {processor.py:183} INFO - Processing /home/ironbong_jr/mlops/project/project/lib/python3.10/site-packages/airflow/example_dags/example_python_operator.py took 0.091 seconds
[2024-03-13T15:55:53.449-0400] {processor.py:161} INFO - Started process (PID=455847) to work on /home/ironbong_jr/mlops/project/project/lib/python3.10/site-packages/airflow/example_dags/example_python_operator.py
[2024-03-13T15:55:53.453-0400] {processor.py:830} INFO - Processing file /home/ironbong_jr/mlops/project/project/lib/python3.10/site-packages/airflow/example_dags/example_python_operator.py for tasks to queue
[2024-03-13T15:55:53.454-0400] {logging_mixin.py:188} INFO - [2024-03-13T15:55:53.453-0400] {dagbag.py:540} INFO - Filling up the DagBag from /home/ironbong_jr/mlops/project/project/lib/python3.10/site-packages/airflow/example_dags/example_python_operator.py
[2024-03-13T15:55:53.487-0400] {logging_mixin.py:188} INFO - [2024-03-13T15:55:53.486-0400] {example_python_operator.py:88} WARNING - The virtalenv_python example task requires virtualenv, please install it.
[2024-03-13T15:55:53.487-0400] {processor.py:840} INFO - DAG(s) 'example_python_operator' retrieved from /home/ironbong_jr/mlops/project/project/lib/python3.10/site-packages/airflow/example_dags/example_python_operator.py
[2024-03-13T15:55:53.510-0400] {logging_mixin.py:188} INFO - [2024-03-13T15:55:53.509-0400] {dag.py:3047} INFO - Sync 1 DAGs
[2024-03-13T15:55:53.523-0400] {logging_mixin.py:188} INFO - [2024-03-13T15:55:53.523-0400] {dag.py:3834} INFO - Setting next_dagrun for example_python_operator to None, run_after=None
[2024-03-13T15:55:53.560-0400] {processor.py:183} INFO - Processing /home/ironbong_jr/mlops/project/project/lib/python3.10/site-packages/airflow/example_dags/example_python_operator.py took 0.113 seconds
[2024-03-13T15:56:43.896-0400] {processor.py:161} INFO - Started process (PID=456097) to work on /home/ironbong_jr/mlops/project/project/lib/python3.10/site-packages/airflow/example_dags/example_python_operator.py
[2024-03-13T15:56:43.898-0400] {processor.py:830} INFO - Processing file /home/ironbong_jr/mlops/project/project/lib/python3.10/site-packages/airflow/example_dags/example_python_operator.py for tasks to queue
[2024-03-13T15:56:43.899-0400] {logging_mixin.py:188} INFO - [2024-03-13T15:56:43.898-0400] {dagbag.py:540} INFO - Filling up the DagBag from /home/ironbong_jr/mlops/project/project/lib/python3.10/site-packages/airflow/example_dags/example_python_operator.py
[2024-03-13T15:56:43.926-0400] {logging_mixin.py:188} INFO - [2024-03-13T15:56:43.925-0400] {example_python_operator.py:88} WARNING - The virtalenv_python example task requires virtualenv, please install it.
[2024-03-13T15:56:43.926-0400] {processor.py:840} INFO - DAG(s) 'example_python_operator' retrieved from /home/ironbong_jr/mlops/project/project/lib/python3.10/site-packages/airflow/example_dags/example_python_operator.py
[2024-03-13T15:56:43.938-0400] {logging_mixin.py:188} INFO - [2024-03-13T15:56:43.938-0400] {dag.py:3047} INFO - Sync 1 DAGs
[2024-03-13T15:56:43.945-0400] {logging_mixin.py:188} INFO - [2024-03-13T15:56:43.945-0400] {dag.py:3834} INFO - Setting next_dagrun for example_python_operator to None, run_after=None
[2024-03-13T15:56:43.967-0400] {processor.py:183} INFO - Processing /home/ironbong_jr/mlops/project/project/lib/python3.10/site-packages/airflow/example_dags/example_python_operator.py took 0.073 seconds
[2024-03-13T15:57:34.076-0400] {processor.py:161} INFO - Started process (PID=456407) to work on /home/ironbong_jr/mlops/project/project/lib/python3.10/site-packages/airflow/example_dags/example_python_operator.py
[2024-03-13T15:57:34.079-0400] {processor.py:830} INFO - Processing file /home/ironbong_jr/mlops/project/project/lib/python3.10/site-packages/airflow/example_dags/example_python_operator.py for tasks to queue
[2024-03-13T15:57:34.081-0400] {logging_mixin.py:188} INFO - [2024-03-13T15:57:34.080-0400] {dagbag.py:540} INFO - Filling up the DagBag from /home/ironbong_jr/mlops/project/project/lib/python3.10/site-packages/airflow/example_dags/example_python_operator.py
[2024-03-13T15:57:34.116-0400] {logging_mixin.py:188} INFO - [2024-03-13T15:57:34.116-0400] {example_python_operator.py:88} WARNING - The virtalenv_python example task requires virtualenv, please install it.
[2024-03-13T15:57:34.117-0400] {processor.py:840} INFO - DAG(s) 'example_python_operator' retrieved from /home/ironbong_jr/mlops/project/project/lib/python3.10/site-packages/airflow/example_dags/example_python_operator.py
[2024-03-13T15:57:34.130-0400] {logging_mixin.py:188} INFO - [2024-03-13T15:57:34.130-0400] {dag.py:3047} INFO - Sync 1 DAGs
[2024-03-13T15:57:34.139-0400] {logging_mixin.py:188} INFO - [2024-03-13T15:57:34.138-0400] {dag.py:3834} INFO - Setting next_dagrun for example_python_operator to None, run_after=None
[2024-03-13T15:57:34.163-0400] {processor.py:183} INFO - Processing /home/ironbong_jr/mlops/project/project/lib/python3.10/site-packages/airflow/example_dags/example_python_operator.py took 0.090 seconds
[2024-03-13T15:58:27.063-0400] {processor.py:161} INFO - Started process (PID=456671) to work on /home/ironbong_jr/mlops/project/project/lib/python3.10/site-packages/airflow/example_dags/example_python_operator.py
[2024-03-13T15:58:27.066-0400] {processor.py:830} INFO - Processing file /home/ironbong_jr/mlops/project/project/lib/python3.10/site-packages/airflow/example_dags/example_python_operator.py for tasks to queue
[2024-03-13T15:58:27.067-0400] {logging_mixin.py:188} INFO - [2024-03-13T15:58:27.067-0400] {dagbag.py:540} INFO - Filling up the DagBag from /home/ironbong_jr/mlops/project/project/lib/python3.10/site-packages/airflow/example_dags/example_python_operator.py
[2024-03-13T15:58:27.097-0400] {logging_mixin.py:188} INFO - [2024-03-13T15:58:27.097-0400] {example_python_operator.py:88} WARNING - The virtalenv_python example task requires virtualenv, please install it.
[2024-03-13T15:58:27.097-0400] {processor.py:840} INFO - DAG(s) 'example_python_operator' retrieved from /home/ironbong_jr/mlops/project/project/lib/python3.10/site-packages/airflow/example_dags/example_python_operator.py
[2024-03-13T15:58:27.109-0400] {logging_mixin.py:188} INFO - [2024-03-13T15:58:27.108-0400] {dag.py:3047} INFO - Sync 1 DAGs
[2024-03-13T15:58:27.116-0400] {logging_mixin.py:188} INFO - [2024-03-13T15:58:27.115-0400] {dag.py:3834} INFO - Setting next_dagrun for example_python_operator to None, run_after=None
[2024-03-13T15:58:27.140-0400] {processor.py:183} INFO - Processing /home/ironbong_jr/mlops/project/project/lib/python3.10/site-packages/airflow/example_dags/example_python_operator.py took 0.079 seconds
[2024-03-13T15:59:18.053-0400] {processor.py:161} INFO - Started process (PID=456914) to work on /home/ironbong_jr/mlops/project/project/lib/python3.10/site-packages/airflow/example_dags/example_python_operator.py
[2024-03-13T15:59:18.059-0400] {processor.py:830} INFO - Processing file /home/ironbong_jr/mlops/project/project/lib/python3.10/site-packages/airflow/example_dags/example_python_operator.py for tasks to queue
[2024-03-13T15:59:18.059-0400] {logging_mixin.py:188} INFO - [2024-03-13T15:59:18.059-0400] {dagbag.py:540} INFO - Filling up the DagBag from /home/ironbong_jr/mlops/project/project/lib/python3.10/site-packages/airflow/example_dags/example_python_operator.py
[2024-03-13T15:59:18.076-0400] {logging_mixin.py:188} INFO - [2024-03-13T15:59:18.076-0400] {example_python_operator.py:88} WARNING - The virtalenv_python example task requires virtualenv, please install it.
[2024-03-13T15:59:18.077-0400] {processor.py:840} INFO - DAG(s) 'example_python_operator' retrieved from /home/ironbong_jr/mlops/project/project/lib/python3.10/site-packages/airflow/example_dags/example_python_operator.py
[2024-03-13T15:59:18.089-0400] {logging_mixin.py:188} INFO - [2024-03-13T15:59:18.088-0400] {dag.py:3047} INFO - Sync 1 DAGs
[2024-03-13T15:59:18.096-0400] {logging_mixin.py:188} INFO - [2024-03-13T15:59:18.096-0400] {dag.py:3834} INFO - Setting next_dagrun for example_python_operator to None, run_after=None
[2024-03-13T15:59:18.119-0400] {processor.py:183} INFO - Processing /home/ironbong_jr/mlops/project/project/lib/python3.10/site-packages/airflow/example_dags/example_python_operator.py took 0.068 seconds
[2024-03-13T16:00:08.902-0400] {processor.py:161} INFO - Started process (PID=457170) to work on /home/ironbong_jr/mlops/project/project/lib/python3.10/site-packages/airflow/example_dags/example_python_operator.py
[2024-03-13T16:00:08.905-0400] {processor.py:830} INFO - Processing file /home/ironbong_jr/mlops/project/project/lib/python3.10/site-packages/airflow/example_dags/example_python_operator.py for tasks to queue
[2024-03-13T16:00:08.906-0400] {logging_mixin.py:188} INFO - [2024-03-13T16:00:08.906-0400] {dagbag.py:540} INFO - Filling up the DagBag from /home/ironbong_jr/mlops/project/project/lib/python3.10/site-packages/airflow/example_dags/example_python_operator.py
[2024-03-13T16:00:08.930-0400] {logging_mixin.py:188} INFO - [2024-03-13T16:00:08.930-0400] {example_python_operator.py:88} WARNING - The virtalenv_python example task requires virtualenv, please install it.
[2024-03-13T16:00:08.930-0400] {processor.py:840} INFO - DAG(s) 'example_python_operator' retrieved from /home/ironbong_jr/mlops/project/project/lib/python3.10/site-packages/airflow/example_dags/example_python_operator.py
[2024-03-13T16:00:08.942-0400] {logging_mixin.py:188} INFO - [2024-03-13T16:00:08.941-0400] {dag.py:3047} INFO - Sync 1 DAGs
[2024-03-13T16:00:08.949-0400] {logging_mixin.py:188} INFO - [2024-03-13T16:00:08.949-0400] {dag.py:3834} INFO - Setting next_dagrun for example_python_operator to None, run_after=None
[2024-03-13T16:00:08.970-0400] {processor.py:183} INFO - Processing /home/ironbong_jr/mlops/project/project/lib/python3.10/site-packages/airflow/example_dags/example_python_operator.py took 0.071 seconds
[2024-03-13T16:00:59.978-0400] {processor.py:161} INFO - Started process (PID=457426) to work on /home/ironbong_jr/mlops/project/project/lib/python3.10/site-packages/airflow/example_dags/example_python_operator.py
[2024-03-13T16:00:59.982-0400] {processor.py:830} INFO - Processing file /home/ironbong_jr/mlops/project/project/lib/python3.10/site-packages/airflow/example_dags/example_python_operator.py for tasks to queue
[2024-03-13T16:00:59.983-0400] {logging_mixin.py:188} INFO - [2024-03-13T16:00:59.982-0400] {dagbag.py:540} INFO - Filling up the DagBag from /home/ironbong_jr/mlops/project/project/lib/python3.10/site-packages/airflow/example_dags/example_python_operator.py
[2024-03-13T16:01:00.006-0400] {logging_mixin.py:188} INFO - [2024-03-13T16:01:00.006-0400] {example_python_operator.py:88} WARNING - The virtalenv_python example task requires virtualenv, please install it.
[2024-03-13T16:01:00.007-0400] {processor.py:840} INFO - DAG(s) 'example_python_operator' retrieved from /home/ironbong_jr/mlops/project/project/lib/python3.10/site-packages/airflow/example_dags/example_python_operator.py
[2024-03-13T16:01:00.019-0400] {logging_mixin.py:188} INFO - [2024-03-13T16:01:00.018-0400] {dag.py:3047} INFO - Sync 1 DAGs
[2024-03-13T16:01:00.026-0400] {logging_mixin.py:188} INFO - [2024-03-13T16:01:00.026-0400] {dag.py:3834} INFO - Setting next_dagrun for example_python_operator to None, run_after=None
[2024-03-13T16:01:00.048-0400] {processor.py:183} INFO - Processing /home/ironbong_jr/mlops/project/project/lib/python3.10/site-packages/airflow/example_dags/example_python_operator.py took 0.072 seconds
[2024-03-13T16:01:51.047-0400] {processor.py:161} INFO - Started process (PID=457690) to work on /home/ironbong_jr/mlops/project/project/lib/python3.10/site-packages/airflow/example_dags/example_python_operator.py
[2024-03-13T16:01:51.051-0400] {processor.py:830} INFO - Processing file /home/ironbong_jr/mlops/project/project/lib/python3.10/site-packages/airflow/example_dags/example_python_operator.py for tasks to queue
[2024-03-13T16:01:51.052-0400] {logging_mixin.py:188} INFO - [2024-03-13T16:01:51.051-0400] {dagbag.py:540} INFO - Filling up the DagBag from /home/ironbong_jr/mlops/project/project/lib/python3.10/site-packages/airflow/example_dags/example_python_operator.py
[2024-03-13T16:01:51.078-0400] {logging_mixin.py:188} INFO - [2024-03-13T16:01:51.078-0400] {example_python_operator.py:88} WARNING - The virtalenv_python example task requires virtualenv, please install it.
[2024-03-13T16:01:51.078-0400] {processor.py:840} INFO - DAG(s) 'example_python_operator' retrieved from /home/ironbong_jr/mlops/project/project/lib/python3.10/site-packages/airflow/example_dags/example_python_operator.py
[2024-03-13T16:01:51.089-0400] {logging_mixin.py:188} INFO - [2024-03-13T16:01:51.089-0400] {dag.py:3047} INFO - Sync 1 DAGs
[2024-03-13T16:01:51.096-0400] {logging_mixin.py:188} INFO - [2024-03-13T16:01:51.096-0400] {dag.py:3834} INFO - Setting next_dagrun for example_python_operator to None, run_after=None
[2024-03-13T16:01:51.118-0400] {processor.py:183} INFO - Processing /home/ironbong_jr/mlops/project/project/lib/python3.10/site-packages/airflow/example_dags/example_python_operator.py took 0.073 seconds
[2024-03-13T16:02:41.009-0400] {processor.py:161} INFO - Started process (PID=457954) to work on /home/ironbong_jr/mlops/project/project/lib/python3.10/site-packages/airflow/example_dags/example_python_operator.py
[2024-03-13T16:02:41.010-0400] {processor.py:830} INFO - Processing file /home/ironbong_jr/mlops/project/project/lib/python3.10/site-packages/airflow/example_dags/example_python_operator.py for tasks to queue
[2024-03-13T16:02:41.011-0400] {logging_mixin.py:188} INFO - [2024-03-13T16:02:41.011-0400] {dagbag.py:540} INFO - Filling up the DagBag from /home/ironbong_jr/mlops/project/project/lib/python3.10/site-packages/airflow/example_dags/example_python_operator.py
[2024-03-13T16:02:41.041-0400] {logging_mixin.py:188} INFO - [2024-03-13T16:02:41.041-0400] {example_python_operator.py:88} WARNING - The virtalenv_python example task requires virtualenv, please install it.
[2024-03-13T16:02:41.041-0400] {processor.py:840} INFO - DAG(s) 'example_python_operator' retrieved from /home/ironbong_jr/mlops/project/project/lib/python3.10/site-packages/airflow/example_dags/example_python_operator.py
[2024-03-13T16:02:41.054-0400] {logging_mixin.py:188} INFO - [2024-03-13T16:02:41.053-0400] {dag.py:3047} INFO - Sync 1 DAGs
[2024-03-13T16:02:41.062-0400] {logging_mixin.py:188} INFO - [2024-03-13T16:02:41.061-0400] {dag.py:3834} INFO - Setting next_dagrun for example_python_operator to None, run_after=None
[2024-03-13T16:02:41.085-0400] {processor.py:183} INFO - Processing /home/ironbong_jr/mlops/project/project/lib/python3.10/site-packages/airflow/example_dags/example_python_operator.py took 0.080 seconds
[2024-03-13T16:03:29.784-0400] {processor.py:161} INFO - Started process (PID=458218) to work on /home/ironbong_jr/mlops/project/project/lib/python3.10/site-packages/airflow/example_dags/example_python_operator.py
[2024-03-13T16:03:29.788-0400] {processor.py:830} INFO - Processing file /home/ironbong_jr/mlops/project/project/lib/python3.10/site-packages/airflow/example_dags/example_python_operator.py for tasks to queue
[2024-03-13T16:03:29.788-0400] {logging_mixin.py:188} INFO - [2024-03-13T16:03:29.788-0400] {dagbag.py:540} INFO - Filling up the DagBag from /home/ironbong_jr/mlops/project/project/lib/python3.10/site-packages/airflow/example_dags/example_python_operator.py
[2024-03-13T16:03:29.816-0400] {logging_mixin.py:188} INFO - [2024-03-13T16:03:29.816-0400] {example_python_operator.py:88} WARNING - The virtalenv_python example task requires virtualenv, please install it.
[2024-03-13T16:03:29.817-0400] {processor.py:840} INFO - DAG(s) 'example_python_operator' retrieved from /home/ironbong_jr/mlops/project/project/lib/python3.10/site-packages/airflow/example_dags/example_python_operator.py
[2024-03-13T16:03:29.828-0400] {logging_mixin.py:188} INFO - [2024-03-13T16:03:29.828-0400] {dag.py:3047} INFO - Sync 1 DAGs
[2024-03-13T16:03:29.835-0400] {logging_mixin.py:188} INFO - [2024-03-13T16:03:29.835-0400] {dag.py:3834} INFO - Setting next_dagrun for example_python_operator to None, run_after=None
[2024-03-13T16:03:29.858-0400] {processor.py:183} INFO - Processing /home/ironbong_jr/mlops/project/project/lib/python3.10/site-packages/airflow/example_dags/example_python_operator.py took 0.076 seconds
[2024-03-13T16:04:37.555-0400] {processor.py:161} INFO - Started process (PID=458637) to work on /home/ironbong_jr/mlops/project/project/lib/python3.10/site-packages/airflow/example_dags/example_python_operator.py
[2024-03-13T16:04:37.558-0400] {processor.py:830} INFO - Processing file /home/ironbong_jr/mlops/project/project/lib/python3.10/site-packages/airflow/example_dags/example_python_operator.py for tasks to queue
[2024-03-13T16:04:37.559-0400] {logging_mixin.py:188} INFO - [2024-03-13T16:04:37.559-0400] {dagbag.py:540} INFO - Filling up the DagBag from /home/ironbong_jr/mlops/project/project/lib/python3.10/site-packages/airflow/example_dags/example_python_operator.py
[2024-03-13T16:04:37.577-0400] {logging_mixin.py:188} INFO - [2024-03-13T16:04:37.576-0400] {example_python_operator.py:88} WARNING - The virtalenv_python example task requires virtualenv, please install it.
[2024-03-13T16:04:37.577-0400] {processor.py:840} INFO - DAG(s) 'example_python_operator' retrieved from /home/ironbong_jr/mlops/project/project/lib/python3.10/site-packages/airflow/example_dags/example_python_operator.py
[2024-03-13T16:04:37.589-0400] {logging_mixin.py:188} INFO - [2024-03-13T16:04:37.589-0400] {dag.py:3047} INFO - Sync 1 DAGs
[2024-03-13T16:04:37.595-0400] {logging_mixin.py:188} INFO - [2024-03-13T16:04:37.595-0400] {dag.py:3834} INFO - Setting next_dagrun for example_python_operator to None, run_after=None
[2024-03-13T16:04:37.618-0400] {processor.py:183} INFO - Processing /home/ironbong_jr/mlops/project/project/lib/python3.10/site-packages/airflow/example_dags/example_python_operator.py took 0.065 seconds
[2024-03-13T16:05:31.210-0400] {processor.py:161} INFO - Started process (PID=458910) to work on /home/ironbong_jr/mlops/project/project/lib/python3.10/site-packages/airflow/example_dags/example_python_operator.py
[2024-03-13T16:05:31.214-0400] {processor.py:830} INFO - Processing file /home/ironbong_jr/mlops/project/project/lib/python3.10/site-packages/airflow/example_dags/example_python_operator.py for tasks to queue
[2024-03-13T16:05:31.214-0400] {logging_mixin.py:188} INFO - [2024-03-13T16:05:31.214-0400] {dagbag.py:540} INFO - Filling up the DagBag from /home/ironbong_jr/mlops/project/project/lib/python3.10/site-packages/airflow/example_dags/example_python_operator.py
[2024-03-13T16:05:31.241-0400] {logging_mixin.py:188} INFO - [2024-03-13T16:05:31.241-0400] {example_python_operator.py:88} WARNING - The virtalenv_python example task requires virtualenv, please install it.
[2024-03-13T16:05:31.242-0400] {processor.py:840} INFO - DAG(s) 'example_python_operator' retrieved from /home/ironbong_jr/mlops/project/project/lib/python3.10/site-packages/airflow/example_dags/example_python_operator.py
[2024-03-13T16:05:31.253-0400] {logging_mixin.py:188} INFO - [2024-03-13T16:05:31.253-0400] {dag.py:3047} INFO - Sync 1 DAGs
[2024-03-13T16:05:31.259-0400] {logging_mixin.py:188} INFO - [2024-03-13T16:05:31.259-0400] {dag.py:3834} INFO - Setting next_dagrun for example_python_operator to None, run_after=None
[2024-03-13T16:05:31.284-0400] {processor.py:183} INFO - Processing /home/ironbong_jr/mlops/project/project/lib/python3.10/site-packages/airflow/example_dags/example_python_operator.py took 0.075 seconds
[2024-03-13T16:06:21.333-0400] {processor.py:161} INFO - Started process (PID=459164) to work on /home/ironbong_jr/mlops/project/project/lib/python3.10/site-packages/airflow/example_dags/example_python_operator.py
[2024-03-13T16:06:21.337-0400] {processor.py:830} INFO - Processing file /home/ironbong_jr/mlops/project/project/lib/python3.10/site-packages/airflow/example_dags/example_python_operator.py for tasks to queue
[2024-03-13T16:06:21.338-0400] {logging_mixin.py:188} INFO - [2024-03-13T16:06:21.338-0400] {dagbag.py:540} INFO - Filling up the DagBag from /home/ironbong_jr/mlops/project/project/lib/python3.10/site-packages/airflow/example_dags/example_python_operator.py
[2024-03-13T16:06:21.362-0400] {logging_mixin.py:188} INFO - [2024-03-13T16:06:21.362-0400] {example_python_operator.py:88} WARNING - The virtalenv_python example task requires virtualenv, please install it.
[2024-03-13T16:06:21.362-0400] {processor.py:840} INFO - DAG(s) 'example_python_operator' retrieved from /home/ironbong_jr/mlops/project/project/lib/python3.10/site-packages/airflow/example_dags/example_python_operator.py
[2024-03-13T16:06:21.373-0400] {logging_mixin.py:188} INFO - [2024-03-13T16:06:21.373-0400] {dag.py:3047} INFO - Sync 1 DAGs
[2024-03-13T16:06:21.380-0400] {logging_mixin.py:188} INFO - [2024-03-13T16:06:21.380-0400] {dag.py:3834} INFO - Setting next_dagrun for example_python_operator to None, run_after=None
[2024-03-13T16:06:21.402-0400] {processor.py:183} INFO - Processing /home/ironbong_jr/mlops/project/project/lib/python3.10/site-packages/airflow/example_dags/example_python_operator.py took 0.071 seconds
[2024-03-13T16:07:11.690-0400] {processor.py:161} INFO - Started process (PID=459405) to work on /home/ironbong_jr/mlops/project/project/lib/python3.10/site-packages/airflow/example_dags/example_python_operator.py
[2024-03-13T16:07:11.691-0400] {processor.py:830} INFO - Processing file /home/ironbong_jr/mlops/project/project/lib/python3.10/site-packages/airflow/example_dags/example_python_operator.py for tasks to queue
[2024-03-13T16:07:11.692-0400] {logging_mixin.py:188} INFO - [2024-03-13T16:07:11.692-0400] {dagbag.py:540} INFO - Filling up the DagBag from /home/ironbong_jr/mlops/project/project/lib/python3.10/site-packages/airflow/example_dags/example_python_operator.py
[2024-03-13T16:07:11.718-0400] {logging_mixin.py:188} INFO - [2024-03-13T16:07:11.717-0400] {example_python_operator.py:88} WARNING - The virtalenv_python example task requires virtualenv, please install it.
[2024-03-13T16:07:11.718-0400] {processor.py:840} INFO - DAG(s) 'example_python_operator' retrieved from /home/ironbong_jr/mlops/project/project/lib/python3.10/site-packages/airflow/example_dags/example_python_operator.py
[2024-03-13T16:07:11.731-0400] {logging_mixin.py:188} INFO - [2024-03-13T16:07:11.731-0400] {dag.py:3047} INFO - Sync 1 DAGs
[2024-03-13T16:07:11.739-0400] {logging_mixin.py:188} INFO - [2024-03-13T16:07:11.739-0400] {dag.py:3834} INFO - Setting next_dagrun for example_python_operator to None, run_after=None
[2024-03-13T16:07:11.762-0400] {processor.py:183} INFO - Processing /home/ironbong_jr/mlops/project/project/lib/python3.10/site-packages/airflow/example_dags/example_python_operator.py took 0.076 seconds
[2024-03-13T16:08:05.488-0400] {processor.py:161} INFO - Started process (PID=459674) to work on /home/ironbong_jr/mlops/project/project/lib/python3.10/site-packages/airflow/example_dags/example_python_operator.py
[2024-03-13T16:08:05.491-0400] {processor.py:830} INFO - Processing file /home/ironbong_jr/mlops/project/project/lib/python3.10/site-packages/airflow/example_dags/example_python_operator.py for tasks to queue
[2024-03-13T16:08:05.492-0400] {logging_mixin.py:188} INFO - [2024-03-13T16:08:05.492-0400] {dagbag.py:540} INFO - Filling up the DagBag from /home/ironbong_jr/mlops/project/project/lib/python3.10/site-packages/airflow/example_dags/example_python_operator.py
[2024-03-13T16:08:05.508-0400] {logging_mixin.py:188} INFO - [2024-03-13T16:08:05.507-0400] {example_python_operator.py:88} WARNING - The virtalenv_python example task requires virtualenv, please install it.
[2024-03-13T16:08:05.508-0400] {processor.py:840} INFO - DAG(s) 'example_python_operator' retrieved from /home/ironbong_jr/mlops/project/project/lib/python3.10/site-packages/airflow/example_dags/example_python_operator.py
[2024-03-13T16:08:05.524-0400] {logging_mixin.py:188} INFO - [2024-03-13T16:08:05.523-0400] {dag.py:3047} INFO - Sync 1 DAGs
[2024-03-13T16:08:05.538-0400] {logging_mixin.py:188} INFO - [2024-03-13T16:08:05.538-0400] {dag.py:3834} INFO - Setting next_dagrun for example_python_operator to None, run_after=None
[2024-03-13T16:08:05.560-0400] {processor.py:183} INFO - Processing /home/ironbong_jr/mlops/project/project/lib/python3.10/site-packages/airflow/example_dags/example_python_operator.py took 0.074 seconds
[2024-03-13T16:08:56.104-0400] {processor.py:161} INFO - Started process (PID=459925) to work on /home/ironbong_jr/mlops/project/project/lib/python3.10/site-packages/airflow/example_dags/example_python_operator.py
[2024-03-13T16:08:56.108-0400] {processor.py:830} INFO - Processing file /home/ironbong_jr/mlops/project/project/lib/python3.10/site-packages/airflow/example_dags/example_python_operator.py for tasks to queue
[2024-03-13T16:08:56.109-0400] {logging_mixin.py:188} INFO - [2024-03-13T16:08:56.109-0400] {dagbag.py:540} INFO - Filling up the DagBag from /home/ironbong_jr/mlops/project/project/lib/python3.10/site-packages/airflow/example_dags/example_python_operator.py
[2024-03-13T16:08:56.155-0400] {logging_mixin.py:188} INFO - [2024-03-13T16:08:56.154-0400] {example_python_operator.py:88} WARNING - The virtalenv_python example task requires virtualenv, please install it.
[2024-03-13T16:08:56.155-0400] {processor.py:840} INFO - DAG(s) 'example_python_operator' retrieved from /home/ironbong_jr/mlops/project/project/lib/python3.10/site-packages/airflow/example_dags/example_python_operator.py
[2024-03-13T16:08:56.190-0400] {logging_mixin.py:188} INFO - [2024-03-13T16:08:56.190-0400] {dag.py:3047} INFO - Sync 1 DAGs
[2024-03-13T16:08:56.214-0400] {logging_mixin.py:188} INFO - [2024-03-13T16:08:56.213-0400] {dag.py:3834} INFO - Setting next_dagrun for example_python_operator to None, run_after=None
[2024-03-13T16:08:56.246-0400] {processor.py:183} INFO - Processing /home/ironbong_jr/mlops/project/project/lib/python3.10/site-packages/airflow/example_dags/example_python_operator.py took 0.148 seconds
[2024-03-13T16:09:45.018-0400] {processor.py:161} INFO - Started process (PID=460162) to work on /home/ironbong_jr/mlops/project/project/lib/python3.10/site-packages/airflow/example_dags/example_python_operator.py
[2024-03-13T16:09:45.020-0400] {processor.py:830} INFO - Processing file /home/ironbong_jr/mlops/project/project/lib/python3.10/site-packages/airflow/example_dags/example_python_operator.py for tasks to queue
[2024-03-13T16:09:45.020-0400] {logging_mixin.py:188} INFO - [2024-03-13T16:09:45.020-0400] {dagbag.py:540} INFO - Filling up the DagBag from /home/ironbong_jr/mlops/project/project/lib/python3.10/site-packages/airflow/example_dags/example_python_operator.py
[2024-03-13T16:09:45.039-0400] {logging_mixin.py:188} INFO - [2024-03-13T16:09:45.039-0400] {example_python_operator.py:88} WARNING - The virtalenv_python example task requires virtualenv, please install it.
[2024-03-13T16:09:45.040-0400] {processor.py:840} INFO - DAG(s) 'example_python_operator' retrieved from /home/ironbong_jr/mlops/project/project/lib/python3.10/site-packages/airflow/example_dags/example_python_operator.py
[2024-03-13T16:09:45.052-0400] {logging_mixin.py:188} INFO - [2024-03-13T16:09:45.052-0400] {dag.py:3047} INFO - Sync 1 DAGs
[2024-03-13T16:09:45.059-0400] {logging_mixin.py:188} INFO - [2024-03-13T16:09:45.059-0400] {dag.py:3834} INFO - Setting next_dagrun for example_python_operator to None, run_after=None
[2024-03-13T16:09:45.083-0400] {processor.py:183} INFO - Processing /home/ironbong_jr/mlops/project/project/lib/python3.10/site-packages/airflow/example_dags/example_python_operator.py took 0.067 seconds
[2024-03-13T16:10:34.544-0400] {processor.py:161} INFO - Started process (PID=460411) to work on /home/ironbong_jr/mlops/project/project/lib/python3.10/site-packages/airflow/example_dags/example_python_operator.py
[2024-03-13T16:10:34.546-0400] {processor.py:830} INFO - Processing file /home/ironbong_jr/mlops/project/project/lib/python3.10/site-packages/airflow/example_dags/example_python_operator.py for tasks to queue
[2024-03-13T16:10:34.546-0400] {logging_mixin.py:188} INFO - [2024-03-13T16:10:34.546-0400] {dagbag.py:540} INFO - Filling up the DagBag from /home/ironbong_jr/mlops/project/project/lib/python3.10/site-packages/airflow/example_dags/example_python_operator.py
[2024-03-13T16:10:34.571-0400] {logging_mixin.py:188} INFO - [2024-03-13T16:10:34.571-0400] {example_python_operator.py:88} WARNING - The virtalenv_python example task requires virtualenv, please install it.
[2024-03-13T16:10:34.572-0400] {processor.py:840} INFO - DAG(s) 'example_python_operator' retrieved from /home/ironbong_jr/mlops/project/project/lib/python3.10/site-packages/airflow/example_dags/example_python_operator.py
[2024-03-13T16:10:34.583-0400] {logging_mixin.py:188} INFO - [2024-03-13T16:10:34.583-0400] {dag.py:3047} INFO - Sync 1 DAGs
[2024-03-13T16:10:34.590-0400] {logging_mixin.py:188} INFO - [2024-03-13T16:10:34.590-0400] {dag.py:3834} INFO - Setting next_dagrun for example_python_operator to None, run_after=None
[2024-03-13T16:10:34.611-0400] {processor.py:183} INFO - Processing /home/ironbong_jr/mlops/project/project/lib/python3.10/site-packages/airflow/example_dags/example_python_operator.py took 0.069 seconds
[2024-03-13T16:11:24.702-0400] {processor.py:161} INFO - Started process (PID=460668) to work on /home/ironbong_jr/mlops/project/project/lib/python3.10/site-packages/airflow/example_dags/example_python_operator.py
[2024-03-13T16:11:24.704-0400] {processor.py:830} INFO - Processing file /home/ironbong_jr/mlops/project/project/lib/python3.10/site-packages/airflow/example_dags/example_python_operator.py for tasks to queue
[2024-03-13T16:11:24.705-0400] {logging_mixin.py:188} INFO - [2024-03-13T16:11:24.704-0400] {dagbag.py:540} INFO - Filling up the DagBag from /home/ironbong_jr/mlops/project/project/lib/python3.10/site-packages/airflow/example_dags/example_python_operator.py
[2024-03-13T16:11:24.721-0400] {logging_mixin.py:188} INFO - [2024-03-13T16:11:24.721-0400] {example_python_operator.py:88} WARNING - The virtalenv_python example task requires virtualenv, please install it.
[2024-03-13T16:11:24.722-0400] {processor.py:840} INFO - DAG(s) 'example_python_operator' retrieved from /home/ironbong_jr/mlops/project/project/lib/python3.10/site-packages/airflow/example_dags/example_python_operator.py
[2024-03-13T16:11:24.733-0400] {logging_mixin.py:188} INFO - [2024-03-13T16:11:24.733-0400] {dag.py:3047} INFO - Sync 1 DAGs
[2024-03-13T16:11:24.741-0400] {logging_mixin.py:188} INFO - [2024-03-13T16:11:24.741-0400] {dag.py:3834} INFO - Setting next_dagrun for example_python_operator to None, run_after=None
[2024-03-13T16:11:24.762-0400] {processor.py:183} INFO - Processing /home/ironbong_jr/mlops/project/project/lib/python3.10/site-packages/airflow/example_dags/example_python_operator.py took 0.062 seconds
[2024-03-13T16:12:15.244-0400] {processor.py:161} INFO - Started process (PID=460905) to work on /home/ironbong_jr/mlops/project/project/lib/python3.10/site-packages/airflow/example_dags/example_python_operator.py
[2024-03-13T16:12:15.248-0400] {processor.py:830} INFO - Processing file /home/ironbong_jr/mlops/project/project/lib/python3.10/site-packages/airflow/example_dags/example_python_operator.py for tasks to queue
[2024-03-13T16:12:15.248-0400] {logging_mixin.py:188} INFO - [2024-03-13T16:12:15.248-0400] {dagbag.py:540} INFO - Filling up the DagBag from /home/ironbong_jr/mlops/project/project/lib/python3.10/site-packages/airflow/example_dags/example_python_operator.py
[2024-03-13T16:12:15.266-0400] {logging_mixin.py:188} INFO - [2024-03-13T16:12:15.266-0400] {example_python_operator.py:88} WARNING - The virtalenv_python example task requires virtualenv, please install it.
[2024-03-13T16:12:15.267-0400] {processor.py:840} INFO - DAG(s) 'example_python_operator' retrieved from /home/ironbong_jr/mlops/project/project/lib/python3.10/site-packages/airflow/example_dags/example_python_operator.py
[2024-03-13T16:12:15.286-0400] {logging_mixin.py:188} INFO - [2024-03-13T16:12:15.286-0400] {dag.py:3047} INFO - Sync 1 DAGs
[2024-03-13T16:12:15.293-0400] {logging_mixin.py:188} INFO - [2024-03-13T16:12:15.293-0400] {dag.py:3834} INFO - Setting next_dagrun for example_python_operator to None, run_after=None
[2024-03-13T16:12:15.320-0400] {processor.py:183} INFO - Processing /home/ironbong_jr/mlops/project/project/lib/python3.10/site-packages/airflow/example_dags/example_python_operator.py took 0.078 seconds
