[2024-03-12T21:22:17.422-0400] {processor.py:161} INFO - Started process (PID=407092) to work on /home/ironbong_jr/mlops/project/project/lib/python3.10/site-packages/airflow/example_dags/example_trigger_target_dag.py
[2024-03-12T21:22:17.424-0400] {processor.py:830} INFO - Processing file /home/ironbong_jr/mlops/project/project/lib/python3.10/site-packages/airflow/example_dags/example_trigger_target_dag.py for tasks to queue
[2024-03-12T21:22:17.436-0400] {logging_mixin.py:188} INFO - [2024-03-12T21:22:17.435-0400] {dagbag.py:540} INFO - Filling up the DagBag from /home/ironbong_jr/mlops/project/project/lib/python3.10/site-packages/airflow/example_dags/example_trigger_target_dag.py
[2024-03-12T21:22:17.474-0400] {processor.py:840} INFO - DAG(s) 'example_trigger_target_dag' retrieved from /home/ironbong_jr/mlops/project/project/lib/python3.10/site-packages/airflow/example_dags/example_trigger_target_dag.py
[2024-03-12T21:22:17.790-0400] {logging_mixin.py:188} INFO - [2024-03-12T21:22:17.789-0400] {dag.py:3047} INFO - Sync 1 DAGs
[2024-03-12T21:22:17.802-0400] {logging_mixin.py:188} INFO - [2024-03-12T21:22:17.802-0400] {dag.py:3834} INFO - Setting next_dagrun for example_trigger_target_dag to None, run_after=None
[2024-03-12T21:22:17.909-0400] {processor.py:183} INFO - Processing /home/ironbong_jr/mlops/project/project/lib/python3.10/site-packages/airflow/example_dags/example_trigger_target_dag.py took 0.504 seconds
[2024-03-12T21:24:09.454-0400] {processor.py:161} INFO - Started process (PID=407619) to work on /home/ironbong_jr/mlops/project/project/lib/python3.10/site-packages/airflow/example_dags/example_trigger_target_dag.py
[2024-03-12T21:24:09.506-0400] {processor.py:830} INFO - Processing file /home/ironbong_jr/mlops/project/project/lib/python3.10/site-packages/airflow/example_dags/example_trigger_target_dag.py for tasks to queue
[2024-03-12T21:24:09.509-0400] {logging_mixin.py:188} INFO - [2024-03-12T21:24:09.508-0400] {dagbag.py:540} INFO - Filling up the DagBag from /home/ironbong_jr/mlops/project/project/lib/python3.10/site-packages/airflow/example_dags/example_trigger_target_dag.py
[2024-03-12T21:24:09.524-0400] {processor.py:840} INFO - DAG(s) 'example_trigger_target_dag' retrieved from /home/ironbong_jr/mlops/project/project/lib/python3.10/site-packages/airflow/example_dags/example_trigger_target_dag.py
[2024-03-12T21:24:09.771-0400] {logging_mixin.py:188} INFO - [2024-03-12T21:24:09.770-0400] {dag.py:3047} INFO - Sync 1 DAGs
[2024-03-12T21:24:09.800-0400] {logging_mixin.py:188} INFO - [2024-03-12T21:24:09.798-0400] {dag.py:3834} INFO - Setting next_dagrun for example_trigger_target_dag to None, run_after=None
[2024-03-12T21:24:09.874-0400] {processor.py:183} INFO - Processing /home/ironbong_jr/mlops/project/project/lib/python3.10/site-packages/airflow/example_dags/example_trigger_target_dag.py took 0.428 seconds
[2024-03-12T21:27:03.100-0400] {processor.py:161} INFO - Started process (PID=408366) to work on /home/ironbong_jr/mlops/project/project/lib/python3.10/site-packages/airflow/example_dags/example_trigger_target_dag.py
[2024-03-12T21:27:03.129-0400] {processor.py:830} INFO - Processing file /home/ironbong_jr/mlops/project/project/lib/python3.10/site-packages/airflow/example_dags/example_trigger_target_dag.py for tasks to queue
[2024-03-12T21:27:03.133-0400] {logging_mixin.py:188} INFO - [2024-03-12T21:27:03.132-0400] {dagbag.py:540} INFO - Filling up the DagBag from /home/ironbong_jr/mlops/project/project/lib/python3.10/site-packages/airflow/example_dags/example_trigger_target_dag.py
[2024-03-12T21:27:03.152-0400] {processor.py:840} INFO - DAG(s) 'example_trigger_target_dag' retrieved from /home/ironbong_jr/mlops/project/project/lib/python3.10/site-packages/airflow/example_dags/example_trigger_target_dag.py
[2024-03-12T21:27:03.186-0400] {logging_mixin.py:188} INFO - [2024-03-12T21:27:03.186-0400] {dag.py:3047} INFO - Sync 1 DAGs
[2024-03-12T21:27:03.204-0400] {logging_mixin.py:188} INFO - [2024-03-12T21:27:03.204-0400] {dag.py:3834} INFO - Setting next_dagrun for example_trigger_target_dag to None, run_after=None
[2024-03-12T21:27:03.254-0400] {processor.py:183} INFO - Processing /home/ironbong_jr/mlops/project/project/lib/python3.10/site-packages/airflow/example_dags/example_trigger_target_dag.py took 0.160 seconds
[2024-03-12T21:28:42.314-0400] {processor.py:161} INFO - Started process (PID=408853) to work on /home/ironbong_jr/mlops/project/project/lib/python3.10/site-packages/airflow/example_dags/example_trigger_target_dag.py
[2024-03-12T21:28:42.361-0400] {processor.py:830} INFO - Processing file /home/ironbong_jr/mlops/project/project/lib/python3.10/site-packages/airflow/example_dags/example_trigger_target_dag.py for tasks to queue
[2024-03-12T21:28:42.364-0400] {logging_mixin.py:188} INFO - [2024-03-12T21:28:42.363-0400] {dagbag.py:540} INFO - Filling up the DagBag from /home/ironbong_jr/mlops/project/project/lib/python3.10/site-packages/airflow/example_dags/example_trigger_target_dag.py
[2024-03-12T21:28:42.382-0400] {processor.py:840} INFO - DAG(s) 'example_trigger_target_dag' retrieved from /home/ironbong_jr/mlops/project/project/lib/python3.10/site-packages/airflow/example_dags/example_trigger_target_dag.py
[2024-03-12T21:28:42.418-0400] {logging_mixin.py:188} INFO - [2024-03-12T21:28:42.417-0400] {dag.py:3047} INFO - Sync 1 DAGs
[2024-03-12T21:28:42.436-0400] {logging_mixin.py:188} INFO - [2024-03-12T21:28:42.436-0400] {dag.py:3834} INFO - Setting next_dagrun for example_trigger_target_dag to None, run_after=None
[2024-03-12T21:28:42.488-0400] {processor.py:183} INFO - Processing /home/ironbong_jr/mlops/project/project/lib/python3.10/site-packages/airflow/example_dags/example_trigger_target_dag.py took 0.183 seconds
[2024-03-12T21:30:09.708-0400] {processor.py:161} INFO - Started process (PID=409279) to work on /home/ironbong_jr/mlops/project/project/lib/python3.10/site-packages/airflow/example_dags/example_trigger_target_dag.py
[2024-03-12T21:30:09.759-0400] {processor.py:830} INFO - Processing file /home/ironbong_jr/mlops/project/project/lib/python3.10/site-packages/airflow/example_dags/example_trigger_target_dag.py for tasks to queue
[2024-03-12T21:30:09.761-0400] {logging_mixin.py:188} INFO - [2024-03-12T21:30:09.760-0400] {dagbag.py:540} INFO - Filling up the DagBag from /home/ironbong_jr/mlops/project/project/lib/python3.10/site-packages/airflow/example_dags/example_trigger_target_dag.py
[2024-03-12T21:30:09.781-0400] {processor.py:840} INFO - DAG(s) 'example_trigger_target_dag' retrieved from /home/ironbong_jr/mlops/project/project/lib/python3.10/site-packages/airflow/example_dags/example_trigger_target_dag.py
[2024-03-12T21:30:09.820-0400] {logging_mixin.py:188} INFO - [2024-03-12T21:30:09.819-0400] {dag.py:3047} INFO - Sync 1 DAGs
[2024-03-12T21:30:09.846-0400] {logging_mixin.py:188} INFO - [2024-03-12T21:30:09.844-0400] {dag.py:3834} INFO - Setting next_dagrun for example_trigger_target_dag to None, run_after=None
[2024-03-12T21:30:09.905-0400] {processor.py:183} INFO - Processing /home/ironbong_jr/mlops/project/project/lib/python3.10/site-packages/airflow/example_dags/example_trigger_target_dag.py took 0.206 seconds
[2024-03-12T21:31:49.062-0400] {processor.py:161} INFO - Started process (PID=409770) to work on /home/ironbong_jr/mlops/project/project/lib/python3.10/site-packages/airflow/example_dags/example_trigger_target_dag.py
[2024-03-12T21:31:49.110-0400] {processor.py:830} INFO - Processing file /home/ironbong_jr/mlops/project/project/lib/python3.10/site-packages/airflow/example_dags/example_trigger_target_dag.py for tasks to queue
[2024-03-12T21:31:49.114-0400] {logging_mixin.py:188} INFO - [2024-03-12T21:31:49.112-0400] {dagbag.py:540} INFO - Filling up the DagBag from /home/ironbong_jr/mlops/project/project/lib/python3.10/site-packages/airflow/example_dags/example_trigger_target_dag.py
[2024-03-12T21:31:49.132-0400] {processor.py:840} INFO - DAG(s) 'example_trigger_target_dag' retrieved from /home/ironbong_jr/mlops/project/project/lib/python3.10/site-packages/airflow/example_dags/example_trigger_target_dag.py
[2024-03-12T21:31:49.160-0400] {logging_mixin.py:188} INFO - [2024-03-12T21:31:49.160-0400] {dag.py:3047} INFO - Sync 1 DAGs
[2024-03-12T21:31:49.193-0400] {logging_mixin.py:188} INFO - [2024-03-12T21:31:49.193-0400] {dag.py:3834} INFO - Setting next_dagrun for example_trigger_target_dag to None, run_after=None
[2024-03-12T21:31:49.277-0400] {processor.py:183} INFO - Processing /home/ironbong_jr/mlops/project/project/lib/python3.10/site-packages/airflow/example_dags/example_trigger_target_dag.py took 0.223 seconds
[2024-03-12T21:33:30.545-0400] {processor.py:161} INFO - Started process (PID=410332) to work on /home/ironbong_jr/mlops/project/project/lib/python3.10/site-packages/airflow/example_dags/example_trigger_target_dag.py
[2024-03-12T21:33:30.595-0400] {processor.py:830} INFO - Processing file /home/ironbong_jr/mlops/project/project/lib/python3.10/site-packages/airflow/example_dags/example_trigger_target_dag.py for tasks to queue
[2024-03-12T21:33:30.598-0400] {logging_mixin.py:188} INFO - [2024-03-12T21:33:30.597-0400] {dagbag.py:540} INFO - Filling up the DagBag from /home/ironbong_jr/mlops/project/project/lib/python3.10/site-packages/airflow/example_dags/example_trigger_target_dag.py
[2024-03-12T21:33:30.614-0400] {processor.py:840} INFO - DAG(s) 'example_trigger_target_dag' retrieved from /home/ironbong_jr/mlops/project/project/lib/python3.10/site-packages/airflow/example_dags/example_trigger_target_dag.py
[2024-03-12T21:33:30.646-0400] {logging_mixin.py:188} INFO - [2024-03-12T21:33:30.646-0400] {dag.py:3047} INFO - Sync 1 DAGs
[2024-03-12T21:33:30.671-0400] {logging_mixin.py:188} INFO - [2024-03-12T21:33:30.671-0400] {dag.py:3834} INFO - Setting next_dagrun for example_trigger_target_dag to None, run_after=None
[2024-03-12T21:33:30.798-0400] {processor.py:183} INFO - Processing /home/ironbong_jr/mlops/project/project/lib/python3.10/site-packages/airflow/example_dags/example_trigger_target_dag.py took 0.261 seconds
[2024-03-12T21:34:59.156-0400] {processor.py:161} INFO - Started process (PID=410737) to work on /home/ironbong_jr/mlops/project/project/lib/python3.10/site-packages/airflow/example_dags/example_trigger_target_dag.py
[2024-03-12T21:34:59.162-0400] {processor.py:830} INFO - Processing file /home/ironbong_jr/mlops/project/project/lib/python3.10/site-packages/airflow/example_dags/example_trigger_target_dag.py for tasks to queue
[2024-03-12T21:34:59.164-0400] {logging_mixin.py:188} INFO - [2024-03-12T21:34:59.163-0400] {dagbag.py:540} INFO - Filling up the DagBag from /home/ironbong_jr/mlops/project/project/lib/python3.10/site-packages/airflow/example_dags/example_trigger_target_dag.py
[2024-03-12T21:34:59.177-0400] {processor.py:840} INFO - DAG(s) 'example_trigger_target_dag' retrieved from /home/ironbong_jr/mlops/project/project/lib/python3.10/site-packages/airflow/example_dags/example_trigger_target_dag.py
[2024-03-12T21:34:59.212-0400] {logging_mixin.py:188} INFO - [2024-03-12T21:34:59.211-0400] {dag.py:3047} INFO - Sync 1 DAGs
[2024-03-12T21:34:59.236-0400] {logging_mixin.py:188} INFO - [2024-03-12T21:34:59.235-0400] {dag.py:3834} INFO - Setting next_dagrun for example_trigger_target_dag to None, run_after=None
[2024-03-12T21:34:59.285-0400] {processor.py:183} INFO - Processing /home/ironbong_jr/mlops/project/project/lib/python3.10/site-packages/airflow/example_dags/example_trigger_target_dag.py took 0.135 seconds
[2024-03-12T23:26:37.424-0400] {processor.py:161} INFO - Started process (PID=417792) to work on /home/ironbong_jr/mlops/project/project/lib/python3.10/site-packages/airflow/example_dags/example_trigger_target_dag.py
[2024-03-12T23:26:37.477-0400] {processor.py:830} INFO - Processing file /home/ironbong_jr/mlops/project/project/lib/python3.10/site-packages/airflow/example_dags/example_trigger_target_dag.py for tasks to queue
[2024-03-12T23:26:37.480-0400] {logging_mixin.py:188} INFO - [2024-03-12T23:26:37.478-0400] {dagbag.py:540} INFO - Filling up the DagBag from /home/ironbong_jr/mlops/project/project/lib/python3.10/site-packages/airflow/example_dags/example_trigger_target_dag.py
[2024-03-12T23:26:37.502-0400] {processor.py:840} INFO - DAG(s) 'example_trigger_target_dag' retrieved from /home/ironbong_jr/mlops/project/project/lib/python3.10/site-packages/airflow/example_dags/example_trigger_target_dag.py
[2024-03-12T23:26:37.965-0400] {logging_mixin.py:188} INFO - [2024-03-12T23:26:37.963-0400] {dag.py:3047} INFO - Sync 1 DAGs
[2024-03-12T23:26:37.980-0400] {logging_mixin.py:188} INFO - [2024-03-12T23:26:37.980-0400] {dag.py:3834} INFO - Setting next_dagrun for example_trigger_target_dag to None, run_after=None
[2024-03-12T23:26:38.106-0400] {processor.py:183} INFO - Processing /home/ironbong_jr/mlops/project/project/lib/python3.10/site-packages/airflow/example_dags/example_trigger_target_dag.py took 0.687 seconds
[2024-03-12T23:29:51.205-0400] {processor.py:161} INFO - Started process (PID=418562) to work on /home/ironbong_jr/mlops/project/project/lib/python3.10/site-packages/airflow/example_dags/example_trigger_target_dag.py
[2024-03-12T23:29:51.252-0400] {processor.py:830} INFO - Processing file /home/ironbong_jr/mlops/project/project/lib/python3.10/site-packages/airflow/example_dags/example_trigger_target_dag.py for tasks to queue
[2024-03-12T23:29:51.255-0400] {logging_mixin.py:188} INFO - [2024-03-12T23:29:51.254-0400] {dagbag.py:540} INFO - Filling up the DagBag from /home/ironbong_jr/mlops/project/project/lib/python3.10/site-packages/airflow/example_dags/example_trigger_target_dag.py
[2024-03-12T23:29:51.269-0400] {processor.py:840} INFO - DAG(s) 'example_trigger_target_dag' retrieved from /home/ironbong_jr/mlops/project/project/lib/python3.10/site-packages/airflow/example_dags/example_trigger_target_dag.py
[2024-03-12T23:29:51.314-0400] {logging_mixin.py:188} INFO - [2024-03-12T23:29:51.312-0400] {dag.py:3047} INFO - Sync 1 DAGs
[2024-03-12T23:29:51.337-0400] {logging_mixin.py:188} INFO - [2024-03-12T23:29:51.336-0400] {dag.py:3834} INFO - Setting next_dagrun for example_trigger_target_dag to None, run_after=None
[2024-03-12T23:29:51.453-0400] {processor.py:183} INFO - Processing /home/ironbong_jr/mlops/project/project/lib/python3.10/site-packages/airflow/example_dags/example_trigger_target_dag.py took 0.254 seconds
[2024-03-12T23:31:39.594-0400] {processor.py:161} INFO - Started process (PID=419033) to work on /home/ironbong_jr/mlops/project/project/lib/python3.10/site-packages/airflow/example_dags/example_trigger_target_dag.py
[2024-03-12T23:31:39.644-0400] {processor.py:830} INFO - Processing file /home/ironbong_jr/mlops/project/project/lib/python3.10/site-packages/airflow/example_dags/example_trigger_target_dag.py for tasks to queue
[2024-03-12T23:31:39.648-0400] {logging_mixin.py:188} INFO - [2024-03-12T23:31:39.646-0400] {dagbag.py:540} INFO - Filling up the DagBag from /home/ironbong_jr/mlops/project/project/lib/python3.10/site-packages/airflow/example_dags/example_trigger_target_dag.py
[2024-03-12T23:31:39.668-0400] {processor.py:840} INFO - DAG(s) 'example_trigger_target_dag' retrieved from /home/ironbong_jr/mlops/project/project/lib/python3.10/site-packages/airflow/example_dags/example_trigger_target_dag.py
[2024-03-12T23:31:39.707-0400] {logging_mixin.py:188} INFO - [2024-03-12T23:31:39.706-0400] {dag.py:3047} INFO - Sync 1 DAGs
[2024-03-12T23:31:39.732-0400] {logging_mixin.py:188} INFO - [2024-03-12T23:31:39.731-0400] {dag.py:3834} INFO - Setting next_dagrun for example_trigger_target_dag to None, run_after=None
[2024-03-12T23:31:39.836-0400] {processor.py:183} INFO - Processing /home/ironbong_jr/mlops/project/project/lib/python3.10/site-packages/airflow/example_dags/example_trigger_target_dag.py took 0.250 seconds
[2024-03-12T23:42:35.179-0400] {processor.py:161} INFO - Started process (PID=421645) to work on /home/ironbong_jr/mlops/project/project/lib/python3.10/site-packages/airflow/example_dags/example_trigger_target_dag.py
[2024-03-12T23:42:35.231-0400] {processor.py:830} INFO - Processing file /home/ironbong_jr/mlops/project/project/lib/python3.10/site-packages/airflow/example_dags/example_trigger_target_dag.py for tasks to queue
[2024-03-12T23:42:35.233-0400] {logging_mixin.py:188} INFO - [2024-03-12T23:42:35.232-0400] {dagbag.py:540} INFO - Filling up the DagBag from /home/ironbong_jr/mlops/project/project/lib/python3.10/site-packages/airflow/example_dags/example_trigger_target_dag.py
[2024-03-12T23:42:35.260-0400] {processor.py:840} INFO - DAG(s) 'example_trigger_target_dag' retrieved from /home/ironbong_jr/mlops/project/project/lib/python3.10/site-packages/airflow/example_dags/example_trigger_target_dag.py
[2024-03-12T23:42:35.795-0400] {logging_mixin.py:188} INFO - [2024-03-12T23:42:35.795-0400] {dag.py:3047} INFO - Sync 1 DAGs
[2024-03-12T23:42:35.819-0400] {logging_mixin.py:188} INFO - [2024-03-12T23:42:35.819-0400] {dag.py:3834} INFO - Setting next_dagrun for example_trigger_target_dag to None, run_after=None
[2024-03-12T23:42:35.875-0400] {processor.py:183} INFO - Processing /home/ironbong_jr/mlops/project/project/lib/python3.10/site-packages/airflow/example_dags/example_trigger_target_dag.py took 0.702 seconds
[2024-03-12T23:44:35.529-0400] {processor.py:161} INFO - Started process (PID=422145) to work on /home/ironbong_jr/mlops/project/project/lib/python3.10/site-packages/airflow/example_dags/example_trigger_target_dag.py
[2024-03-12T23:44:35.580-0400] {processor.py:830} INFO - Processing file /home/ironbong_jr/mlops/project/project/lib/python3.10/site-packages/airflow/example_dags/example_trigger_target_dag.py for tasks to queue
[2024-03-12T23:44:35.583-0400] {logging_mixin.py:188} INFO - [2024-03-12T23:44:35.582-0400] {dagbag.py:540} INFO - Filling up the DagBag from /home/ironbong_jr/mlops/project/project/lib/python3.10/site-packages/airflow/example_dags/example_trigger_target_dag.py
[2024-03-12T23:44:35.618-0400] {processor.py:840} INFO - DAG(s) 'example_trigger_target_dag' retrieved from /home/ironbong_jr/mlops/project/project/lib/python3.10/site-packages/airflow/example_dags/example_trigger_target_dag.py
[2024-03-12T23:44:35.855-0400] {logging_mixin.py:188} INFO - [2024-03-12T23:44:35.855-0400] {dag.py:3047} INFO - Sync 1 DAGs
[2024-03-12T23:44:35.868-0400] {logging_mixin.py:188} INFO - [2024-03-12T23:44:35.867-0400] {dag.py:3834} INFO - Setting next_dagrun for example_trigger_target_dag to None, run_after=None
[2024-03-12T23:44:35.956-0400] {processor.py:183} INFO - Processing /home/ironbong_jr/mlops/project/project/lib/python3.10/site-packages/airflow/example_dags/example_trigger_target_dag.py took 0.434 seconds
[2024-03-12T23:46:14.163-0400] {processor.py:161} INFO - Started process (PID=422727) to work on /home/ironbong_jr/mlops/project/project/lib/python3.10/site-packages/airflow/example_dags/example_trigger_target_dag.py
[2024-03-12T23:46:14.165-0400] {processor.py:830} INFO - Processing file /home/ironbong_jr/mlops/project/project/lib/python3.10/site-packages/airflow/example_dags/example_trigger_target_dag.py for tasks to queue
[2024-03-12T23:46:14.166-0400] {logging_mixin.py:188} INFO - [2024-03-12T23:46:14.165-0400] {dagbag.py:540} INFO - Filling up the DagBag from /home/ironbong_jr/mlops/project/project/lib/python3.10/site-packages/airflow/example_dags/example_trigger_target_dag.py
[2024-03-12T23:46:14.176-0400] {processor.py:840} INFO - DAG(s) 'example_trigger_target_dag' retrieved from /home/ironbong_jr/mlops/project/project/lib/python3.10/site-packages/airflow/example_dags/example_trigger_target_dag.py
[2024-03-12T23:46:14.202-0400] {logging_mixin.py:188} INFO - [2024-03-12T23:46:14.201-0400] {dag.py:3047} INFO - Sync 1 DAGs
[2024-03-12T23:46:14.221-0400] {logging_mixin.py:188} INFO - [2024-03-12T23:46:14.220-0400] {dag.py:3834} INFO - Setting next_dagrun for example_trigger_target_dag to None, run_after=None
[2024-03-12T23:46:14.259-0400] {processor.py:183} INFO - Processing /home/ironbong_jr/mlops/project/project/lib/python3.10/site-packages/airflow/example_dags/example_trigger_target_dag.py took 0.102 seconds
[2024-03-12T23:48:24.568-0400] {processor.py:161} INFO - Started process (PID=423339) to work on /home/ironbong_jr/mlops/project/project/lib/python3.10/site-packages/airflow/example_dags/example_trigger_target_dag.py
[2024-03-12T23:48:24.576-0400] {processor.py:830} INFO - Processing file /home/ironbong_jr/mlops/project/project/lib/python3.10/site-packages/airflow/example_dags/example_trigger_target_dag.py for tasks to queue
[2024-03-12T23:48:24.583-0400] {logging_mixin.py:188} INFO - [2024-03-12T23:48:24.582-0400] {dagbag.py:540} INFO - Filling up the DagBag from /home/ironbong_jr/mlops/project/project/lib/python3.10/site-packages/airflow/example_dags/example_trigger_target_dag.py
[2024-03-12T23:48:24.602-0400] {processor.py:840} INFO - DAG(s) 'example_trigger_target_dag' retrieved from /home/ironbong_jr/mlops/project/project/lib/python3.10/site-packages/airflow/example_dags/example_trigger_target_dag.py
[2024-03-12T23:48:24.638-0400] {logging_mixin.py:188} INFO - [2024-03-12T23:48:24.638-0400] {dag.py:3047} INFO - Sync 1 DAGs
[2024-03-12T23:48:24.652-0400] {logging_mixin.py:188} INFO - [2024-03-12T23:48:24.652-0400] {dag.py:3834} INFO - Setting next_dagrun for example_trigger_target_dag to None, run_after=None
[2024-03-12T23:48:24.686-0400] {processor.py:183} INFO - Processing /home/ironbong_jr/mlops/project/project/lib/python3.10/site-packages/airflow/example_dags/example_trigger_target_dag.py took 0.132 seconds
[2024-03-12T23:49:52.695-0400] {processor.py:161} INFO - Started process (PID=423741) to work on /home/ironbong_jr/mlops/project/project/lib/python3.10/site-packages/airflow/example_dags/example_trigger_target_dag.py
[2024-03-12T23:49:52.752-0400] {processor.py:830} INFO - Processing file /home/ironbong_jr/mlops/project/project/lib/python3.10/site-packages/airflow/example_dags/example_trigger_target_dag.py for tasks to queue
[2024-03-12T23:49:52.755-0400] {logging_mixin.py:188} INFO - [2024-03-12T23:49:52.754-0400] {dagbag.py:540} INFO - Filling up the DagBag from /home/ironbong_jr/mlops/project/project/lib/python3.10/site-packages/airflow/example_dags/example_trigger_target_dag.py
[2024-03-12T23:49:52.773-0400] {processor.py:840} INFO - DAG(s) 'example_trigger_target_dag' retrieved from /home/ironbong_jr/mlops/project/project/lib/python3.10/site-packages/airflow/example_dags/example_trigger_target_dag.py
[2024-03-12T23:49:52.809-0400] {logging_mixin.py:188} INFO - [2024-03-12T23:49:52.809-0400] {dag.py:3047} INFO - Sync 1 DAGs
[2024-03-12T23:49:52.832-0400] {logging_mixin.py:188} INFO - [2024-03-12T23:49:52.831-0400] {dag.py:3834} INFO - Setting next_dagrun for example_trigger_target_dag to None, run_after=None
[2024-03-12T23:49:52.873-0400] {processor.py:183} INFO - Processing /home/ironbong_jr/mlops/project/project/lib/python3.10/site-packages/airflow/example_dags/example_trigger_target_dag.py took 0.194 seconds
[2024-03-12T23:51:19.194-0400] {processor.py:161} INFO - Started process (PID=424193) to work on /home/ironbong_jr/mlops/project/project/lib/python3.10/site-packages/airflow/example_dags/example_trigger_target_dag.py
[2024-03-12T23:51:19.245-0400] {processor.py:830} INFO - Processing file /home/ironbong_jr/mlops/project/project/lib/python3.10/site-packages/airflow/example_dags/example_trigger_target_dag.py for tasks to queue
[2024-03-12T23:51:19.249-0400] {logging_mixin.py:188} INFO - [2024-03-12T23:51:19.248-0400] {dagbag.py:540} INFO - Filling up the DagBag from /home/ironbong_jr/mlops/project/project/lib/python3.10/site-packages/airflow/example_dags/example_trigger_target_dag.py
[2024-03-12T23:51:19.286-0400] {processor.py:840} INFO - DAG(s) 'example_trigger_target_dag' retrieved from /home/ironbong_jr/mlops/project/project/lib/python3.10/site-packages/airflow/example_dags/example_trigger_target_dag.py
[2024-03-12T23:51:19.336-0400] {logging_mixin.py:188} INFO - [2024-03-12T23:51:19.335-0400] {dag.py:3047} INFO - Sync 1 DAGs
[2024-03-12T23:51:19.367-0400] {logging_mixin.py:188} INFO - [2024-03-12T23:51:19.366-0400] {dag.py:3834} INFO - Setting next_dagrun for example_trigger_target_dag to None, run_after=None
[2024-03-12T23:51:19.465-0400] {processor.py:183} INFO - Processing /home/ironbong_jr/mlops/project/project/lib/python3.10/site-packages/airflow/example_dags/example_trigger_target_dag.py took 0.277 seconds
[2024-03-12T23:52:46.071-0400] {processor.py:161} INFO - Started process (PID=424713) to work on /home/ironbong_jr/mlops/project/project/lib/python3.10/site-packages/airflow/example_dags/example_trigger_target_dag.py
[2024-03-12T23:52:46.074-0400] {processor.py:830} INFO - Processing file /home/ironbong_jr/mlops/project/project/lib/python3.10/site-packages/airflow/example_dags/example_trigger_target_dag.py for tasks to queue
[2024-03-12T23:52:46.076-0400] {logging_mixin.py:188} INFO - [2024-03-12T23:52:46.075-0400] {dagbag.py:540} INFO - Filling up the DagBag from /home/ironbong_jr/mlops/project/project/lib/python3.10/site-packages/airflow/example_dags/example_trigger_target_dag.py
[2024-03-12T23:52:46.088-0400] {processor.py:840} INFO - DAG(s) 'example_trigger_target_dag' retrieved from /home/ironbong_jr/mlops/project/project/lib/python3.10/site-packages/airflow/example_dags/example_trigger_target_dag.py
[2024-03-12T23:52:46.114-0400] {logging_mixin.py:188} INFO - [2024-03-12T23:52:46.113-0400] {dag.py:3047} INFO - Sync 1 DAGs
[2024-03-12T23:52:46.196-0400] {logging_mixin.py:188} INFO - [2024-03-12T23:52:46.195-0400] {dag.py:3834} INFO - Setting next_dagrun for example_trigger_target_dag to None, run_after=None
[2024-03-12T23:52:46.293-0400] {processor.py:183} INFO - Processing /home/ironbong_jr/mlops/project/project/lib/python3.10/site-packages/airflow/example_dags/example_trigger_target_dag.py took 0.228 seconds
[2024-03-12T23:54:20.468-0400] {processor.py:161} INFO - Started process (PID=425164) to work on /home/ironbong_jr/mlops/project/project/lib/python3.10/site-packages/airflow/example_dags/example_trigger_target_dag.py
[2024-03-12T23:54:20.472-0400] {processor.py:830} INFO - Processing file /home/ironbong_jr/mlops/project/project/lib/python3.10/site-packages/airflow/example_dags/example_trigger_target_dag.py for tasks to queue
[2024-03-12T23:54:20.474-0400] {logging_mixin.py:188} INFO - [2024-03-12T23:54:20.473-0400] {dagbag.py:540} INFO - Filling up the DagBag from /home/ironbong_jr/mlops/project/project/lib/python3.10/site-packages/airflow/example_dags/example_trigger_target_dag.py
[2024-03-12T23:54:20.487-0400] {processor.py:840} INFO - DAG(s) 'example_trigger_target_dag' retrieved from /home/ironbong_jr/mlops/project/project/lib/python3.10/site-packages/airflow/example_dags/example_trigger_target_dag.py
[2024-03-12T23:54:20.520-0400] {logging_mixin.py:188} INFO - [2024-03-12T23:54:20.519-0400] {dag.py:3047} INFO - Sync 1 DAGs
[2024-03-12T23:54:20.582-0400] {logging_mixin.py:188} INFO - [2024-03-12T23:54:20.581-0400] {dag.py:3834} INFO - Setting next_dagrun for example_trigger_target_dag to None, run_after=None
[2024-03-12T23:54:20.723-0400] {processor.py:183} INFO - Processing /home/ironbong_jr/mlops/project/project/lib/python3.10/site-packages/airflow/example_dags/example_trigger_target_dag.py took 0.262 seconds
[2024-03-12T23:55:58.291-0400] {processor.py:161} INFO - Started process (PID=425592) to work on /home/ironbong_jr/mlops/project/project/lib/python3.10/site-packages/airflow/example_dags/example_trigger_target_dag.py
[2024-03-12T23:55:58.295-0400] {processor.py:830} INFO - Processing file /home/ironbong_jr/mlops/project/project/lib/python3.10/site-packages/airflow/example_dags/example_trigger_target_dag.py for tasks to queue
[2024-03-12T23:55:58.297-0400] {logging_mixin.py:188} INFO - [2024-03-12T23:55:58.296-0400] {dagbag.py:540} INFO - Filling up the DagBag from /home/ironbong_jr/mlops/project/project/lib/python3.10/site-packages/airflow/example_dags/example_trigger_target_dag.py
[2024-03-12T23:55:58.317-0400] {processor.py:840} INFO - DAG(s) 'example_trigger_target_dag' retrieved from /home/ironbong_jr/mlops/project/project/lib/python3.10/site-packages/airflow/example_dags/example_trigger_target_dag.py
[2024-03-12T23:55:58.363-0400] {logging_mixin.py:188} INFO - [2024-03-12T23:55:58.363-0400] {dag.py:3047} INFO - Sync 1 DAGs
[2024-03-12T23:55:58.386-0400] {logging_mixin.py:188} INFO - [2024-03-12T23:55:58.386-0400] {dag.py:3834} INFO - Setting next_dagrun for example_trigger_target_dag to None, run_after=None
[2024-03-12T23:55:58.489-0400] {processor.py:183} INFO - Processing /home/ironbong_jr/mlops/project/project/lib/python3.10/site-packages/airflow/example_dags/example_trigger_target_dag.py took 0.206 seconds
[2024-03-13T00:30:25.003-0400] {processor.py:161} INFO - Started process (PID=432902) to work on /home/ironbong_jr/mlops/project/project/lib/python3.10/site-packages/airflow/example_dags/example_trigger_target_dag.py
[2024-03-13T00:30:25.053-0400] {processor.py:830} INFO - Processing file /home/ironbong_jr/mlops/project/project/lib/python3.10/site-packages/airflow/example_dags/example_trigger_target_dag.py for tasks to queue
[2024-03-13T00:30:25.056-0400] {logging_mixin.py:188} INFO - [2024-03-13T00:30:25.055-0400] {dagbag.py:540} INFO - Filling up the DagBag from /home/ironbong_jr/mlops/project/project/lib/python3.10/site-packages/airflow/example_dags/example_trigger_target_dag.py
[2024-03-13T00:30:25.076-0400] {processor.py:840} INFO - DAG(s) 'example_trigger_target_dag' retrieved from /home/ironbong_jr/mlops/project/project/lib/python3.10/site-packages/airflow/example_dags/example_trigger_target_dag.py
[2024-03-13T00:30:25.377-0400] {logging_mixin.py:188} INFO - [2024-03-13T00:30:25.377-0400] {dag.py:3047} INFO - Sync 1 DAGs
[2024-03-13T00:30:25.394-0400] {logging_mixin.py:188} INFO - [2024-03-13T00:30:25.393-0400] {dag.py:3834} INFO - Setting next_dagrun for example_trigger_target_dag to None, run_after=None
[2024-03-13T00:30:25.507-0400] {processor.py:183} INFO - Processing /home/ironbong_jr/mlops/project/project/lib/python3.10/site-packages/airflow/example_dags/example_trigger_target_dag.py took 0.510 seconds
[2024-03-13T00:32:14.547-0400] {processor.py:161} INFO - Started process (PID=433417) to work on /home/ironbong_jr/mlops/project/project/lib/python3.10/site-packages/airflow/example_dags/example_trigger_target_dag.py
[2024-03-13T00:32:14.550-0400] {processor.py:830} INFO - Processing file /home/ironbong_jr/mlops/project/project/lib/python3.10/site-packages/airflow/example_dags/example_trigger_target_dag.py for tasks to queue
[2024-03-13T00:32:14.552-0400] {logging_mixin.py:188} INFO - [2024-03-13T00:32:14.552-0400] {dagbag.py:540} INFO - Filling up the DagBag from /home/ironbong_jr/mlops/project/project/lib/python3.10/site-packages/airflow/example_dags/example_trigger_target_dag.py
[2024-03-13T00:32:14.563-0400] {processor.py:840} INFO - DAG(s) 'example_trigger_target_dag' retrieved from /home/ironbong_jr/mlops/project/project/lib/python3.10/site-packages/airflow/example_dags/example_trigger_target_dag.py
[2024-03-13T00:32:14.588-0400] {logging_mixin.py:188} INFO - [2024-03-13T00:32:14.587-0400] {dag.py:3047} INFO - Sync 1 DAGs
[2024-03-13T00:32:14.757-0400] {logging_mixin.py:188} INFO - [2024-03-13T00:32:14.756-0400] {dag.py:3834} INFO - Setting next_dagrun for example_trigger_target_dag to None, run_after=None
[2024-03-13T00:32:14.876-0400] {processor.py:183} INFO - Processing /home/ironbong_jr/mlops/project/project/lib/python3.10/site-packages/airflow/example_dags/example_trigger_target_dag.py took 0.334 seconds
[2024-03-13T00:36:08.355-0400] {processor.py:161} INFO - Started process (PID=434375) to work on /home/ironbong_jr/mlops/project/project/lib/python3.10/site-packages/airflow/example_dags/example_trigger_target_dag.py
[2024-03-13T00:36:08.407-0400] {processor.py:830} INFO - Processing file /home/ironbong_jr/mlops/project/project/lib/python3.10/site-packages/airflow/example_dags/example_trigger_target_dag.py for tasks to queue
[2024-03-13T00:36:08.410-0400] {logging_mixin.py:188} INFO - [2024-03-13T00:36:08.409-0400] {dagbag.py:540} INFO - Filling up the DagBag from /home/ironbong_jr/mlops/project/project/lib/python3.10/site-packages/airflow/example_dags/example_trigger_target_dag.py
[2024-03-13T00:36:08.424-0400] {processor.py:840} INFO - DAG(s) 'example_trigger_target_dag' retrieved from /home/ironbong_jr/mlops/project/project/lib/python3.10/site-packages/airflow/example_dags/example_trigger_target_dag.py
[2024-03-13T00:36:08.474-0400] {logging_mixin.py:188} INFO - [2024-03-13T00:36:08.473-0400] {dag.py:3047} INFO - Sync 1 DAGs
[2024-03-13T00:36:08.500-0400] {logging_mixin.py:188} INFO - [2024-03-13T00:36:08.499-0400] {dag.py:3834} INFO - Setting next_dagrun for example_trigger_target_dag to None, run_after=None
[2024-03-13T00:36:08.557-0400] {processor.py:183} INFO - Processing /home/ironbong_jr/mlops/project/project/lib/python3.10/site-packages/airflow/example_dags/example_trigger_target_dag.py took 0.207 seconds
[2024-03-13T00:38:19.003-0400] {processor.py:161} INFO - Started process (PID=435024) to work on /home/ironbong_jr/mlops/project/project/lib/python3.10/site-packages/airflow/example_dags/example_trigger_target_dag.py
[2024-03-13T00:38:19.054-0400] {processor.py:830} INFO - Processing file /home/ironbong_jr/mlops/project/project/lib/python3.10/site-packages/airflow/example_dags/example_trigger_target_dag.py for tasks to queue
[2024-03-13T00:38:19.056-0400] {logging_mixin.py:188} INFO - [2024-03-13T00:38:19.055-0400] {dagbag.py:540} INFO - Filling up the DagBag from /home/ironbong_jr/mlops/project/project/lib/python3.10/site-packages/airflow/example_dags/example_trigger_target_dag.py
[2024-03-13T00:38:19.067-0400] {processor.py:840} INFO - DAG(s) 'example_trigger_target_dag' retrieved from /home/ironbong_jr/mlops/project/project/lib/python3.10/site-packages/airflow/example_dags/example_trigger_target_dag.py
[2024-03-13T00:38:19.095-0400] {logging_mixin.py:188} INFO - [2024-03-13T00:38:19.094-0400] {dag.py:3047} INFO - Sync 1 DAGs
[2024-03-13T00:38:19.108-0400] {logging_mixin.py:188} INFO - [2024-03-13T00:38:19.108-0400] {dag.py:3834} INFO - Setting next_dagrun for example_trigger_target_dag to None, run_after=None
[2024-03-13T00:38:19.239-0400] {processor.py:183} INFO - Processing /home/ironbong_jr/mlops/project/project/lib/python3.10/site-packages/airflow/example_dags/example_trigger_target_dag.py took 0.246 seconds
[2024-03-13T00:39:56.452-0400] {processor.py:161} INFO - Started process (PID=435451) to work on /home/ironbong_jr/mlops/project/project/lib/python3.10/site-packages/airflow/example_dags/example_trigger_target_dag.py
[2024-03-13T00:39:56.504-0400] {processor.py:830} INFO - Processing file /home/ironbong_jr/mlops/project/project/lib/python3.10/site-packages/airflow/example_dags/example_trigger_target_dag.py for tasks to queue
[2024-03-13T00:39:56.507-0400] {logging_mixin.py:188} INFO - [2024-03-13T00:39:56.506-0400] {dagbag.py:540} INFO - Filling up the DagBag from /home/ironbong_jr/mlops/project/project/lib/python3.10/site-packages/airflow/example_dags/example_trigger_target_dag.py
[2024-03-13T00:39:56.519-0400] {processor.py:840} INFO - DAG(s) 'example_trigger_target_dag' retrieved from /home/ironbong_jr/mlops/project/project/lib/python3.10/site-packages/airflow/example_dags/example_trigger_target_dag.py
[2024-03-13T00:39:56.544-0400] {logging_mixin.py:188} INFO - [2024-03-13T00:39:56.544-0400] {dag.py:3047} INFO - Sync 1 DAGs
[2024-03-13T00:39:56.561-0400] {logging_mixin.py:188} INFO - [2024-03-13T00:39:56.561-0400] {dag.py:3834} INFO - Setting next_dagrun for example_trigger_target_dag to None, run_after=None
[2024-03-13T00:39:56.603-0400] {processor.py:183} INFO - Processing /home/ironbong_jr/mlops/project/project/lib/python3.10/site-packages/airflow/example_dags/example_trigger_target_dag.py took 0.164 seconds
[2024-03-13T00:42:44.645-0400] {processor.py:161} INFO - Started process (PID=436205) to work on /home/ironbong_jr/mlops/project/project/lib/python3.10/site-packages/airflow/example_dags/example_trigger_target_dag.py
[2024-03-13T00:42:44.648-0400] {processor.py:830} INFO - Processing file /home/ironbong_jr/mlops/project/project/lib/python3.10/site-packages/airflow/example_dags/example_trigger_target_dag.py for tasks to queue
[2024-03-13T00:42:44.650-0400] {logging_mixin.py:188} INFO - [2024-03-13T00:42:44.649-0400] {dagbag.py:540} INFO - Filling up the DagBag from /home/ironbong_jr/mlops/project/project/lib/python3.10/site-packages/airflow/example_dags/example_trigger_target_dag.py
[2024-03-13T00:42:44.659-0400] {processor.py:840} INFO - DAG(s) 'example_trigger_target_dag' retrieved from /home/ironbong_jr/mlops/project/project/lib/python3.10/site-packages/airflow/example_dags/example_trigger_target_dag.py
[2024-03-13T00:42:44.686-0400] {logging_mixin.py:188} INFO - [2024-03-13T00:42:44.685-0400] {dag.py:3047} INFO - Sync 1 DAGs
[2024-03-13T00:42:44.699-0400] {logging_mixin.py:188} INFO - [2024-03-13T00:42:44.699-0400] {dag.py:3834} INFO - Setting next_dagrun for example_trigger_target_dag to None, run_after=None
[2024-03-13T00:42:44.734-0400] {processor.py:183} INFO - Processing /home/ironbong_jr/mlops/project/project/lib/python3.10/site-packages/airflow/example_dags/example_trigger_target_dag.py took 0.094 seconds
[2024-03-13T00:44:53.744-0400] {processor.py:161} INFO - Started process (PID=436811) to work on /home/ironbong_jr/mlops/project/project/lib/python3.10/site-packages/airflow/example_dags/example_trigger_target_dag.py
[2024-03-13T00:44:53.748-0400] {processor.py:830} INFO - Processing file /home/ironbong_jr/mlops/project/project/lib/python3.10/site-packages/airflow/example_dags/example_trigger_target_dag.py for tasks to queue
[2024-03-13T00:44:53.751-0400] {logging_mixin.py:188} INFO - [2024-03-13T00:44:53.750-0400] {dagbag.py:540} INFO - Filling up the DagBag from /home/ironbong_jr/mlops/project/project/lib/python3.10/site-packages/airflow/example_dags/example_trigger_target_dag.py
[2024-03-13T00:44:53.761-0400] {processor.py:840} INFO - DAG(s) 'example_trigger_target_dag' retrieved from /home/ironbong_jr/mlops/project/project/lib/python3.10/site-packages/airflow/example_dags/example_trigger_target_dag.py
[2024-03-13T00:44:53.793-0400] {logging_mixin.py:188} INFO - [2024-03-13T00:44:53.793-0400] {dag.py:3047} INFO - Sync 1 DAGs
[2024-03-13T00:44:53.807-0400] {logging_mixin.py:188} INFO - [2024-03-13T00:44:53.807-0400] {dag.py:3834} INFO - Setting next_dagrun for example_trigger_target_dag to None, run_after=None
[2024-03-13T00:44:53.854-0400] {processor.py:183} INFO - Processing /home/ironbong_jr/mlops/project/project/lib/python3.10/site-packages/airflow/example_dags/example_trigger_target_dag.py took 0.116 seconds
[2024-03-13T15:49:30.380-0400] {processor.py:161} INFO - Started process (PID=453812) to work on /home/ironbong_jr/mlops/project/project/lib/python3.10/site-packages/airflow/example_dags/example_trigger_target_dag.py
[2024-03-13T15:49:30.384-0400] {processor.py:830} INFO - Processing file /home/ironbong_jr/mlops/project/project/lib/python3.10/site-packages/airflow/example_dags/example_trigger_target_dag.py for tasks to queue
[2024-03-13T15:49:30.385-0400] {logging_mixin.py:188} INFO - [2024-03-13T15:49:30.384-0400] {dagbag.py:540} INFO - Filling up the DagBag from /home/ironbong_jr/mlops/project/project/lib/python3.10/site-packages/airflow/example_dags/example_trigger_target_dag.py
[2024-03-13T15:49:30.391-0400] {processor.py:840} INFO - DAG(s) 'example_trigger_target_dag' retrieved from /home/ironbong_jr/mlops/project/project/lib/python3.10/site-packages/airflow/example_dags/example_trigger_target_dag.py
[2024-03-13T15:49:30.492-0400] {logging_mixin.py:188} INFO - [2024-03-13T15:49:30.491-0400] {dag.py:3047} INFO - Sync 1 DAGs
[2024-03-13T15:49:30.496-0400] {logging_mixin.py:188} INFO - [2024-03-13T15:49:30.496-0400] {dag.py:3834} INFO - Setting next_dagrun for example_trigger_target_dag to None, run_after=None
[2024-03-13T15:49:30.516-0400] {processor.py:183} INFO - Processing /home/ironbong_jr/mlops/project/project/lib/python3.10/site-packages/airflow/example_dags/example_trigger_target_dag.py took 0.138 seconds
[2024-03-13T15:51:39.583-0400] {processor.py:161} INFO - Started process (PID=454535) to work on /home/ironbong_jr/mlops/project/project/lib/python3.10/site-packages/airflow/example_dags/example_trigger_target_dag.py
[2024-03-13T15:51:39.587-0400] {processor.py:830} INFO - Processing file /home/ironbong_jr/mlops/project/project/lib/python3.10/site-packages/airflow/example_dags/example_trigger_target_dag.py for tasks to queue
[2024-03-13T15:51:39.587-0400] {logging_mixin.py:188} INFO - [2024-03-13T15:51:39.587-0400] {dagbag.py:540} INFO - Filling up the DagBag from /home/ironbong_jr/mlops/project/project/lib/python3.10/site-packages/airflow/example_dags/example_trigger_target_dag.py
[2024-03-13T15:51:39.592-0400] {processor.py:840} INFO - DAG(s) 'example_trigger_target_dag' retrieved from /home/ironbong_jr/mlops/project/project/lib/python3.10/site-packages/airflow/example_dags/example_trigger_target_dag.py
[2024-03-13T15:51:39.601-0400] {logging_mixin.py:188} INFO - [2024-03-13T15:51:39.601-0400] {dag.py:3047} INFO - Sync 1 DAGs
[2024-03-13T15:51:39.607-0400] {logging_mixin.py:188} INFO - [2024-03-13T15:51:39.607-0400] {dag.py:3834} INFO - Setting next_dagrun for example_trigger_target_dag to None, run_after=None
[2024-03-13T15:51:39.630-0400] {processor.py:183} INFO - Processing /home/ironbong_jr/mlops/project/project/lib/python3.10/site-packages/airflow/example_dags/example_trigger_target_dag.py took 0.049 seconds
[2024-03-13T15:52:34.375-0400] {processor.py:161} INFO - Started process (PID=454829) to work on /home/ironbong_jr/mlops/project/project/lib/python3.10/site-packages/airflow/example_dags/example_trigger_target_dag.py
[2024-03-13T15:52:34.380-0400] {processor.py:830} INFO - Processing file /home/ironbong_jr/mlops/project/project/lib/python3.10/site-packages/airflow/example_dags/example_trigger_target_dag.py for tasks to queue
[2024-03-13T15:52:34.381-0400] {logging_mixin.py:188} INFO - [2024-03-13T15:52:34.380-0400] {dagbag.py:540} INFO - Filling up the DagBag from /home/ironbong_jr/mlops/project/project/lib/python3.10/site-packages/airflow/example_dags/example_trigger_target_dag.py
[2024-03-13T15:52:34.386-0400] {processor.py:840} INFO - DAG(s) 'example_trigger_target_dag' retrieved from /home/ironbong_jr/mlops/project/project/lib/python3.10/site-packages/airflow/example_dags/example_trigger_target_dag.py
[2024-03-13T15:52:34.398-0400] {logging_mixin.py:188} INFO - [2024-03-13T15:52:34.398-0400] {dag.py:3047} INFO - Sync 1 DAGs
[2024-03-13T15:52:34.408-0400] {logging_mixin.py:188} INFO - [2024-03-13T15:52:34.407-0400] {dag.py:3834} INFO - Setting next_dagrun for example_trigger_target_dag to None, run_after=None
[2024-03-13T15:52:34.440-0400] {processor.py:183} INFO - Processing /home/ironbong_jr/mlops/project/project/lib/python3.10/site-packages/airflow/example_dags/example_trigger_target_dag.py took 0.068 seconds
[2024-03-13T15:53:27.092-0400] {processor.py:161} INFO - Started process (PID=455109) to work on /home/ironbong_jr/mlops/project/project/lib/python3.10/site-packages/airflow/example_dags/example_trigger_target_dag.py
[2024-03-13T15:53:27.095-0400] {processor.py:830} INFO - Processing file /home/ironbong_jr/mlops/project/project/lib/python3.10/site-packages/airflow/example_dags/example_trigger_target_dag.py for tasks to queue
[2024-03-13T15:53:27.096-0400] {logging_mixin.py:188} INFO - [2024-03-13T15:53:27.096-0400] {dagbag.py:540} INFO - Filling up the DagBag from /home/ironbong_jr/mlops/project/project/lib/python3.10/site-packages/airflow/example_dags/example_trigger_target_dag.py
[2024-03-13T15:53:27.100-0400] {processor.py:840} INFO - DAG(s) 'example_trigger_target_dag' retrieved from /home/ironbong_jr/mlops/project/project/lib/python3.10/site-packages/airflow/example_dags/example_trigger_target_dag.py
[2024-03-13T15:53:27.110-0400] {logging_mixin.py:188} INFO - [2024-03-13T15:53:27.109-0400] {dag.py:3047} INFO - Sync 1 DAGs
[2024-03-13T15:53:27.116-0400] {logging_mixin.py:188} INFO - [2024-03-13T15:53:27.116-0400] {dag.py:3834} INFO - Setting next_dagrun for example_trigger_target_dag to None, run_after=None
[2024-03-13T15:53:27.138-0400] {processor.py:183} INFO - Processing /home/ironbong_jr/mlops/project/project/lib/python3.10/site-packages/airflow/example_dags/example_trigger_target_dag.py took 0.049 seconds
[2024-03-13T15:54:43.157-0400] {processor.py:161} INFO - Started process (PID=455503) to work on /home/ironbong_jr/mlops/project/project/lib/python3.10/site-packages/airflow/example_dags/example_trigger_target_dag.py
[2024-03-13T15:54:43.159-0400] {processor.py:830} INFO - Processing file /home/ironbong_jr/mlops/project/project/lib/python3.10/site-packages/airflow/example_dags/example_trigger_target_dag.py for tasks to queue
[2024-03-13T15:54:43.160-0400] {logging_mixin.py:188} INFO - [2024-03-13T15:54:43.159-0400] {dagbag.py:540} INFO - Filling up the DagBag from /home/ironbong_jr/mlops/project/project/lib/python3.10/site-packages/airflow/example_dags/example_trigger_target_dag.py
[2024-03-13T15:54:43.164-0400] {processor.py:840} INFO - DAG(s) 'example_trigger_target_dag' retrieved from /home/ironbong_jr/mlops/project/project/lib/python3.10/site-packages/airflow/example_dags/example_trigger_target_dag.py
[2024-03-13T15:54:43.173-0400] {logging_mixin.py:188} INFO - [2024-03-13T15:54:43.173-0400] {dag.py:3047} INFO - Sync 1 DAGs
[2024-03-13T15:54:43.179-0400] {logging_mixin.py:188} INFO - [2024-03-13T15:54:43.179-0400] {dag.py:3834} INFO - Setting next_dagrun for example_trigger_target_dag to None, run_after=None
[2024-03-13T15:54:43.206-0400] {processor.py:183} INFO - Processing /home/ironbong_jr/mlops/project/project/lib/python3.10/site-packages/airflow/example_dags/example_trigger_target_dag.py took 0.050 seconds
[2024-03-13T15:55:35.552-0400] {processor.py:161} INFO - Started process (PID=455759) to work on /home/ironbong_jr/mlops/project/project/lib/python3.10/site-packages/airflow/example_dags/example_trigger_target_dag.py
[2024-03-13T15:55:35.557-0400] {processor.py:830} INFO - Processing file /home/ironbong_jr/mlops/project/project/lib/python3.10/site-packages/airflow/example_dags/example_trigger_target_dag.py for tasks to queue
[2024-03-13T15:55:35.558-0400] {logging_mixin.py:188} INFO - [2024-03-13T15:55:35.557-0400] {dagbag.py:540} INFO - Filling up the DagBag from /home/ironbong_jr/mlops/project/project/lib/python3.10/site-packages/airflow/example_dags/example_trigger_target_dag.py
[2024-03-13T15:55:35.562-0400] {processor.py:840} INFO - DAG(s) 'example_trigger_target_dag' retrieved from /home/ironbong_jr/mlops/project/project/lib/python3.10/site-packages/airflow/example_dags/example_trigger_target_dag.py
[2024-03-13T15:55:35.572-0400] {logging_mixin.py:188} INFO - [2024-03-13T15:55:35.572-0400] {dag.py:3047} INFO - Sync 1 DAGs
[2024-03-13T15:55:35.579-0400] {logging_mixin.py:188} INFO - [2024-03-13T15:55:35.579-0400] {dag.py:3834} INFO - Setting next_dagrun for example_trigger_target_dag to None, run_after=None
[2024-03-13T15:55:35.601-0400] {processor.py:183} INFO - Processing /home/ironbong_jr/mlops/project/project/lib/python3.10/site-packages/airflow/example_dags/example_trigger_target_dag.py took 0.050 seconds
[2024-03-13T15:56:49.045-0400] {processor.py:161} INFO - Started process (PID=456126) to work on /home/ironbong_jr/mlops/project/project/lib/python3.10/site-packages/airflow/example_dags/example_trigger_target_dag.py
[2024-03-13T15:56:49.047-0400] {processor.py:830} INFO - Processing file /home/ironbong_jr/mlops/project/project/lib/python3.10/site-packages/airflow/example_dags/example_trigger_target_dag.py for tasks to queue
[2024-03-13T15:56:49.048-0400] {logging_mixin.py:188} INFO - [2024-03-13T15:56:49.048-0400] {dagbag.py:540} INFO - Filling up the DagBag from /home/ironbong_jr/mlops/project/project/lib/python3.10/site-packages/airflow/example_dags/example_trigger_target_dag.py
[2024-03-13T15:56:49.054-0400] {processor.py:840} INFO - DAG(s) 'example_trigger_target_dag' retrieved from /home/ironbong_jr/mlops/project/project/lib/python3.10/site-packages/airflow/example_dags/example_trigger_target_dag.py
[2024-03-13T15:56:49.066-0400] {logging_mixin.py:188} INFO - [2024-03-13T15:56:49.066-0400] {dag.py:3047} INFO - Sync 1 DAGs
[2024-03-13T15:56:49.076-0400] {logging_mixin.py:188} INFO - [2024-03-13T15:56:49.076-0400] {dag.py:3834} INFO - Setting next_dagrun for example_trigger_target_dag to None, run_after=None
[2024-03-13T15:56:49.099-0400] {processor.py:183} INFO - Processing /home/ironbong_jr/mlops/project/project/lib/python3.10/site-packages/airflow/example_dags/example_trigger_target_dag.py took 0.056 seconds
[2024-03-13T15:58:07.774-0400] {processor.py:161} INFO - Started process (PID=456586) to work on /home/ironbong_jr/mlops/project/project/lib/python3.10/site-packages/airflow/example_dags/example_trigger_target_dag.py
[2024-03-13T15:58:07.778-0400] {processor.py:830} INFO - Processing file /home/ironbong_jr/mlops/project/project/lib/python3.10/site-packages/airflow/example_dags/example_trigger_target_dag.py for tasks to queue
[2024-03-13T15:58:07.779-0400] {logging_mixin.py:188} INFO - [2024-03-13T15:58:07.778-0400] {dagbag.py:540} INFO - Filling up the DagBag from /home/ironbong_jr/mlops/project/project/lib/python3.10/site-packages/airflow/example_dags/example_trigger_target_dag.py
[2024-03-13T15:58:07.783-0400] {processor.py:840} INFO - DAG(s) 'example_trigger_target_dag' retrieved from /home/ironbong_jr/mlops/project/project/lib/python3.10/site-packages/airflow/example_dags/example_trigger_target_dag.py
[2024-03-13T15:58:07.795-0400] {logging_mixin.py:188} INFO - [2024-03-13T15:58:07.795-0400] {dag.py:3047} INFO - Sync 1 DAGs
[2024-03-13T15:58:07.803-0400] {logging_mixin.py:188} INFO - [2024-03-13T15:58:07.803-0400] {dag.py:3834} INFO - Setting next_dagrun for example_trigger_target_dag to None, run_after=None
[2024-03-13T15:58:07.834-0400] {processor.py:183} INFO - Processing /home/ironbong_jr/mlops/project/project/lib/python3.10/site-packages/airflow/example_dags/example_trigger_target_dag.py took 0.062 seconds
[2024-03-13T15:59:24.645-0400] {processor.py:161} INFO - Started process (PID=456939) to work on /home/ironbong_jr/mlops/project/project/lib/python3.10/site-packages/airflow/example_dags/example_trigger_target_dag.py
[2024-03-13T15:59:24.648-0400] {processor.py:830} INFO - Processing file /home/ironbong_jr/mlops/project/project/lib/python3.10/site-packages/airflow/example_dags/example_trigger_target_dag.py for tasks to queue
[2024-03-13T15:59:24.649-0400] {logging_mixin.py:188} INFO - [2024-03-13T15:59:24.649-0400] {dagbag.py:540} INFO - Filling up the DagBag from /home/ironbong_jr/mlops/project/project/lib/python3.10/site-packages/airflow/example_dags/example_trigger_target_dag.py
[2024-03-13T15:59:24.654-0400] {processor.py:840} INFO - DAG(s) 'example_trigger_target_dag' retrieved from /home/ironbong_jr/mlops/project/project/lib/python3.10/site-packages/airflow/example_dags/example_trigger_target_dag.py
[2024-03-13T15:59:24.663-0400] {logging_mixin.py:188} INFO - [2024-03-13T15:59:24.663-0400] {dag.py:3047} INFO - Sync 1 DAGs
[2024-03-13T15:59:24.669-0400] {logging_mixin.py:188} INFO - [2024-03-13T15:59:24.669-0400] {dag.py:3834} INFO - Setting next_dagrun for example_trigger_target_dag to None, run_after=None
[2024-03-13T15:59:24.692-0400] {processor.py:183} INFO - Processing /home/ironbong_jr/mlops/project/project/lib/python3.10/site-packages/airflow/example_dags/example_trigger_target_dag.py took 0.049 seconds
[2024-03-13T16:00:40.596-0400] {processor.py:161} INFO - Started process (PID=457335) to work on /home/ironbong_jr/mlops/project/project/lib/python3.10/site-packages/airflow/example_dags/example_trigger_target_dag.py
[2024-03-13T16:00:40.600-0400] {processor.py:830} INFO - Processing file /home/ironbong_jr/mlops/project/project/lib/python3.10/site-packages/airflow/example_dags/example_trigger_target_dag.py for tasks to queue
[2024-03-13T16:00:40.601-0400] {logging_mixin.py:188} INFO - [2024-03-13T16:00:40.600-0400] {dagbag.py:540} INFO - Filling up the DagBag from /home/ironbong_jr/mlops/project/project/lib/python3.10/site-packages/airflow/example_dags/example_trigger_target_dag.py
[2024-03-13T16:00:40.605-0400] {processor.py:840} INFO - DAG(s) 'example_trigger_target_dag' retrieved from /home/ironbong_jr/mlops/project/project/lib/python3.10/site-packages/airflow/example_dags/example_trigger_target_dag.py
[2024-03-13T16:00:40.614-0400] {logging_mixin.py:188} INFO - [2024-03-13T16:00:40.614-0400] {dag.py:3047} INFO - Sync 1 DAGs
[2024-03-13T16:00:40.620-0400] {logging_mixin.py:188} INFO - [2024-03-13T16:00:40.620-0400] {dag.py:3834} INFO - Setting next_dagrun for example_trigger_target_dag to None, run_after=None
[2024-03-13T16:00:40.645-0400] {processor.py:183} INFO - Processing /home/ironbong_jr/mlops/project/project/lib/python3.10/site-packages/airflow/example_dags/example_trigger_target_dag.py took 0.051 seconds
[2024-03-13T16:01:57.932-0400] {processor.py:161} INFO - Started process (PID=457728) to work on /home/ironbong_jr/mlops/project/project/lib/python3.10/site-packages/airflow/example_dags/example_trigger_target_dag.py
[2024-03-13T16:01:57.936-0400] {processor.py:830} INFO - Processing file /home/ironbong_jr/mlops/project/project/lib/python3.10/site-packages/airflow/example_dags/example_trigger_target_dag.py for tasks to queue
[2024-03-13T16:01:57.937-0400] {logging_mixin.py:188} INFO - [2024-03-13T16:01:57.937-0400] {dagbag.py:540} INFO - Filling up the DagBag from /home/ironbong_jr/mlops/project/project/lib/python3.10/site-packages/airflow/example_dags/example_trigger_target_dag.py
[2024-03-13T16:01:57.942-0400] {processor.py:840} INFO - DAG(s) 'example_trigger_target_dag' retrieved from /home/ironbong_jr/mlops/project/project/lib/python3.10/site-packages/airflow/example_dags/example_trigger_target_dag.py
[2024-03-13T16:01:57.954-0400] {logging_mixin.py:188} INFO - [2024-03-13T16:01:57.954-0400] {dag.py:3047} INFO - Sync 1 DAGs
[2024-03-13T16:01:57.962-0400] {logging_mixin.py:188} INFO - [2024-03-13T16:01:57.961-0400] {dag.py:3834} INFO - Setting next_dagrun for example_trigger_target_dag to None, run_after=None
[2024-03-13T16:01:57.985-0400] {processor.py:183} INFO - Processing /home/ironbong_jr/mlops/project/project/lib/python3.10/site-packages/airflow/example_dags/example_trigger_target_dag.py took 0.054 seconds
[2024-03-13T16:03:11.580-0400] {processor.py:161} INFO - Started process (PID=458127) to work on /home/ironbong_jr/mlops/project/project/lib/python3.10/site-packages/airflow/example_dags/example_trigger_target_dag.py
[2024-03-13T16:03:11.584-0400] {processor.py:830} INFO - Processing file /home/ironbong_jr/mlops/project/project/lib/python3.10/site-packages/airflow/example_dags/example_trigger_target_dag.py for tasks to queue
[2024-03-13T16:03:11.584-0400] {logging_mixin.py:188} INFO - [2024-03-13T16:03:11.584-0400] {dagbag.py:540} INFO - Filling up the DagBag from /home/ironbong_jr/mlops/project/project/lib/python3.10/site-packages/airflow/example_dags/example_trigger_target_dag.py
[2024-03-13T16:03:11.588-0400] {processor.py:840} INFO - DAG(s) 'example_trigger_target_dag' retrieved from /home/ironbong_jr/mlops/project/project/lib/python3.10/site-packages/airflow/example_dags/example_trigger_target_dag.py
[2024-03-13T16:03:11.598-0400] {logging_mixin.py:188} INFO - [2024-03-13T16:03:11.597-0400] {dag.py:3047} INFO - Sync 1 DAGs
[2024-03-13T16:03:11.604-0400] {logging_mixin.py:188} INFO - [2024-03-13T16:03:11.604-0400] {dag.py:3834} INFO - Setting next_dagrun for example_trigger_target_dag to None, run_after=None
[2024-03-13T16:03:11.628-0400] {processor.py:183} INFO - Processing /home/ironbong_jr/mlops/project/project/lib/python3.10/site-packages/airflow/example_dags/example_trigger_target_dag.py took 0.050 seconds
[2024-03-13T16:04:45.421-0400] {processor.py:161} INFO - Started process (PID=458671) to work on /home/ironbong_jr/mlops/project/project/lib/python3.10/site-packages/airflow/example_dags/example_trigger_target_dag.py
[2024-03-13T16:04:45.425-0400] {processor.py:830} INFO - Processing file /home/ironbong_jr/mlops/project/project/lib/python3.10/site-packages/airflow/example_dags/example_trigger_target_dag.py for tasks to queue
[2024-03-13T16:04:45.426-0400] {logging_mixin.py:188} INFO - [2024-03-13T16:04:45.425-0400] {dagbag.py:540} INFO - Filling up the DagBag from /home/ironbong_jr/mlops/project/project/lib/python3.10/site-packages/airflow/example_dags/example_trigger_target_dag.py
[2024-03-13T16:04:45.431-0400] {processor.py:840} INFO - DAG(s) 'example_trigger_target_dag' retrieved from /home/ironbong_jr/mlops/project/project/lib/python3.10/site-packages/airflow/example_dags/example_trigger_target_dag.py
[2024-03-13T16:04:45.442-0400] {logging_mixin.py:188} INFO - [2024-03-13T16:04:45.442-0400] {dag.py:3047} INFO - Sync 1 DAGs
[2024-03-13T16:04:45.450-0400] {logging_mixin.py:188} INFO - [2024-03-13T16:04:45.449-0400] {dag.py:3834} INFO - Setting next_dagrun for example_trigger_target_dag to None, run_after=None
[2024-03-13T16:04:45.473-0400] {processor.py:183} INFO - Processing /home/ironbong_jr/mlops/project/project/lib/python3.10/site-packages/airflow/example_dags/example_trigger_target_dag.py took 0.054 seconds
[2024-03-13T16:05:56.984-0400] {processor.py:161} INFO - Started process (PID=459032) to work on /home/ironbong_jr/mlops/project/project/lib/python3.10/site-packages/airflow/example_dags/example_trigger_target_dag.py
[2024-03-13T16:05:56.986-0400] {processor.py:830} INFO - Processing file /home/ironbong_jr/mlops/project/project/lib/python3.10/site-packages/airflow/example_dags/example_trigger_target_dag.py for tasks to queue
[2024-03-13T16:05:56.987-0400] {logging_mixin.py:188} INFO - [2024-03-13T16:05:56.986-0400] {dagbag.py:540} INFO - Filling up the DagBag from /home/ironbong_jr/mlops/project/project/lib/python3.10/site-packages/airflow/example_dags/example_trigger_target_dag.py
[2024-03-13T16:05:56.992-0400] {processor.py:840} INFO - DAG(s) 'example_trigger_target_dag' retrieved from /home/ironbong_jr/mlops/project/project/lib/python3.10/site-packages/airflow/example_dags/example_trigger_target_dag.py
[2024-03-13T16:05:57.006-0400] {logging_mixin.py:188} INFO - [2024-03-13T16:05:57.006-0400] {dag.py:3047} INFO - Sync 1 DAGs
[2024-03-13T16:05:57.015-0400] {logging_mixin.py:188} INFO - [2024-03-13T16:05:57.015-0400] {dag.py:3834} INFO - Setting next_dagrun for example_trigger_target_dag to None, run_after=None
[2024-03-13T16:05:57.042-0400] {processor.py:183} INFO - Processing /home/ironbong_jr/mlops/project/project/lib/python3.10/site-packages/airflow/example_dags/example_trigger_target_dag.py took 0.061 seconds
[2024-03-13T16:06:52.551-0400] {processor.py:161} INFO - Started process (PID=459310) to work on /home/ironbong_jr/mlops/project/project/lib/python3.10/site-packages/airflow/example_dags/example_trigger_target_dag.py
[2024-03-13T16:06:52.553-0400] {processor.py:830} INFO - Processing file /home/ironbong_jr/mlops/project/project/lib/python3.10/site-packages/airflow/example_dags/example_trigger_target_dag.py for tasks to queue
[2024-03-13T16:06:52.554-0400] {logging_mixin.py:188} INFO - [2024-03-13T16:06:52.553-0400] {dagbag.py:540} INFO - Filling up the DagBag from /home/ironbong_jr/mlops/project/project/lib/python3.10/site-packages/airflow/example_dags/example_trigger_target_dag.py
[2024-03-13T16:06:52.560-0400] {processor.py:840} INFO - DAG(s) 'example_trigger_target_dag' retrieved from /home/ironbong_jr/mlops/project/project/lib/python3.10/site-packages/airflow/example_dags/example_trigger_target_dag.py
[2024-03-13T16:06:52.571-0400] {logging_mixin.py:188} INFO - [2024-03-13T16:06:52.571-0400] {dag.py:3047} INFO - Sync 1 DAGs
[2024-03-13T16:06:52.579-0400] {logging_mixin.py:188} INFO - [2024-03-13T16:06:52.579-0400] {dag.py:3834} INFO - Setting next_dagrun for example_trigger_target_dag to None, run_after=None
[2024-03-13T16:06:52.600-0400] {processor.py:183} INFO - Processing /home/ironbong_jr/mlops/project/project/lib/python3.10/site-packages/airflow/example_dags/example_trigger_target_dag.py took 0.053 seconds
[2024-03-13T16:08:09.554-0400] {processor.py:161} INFO - Started process (PID=459691) to work on /home/ironbong_jr/mlops/project/project/lib/python3.10/site-packages/airflow/example_dags/example_trigger_target_dag.py
[2024-03-13T16:08:09.556-0400] {processor.py:830} INFO - Processing file /home/ironbong_jr/mlops/project/project/lib/python3.10/site-packages/airflow/example_dags/example_trigger_target_dag.py for tasks to queue
[2024-03-13T16:08:09.556-0400] {logging_mixin.py:188} INFO - [2024-03-13T16:08:09.556-0400] {dagbag.py:540} INFO - Filling up the DagBag from /home/ironbong_jr/mlops/project/project/lib/python3.10/site-packages/airflow/example_dags/example_trigger_target_dag.py
[2024-03-13T16:08:09.561-0400] {processor.py:840} INFO - DAG(s) 'example_trigger_target_dag' retrieved from /home/ironbong_jr/mlops/project/project/lib/python3.10/site-packages/airflow/example_dags/example_trigger_target_dag.py
[2024-03-13T16:08:09.570-0400] {logging_mixin.py:188} INFO - [2024-03-13T16:08:09.570-0400] {dag.py:3047} INFO - Sync 1 DAGs
[2024-03-13T16:08:09.577-0400] {logging_mixin.py:188} INFO - [2024-03-13T16:08:09.577-0400] {dag.py:3834} INFO - Setting next_dagrun for example_trigger_target_dag to None, run_after=None
[2024-03-13T16:08:09.598-0400] {processor.py:183} INFO - Processing /home/ironbong_jr/mlops/project/project/lib/python3.10/site-packages/airflow/example_dags/example_trigger_target_dag.py took 0.046 seconds
[2024-03-13T16:09:23.634-0400] {processor.py:161} INFO - Started process (PID=460058) to work on /home/ironbong_jr/mlops/project/project/lib/python3.10/site-packages/airflow/example_dags/example_trigger_target_dag.py
[2024-03-13T16:09:23.638-0400] {processor.py:830} INFO - Processing file /home/ironbong_jr/mlops/project/project/lib/python3.10/site-packages/airflow/example_dags/example_trigger_target_dag.py for tasks to queue
[2024-03-13T16:09:23.639-0400] {logging_mixin.py:188} INFO - [2024-03-13T16:09:23.638-0400] {dagbag.py:540} INFO - Filling up the DagBag from /home/ironbong_jr/mlops/project/project/lib/python3.10/site-packages/airflow/example_dags/example_trigger_target_dag.py
[2024-03-13T16:09:23.643-0400] {processor.py:840} INFO - DAG(s) 'example_trigger_target_dag' retrieved from /home/ironbong_jr/mlops/project/project/lib/python3.10/site-packages/airflow/example_dags/example_trigger_target_dag.py
[2024-03-13T16:09:23.656-0400] {logging_mixin.py:188} INFO - [2024-03-13T16:09:23.656-0400] {dag.py:3047} INFO - Sync 1 DAGs
[2024-03-13T16:09:23.665-0400] {logging_mixin.py:188} INFO - [2024-03-13T16:09:23.665-0400] {dag.py:3834} INFO - Setting next_dagrun for example_trigger_target_dag to None, run_after=None
[2024-03-13T16:09:23.692-0400] {processor.py:183} INFO - Processing /home/ironbong_jr/mlops/project/project/lib/python3.10/site-packages/airflow/example_dags/example_trigger_target_dag.py took 0.061 seconds
[2024-03-13T16:10:37.865-0400] {processor.py:161} INFO - Started process (PID=460426) to work on /home/ironbong_jr/mlops/project/project/lib/python3.10/site-packages/airflow/example_dags/example_trigger_target_dag.py
[2024-03-13T16:10:37.868-0400] {processor.py:830} INFO - Processing file /home/ironbong_jr/mlops/project/project/lib/python3.10/site-packages/airflow/example_dags/example_trigger_target_dag.py for tasks to queue
[2024-03-13T16:10:37.869-0400] {logging_mixin.py:188} INFO - [2024-03-13T16:10:37.869-0400] {dagbag.py:540} INFO - Filling up the DagBag from /home/ironbong_jr/mlops/project/project/lib/python3.10/site-packages/airflow/example_dags/example_trigger_target_dag.py
[2024-03-13T16:10:37.873-0400] {processor.py:840} INFO - DAG(s) 'example_trigger_target_dag' retrieved from /home/ironbong_jr/mlops/project/project/lib/python3.10/site-packages/airflow/example_dags/example_trigger_target_dag.py
[2024-03-13T16:10:37.882-0400] {logging_mixin.py:188} INFO - [2024-03-13T16:10:37.882-0400] {dag.py:3047} INFO - Sync 1 DAGs
[2024-03-13T16:10:37.888-0400] {logging_mixin.py:188} INFO - [2024-03-13T16:10:37.888-0400] {dag.py:3834} INFO - Setting next_dagrun for example_trigger_target_dag to None, run_after=None
[2024-03-13T16:10:37.910-0400] {processor.py:183} INFO - Processing /home/ironbong_jr/mlops/project/project/lib/python3.10/site-packages/airflow/example_dags/example_trigger_target_dag.py took 0.047 seconds
[2024-03-13T16:11:52.888-0400] {processor.py:161} INFO - Started process (PID=460795) to work on /home/ironbong_jr/mlops/project/project/lib/python3.10/site-packages/airflow/example_dags/example_trigger_target_dag.py
[2024-03-13T16:11:52.893-0400] {processor.py:830} INFO - Processing file /home/ironbong_jr/mlops/project/project/lib/python3.10/site-packages/airflow/example_dags/example_trigger_target_dag.py for tasks to queue
[2024-03-13T16:11:52.894-0400] {logging_mixin.py:188} INFO - [2024-03-13T16:11:52.894-0400] {dagbag.py:540} INFO - Filling up the DagBag from /home/ironbong_jr/mlops/project/project/lib/python3.10/site-packages/airflow/example_dags/example_trigger_target_dag.py
[2024-03-13T16:11:52.900-0400] {processor.py:840} INFO - DAG(s) 'example_trigger_target_dag' retrieved from /home/ironbong_jr/mlops/project/project/lib/python3.10/site-packages/airflow/example_dags/example_trigger_target_dag.py
[2024-03-13T16:11:52.916-0400] {logging_mixin.py:188} INFO - [2024-03-13T16:11:52.916-0400] {dag.py:3047} INFO - Sync 1 DAGs
[2024-03-13T16:11:52.925-0400] {logging_mixin.py:188} INFO - [2024-03-13T16:11:52.925-0400] {dag.py:3834} INFO - Setting next_dagrun for example_trigger_target_dag to None, run_after=None
[2024-03-13T16:11:52.951-0400] {processor.py:183} INFO - Processing /home/ironbong_jr/mlops/project/project/lib/python3.10/site-packages/airflow/example_dags/example_trigger_target_dag.py took 0.066 seconds
