[2024-03-12T21:22:12.352-0400] {processor.py:161} INFO - Started process (PID=407073) to work on /home/ironbong_jr/mlops/project/project/lib/python3.10/site-packages/airflow/example_dags/example_trigger_controller_dag.py
[2024-03-12T21:22:12.353-0400] {processor.py:830} INFO - Processing file /home/ironbong_jr/mlops/project/project/lib/python3.10/site-packages/airflow/example_dags/example_trigger_controller_dag.py for tasks to queue
[2024-03-12T21:22:12.358-0400] {logging_mixin.py:188} INFO - [2024-03-12T21:22:12.357-0400] {dagbag.py:540} INFO - Filling up the DagBag from /home/ironbong_jr/mlops/project/project/lib/python3.10/site-packages/airflow/example_dags/example_trigger_controller_dag.py
[2024-03-12T21:22:12.373-0400] {processor.py:840} INFO - DAG(s) 'example_trigger_controller_dag' retrieved from /home/ironbong_jr/mlops/project/project/lib/python3.10/site-packages/airflow/example_dags/example_trigger_controller_dag.py
[2024-03-12T21:22:12.838-0400] {logging_mixin.py:188} INFO - [2024-03-12T21:22:12.837-0400] {dag.py:3047} INFO - Sync 1 DAGs
[2024-03-12T21:22:12.888-0400] {logging_mixin.py:188} INFO - [2024-03-12T21:22:12.888-0400] {dag.py:3834} INFO - Setting next_dagrun for example_trigger_controller_dag to 2021-01-01 00:00:00+00:00, run_after=2021-01-01 00:00:00+00:00
[2024-03-12T21:22:12.984-0400] {processor.py:183} INFO - Processing /home/ironbong_jr/mlops/project/project/lib/python3.10/site-packages/airflow/example_dags/example_trigger_controller_dag.py took 0.638 seconds
[2024-03-12T21:24:04.567-0400] {processor.py:161} INFO - Started process (PID=407602) to work on /home/ironbong_jr/mlops/project/project/lib/python3.10/site-packages/airflow/example_dags/example_trigger_controller_dag.py
[2024-03-12T21:24:04.619-0400] {processor.py:830} INFO - Processing file /home/ironbong_jr/mlops/project/project/lib/python3.10/site-packages/airflow/example_dags/example_trigger_controller_dag.py for tasks to queue
[2024-03-12T21:24:04.622-0400] {logging_mixin.py:188} INFO - [2024-03-12T21:24:04.621-0400] {dagbag.py:540} INFO - Filling up the DagBag from /home/ironbong_jr/mlops/project/project/lib/python3.10/site-packages/airflow/example_dags/example_trigger_controller_dag.py
[2024-03-12T21:24:04.631-0400] {processor.py:840} INFO - DAG(s) 'example_trigger_controller_dag' retrieved from /home/ironbong_jr/mlops/project/project/lib/python3.10/site-packages/airflow/example_dags/example_trigger_controller_dag.py
[2024-03-12T21:24:04.872-0400] {logging_mixin.py:188} INFO - [2024-03-12T21:24:04.872-0400] {dag.py:3047} INFO - Sync 1 DAGs
[2024-03-12T21:24:04.896-0400] {logging_mixin.py:188} INFO - [2024-03-12T21:24:04.896-0400] {dag.py:3834} INFO - Setting next_dagrun for example_trigger_controller_dag to 2021-01-01 00:00:00+00:00, run_after=2021-01-01 00:00:00+00:00
[2024-03-12T21:24:04.983-0400] {processor.py:183} INFO - Processing /home/ironbong_jr/mlops/project/project/lib/python3.10/site-packages/airflow/example_dags/example_trigger_controller_dag.py took 0.428 seconds
[2024-03-12T21:26:59.318-0400] {processor.py:161} INFO - Started process (PID=408357) to work on /home/ironbong_jr/mlops/project/project/lib/python3.10/site-packages/airflow/example_dags/example_trigger_controller_dag.py
[2024-03-12T21:26:59.365-0400] {processor.py:830} INFO - Processing file /home/ironbong_jr/mlops/project/project/lib/python3.10/site-packages/airflow/example_dags/example_trigger_controller_dag.py for tasks to queue
[2024-03-12T21:26:59.370-0400] {logging_mixin.py:188} INFO - [2024-03-12T21:26:59.368-0400] {dagbag.py:540} INFO - Filling up the DagBag from /home/ironbong_jr/mlops/project/project/lib/python3.10/site-packages/airflow/example_dags/example_trigger_controller_dag.py
[2024-03-12T21:26:59.380-0400] {processor.py:840} INFO - DAG(s) 'example_trigger_controller_dag' retrieved from /home/ironbong_jr/mlops/project/project/lib/python3.10/site-packages/airflow/example_dags/example_trigger_controller_dag.py
[2024-03-12T21:26:59.411-0400] {logging_mixin.py:188} INFO - [2024-03-12T21:26:59.410-0400] {dag.py:3047} INFO - Sync 1 DAGs
[2024-03-12T21:26:59.444-0400] {logging_mixin.py:188} INFO - [2024-03-12T21:26:59.444-0400] {dag.py:3834} INFO - Setting next_dagrun for example_trigger_controller_dag to 2021-01-01 00:00:00+00:00, run_after=2021-01-01 00:00:00+00:00
[2024-03-12T21:26:59.507-0400] {processor.py:183} INFO - Processing /home/ironbong_jr/mlops/project/project/lib/python3.10/site-packages/airflow/example_dags/example_trigger_controller_dag.py took 0.194 seconds
[2024-03-12T21:28:38.294-0400] {processor.py:161} INFO - Started process (PID=408838) to work on /home/ironbong_jr/mlops/project/project/lib/python3.10/site-packages/airflow/example_dags/example_trigger_controller_dag.py
[2024-03-12T21:28:38.347-0400] {processor.py:830} INFO - Processing file /home/ironbong_jr/mlops/project/project/lib/python3.10/site-packages/airflow/example_dags/example_trigger_controller_dag.py for tasks to queue
[2024-03-12T21:28:38.351-0400] {logging_mixin.py:188} INFO - [2024-03-12T21:28:38.349-0400] {dagbag.py:540} INFO - Filling up the DagBag from /home/ironbong_jr/mlops/project/project/lib/python3.10/site-packages/airflow/example_dags/example_trigger_controller_dag.py
[2024-03-12T21:28:38.362-0400] {processor.py:840} INFO - DAG(s) 'example_trigger_controller_dag' retrieved from /home/ironbong_jr/mlops/project/project/lib/python3.10/site-packages/airflow/example_dags/example_trigger_controller_dag.py
[2024-03-12T21:28:38.393-0400] {logging_mixin.py:188} INFO - [2024-03-12T21:28:38.393-0400] {dag.py:3047} INFO - Sync 1 DAGs
[2024-03-12T21:28:38.431-0400] {logging_mixin.py:188} INFO - [2024-03-12T21:28:38.430-0400] {dag.py:3834} INFO - Setting next_dagrun for example_trigger_controller_dag to 2021-01-01 00:00:00+00:00, run_after=2021-01-01 00:00:00+00:00
[2024-03-12T21:28:38.543-0400] {processor.py:183} INFO - Processing /home/ironbong_jr/mlops/project/project/lib/python3.10/site-packages/airflow/example_dags/example_trigger_controller_dag.py took 0.259 seconds
[2024-03-12T21:30:05.943-0400] {processor.py:161} INFO - Started process (PID=409259) to work on /home/ironbong_jr/mlops/project/project/lib/python3.10/site-packages/airflow/example_dags/example_trigger_controller_dag.py
[2024-03-12T21:30:05.994-0400] {processor.py:830} INFO - Processing file /home/ironbong_jr/mlops/project/project/lib/python3.10/site-packages/airflow/example_dags/example_trigger_controller_dag.py for tasks to queue
[2024-03-12T21:30:05.997-0400] {logging_mixin.py:188} INFO - [2024-03-12T21:30:05.996-0400] {dagbag.py:540} INFO - Filling up the DagBag from /home/ironbong_jr/mlops/project/project/lib/python3.10/site-packages/airflow/example_dags/example_trigger_controller_dag.py
[2024-03-12T21:30:06.011-0400] {processor.py:840} INFO - DAG(s) 'example_trigger_controller_dag' retrieved from /home/ironbong_jr/mlops/project/project/lib/python3.10/site-packages/airflow/example_dags/example_trigger_controller_dag.py
[2024-03-12T21:30:06.043-0400] {logging_mixin.py:188} INFO - [2024-03-12T21:30:06.043-0400] {dag.py:3047} INFO - Sync 1 DAGs
[2024-03-12T21:30:06.087-0400] {logging_mixin.py:188} INFO - [2024-03-12T21:30:06.087-0400] {dag.py:3834} INFO - Setting next_dagrun for example_trigger_controller_dag to 2021-01-01 00:00:00+00:00, run_after=2021-01-01 00:00:00+00:00
[2024-03-12T21:30:06.202-0400] {processor.py:183} INFO - Processing /home/ironbong_jr/mlops/project/project/lib/python3.10/site-packages/airflow/example_dags/example_trigger_controller_dag.py took 0.267 seconds
[2024-03-12T21:31:45.066-0400] {processor.py:161} INFO - Started process (PID=409752) to work on /home/ironbong_jr/mlops/project/project/lib/python3.10/site-packages/airflow/example_dags/example_trigger_controller_dag.py
[2024-03-12T21:31:45.069-0400] {processor.py:830} INFO - Processing file /home/ironbong_jr/mlops/project/project/lib/python3.10/site-packages/airflow/example_dags/example_trigger_controller_dag.py for tasks to queue
[2024-03-12T21:31:45.072-0400] {logging_mixin.py:188} INFO - [2024-03-12T21:31:45.070-0400] {dagbag.py:540} INFO - Filling up the DagBag from /home/ironbong_jr/mlops/project/project/lib/python3.10/site-packages/airflow/example_dags/example_trigger_controller_dag.py
[2024-03-12T21:31:45.085-0400] {processor.py:840} INFO - DAG(s) 'example_trigger_controller_dag' retrieved from /home/ironbong_jr/mlops/project/project/lib/python3.10/site-packages/airflow/example_dags/example_trigger_controller_dag.py
[2024-03-12T21:31:45.124-0400] {logging_mixin.py:188} INFO - [2024-03-12T21:31:45.123-0400] {dag.py:3047} INFO - Sync 1 DAGs
[2024-03-12T21:31:45.190-0400] {logging_mixin.py:188} INFO - [2024-03-12T21:31:45.189-0400] {dag.py:3834} INFO - Setting next_dagrun for example_trigger_controller_dag to 2021-01-01 00:00:00+00:00, run_after=2021-01-01 00:00:00+00:00
[2024-03-12T21:31:45.307-0400] {processor.py:183} INFO - Processing /home/ironbong_jr/mlops/project/project/lib/python3.10/site-packages/airflow/example_dags/example_trigger_controller_dag.py took 0.251 seconds
[2024-03-12T21:33:26.953-0400] {processor.py:161} INFO - Started process (PID=410317) to work on /home/ironbong_jr/mlops/project/project/lib/python3.10/site-packages/airflow/example_dags/example_trigger_controller_dag.py
[2024-03-12T21:33:27.000-0400] {processor.py:830} INFO - Processing file /home/ironbong_jr/mlops/project/project/lib/python3.10/site-packages/airflow/example_dags/example_trigger_controller_dag.py for tasks to queue
[2024-03-12T21:33:27.003-0400] {logging_mixin.py:188} INFO - [2024-03-12T21:33:27.002-0400] {dagbag.py:540} INFO - Filling up the DagBag from /home/ironbong_jr/mlops/project/project/lib/python3.10/site-packages/airflow/example_dags/example_trigger_controller_dag.py
[2024-03-12T21:33:27.024-0400] {processor.py:840} INFO - DAG(s) 'example_trigger_controller_dag' retrieved from /home/ironbong_jr/mlops/project/project/lib/python3.10/site-packages/airflow/example_dags/example_trigger_controller_dag.py
[2024-03-12T21:33:27.117-0400] {logging_mixin.py:188} INFO - [2024-03-12T21:33:27.116-0400] {dag.py:3047} INFO - Sync 1 DAGs
[2024-03-12T21:33:27.166-0400] {logging_mixin.py:188} INFO - [2024-03-12T21:33:27.166-0400] {dag.py:3834} INFO - Setting next_dagrun for example_trigger_controller_dag to 2021-01-01 00:00:00+00:00, run_after=2021-01-01 00:00:00+00:00
[2024-03-12T21:33:27.210-0400] {processor.py:183} INFO - Processing /home/ironbong_jr/mlops/project/project/lib/python3.10/site-packages/airflow/example_dags/example_trigger_controller_dag.py took 0.263 seconds
[2024-03-12T21:34:55.481-0400] {processor.py:161} INFO - Started process (PID=410722) to work on /home/ironbong_jr/mlops/project/project/lib/python3.10/site-packages/airflow/example_dags/example_trigger_controller_dag.py
[2024-03-12T21:34:55.484-0400] {processor.py:830} INFO - Processing file /home/ironbong_jr/mlops/project/project/lib/python3.10/site-packages/airflow/example_dags/example_trigger_controller_dag.py for tasks to queue
[2024-03-12T21:34:55.486-0400] {logging_mixin.py:188} INFO - [2024-03-12T21:34:55.485-0400] {dagbag.py:540} INFO - Filling up the DagBag from /home/ironbong_jr/mlops/project/project/lib/python3.10/site-packages/airflow/example_dags/example_trigger_controller_dag.py
[2024-03-12T21:34:55.498-0400] {processor.py:840} INFO - DAG(s) 'example_trigger_controller_dag' retrieved from /home/ironbong_jr/mlops/project/project/lib/python3.10/site-packages/airflow/example_dags/example_trigger_controller_dag.py
[2024-03-12T21:34:55.530-0400] {logging_mixin.py:188} INFO - [2024-03-12T21:34:55.529-0400] {dag.py:3047} INFO - Sync 1 DAGs
[2024-03-12T21:34:55.564-0400] {logging_mixin.py:188} INFO - [2024-03-12T21:34:55.564-0400] {dag.py:3834} INFO - Setting next_dagrun for example_trigger_controller_dag to 2021-01-01 00:00:00+00:00, run_after=2021-01-01 00:00:00+00:00
[2024-03-12T21:34:55.613-0400] {processor.py:183} INFO - Processing /home/ironbong_jr/mlops/project/project/lib/python3.10/site-packages/airflow/example_dags/example_trigger_controller_dag.py took 0.140 seconds
[2024-03-12T23:26:33.556-0400] {processor.py:161} INFO - Started process (PID=417777) to work on /home/ironbong_jr/mlops/project/project/lib/python3.10/site-packages/airflow/example_dags/example_trigger_controller_dag.py
[2024-03-12T23:26:33.605-0400] {processor.py:830} INFO - Processing file /home/ironbong_jr/mlops/project/project/lib/python3.10/site-packages/airflow/example_dags/example_trigger_controller_dag.py for tasks to queue
[2024-03-12T23:26:33.607-0400] {logging_mixin.py:188} INFO - [2024-03-12T23:26:33.607-0400] {dagbag.py:540} INFO - Filling up the DagBag from /home/ironbong_jr/mlops/project/project/lib/python3.10/site-packages/airflow/example_dags/example_trigger_controller_dag.py
[2024-03-12T23:26:33.623-0400] {processor.py:840} INFO - DAG(s) 'example_trigger_controller_dag' retrieved from /home/ironbong_jr/mlops/project/project/lib/python3.10/site-packages/airflow/example_dags/example_trigger_controller_dag.py
[2024-03-12T23:26:33.937-0400] {logging_mixin.py:188} INFO - [2024-03-12T23:26:33.936-0400] {dag.py:3047} INFO - Sync 1 DAGs
[2024-03-12T23:26:33.957-0400] {logging_mixin.py:188} INFO - [2024-03-12T23:26:33.957-0400] {dag.py:3834} INFO - Setting next_dagrun for example_trigger_controller_dag to 2021-01-01 00:00:00+00:00, run_after=2021-01-01 00:00:00+00:00
[2024-03-12T23:26:33.994-0400] {processor.py:183} INFO - Processing /home/ironbong_jr/mlops/project/project/lib/python3.10/site-packages/airflow/example_dags/example_trigger_controller_dag.py took 0.448 seconds
[2024-03-12T23:29:46.828-0400] {processor.py:161} INFO - Started process (PID=418547) to work on /home/ironbong_jr/mlops/project/project/lib/python3.10/site-packages/airflow/example_dags/example_trigger_controller_dag.py
[2024-03-12T23:29:46.894-0400] {processor.py:830} INFO - Processing file /home/ironbong_jr/mlops/project/project/lib/python3.10/site-packages/airflow/example_dags/example_trigger_controller_dag.py for tasks to queue
[2024-03-12T23:29:46.899-0400] {logging_mixin.py:188} INFO - [2024-03-12T23:29:46.897-0400] {dagbag.py:540} INFO - Filling up the DagBag from /home/ironbong_jr/mlops/project/project/lib/python3.10/site-packages/airflow/example_dags/example_trigger_controller_dag.py
[2024-03-12T23:29:46.913-0400] {processor.py:840} INFO - DAG(s) 'example_trigger_controller_dag' retrieved from /home/ironbong_jr/mlops/project/project/lib/python3.10/site-packages/airflow/example_dags/example_trigger_controller_dag.py
[2024-03-12T23:29:46.952-0400] {logging_mixin.py:188} INFO - [2024-03-12T23:29:46.951-0400] {dag.py:3047} INFO - Sync 1 DAGs
[2024-03-12T23:29:46.980-0400] {logging_mixin.py:188} INFO - [2024-03-12T23:29:46.979-0400] {dag.py:3834} INFO - Setting next_dagrun for example_trigger_controller_dag to 2021-01-01 00:00:00+00:00, run_after=2021-01-01 00:00:00+00:00
[2024-03-12T23:29:47.086-0400] {processor.py:183} INFO - Processing /home/ironbong_jr/mlops/project/project/lib/python3.10/site-packages/airflow/example_dags/example_trigger_controller_dag.py took 0.264 seconds
[2024-03-12T23:31:35.619-0400] {processor.py:161} INFO - Started process (PID=419018) to work on /home/ironbong_jr/mlops/project/project/lib/python3.10/site-packages/airflow/example_dags/example_trigger_controller_dag.py
[2024-03-12T23:31:35.671-0400] {processor.py:830} INFO - Processing file /home/ironbong_jr/mlops/project/project/lib/python3.10/site-packages/airflow/example_dags/example_trigger_controller_dag.py for tasks to queue
[2024-03-12T23:31:35.675-0400] {logging_mixin.py:188} INFO - [2024-03-12T23:31:35.672-0400] {dagbag.py:540} INFO - Filling up the DagBag from /home/ironbong_jr/mlops/project/project/lib/python3.10/site-packages/airflow/example_dags/example_trigger_controller_dag.py
[2024-03-12T23:31:35.688-0400] {processor.py:840} INFO - DAG(s) 'example_trigger_controller_dag' retrieved from /home/ironbong_jr/mlops/project/project/lib/python3.10/site-packages/airflow/example_dags/example_trigger_controller_dag.py
[2024-03-12T23:31:35.720-0400] {logging_mixin.py:188} INFO - [2024-03-12T23:31:35.720-0400] {dag.py:3047} INFO - Sync 1 DAGs
[2024-03-12T23:31:35.756-0400] {logging_mixin.py:188} INFO - [2024-03-12T23:31:35.755-0400] {dag.py:3834} INFO - Setting next_dagrun for example_trigger_controller_dag to 2021-01-01 00:00:00+00:00, run_after=2021-01-01 00:00:00+00:00
[2024-03-12T23:31:35.862-0400] {processor.py:183} INFO - Processing /home/ironbong_jr/mlops/project/project/lib/python3.10/site-packages/airflow/example_dags/example_trigger_controller_dag.py took 0.264 seconds
[2024-03-12T23:42:30.730-0400] {processor.py:161} INFO - Started process (PID=421630) to work on /home/ironbong_jr/mlops/project/project/lib/python3.10/site-packages/airflow/example_dags/example_trigger_controller_dag.py
[2024-03-12T23:42:30.782-0400] {processor.py:830} INFO - Processing file /home/ironbong_jr/mlops/project/project/lib/python3.10/site-packages/airflow/example_dags/example_trigger_controller_dag.py for tasks to queue
[2024-03-12T23:42:30.785-0400] {logging_mixin.py:188} INFO - [2024-03-12T23:42:30.784-0400] {dagbag.py:540} INFO - Filling up the DagBag from /home/ironbong_jr/mlops/project/project/lib/python3.10/site-packages/airflow/example_dags/example_trigger_controller_dag.py
[2024-03-12T23:42:30.806-0400] {processor.py:840} INFO - DAG(s) 'example_trigger_controller_dag' retrieved from /home/ironbong_jr/mlops/project/project/lib/python3.10/site-packages/airflow/example_dags/example_trigger_controller_dag.py
[2024-03-12T23:42:31.114-0400] {logging_mixin.py:188} INFO - [2024-03-12T23:42:31.113-0400] {dag.py:3047} INFO - Sync 1 DAGs
[2024-03-12T23:42:31.138-0400] {logging_mixin.py:188} INFO - [2024-03-12T23:42:31.137-0400] {dag.py:3834} INFO - Setting next_dagrun for example_trigger_controller_dag to 2021-01-01 00:00:00+00:00, run_after=2021-01-01 00:00:00+00:00
[2024-03-12T23:42:31.237-0400] {processor.py:183} INFO - Processing /home/ironbong_jr/mlops/project/project/lib/python3.10/site-packages/airflow/example_dags/example_trigger_controller_dag.py took 0.518 seconds
[2024-03-12T23:44:30.747-0400] {processor.py:161} INFO - Started process (PID=422130) to work on /home/ironbong_jr/mlops/project/project/lib/python3.10/site-packages/airflow/example_dags/example_trigger_controller_dag.py
[2024-03-12T23:44:30.781-0400] {processor.py:830} INFO - Processing file /home/ironbong_jr/mlops/project/project/lib/python3.10/site-packages/airflow/example_dags/example_trigger_controller_dag.py for tasks to queue
[2024-03-12T23:44:30.783-0400] {logging_mixin.py:188} INFO - [2024-03-12T23:44:30.782-0400] {dagbag.py:540} INFO - Filling up the DagBag from /home/ironbong_jr/mlops/project/project/lib/python3.10/site-packages/airflow/example_dags/example_trigger_controller_dag.py
[2024-03-12T23:44:30.793-0400] {processor.py:840} INFO - DAG(s) 'example_trigger_controller_dag' retrieved from /home/ironbong_jr/mlops/project/project/lib/python3.10/site-packages/airflow/example_dags/example_trigger_controller_dag.py
[2024-03-12T23:44:31.035-0400] {logging_mixin.py:188} INFO - [2024-03-12T23:44:31.034-0400] {dag.py:3047} INFO - Sync 1 DAGs
[2024-03-12T23:44:31.058-0400] {logging_mixin.py:188} INFO - [2024-03-12T23:44:31.058-0400] {dag.py:3834} INFO - Setting next_dagrun for example_trigger_controller_dag to 2021-01-01 00:00:00+00:00, run_after=2021-01-01 00:00:00+00:00
[2024-03-12T23:44:31.157-0400] {processor.py:183} INFO - Processing /home/ironbong_jr/mlops/project/project/lib/python3.10/site-packages/airflow/example_dags/example_trigger_controller_dag.py took 0.416 seconds
[2024-03-12T23:46:11.054-0400] {processor.py:161} INFO - Started process (PID=422716) to work on /home/ironbong_jr/mlops/project/project/lib/python3.10/site-packages/airflow/example_dags/example_trigger_controller_dag.py
[2024-03-12T23:46:11.058-0400] {processor.py:830} INFO - Processing file /home/ironbong_jr/mlops/project/project/lib/python3.10/site-packages/airflow/example_dags/example_trigger_controller_dag.py for tasks to queue
[2024-03-12T23:46:11.061-0400] {logging_mixin.py:188} INFO - [2024-03-12T23:46:11.060-0400] {dagbag.py:540} INFO - Filling up the DagBag from /home/ironbong_jr/mlops/project/project/lib/python3.10/site-packages/airflow/example_dags/example_trigger_controller_dag.py
[2024-03-12T23:46:11.077-0400] {processor.py:840} INFO - DAG(s) 'example_trigger_controller_dag' retrieved from /home/ironbong_jr/mlops/project/project/lib/python3.10/site-packages/airflow/example_dags/example_trigger_controller_dag.py
[2024-03-12T23:46:11.124-0400] {logging_mixin.py:188} INFO - [2024-03-12T23:46:11.123-0400] {dag.py:3047} INFO - Sync 1 DAGs
[2024-03-12T23:46:11.177-0400] {logging_mixin.py:188} INFO - [2024-03-12T23:46:11.176-0400] {dag.py:3834} INFO - Setting next_dagrun for example_trigger_controller_dag to 2021-01-01 00:00:00+00:00, run_after=2021-01-01 00:00:00+00:00
[2024-03-12T23:46:11.232-0400] {processor.py:183} INFO - Processing /home/ironbong_jr/mlops/project/project/lib/python3.10/site-packages/airflow/example_dags/example_trigger_controller_dag.py took 0.187 seconds
[2024-03-12T23:48:20.420-0400] {processor.py:161} INFO - Started process (PID=423324) to work on /home/ironbong_jr/mlops/project/project/lib/python3.10/site-packages/airflow/example_dags/example_trigger_controller_dag.py
[2024-03-12T23:48:20.481-0400] {processor.py:830} INFO - Processing file /home/ironbong_jr/mlops/project/project/lib/python3.10/site-packages/airflow/example_dags/example_trigger_controller_dag.py for tasks to queue
[2024-03-12T23:48:20.485-0400] {logging_mixin.py:188} INFO - [2024-03-12T23:48:20.483-0400] {dagbag.py:540} INFO - Filling up the DagBag from /home/ironbong_jr/mlops/project/project/lib/python3.10/site-packages/airflow/example_dags/example_trigger_controller_dag.py
[2024-03-12T23:48:20.518-0400] {processor.py:840} INFO - DAG(s) 'example_trigger_controller_dag' retrieved from /home/ironbong_jr/mlops/project/project/lib/python3.10/site-packages/airflow/example_dags/example_trigger_controller_dag.py
[2024-03-12T23:48:20.556-0400] {logging_mixin.py:188} INFO - [2024-03-12T23:48:20.555-0400] {dag.py:3047} INFO - Sync 1 DAGs
[2024-03-12T23:48:20.586-0400] {logging_mixin.py:188} INFO - [2024-03-12T23:48:20.585-0400] {dag.py:3834} INFO - Setting next_dagrun for example_trigger_controller_dag to 2021-01-01 00:00:00+00:00, run_after=2021-01-01 00:00:00+00:00
[2024-03-12T23:48:20.683-0400] {processor.py:183} INFO - Processing /home/ironbong_jr/mlops/project/project/lib/python3.10/site-packages/airflow/example_dags/example_trigger_controller_dag.py took 0.268 seconds
[2024-03-12T23:49:48.672-0400] {processor.py:161} INFO - Started process (PID=423729) to work on /home/ironbong_jr/mlops/project/project/lib/python3.10/site-packages/airflow/example_dags/example_trigger_controller_dag.py
[2024-03-12T23:49:48.718-0400] {processor.py:830} INFO - Processing file /home/ironbong_jr/mlops/project/project/lib/python3.10/site-packages/airflow/example_dags/example_trigger_controller_dag.py for tasks to queue
[2024-03-12T23:49:48.720-0400] {logging_mixin.py:188} INFO - [2024-03-12T23:49:48.719-0400] {dagbag.py:540} INFO - Filling up the DagBag from /home/ironbong_jr/mlops/project/project/lib/python3.10/site-packages/airflow/example_dags/example_trigger_controller_dag.py
[2024-03-12T23:49:48.734-0400] {processor.py:840} INFO - DAG(s) 'example_trigger_controller_dag' retrieved from /home/ironbong_jr/mlops/project/project/lib/python3.10/site-packages/airflow/example_dags/example_trigger_controller_dag.py
[2024-03-12T23:49:48.760-0400] {logging_mixin.py:188} INFO - [2024-03-12T23:49:48.759-0400] {dag.py:3047} INFO - Sync 1 DAGs
[2024-03-12T23:49:48.798-0400] {logging_mixin.py:188} INFO - [2024-03-12T23:49:48.797-0400] {dag.py:3834} INFO - Setting next_dagrun for example_trigger_controller_dag to 2021-01-01 00:00:00+00:00, run_after=2021-01-01 00:00:00+00:00
[2024-03-12T23:49:48.839-0400] {processor.py:183} INFO - Processing /home/ironbong_jr/mlops/project/project/lib/python3.10/site-packages/airflow/example_dags/example_trigger_controller_dag.py took 0.174 seconds
[2024-03-12T23:51:15.031-0400] {processor.py:161} INFO - Started process (PID=424184) to work on /home/ironbong_jr/mlops/project/project/lib/python3.10/site-packages/airflow/example_dags/example_trigger_controller_dag.py
[2024-03-12T23:51:15.083-0400] {processor.py:830} INFO - Processing file /home/ironbong_jr/mlops/project/project/lib/python3.10/site-packages/airflow/example_dags/example_trigger_controller_dag.py for tasks to queue
[2024-03-12T23:51:15.086-0400] {logging_mixin.py:188} INFO - [2024-03-12T23:51:15.085-0400] {dagbag.py:540} INFO - Filling up the DagBag from /home/ironbong_jr/mlops/project/project/lib/python3.10/site-packages/airflow/example_dags/example_trigger_controller_dag.py
[2024-03-12T23:51:15.098-0400] {processor.py:840} INFO - DAG(s) 'example_trigger_controller_dag' retrieved from /home/ironbong_jr/mlops/project/project/lib/python3.10/site-packages/airflow/example_dags/example_trigger_controller_dag.py
[2024-03-12T23:51:15.132-0400] {logging_mixin.py:188} INFO - [2024-03-12T23:51:15.131-0400] {dag.py:3047} INFO - Sync 1 DAGs
[2024-03-12T23:51:15.169-0400] {logging_mixin.py:188} INFO - [2024-03-12T23:51:15.169-0400] {dag.py:3834} INFO - Setting next_dagrun for example_trigger_controller_dag to 2021-01-01 00:00:00+00:00, run_after=2021-01-01 00:00:00+00:00
[2024-03-12T23:51:15.223-0400] {processor.py:183} INFO - Processing /home/ironbong_jr/mlops/project/project/lib/python3.10/site-packages/airflow/example_dags/example_trigger_controller_dag.py took 0.198 seconds
[2024-03-12T23:52:41.994-0400] {processor.py:161} INFO - Started process (PID=424652) to work on /home/ironbong_jr/mlops/project/project/lib/python3.10/site-packages/airflow/example_dags/example_trigger_controller_dag.py
[2024-03-12T23:52:41.997-0400] {processor.py:830} INFO - Processing file /home/ironbong_jr/mlops/project/project/lib/python3.10/site-packages/airflow/example_dags/example_trigger_controller_dag.py for tasks to queue
[2024-03-12T23:52:42.000-0400] {logging_mixin.py:188} INFO - [2024-03-12T23:52:41.999-0400] {dagbag.py:540} INFO - Filling up the DagBag from /home/ironbong_jr/mlops/project/project/lib/python3.10/site-packages/airflow/example_dags/example_trigger_controller_dag.py
[2024-03-12T23:52:42.013-0400] {processor.py:840} INFO - DAG(s) 'example_trigger_controller_dag' retrieved from /home/ironbong_jr/mlops/project/project/lib/python3.10/site-packages/airflow/example_dags/example_trigger_controller_dag.py
[2024-03-12T23:52:42.042-0400] {logging_mixin.py:188} INFO - [2024-03-12T23:52:42.041-0400] {dag.py:3047} INFO - Sync 1 DAGs
[2024-03-12T23:52:42.077-0400] {logging_mixin.py:188} INFO - [2024-03-12T23:52:42.076-0400] {dag.py:3834} INFO - Setting next_dagrun for example_trigger_controller_dag to 2021-01-01 00:00:00+00:00, run_after=2021-01-01 00:00:00+00:00
[2024-03-12T23:52:42.128-0400] {processor.py:183} INFO - Processing /home/ironbong_jr/mlops/project/project/lib/python3.10/site-packages/airflow/example_dags/example_trigger_controller_dag.py took 0.149 seconds
[2024-03-12T23:54:16.296-0400] {processor.py:161} INFO - Started process (PID=425149) to work on /home/ironbong_jr/mlops/project/project/lib/python3.10/site-packages/airflow/example_dags/example_trigger_controller_dag.py
[2024-03-12T23:54:16.300-0400] {processor.py:830} INFO - Processing file /home/ironbong_jr/mlops/project/project/lib/python3.10/site-packages/airflow/example_dags/example_trigger_controller_dag.py for tasks to queue
[2024-03-12T23:54:16.302-0400] {logging_mixin.py:188} INFO - [2024-03-12T23:54:16.301-0400] {dagbag.py:540} INFO - Filling up the DagBag from /home/ironbong_jr/mlops/project/project/lib/python3.10/site-packages/airflow/example_dags/example_trigger_controller_dag.py
[2024-03-12T23:54:16.313-0400] {processor.py:840} INFO - DAG(s) 'example_trigger_controller_dag' retrieved from /home/ironbong_jr/mlops/project/project/lib/python3.10/site-packages/airflow/example_dags/example_trigger_controller_dag.py
[2024-03-12T23:54:16.346-0400] {logging_mixin.py:188} INFO - [2024-03-12T23:54:16.345-0400] {dag.py:3047} INFO - Sync 1 DAGs
[2024-03-12T23:54:16.385-0400] {logging_mixin.py:188} INFO - [2024-03-12T23:54:16.384-0400] {dag.py:3834} INFO - Setting next_dagrun for example_trigger_controller_dag to 2021-01-01 00:00:00+00:00, run_after=2021-01-01 00:00:00+00:00
[2024-03-12T23:54:16.443-0400] {processor.py:183} INFO - Processing /home/ironbong_jr/mlops/project/project/lib/python3.10/site-packages/airflow/example_dags/example_trigger_controller_dag.py took 0.152 seconds
[2024-03-12T23:55:54.466-0400] {processor.py:161} INFO - Started process (PID=425575) to work on /home/ironbong_jr/mlops/project/project/lib/python3.10/site-packages/airflow/example_dags/example_trigger_controller_dag.py
[2024-03-12T23:55:54.518-0400] {processor.py:830} INFO - Processing file /home/ironbong_jr/mlops/project/project/lib/python3.10/site-packages/airflow/example_dags/example_trigger_controller_dag.py for tasks to queue
[2024-03-12T23:55:54.521-0400] {logging_mixin.py:188} INFO - [2024-03-12T23:55:54.520-0400] {dagbag.py:540} INFO - Filling up the DagBag from /home/ironbong_jr/mlops/project/project/lib/python3.10/site-packages/airflow/example_dags/example_trigger_controller_dag.py
[2024-03-12T23:55:54.531-0400] {processor.py:840} INFO - DAG(s) 'example_trigger_controller_dag' retrieved from /home/ironbong_jr/mlops/project/project/lib/python3.10/site-packages/airflow/example_dags/example_trigger_controller_dag.py
[2024-03-12T23:55:54.557-0400] {logging_mixin.py:188} INFO - [2024-03-12T23:55:54.556-0400] {dag.py:3047} INFO - Sync 1 DAGs
[2024-03-12T23:55:54.591-0400] {logging_mixin.py:188} INFO - [2024-03-12T23:55:54.590-0400] {dag.py:3834} INFO - Setting next_dagrun for example_trigger_controller_dag to 2021-01-01 00:00:00+00:00, run_after=2021-01-01 00:00:00+00:00
[2024-03-12T23:55:54.649-0400] {processor.py:183} INFO - Processing /home/ironbong_jr/mlops/project/project/lib/python3.10/site-packages/airflow/example_dags/example_trigger_controller_dag.py took 0.189 seconds
[2024-03-13T00:30:20.616-0400] {processor.py:161} INFO - Started process (PID=432884) to work on /home/ironbong_jr/mlops/project/project/lib/python3.10/site-packages/airflow/example_dags/example_trigger_controller_dag.py
[2024-03-13T00:30:20.619-0400] {processor.py:830} INFO - Processing file /home/ironbong_jr/mlops/project/project/lib/python3.10/site-packages/airflow/example_dags/example_trigger_controller_dag.py for tasks to queue
[2024-03-13T00:30:20.622-0400] {logging_mixin.py:188} INFO - [2024-03-13T00:30:20.621-0400] {dagbag.py:540} INFO - Filling up the DagBag from /home/ironbong_jr/mlops/project/project/lib/python3.10/site-packages/airflow/example_dags/example_trigger_controller_dag.py
[2024-03-13T00:30:20.639-0400] {processor.py:840} INFO - DAG(s) 'example_trigger_controller_dag' retrieved from /home/ironbong_jr/mlops/project/project/lib/python3.10/site-packages/airflow/example_dags/example_trigger_controller_dag.py
[2024-03-13T00:30:21.014-0400] {logging_mixin.py:188} INFO - [2024-03-13T00:30:21.014-0400] {dag.py:3047} INFO - Sync 1 DAGs
[2024-03-13T00:30:21.046-0400] {logging_mixin.py:188} INFO - [2024-03-13T00:30:21.046-0400] {dag.py:3834} INFO - Setting next_dagrun for example_trigger_controller_dag to 2021-01-01 00:00:00+00:00, run_after=2021-01-01 00:00:00+00:00
[2024-03-13T00:30:21.156-0400] {processor.py:183} INFO - Processing /home/ironbong_jr/mlops/project/project/lib/python3.10/site-packages/airflow/example_dags/example_trigger_controller_dag.py took 0.546 seconds
[2024-03-13T00:32:10.192-0400] {processor.py:161} INFO - Started process (PID=433397) to work on /home/ironbong_jr/mlops/project/project/lib/python3.10/site-packages/airflow/example_dags/example_trigger_controller_dag.py
[2024-03-13T00:32:10.196-0400] {processor.py:830} INFO - Processing file /home/ironbong_jr/mlops/project/project/lib/python3.10/site-packages/airflow/example_dags/example_trigger_controller_dag.py for tasks to queue
[2024-03-13T00:32:10.198-0400] {logging_mixin.py:188} INFO - [2024-03-13T00:32:10.197-0400] {dagbag.py:540} INFO - Filling up the DagBag from /home/ironbong_jr/mlops/project/project/lib/python3.10/site-packages/airflow/example_dags/example_trigger_controller_dag.py
[2024-03-13T00:32:10.209-0400] {processor.py:840} INFO - DAG(s) 'example_trigger_controller_dag' retrieved from /home/ironbong_jr/mlops/project/project/lib/python3.10/site-packages/airflow/example_dags/example_trigger_controller_dag.py
[2024-03-13T00:32:10.273-0400] {logging_mixin.py:188} INFO - [2024-03-13T00:32:10.272-0400] {dag.py:3047} INFO - Sync 1 DAGs
[2024-03-13T00:32:10.502-0400] {logging_mixin.py:188} INFO - [2024-03-13T00:32:10.502-0400] {dag.py:3834} INFO - Setting next_dagrun for example_trigger_controller_dag to 2021-01-01 00:00:00+00:00, run_after=2021-01-01 00:00:00+00:00
[2024-03-13T00:32:10.614-0400] {processor.py:183} INFO - Processing /home/ironbong_jr/mlops/project/project/lib/python3.10/site-packages/airflow/example_dags/example_trigger_controller_dag.py took 0.431 seconds
[2024-03-13T00:36:03.821-0400] {processor.py:161} INFO - Started process (PID=434358) to work on /home/ironbong_jr/mlops/project/project/lib/python3.10/site-packages/airflow/example_dags/example_trigger_controller_dag.py
[2024-03-13T00:36:03.874-0400] {processor.py:830} INFO - Processing file /home/ironbong_jr/mlops/project/project/lib/python3.10/site-packages/airflow/example_dags/example_trigger_controller_dag.py for tasks to queue
[2024-03-13T00:36:03.876-0400] {logging_mixin.py:188} INFO - [2024-03-13T00:36:03.875-0400] {dagbag.py:540} INFO - Filling up the DagBag from /home/ironbong_jr/mlops/project/project/lib/python3.10/site-packages/airflow/example_dags/example_trigger_controller_dag.py
[2024-03-13T00:36:03.885-0400] {processor.py:840} INFO - DAG(s) 'example_trigger_controller_dag' retrieved from /home/ironbong_jr/mlops/project/project/lib/python3.10/site-packages/airflow/example_dags/example_trigger_controller_dag.py
[2024-03-13T00:36:03.929-0400] {logging_mixin.py:188} INFO - [2024-03-13T00:36:03.927-0400] {dag.py:3047} INFO - Sync 1 DAGs
[2024-03-13T00:36:03.984-0400] {logging_mixin.py:188} INFO - [2024-03-13T00:36:03.976-0400] {dag.py:3834} INFO - Setting next_dagrun for example_trigger_controller_dag to 2021-01-01 00:00:00+00:00, run_after=2021-01-01 00:00:00+00:00
[2024-03-13T00:36:04.111-0400] {processor.py:183} INFO - Processing /home/ironbong_jr/mlops/project/project/lib/python3.10/site-packages/airflow/example_dags/example_trigger_controller_dag.py took 0.299 seconds
[2024-03-13T00:38:15.057-0400] {processor.py:161} INFO - Started process (PID=435007) to work on /home/ironbong_jr/mlops/project/project/lib/python3.10/site-packages/airflow/example_dags/example_trigger_controller_dag.py
[2024-03-13T00:38:15.110-0400] {processor.py:830} INFO - Processing file /home/ironbong_jr/mlops/project/project/lib/python3.10/site-packages/airflow/example_dags/example_trigger_controller_dag.py for tasks to queue
[2024-03-13T00:38:15.113-0400] {logging_mixin.py:188} INFO - [2024-03-13T00:38:15.112-0400] {dagbag.py:540} INFO - Filling up the DagBag from /home/ironbong_jr/mlops/project/project/lib/python3.10/site-packages/airflow/example_dags/example_trigger_controller_dag.py
[2024-03-13T00:38:15.125-0400] {processor.py:840} INFO - DAG(s) 'example_trigger_controller_dag' retrieved from /home/ironbong_jr/mlops/project/project/lib/python3.10/site-packages/airflow/example_dags/example_trigger_controller_dag.py
[2024-03-13T00:38:15.156-0400] {logging_mixin.py:188} INFO - [2024-03-13T00:38:15.155-0400] {dag.py:3047} INFO - Sync 1 DAGs
[2024-03-13T00:38:15.183-0400] {logging_mixin.py:188} INFO - [2024-03-13T00:38:15.183-0400] {dag.py:3834} INFO - Setting next_dagrun for example_trigger_controller_dag to 2021-01-01 00:00:00+00:00, run_after=2021-01-01 00:00:00+00:00
[2024-03-13T00:38:15.238-0400] {processor.py:183} INFO - Processing /home/ironbong_jr/mlops/project/project/lib/python3.10/site-packages/airflow/example_dags/example_trigger_controller_dag.py took 0.196 seconds
[2024-03-13T00:39:52.448-0400] {processor.py:161} INFO - Started process (PID=435436) to work on /home/ironbong_jr/mlops/project/project/lib/python3.10/site-packages/airflow/example_dags/example_trigger_controller_dag.py
[2024-03-13T00:39:52.451-0400] {processor.py:830} INFO - Processing file /home/ironbong_jr/mlops/project/project/lib/python3.10/site-packages/airflow/example_dags/example_trigger_controller_dag.py for tasks to queue
[2024-03-13T00:39:52.454-0400] {logging_mixin.py:188} INFO - [2024-03-13T00:39:52.453-0400] {dagbag.py:540} INFO - Filling up the DagBag from /home/ironbong_jr/mlops/project/project/lib/python3.10/site-packages/airflow/example_dags/example_trigger_controller_dag.py
[2024-03-13T00:39:52.472-0400] {processor.py:840} INFO - DAG(s) 'example_trigger_controller_dag' retrieved from /home/ironbong_jr/mlops/project/project/lib/python3.10/site-packages/airflow/example_dags/example_trigger_controller_dag.py
[2024-03-13T00:39:52.528-0400] {logging_mixin.py:188} INFO - [2024-03-13T00:39:52.527-0400] {dag.py:3047} INFO - Sync 1 DAGs
[2024-03-13T00:39:52.568-0400] {logging_mixin.py:188} INFO - [2024-03-13T00:39:52.565-0400] {dag.py:3834} INFO - Setting next_dagrun for example_trigger_controller_dag to 2021-01-01 00:00:00+00:00, run_after=2021-01-01 00:00:00+00:00
[2024-03-13T00:39:52.624-0400] {processor.py:183} INFO - Processing /home/ironbong_jr/mlops/project/project/lib/python3.10/site-packages/airflow/example_dags/example_trigger_controller_dag.py took 0.185 seconds
[2024-03-13T00:41:51.459-0400] {processor.py:161} INFO - Started process (PID=435938) to work on /home/ironbong_jr/mlops/project/project/lib/python3.10/site-packages/airflow/example_dags/example_trigger_controller_dag.py
[2024-03-13T00:41:51.462-0400] {processor.py:830} INFO - Processing file /home/ironbong_jr/mlops/project/project/lib/python3.10/site-packages/airflow/example_dags/example_trigger_controller_dag.py for tasks to queue
[2024-03-13T00:41:51.463-0400] {logging_mixin.py:188} INFO - [2024-03-13T00:41:51.463-0400] {dagbag.py:540} INFO - Filling up the DagBag from /home/ironbong_jr/mlops/project/project/lib/python3.10/site-packages/airflow/example_dags/example_trigger_controller_dag.py
[2024-03-13T00:41:51.477-0400] {processor.py:840} INFO - DAG(s) 'example_trigger_controller_dag' retrieved from /home/ironbong_jr/mlops/project/project/lib/python3.10/site-packages/airflow/example_dags/example_trigger_controller_dag.py
[2024-03-13T00:41:51.520-0400] {logging_mixin.py:188} INFO - [2024-03-13T00:41:51.520-0400] {dag.py:3047} INFO - Sync 1 DAGs
[2024-03-13T00:41:51.607-0400] {logging_mixin.py:188} INFO - [2024-03-13T00:41:51.606-0400] {dag.py:3834} INFO - Setting next_dagrun for example_trigger_controller_dag to 2021-01-01 00:00:00+00:00, run_after=2021-01-01 00:00:00+00:00
[2024-03-13T00:41:51.665-0400] {processor.py:183} INFO - Processing /home/ironbong_jr/mlops/project/project/lib/python3.10/site-packages/airflow/example_dags/example_trigger_controller_dag.py took 0.211 seconds
[2024-03-13T00:44:21.203-0400] {processor.py:161} INFO - Started process (PID=436660) to work on /home/ironbong_jr/mlops/project/project/lib/python3.10/site-packages/airflow/example_dags/example_trigger_controller_dag.py
[2024-03-13T00:44:21.254-0400] {processor.py:830} INFO - Processing file /home/ironbong_jr/mlops/project/project/lib/python3.10/site-packages/airflow/example_dags/example_trigger_controller_dag.py for tasks to queue
[2024-03-13T00:44:21.257-0400] {logging_mixin.py:188} INFO - [2024-03-13T00:44:21.256-0400] {dagbag.py:540} INFO - Filling up the DagBag from /home/ironbong_jr/mlops/project/project/lib/python3.10/site-packages/airflow/example_dags/example_trigger_controller_dag.py
[2024-03-13T00:44:21.266-0400] {processor.py:840} INFO - DAG(s) 'example_trigger_controller_dag' retrieved from /home/ironbong_jr/mlops/project/project/lib/python3.10/site-packages/airflow/example_dags/example_trigger_controller_dag.py
[2024-03-13T00:44:21.293-0400] {logging_mixin.py:188} INFO - [2024-03-13T00:44:21.293-0400] {dag.py:3047} INFO - Sync 1 DAGs
[2024-03-13T00:44:21.316-0400] {logging_mixin.py:188} INFO - [2024-03-13T00:44:21.315-0400] {dag.py:3834} INFO - Setting next_dagrun for example_trigger_controller_dag to 2021-01-01 00:00:00+00:00, run_after=2021-01-01 00:00:00+00:00
[2024-03-13T00:44:21.358-0400] {processor.py:183} INFO - Processing /home/ironbong_jr/mlops/project/project/lib/python3.10/site-packages/airflow/example_dags/example_trigger_controller_dag.py took 0.162 seconds
[2024-03-13T00:45:43.305-0400] {processor.py:161} INFO - Started process (PID=437011) to work on /home/ironbong_jr/mlops/project/project/lib/python3.10/site-packages/airflow/example_dags/example_trigger_controller_dag.py
[2024-03-13T00:45:43.354-0400] {processor.py:830} INFO - Processing file /home/ironbong_jr/mlops/project/project/lib/python3.10/site-packages/airflow/example_dags/example_trigger_controller_dag.py for tasks to queue
[2024-03-13T00:45:43.357-0400] {logging_mixin.py:188} INFO - [2024-03-13T00:45:43.356-0400] {dagbag.py:540} INFO - Filling up the DagBag from /home/ironbong_jr/mlops/project/project/lib/python3.10/site-packages/airflow/example_dags/example_trigger_controller_dag.py
[2024-03-13T00:45:43.367-0400] {processor.py:840} INFO - DAG(s) 'example_trigger_controller_dag' retrieved from /home/ironbong_jr/mlops/project/project/lib/python3.10/site-packages/airflow/example_dags/example_trigger_controller_dag.py
[2024-03-13T00:45:43.390-0400] {logging_mixin.py:188} INFO - [2024-03-13T00:45:43.390-0400] {dag.py:3047} INFO - Sync 1 DAGs
[2024-03-13T00:45:43.412-0400] {logging_mixin.py:188} INFO - [2024-03-13T00:45:43.412-0400] {dag.py:3834} INFO - Setting next_dagrun for example_trigger_controller_dag to 2021-01-01 00:00:00+00:00, run_after=2021-01-01 00:00:00+00:00
[2024-03-13T00:45:43.448-0400] {processor.py:183} INFO - Processing /home/ironbong_jr/mlops/project/project/lib/python3.10/site-packages/airflow/example_dags/example_trigger_controller_dag.py took 0.151 seconds
[2024-03-13T15:49:27.675-0400] {processor.py:161} INFO - Started process (PID=453800) to work on /home/ironbong_jr/mlops/project/project/lib/python3.10/site-packages/airflow/example_dags/example_trigger_controller_dag.py
[2024-03-13T15:49:27.678-0400] {processor.py:830} INFO - Processing file /home/ironbong_jr/mlops/project/project/lib/python3.10/site-packages/airflow/example_dags/example_trigger_controller_dag.py for tasks to queue
[2024-03-13T15:49:27.679-0400] {logging_mixin.py:188} INFO - [2024-03-13T15:49:27.678-0400] {dagbag.py:540} INFO - Filling up the DagBag from /home/ironbong_jr/mlops/project/project/lib/python3.10/site-packages/airflow/example_dags/example_trigger_controller_dag.py
[2024-03-13T15:49:27.683-0400] {processor.py:840} INFO - DAG(s) 'example_trigger_controller_dag' retrieved from /home/ironbong_jr/mlops/project/project/lib/python3.10/site-packages/airflow/example_dags/example_trigger_controller_dag.py
[2024-03-13T15:49:27.788-0400] {logging_mixin.py:188} INFO - [2024-03-13T15:49:27.788-0400] {dag.py:3047} INFO - Sync 1 DAGs
[2024-03-13T15:49:27.807-0400] {logging_mixin.py:188} INFO - [2024-03-13T15:49:27.807-0400] {dag.py:3834} INFO - Setting next_dagrun for example_trigger_controller_dag to 2021-01-01 00:00:00+00:00, run_after=2021-01-01 00:00:00+00:00
[2024-03-13T15:49:27.827-0400] {processor.py:183} INFO - Processing /home/ironbong_jr/mlops/project/project/lib/python3.10/site-packages/airflow/example_dags/example_trigger_controller_dag.py took 0.154 seconds
[2024-03-13T15:51:36.184-0400] {processor.py:161} INFO - Started process (PID=454520) to work on /home/ironbong_jr/mlops/project/project/lib/python3.10/site-packages/airflow/example_dags/example_trigger_controller_dag.py
[2024-03-13T15:51:36.188-0400] {processor.py:830} INFO - Processing file /home/ironbong_jr/mlops/project/project/lib/python3.10/site-packages/airflow/example_dags/example_trigger_controller_dag.py for tasks to queue
[2024-03-13T15:51:36.189-0400] {logging_mixin.py:188} INFO - [2024-03-13T15:51:36.189-0400] {dagbag.py:540} INFO - Filling up the DagBag from /home/ironbong_jr/mlops/project/project/lib/python3.10/site-packages/airflow/example_dags/example_trigger_controller_dag.py
[2024-03-13T15:51:36.193-0400] {processor.py:840} INFO - DAG(s) 'example_trigger_controller_dag' retrieved from /home/ironbong_jr/mlops/project/project/lib/python3.10/site-packages/airflow/example_dags/example_trigger_controller_dag.py
[2024-03-13T15:51:36.203-0400] {logging_mixin.py:188} INFO - [2024-03-13T15:51:36.203-0400] {dag.py:3047} INFO - Sync 1 DAGs
[2024-03-13T15:51:36.216-0400] {logging_mixin.py:188} INFO - [2024-03-13T15:51:36.216-0400] {dag.py:3834} INFO - Setting next_dagrun for example_trigger_controller_dag to 2021-01-01 00:00:00+00:00, run_after=2021-01-01 00:00:00+00:00
[2024-03-13T15:51:36.242-0400] {processor.py:183} INFO - Processing /home/ironbong_jr/mlops/project/project/lib/python3.10/site-packages/airflow/example_dags/example_trigger_controller_dag.py took 0.060 seconds
[2024-03-13T15:52:31.812-0400] {processor.py:161} INFO - Started process (PID=454811) to work on /home/ironbong_jr/mlops/project/project/lib/python3.10/site-packages/airflow/example_dags/example_trigger_controller_dag.py
[2024-03-13T15:52:31.816-0400] {processor.py:830} INFO - Processing file /home/ironbong_jr/mlops/project/project/lib/python3.10/site-packages/airflow/example_dags/example_trigger_controller_dag.py for tasks to queue
[2024-03-13T15:52:31.816-0400] {logging_mixin.py:188} INFO - [2024-03-13T15:52:31.816-0400] {dagbag.py:540} INFO - Filling up the DagBag from /home/ironbong_jr/mlops/project/project/lib/python3.10/site-packages/airflow/example_dags/example_trigger_controller_dag.py
[2024-03-13T15:52:31.819-0400] {processor.py:840} INFO - DAG(s) 'example_trigger_controller_dag' retrieved from /home/ironbong_jr/mlops/project/project/lib/python3.10/site-packages/airflow/example_dags/example_trigger_controller_dag.py
[2024-03-13T15:52:31.829-0400] {logging_mixin.py:188} INFO - [2024-03-13T15:52:31.829-0400] {dag.py:3047} INFO - Sync 1 DAGs
[2024-03-13T15:52:31.840-0400] {logging_mixin.py:188} INFO - [2024-03-13T15:52:31.840-0400] {dag.py:3834} INFO - Setting next_dagrun for example_trigger_controller_dag to 2021-01-01 00:00:00+00:00, run_after=2021-01-01 00:00:00+00:00
[2024-03-13T15:52:31.861-0400] {processor.py:183} INFO - Processing /home/ironbong_jr/mlops/project/project/lib/python3.10/site-packages/airflow/example_dags/example_trigger_controller_dag.py took 0.051 seconds
[2024-03-13T15:53:25.354-0400] {processor.py:161} INFO - Started process (PID=455100) to work on /home/ironbong_jr/mlops/project/project/lib/python3.10/site-packages/airflow/example_dags/example_trigger_controller_dag.py
[2024-03-13T15:53:25.355-0400] {processor.py:830} INFO - Processing file /home/ironbong_jr/mlops/project/project/lib/python3.10/site-packages/airflow/example_dags/example_trigger_controller_dag.py for tasks to queue
[2024-03-13T15:53:25.356-0400] {logging_mixin.py:188} INFO - [2024-03-13T15:53:25.356-0400] {dagbag.py:540} INFO - Filling up the DagBag from /home/ironbong_jr/mlops/project/project/lib/python3.10/site-packages/airflow/example_dags/example_trigger_controller_dag.py
[2024-03-13T15:53:25.360-0400] {processor.py:840} INFO - DAG(s) 'example_trigger_controller_dag' retrieved from /home/ironbong_jr/mlops/project/project/lib/python3.10/site-packages/airflow/example_dags/example_trigger_controller_dag.py
[2024-03-13T15:53:25.371-0400] {logging_mixin.py:188} INFO - [2024-03-13T15:53:25.371-0400] {dag.py:3047} INFO - Sync 1 DAGs
[2024-03-13T15:53:25.385-0400] {logging_mixin.py:188} INFO - [2024-03-13T15:53:25.384-0400] {dag.py:3834} INFO - Setting next_dagrun for example_trigger_controller_dag to 2021-01-01 00:00:00+00:00, run_after=2021-01-01 00:00:00+00:00
[2024-03-13T15:53:25.407-0400] {processor.py:183} INFO - Processing /home/ironbong_jr/mlops/project/project/lib/python3.10/site-packages/airflow/example_dags/example_trigger_controller_dag.py took 0.055 seconds
[2024-03-13T15:54:40.139-0400] {processor.py:161} INFO - Started process (PID=455488) to work on /home/ironbong_jr/mlops/project/project/lib/python3.10/site-packages/airflow/example_dags/example_trigger_controller_dag.py
[2024-03-13T15:54:40.140-0400] {processor.py:830} INFO - Processing file /home/ironbong_jr/mlops/project/project/lib/python3.10/site-packages/airflow/example_dags/example_trigger_controller_dag.py for tasks to queue
[2024-03-13T15:54:40.141-0400] {logging_mixin.py:188} INFO - [2024-03-13T15:54:40.141-0400] {dagbag.py:540} INFO - Filling up the DagBag from /home/ironbong_jr/mlops/project/project/lib/python3.10/site-packages/airflow/example_dags/example_trigger_controller_dag.py
[2024-03-13T15:54:40.145-0400] {processor.py:840} INFO - DAG(s) 'example_trigger_controller_dag' retrieved from /home/ironbong_jr/mlops/project/project/lib/python3.10/site-packages/airflow/example_dags/example_trigger_controller_dag.py
[2024-03-13T15:54:40.156-0400] {logging_mixin.py:188} INFO - [2024-03-13T15:54:40.156-0400] {dag.py:3047} INFO - Sync 1 DAGs
[2024-03-13T15:54:40.168-0400] {logging_mixin.py:188} INFO - [2024-03-13T15:54:40.168-0400] {dag.py:3834} INFO - Setting next_dagrun for example_trigger_controller_dag to 2021-01-01 00:00:00+00:00, run_after=2021-01-01 00:00:00+00:00
[2024-03-13T15:54:40.191-0400] {processor.py:183} INFO - Processing /home/ironbong_jr/mlops/project/project/lib/python3.10/site-packages/airflow/example_dags/example_trigger_controller_dag.py took 0.055 seconds
[2024-03-13T15:55:33.015-0400] {processor.py:161} INFO - Started process (PID=455750) to work on /home/ironbong_jr/mlops/project/project/lib/python3.10/site-packages/airflow/example_dags/example_trigger_controller_dag.py
[2024-03-13T15:55:33.017-0400] {processor.py:830} INFO - Processing file /home/ironbong_jr/mlops/project/project/lib/python3.10/site-packages/airflow/example_dags/example_trigger_controller_dag.py for tasks to queue
[2024-03-13T15:55:33.018-0400] {logging_mixin.py:188} INFO - [2024-03-13T15:55:33.017-0400] {dagbag.py:540} INFO - Filling up the DagBag from /home/ironbong_jr/mlops/project/project/lib/python3.10/site-packages/airflow/example_dags/example_trigger_controller_dag.py
[2024-03-13T15:55:33.021-0400] {processor.py:840} INFO - DAG(s) 'example_trigger_controller_dag' retrieved from /home/ironbong_jr/mlops/project/project/lib/python3.10/site-packages/airflow/example_dags/example_trigger_controller_dag.py
[2024-03-13T15:55:33.031-0400] {logging_mixin.py:188} INFO - [2024-03-13T15:55:33.031-0400] {dag.py:3047} INFO - Sync 1 DAGs
[2024-03-13T15:55:33.042-0400] {logging_mixin.py:188} INFO - [2024-03-13T15:55:33.042-0400] {dag.py:3834} INFO - Setting next_dagrun for example_trigger_controller_dag to 2021-01-01 00:00:00+00:00, run_after=2021-01-01 00:00:00+00:00
[2024-03-13T15:55:33.064-0400] {processor.py:183} INFO - Processing /home/ironbong_jr/mlops/project/project/lib/python3.10/site-packages/airflow/example_dags/example_trigger_controller_dag.py took 0.051 seconds
[2024-03-13T15:56:23.224-0400] {processor.py:161} INFO - Started process (PID=456013) to work on /home/ironbong_jr/mlops/project/project/lib/python3.10/site-packages/airflow/example_dags/example_trigger_controller_dag.py
[2024-03-13T15:56:23.227-0400] {processor.py:830} INFO - Processing file /home/ironbong_jr/mlops/project/project/lib/python3.10/site-packages/airflow/example_dags/example_trigger_controller_dag.py for tasks to queue
[2024-03-13T15:56:23.228-0400] {logging_mixin.py:188} INFO - [2024-03-13T15:56:23.228-0400] {dagbag.py:540} INFO - Filling up the DagBag from /home/ironbong_jr/mlops/project/project/lib/python3.10/site-packages/airflow/example_dags/example_trigger_controller_dag.py
[2024-03-13T15:56:23.231-0400] {processor.py:840} INFO - DAG(s) 'example_trigger_controller_dag' retrieved from /home/ironbong_jr/mlops/project/project/lib/python3.10/site-packages/airflow/example_dags/example_trigger_controller_dag.py
[2024-03-13T15:56:23.241-0400] {logging_mixin.py:188} INFO - [2024-03-13T15:56:23.240-0400] {dag.py:3047} INFO - Sync 1 DAGs
[2024-03-13T15:56:23.251-0400] {logging_mixin.py:188} INFO - [2024-03-13T15:56:23.251-0400] {dag.py:3834} INFO - Setting next_dagrun for example_trigger_controller_dag to 2021-01-01 00:00:00+00:00, run_after=2021-01-01 00:00:00+00:00
[2024-03-13T15:56:23.273-0400] {processor.py:183} INFO - Processing /home/ironbong_jr/mlops/project/project/lib/python3.10/site-packages/airflow/example_dags/example_trigger_controller_dag.py took 0.051 seconds
[2024-03-13T15:57:39.739-0400] {processor.py:161} INFO - Started process (PID=456430) to work on /home/ironbong_jr/mlops/project/project/lib/python3.10/site-packages/airflow/example_dags/example_trigger_controller_dag.py
[2024-03-13T15:57:39.742-0400] {processor.py:830} INFO - Processing file /home/ironbong_jr/mlops/project/project/lib/python3.10/site-packages/airflow/example_dags/example_trigger_controller_dag.py for tasks to queue
[2024-03-13T15:57:39.743-0400] {logging_mixin.py:188} INFO - [2024-03-13T15:57:39.743-0400] {dagbag.py:540} INFO - Filling up the DagBag from /home/ironbong_jr/mlops/project/project/lib/python3.10/site-packages/airflow/example_dags/example_trigger_controller_dag.py
[2024-03-13T15:57:39.746-0400] {processor.py:840} INFO - DAG(s) 'example_trigger_controller_dag' retrieved from /home/ironbong_jr/mlops/project/project/lib/python3.10/site-packages/airflow/example_dags/example_trigger_controller_dag.py
[2024-03-13T15:57:39.756-0400] {logging_mixin.py:188} INFO - [2024-03-13T15:57:39.756-0400] {dag.py:3047} INFO - Sync 1 DAGs
[2024-03-13T15:57:39.766-0400] {logging_mixin.py:188} INFO - [2024-03-13T15:57:39.766-0400] {dag.py:3834} INFO - Setting next_dagrun for example_trigger_controller_dag to 2021-01-01 00:00:00+00:00, run_after=2021-01-01 00:00:00+00:00
[2024-03-13T15:57:39.789-0400] {processor.py:183} INFO - Processing /home/ironbong_jr/mlops/project/project/lib/python3.10/site-packages/airflow/example_dags/example_trigger_controller_dag.py took 0.052 seconds
[2024-03-13T15:58:32.202-0400] {processor.py:161} INFO - Started process (PID=456694) to work on /home/ironbong_jr/mlops/project/project/lib/python3.10/site-packages/airflow/example_dags/example_trigger_controller_dag.py
[2024-03-13T15:58:32.206-0400] {processor.py:830} INFO - Processing file /home/ironbong_jr/mlops/project/project/lib/python3.10/site-packages/airflow/example_dags/example_trigger_controller_dag.py for tasks to queue
[2024-03-13T15:58:32.207-0400] {logging_mixin.py:188} INFO - [2024-03-13T15:58:32.206-0400] {dagbag.py:540} INFO - Filling up the DagBag from /home/ironbong_jr/mlops/project/project/lib/python3.10/site-packages/airflow/example_dags/example_trigger_controller_dag.py
[2024-03-13T15:58:32.210-0400] {processor.py:840} INFO - DAG(s) 'example_trigger_controller_dag' retrieved from /home/ironbong_jr/mlops/project/project/lib/python3.10/site-packages/airflow/example_dags/example_trigger_controller_dag.py
[2024-03-13T15:58:32.220-0400] {logging_mixin.py:188} INFO - [2024-03-13T15:58:32.220-0400] {dag.py:3047} INFO - Sync 1 DAGs
[2024-03-13T15:58:32.232-0400] {logging_mixin.py:188} INFO - [2024-03-13T15:58:32.232-0400] {dag.py:3834} INFO - Setting next_dagrun for example_trigger_controller_dag to 2021-01-01 00:00:00+00:00, run_after=2021-01-01 00:00:00+00:00
[2024-03-13T15:58:32.255-0400] {processor.py:183} INFO - Processing /home/ironbong_jr/mlops/project/project/lib/python3.10/site-packages/airflow/example_dags/example_trigger_controller_dag.py took 0.055 seconds
[2024-03-13T15:59:50.062-0400] {processor.py:161} INFO - Started process (PID=457096) to work on /home/ironbong_jr/mlops/project/project/lib/python3.10/site-packages/airflow/example_dags/example_trigger_controller_dag.py
[2024-03-13T15:59:50.066-0400] {processor.py:830} INFO - Processing file /home/ironbong_jr/mlops/project/project/lib/python3.10/site-packages/airflow/example_dags/example_trigger_controller_dag.py for tasks to queue
[2024-03-13T15:59:50.067-0400] {logging_mixin.py:188} INFO - [2024-03-13T15:59:50.067-0400] {dagbag.py:540} INFO - Filling up the DagBag from /home/ironbong_jr/mlops/project/project/lib/python3.10/site-packages/airflow/example_dags/example_trigger_controller_dag.py
[2024-03-13T15:59:50.071-0400] {processor.py:840} INFO - DAG(s) 'example_trigger_controller_dag' retrieved from /home/ironbong_jr/mlops/project/project/lib/python3.10/site-packages/airflow/example_dags/example_trigger_controller_dag.py
[2024-03-13T15:59:50.081-0400] {logging_mixin.py:188} INFO - [2024-03-13T15:59:50.081-0400] {dag.py:3047} INFO - Sync 1 DAGs
[2024-03-13T15:59:50.093-0400] {logging_mixin.py:188} INFO - [2024-03-13T15:59:50.093-0400] {dag.py:3834} INFO - Setting next_dagrun for example_trigger_controller_dag to 2021-01-01 00:00:00+00:00, run_after=2021-01-01 00:00:00+00:00
[2024-03-13T15:59:50.124-0400] {processor.py:183} INFO - Processing /home/ironbong_jr/mlops/project/project/lib/python3.10/site-packages/airflow/example_dags/example_trigger_controller_dag.py took 0.065 seconds
[2024-03-13T16:01:05.118-0400] {processor.py:161} INFO - Started process (PID=457444) to work on /home/ironbong_jr/mlops/project/project/lib/python3.10/site-packages/airflow/example_dags/example_trigger_controller_dag.py
[2024-03-13T16:01:05.122-0400] {processor.py:830} INFO - Processing file /home/ironbong_jr/mlops/project/project/lib/python3.10/site-packages/airflow/example_dags/example_trigger_controller_dag.py for tasks to queue
[2024-03-13T16:01:05.123-0400] {logging_mixin.py:188} INFO - [2024-03-13T16:01:05.123-0400] {dagbag.py:540} INFO - Filling up the DagBag from /home/ironbong_jr/mlops/project/project/lib/python3.10/site-packages/airflow/example_dags/example_trigger_controller_dag.py
[2024-03-13T16:01:05.126-0400] {processor.py:840} INFO - DAG(s) 'example_trigger_controller_dag' retrieved from /home/ironbong_jr/mlops/project/project/lib/python3.10/site-packages/airflow/example_dags/example_trigger_controller_dag.py
[2024-03-13T16:01:05.136-0400] {logging_mixin.py:188} INFO - [2024-03-13T16:01:05.135-0400] {dag.py:3047} INFO - Sync 1 DAGs
[2024-03-13T16:01:05.146-0400] {logging_mixin.py:188} INFO - [2024-03-13T16:01:05.146-0400] {dag.py:3834} INFO - Setting next_dagrun for example_trigger_controller_dag to 2021-01-01 00:00:00+00:00, run_after=2021-01-01 00:00:00+00:00
[2024-03-13T16:01:05.170-0400] {processor.py:183} INFO - Processing /home/ironbong_jr/mlops/project/project/lib/python3.10/site-packages/airflow/example_dags/example_trigger_controller_dag.py took 0.054 seconds
[2024-03-13T16:01:57.156-0400] {processor.py:161} INFO - Started process (PID=457721) to work on /home/ironbong_jr/mlops/project/project/lib/python3.10/site-packages/airflow/example_dags/example_trigger_controller_dag.py
[2024-03-13T16:01:57.159-0400] {processor.py:830} INFO - Processing file /home/ironbong_jr/mlops/project/project/lib/python3.10/site-packages/airflow/example_dags/example_trigger_controller_dag.py for tasks to queue
[2024-03-13T16:01:57.160-0400] {logging_mixin.py:188} INFO - [2024-03-13T16:01:57.160-0400] {dagbag.py:540} INFO - Filling up the DagBag from /home/ironbong_jr/mlops/project/project/lib/python3.10/site-packages/airflow/example_dags/example_trigger_controller_dag.py
[2024-03-13T16:01:57.163-0400] {processor.py:840} INFO - DAG(s) 'example_trigger_controller_dag' retrieved from /home/ironbong_jr/mlops/project/project/lib/python3.10/site-packages/airflow/example_dags/example_trigger_controller_dag.py
[2024-03-13T16:01:57.173-0400] {logging_mixin.py:188} INFO - [2024-03-13T16:01:57.172-0400] {dag.py:3047} INFO - Sync 1 DAGs
[2024-03-13T16:01:57.183-0400] {logging_mixin.py:188} INFO - [2024-03-13T16:01:57.183-0400] {dag.py:3834} INFO - Setting next_dagrun for example_trigger_controller_dag to 2021-01-01 00:00:00+00:00, run_after=2021-01-01 00:00:00+00:00
[2024-03-13T16:01:57.206-0400] {processor.py:183} INFO - Processing /home/ironbong_jr/mlops/project/project/lib/python3.10/site-packages/airflow/example_dags/example_trigger_controller_dag.py took 0.052 seconds
[2024-03-13T16:03:10.654-0400] {processor.py:161} INFO - Started process (PID=458126) to work on /home/ironbong_jr/mlops/project/project/lib/python3.10/site-packages/airflow/example_dags/example_trigger_controller_dag.py
[2024-03-13T16:03:10.655-0400] {processor.py:830} INFO - Processing file /home/ironbong_jr/mlops/project/project/lib/python3.10/site-packages/airflow/example_dags/example_trigger_controller_dag.py for tasks to queue
[2024-03-13T16:03:10.656-0400] {logging_mixin.py:188} INFO - [2024-03-13T16:03:10.656-0400] {dagbag.py:540} INFO - Filling up the DagBag from /home/ironbong_jr/mlops/project/project/lib/python3.10/site-packages/airflow/example_dags/example_trigger_controller_dag.py
[2024-03-13T16:03:10.660-0400] {processor.py:840} INFO - DAG(s) 'example_trigger_controller_dag' retrieved from /home/ironbong_jr/mlops/project/project/lib/python3.10/site-packages/airflow/example_dags/example_trigger_controller_dag.py
[2024-03-13T16:03:10.671-0400] {logging_mixin.py:188} INFO - [2024-03-13T16:03:10.670-0400] {dag.py:3047} INFO - Sync 1 DAGs
[2024-03-13T16:03:10.683-0400] {logging_mixin.py:188} INFO - [2024-03-13T16:03:10.683-0400] {dag.py:3834} INFO - Setting next_dagrun for example_trigger_controller_dag to 2021-01-01 00:00:00+00:00, run_after=2021-01-01 00:00:00+00:00
[2024-03-13T16:03:10.704-0400] {processor.py:183} INFO - Processing /home/ironbong_jr/mlops/project/project/lib/python3.10/site-packages/airflow/example_dags/example_trigger_controller_dag.py took 0.053 seconds
[2024-03-13T16:04:43.166-0400] {processor.py:161} INFO - Started process (PID=458657) to work on /home/ironbong_jr/mlops/project/project/lib/python3.10/site-packages/airflow/example_dags/example_trigger_controller_dag.py
[2024-03-13T16:04:43.167-0400] {processor.py:830} INFO - Processing file /home/ironbong_jr/mlops/project/project/lib/python3.10/site-packages/airflow/example_dags/example_trigger_controller_dag.py for tasks to queue
[2024-03-13T16:04:43.168-0400] {logging_mixin.py:188} INFO - [2024-03-13T16:04:43.168-0400] {dagbag.py:540} INFO - Filling up the DagBag from /home/ironbong_jr/mlops/project/project/lib/python3.10/site-packages/airflow/example_dags/example_trigger_controller_dag.py
[2024-03-13T16:04:43.172-0400] {processor.py:840} INFO - DAG(s) 'example_trigger_controller_dag' retrieved from /home/ironbong_jr/mlops/project/project/lib/python3.10/site-packages/airflow/example_dags/example_trigger_controller_dag.py
[2024-03-13T16:04:43.185-0400] {logging_mixin.py:188} INFO - [2024-03-13T16:04:43.184-0400] {dag.py:3047} INFO - Sync 1 DAGs
[2024-03-13T16:04:43.198-0400] {logging_mixin.py:188} INFO - [2024-03-13T16:04:43.197-0400] {dag.py:3834} INFO - Setting next_dagrun for example_trigger_controller_dag to 2021-01-01 00:00:00+00:00, run_after=2021-01-01 00:00:00+00:00
[2024-03-13T16:04:43.220-0400] {processor.py:183} INFO - Processing /home/ironbong_jr/mlops/project/project/lib/python3.10/site-packages/airflow/example_dags/example_trigger_controller_dag.py took 0.056 seconds
[2024-03-13T16:05:54.757-0400] {processor.py:161} INFO - Started process (PID=459024) to work on /home/ironbong_jr/mlops/project/project/lib/python3.10/site-packages/airflow/example_dags/example_trigger_controller_dag.py
[2024-03-13T16:05:54.758-0400] {processor.py:830} INFO - Processing file /home/ironbong_jr/mlops/project/project/lib/python3.10/site-packages/airflow/example_dags/example_trigger_controller_dag.py for tasks to queue
[2024-03-13T16:05:54.759-0400] {logging_mixin.py:188} INFO - [2024-03-13T16:05:54.759-0400] {dagbag.py:540} INFO - Filling up the DagBag from /home/ironbong_jr/mlops/project/project/lib/python3.10/site-packages/airflow/example_dags/example_trigger_controller_dag.py
[2024-03-13T16:05:54.763-0400] {processor.py:840} INFO - DAG(s) 'example_trigger_controller_dag' retrieved from /home/ironbong_jr/mlops/project/project/lib/python3.10/site-packages/airflow/example_dags/example_trigger_controller_dag.py
[2024-03-13T16:05:54.776-0400] {logging_mixin.py:188} INFO - [2024-03-13T16:05:54.775-0400] {dag.py:3047} INFO - Sync 1 DAGs
[2024-03-13T16:05:54.790-0400] {logging_mixin.py:188} INFO - [2024-03-13T16:05:54.790-0400] {dag.py:3834} INFO - Setting next_dagrun for example_trigger_controller_dag to 2021-01-01 00:00:00+00:00, run_after=2021-01-01 00:00:00+00:00
[2024-03-13T16:05:54.812-0400] {processor.py:183} INFO - Processing /home/ironbong_jr/mlops/project/project/lib/python3.10/site-packages/airflow/example_dags/example_trigger_controller_dag.py took 0.057 seconds
[2024-03-13T16:06:50.280-0400] {processor.py:161} INFO - Started process (PID=459300) to work on /home/ironbong_jr/mlops/project/project/lib/python3.10/site-packages/airflow/example_dags/example_trigger_controller_dag.py
[2024-03-13T16:06:50.286-0400] {processor.py:830} INFO - Processing file /home/ironbong_jr/mlops/project/project/lib/python3.10/site-packages/airflow/example_dags/example_trigger_controller_dag.py for tasks to queue
[2024-03-13T16:06:50.287-0400] {logging_mixin.py:188} INFO - [2024-03-13T16:06:50.287-0400] {dagbag.py:540} INFO - Filling up the DagBag from /home/ironbong_jr/mlops/project/project/lib/python3.10/site-packages/airflow/example_dags/example_trigger_controller_dag.py
[2024-03-13T16:06:50.291-0400] {processor.py:840} INFO - DAG(s) 'example_trigger_controller_dag' retrieved from /home/ironbong_jr/mlops/project/project/lib/python3.10/site-packages/airflow/example_dags/example_trigger_controller_dag.py
[2024-03-13T16:06:50.305-0400] {logging_mixin.py:188} INFO - [2024-03-13T16:06:50.305-0400] {dag.py:3047} INFO - Sync 1 DAGs
[2024-03-13T16:06:50.322-0400] {logging_mixin.py:188} INFO - [2024-03-13T16:06:50.321-0400] {dag.py:3834} INFO - Setting next_dagrun for example_trigger_controller_dag to 2021-01-01 00:00:00+00:00, run_after=2021-01-01 00:00:00+00:00
[2024-03-13T16:06:50.347-0400] {processor.py:183} INFO - Processing /home/ironbong_jr/mlops/project/project/lib/python3.10/site-packages/airflow/example_dags/example_trigger_controller_dag.py took 0.073 seconds
[2024-03-13T16:08:08.266-0400] {processor.py:161} INFO - Started process (PID=459683) to work on /home/ironbong_jr/mlops/project/project/lib/python3.10/site-packages/airflow/example_dags/example_trigger_controller_dag.py
[2024-03-13T16:08:08.270-0400] {processor.py:830} INFO - Processing file /home/ironbong_jr/mlops/project/project/lib/python3.10/site-packages/airflow/example_dags/example_trigger_controller_dag.py for tasks to queue
[2024-03-13T16:08:08.271-0400] {logging_mixin.py:188} INFO - [2024-03-13T16:08:08.270-0400] {dagbag.py:540} INFO - Filling up the DagBag from /home/ironbong_jr/mlops/project/project/lib/python3.10/site-packages/airflow/example_dags/example_trigger_controller_dag.py
[2024-03-13T16:08:08.274-0400] {processor.py:840} INFO - DAG(s) 'example_trigger_controller_dag' retrieved from /home/ironbong_jr/mlops/project/project/lib/python3.10/site-packages/airflow/example_dags/example_trigger_controller_dag.py
[2024-03-13T16:08:08.284-0400] {logging_mixin.py:188} INFO - [2024-03-13T16:08:08.284-0400] {dag.py:3047} INFO - Sync 1 DAGs
[2024-03-13T16:08:08.296-0400] {logging_mixin.py:188} INFO - [2024-03-13T16:08:08.296-0400] {dag.py:3834} INFO - Setting next_dagrun for example_trigger_controller_dag to 2021-01-01 00:00:00+00:00, run_after=2021-01-01 00:00:00+00:00
[2024-03-13T16:08:08.320-0400] {processor.py:183} INFO - Processing /home/ironbong_jr/mlops/project/project/lib/python3.10/site-packages/airflow/example_dags/example_trigger_controller_dag.py took 0.056 seconds
[2024-03-13T16:08:58.918-0400] {processor.py:161} INFO - Started process (PID=459940) to work on /home/ironbong_jr/mlops/project/project/lib/python3.10/site-packages/airflow/example_dags/example_trigger_controller_dag.py
[2024-03-13T16:08:58.919-0400] {processor.py:830} INFO - Processing file /home/ironbong_jr/mlops/project/project/lib/python3.10/site-packages/airflow/example_dags/example_trigger_controller_dag.py for tasks to queue
[2024-03-13T16:08:58.920-0400] {logging_mixin.py:188} INFO - [2024-03-13T16:08:58.920-0400] {dagbag.py:540} INFO - Filling up the DagBag from /home/ironbong_jr/mlops/project/project/lib/python3.10/site-packages/airflow/example_dags/example_trigger_controller_dag.py
[2024-03-13T16:08:58.923-0400] {processor.py:840} INFO - DAG(s) 'example_trigger_controller_dag' retrieved from /home/ironbong_jr/mlops/project/project/lib/python3.10/site-packages/airflow/example_dags/example_trigger_controller_dag.py
[2024-03-13T16:08:58.934-0400] {logging_mixin.py:188} INFO - [2024-03-13T16:08:58.934-0400] {dag.py:3047} INFO - Sync 1 DAGs
[2024-03-13T16:08:58.945-0400] {logging_mixin.py:188} INFO - [2024-03-13T16:08:58.945-0400] {dag.py:3834} INFO - Setting next_dagrun for example_trigger_controller_dag to 2021-01-01 00:00:00+00:00, run_after=2021-01-01 00:00:00+00:00
[2024-03-13T16:08:58.968-0400] {processor.py:183} INFO - Processing /home/ironbong_jr/mlops/project/project/lib/python3.10/site-packages/airflow/example_dags/example_trigger_controller_dag.py took 0.052 seconds
[2024-03-13T16:10:12.566-0400] {processor.py:161} INFO - Started process (PID=460301) to work on /home/ironbong_jr/mlops/project/project/lib/python3.10/site-packages/airflow/example_dags/example_trigger_controller_dag.py
[2024-03-13T16:10:12.568-0400] {processor.py:830} INFO - Processing file /home/ironbong_jr/mlops/project/project/lib/python3.10/site-packages/airflow/example_dags/example_trigger_controller_dag.py for tasks to queue
[2024-03-13T16:10:12.568-0400] {logging_mixin.py:188} INFO - [2024-03-13T16:10:12.568-0400] {dagbag.py:540} INFO - Filling up the DagBag from /home/ironbong_jr/mlops/project/project/lib/python3.10/site-packages/airflow/example_dags/example_trigger_controller_dag.py
[2024-03-13T16:10:12.572-0400] {processor.py:840} INFO - DAG(s) 'example_trigger_controller_dag' retrieved from /home/ironbong_jr/mlops/project/project/lib/python3.10/site-packages/airflow/example_dags/example_trigger_controller_dag.py
[2024-03-13T16:10:12.584-0400] {logging_mixin.py:188} INFO - [2024-03-13T16:10:12.583-0400] {dag.py:3047} INFO - Sync 1 DAGs
[2024-03-13T16:10:12.596-0400] {logging_mixin.py:188} INFO - [2024-03-13T16:10:12.596-0400] {dag.py:3834} INFO - Setting next_dagrun for example_trigger_controller_dag to 2021-01-01 00:00:00+00:00, run_after=2021-01-01 00:00:00+00:00
[2024-03-13T16:10:12.617-0400] {processor.py:183} INFO - Processing /home/ironbong_jr/mlops/project/project/lib/python3.10/site-packages/airflow/example_dags/example_trigger_controller_dag.py took 0.053 seconds
[2024-03-13T16:11:26.956-0400] {processor.py:161} INFO - Started process (PID=460676) to work on /home/ironbong_jr/mlops/project/project/lib/python3.10/site-packages/airflow/example_dags/example_trigger_controller_dag.py
[2024-03-13T16:11:26.958-0400] {processor.py:830} INFO - Processing file /home/ironbong_jr/mlops/project/project/lib/python3.10/site-packages/airflow/example_dags/example_trigger_controller_dag.py for tasks to queue
[2024-03-13T16:11:26.959-0400] {logging_mixin.py:188} INFO - [2024-03-13T16:11:26.958-0400] {dagbag.py:540} INFO - Filling up the DagBag from /home/ironbong_jr/mlops/project/project/lib/python3.10/site-packages/airflow/example_dags/example_trigger_controller_dag.py
[2024-03-13T16:11:26.962-0400] {processor.py:840} INFO - DAG(s) 'example_trigger_controller_dag' retrieved from /home/ironbong_jr/mlops/project/project/lib/python3.10/site-packages/airflow/example_dags/example_trigger_controller_dag.py
[2024-03-13T16:11:26.971-0400] {logging_mixin.py:188} INFO - [2024-03-13T16:11:26.971-0400] {dag.py:3047} INFO - Sync 1 DAGs
[2024-03-13T16:11:26.982-0400] {logging_mixin.py:188} INFO - [2024-03-13T16:11:26.982-0400] {dag.py:3834} INFO - Setting next_dagrun for example_trigger_controller_dag to 2021-01-01 00:00:00+00:00, run_after=2021-01-01 00:00:00+00:00
[2024-03-13T16:11:27.004-0400] {processor.py:183} INFO - Processing /home/ironbong_jr/mlops/project/project/lib/python3.10/site-packages/airflow/example_dags/example_trigger_controller_dag.py took 0.050 seconds
[2024-03-13T16:12:41.776-0400] {processor.py:161} INFO - Started process (PID=461043) to work on /home/ironbong_jr/mlops/project/project/lib/python3.10/site-packages/airflow/example_dags/example_trigger_controller_dag.py
[2024-03-13T16:12:41.779-0400] {processor.py:830} INFO - Processing file /home/ironbong_jr/mlops/project/project/lib/python3.10/site-packages/airflow/example_dags/example_trigger_controller_dag.py for tasks to queue
[2024-03-13T16:12:41.780-0400] {logging_mixin.py:188} INFO - [2024-03-13T16:12:41.780-0400] {dagbag.py:540} INFO - Filling up the DagBag from /home/ironbong_jr/mlops/project/project/lib/python3.10/site-packages/airflow/example_dags/example_trigger_controller_dag.py
[2024-03-13T16:12:41.785-0400] {processor.py:840} INFO - DAG(s) 'example_trigger_controller_dag' retrieved from /home/ironbong_jr/mlops/project/project/lib/python3.10/site-packages/airflow/example_dags/example_trigger_controller_dag.py
[2024-03-13T16:12:41.802-0400] {logging_mixin.py:188} INFO - [2024-03-13T16:12:41.801-0400] {dag.py:3047} INFO - Sync 1 DAGs
[2024-03-13T16:12:41.818-0400] {logging_mixin.py:188} INFO - [2024-03-13T16:12:41.817-0400] {dag.py:3834} INFO - Setting next_dagrun for example_trigger_controller_dag to 2021-01-01 00:00:00+00:00, run_after=2021-01-01 00:00:00+00:00
[2024-03-13T16:12:41.844-0400] {processor.py:183} INFO - Processing /home/ironbong_jr/mlops/project/project/lib/python3.10/site-packages/airflow/example_dags/example_trigger_controller_dag.py took 0.070 seconds
