[2024-03-12T21:21:35.356-0400] {processor.py:161} INFO - Started process (PID=406936) to work on /home/ironbong_jr/mlops/project/project/lib/python3.10/site-packages/airflow/example_dags/example_task_group.py
[2024-03-12T21:21:35.360-0400] {processor.py:830} INFO - Processing file /home/ironbong_jr/mlops/project/project/lib/python3.10/site-packages/airflow/example_dags/example_task_group.py for tasks to queue
[2024-03-12T21:21:35.362-0400] {logging_mixin.py:188} INFO - [2024-03-12T21:21:35.361-0400] {dagbag.py:540} INFO - Filling up the DagBag from /home/ironbong_jr/mlops/project/project/lib/python3.10/site-packages/airflow/example_dags/example_task_group.py
[2024-03-12T21:21:35.380-0400] {processor.py:840} INFO - DAG(s) 'example_task_group' retrieved from /home/ironbong_jr/mlops/project/project/lib/python3.10/site-packages/airflow/example_dags/example_task_group.py
[2024-03-12T21:21:35.562-0400] {logging_mixin.py:188} INFO - [2024-03-12T21:21:35.562-0400] {dag.py:3047} INFO - Sync 1 DAGs
[2024-03-12T21:21:35.827-0400] {logging_mixin.py:188} INFO - [2024-03-12T21:21:35.821-0400] {dag.py:3834} INFO - Setting next_dagrun for example_task_group to 2024-03-12 00:00:00+00:00, run_after=2024-03-13 00:00:00+00:00
[2024-03-12T21:21:35.885-0400] {processor.py:183} INFO - Processing /home/ironbong_jr/mlops/project/project/lib/python3.10/site-packages/airflow/example_dags/example_task_group.py took 0.535 seconds
[2024-03-12T21:23:02.580-0400] {processor.py:161} INFO - Started process (PID=407309) to work on /home/ironbong_jr/mlops/project/project/lib/python3.10/site-packages/airflow/example_dags/example_task_group.py
[2024-03-12T21:23:02.632-0400] {processor.py:830} INFO - Processing file /home/ironbong_jr/mlops/project/project/lib/python3.10/site-packages/airflow/example_dags/example_task_group.py for tasks to queue
[2024-03-12T21:23:02.635-0400] {logging_mixin.py:188} INFO - [2024-03-12T21:23:02.634-0400] {dagbag.py:540} INFO - Filling up the DagBag from /home/ironbong_jr/mlops/project/project/lib/python3.10/site-packages/airflow/example_dags/example_task_group.py
[2024-03-12T21:23:02.655-0400] {processor.py:840} INFO - DAG(s) 'example_task_group' retrieved from /home/ironbong_jr/mlops/project/project/lib/python3.10/site-packages/airflow/example_dags/example_task_group.py
[2024-03-12T21:23:02.684-0400] {logging_mixin.py:188} INFO - [2024-03-12T21:23:02.684-0400] {dag.py:3047} INFO - Sync 1 DAGs
[2024-03-12T21:23:02.718-0400] {logging_mixin.py:188} INFO - [2024-03-12T21:23:02.718-0400] {dag.py:3834} INFO - Setting next_dagrun for example_task_group to 2024-03-12 00:00:00+00:00, run_after=2024-03-13 00:00:00+00:00
[2024-03-12T21:23:03.003-0400] {processor.py:183} INFO - Processing /home/ironbong_jr/mlops/project/project/lib/python3.10/site-packages/airflow/example_dags/example_task_group.py took 0.430 seconds
[2024-03-12T21:26:27.540-0400] {processor.py:161} INFO - Started process (PID=408234) to work on /home/ironbong_jr/mlops/project/project/lib/python3.10/site-packages/airflow/example_dags/example_task_group.py
[2024-03-12T21:26:27.597-0400] {processor.py:830} INFO - Processing file /home/ironbong_jr/mlops/project/project/lib/python3.10/site-packages/airflow/example_dags/example_task_group.py for tasks to queue
[2024-03-12T21:26:27.600-0400] {logging_mixin.py:188} INFO - [2024-03-12T21:26:27.599-0400] {dagbag.py:540} INFO - Filling up the DagBag from /home/ironbong_jr/mlops/project/project/lib/python3.10/site-packages/airflow/example_dags/example_task_group.py
[2024-03-12T21:26:27.623-0400] {processor.py:840} INFO - DAG(s) 'example_task_group' retrieved from /home/ironbong_jr/mlops/project/project/lib/python3.10/site-packages/airflow/example_dags/example_task_group.py
[2024-03-12T21:26:27.686-0400] {logging_mixin.py:188} INFO - [2024-03-12T21:26:27.682-0400] {dag.py:3047} INFO - Sync 1 DAGs
[2024-03-12T21:26:27.762-0400] {logging_mixin.py:188} INFO - [2024-03-12T21:26:27.762-0400] {dag.py:3834} INFO - Setting next_dagrun for example_task_group to 2024-03-12 00:00:00+00:00, run_after=2024-03-13 00:00:00+00:00
[2024-03-12T21:26:27.863-0400] {processor.py:183} INFO - Processing /home/ironbong_jr/mlops/project/project/lib/python3.10/site-packages/airflow/example_dags/example_task_group.py took 0.339 seconds
[2024-03-12T21:27:40.562-0400] {processor.py:161} INFO - Started process (PID=408559) to work on /home/ironbong_jr/mlops/project/project/lib/python3.10/site-packages/airflow/example_dags/example_task_group.py
[2024-03-12T21:27:40.608-0400] {processor.py:830} INFO - Processing file /home/ironbong_jr/mlops/project/project/lib/python3.10/site-packages/airflow/example_dags/example_task_group.py for tasks to queue
[2024-03-12T21:27:40.611-0400] {logging_mixin.py:188} INFO - [2024-03-12T21:27:40.610-0400] {dagbag.py:540} INFO - Filling up the DagBag from /home/ironbong_jr/mlops/project/project/lib/python3.10/site-packages/airflow/example_dags/example_task_group.py
[2024-03-12T21:27:40.629-0400] {processor.py:840} INFO - DAG(s) 'example_task_group' retrieved from /home/ironbong_jr/mlops/project/project/lib/python3.10/site-packages/airflow/example_dags/example_task_group.py
[2024-03-12T21:27:40.661-0400] {logging_mixin.py:188} INFO - [2024-03-12T21:27:40.661-0400] {dag.py:3047} INFO - Sync 1 DAGs
[2024-03-12T21:27:40.712-0400] {logging_mixin.py:188} INFO - [2024-03-12T21:27:40.711-0400] {dag.py:3834} INFO - Setting next_dagrun for example_task_group to 2024-03-12 00:00:00+00:00, run_after=2024-03-13 00:00:00+00:00
[2024-03-12T21:27:40.759-0400] {processor.py:183} INFO - Processing /home/ironbong_jr/mlops/project/project/lib/python3.10/site-packages/airflow/example_dags/example_task_group.py took 0.214 seconds
[2024-03-12T21:29:18.981-0400] {processor.py:161} INFO - Started process (PID=409028) to work on /home/ironbong_jr/mlops/project/project/lib/python3.10/site-packages/airflow/example_dags/example_task_group.py
[2024-03-12T21:29:19.032-0400] {processor.py:830} INFO - Processing file /home/ironbong_jr/mlops/project/project/lib/python3.10/site-packages/airflow/example_dags/example_task_group.py for tasks to queue
[2024-03-12T21:29:19.036-0400] {logging_mixin.py:188} INFO - [2024-03-12T21:29:19.034-0400] {dagbag.py:540} INFO - Filling up the DagBag from /home/ironbong_jr/mlops/project/project/lib/python3.10/site-packages/airflow/example_dags/example_task_group.py
[2024-03-12T21:29:19.067-0400] {processor.py:840} INFO - DAG(s) 'example_task_group' retrieved from /home/ironbong_jr/mlops/project/project/lib/python3.10/site-packages/airflow/example_dags/example_task_group.py
[2024-03-12T21:29:19.115-0400] {logging_mixin.py:188} INFO - [2024-03-12T21:29:19.114-0400] {dag.py:3047} INFO - Sync 1 DAGs
[2024-03-12T21:29:19.158-0400] {logging_mixin.py:188} INFO - [2024-03-12T21:29:19.157-0400] {dag.py:3834} INFO - Setting next_dagrun for example_task_group to 2024-03-12 00:00:00+00:00, run_after=2024-03-13 00:00:00+00:00
[2024-03-12T21:29:19.256-0400] {processor.py:183} INFO - Processing /home/ironbong_jr/mlops/project/project/lib/python3.10/site-packages/airflow/example_dags/example_task_group.py took 0.285 seconds
[2024-03-12T21:30:48.034-0400] {processor.py:161} INFO - Started process (PID=409472) to work on /home/ironbong_jr/mlops/project/project/lib/python3.10/site-packages/airflow/example_dags/example_task_group.py
[2024-03-12T21:30:48.081-0400] {processor.py:830} INFO - Processing file /home/ironbong_jr/mlops/project/project/lib/python3.10/site-packages/airflow/example_dags/example_task_group.py for tasks to queue
[2024-03-12T21:30:48.084-0400] {logging_mixin.py:188} INFO - [2024-03-12T21:30:48.083-0400] {dagbag.py:540} INFO - Filling up the DagBag from /home/ironbong_jr/mlops/project/project/lib/python3.10/site-packages/airflow/example_dags/example_task_group.py
[2024-03-12T21:30:48.103-0400] {processor.py:840} INFO - DAG(s) 'example_task_group' retrieved from /home/ironbong_jr/mlops/project/project/lib/python3.10/site-packages/airflow/example_dags/example_task_group.py
[2024-03-12T21:30:48.136-0400] {logging_mixin.py:188} INFO - [2024-03-12T21:30:48.135-0400] {dag.py:3047} INFO - Sync 1 DAGs
[2024-03-12T21:30:48.172-0400] {logging_mixin.py:188} INFO - [2024-03-12T21:30:48.172-0400] {dag.py:3834} INFO - Setting next_dagrun for example_task_group to 2024-03-12 00:00:00+00:00, run_after=2024-03-13 00:00:00+00:00
[2024-03-12T21:30:48.290-0400] {processor.py:183} INFO - Processing /home/ironbong_jr/mlops/project/project/lib/python3.10/site-packages/airflow/example_dags/example_task_group.py took 0.264 seconds
[2024-03-12T21:32:27.499-0400] {processor.py:161} INFO - Started process (PID=409958) to work on /home/ironbong_jr/mlops/project/project/lib/python3.10/site-packages/airflow/example_dags/example_task_group.py
[2024-03-12T21:32:27.545-0400] {processor.py:830} INFO - Processing file /home/ironbong_jr/mlops/project/project/lib/python3.10/site-packages/airflow/example_dags/example_task_group.py for tasks to queue
[2024-03-12T21:32:27.547-0400] {logging_mixin.py:188} INFO - [2024-03-12T21:32:27.547-0400] {dagbag.py:540} INFO - Filling up the DagBag from /home/ironbong_jr/mlops/project/project/lib/python3.10/site-packages/airflow/example_dags/example_task_group.py
[2024-03-12T21:32:27.565-0400] {processor.py:840} INFO - DAG(s) 'example_task_group' retrieved from /home/ironbong_jr/mlops/project/project/lib/python3.10/site-packages/airflow/example_dags/example_task_group.py
[2024-03-12T21:32:27.596-0400] {logging_mixin.py:188} INFO - [2024-03-12T21:32:27.595-0400] {dag.py:3047} INFO - Sync 1 DAGs
[2024-03-12T21:32:27.675-0400] {logging_mixin.py:188} INFO - [2024-03-12T21:32:27.674-0400] {dag.py:3834} INFO - Setting next_dagrun for example_task_group to 2024-03-12 00:00:00+00:00, run_after=2024-03-13 00:00:00+00:00
[2024-03-12T21:32:27.787-0400] {processor.py:183} INFO - Processing /home/ironbong_jr/mlops/project/project/lib/python3.10/site-packages/airflow/example_dags/example_task_group.py took 0.294 seconds
[2024-03-12T21:34:07.389-0400] {processor.py:161} INFO - Started process (PID=410500) to work on /home/ironbong_jr/mlops/project/project/lib/python3.10/site-packages/airflow/example_dags/example_task_group.py
[2024-03-12T21:34:07.435-0400] {processor.py:830} INFO - Processing file /home/ironbong_jr/mlops/project/project/lib/python3.10/site-packages/airflow/example_dags/example_task_group.py for tasks to queue
[2024-03-12T21:34:07.438-0400] {logging_mixin.py:188} INFO - [2024-03-12T21:34:07.437-0400] {dagbag.py:540} INFO - Filling up the DagBag from /home/ironbong_jr/mlops/project/project/lib/python3.10/site-packages/airflow/example_dags/example_task_group.py
[2024-03-12T21:34:07.456-0400] {processor.py:840} INFO - DAG(s) 'example_task_group' retrieved from /home/ironbong_jr/mlops/project/project/lib/python3.10/site-packages/airflow/example_dags/example_task_group.py
[2024-03-12T21:34:07.489-0400] {logging_mixin.py:188} INFO - [2024-03-12T21:34:07.488-0400] {dag.py:3047} INFO - Sync 1 DAGs
[2024-03-12T21:34:07.524-0400] {logging_mixin.py:188} INFO - [2024-03-12T21:34:07.523-0400] {dag.py:3834} INFO - Setting next_dagrun for example_task_group to 2024-03-12 00:00:00+00:00, run_after=2024-03-13 00:00:00+00:00
[2024-03-12T21:34:07.667-0400] {processor.py:183} INFO - Processing /home/ironbong_jr/mlops/project/project/lib/python3.10/site-packages/airflow/example_dags/example_task_group.py took 0.284 seconds
[2024-03-12T23:25:53.939-0400] {processor.py:161} INFO - Started process (PID=417622) to work on /home/ironbong_jr/mlops/project/project/lib/python3.10/site-packages/airflow/example_dags/example_task_group.py
[2024-03-12T23:25:53.985-0400] {processor.py:830} INFO - Processing file /home/ironbong_jr/mlops/project/project/lib/python3.10/site-packages/airflow/example_dags/example_task_group.py for tasks to queue
[2024-03-12T23:25:53.987-0400] {logging_mixin.py:188} INFO - [2024-03-12T23:25:53.986-0400] {dagbag.py:540} INFO - Filling up the DagBag from /home/ironbong_jr/mlops/project/project/lib/python3.10/site-packages/airflow/example_dags/example_task_group.py
[2024-03-12T23:25:54.022-0400] {processor.py:840} INFO - DAG(s) 'example_task_group' retrieved from /home/ironbong_jr/mlops/project/project/lib/python3.10/site-packages/airflow/example_dags/example_task_group.py
[2024-03-12T23:25:54.229-0400] {logging_mixin.py:188} INFO - [2024-03-12T23:25:54.228-0400] {dag.py:3047} INFO - Sync 1 DAGs
[2024-03-12T23:25:54.426-0400] {logging_mixin.py:188} INFO - [2024-03-12T23:25:54.426-0400] {dag.py:3834} INFO - Setting next_dagrun for example_task_group to 2024-03-12 00:00:00+00:00, run_after=2024-03-13 00:00:00+00:00
[2024-03-12T23:25:54.527-0400] {processor.py:183} INFO - Processing /home/ironbong_jr/mlops/project/project/lib/python3.10/site-packages/airflow/example_dags/example_task_group.py took 0.591 seconds
[2024-03-12T23:29:15.790-0400] {processor.py:161} INFO - Started process (PID=418436) to work on /home/ironbong_jr/mlops/project/project/lib/python3.10/site-packages/airflow/example_dags/example_task_group.py
[2024-03-12T23:29:15.807-0400] {processor.py:830} INFO - Processing file /home/ironbong_jr/mlops/project/project/lib/python3.10/site-packages/airflow/example_dags/example_task_group.py for tasks to queue
[2024-03-12T23:29:15.809-0400] {logging_mixin.py:188} INFO - [2024-03-12T23:29:15.809-0400] {dagbag.py:540} INFO - Filling up the DagBag from /home/ironbong_jr/mlops/project/project/lib/python3.10/site-packages/airflow/example_dags/example_task_group.py
[2024-03-12T23:29:15.829-0400] {processor.py:840} INFO - DAG(s) 'example_task_group' retrieved from /home/ironbong_jr/mlops/project/project/lib/python3.10/site-packages/airflow/example_dags/example_task_group.py
[2024-03-12T23:29:15.899-0400] {logging_mixin.py:188} INFO - [2024-03-12T23:29:15.898-0400] {dag.py:3047} INFO - Sync 1 DAGs
[2024-03-12T23:29:15.938-0400] {logging_mixin.py:188} INFO - [2024-03-12T23:29:15.937-0400] {dag.py:3834} INFO - Setting next_dagrun for example_task_group to 2024-03-12 00:00:00+00:00, run_after=2024-03-13 00:00:00+00:00
[2024-03-12T23:29:16.021-0400] {processor.py:183} INFO - Processing /home/ironbong_jr/mlops/project/project/lib/python3.10/site-packages/airflow/example_dags/example_task_group.py took 0.239 seconds
[2024-03-12T23:30:37.913-0400] {processor.py:161} INFO - Started process (PID=418771) to work on /home/ironbong_jr/mlops/project/project/lib/python3.10/site-packages/airflow/example_dags/example_task_group.py
[2024-03-12T23:30:37.917-0400] {processor.py:830} INFO - Processing file /home/ironbong_jr/mlops/project/project/lib/python3.10/site-packages/airflow/example_dags/example_task_group.py for tasks to queue
[2024-03-12T23:30:37.920-0400] {logging_mixin.py:188} INFO - [2024-03-12T23:30:37.919-0400] {dagbag.py:540} INFO - Filling up the DagBag from /home/ironbong_jr/mlops/project/project/lib/python3.10/site-packages/airflow/example_dags/example_task_group.py
[2024-03-12T23:30:37.943-0400] {processor.py:840} INFO - DAG(s) 'example_task_group' retrieved from /home/ironbong_jr/mlops/project/project/lib/python3.10/site-packages/airflow/example_dags/example_task_group.py
[2024-03-12T23:30:37.984-0400] {logging_mixin.py:188} INFO - [2024-03-12T23:30:37.984-0400] {dag.py:3047} INFO - Sync 1 DAGs
[2024-03-12T23:30:38.024-0400] {logging_mixin.py:188} INFO - [2024-03-12T23:30:38.023-0400] {dag.py:3834} INFO - Setting next_dagrun for example_task_group to 2024-03-12 00:00:00+00:00, run_after=2024-03-13 00:00:00+00:00
[2024-03-12T23:30:38.147-0400] {processor.py:183} INFO - Processing /home/ironbong_jr/mlops/project/project/lib/python3.10/site-packages/airflow/example_dags/example_task_group.py took 0.241 seconds
[2024-03-12T23:40:18.827-0400] {processor.py:161} INFO - Started process (PID=420816) to work on /home/ironbong_jr/mlops/project/project/lib/python3.10/site-packages/airflow/example_dags/example_task_group.py
[2024-03-12T23:40:18.878-0400] {processor.py:830} INFO - Processing file /home/ironbong_jr/mlops/project/project/lib/python3.10/site-packages/airflow/example_dags/example_task_group.py for tasks to queue
[2024-03-12T23:40:18.881-0400] {logging_mixin.py:188} INFO - [2024-03-12T23:40:18.880-0400] {dagbag.py:540} INFO - Filling up the DagBag from /home/ironbong_jr/mlops/project/project/lib/python3.10/site-packages/airflow/example_dags/example_task_group.py
[2024-03-12T23:40:18.907-0400] {processor.py:840} INFO - DAG(s) 'example_task_group' retrieved from /home/ironbong_jr/mlops/project/project/lib/python3.10/site-packages/airflow/example_dags/example_task_group.py
[2024-03-12T23:40:19.140-0400] {logging_mixin.py:188} INFO - [2024-03-12T23:40:19.139-0400] {dag.py:3047} INFO - Sync 1 DAGs
[2024-03-12T23:40:19.388-0400] {logging_mixin.py:188} INFO - [2024-03-12T23:40:19.386-0400] {dag.py:3834} INFO - Setting next_dagrun for example_task_group to 2024-03-12 00:00:00+00:00, run_after=2024-03-13 00:00:00+00:00
[2024-03-12T23:40:19.450-0400] {processor.py:183} INFO - Processing /home/ironbong_jr/mlops/project/project/lib/python3.10/site-packages/airflow/example_dags/example_task_group.py took 0.628 seconds
[2024-03-12T23:43:26.448-0400] {processor.py:161} INFO - Started process (PID=421869) to work on /home/ironbong_jr/mlops/project/project/lib/python3.10/site-packages/airflow/example_dags/example_task_group.py
[2024-03-12T23:43:26.507-0400] {processor.py:830} INFO - Processing file /home/ironbong_jr/mlops/project/project/lib/python3.10/site-packages/airflow/example_dags/example_task_group.py for tasks to queue
[2024-03-12T23:43:26.510-0400] {logging_mixin.py:188} INFO - [2024-03-12T23:43:26.509-0400] {dagbag.py:540} INFO - Filling up the DagBag from /home/ironbong_jr/mlops/project/project/lib/python3.10/site-packages/airflow/example_dags/example_task_group.py
[2024-03-12T23:43:26.530-0400] {processor.py:840} INFO - DAG(s) 'example_task_group' retrieved from /home/ironbong_jr/mlops/project/project/lib/python3.10/site-packages/airflow/example_dags/example_task_group.py
[2024-03-12T23:43:26.555-0400] {logging_mixin.py:188} INFO - [2024-03-12T23:43:26.554-0400] {dag.py:3047} INFO - Sync 1 DAGs
[2024-03-12T23:43:26.592-0400] {logging_mixin.py:188} INFO - [2024-03-12T23:43:26.591-0400] {dag.py:3834} INFO - Setting next_dagrun for example_task_group to 2024-03-12 00:00:00+00:00, run_after=2024-03-13 00:00:00+00:00
[2024-03-12T23:43:26.797-0400] {processor.py:183} INFO - Processing /home/ironbong_jr/mlops/project/project/lib/python3.10/site-packages/airflow/example_dags/example_task_group.py took 0.360 seconds
[2024-03-12T23:45:16.822-0400] {processor.py:161} INFO - Started process (PID=422344) to work on /home/ironbong_jr/mlops/project/project/lib/python3.10/site-packages/airflow/example_dags/example_task_group.py
[2024-03-12T23:45:16.825-0400] {processor.py:830} INFO - Processing file /home/ironbong_jr/mlops/project/project/lib/python3.10/site-packages/airflow/example_dags/example_task_group.py for tasks to queue
[2024-03-12T23:45:16.826-0400] {logging_mixin.py:188} INFO - [2024-03-12T23:45:16.826-0400] {dagbag.py:540} INFO - Filling up the DagBag from /home/ironbong_jr/mlops/project/project/lib/python3.10/site-packages/airflow/example_dags/example_task_group.py
[2024-03-12T23:45:16.840-0400] {processor.py:840} INFO - DAG(s) 'example_task_group' retrieved from /home/ironbong_jr/mlops/project/project/lib/python3.10/site-packages/airflow/example_dags/example_task_group.py
[2024-03-12T23:45:16.866-0400] {logging_mixin.py:188} INFO - [2024-03-12T23:45:16.866-0400] {dag.py:3047} INFO - Sync 1 DAGs
[2024-03-12T23:45:16.900-0400] {logging_mixin.py:188} INFO - [2024-03-12T23:45:16.899-0400] {dag.py:3834} INFO - Setting next_dagrun for example_task_group to 2024-03-12 00:00:00+00:00, run_after=2024-03-13 00:00:00+00:00
[2024-03-12T23:45:16.941-0400] {processor.py:183} INFO - Processing /home/ironbong_jr/mlops/project/project/lib/python3.10/site-packages/airflow/example_dags/example_task_group.py took 0.125 seconds
[2024-03-12T23:46:55.162-0400] {processor.py:161} INFO - Started process (PID=422937) to work on /home/ironbong_jr/mlops/project/project/lib/python3.10/site-packages/airflow/example_dags/example_task_group.py
[2024-03-12T23:46:55.165-0400] {processor.py:830} INFO - Processing file /home/ironbong_jr/mlops/project/project/lib/python3.10/site-packages/airflow/example_dags/example_task_group.py for tasks to queue
[2024-03-12T23:46:55.167-0400] {logging_mixin.py:188} INFO - [2024-03-12T23:46:55.166-0400] {dagbag.py:540} INFO - Filling up the DagBag from /home/ironbong_jr/mlops/project/project/lib/python3.10/site-packages/airflow/example_dags/example_task_group.py
[2024-03-12T23:46:55.183-0400] {processor.py:840} INFO - DAG(s) 'example_task_group' retrieved from /home/ironbong_jr/mlops/project/project/lib/python3.10/site-packages/airflow/example_dags/example_task_group.py
[2024-03-12T23:46:55.241-0400] {logging_mixin.py:188} INFO - [2024-03-12T23:46:55.241-0400] {dag.py:3047} INFO - Sync 1 DAGs
[2024-03-12T23:46:55.281-0400] {logging_mixin.py:188} INFO - [2024-03-12T23:46:55.280-0400] {dag.py:3834} INFO - Setting next_dagrun for example_task_group to 2024-03-12 00:00:00+00:00, run_after=2024-03-13 00:00:00+00:00
[2024-03-12T23:46:55.326-0400] {processor.py:183} INFO - Processing /home/ironbong_jr/mlops/project/project/lib/python3.10/site-packages/airflow/example_dags/example_task_group.py took 0.172 seconds
[2024-03-12T23:48:09.732-0400] {processor.py:161} INFO - Started process (PID=423285) to work on /home/ironbong_jr/mlops/project/project/lib/python3.10/site-packages/airflow/example_dags/example_task_group.py
[2024-03-12T23:48:09.783-0400] {processor.py:830} INFO - Processing file /home/ironbong_jr/mlops/project/project/lib/python3.10/site-packages/airflow/example_dags/example_task_group.py for tasks to queue
[2024-03-12T23:48:09.786-0400] {logging_mixin.py:188} INFO - [2024-03-12T23:48:09.785-0400] {dagbag.py:540} INFO - Filling up the DagBag from /home/ironbong_jr/mlops/project/project/lib/python3.10/site-packages/airflow/example_dags/example_task_group.py
[2024-03-12T23:48:09.804-0400] {processor.py:840} INFO - DAG(s) 'example_task_group' retrieved from /home/ironbong_jr/mlops/project/project/lib/python3.10/site-packages/airflow/example_dags/example_task_group.py
[2024-03-12T23:48:09.849-0400] {logging_mixin.py:188} INFO - [2024-03-12T23:48:09.848-0400] {dag.py:3047} INFO - Sync 1 DAGs
[2024-03-12T23:48:09.893-0400] {logging_mixin.py:188} INFO - [2024-03-12T23:48:09.892-0400] {dag.py:3834} INFO - Setting next_dagrun for example_task_group to 2024-03-12 00:00:00+00:00, run_after=2024-03-13 00:00:00+00:00
[2024-03-12T23:48:09.995-0400] {processor.py:183} INFO - Processing /home/ironbong_jr/mlops/project/project/lib/python3.10/site-packages/airflow/example_dags/example_task_group.py took 0.269 seconds
[2024-03-12T23:49:37.141-0400] {processor.py:161} INFO - Started process (PID=423684) to work on /home/ironbong_jr/mlops/project/project/lib/python3.10/site-packages/airflow/example_dags/example_task_group.py
[2024-03-12T23:49:37.191-0400] {processor.py:830} INFO - Processing file /home/ironbong_jr/mlops/project/project/lib/python3.10/site-packages/airflow/example_dags/example_task_group.py for tasks to queue
[2024-03-12T23:49:37.194-0400] {logging_mixin.py:188} INFO - [2024-03-12T23:49:37.193-0400] {dagbag.py:540} INFO - Filling up the DagBag from /home/ironbong_jr/mlops/project/project/lib/python3.10/site-packages/airflow/example_dags/example_task_group.py
[2024-03-12T23:49:37.216-0400] {processor.py:840} INFO - DAG(s) 'example_task_group' retrieved from /home/ironbong_jr/mlops/project/project/lib/python3.10/site-packages/airflow/example_dags/example_task_group.py
[2024-03-12T23:49:37.269-0400] {logging_mixin.py:188} INFO - [2024-03-12T23:49:37.268-0400] {dag.py:3047} INFO - Sync 1 DAGs
[2024-03-12T23:49:37.329-0400] {logging_mixin.py:188} INFO - [2024-03-12T23:49:37.328-0400] {dag.py:3834} INFO - Setting next_dagrun for example_task_group to 2024-03-12 00:00:00+00:00, run_after=2024-03-13 00:00:00+00:00
[2024-03-12T23:49:37.435-0400] {processor.py:183} INFO - Processing /home/ironbong_jr/mlops/project/project/lib/python3.10/site-packages/airflow/example_dags/example_task_group.py took 0.300 seconds
[2024-03-12T23:51:02.962-0400] {processor.py:161} INFO - Started process (PID=424133) to work on /home/ironbong_jr/mlops/project/project/lib/python3.10/site-packages/airflow/example_dags/example_task_group.py
[2024-03-12T23:51:03.008-0400] {processor.py:830} INFO - Processing file /home/ironbong_jr/mlops/project/project/lib/python3.10/site-packages/airflow/example_dags/example_task_group.py for tasks to queue
[2024-03-12T23:51:03.011-0400] {logging_mixin.py:188} INFO - [2024-03-12T23:51:03.010-0400] {dagbag.py:540} INFO - Filling up the DagBag from /home/ironbong_jr/mlops/project/project/lib/python3.10/site-packages/airflow/example_dags/example_task_group.py
[2024-03-12T23:51:03.031-0400] {processor.py:840} INFO - DAG(s) 'example_task_group' retrieved from /home/ironbong_jr/mlops/project/project/lib/python3.10/site-packages/airflow/example_dags/example_task_group.py
[2024-03-12T23:51:03.079-0400] {logging_mixin.py:188} INFO - [2024-03-12T23:51:03.079-0400] {dag.py:3047} INFO - Sync 1 DAGs
[2024-03-12T23:51:03.126-0400] {logging_mixin.py:188} INFO - [2024-03-12T23:51:03.125-0400] {dag.py:3834} INFO - Setting next_dagrun for example_task_group to 2024-03-12 00:00:00+00:00, run_after=2024-03-13 00:00:00+00:00
[2024-03-12T23:51:03.189-0400] {processor.py:183} INFO - Processing /home/ironbong_jr/mlops/project/project/lib/python3.10/site-packages/airflow/example_dags/example_task_group.py took 0.242 seconds
[2024-03-12T23:52:30.039-0400] {processor.py:161} INFO - Started process (PID=424603) to work on /home/ironbong_jr/mlops/project/project/lib/python3.10/site-packages/airflow/example_dags/example_task_group.py
[2024-03-12T23:52:30.088-0400] {processor.py:830} INFO - Processing file /home/ironbong_jr/mlops/project/project/lib/python3.10/site-packages/airflow/example_dags/example_task_group.py for tasks to queue
[2024-03-12T23:52:30.091-0400] {logging_mixin.py:188} INFO - [2024-03-12T23:52:30.090-0400] {dagbag.py:540} INFO - Filling up the DagBag from /home/ironbong_jr/mlops/project/project/lib/python3.10/site-packages/airflow/example_dags/example_task_group.py
[2024-03-12T23:52:30.105-0400] {processor.py:840} INFO - DAG(s) 'example_task_group' retrieved from /home/ironbong_jr/mlops/project/project/lib/python3.10/site-packages/airflow/example_dags/example_task_group.py
[2024-03-12T23:52:30.130-0400] {logging_mixin.py:188} INFO - [2024-03-12T23:52:30.130-0400] {dag.py:3047} INFO - Sync 1 DAGs
[2024-03-12T23:52:30.169-0400] {logging_mixin.py:188} INFO - [2024-03-12T23:52:30.169-0400] {dag.py:3834} INFO - Setting next_dagrun for example_task_group to 2024-03-12 00:00:00+00:00, run_after=2024-03-13 00:00:00+00:00
[2024-03-12T23:52:30.220-0400] {processor.py:183} INFO - Processing /home/ironbong_jr/mlops/project/project/lib/python3.10/site-packages/airflow/example_dags/example_task_group.py took 0.186 seconds
[2024-03-12T23:54:04.300-0400] {processor.py:161} INFO - Started process (PID=425107) to work on /home/ironbong_jr/mlops/project/project/lib/python3.10/site-packages/airflow/example_dags/example_task_group.py
[2024-03-12T23:54:04.346-0400] {processor.py:830} INFO - Processing file /home/ironbong_jr/mlops/project/project/lib/python3.10/site-packages/airflow/example_dags/example_task_group.py for tasks to queue
[2024-03-12T23:54:04.350-0400] {logging_mixin.py:188} INFO - [2024-03-12T23:54:04.349-0400] {dagbag.py:540} INFO - Filling up the DagBag from /home/ironbong_jr/mlops/project/project/lib/python3.10/site-packages/airflow/example_dags/example_task_group.py
[2024-03-12T23:54:04.367-0400] {processor.py:840} INFO - DAG(s) 'example_task_group' retrieved from /home/ironbong_jr/mlops/project/project/lib/python3.10/site-packages/airflow/example_dags/example_task_group.py
[2024-03-12T23:54:04.392-0400] {logging_mixin.py:188} INFO - [2024-03-12T23:54:04.392-0400] {dag.py:3047} INFO - Sync 1 DAGs
[2024-03-12T23:54:04.428-0400] {logging_mixin.py:188} INFO - [2024-03-12T23:54:04.428-0400] {dag.py:3834} INFO - Setting next_dagrun for example_task_group to 2024-03-12 00:00:00+00:00, run_after=2024-03-13 00:00:00+00:00
[2024-03-12T23:54:04.472-0400] {processor.py:183} INFO - Processing /home/ironbong_jr/mlops/project/project/lib/python3.10/site-packages/airflow/example_dags/example_task_group.py took 0.181 seconds
[2024-03-12T23:55:43.164-0400] {processor.py:161} INFO - Started process (PID=425535) to work on /home/ironbong_jr/mlops/project/project/lib/python3.10/site-packages/airflow/example_dags/example_task_group.py
[2024-03-12T23:55:43.200-0400] {processor.py:830} INFO - Processing file /home/ironbong_jr/mlops/project/project/lib/python3.10/site-packages/airflow/example_dags/example_task_group.py for tasks to queue
[2024-03-12T23:55:43.203-0400] {logging_mixin.py:188} INFO - [2024-03-12T23:55:43.202-0400] {dagbag.py:540} INFO - Filling up the DagBag from /home/ironbong_jr/mlops/project/project/lib/python3.10/site-packages/airflow/example_dags/example_task_group.py
[2024-03-12T23:55:43.222-0400] {processor.py:840} INFO - DAG(s) 'example_task_group' retrieved from /home/ironbong_jr/mlops/project/project/lib/python3.10/site-packages/airflow/example_dags/example_task_group.py
[2024-03-12T23:55:43.251-0400] {logging_mixin.py:188} INFO - [2024-03-12T23:55:43.251-0400] {dag.py:3047} INFO - Sync 1 DAGs
[2024-03-12T23:55:43.280-0400] {logging_mixin.py:188} INFO - [2024-03-12T23:55:43.280-0400] {dag.py:3834} INFO - Setting next_dagrun for example_task_group to 2024-03-12 00:00:00+00:00, run_after=2024-03-13 00:00:00+00:00
[2024-03-12T23:55:43.325-0400] {processor.py:183} INFO - Processing /home/ironbong_jr/mlops/project/project/lib/python3.10/site-packages/airflow/example_dags/example_task_group.py took 0.172 seconds
[2024-03-13T00:28:49.478-0400] {processor.py:161} INFO - Started process (PID=432510) to work on /home/ironbong_jr/mlops/project/project/lib/python3.10/site-packages/airflow/example_dags/example_task_group.py
[2024-03-13T00:28:49.481-0400] {processor.py:830} INFO - Processing file /home/ironbong_jr/mlops/project/project/lib/python3.10/site-packages/airflow/example_dags/example_task_group.py for tasks to queue
[2024-03-13T00:28:49.484-0400] {logging_mixin.py:188} INFO - [2024-03-13T00:28:49.483-0400] {dagbag.py:540} INFO - Filling up the DagBag from /home/ironbong_jr/mlops/project/project/lib/python3.10/site-packages/airflow/example_dags/example_task_group.py
[2024-03-13T00:28:49.506-0400] {processor.py:840} INFO - DAG(s) 'example_task_group' retrieved from /home/ironbong_jr/mlops/project/project/lib/python3.10/site-packages/airflow/example_dags/example_task_group.py
[2024-03-13T00:28:49.715-0400] {logging_mixin.py:188} INFO - [2024-03-13T00:28:49.714-0400] {dag.py:3047} INFO - Sync 1 DAGs
[2024-03-13T00:28:49.982-0400] {logging_mixin.py:188} INFO - [2024-03-13T00:28:49.981-0400] {dag.py:3834} INFO - Setting next_dagrun for example_task_group to 2024-03-12 00:00:00+00:00, run_after=2024-03-13 00:00:00+00:00
[2024-03-13T00:28:50.101-0400] {processor.py:183} INFO - Processing /home/ironbong_jr/mlops/project/project/lib/python3.10/site-packages/airflow/example_dags/example_task_group.py took 0.629 seconds
[2024-03-13T00:31:13.247-0400] {processor.py:161} INFO - Started process (PID=433137) to work on /home/ironbong_jr/mlops/project/project/lib/python3.10/site-packages/airflow/example_dags/example_task_group.py
[2024-03-13T00:31:13.298-0400] {processor.py:830} INFO - Processing file /home/ironbong_jr/mlops/project/project/lib/python3.10/site-packages/airflow/example_dags/example_task_group.py for tasks to queue
[2024-03-13T00:31:13.301-0400] {logging_mixin.py:188} INFO - [2024-03-13T00:31:13.300-0400] {dagbag.py:540} INFO - Filling up the DagBag from /home/ironbong_jr/mlops/project/project/lib/python3.10/site-packages/airflow/example_dags/example_task_group.py
[2024-03-13T00:31:13.334-0400] {processor.py:840} INFO - DAG(s) 'example_task_group' retrieved from /home/ironbong_jr/mlops/project/project/lib/python3.10/site-packages/airflow/example_dags/example_task_group.py
[2024-03-13T00:31:13.380-0400] {logging_mixin.py:188} INFO - [2024-03-13T00:31:13.379-0400] {dag.py:3047} INFO - Sync 1 DAGs
[2024-03-13T00:31:13.451-0400] {logging_mixin.py:188} INFO - [2024-03-13T00:31:13.451-0400] {dag.py:3834} INFO - Setting next_dagrun for example_task_group to 2024-03-12 00:00:00+00:00, run_after=2024-03-13 00:00:00+00:00
[2024-03-13T00:31:13.770-0400] {processor.py:183} INFO - Processing /home/ironbong_jr/mlops/project/project/lib/python3.10/site-packages/airflow/example_dags/example_task_group.py took 0.535 seconds
[2024-03-13T00:35:34.279-0400] {processor.py:161} INFO - Started process (PID=434253) to work on /home/ironbong_jr/mlops/project/project/lib/python3.10/site-packages/airflow/example_dags/example_task_group.py
[2024-03-13T00:35:34.283-0400] {processor.py:830} INFO - Processing file /home/ironbong_jr/mlops/project/project/lib/python3.10/site-packages/airflow/example_dags/example_task_group.py for tasks to queue
[2024-03-13T00:35:34.286-0400] {logging_mixin.py:188} INFO - [2024-03-13T00:35:34.285-0400] {dagbag.py:540} INFO - Filling up the DagBag from /home/ironbong_jr/mlops/project/project/lib/python3.10/site-packages/airflow/example_dags/example_task_group.py
[2024-03-13T00:35:34.300-0400] {processor.py:840} INFO - DAG(s) 'example_task_group' retrieved from /home/ironbong_jr/mlops/project/project/lib/python3.10/site-packages/airflow/example_dags/example_task_group.py
[2024-03-13T00:35:34.341-0400] {logging_mixin.py:188} INFO - [2024-03-13T00:35:34.340-0400] {dag.py:3047} INFO - Sync 1 DAGs
[2024-03-13T00:35:34.371-0400] {logging_mixin.py:188} INFO - [2024-03-13T00:35:34.371-0400] {dag.py:3834} INFO - Setting next_dagrun for example_task_group to 2024-03-12 00:00:00+00:00, run_after=2024-03-13 00:00:00+00:00
[2024-03-13T00:35:34.417-0400] {processor.py:183} INFO - Processing /home/ironbong_jr/mlops/project/project/lib/python3.10/site-packages/airflow/example_dags/example_task_group.py took 0.154 seconds
[2024-03-13T00:36:50.017-0400] {processor.py:161} INFO - Started process (PID=434580) to work on /home/ironbong_jr/mlops/project/project/lib/python3.10/site-packages/airflow/example_dags/example_task_group.py
[2024-03-13T00:36:50.067-0400] {processor.py:830} INFO - Processing file /home/ironbong_jr/mlops/project/project/lib/python3.10/site-packages/airflow/example_dags/example_task_group.py for tasks to queue
[2024-03-13T00:36:50.070-0400] {logging_mixin.py:188} INFO - [2024-03-13T00:36:50.069-0400] {dagbag.py:540} INFO - Filling up the DagBag from /home/ironbong_jr/mlops/project/project/lib/python3.10/site-packages/airflow/example_dags/example_task_group.py
[2024-03-13T00:36:50.093-0400] {processor.py:840} INFO - DAG(s) 'example_task_group' retrieved from /home/ironbong_jr/mlops/project/project/lib/python3.10/site-packages/airflow/example_dags/example_task_group.py
[2024-03-13T00:36:50.139-0400] {logging_mixin.py:188} INFO - [2024-03-13T00:36:50.138-0400] {dag.py:3047} INFO - Sync 1 DAGs
[2024-03-13T00:36:50.173-0400] {logging_mixin.py:188} INFO - [2024-03-13T00:36:50.173-0400] {dag.py:3834} INFO - Setting next_dagrun for example_task_group to 2024-03-12 00:00:00+00:00, run_after=2024-03-13 00:00:00+00:00
[2024-03-13T00:36:50.227-0400] {processor.py:183} INFO - Processing /home/ironbong_jr/mlops/project/project/lib/python3.10/site-packages/airflow/example_dags/example_task_group.py took 0.224 seconds
[2024-03-13T00:39:00.234-0400] {processor.py:161} INFO - Started process (PID=435210) to work on /home/ironbong_jr/mlops/project/project/lib/python3.10/site-packages/airflow/example_dags/example_task_group.py
[2024-03-13T00:39:00.238-0400] {processor.py:830} INFO - Processing file /home/ironbong_jr/mlops/project/project/lib/python3.10/site-packages/airflow/example_dags/example_task_group.py for tasks to queue
[2024-03-13T00:39:00.240-0400] {logging_mixin.py:188} INFO - [2024-03-13T00:39:00.239-0400] {dagbag.py:540} INFO - Filling up the DagBag from /home/ironbong_jr/mlops/project/project/lib/python3.10/site-packages/airflow/example_dags/example_task_group.py
[2024-03-13T00:39:00.255-0400] {processor.py:840} INFO - DAG(s) 'example_task_group' retrieved from /home/ironbong_jr/mlops/project/project/lib/python3.10/site-packages/airflow/example_dags/example_task_group.py
[2024-03-13T00:39:00.301-0400] {logging_mixin.py:188} INFO - [2024-03-13T00:39:00.301-0400] {dag.py:3047} INFO - Sync 1 DAGs
[2024-03-13T00:39:00.342-0400] {logging_mixin.py:188} INFO - [2024-03-13T00:39:00.338-0400] {dag.py:3834} INFO - Setting next_dagrun for example_task_group to 2024-03-12 00:00:00+00:00, run_after=2024-03-13 00:00:00+00:00
[2024-03-13T00:39:00.410-0400] {processor.py:183} INFO - Processing /home/ironbong_jr/mlops/project/project/lib/python3.10/site-packages/airflow/example_dags/example_task_group.py took 0.183 seconds
[2024-03-13T00:40:37.185-0400] {processor.py:161} INFO - Started process (PID=435644) to work on /home/ironbong_jr/mlops/project/project/lib/python3.10/site-packages/airflow/example_dags/example_task_group.py
[2024-03-13T00:40:37.190-0400] {processor.py:830} INFO - Processing file /home/ironbong_jr/mlops/project/project/lib/python3.10/site-packages/airflow/example_dags/example_task_group.py for tasks to queue
[2024-03-13T00:40:37.191-0400] {logging_mixin.py:188} INFO - [2024-03-13T00:40:37.191-0400] {dagbag.py:540} INFO - Filling up the DagBag from /home/ironbong_jr/mlops/project/project/lib/python3.10/site-packages/airflow/example_dags/example_task_group.py
[2024-03-13T00:40:37.206-0400] {processor.py:840} INFO - DAG(s) 'example_task_group' retrieved from /home/ironbong_jr/mlops/project/project/lib/python3.10/site-packages/airflow/example_dags/example_task_group.py
[2024-03-13T00:40:37.236-0400] {logging_mixin.py:188} INFO - [2024-03-13T00:40:37.235-0400] {dag.py:3047} INFO - Sync 1 DAGs
[2024-03-13T00:40:37.267-0400] {logging_mixin.py:188} INFO - [2024-03-13T00:40:37.267-0400] {dag.py:3834} INFO - Setting next_dagrun for example_task_group to 2024-03-12 00:00:00+00:00, run_after=2024-03-13 00:00:00+00:00
[2024-03-13T00:40:37.310-0400] {processor.py:183} INFO - Processing /home/ironbong_jr/mlops/project/project/lib/python3.10/site-packages/airflow/example_dags/example_task_group.py took 0.133 seconds
[2024-03-13T00:43:52.517-0400] {processor.py:161} INFO - Started process (PID=436559) to work on /home/ironbong_jr/mlops/project/project/lib/python3.10/site-packages/airflow/example_dags/example_task_group.py
[2024-03-13T00:43:52.568-0400] {processor.py:830} INFO - Processing file /home/ironbong_jr/mlops/project/project/lib/python3.10/site-packages/airflow/example_dags/example_task_group.py for tasks to queue
[2024-03-13T00:43:52.570-0400] {logging_mixin.py:188} INFO - [2024-03-13T00:43:52.569-0400] {dagbag.py:540} INFO - Filling up the DagBag from /home/ironbong_jr/mlops/project/project/lib/python3.10/site-packages/airflow/example_dags/example_task_group.py
[2024-03-13T00:43:52.581-0400] {processor.py:840} INFO - DAG(s) 'example_task_group' retrieved from /home/ironbong_jr/mlops/project/project/lib/python3.10/site-packages/airflow/example_dags/example_task_group.py
[2024-03-13T00:43:52.610-0400] {logging_mixin.py:188} INFO - [2024-03-13T00:43:52.609-0400] {dag.py:3047} INFO - Sync 1 DAGs
[2024-03-13T00:43:52.643-0400] {logging_mixin.py:188} INFO - [2024-03-13T00:43:52.642-0400] {dag.py:3834} INFO - Setting next_dagrun for example_task_group to 2024-03-12 00:00:00+00:00, run_after=2024-03-13 00:00:00+00:00
[2024-03-13T00:43:52.694-0400] {processor.py:183} INFO - Processing /home/ironbong_jr/mlops/project/project/lib/python3.10/site-packages/airflow/example_dags/example_task_group.py took 0.181 seconds
[2024-03-13T00:44:52.458-0400] {processor.py:161} INFO - Started process (PID=436803) to work on /home/ironbong_jr/mlops/project/project/lib/python3.10/site-packages/airflow/example_dags/example_task_group.py
[2024-03-13T00:44:52.508-0400] {processor.py:830} INFO - Processing file /home/ironbong_jr/mlops/project/project/lib/python3.10/site-packages/airflow/example_dags/example_task_group.py for tasks to queue
[2024-03-13T00:44:52.511-0400] {logging_mixin.py:188} INFO - [2024-03-13T00:44:52.510-0400] {dagbag.py:540} INFO - Filling up the DagBag from /home/ironbong_jr/mlops/project/project/lib/python3.10/site-packages/airflow/example_dags/example_task_group.py
[2024-03-13T00:44:52.524-0400] {processor.py:840} INFO - DAG(s) 'example_task_group' retrieved from /home/ironbong_jr/mlops/project/project/lib/python3.10/site-packages/airflow/example_dags/example_task_group.py
[2024-03-13T00:44:52.566-0400] {logging_mixin.py:188} INFO - [2024-03-13T00:44:52.565-0400] {dag.py:3047} INFO - Sync 1 DAGs
[2024-03-13T00:44:52.597-0400] {logging_mixin.py:188} INFO - [2024-03-13T00:44:52.596-0400] {dag.py:3834} INFO - Setting next_dagrun for example_task_group to 2024-03-12 00:00:00+00:00, run_after=2024-03-13 00:00:00+00:00
[2024-03-13T00:44:52.634-0400] {processor.py:183} INFO - Processing /home/ironbong_jr/mlops/project/project/lib/python3.10/site-packages/airflow/example_dags/example_task_group.py took 0.183 seconds
[2024-03-13T15:49:01.661-0400] {processor.py:161} INFO - Started process (PID=453682) to work on /home/ironbong_jr/mlops/project/project/lib/python3.10/site-packages/airflow/example_dags/example_task_group.py
[2024-03-13T15:49:01.664-0400] {processor.py:830} INFO - Processing file /home/ironbong_jr/mlops/project/project/lib/python3.10/site-packages/airflow/example_dags/example_task_group.py for tasks to queue
[2024-03-13T15:49:01.665-0400] {logging_mixin.py:188} INFO - [2024-03-13T15:49:01.665-0400] {dagbag.py:540} INFO - Filling up the DagBag from /home/ironbong_jr/mlops/project/project/lib/python3.10/site-packages/airflow/example_dags/example_task_group.py
[2024-03-13T15:49:01.673-0400] {processor.py:840} INFO - DAG(s) 'example_task_group' retrieved from /home/ironbong_jr/mlops/project/project/lib/python3.10/site-packages/airflow/example_dags/example_task_group.py
[2024-03-13T15:49:01.678-0400] {logging_mixin.py:188} INFO - [2024-03-13T15:49:01.678-0400] {dag.py:3047} INFO - Sync 1 DAGs
[2024-03-13T15:49:01.691-0400] {logging_mixin.py:188} INFO - [2024-03-13T15:49:01.691-0400] {dag.py:3834} INFO - Setting next_dagrun for example_task_group to 2024-03-12 00:00:00+00:00, run_after=2024-03-13 00:00:00+00:00
[2024-03-13T15:49:01.714-0400] {processor.py:183} INFO - Processing /home/ironbong_jr/mlops/project/project/lib/python3.10/site-packages/airflow/example_dags/example_task_group.py took 0.055 seconds
[2024-03-13T15:50:02.435-0400] {processor.py:161} INFO - Started process (PID=453993) to work on /home/ironbong_jr/mlops/project/project/lib/python3.10/site-packages/airflow/example_dags/example_task_group.py
[2024-03-13T15:50:02.436-0400] {processor.py:830} INFO - Processing file /home/ironbong_jr/mlops/project/project/lib/python3.10/site-packages/airflow/example_dags/example_task_group.py for tasks to queue
[2024-03-13T15:50:02.437-0400] {logging_mixin.py:188} INFO - [2024-03-13T15:50:02.437-0400] {dagbag.py:540} INFO - Filling up the DagBag from /home/ironbong_jr/mlops/project/project/lib/python3.10/site-packages/airflow/example_dags/example_task_group.py
[2024-03-13T15:50:02.442-0400] {processor.py:840} INFO - DAG(s) 'example_task_group' retrieved from /home/ironbong_jr/mlops/project/project/lib/python3.10/site-packages/airflow/example_dags/example_task_group.py
[2024-03-13T15:50:02.584-0400] {logging_mixin.py:188} INFO - [2024-03-13T15:50:02.584-0400] {dag.py:3047} INFO - Sync 1 DAGs
[2024-03-13T15:50:02.599-0400] {logging_mixin.py:188} INFO - [2024-03-13T15:50:02.598-0400] {dag.py:3834} INFO - Setting next_dagrun for example_task_group to 2024-03-12 00:00:00+00:00, run_after=2024-03-13 00:00:00+00:00
[2024-03-13T15:50:02.625-0400] {processor.py:183} INFO - Processing /home/ironbong_jr/mlops/project/project/lib/python3.10/site-packages/airflow/example_dags/example_task_group.py took 0.192 seconds
[2024-03-13T15:51:12.647-0400] {processor.py:161} INFO - Started process (PID=454419) to work on /home/ironbong_jr/mlops/project/project/lib/python3.10/site-packages/airflow/example_dags/example_task_group.py
[2024-03-13T15:51:12.651-0400] {processor.py:830} INFO - Processing file /home/ironbong_jr/mlops/project/project/lib/python3.10/site-packages/airflow/example_dags/example_task_group.py for tasks to queue
[2024-03-13T15:51:12.653-0400] {logging_mixin.py:188} INFO - [2024-03-13T15:51:12.652-0400] {dagbag.py:540} INFO - Filling up the DagBag from /home/ironbong_jr/mlops/project/project/lib/python3.10/site-packages/airflow/example_dags/example_task_group.py
[2024-03-13T15:51:12.659-0400] {processor.py:840} INFO - DAG(s) 'example_task_group' retrieved from /home/ironbong_jr/mlops/project/project/lib/python3.10/site-packages/airflow/example_dags/example_task_group.py
[2024-03-13T15:51:12.677-0400] {logging_mixin.py:188} INFO - [2024-03-13T15:51:12.677-0400] {dag.py:3047} INFO - Sync 1 DAGs
[2024-03-13T15:51:12.789-0400] {logging_mixin.py:188} INFO - [2024-03-13T15:51:12.789-0400] {dag.py:3834} INFO - Setting next_dagrun for example_task_group to 2024-03-12 00:00:00+00:00, run_after=2024-03-13 00:00:00+00:00
[2024-03-13T15:51:12.812-0400] {processor.py:183} INFO - Processing /home/ironbong_jr/mlops/project/project/lib/python3.10/site-packages/airflow/example_dags/example_task_group.py took 0.167 seconds
[2024-03-13T15:52:08.042-0400] {processor.py:161} INFO - Started process (PID=454710) to work on /home/ironbong_jr/mlops/project/project/lib/python3.10/site-packages/airflow/example_dags/example_task_group.py
[2024-03-13T15:52:08.046-0400] {processor.py:830} INFO - Processing file /home/ironbong_jr/mlops/project/project/lib/python3.10/site-packages/airflow/example_dags/example_task_group.py for tasks to queue
[2024-03-13T15:52:08.046-0400] {logging_mixin.py:188} INFO - [2024-03-13T15:52:08.046-0400] {dagbag.py:540} INFO - Filling up the DagBag from /home/ironbong_jr/mlops/project/project/lib/python3.10/site-packages/airflow/example_dags/example_task_group.py
[2024-03-13T15:52:08.051-0400] {processor.py:840} INFO - DAG(s) 'example_task_group' retrieved from /home/ironbong_jr/mlops/project/project/lib/python3.10/site-packages/airflow/example_dags/example_task_group.py
[2024-03-13T15:52:08.061-0400] {logging_mixin.py:188} INFO - [2024-03-13T15:52:08.061-0400] {dag.py:3047} INFO - Sync 1 DAGs
[2024-03-13T15:52:08.075-0400] {logging_mixin.py:188} INFO - [2024-03-13T15:52:08.074-0400] {dag.py:3834} INFO - Setting next_dagrun for example_task_group to 2024-03-12 00:00:00+00:00, run_after=2024-03-13 00:00:00+00:00
[2024-03-13T15:52:08.099-0400] {processor.py:183} INFO - Processing /home/ironbong_jr/mlops/project/project/lib/python3.10/site-packages/airflow/example_dags/example_task_group.py took 0.059 seconds
[2024-03-13T15:53:01.217-0400] {processor.py:161} INFO - Started process (PID=454989) to work on /home/ironbong_jr/mlops/project/project/lib/python3.10/site-packages/airflow/example_dags/example_task_group.py
[2024-03-13T15:53:01.221-0400] {processor.py:830} INFO - Processing file /home/ironbong_jr/mlops/project/project/lib/python3.10/site-packages/airflow/example_dags/example_task_group.py for tasks to queue
[2024-03-13T15:53:01.223-0400] {logging_mixin.py:188} INFO - [2024-03-13T15:53:01.222-0400] {dagbag.py:540} INFO - Filling up the DagBag from /home/ironbong_jr/mlops/project/project/lib/python3.10/site-packages/airflow/example_dags/example_task_group.py
[2024-03-13T15:53:01.229-0400] {processor.py:840} INFO - DAG(s) 'example_task_group' retrieved from /home/ironbong_jr/mlops/project/project/lib/python3.10/site-packages/airflow/example_dags/example_task_group.py
[2024-03-13T15:53:01.239-0400] {logging_mixin.py:188} INFO - [2024-03-13T15:53:01.239-0400] {dag.py:3047} INFO - Sync 1 DAGs
[2024-03-13T15:53:01.253-0400] {logging_mixin.py:188} INFO - [2024-03-13T15:53:01.253-0400] {dag.py:3834} INFO - Setting next_dagrun for example_task_group to 2024-03-12 00:00:00+00:00, run_after=2024-03-13 00:00:00+00:00
[2024-03-13T15:53:01.283-0400] {processor.py:183} INFO - Processing /home/ironbong_jr/mlops/project/project/lib/python3.10/site-packages/airflow/example_dags/example_task_group.py took 0.068 seconds
[2024-03-13T15:53:54.630-0400] {processor.py:161} INFO - Started process (PID=455255) to work on /home/ironbong_jr/mlops/project/project/lib/python3.10/site-packages/airflow/example_dags/example_task_group.py
[2024-03-13T15:53:54.634-0400] {processor.py:830} INFO - Processing file /home/ironbong_jr/mlops/project/project/lib/python3.10/site-packages/airflow/example_dags/example_task_group.py for tasks to queue
[2024-03-13T15:53:54.635-0400] {logging_mixin.py:188} INFO - [2024-03-13T15:53:54.635-0400] {dagbag.py:540} INFO - Filling up the DagBag from /home/ironbong_jr/mlops/project/project/lib/python3.10/site-packages/airflow/example_dags/example_task_group.py
[2024-03-13T15:53:54.640-0400] {processor.py:840} INFO - DAG(s) 'example_task_group' retrieved from /home/ironbong_jr/mlops/project/project/lib/python3.10/site-packages/airflow/example_dags/example_task_group.py
[2024-03-13T15:53:54.650-0400] {logging_mixin.py:188} INFO - [2024-03-13T15:53:54.650-0400] {dag.py:3047} INFO - Sync 1 DAGs
[2024-03-13T15:53:54.662-0400] {logging_mixin.py:188} INFO - [2024-03-13T15:53:54.662-0400] {dag.py:3834} INFO - Setting next_dagrun for example_task_group to 2024-03-12 00:00:00+00:00, run_after=2024-03-13 00:00:00+00:00
[2024-03-13T15:53:54.683-0400] {processor.py:183} INFO - Processing /home/ironbong_jr/mlops/project/project/lib/python3.10/site-packages/airflow/example_dags/example_task_group.py took 0.055 seconds
[2024-03-13T15:54:48.301-0400] {processor.py:161} INFO - Started process (PID=455520) to work on /home/ironbong_jr/mlops/project/project/lib/python3.10/site-packages/airflow/example_dags/example_task_group.py
[2024-03-13T15:54:48.305-0400] {processor.py:830} INFO - Processing file /home/ironbong_jr/mlops/project/project/lib/python3.10/site-packages/airflow/example_dags/example_task_group.py for tasks to queue
[2024-03-13T15:54:48.306-0400] {logging_mixin.py:188} INFO - [2024-03-13T15:54:48.305-0400] {dagbag.py:540} INFO - Filling up the DagBag from /home/ironbong_jr/mlops/project/project/lib/python3.10/site-packages/airflow/example_dags/example_task_group.py
[2024-03-13T15:54:48.311-0400] {processor.py:840} INFO - DAG(s) 'example_task_group' retrieved from /home/ironbong_jr/mlops/project/project/lib/python3.10/site-packages/airflow/example_dags/example_task_group.py
[2024-03-13T15:54:48.321-0400] {logging_mixin.py:188} INFO - [2024-03-13T15:54:48.321-0400] {dag.py:3047} INFO - Sync 1 DAGs
[2024-03-13T15:54:48.333-0400] {logging_mixin.py:188} INFO - [2024-03-13T15:54:48.333-0400] {dag.py:3834} INFO - Setting next_dagrun for example_task_group to 2024-03-12 00:00:00+00:00, run_after=2024-03-13 00:00:00+00:00
[2024-03-13T15:54:48.355-0400] {processor.py:183} INFO - Processing /home/ironbong_jr/mlops/project/project/lib/python3.10/site-packages/airflow/example_dags/example_task_group.py took 0.056 seconds
[2024-03-13T15:55:40.381-0400] {processor.py:161} INFO - Started process (PID=455793) to work on /home/ironbong_jr/mlops/project/project/lib/python3.10/site-packages/airflow/example_dags/example_task_group.py
[2024-03-13T15:55:40.383-0400] {processor.py:830} INFO - Processing file /home/ironbong_jr/mlops/project/project/lib/python3.10/site-packages/airflow/example_dags/example_task_group.py for tasks to queue
[2024-03-13T15:55:40.384-0400] {logging_mixin.py:188} INFO - [2024-03-13T15:55:40.383-0400] {dagbag.py:540} INFO - Filling up the DagBag from /home/ironbong_jr/mlops/project/project/lib/python3.10/site-packages/airflow/example_dags/example_task_group.py
[2024-03-13T15:55:40.389-0400] {processor.py:840} INFO - DAG(s) 'example_task_group' retrieved from /home/ironbong_jr/mlops/project/project/lib/python3.10/site-packages/airflow/example_dags/example_task_group.py
[2024-03-13T15:55:40.400-0400] {logging_mixin.py:188} INFO - [2024-03-13T15:55:40.400-0400] {dag.py:3047} INFO - Sync 1 DAGs
[2024-03-13T15:55:40.414-0400] {logging_mixin.py:188} INFO - [2024-03-13T15:55:40.413-0400] {dag.py:3834} INFO - Setting next_dagrun for example_task_group to 2024-03-12 00:00:00+00:00, run_after=2024-03-13 00:00:00+00:00
[2024-03-13T15:55:40.436-0400] {processor.py:183} INFO - Processing /home/ironbong_jr/mlops/project/project/lib/python3.10/site-packages/airflow/example_dags/example_task_group.py took 0.057 seconds
[2024-03-13T15:56:29.628-0400] {processor.py:161} INFO - Started process (PID=456040) to work on /home/ironbong_jr/mlops/project/project/lib/python3.10/site-packages/airflow/example_dags/example_task_group.py
[2024-03-13T15:56:29.631-0400] {processor.py:830} INFO - Processing file /home/ironbong_jr/mlops/project/project/lib/python3.10/site-packages/airflow/example_dags/example_task_group.py for tasks to queue
[2024-03-13T15:56:29.632-0400] {logging_mixin.py:188} INFO - [2024-03-13T15:56:29.632-0400] {dagbag.py:540} INFO - Filling up the DagBag from /home/ironbong_jr/mlops/project/project/lib/python3.10/site-packages/airflow/example_dags/example_task_group.py
[2024-03-13T15:56:29.638-0400] {processor.py:840} INFO - DAG(s) 'example_task_group' retrieved from /home/ironbong_jr/mlops/project/project/lib/python3.10/site-packages/airflow/example_dags/example_task_group.py
[2024-03-13T15:56:29.647-0400] {logging_mixin.py:188} INFO - [2024-03-13T15:56:29.647-0400] {dag.py:3047} INFO - Sync 1 DAGs
[2024-03-13T15:56:29.660-0400] {logging_mixin.py:188} INFO - [2024-03-13T15:56:29.660-0400] {dag.py:3834} INFO - Setting next_dagrun for example_task_group to 2024-03-12 00:00:00+00:00, run_after=2024-03-13 00:00:00+00:00
[2024-03-13T15:56:29.684-0400] {processor.py:183} INFO - Processing /home/ironbong_jr/mlops/project/project/lib/python3.10/site-packages/airflow/example_dags/example_task_group.py took 0.058 seconds
[2024-03-13T15:57:18.943-0400] {processor.py:161} INFO - Started process (PID=456293) to work on /home/ironbong_jr/mlops/project/project/lib/python3.10/site-packages/airflow/example_dags/example_task_group.py
[2024-03-13T15:57:18.946-0400] {processor.py:830} INFO - Processing file /home/ironbong_jr/mlops/project/project/lib/python3.10/site-packages/airflow/example_dags/example_task_group.py for tasks to queue
[2024-03-13T15:57:18.947-0400] {logging_mixin.py:188} INFO - [2024-03-13T15:57:18.947-0400] {dagbag.py:540} INFO - Filling up the DagBag from /home/ironbong_jr/mlops/project/project/lib/python3.10/site-packages/airflow/example_dags/example_task_group.py
[2024-03-13T15:57:18.952-0400] {processor.py:840} INFO - DAG(s) 'example_task_group' retrieved from /home/ironbong_jr/mlops/project/project/lib/python3.10/site-packages/airflow/example_dags/example_task_group.py
[2024-03-13T15:57:18.962-0400] {logging_mixin.py:188} INFO - [2024-03-13T15:57:18.962-0400] {dag.py:3047} INFO - Sync 1 DAGs
[2024-03-13T15:57:18.973-0400] {logging_mixin.py:188} INFO - [2024-03-13T15:57:18.973-0400] {dag.py:3834} INFO - Setting next_dagrun for example_task_group to 2024-03-12 00:00:00+00:00, run_after=2024-03-13 00:00:00+00:00
[2024-03-13T15:57:18.994-0400] {processor.py:183} INFO - Processing /home/ironbong_jr/mlops/project/project/lib/python3.10/site-packages/airflow/example_dags/example_task_group.py took 0.053 seconds
[2024-03-13T15:58:11.730-0400] {processor.py:161} INFO - Started process (PID=456614) to work on /home/ironbong_jr/mlops/project/project/lib/python3.10/site-packages/airflow/example_dags/example_task_group.py
[2024-03-13T15:58:11.735-0400] {processor.py:830} INFO - Processing file /home/ironbong_jr/mlops/project/project/lib/python3.10/site-packages/airflow/example_dags/example_task_group.py for tasks to queue
[2024-03-13T15:58:11.735-0400] {logging_mixin.py:188} INFO - [2024-03-13T15:58:11.735-0400] {dagbag.py:540} INFO - Filling up the DagBag from /home/ironbong_jr/mlops/project/project/lib/python3.10/site-packages/airflow/example_dags/example_task_group.py
[2024-03-13T15:58:11.741-0400] {processor.py:840} INFO - DAG(s) 'example_task_group' retrieved from /home/ironbong_jr/mlops/project/project/lib/python3.10/site-packages/airflow/example_dags/example_task_group.py
[2024-03-13T15:58:11.752-0400] {logging_mixin.py:188} INFO - [2024-03-13T15:58:11.752-0400] {dag.py:3047} INFO - Sync 1 DAGs
[2024-03-13T15:58:11.767-0400] {logging_mixin.py:188} INFO - [2024-03-13T15:58:11.766-0400] {dag.py:3834} INFO - Setting next_dagrun for example_task_group to 2024-03-12 00:00:00+00:00, run_after=2024-03-13 00:00:00+00:00
[2024-03-13T15:58:11.793-0400] {processor.py:183} INFO - Processing /home/ironbong_jr/mlops/project/project/lib/python3.10/site-packages/airflow/example_dags/example_task_group.py took 0.065 seconds
[2024-03-13T15:59:02.762-0400] {processor.py:161} INFO - Started process (PID=456857) to work on /home/ironbong_jr/mlops/project/project/lib/python3.10/site-packages/airflow/example_dags/example_task_group.py
[2024-03-13T15:59:02.763-0400] {processor.py:830} INFO - Processing file /home/ironbong_jr/mlops/project/project/lib/python3.10/site-packages/airflow/example_dags/example_task_group.py for tasks to queue
[2024-03-13T15:59:02.764-0400] {logging_mixin.py:188} INFO - [2024-03-13T15:59:02.764-0400] {dagbag.py:540} INFO - Filling up the DagBag from /home/ironbong_jr/mlops/project/project/lib/python3.10/site-packages/airflow/example_dags/example_task_group.py
[2024-03-13T15:59:02.769-0400] {processor.py:840} INFO - DAG(s) 'example_task_group' retrieved from /home/ironbong_jr/mlops/project/project/lib/python3.10/site-packages/airflow/example_dags/example_task_group.py
[2024-03-13T15:59:02.780-0400] {logging_mixin.py:188} INFO - [2024-03-13T15:59:02.780-0400] {dag.py:3047} INFO - Sync 1 DAGs
[2024-03-13T15:59:02.793-0400] {logging_mixin.py:188} INFO - [2024-03-13T15:59:02.793-0400] {dag.py:3834} INFO - Setting next_dagrun for example_task_group to 2024-03-12 00:00:00+00:00, run_after=2024-03-13 00:00:00+00:00
[2024-03-13T15:59:02.815-0400] {processor.py:183} INFO - Processing /home/ironbong_jr/mlops/project/project/lib/python3.10/site-packages/airflow/example_dags/example_task_group.py took 0.056 seconds
[2024-03-13T15:59:54.197-0400] {processor.py:161} INFO - Started process (PID=457113) to work on /home/ironbong_jr/mlops/project/project/lib/python3.10/site-packages/airflow/example_dags/example_task_group.py
[2024-03-13T15:59:54.199-0400] {processor.py:830} INFO - Processing file /home/ironbong_jr/mlops/project/project/lib/python3.10/site-packages/airflow/example_dags/example_task_group.py for tasks to queue
[2024-03-13T15:59:54.200-0400] {logging_mixin.py:188} INFO - [2024-03-13T15:59:54.199-0400] {dagbag.py:540} INFO - Filling up the DagBag from /home/ironbong_jr/mlops/project/project/lib/python3.10/site-packages/airflow/example_dags/example_task_group.py
[2024-03-13T15:59:54.206-0400] {processor.py:840} INFO - DAG(s) 'example_task_group' retrieved from /home/ironbong_jr/mlops/project/project/lib/python3.10/site-packages/airflow/example_dags/example_task_group.py
[2024-03-13T15:59:54.216-0400] {logging_mixin.py:188} INFO - [2024-03-13T15:59:54.216-0400] {dag.py:3047} INFO - Sync 1 DAGs
[2024-03-13T15:59:54.244-0400] {logging_mixin.py:188} INFO - [2024-03-13T15:59:54.244-0400] {dag.py:3834} INFO - Setting next_dagrun for example_task_group to 2024-03-12 00:00:00+00:00, run_after=2024-03-13 00:00:00+00:00
[2024-03-13T15:59:54.268-0400] {processor.py:183} INFO - Processing /home/ironbong_jr/mlops/project/project/lib/python3.10/site-packages/airflow/example_dags/example_task_group.py took 0.073 seconds
[2024-03-13T16:00:44.608-0400] {processor.py:161} INFO - Started process (PID=457363) to work on /home/ironbong_jr/mlops/project/project/lib/python3.10/site-packages/airflow/example_dags/example_task_group.py
[2024-03-13T16:00:44.611-0400] {processor.py:830} INFO - Processing file /home/ironbong_jr/mlops/project/project/lib/python3.10/site-packages/airflow/example_dags/example_task_group.py for tasks to queue
[2024-03-13T16:00:44.612-0400] {logging_mixin.py:188} INFO - [2024-03-13T16:00:44.612-0400] {dagbag.py:540} INFO - Filling up the DagBag from /home/ironbong_jr/mlops/project/project/lib/python3.10/site-packages/airflow/example_dags/example_task_group.py
[2024-03-13T16:00:44.618-0400] {processor.py:840} INFO - DAG(s) 'example_task_group' retrieved from /home/ironbong_jr/mlops/project/project/lib/python3.10/site-packages/airflow/example_dags/example_task_group.py
[2024-03-13T16:00:44.628-0400] {logging_mixin.py:188} INFO - [2024-03-13T16:00:44.628-0400] {dag.py:3047} INFO - Sync 1 DAGs
[2024-03-13T16:00:44.639-0400] {logging_mixin.py:188} INFO - [2024-03-13T16:00:44.638-0400] {dag.py:3834} INFO - Setting next_dagrun for example_task_group to 2024-03-12 00:00:00+00:00, run_after=2024-03-13 00:00:00+00:00
[2024-03-13T16:00:44.662-0400] {processor.py:183} INFO - Processing /home/ironbong_jr/mlops/project/project/lib/python3.10/site-packages/airflow/example_dags/example_task_group.py took 0.056 seconds
[2024-03-13T16:01:36.745-0400] {processor.py:161} INFO - Started process (PID=457624) to work on /home/ironbong_jr/mlops/project/project/lib/python3.10/site-packages/airflow/example_dags/example_task_group.py
[2024-03-13T16:01:36.747-0400] {processor.py:830} INFO - Processing file /home/ironbong_jr/mlops/project/project/lib/python3.10/site-packages/airflow/example_dags/example_task_group.py for tasks to queue
[2024-03-13T16:01:36.748-0400] {logging_mixin.py:188} INFO - [2024-03-13T16:01:36.747-0400] {dagbag.py:540} INFO - Filling up the DagBag from /home/ironbong_jr/mlops/project/project/lib/python3.10/site-packages/airflow/example_dags/example_task_group.py
[2024-03-13T16:01:36.756-0400] {processor.py:840} INFO - DAG(s) 'example_task_group' retrieved from /home/ironbong_jr/mlops/project/project/lib/python3.10/site-packages/airflow/example_dags/example_task_group.py
[2024-03-13T16:01:36.770-0400] {logging_mixin.py:188} INFO - [2024-03-13T16:01:36.769-0400] {dag.py:3047} INFO - Sync 1 DAGs
[2024-03-13T16:01:36.799-0400] {logging_mixin.py:188} INFO - [2024-03-13T16:01:36.799-0400] {dag.py:3834} INFO - Setting next_dagrun for example_task_group to 2024-03-12 00:00:00+00:00, run_after=2024-03-13 00:00:00+00:00
[2024-03-13T16:01:36.833-0400] {processor.py:183} INFO - Processing /home/ironbong_jr/mlops/project/project/lib/python3.10/site-packages/airflow/example_dags/example_task_group.py took 0.091 seconds
[2024-03-13T16:02:25.573-0400] {processor.py:161} INFO - Started process (PID=457897) to work on /home/ironbong_jr/mlops/project/project/lib/python3.10/site-packages/airflow/example_dags/example_task_group.py
[2024-03-13T16:02:25.574-0400] {processor.py:830} INFO - Processing file /home/ironbong_jr/mlops/project/project/lib/python3.10/site-packages/airflow/example_dags/example_task_group.py for tasks to queue
[2024-03-13T16:02:25.575-0400] {logging_mixin.py:188} INFO - [2024-03-13T16:02:25.574-0400] {dagbag.py:540} INFO - Filling up the DagBag from /home/ironbong_jr/mlops/project/project/lib/python3.10/site-packages/airflow/example_dags/example_task_group.py
[2024-03-13T16:02:25.580-0400] {processor.py:840} INFO - DAG(s) 'example_task_group' retrieved from /home/ironbong_jr/mlops/project/project/lib/python3.10/site-packages/airflow/example_dags/example_task_group.py
[2024-03-13T16:02:25.592-0400] {logging_mixin.py:188} INFO - [2024-03-13T16:02:25.592-0400] {dag.py:3047} INFO - Sync 1 DAGs
[2024-03-13T16:02:25.606-0400] {logging_mixin.py:188} INFO - [2024-03-13T16:02:25.606-0400] {dag.py:3834} INFO - Setting next_dagrun for example_task_group to 2024-03-12 00:00:00+00:00, run_after=2024-03-13 00:00:00+00:00
[2024-03-13T16:02:25.628-0400] {processor.py:183} INFO - Processing /home/ironbong_jr/mlops/project/project/lib/python3.10/site-packages/airflow/example_dags/example_task_group.py took 0.058 seconds
[2024-03-13T16:03:16.169-0400] {processor.py:161} INFO - Started process (PID=458158) to work on /home/ironbong_jr/mlops/project/project/lib/python3.10/site-packages/airflow/example_dags/example_task_group.py
[2024-03-13T16:03:16.173-0400] {processor.py:830} INFO - Processing file /home/ironbong_jr/mlops/project/project/lib/python3.10/site-packages/airflow/example_dags/example_task_group.py for tasks to queue
[2024-03-13T16:03:16.174-0400] {logging_mixin.py:188} INFO - [2024-03-13T16:03:16.173-0400] {dagbag.py:540} INFO - Filling up the DagBag from /home/ironbong_jr/mlops/project/project/lib/python3.10/site-packages/airflow/example_dags/example_task_group.py
[2024-03-13T16:03:16.179-0400] {processor.py:840} INFO - DAG(s) 'example_task_group' retrieved from /home/ironbong_jr/mlops/project/project/lib/python3.10/site-packages/airflow/example_dags/example_task_group.py
[2024-03-13T16:03:16.189-0400] {logging_mixin.py:188} INFO - [2024-03-13T16:03:16.189-0400] {dag.py:3047} INFO - Sync 1 DAGs
[2024-03-13T16:03:16.200-0400] {logging_mixin.py:188} INFO - [2024-03-13T16:03:16.200-0400] {dag.py:3834} INFO - Setting next_dagrun for example_task_group to 2024-03-12 00:00:00+00:00, run_after=2024-03-13 00:00:00+00:00
[2024-03-13T16:03:16.230-0400] {processor.py:183} INFO - Processing /home/ironbong_jr/mlops/project/project/lib/python3.10/site-packages/airflow/example_dags/example_task_group.py took 0.063 seconds
[2024-03-13T16:04:22.309-0400] {processor.py:161} INFO - Started process (PID=458573) to work on /home/ironbong_jr/mlops/project/project/lib/python3.10/site-packages/airflow/example_dags/example_task_group.py
[2024-03-13T16:04:22.313-0400] {processor.py:830} INFO - Processing file /home/ironbong_jr/mlops/project/project/lib/python3.10/site-packages/airflow/example_dags/example_task_group.py for tasks to queue
[2024-03-13T16:04:22.314-0400] {logging_mixin.py:188} INFO - [2024-03-13T16:04:22.314-0400] {dagbag.py:540} INFO - Filling up the DagBag from /home/ironbong_jr/mlops/project/project/lib/python3.10/site-packages/airflow/example_dags/example_task_group.py
[2024-03-13T16:04:22.320-0400] {processor.py:840} INFO - DAG(s) 'example_task_group' retrieved from /home/ironbong_jr/mlops/project/project/lib/python3.10/site-packages/airflow/example_dags/example_task_group.py
[2024-03-13T16:04:22.332-0400] {logging_mixin.py:188} INFO - [2024-03-13T16:04:22.332-0400] {dag.py:3047} INFO - Sync 1 DAGs
[2024-03-13T16:04:22.346-0400] {logging_mixin.py:188} INFO - [2024-03-13T16:04:22.346-0400] {dag.py:3834} INFO - Setting next_dagrun for example_task_group to 2024-03-12 00:00:00+00:00, run_after=2024-03-13 00:00:00+00:00
[2024-03-13T16:04:22.371-0400] {processor.py:183} INFO - Processing /home/ironbong_jr/mlops/project/project/lib/python3.10/site-packages/airflow/example_dags/example_task_group.py took 0.063 seconds
[2024-03-13T16:05:16.928-0400] {processor.py:161} INFO - Started process (PID=458853) to work on /home/ironbong_jr/mlops/project/project/lib/python3.10/site-packages/airflow/example_dags/example_task_group.py
[2024-03-13T16:05:16.931-0400] {processor.py:830} INFO - Processing file /home/ironbong_jr/mlops/project/project/lib/python3.10/site-packages/airflow/example_dags/example_task_group.py for tasks to queue
[2024-03-13T16:05:16.932-0400] {logging_mixin.py:188} INFO - [2024-03-13T16:05:16.932-0400] {dagbag.py:540} INFO - Filling up the DagBag from /home/ironbong_jr/mlops/project/project/lib/python3.10/site-packages/airflow/example_dags/example_task_group.py
[2024-03-13T16:05:16.938-0400] {processor.py:840} INFO - DAG(s) 'example_task_group' retrieved from /home/ironbong_jr/mlops/project/project/lib/python3.10/site-packages/airflow/example_dags/example_task_group.py
[2024-03-13T16:05:16.949-0400] {logging_mixin.py:188} INFO - [2024-03-13T16:05:16.949-0400] {dag.py:3047} INFO - Sync 1 DAGs
[2024-03-13T16:05:16.960-0400] {logging_mixin.py:188} INFO - [2024-03-13T16:05:16.960-0400] {dag.py:3834} INFO - Setting next_dagrun for example_task_group to 2024-03-12 00:00:00+00:00, run_after=2024-03-13 00:00:00+00:00
[2024-03-13T16:05:16.983-0400] {processor.py:183} INFO - Processing /home/ironbong_jr/mlops/project/project/lib/python3.10/site-packages/airflow/example_dags/example_task_group.py took 0.057 seconds
[2024-03-13T16:06:07.134-0400] {processor.py:161} INFO - Started process (PID=459107) to work on /home/ironbong_jr/mlops/project/project/lib/python3.10/site-packages/airflow/example_dags/example_task_group.py
[2024-03-13T16:06:07.136-0400] {processor.py:830} INFO - Processing file /home/ironbong_jr/mlops/project/project/lib/python3.10/site-packages/airflow/example_dags/example_task_group.py for tasks to queue
[2024-03-13T16:06:07.136-0400] {logging_mixin.py:188} INFO - [2024-03-13T16:06:07.136-0400] {dagbag.py:540} INFO - Filling up the DagBag from /home/ironbong_jr/mlops/project/project/lib/python3.10/site-packages/airflow/example_dags/example_task_group.py
[2024-03-13T16:06:07.142-0400] {processor.py:840} INFO - DAG(s) 'example_task_group' retrieved from /home/ironbong_jr/mlops/project/project/lib/python3.10/site-packages/airflow/example_dags/example_task_group.py
[2024-03-13T16:06:07.152-0400] {logging_mixin.py:188} INFO - [2024-03-13T16:06:07.152-0400] {dag.py:3047} INFO - Sync 1 DAGs
[2024-03-13T16:06:07.165-0400] {logging_mixin.py:188} INFO - [2024-03-13T16:06:07.165-0400] {dag.py:3834} INFO - Setting next_dagrun for example_task_group to 2024-03-12 00:00:00+00:00, run_after=2024-03-13 00:00:00+00:00
[2024-03-13T16:06:07.189-0400] {processor.py:183} INFO - Processing /home/ironbong_jr/mlops/project/project/lib/python3.10/site-packages/airflow/example_dags/example_task_group.py took 0.058 seconds
[2024-03-13T16:06:57.524-0400] {processor.py:161} INFO - Started process (PID=459354) to work on /home/ironbong_jr/mlops/project/project/lib/python3.10/site-packages/airflow/example_dags/example_task_group.py
[2024-03-13T16:06:57.527-0400] {processor.py:830} INFO - Processing file /home/ironbong_jr/mlops/project/project/lib/python3.10/site-packages/airflow/example_dags/example_task_group.py for tasks to queue
[2024-03-13T16:06:57.528-0400] {logging_mixin.py:188} INFO - [2024-03-13T16:06:57.528-0400] {dagbag.py:540} INFO - Filling up the DagBag from /home/ironbong_jr/mlops/project/project/lib/python3.10/site-packages/airflow/example_dags/example_task_group.py
[2024-03-13T16:06:57.535-0400] {processor.py:840} INFO - DAG(s) 'example_task_group' retrieved from /home/ironbong_jr/mlops/project/project/lib/python3.10/site-packages/airflow/example_dags/example_task_group.py
[2024-03-13T16:06:57.548-0400] {logging_mixin.py:188} INFO - [2024-03-13T16:06:57.547-0400] {dag.py:3047} INFO - Sync 1 DAGs
[2024-03-13T16:06:57.563-0400] {logging_mixin.py:188} INFO - [2024-03-13T16:06:57.563-0400] {dag.py:3834} INFO - Setting next_dagrun for example_task_group to 2024-03-12 00:00:00+00:00, run_after=2024-03-13 00:00:00+00:00
[2024-03-13T16:06:57.584-0400] {processor.py:183} INFO - Processing /home/ironbong_jr/mlops/project/project/lib/python3.10/site-packages/airflow/example_dags/example_task_group.py took 0.063 seconds
[2024-03-13T16:07:50.876-0400] {processor.py:161} INFO - Started process (PID=459616) to work on /home/ironbong_jr/mlops/project/project/lib/python3.10/site-packages/airflow/example_dags/example_task_group.py
[2024-03-13T16:07:50.880-0400] {processor.py:830} INFO - Processing file /home/ironbong_jr/mlops/project/project/lib/python3.10/site-packages/airflow/example_dags/example_task_group.py for tasks to queue
[2024-03-13T16:07:50.881-0400] {logging_mixin.py:188} INFO - [2024-03-13T16:07:50.881-0400] {dagbag.py:540} INFO - Filling up the DagBag from /home/ironbong_jr/mlops/project/project/lib/python3.10/site-packages/airflow/example_dags/example_task_group.py
[2024-03-13T16:07:50.890-0400] {processor.py:840} INFO - DAG(s) 'example_task_group' retrieved from /home/ironbong_jr/mlops/project/project/lib/python3.10/site-packages/airflow/example_dags/example_task_group.py
[2024-03-13T16:07:50.906-0400] {logging_mixin.py:188} INFO - [2024-03-13T16:07:50.906-0400] {dag.py:3047} INFO - Sync 1 DAGs
[2024-03-13T16:07:50.921-0400] {logging_mixin.py:188} INFO - [2024-03-13T16:07:50.920-0400] {dag.py:3834} INFO - Setting next_dagrun for example_task_group to 2024-03-12 00:00:00+00:00, run_after=2024-03-13 00:00:00+00:00
[2024-03-13T16:07:50.944-0400] {processor.py:183} INFO - Processing /home/ironbong_jr/mlops/project/project/lib/python3.10/site-packages/airflow/example_dags/example_task_group.py took 0.073 seconds
[2024-03-13T16:08:43.047-0400] {processor.py:161} INFO - Started process (PID=459874) to work on /home/ironbong_jr/mlops/project/project/lib/python3.10/site-packages/airflow/example_dags/example_task_group.py
[2024-03-13T16:08:43.053-0400] {processor.py:830} INFO - Processing file /home/ironbong_jr/mlops/project/project/lib/python3.10/site-packages/airflow/example_dags/example_task_group.py for tasks to queue
[2024-03-13T16:08:43.055-0400] {logging_mixin.py:188} INFO - [2024-03-13T16:08:43.054-0400] {dagbag.py:540} INFO - Filling up the DagBag from /home/ironbong_jr/mlops/project/project/lib/python3.10/site-packages/airflow/example_dags/example_task_group.py
[2024-03-13T16:08:43.070-0400] {processor.py:840} INFO - DAG(s) 'example_task_group' retrieved from /home/ironbong_jr/mlops/project/project/lib/python3.10/site-packages/airflow/example_dags/example_task_group.py
[2024-03-13T16:08:43.102-0400] {logging_mixin.py:188} INFO - [2024-03-13T16:08:43.101-0400] {dag.py:3047} INFO - Sync 1 DAGs
[2024-03-13T16:08:43.140-0400] {logging_mixin.py:188} INFO - [2024-03-13T16:08:43.140-0400] {dag.py:3834} INFO - Setting next_dagrun for example_task_group to 2024-03-12 00:00:00+00:00, run_after=2024-03-13 00:00:00+00:00
[2024-03-13T16:08:43.188-0400] {processor.py:183} INFO - Processing /home/ironbong_jr/mlops/project/project/lib/python3.10/site-packages/airflow/example_dags/example_task_group.py took 0.146 seconds
[2024-03-13T16:09:31.342-0400] {processor.py:161} INFO - Started process (PID=460105) to work on /home/ironbong_jr/mlops/project/project/lib/python3.10/site-packages/airflow/example_dags/example_task_group.py
[2024-03-13T16:09:31.345-0400] {processor.py:830} INFO - Processing file /home/ironbong_jr/mlops/project/project/lib/python3.10/site-packages/airflow/example_dags/example_task_group.py for tasks to queue
[2024-03-13T16:09:31.346-0400] {logging_mixin.py:188} INFO - [2024-03-13T16:09:31.345-0400] {dagbag.py:540} INFO - Filling up the DagBag from /home/ironbong_jr/mlops/project/project/lib/python3.10/site-packages/airflow/example_dags/example_task_group.py
[2024-03-13T16:09:31.351-0400] {processor.py:840} INFO - DAG(s) 'example_task_group' retrieved from /home/ironbong_jr/mlops/project/project/lib/python3.10/site-packages/airflow/example_dags/example_task_group.py
[2024-03-13T16:09:31.361-0400] {logging_mixin.py:188} INFO - [2024-03-13T16:09:31.361-0400] {dag.py:3047} INFO - Sync 1 DAGs
[2024-03-13T16:09:31.373-0400] {logging_mixin.py:188} INFO - [2024-03-13T16:09:31.372-0400] {dag.py:3834} INFO - Setting next_dagrun for example_task_group to 2024-03-12 00:00:00+00:00, run_after=2024-03-13 00:00:00+00:00
[2024-03-13T16:09:31.395-0400] {processor.py:183} INFO - Processing /home/ironbong_jr/mlops/project/project/lib/python3.10/site-packages/airflow/example_dags/example_task_group.py took 0.055 seconds
[2024-03-13T16:10:21.385-0400] {processor.py:161} INFO - Started process (PID=460360) to work on /home/ironbong_jr/mlops/project/project/lib/python3.10/site-packages/airflow/example_dags/example_task_group.py
[2024-03-13T16:10:21.389-0400] {processor.py:830} INFO - Processing file /home/ironbong_jr/mlops/project/project/lib/python3.10/site-packages/airflow/example_dags/example_task_group.py for tasks to queue
[2024-03-13T16:10:21.389-0400] {logging_mixin.py:188} INFO - [2024-03-13T16:10:21.389-0400] {dagbag.py:540} INFO - Filling up the DagBag from /home/ironbong_jr/mlops/project/project/lib/python3.10/site-packages/airflow/example_dags/example_task_group.py
[2024-03-13T16:10:21.394-0400] {processor.py:840} INFO - DAG(s) 'example_task_group' retrieved from /home/ironbong_jr/mlops/project/project/lib/python3.10/site-packages/airflow/example_dags/example_task_group.py
[2024-03-13T16:10:21.404-0400] {logging_mixin.py:188} INFO - [2024-03-13T16:10:21.404-0400] {dag.py:3047} INFO - Sync 1 DAGs
[2024-03-13T16:10:21.416-0400] {logging_mixin.py:188} INFO - [2024-03-13T16:10:21.415-0400] {dag.py:3834} INFO - Setting next_dagrun for example_task_group to 2024-03-12 00:00:00+00:00, run_after=2024-03-13 00:00:00+00:00
[2024-03-13T16:10:21.449-0400] {processor.py:183} INFO - Processing /home/ironbong_jr/mlops/project/project/lib/python3.10/site-packages/airflow/example_dags/example_task_group.py took 0.066 seconds
[2024-03-13T16:11:10.505-0400] {processor.py:161} INFO - Started process (PID=460611) to work on /home/ironbong_jr/mlops/project/project/lib/python3.10/site-packages/airflow/example_dags/example_task_group.py
[2024-03-13T16:11:10.507-0400] {processor.py:830} INFO - Processing file /home/ironbong_jr/mlops/project/project/lib/python3.10/site-packages/airflow/example_dags/example_task_group.py for tasks to queue
[2024-03-13T16:11:10.508-0400] {logging_mixin.py:188} INFO - [2024-03-13T16:11:10.508-0400] {dagbag.py:540} INFO - Filling up the DagBag from /home/ironbong_jr/mlops/project/project/lib/python3.10/site-packages/airflow/example_dags/example_task_group.py
[2024-03-13T16:11:10.513-0400] {processor.py:840} INFO - DAG(s) 'example_task_group' retrieved from /home/ironbong_jr/mlops/project/project/lib/python3.10/site-packages/airflow/example_dags/example_task_group.py
[2024-03-13T16:11:10.524-0400] {logging_mixin.py:188} INFO - [2024-03-13T16:11:10.523-0400] {dag.py:3047} INFO - Sync 1 DAGs
[2024-03-13T16:11:10.536-0400] {logging_mixin.py:188} INFO - [2024-03-13T16:11:10.535-0400] {dag.py:3834} INFO - Setting next_dagrun for example_task_group to 2024-03-12 00:00:00+00:00, run_after=2024-03-13 00:00:00+00:00
[2024-03-13T16:11:10.556-0400] {processor.py:183} INFO - Processing /home/ironbong_jr/mlops/project/project/lib/python3.10/site-packages/airflow/example_dags/example_task_group.py took 0.053 seconds
[2024-03-13T16:11:59.413-0400] {processor.py:161} INFO - Started process (PID=460848) to work on /home/ironbong_jr/mlops/project/project/lib/python3.10/site-packages/airflow/example_dags/example_task_group.py
[2024-03-13T16:11:59.416-0400] {processor.py:830} INFO - Processing file /home/ironbong_jr/mlops/project/project/lib/python3.10/site-packages/airflow/example_dags/example_task_group.py for tasks to queue
[2024-03-13T16:11:59.417-0400] {logging_mixin.py:188} INFO - [2024-03-13T16:11:59.417-0400] {dagbag.py:540} INFO - Filling up the DagBag from /home/ironbong_jr/mlops/project/project/lib/python3.10/site-packages/airflow/example_dags/example_task_group.py
[2024-03-13T16:11:59.422-0400] {processor.py:840} INFO - DAG(s) 'example_task_group' retrieved from /home/ironbong_jr/mlops/project/project/lib/python3.10/site-packages/airflow/example_dags/example_task_group.py
[2024-03-13T16:11:59.433-0400] {logging_mixin.py:188} INFO - [2024-03-13T16:11:59.433-0400] {dag.py:3047} INFO - Sync 1 DAGs
[2024-03-13T16:11:59.445-0400] {logging_mixin.py:188} INFO - [2024-03-13T16:11:59.444-0400] {dag.py:3834} INFO - Setting next_dagrun for example_task_group to 2024-03-12 00:00:00+00:00, run_after=2024-03-13 00:00:00+00:00
[2024-03-13T16:11:59.468-0400] {processor.py:183} INFO - Processing /home/ironbong_jr/mlops/project/project/lib/python3.10/site-packages/airflow/example_dags/example_task_group.py took 0.058 seconds
[2024-03-13T16:12:50.764-0400] {processor.py:161} INFO - Started process (PID=461099) to work on /home/ironbong_jr/mlops/project/project/lib/python3.10/site-packages/airflow/example_dags/example_task_group.py
[2024-03-13T16:12:50.765-0400] {processor.py:830} INFO - Processing file /home/ironbong_jr/mlops/project/project/lib/python3.10/site-packages/airflow/example_dags/example_task_group.py for tasks to queue
[2024-03-13T16:12:50.766-0400] {logging_mixin.py:188} INFO - [2024-03-13T16:12:50.766-0400] {dagbag.py:540} INFO - Filling up the DagBag from /home/ironbong_jr/mlops/project/project/lib/python3.10/site-packages/airflow/example_dags/example_task_group.py
[2024-03-13T16:12:50.771-0400] {processor.py:840} INFO - DAG(s) 'example_task_group' retrieved from /home/ironbong_jr/mlops/project/project/lib/python3.10/site-packages/airflow/example_dags/example_task_group.py
[2024-03-13T16:12:50.785-0400] {logging_mixin.py:188} INFO - [2024-03-13T16:12:50.785-0400] {dag.py:3047} INFO - Sync 1 DAGs
[2024-03-13T16:12:50.800-0400] {logging_mixin.py:188} INFO - [2024-03-13T16:12:50.800-0400] {dag.py:3834} INFO - Setting next_dagrun for example_task_group to 2024-03-12 00:00:00+00:00, run_after=2024-03-13 00:00:00+00:00
[2024-03-13T16:12:50.828-0400] {processor.py:183} INFO - Processing /home/ironbong_jr/mlops/project/project/lib/python3.10/site-packages/airflow/example_dags/example_task_group.py took 0.067 seconds
