[2024-03-12T21:21:54.684-0400] {processor.py:161} INFO - Started process (PID=407007) to work on /home/ironbong_jr/mlops/project/project/lib/python3.10/site-packages/airflow/example_dags/example_branch_day_of_week_operator.py
[2024-03-12T21:21:54.686-0400] {processor.py:830} INFO - Processing file /home/ironbong_jr/mlops/project/project/lib/python3.10/site-packages/airflow/example_dags/example_branch_day_of_week_operator.py for tasks to queue
[2024-03-12T21:21:54.688-0400] {logging_mixin.py:188} INFO - [2024-03-12T21:21:54.687-0400] {dagbag.py:540} INFO - Filling up the DagBag from /home/ironbong_jr/mlops/project/project/lib/python3.10/site-packages/airflow/example_dags/example_branch_day_of_week_operator.py
[2024-03-12T21:21:54.712-0400] {processor.py:840} INFO - DAG(s) 'example_weekday_branch_operator' retrieved from /home/ironbong_jr/mlops/project/project/lib/python3.10/site-packages/airflow/example_dags/example_branch_day_of_week_operator.py
[2024-03-12T21:21:55.126-0400] {logging_mixin.py:188} INFO - [2024-03-12T21:21:55.126-0400] {dag.py:3047} INFO - Sync 1 DAGs
[2024-03-12T21:21:55.153-0400] {logging_mixin.py:188} INFO - [2024-03-12T21:21:55.152-0400] {dag.py:3834} INFO - Setting next_dagrun for example_weekday_branch_operator to 2024-03-12 00:00:00+00:00, run_after=2024-03-13 00:00:00+00:00
[2024-03-12T21:21:55.246-0400] {processor.py:183} INFO - Processing /home/ironbong_jr/mlops/project/project/lib/python3.10/site-packages/airflow/example_dags/example_branch_day_of_week_operator.py took 0.568 seconds
[2024-03-12T21:23:19.621-0400] {processor.py:161} INFO - Started process (PID=407385) to work on /home/ironbong_jr/mlops/project/project/lib/python3.10/site-packages/airflow/example_dags/example_branch_day_of_week_operator.py
[2024-03-12T21:23:19.672-0400] {processor.py:830} INFO - Processing file /home/ironbong_jr/mlops/project/project/lib/python3.10/site-packages/airflow/example_dags/example_branch_day_of_week_operator.py for tasks to queue
[2024-03-12T21:23:19.675-0400] {logging_mixin.py:188} INFO - [2024-03-12T21:23:19.674-0400] {dagbag.py:540} INFO - Filling up the DagBag from /home/ironbong_jr/mlops/project/project/lib/python3.10/site-packages/airflow/example_dags/example_branch_day_of_week_operator.py
[2024-03-12T21:23:19.693-0400] {processor.py:840} INFO - DAG(s) 'example_weekday_branch_operator' retrieved from /home/ironbong_jr/mlops/project/project/lib/python3.10/site-packages/airflow/example_dags/example_branch_day_of_week_operator.py
[2024-03-12T21:23:19.723-0400] {logging_mixin.py:188} INFO - [2024-03-12T21:23:19.722-0400] {dag.py:3047} INFO - Sync 1 DAGs
[2024-03-12T21:23:19.924-0400] {logging_mixin.py:188} INFO - [2024-03-12T21:23:19.923-0400] {dag.py:3834} INFO - Setting next_dagrun for example_weekday_branch_operator to 2024-03-12 00:00:00+00:00, run_after=2024-03-13 00:00:00+00:00
[2024-03-12T21:23:20.017-0400] {processor.py:183} INFO - Processing /home/ironbong_jr/mlops/project/project/lib/python3.10/site-packages/airflow/example_dags/example_branch_day_of_week_operator.py took 0.403 seconds
[2024-03-12T21:26:43.001-0400] {processor.py:161} INFO - Started process (PID=408290) to work on /home/ironbong_jr/mlops/project/project/lib/python3.10/site-packages/airflow/example_dags/example_branch_day_of_week_operator.py
[2024-03-12T21:26:43.006-0400] {processor.py:830} INFO - Processing file /home/ironbong_jr/mlops/project/project/lib/python3.10/site-packages/airflow/example_dags/example_branch_day_of_week_operator.py for tasks to queue
[2024-03-12T21:26:43.009-0400] {logging_mixin.py:188} INFO - [2024-03-12T21:26:43.008-0400] {dagbag.py:540} INFO - Filling up the DagBag from /home/ironbong_jr/mlops/project/project/lib/python3.10/site-packages/airflow/example_dags/example_branch_day_of_week_operator.py
[2024-03-12T21:26:43.028-0400] {processor.py:840} INFO - DAG(s) 'example_weekday_branch_operator' retrieved from /home/ironbong_jr/mlops/project/project/lib/python3.10/site-packages/airflow/example_dags/example_branch_day_of_week_operator.py
[2024-03-12T21:26:43.059-0400] {logging_mixin.py:188} INFO - [2024-03-12T21:26:43.058-0400] {dag.py:3047} INFO - Sync 1 DAGs
[2024-03-12T21:26:43.092-0400] {logging_mixin.py:188} INFO - [2024-03-12T21:26:43.092-0400] {dag.py:3834} INFO - Setting next_dagrun for example_weekday_branch_operator to 2024-03-12 00:00:00+00:00, run_after=2024-03-13 00:00:00+00:00
[2024-03-12T21:26:43.144-0400] {processor.py:183} INFO - Processing /home/ironbong_jr/mlops/project/project/lib/python3.10/site-packages/airflow/example_dags/example_branch_day_of_week_operator.py took 0.152 seconds
[2024-03-12T21:28:22.318-0400] {processor.py:161} INFO - Started process (PID=408777) to work on /home/ironbong_jr/mlops/project/project/lib/python3.10/site-packages/airflow/example_dags/example_branch_day_of_week_operator.py
[2024-03-12T21:28:22.367-0400] {processor.py:830} INFO - Processing file /home/ironbong_jr/mlops/project/project/lib/python3.10/site-packages/airflow/example_dags/example_branch_day_of_week_operator.py for tasks to queue
[2024-03-12T21:28:22.370-0400] {logging_mixin.py:188} INFO - [2024-03-12T21:28:22.369-0400] {dagbag.py:540} INFO - Filling up the DagBag from /home/ironbong_jr/mlops/project/project/lib/python3.10/site-packages/airflow/example_dags/example_branch_day_of_week_operator.py
[2024-03-12T21:28:22.390-0400] {processor.py:840} INFO - DAG(s) 'example_weekday_branch_operator' retrieved from /home/ironbong_jr/mlops/project/project/lib/python3.10/site-packages/airflow/example_dags/example_branch_day_of_week_operator.py
[2024-03-12T21:28:22.423-0400] {logging_mixin.py:188} INFO - [2024-03-12T21:28:22.422-0400] {dag.py:3047} INFO - Sync 1 DAGs
[2024-03-12T21:28:22.458-0400] {logging_mixin.py:188} INFO - [2024-03-12T21:28:22.457-0400] {dag.py:3834} INFO - Setting next_dagrun for example_weekday_branch_operator to 2024-03-12 00:00:00+00:00, run_after=2024-03-13 00:00:00+00:00
[2024-03-12T21:28:22.601-0400] {processor.py:183} INFO - Processing /home/ironbong_jr/mlops/project/project/lib/python3.10/site-packages/airflow/example_dags/example_branch_day_of_week_operator.py took 0.290 seconds
[2024-03-12T21:29:49.659-0400] {processor.py:161} INFO - Started process (PID=409189) to work on /home/ironbong_jr/mlops/project/project/lib/python3.10/site-packages/airflow/example_dags/example_branch_day_of_week_operator.py
[2024-03-12T21:29:49.664-0400] {processor.py:830} INFO - Processing file /home/ironbong_jr/mlops/project/project/lib/python3.10/site-packages/airflow/example_dags/example_branch_day_of_week_operator.py for tasks to queue
[2024-03-12T21:29:49.668-0400] {logging_mixin.py:188} INFO - [2024-03-12T21:29:49.667-0400] {dagbag.py:540} INFO - Filling up the DagBag from /home/ironbong_jr/mlops/project/project/lib/python3.10/site-packages/airflow/example_dags/example_branch_day_of_week_operator.py
[2024-03-12T21:29:49.692-0400] {processor.py:840} INFO - DAG(s) 'example_weekday_branch_operator' retrieved from /home/ironbong_jr/mlops/project/project/lib/python3.10/site-packages/airflow/example_dags/example_branch_day_of_week_operator.py
[2024-03-12T21:29:49.729-0400] {logging_mixin.py:188} INFO - [2024-03-12T21:29:49.728-0400] {dag.py:3047} INFO - Sync 1 DAGs
[2024-03-12T21:29:49.772-0400] {logging_mixin.py:188} INFO - [2024-03-12T21:29:49.772-0400] {dag.py:3834} INFO - Setting next_dagrun for example_weekday_branch_operator to 2024-03-12 00:00:00+00:00, run_after=2024-03-13 00:00:00+00:00
[2024-03-12T21:29:49.873-0400] {processor.py:183} INFO - Processing /home/ironbong_jr/mlops/project/project/lib/python3.10/site-packages/airflow/example_dags/example_branch_day_of_week_operator.py took 0.219 seconds
[2024-03-12T21:31:29.801-0400] {processor.py:161} INFO - Started process (PID=409686) to work on /home/ironbong_jr/mlops/project/project/lib/python3.10/site-packages/airflow/example_dags/example_branch_day_of_week_operator.py
[2024-03-12T21:31:29.805-0400] {processor.py:830} INFO - Processing file /home/ironbong_jr/mlops/project/project/lib/python3.10/site-packages/airflow/example_dags/example_branch_day_of_week_operator.py for tasks to queue
[2024-03-12T21:31:29.807-0400] {logging_mixin.py:188} INFO - [2024-03-12T21:31:29.806-0400] {dagbag.py:540} INFO - Filling up the DagBag from /home/ironbong_jr/mlops/project/project/lib/python3.10/site-packages/airflow/example_dags/example_branch_day_of_week_operator.py
[2024-03-12T21:31:29.825-0400] {processor.py:840} INFO - DAG(s) 'example_weekday_branch_operator' retrieved from /home/ironbong_jr/mlops/project/project/lib/python3.10/site-packages/airflow/example_dags/example_branch_day_of_week_operator.py
[2024-03-12T21:31:29.867-0400] {logging_mixin.py:188} INFO - [2024-03-12T21:31:29.866-0400] {dag.py:3047} INFO - Sync 1 DAGs
[2024-03-12T21:31:29.925-0400] {logging_mixin.py:188} INFO - [2024-03-12T21:31:29.924-0400] {dag.py:3834} INFO - Setting next_dagrun for example_weekday_branch_operator to 2024-03-12 00:00:00+00:00, run_after=2024-03-13 00:00:00+00:00
[2024-03-12T21:31:30.046-0400] {processor.py:183} INFO - Processing /home/ironbong_jr/mlops/project/project/lib/python3.10/site-packages/airflow/example_dags/example_branch_day_of_week_operator.py took 0.256 seconds
[2024-03-12T21:33:11.757-0400] {processor.py:161} INFO - Started process (PID=410247) to work on /home/ironbong_jr/mlops/project/project/lib/python3.10/site-packages/airflow/example_dags/example_branch_day_of_week_operator.py
[2024-03-12T21:33:11.807-0400] {processor.py:830} INFO - Processing file /home/ironbong_jr/mlops/project/project/lib/python3.10/site-packages/airflow/example_dags/example_branch_day_of_week_operator.py for tasks to queue
[2024-03-12T21:33:11.809-0400] {logging_mixin.py:188} INFO - [2024-03-12T21:33:11.808-0400] {dagbag.py:540} INFO - Filling up the DagBag from /home/ironbong_jr/mlops/project/project/lib/python3.10/site-packages/airflow/example_dags/example_branch_day_of_week_operator.py
[2024-03-12T21:33:11.828-0400] {processor.py:840} INFO - DAG(s) 'example_weekday_branch_operator' retrieved from /home/ironbong_jr/mlops/project/project/lib/python3.10/site-packages/airflow/example_dags/example_branch_day_of_week_operator.py
[2024-03-12T21:33:11.860-0400] {logging_mixin.py:188} INFO - [2024-03-12T21:33:11.859-0400] {dag.py:3047} INFO - Sync 1 DAGs
[2024-03-12T21:33:11.900-0400] {logging_mixin.py:188} INFO - [2024-03-12T21:33:11.899-0400] {dag.py:3834} INFO - Setting next_dagrun for example_weekday_branch_operator to 2024-03-12 00:00:00+00:00, run_after=2024-03-13 00:00:00+00:00
[2024-03-12T21:33:12.013-0400] {processor.py:183} INFO - Processing /home/ironbong_jr/mlops/project/project/lib/python3.10/site-packages/airflow/example_dags/example_branch_day_of_week_operator.py took 0.263 seconds
[2024-03-12T21:34:40.118-0400] {processor.py:161} INFO - Started process (PID=410664) to work on /home/ironbong_jr/mlops/project/project/lib/python3.10/site-packages/airflow/example_dags/example_branch_day_of_week_operator.py
[2024-03-12T21:34:40.169-0400] {processor.py:830} INFO - Processing file /home/ironbong_jr/mlops/project/project/lib/python3.10/site-packages/airflow/example_dags/example_branch_day_of_week_operator.py for tasks to queue
[2024-03-12T21:34:40.172-0400] {logging_mixin.py:188} INFO - [2024-03-12T21:34:40.171-0400] {dagbag.py:540} INFO - Filling up the DagBag from /home/ironbong_jr/mlops/project/project/lib/python3.10/site-packages/airflow/example_dags/example_branch_day_of_week_operator.py
[2024-03-12T21:34:40.192-0400] {processor.py:840} INFO - DAG(s) 'example_weekday_branch_operator' retrieved from /home/ironbong_jr/mlops/project/project/lib/python3.10/site-packages/airflow/example_dags/example_branch_day_of_week_operator.py
[2024-03-12T21:34:40.222-0400] {logging_mixin.py:188} INFO - [2024-03-12T21:34:40.222-0400] {dag.py:3047} INFO - Sync 1 DAGs
[2024-03-12T21:34:40.258-0400] {logging_mixin.py:188} INFO - [2024-03-12T21:34:40.258-0400] {dag.py:3834} INFO - Setting next_dagrun for example_weekday_branch_operator to 2024-03-12 00:00:00+00:00, run_after=2024-03-13 00:00:00+00:00
[2024-03-12T21:34:40.379-0400] {processor.py:183} INFO - Processing /home/ironbong_jr/mlops/project/project/lib/python3.10/site-packages/airflow/example_dags/example_branch_day_of_week_operator.py took 0.271 seconds
[2024-03-12T23:26:14.100-0400] {processor.py:161} INFO - Started process (PID=417701) to work on /home/ironbong_jr/mlops/project/project/lib/python3.10/site-packages/airflow/example_dags/example_branch_day_of_week_operator.py
[2024-03-12T23:26:14.102-0400] {processor.py:830} INFO - Processing file /home/ironbong_jr/mlops/project/project/lib/python3.10/site-packages/airflow/example_dags/example_branch_day_of_week_operator.py for tasks to queue
[2024-03-12T23:26:14.105-0400] {logging_mixin.py:188} INFO - [2024-03-12T23:26:14.103-0400] {dagbag.py:540} INFO - Filling up the DagBag from /home/ironbong_jr/mlops/project/project/lib/python3.10/site-packages/airflow/example_dags/example_branch_day_of_week_operator.py
[2024-03-12T23:26:14.126-0400] {processor.py:840} INFO - DAG(s) 'example_weekday_branch_operator' retrieved from /home/ironbong_jr/mlops/project/project/lib/python3.10/site-packages/airflow/example_dags/example_branch_day_of_week_operator.py
[2024-03-12T23:26:14.467-0400] {logging_mixin.py:188} INFO - [2024-03-12T23:26:14.466-0400] {dag.py:3047} INFO - Sync 1 DAGs
[2024-03-12T23:26:14.492-0400] {logging_mixin.py:188} INFO - [2024-03-12T23:26:14.492-0400] {dag.py:3834} INFO - Setting next_dagrun for example_weekday_branch_operator to 2024-03-12 00:00:00+00:00, run_after=2024-03-13 00:00:00+00:00
[2024-03-12T23:26:14.610-0400] {processor.py:183} INFO - Processing /home/ironbong_jr/mlops/project/project/lib/python3.10/site-packages/airflow/example_dags/example_branch_day_of_week_operator.py took 0.517 seconds
[2024-03-12T23:29:30.892-0400] {processor.py:161} INFO - Started process (PID=418492) to work on /home/ironbong_jr/mlops/project/project/lib/python3.10/site-packages/airflow/example_dags/example_branch_day_of_week_operator.py
[2024-03-12T23:29:30.940-0400] {processor.py:830} INFO - Processing file /home/ironbong_jr/mlops/project/project/lib/python3.10/site-packages/airflow/example_dags/example_branch_day_of_week_operator.py for tasks to queue
[2024-03-12T23:29:30.943-0400] {logging_mixin.py:188} INFO - [2024-03-12T23:29:30.943-0400] {dagbag.py:540} INFO - Filling up the DagBag from /home/ironbong_jr/mlops/project/project/lib/python3.10/site-packages/airflow/example_dags/example_branch_day_of_week_operator.py
[2024-03-12T23:29:30.966-0400] {processor.py:840} INFO - DAG(s) 'example_weekday_branch_operator' retrieved from /home/ironbong_jr/mlops/project/project/lib/python3.10/site-packages/airflow/example_dags/example_branch_day_of_week_operator.py
[2024-03-12T23:29:31.038-0400] {logging_mixin.py:188} INFO - [2024-03-12T23:29:31.036-0400] {dag.py:3047} INFO - Sync 1 DAGs
[2024-03-12T23:29:31.081-0400] {logging_mixin.py:188} INFO - [2024-03-12T23:29:31.080-0400] {dag.py:3834} INFO - Setting next_dagrun for example_weekday_branch_operator to 2024-03-12 00:00:00+00:00, run_after=2024-03-13 00:00:00+00:00
[2024-03-12T23:29:31.201-0400] {processor.py:183} INFO - Processing /home/ironbong_jr/mlops/project/project/lib/python3.10/site-packages/airflow/example_dags/example_branch_day_of_week_operator.py took 0.320 seconds
[2024-03-12T23:30:54.395-0400] {processor.py:161} INFO - Started process (PID=418834) to work on /home/ironbong_jr/mlops/project/project/lib/python3.10/site-packages/airflow/example_dags/example_branch_day_of_week_operator.py
[2024-03-12T23:30:54.446-0400] {processor.py:830} INFO - Processing file /home/ironbong_jr/mlops/project/project/lib/python3.10/site-packages/airflow/example_dags/example_branch_day_of_week_operator.py for tasks to queue
[2024-03-12T23:30:54.448-0400] {logging_mixin.py:188} INFO - [2024-03-12T23:30:54.447-0400] {dagbag.py:540} INFO - Filling up the DagBag from /home/ironbong_jr/mlops/project/project/lib/python3.10/site-packages/airflow/example_dags/example_branch_day_of_week_operator.py
[2024-03-12T23:30:54.458-0400] {processor.py:840} INFO - DAG(s) 'example_weekday_branch_operator' retrieved from /home/ironbong_jr/mlops/project/project/lib/python3.10/site-packages/airflow/example_dags/example_branch_day_of_week_operator.py
[2024-03-12T23:30:54.489-0400] {logging_mixin.py:188} INFO - [2024-03-12T23:30:54.489-0400] {dag.py:3047} INFO - Sync 1 DAGs
[2024-03-12T23:30:54.534-0400] {logging_mixin.py:188} INFO - [2024-03-12T23:30:54.533-0400] {dag.py:3834} INFO - Setting next_dagrun for example_weekday_branch_operator to 2024-03-12 00:00:00+00:00, run_after=2024-03-13 00:00:00+00:00
[2024-03-12T23:30:54.597-0400] {processor.py:183} INFO - Processing /home/ironbong_jr/mlops/project/project/lib/python3.10/site-packages/airflow/example_dags/example_branch_day_of_week_operator.py took 0.207 seconds
[2024-03-12T23:42:09.913-0400] {processor.py:161} INFO - Started process (PID=421555) to work on /home/ironbong_jr/mlops/project/project/lib/python3.10/site-packages/airflow/example_dags/example_branch_day_of_week_operator.py
[2024-03-12T23:42:09.916-0400] {processor.py:830} INFO - Processing file /home/ironbong_jr/mlops/project/project/lib/python3.10/site-packages/airflow/example_dags/example_branch_day_of_week_operator.py for tasks to queue
[2024-03-12T23:42:09.918-0400] {logging_mixin.py:188} INFO - [2024-03-12T23:42:09.917-0400] {dagbag.py:540} INFO - Filling up the DagBag from /home/ironbong_jr/mlops/project/project/lib/python3.10/site-packages/airflow/example_dags/example_branch_day_of_week_operator.py
[2024-03-12T23:42:09.939-0400] {processor.py:840} INFO - DAG(s) 'example_weekday_branch_operator' retrieved from /home/ironbong_jr/mlops/project/project/lib/python3.10/site-packages/airflow/example_dags/example_branch_day_of_week_operator.py
[2024-03-12T23:42:10.272-0400] {logging_mixin.py:188} INFO - [2024-03-12T23:42:10.272-0400] {dag.py:3047} INFO - Sync 1 DAGs
[2024-03-12T23:42:10.313-0400] {logging_mixin.py:188} INFO - [2024-03-12T23:42:10.313-0400] {dag.py:3834} INFO - Setting next_dagrun for example_weekday_branch_operator to 2024-03-12 00:00:00+00:00, run_after=2024-03-13 00:00:00+00:00
[2024-03-12T23:42:10.408-0400] {processor.py:183} INFO - Processing /home/ironbong_jr/mlops/project/project/lib/python3.10/site-packages/airflow/example_dags/example_branch_day_of_week_operator.py took 0.499 seconds
[2024-03-12T23:43:43.244-0400] {processor.py:161} INFO - Started process (PID=421927) to work on /home/ironbong_jr/mlops/project/project/lib/python3.10/site-packages/airflow/example_dags/example_branch_day_of_week_operator.py
[2024-03-12T23:43:43.294-0400] {processor.py:830} INFO - Processing file /home/ironbong_jr/mlops/project/project/lib/python3.10/site-packages/airflow/example_dags/example_branch_day_of_week_operator.py for tasks to queue
[2024-03-12T23:43:43.296-0400] {logging_mixin.py:188} INFO - [2024-03-12T23:43:43.296-0400] {dagbag.py:540} INFO - Filling up the DagBag from /home/ironbong_jr/mlops/project/project/lib/python3.10/site-packages/airflow/example_dags/example_branch_day_of_week_operator.py
[2024-03-12T23:43:43.317-0400] {processor.py:840} INFO - DAG(s) 'example_weekday_branch_operator' retrieved from /home/ironbong_jr/mlops/project/project/lib/python3.10/site-packages/airflow/example_dags/example_branch_day_of_week_operator.py
[2024-03-12T23:43:43.346-0400] {logging_mixin.py:188} INFO - [2024-03-12T23:43:43.345-0400] {dag.py:3047} INFO - Sync 1 DAGs
[2024-03-12T23:43:43.540-0400] {logging_mixin.py:188} INFO - [2024-03-12T23:43:43.538-0400] {dag.py:3834} INFO - Setting next_dagrun for example_weekday_branch_operator to 2024-03-12 00:00:00+00:00, run_after=2024-03-13 00:00:00+00:00
[2024-03-12T23:43:43.608-0400] {processor.py:183} INFO - Processing /home/ironbong_jr/mlops/project/project/lib/python3.10/site-packages/airflow/example_dags/example_branch_day_of_week_operator.py took 0.372 seconds
[2024-03-12T23:45:30.743-0400] {processor.py:161} INFO - Started process (PID=422524) to work on /home/ironbong_jr/mlops/project/project/lib/python3.10/site-packages/airflow/example_dags/example_branch_day_of_week_operator.py
[2024-03-12T23:45:30.793-0400] {processor.py:830} INFO - Processing file /home/ironbong_jr/mlops/project/project/lib/python3.10/site-packages/airflow/example_dags/example_branch_day_of_week_operator.py for tasks to queue
[2024-03-12T23:45:30.795-0400] {logging_mixin.py:188} INFO - [2024-03-12T23:45:30.794-0400] {dagbag.py:540} INFO - Filling up the DagBag from /home/ironbong_jr/mlops/project/project/lib/python3.10/site-packages/airflow/example_dags/example_branch_day_of_week_operator.py
[2024-03-12T23:45:30.808-0400] {processor.py:840} INFO - DAG(s) 'example_weekday_branch_operator' retrieved from /home/ironbong_jr/mlops/project/project/lib/python3.10/site-packages/airflow/example_dags/example_branch_day_of_week_operator.py
[2024-03-12T23:45:30.827-0400] {logging_mixin.py:188} INFO - [2024-03-12T23:45:30.827-0400] {dag.py:3047} INFO - Sync 1 DAGs
[2024-03-12T23:45:30.854-0400] {logging_mixin.py:188} INFO - [2024-03-12T23:45:30.853-0400] {dag.py:3834} INFO - Setting next_dagrun for example_weekday_branch_operator to 2024-03-12 00:00:00+00:00, run_after=2024-03-13 00:00:00+00:00
[2024-03-12T23:45:30.894-0400] {processor.py:183} INFO - Processing /home/ironbong_jr/mlops/project/project/lib/python3.10/site-packages/airflow/example_dags/example_branch_day_of_week_operator.py took 0.164 seconds
[2024-03-12T23:47:29.325-0400] {processor.py:161} INFO - Started process (PID=423105) to work on /home/ironbong_jr/mlops/project/project/lib/python3.10/site-packages/airflow/example_dags/example_branch_day_of_week_operator.py
[2024-03-12T23:47:29.375-0400] {processor.py:830} INFO - Processing file /home/ironbong_jr/mlops/project/project/lib/python3.10/site-packages/airflow/example_dags/example_branch_day_of_week_operator.py for tasks to queue
[2024-03-12T23:47:29.378-0400] {logging_mixin.py:188} INFO - [2024-03-12T23:47:29.377-0400] {dagbag.py:540} INFO - Filling up the DagBag from /home/ironbong_jr/mlops/project/project/lib/python3.10/site-packages/airflow/example_dags/example_branch_day_of_week_operator.py
[2024-03-12T23:47:29.397-0400] {processor.py:840} INFO - DAG(s) 'example_weekday_branch_operator' retrieved from /home/ironbong_jr/mlops/project/project/lib/python3.10/site-packages/airflow/example_dags/example_branch_day_of_week_operator.py
[2024-03-12T23:47:29.434-0400] {logging_mixin.py:188} INFO - [2024-03-12T23:47:29.434-0400] {dag.py:3047} INFO - Sync 1 DAGs
[2024-03-12T23:47:29.503-0400] {logging_mixin.py:188} INFO - [2024-03-12T23:47:29.501-0400] {dag.py:3834} INFO - Setting next_dagrun for example_weekday_branch_operator to 2024-03-12 00:00:00+00:00, run_after=2024-03-13 00:00:00+00:00
[2024-03-12T23:47:29.652-0400] {processor.py:183} INFO - Processing /home/ironbong_jr/mlops/project/project/lib/python3.10/site-packages/airflow/example_dags/example_branch_day_of_week_operator.py took 0.333 seconds
[2024-03-12T23:49:16.263-0400] {processor.py:161} INFO - Started process (PID=423581) to work on /home/ironbong_jr/mlops/project/project/lib/python3.10/site-packages/airflow/example_dags/example_branch_day_of_week_operator.py
[2024-03-12T23:49:16.313-0400] {processor.py:830} INFO - Processing file /home/ironbong_jr/mlops/project/project/lib/python3.10/site-packages/airflow/example_dags/example_branch_day_of_week_operator.py for tasks to queue
[2024-03-12T23:49:16.315-0400] {logging_mixin.py:188} INFO - [2024-03-12T23:49:16.314-0400] {dagbag.py:540} INFO - Filling up the DagBag from /home/ironbong_jr/mlops/project/project/lib/python3.10/site-packages/airflow/example_dags/example_branch_day_of_week_operator.py
[2024-03-12T23:49:16.331-0400] {processor.py:840} INFO - DAG(s) 'example_weekday_branch_operator' retrieved from /home/ironbong_jr/mlops/project/project/lib/python3.10/site-packages/airflow/example_dags/example_branch_day_of_week_operator.py
[2024-03-12T23:49:16.397-0400] {logging_mixin.py:188} INFO - [2024-03-12T23:49:16.396-0400] {dag.py:3047} INFO - Sync 1 DAGs
[2024-03-12T23:49:16.463-0400] {logging_mixin.py:188} INFO - [2024-03-12T23:49:16.462-0400] {dag.py:3834} INFO - Setting next_dagrun for example_weekday_branch_operator to 2024-03-12 00:00:00+00:00, run_after=2024-03-13 00:00:00+00:00
[2024-03-12T23:49:16.547-0400] {processor.py:183} INFO - Processing /home/ironbong_jr/mlops/project/project/lib/python3.10/site-packages/airflow/example_dags/example_branch_day_of_week_operator.py took 0.290 seconds
[2024-03-12T23:50:42.541-0400] {processor.py:161} INFO - Started process (PID=424043) to work on /home/ironbong_jr/mlops/project/project/lib/python3.10/site-packages/airflow/example_dags/example_branch_day_of_week_operator.py
[2024-03-12T23:50:42.547-0400] {processor.py:830} INFO - Processing file /home/ironbong_jr/mlops/project/project/lib/python3.10/site-packages/airflow/example_dags/example_branch_day_of_week_operator.py for tasks to queue
[2024-03-12T23:50:42.549-0400] {logging_mixin.py:188} INFO - [2024-03-12T23:50:42.548-0400] {dagbag.py:540} INFO - Filling up the DagBag from /home/ironbong_jr/mlops/project/project/lib/python3.10/site-packages/airflow/example_dags/example_branch_day_of_week_operator.py
[2024-03-12T23:50:42.572-0400] {processor.py:840} INFO - DAG(s) 'example_weekday_branch_operator' retrieved from /home/ironbong_jr/mlops/project/project/lib/python3.10/site-packages/airflow/example_dags/example_branch_day_of_week_operator.py
[2024-03-12T23:50:42.609-0400] {logging_mixin.py:188} INFO - [2024-03-12T23:50:42.609-0400] {dag.py:3047} INFO - Sync 1 DAGs
[2024-03-12T23:50:42.646-0400] {logging_mixin.py:188} INFO - [2024-03-12T23:50:42.646-0400] {dag.py:3834} INFO - Setting next_dagrun for example_weekday_branch_operator to 2024-03-12 00:00:00+00:00, run_after=2024-03-13 00:00:00+00:00
[2024-03-12T23:50:42.740-0400] {processor.py:183} INFO - Processing /home/ironbong_jr/mlops/project/project/lib/python3.10/site-packages/airflow/example_dags/example_branch_day_of_week_operator.py took 0.206 seconds
[2024-03-12T23:52:07.846-0400] {processor.py:161} INFO - Started process (PID=424429) to work on /home/ironbong_jr/mlops/project/project/lib/python3.10/site-packages/airflow/example_dags/example_branch_day_of_week_operator.py
[2024-03-12T23:52:07.896-0400] {processor.py:830} INFO - Processing file /home/ironbong_jr/mlops/project/project/lib/python3.10/site-packages/airflow/example_dags/example_branch_day_of_week_operator.py for tasks to queue
[2024-03-12T23:52:07.900-0400] {logging_mixin.py:188} INFO - [2024-03-12T23:52:07.898-0400] {dagbag.py:540} INFO - Filling up the DagBag from /home/ironbong_jr/mlops/project/project/lib/python3.10/site-packages/airflow/example_dags/example_branch_day_of_week_operator.py
[2024-03-12T23:52:07.924-0400] {processor.py:840} INFO - DAG(s) 'example_weekday_branch_operator' retrieved from /home/ironbong_jr/mlops/project/project/lib/python3.10/site-packages/airflow/example_dags/example_branch_day_of_week_operator.py
[2024-03-12T23:52:07.982-0400] {logging_mixin.py:188} INFO - [2024-03-12T23:52:07.982-0400] {dag.py:3047} INFO - Sync 1 DAGs
[2024-03-12T23:52:08.020-0400] {logging_mixin.py:188} INFO - [2024-03-12T23:52:08.020-0400] {dag.py:3834} INFO - Setting next_dagrun for example_weekday_branch_operator to 2024-03-12 00:00:00+00:00, run_after=2024-03-13 00:00:00+00:00
[2024-03-12T23:52:08.117-0400] {processor.py:183} INFO - Processing /home/ironbong_jr/mlops/project/project/lib/python3.10/site-packages/airflow/example_dags/example_branch_day_of_week_operator.py took 0.281 seconds
[2024-03-12T23:53:35.523-0400] {processor.py:161} INFO - Started process (PID=424971) to work on /home/ironbong_jr/mlops/project/project/lib/python3.10/site-packages/airflow/example_dags/example_branch_day_of_week_operator.py
[2024-03-12T23:53:35.526-0400] {processor.py:830} INFO - Processing file /home/ironbong_jr/mlops/project/project/lib/python3.10/site-packages/airflow/example_dags/example_branch_day_of_week_operator.py for tasks to queue
[2024-03-12T23:53:35.529-0400] {logging_mixin.py:188} INFO - [2024-03-12T23:53:35.528-0400] {dagbag.py:540} INFO - Filling up the DagBag from /home/ironbong_jr/mlops/project/project/lib/python3.10/site-packages/airflow/example_dags/example_branch_day_of_week_operator.py
[2024-03-12T23:53:35.546-0400] {processor.py:840} INFO - DAG(s) 'example_weekday_branch_operator' retrieved from /home/ironbong_jr/mlops/project/project/lib/python3.10/site-packages/airflow/example_dags/example_branch_day_of_week_operator.py
[2024-03-12T23:53:35.585-0400] {logging_mixin.py:188} INFO - [2024-03-12T23:53:35.584-0400] {dag.py:3047} INFO - Sync 1 DAGs
[2024-03-12T23:53:35.627-0400] {logging_mixin.py:188} INFO - [2024-03-12T23:53:35.626-0400] {dag.py:3834} INFO - Setting next_dagrun for example_weekday_branch_operator to 2024-03-12 00:00:00+00:00, run_after=2024-03-13 00:00:00+00:00
[2024-03-12T23:53:35.732-0400] {processor.py:183} INFO - Processing /home/ironbong_jr/mlops/project/project/lib/python3.10/site-packages/airflow/example_dags/example_branch_day_of_week_operator.py took 0.214 seconds
[2024-03-12T23:55:13.001-0400] {processor.py:161} INFO - Started process (PID=425395) to work on /home/ironbong_jr/mlops/project/project/lib/python3.10/site-packages/airflow/example_dags/example_branch_day_of_week_operator.py
[2024-03-12T23:55:13.030-0400] {processor.py:830} INFO - Processing file /home/ironbong_jr/mlops/project/project/lib/python3.10/site-packages/airflow/example_dags/example_branch_day_of_week_operator.py for tasks to queue
[2024-03-12T23:55:13.032-0400] {logging_mixin.py:188} INFO - [2024-03-12T23:55:13.031-0400] {dagbag.py:540} INFO - Filling up the DagBag from /home/ironbong_jr/mlops/project/project/lib/python3.10/site-packages/airflow/example_dags/example_branch_day_of_week_operator.py
[2024-03-12T23:55:13.045-0400] {processor.py:840} INFO - DAG(s) 'example_weekday_branch_operator' retrieved from /home/ironbong_jr/mlops/project/project/lib/python3.10/site-packages/airflow/example_dags/example_branch_day_of_week_operator.py
[2024-03-12T23:55:13.069-0400] {logging_mixin.py:188} INFO - [2024-03-12T23:55:13.068-0400] {dag.py:3047} INFO - Sync 1 DAGs
[2024-03-12T23:55:13.113-0400] {logging_mixin.py:188} INFO - [2024-03-12T23:55:13.112-0400] {dag.py:3834} INFO - Setting next_dagrun for example_weekday_branch_operator to 2024-03-12 00:00:00+00:00, run_after=2024-03-13 00:00:00+00:00
[2024-03-12T23:55:13.153-0400] {processor.py:183} INFO - Processing /home/ironbong_jr/mlops/project/project/lib/python3.10/site-packages/airflow/example_dags/example_branch_day_of_week_operator.py took 0.158 seconds
[2024-03-13T00:30:00.746-0400] {processor.py:161} INFO - Started process (PID=432815) to work on /home/ironbong_jr/mlops/project/project/lib/python3.10/site-packages/airflow/example_dags/example_branch_day_of_week_operator.py
[2024-03-13T00:30:00.779-0400] {processor.py:830} INFO - Processing file /home/ironbong_jr/mlops/project/project/lib/python3.10/site-packages/airflow/example_dags/example_branch_day_of_week_operator.py for tasks to queue
[2024-03-13T00:30:00.781-0400] {logging_mixin.py:188} INFO - [2024-03-13T00:30:00.780-0400] {dagbag.py:540} INFO - Filling up the DagBag from /home/ironbong_jr/mlops/project/project/lib/python3.10/site-packages/airflow/example_dags/example_branch_day_of_week_operator.py
[2024-03-13T00:30:00.807-0400] {processor.py:840} INFO - DAG(s) 'example_weekday_branch_operator' retrieved from /home/ironbong_jr/mlops/project/project/lib/python3.10/site-packages/airflow/example_dags/example_branch_day_of_week_operator.py
[2024-03-13T00:30:01.138-0400] {logging_mixin.py:188} INFO - [2024-03-13T00:30:01.137-0400] {dag.py:3047} INFO - Sync 1 DAGs
[2024-03-13T00:30:01.176-0400] {logging_mixin.py:188} INFO - [2024-03-13T00:30:01.175-0400] {dag.py:3834} INFO - Setting next_dagrun for example_weekday_branch_operator to 2024-03-12 00:00:00+00:00, run_after=2024-03-13 00:00:00+00:00
[2024-03-13T00:30:01.291-0400] {processor.py:183} INFO - Processing /home/ironbong_jr/mlops/project/project/lib/python3.10/site-packages/airflow/example_dags/example_branch_day_of_week_operator.py took 0.552 seconds
[2024-03-13T00:31:28.308-0400] {processor.py:161} INFO - Started process (PID=433196) to work on /home/ironbong_jr/mlops/project/project/lib/python3.10/site-packages/airflow/example_dags/example_branch_day_of_week_operator.py
[2024-03-13T00:31:28.339-0400] {processor.py:830} INFO - Processing file /home/ironbong_jr/mlops/project/project/lib/python3.10/site-packages/airflow/example_dags/example_branch_day_of_week_operator.py for tasks to queue
[2024-03-13T00:31:28.342-0400] {logging_mixin.py:188} INFO - [2024-03-13T00:31:28.341-0400] {dagbag.py:540} INFO - Filling up the DagBag from /home/ironbong_jr/mlops/project/project/lib/python3.10/site-packages/airflow/example_dags/example_branch_day_of_week_operator.py
[2024-03-13T00:31:28.361-0400] {processor.py:840} INFO - DAG(s) 'example_weekday_branch_operator' retrieved from /home/ironbong_jr/mlops/project/project/lib/python3.10/site-packages/airflow/example_dags/example_branch_day_of_week_operator.py
[2024-03-13T00:31:28.416-0400] {logging_mixin.py:188} INFO - [2024-03-13T00:31:28.415-0400] {dag.py:3047} INFO - Sync 1 DAGs
[2024-03-13T00:31:28.583-0400] {logging_mixin.py:188} INFO - [2024-03-13T00:31:28.582-0400] {dag.py:3834} INFO - Setting next_dagrun for example_weekday_branch_operator to 2024-03-12 00:00:00+00:00, run_after=2024-03-13 00:00:00+00:00
[2024-03-13T00:31:28.880-0400] {processor.py:183} INFO - Processing /home/ironbong_jr/mlops/project/project/lib/python3.10/site-packages/airflow/example_dags/example_branch_day_of_week_operator.py took 0.579 seconds
[2024-03-13T00:35:48.760-0400] {processor.py:161} INFO - Started process (PID=434306) to work on /home/ironbong_jr/mlops/project/project/lib/python3.10/site-packages/airflow/example_dags/example_branch_day_of_week_operator.py
[2024-03-13T00:35:48.766-0400] {processor.py:830} INFO - Processing file /home/ironbong_jr/mlops/project/project/lib/python3.10/site-packages/airflow/example_dags/example_branch_day_of_week_operator.py for tasks to queue
[2024-03-13T00:35:48.770-0400] {logging_mixin.py:188} INFO - [2024-03-13T00:35:48.769-0400] {dagbag.py:540} INFO - Filling up the DagBag from /home/ironbong_jr/mlops/project/project/lib/python3.10/site-packages/airflow/example_dags/example_branch_day_of_week_operator.py
[2024-03-13T00:35:48.797-0400] {processor.py:840} INFO - DAG(s) 'example_weekday_branch_operator' retrieved from /home/ironbong_jr/mlops/project/project/lib/python3.10/site-packages/airflow/example_dags/example_branch_day_of_week_operator.py
[2024-03-13T00:35:48.851-0400] {logging_mixin.py:188} INFO - [2024-03-13T00:35:48.850-0400] {dag.py:3047} INFO - Sync 1 DAGs
[2024-03-13T00:35:48.896-0400] {logging_mixin.py:188} INFO - [2024-03-13T00:35:48.895-0400] {dag.py:3834} INFO - Setting next_dagrun for example_weekday_branch_operator to 2024-03-12 00:00:00+00:00, run_after=2024-03-13 00:00:00+00:00
[2024-03-13T00:35:48.945-0400] {processor.py:183} INFO - Processing /home/ironbong_jr/mlops/project/project/lib/python3.10/site-packages/airflow/example_dags/example_branch_day_of_week_operator.py took 0.201 seconds
[2024-03-13T00:37:05.052-0400] {processor.py:161} INFO - Started process (PID=434642) to work on /home/ironbong_jr/mlops/project/project/lib/python3.10/site-packages/airflow/example_dags/example_branch_day_of_week_operator.py
[2024-03-13T00:37:05.105-0400] {processor.py:830} INFO - Processing file /home/ironbong_jr/mlops/project/project/lib/python3.10/site-packages/airflow/example_dags/example_branch_day_of_week_operator.py for tasks to queue
[2024-03-13T00:37:05.108-0400] {logging_mixin.py:188} INFO - [2024-03-13T00:37:05.107-0400] {dagbag.py:540} INFO - Filling up the DagBag from /home/ironbong_jr/mlops/project/project/lib/python3.10/site-packages/airflow/example_dags/example_branch_day_of_week_operator.py
[2024-03-13T00:37:05.120-0400] {processor.py:840} INFO - DAG(s) 'example_weekday_branch_operator' retrieved from /home/ironbong_jr/mlops/project/project/lib/python3.10/site-packages/airflow/example_dags/example_branch_day_of_week_operator.py
[2024-03-13T00:37:05.151-0400] {logging_mixin.py:188} INFO - [2024-03-13T00:37:05.150-0400] {dag.py:3047} INFO - Sync 1 DAGs
[2024-03-13T00:37:05.212-0400] {logging_mixin.py:188} INFO - [2024-03-13T00:37:05.211-0400] {dag.py:3834} INFO - Setting next_dagrun for example_weekday_branch_operator to 2024-03-12 00:00:00+00:00, run_after=2024-03-13 00:00:00+00:00
[2024-03-13T00:37:05.255-0400] {processor.py:183} INFO - Processing /home/ironbong_jr/mlops/project/project/lib/python3.10/site-packages/airflow/example_dags/example_branch_day_of_week_operator.py took 0.230 seconds
[2024-03-13T00:39:15.960-0400] {processor.py:161} INFO - Started process (PID=435272) to work on /home/ironbong_jr/mlops/project/project/lib/python3.10/site-packages/airflow/example_dags/example_branch_day_of_week_operator.py
[2024-03-13T00:39:15.962-0400] {processor.py:830} INFO - Processing file /home/ironbong_jr/mlops/project/project/lib/python3.10/site-packages/airflow/example_dags/example_branch_day_of_week_operator.py for tasks to queue
[2024-03-13T00:39:15.971-0400] {logging_mixin.py:188} INFO - [2024-03-13T00:39:15.965-0400] {dagbag.py:540} INFO - Filling up the DagBag from /home/ironbong_jr/mlops/project/project/lib/python3.10/site-packages/airflow/example_dags/example_branch_day_of_week_operator.py
[2024-03-13T00:39:15.990-0400] {processor.py:840} INFO - DAG(s) 'example_weekday_branch_operator' retrieved from /home/ironbong_jr/mlops/project/project/lib/python3.10/site-packages/airflow/example_dags/example_branch_day_of_week_operator.py
[2024-03-13T00:39:16.034-0400] {logging_mixin.py:188} INFO - [2024-03-13T00:39:16.033-0400] {dag.py:3047} INFO - Sync 1 DAGs
[2024-03-13T00:39:16.094-0400] {logging_mixin.py:188} INFO - [2024-03-13T00:39:16.093-0400] {dag.py:3834} INFO - Setting next_dagrun for example_weekday_branch_operator to 2024-03-12 00:00:00+00:00, run_after=2024-03-13 00:00:00+00:00
[2024-03-13T00:39:16.155-0400] {processor.py:183} INFO - Processing /home/ironbong_jr/mlops/project/project/lib/python3.10/site-packages/airflow/example_dags/example_branch_day_of_week_operator.py took 0.206 seconds
[2024-03-13T00:40:50.408-0400] {processor.py:161} INFO - Started process (PID=435704) to work on /home/ironbong_jr/mlops/project/project/lib/python3.10/site-packages/airflow/example_dags/example_branch_day_of_week_operator.py
[2024-03-13T00:40:50.410-0400] {processor.py:830} INFO - Processing file /home/ironbong_jr/mlops/project/project/lib/python3.10/site-packages/airflow/example_dags/example_branch_day_of_week_operator.py for tasks to queue
[2024-03-13T00:40:50.412-0400] {logging_mixin.py:188} INFO - [2024-03-13T00:40:50.411-0400] {dagbag.py:540} INFO - Filling up the DagBag from /home/ironbong_jr/mlops/project/project/lib/python3.10/site-packages/airflow/example_dags/example_branch_day_of_week_operator.py
[2024-03-13T00:40:50.427-0400] {processor.py:840} INFO - DAG(s) 'example_weekday_branch_operator' retrieved from /home/ironbong_jr/mlops/project/project/lib/python3.10/site-packages/airflow/example_dags/example_branch_day_of_week_operator.py
[2024-03-13T00:40:50.456-0400] {logging_mixin.py:188} INFO - [2024-03-13T00:40:50.456-0400] {dag.py:3047} INFO - Sync 1 DAGs
[2024-03-13T00:40:50.490-0400] {logging_mixin.py:188} INFO - [2024-03-13T00:40:50.490-0400] {dag.py:3834} INFO - Setting next_dagrun for example_weekday_branch_operator to 2024-03-12 00:00:00+00:00, run_after=2024-03-13 00:00:00+00:00
[2024-03-13T00:40:50.535-0400] {processor.py:183} INFO - Processing /home/ironbong_jr/mlops/project/project/lib/python3.10/site-packages/airflow/example_dags/example_branch_day_of_week_operator.py took 0.132 seconds
[2024-03-13T00:44:06.843-0400] {processor.py:161} INFO - Started process (PID=436607) to work on /home/ironbong_jr/mlops/project/project/lib/python3.10/site-packages/airflow/example_dags/example_branch_day_of_week_operator.py
[2024-03-13T00:44:06.896-0400] {processor.py:830} INFO - Processing file /home/ironbong_jr/mlops/project/project/lib/python3.10/site-packages/airflow/example_dags/example_branch_day_of_week_operator.py for tasks to queue
[2024-03-13T00:44:06.898-0400] {logging_mixin.py:188} INFO - [2024-03-13T00:44:06.897-0400] {dagbag.py:540} INFO - Filling up the DagBag from /home/ironbong_jr/mlops/project/project/lib/python3.10/site-packages/airflow/example_dags/example_branch_day_of_week_operator.py
[2024-03-13T00:44:06.917-0400] {processor.py:840} INFO - DAG(s) 'example_weekday_branch_operator' retrieved from /home/ironbong_jr/mlops/project/project/lib/python3.10/site-packages/airflow/example_dags/example_branch_day_of_week_operator.py
[2024-03-13T00:44:06.963-0400] {logging_mixin.py:188} INFO - [2024-03-13T00:44:06.962-0400] {dag.py:3047} INFO - Sync 1 DAGs
[2024-03-13T00:44:07.007-0400] {logging_mixin.py:188} INFO - [2024-03-13T00:44:07.006-0400] {dag.py:3834} INFO - Setting next_dagrun for example_weekday_branch_operator to 2024-03-12 00:00:00+00:00, run_after=2024-03-13 00:00:00+00:00
[2024-03-13T00:44:07.086-0400] {processor.py:183} INFO - Processing /home/ironbong_jr/mlops/project/project/lib/python3.10/site-packages/airflow/example_dags/example_branch_day_of_week_operator.py took 0.250 seconds
[2024-03-13T00:45:27.674-0400] {processor.py:161} INFO - Started process (PID=436955) to work on /home/ironbong_jr/mlops/project/project/lib/python3.10/site-packages/airflow/example_dags/example_branch_day_of_week_operator.py
[2024-03-13T00:45:27.726-0400] {processor.py:830} INFO - Processing file /home/ironbong_jr/mlops/project/project/lib/python3.10/site-packages/airflow/example_dags/example_branch_day_of_week_operator.py for tasks to queue
[2024-03-13T00:45:27.729-0400] {logging_mixin.py:188} INFO - [2024-03-13T00:45:27.728-0400] {dagbag.py:540} INFO - Filling up the DagBag from /home/ironbong_jr/mlops/project/project/lib/python3.10/site-packages/airflow/example_dags/example_branch_day_of_week_operator.py
[2024-03-13T00:45:27.761-0400] {processor.py:840} INFO - DAG(s) 'example_weekday_branch_operator' retrieved from /home/ironbong_jr/mlops/project/project/lib/python3.10/site-packages/airflow/example_dags/example_branch_day_of_week_operator.py
[2024-03-13T00:45:27.825-0400] {logging_mixin.py:188} INFO - [2024-03-13T00:45:27.824-0400] {dag.py:3047} INFO - Sync 1 DAGs
[2024-03-13T00:45:27.863-0400] {logging_mixin.py:188} INFO - [2024-03-13T00:45:27.863-0400] {dag.py:3834} INFO - Setting next_dagrun for example_weekday_branch_operator to 2024-03-12 00:00:00+00:00, run_after=2024-03-13 00:00:00+00:00
[2024-03-13T00:45:27.951-0400] {processor.py:183} INFO - Processing /home/ironbong_jr/mlops/project/project/lib/python3.10/site-packages/airflow/example_dags/example_branch_day_of_week_operator.py took 0.284 seconds
[2024-03-13T15:49:13.921-0400] {processor.py:161} INFO - Started process (PID=453739) to work on /home/ironbong_jr/mlops/project/project/lib/python3.10/site-packages/airflow/example_dags/example_branch_day_of_week_operator.py
[2024-03-13T15:49:13.923-0400] {processor.py:830} INFO - Processing file /home/ironbong_jr/mlops/project/project/lib/python3.10/site-packages/airflow/example_dags/example_branch_day_of_week_operator.py for tasks to queue
[2024-03-13T15:49:13.924-0400] {logging_mixin.py:188} INFO - [2024-03-13T15:49:13.923-0400] {dagbag.py:540} INFO - Filling up the DagBag from /home/ironbong_jr/mlops/project/project/lib/python3.10/site-packages/airflow/example_dags/example_branch_day_of_week_operator.py
[2024-03-13T15:49:13.932-0400] {processor.py:840} INFO - DAG(s) 'example_weekday_branch_operator' retrieved from /home/ironbong_jr/mlops/project/project/lib/python3.10/site-packages/airflow/example_dags/example_branch_day_of_week_operator.py
[2024-03-13T15:49:14.041-0400] {logging_mixin.py:188} INFO - [2024-03-13T15:49:14.041-0400] {dag.py:3047} INFO - Sync 1 DAGs
[2024-03-13T15:49:14.050-0400] {logging_mixin.py:188} INFO - [2024-03-13T15:49:14.049-0400] {dag.py:3834} INFO - Setting next_dagrun for example_weekday_branch_operator to 2024-03-12 00:00:00+00:00, run_after=2024-03-13 00:00:00+00:00
[2024-03-13T15:49:14.067-0400] {processor.py:183} INFO - Processing /home/ironbong_jr/mlops/project/project/lib/python3.10/site-packages/airflow/example_dags/example_branch_day_of_week_operator.py took 0.148 seconds
[2024-03-13T15:51:22.879-0400] {processor.py:161} INFO - Started process (PID=454467) to work on /home/ironbong_jr/mlops/project/project/lib/python3.10/site-packages/airflow/example_dags/example_branch_day_of_week_operator.py
[2024-03-13T15:51:22.883-0400] {processor.py:830} INFO - Processing file /home/ironbong_jr/mlops/project/project/lib/python3.10/site-packages/airflow/example_dags/example_branch_day_of_week_operator.py for tasks to queue
[2024-03-13T15:51:22.884-0400] {logging_mixin.py:188} INFO - [2024-03-13T15:51:22.883-0400] {dagbag.py:540} INFO - Filling up the DagBag from /home/ironbong_jr/mlops/project/project/lib/python3.10/site-packages/airflow/example_dags/example_branch_day_of_week_operator.py
[2024-03-13T15:51:22.888-0400] {processor.py:840} INFO - DAG(s) 'example_weekday_branch_operator' retrieved from /home/ironbong_jr/mlops/project/project/lib/python3.10/site-packages/airflow/example_dags/example_branch_day_of_week_operator.py
[2024-03-13T15:51:22.969-0400] {logging_mixin.py:188} INFO - [2024-03-13T15:51:22.969-0400] {dag.py:3047} INFO - Sync 1 DAGs
[2024-03-13T15:51:22.978-0400] {logging_mixin.py:188} INFO - [2024-03-13T15:51:22.978-0400] {dag.py:3834} INFO - Setting next_dagrun for example_weekday_branch_operator to 2024-03-12 00:00:00+00:00, run_after=2024-03-13 00:00:00+00:00
[2024-03-13T15:51:22.999-0400] {processor.py:183} INFO - Processing /home/ironbong_jr/mlops/project/project/lib/python3.10/site-packages/airflow/example_dags/example_branch_day_of_week_operator.py took 0.122 seconds
[2024-03-13T15:52:18.848-0400] {processor.py:161} INFO - Started process (PID=454759) to work on /home/ironbong_jr/mlops/project/project/lib/python3.10/site-packages/airflow/example_dags/example_branch_day_of_week_operator.py
[2024-03-13T15:52:18.852-0400] {processor.py:830} INFO - Processing file /home/ironbong_jr/mlops/project/project/lib/python3.10/site-packages/airflow/example_dags/example_branch_day_of_week_operator.py for tasks to queue
[2024-03-13T15:52:18.854-0400] {logging_mixin.py:188} INFO - [2024-03-13T15:52:18.854-0400] {dagbag.py:540} INFO - Filling up the DagBag from /home/ironbong_jr/mlops/project/project/lib/python3.10/site-packages/airflow/example_dags/example_branch_day_of_week_operator.py
[2024-03-13T15:52:18.864-0400] {processor.py:840} INFO - DAG(s) 'example_weekday_branch_operator' retrieved from /home/ironbong_jr/mlops/project/project/lib/python3.10/site-packages/airflow/example_dags/example_branch_day_of_week_operator.py
[2024-03-13T15:52:18.883-0400] {logging_mixin.py:188} INFO - [2024-03-13T15:52:18.883-0400] {dag.py:3047} INFO - Sync 1 DAGs
[2024-03-13T15:52:18.909-0400] {logging_mixin.py:188} INFO - [2024-03-13T15:52:18.908-0400] {dag.py:3834} INFO - Setting next_dagrun for example_weekday_branch_operator to 2024-03-12 00:00:00+00:00, run_after=2024-03-13 00:00:00+00:00
[2024-03-13T15:52:18.961-0400] {processor.py:183} INFO - Processing /home/ironbong_jr/mlops/project/project/lib/python3.10/site-packages/airflow/example_dags/example_branch_day_of_week_operator.py took 0.116 seconds
[2024-03-13T15:53:13.934-0400] {processor.py:161} INFO - Started process (PID=455057) to work on /home/ironbong_jr/mlops/project/project/lib/python3.10/site-packages/airflow/example_dags/example_branch_day_of_week_operator.py
[2024-03-13T15:53:13.937-0400] {processor.py:830} INFO - Processing file /home/ironbong_jr/mlops/project/project/lib/python3.10/site-packages/airflow/example_dags/example_branch_day_of_week_operator.py for tasks to queue
[2024-03-13T15:53:13.938-0400] {logging_mixin.py:188} INFO - [2024-03-13T15:53:13.938-0400] {dagbag.py:540} INFO - Filling up the DagBag from /home/ironbong_jr/mlops/project/project/lib/python3.10/site-packages/airflow/example_dags/example_branch_day_of_week_operator.py
[2024-03-13T15:53:13.943-0400] {processor.py:840} INFO - DAG(s) 'example_weekday_branch_operator' retrieved from /home/ironbong_jr/mlops/project/project/lib/python3.10/site-packages/airflow/example_dags/example_branch_day_of_week_operator.py
[2024-03-13T15:53:13.954-0400] {logging_mixin.py:188} INFO - [2024-03-13T15:53:13.954-0400] {dag.py:3047} INFO - Sync 1 DAGs
[2024-03-13T15:53:13.966-0400] {logging_mixin.py:188} INFO - [2024-03-13T15:53:13.966-0400] {dag.py:3834} INFO - Setting next_dagrun for example_weekday_branch_operator to 2024-03-12 00:00:00+00:00, run_after=2024-03-13 00:00:00+00:00
[2024-03-13T15:53:13.988-0400] {processor.py:183} INFO - Processing /home/ironbong_jr/mlops/project/project/lib/python3.10/site-packages/airflow/example_dags/example_branch_day_of_week_operator.py took 0.057 seconds
[2024-03-13T15:54:07.152-0400] {processor.py:161} INFO - Started process (PID=455303) to work on /home/ironbong_jr/mlops/project/project/lib/python3.10/site-packages/airflow/example_dags/example_branch_day_of_week_operator.py
[2024-03-13T15:54:07.153-0400] {processor.py:830} INFO - Processing file /home/ironbong_jr/mlops/project/project/lib/python3.10/site-packages/airflow/example_dags/example_branch_day_of_week_operator.py for tasks to queue
[2024-03-13T15:54:07.156-0400] {logging_mixin.py:188} INFO - [2024-03-13T15:54:07.155-0400] {dagbag.py:540} INFO - Filling up the DagBag from /home/ironbong_jr/mlops/project/project/lib/python3.10/site-packages/airflow/example_dags/example_branch_day_of_week_operator.py
[2024-03-13T15:54:07.164-0400] {processor.py:840} INFO - DAG(s) 'example_weekday_branch_operator' retrieved from /home/ironbong_jr/mlops/project/project/lib/python3.10/site-packages/airflow/example_dags/example_branch_day_of_week_operator.py
[2024-03-13T15:54:07.175-0400] {logging_mixin.py:188} INFO - [2024-03-13T15:54:07.175-0400] {dag.py:3047} INFO - Sync 1 DAGs
[2024-03-13T15:54:07.188-0400] {logging_mixin.py:188} INFO - [2024-03-13T15:54:07.188-0400] {dag.py:3834} INFO - Setting next_dagrun for example_weekday_branch_operator to 2024-03-12 00:00:00+00:00, run_after=2024-03-13 00:00:00+00:00
[2024-03-13T15:54:07.235-0400] {processor.py:183} INFO - Processing /home/ironbong_jr/mlops/project/project/lib/python3.10/site-packages/airflow/example_dags/example_branch_day_of_week_operator.py took 0.091 seconds
[2024-03-13T15:54:59.264-0400] {processor.py:161} INFO - Started process (PID=455568) to work on /home/ironbong_jr/mlops/project/project/lib/python3.10/site-packages/airflow/example_dags/example_branch_day_of_week_operator.py
[2024-03-13T15:54:59.266-0400] {processor.py:830} INFO - Processing file /home/ironbong_jr/mlops/project/project/lib/python3.10/site-packages/airflow/example_dags/example_branch_day_of_week_operator.py for tasks to queue
[2024-03-13T15:54:59.266-0400] {logging_mixin.py:188} INFO - [2024-03-13T15:54:59.266-0400] {dagbag.py:540} INFO - Filling up the DagBag from /home/ironbong_jr/mlops/project/project/lib/python3.10/site-packages/airflow/example_dags/example_branch_day_of_week_operator.py
[2024-03-13T15:54:59.272-0400] {processor.py:840} INFO - DAG(s) 'example_weekday_branch_operator' retrieved from /home/ironbong_jr/mlops/project/project/lib/python3.10/site-packages/airflow/example_dags/example_branch_day_of_week_operator.py
[2024-03-13T15:54:59.282-0400] {logging_mixin.py:188} INFO - [2024-03-13T15:54:59.282-0400] {dag.py:3047} INFO - Sync 1 DAGs
[2024-03-13T15:54:59.294-0400] {logging_mixin.py:188} INFO - [2024-03-13T15:54:59.294-0400] {dag.py:3834} INFO - Setting next_dagrun for example_weekday_branch_operator to 2024-03-12 00:00:00+00:00, run_after=2024-03-13 00:00:00+00:00
[2024-03-13T15:54:59.316-0400] {processor.py:183} INFO - Processing /home/ironbong_jr/mlops/project/project/lib/python3.10/site-packages/airflow/example_dags/example_branch_day_of_week_operator.py took 0.054 seconds
[2024-03-13T15:55:51.688-0400] {processor.py:161} INFO - Started process (PID=455838) to work on /home/ironbong_jr/mlops/project/project/lib/python3.10/site-packages/airflow/example_dags/example_branch_day_of_week_operator.py
[2024-03-13T15:55:51.691-0400] {processor.py:830} INFO - Processing file /home/ironbong_jr/mlops/project/project/lib/python3.10/site-packages/airflow/example_dags/example_branch_day_of_week_operator.py for tasks to queue
[2024-03-13T15:55:51.691-0400] {logging_mixin.py:188} INFO - [2024-03-13T15:55:51.691-0400] {dagbag.py:540} INFO - Filling up the DagBag from /home/ironbong_jr/mlops/project/project/lib/python3.10/site-packages/airflow/example_dags/example_branch_day_of_week_operator.py
[2024-03-13T15:55:51.698-0400] {processor.py:840} INFO - DAG(s) 'example_weekday_branch_operator' retrieved from /home/ironbong_jr/mlops/project/project/lib/python3.10/site-packages/airflow/example_dags/example_branch_day_of_week_operator.py
[2024-03-13T15:55:51.712-0400] {logging_mixin.py:188} INFO - [2024-03-13T15:55:51.712-0400] {dag.py:3047} INFO - Sync 1 DAGs
[2024-03-13T15:55:51.727-0400] {logging_mixin.py:188} INFO - [2024-03-13T15:55:51.727-0400] {dag.py:3834} INFO - Setting next_dagrun for example_weekday_branch_operator to 2024-03-12 00:00:00+00:00, run_after=2024-03-13 00:00:00+00:00
[2024-03-13T15:55:51.757-0400] {processor.py:183} INFO - Processing /home/ironbong_jr/mlops/project/project/lib/python3.10/site-packages/airflow/example_dags/example_branch_day_of_week_operator.py took 0.071 seconds
[2024-03-13T15:56:42.157-0400] {processor.py:161} INFO - Started process (PID=456088) to work on /home/ironbong_jr/mlops/project/project/lib/python3.10/site-packages/airflow/example_dags/example_branch_day_of_week_operator.py
[2024-03-13T15:56:42.160-0400] {processor.py:830} INFO - Processing file /home/ironbong_jr/mlops/project/project/lib/python3.10/site-packages/airflow/example_dags/example_branch_day_of_week_operator.py for tasks to queue
[2024-03-13T15:56:42.161-0400] {logging_mixin.py:188} INFO - [2024-03-13T15:56:42.161-0400] {dagbag.py:540} INFO - Filling up the DagBag from /home/ironbong_jr/mlops/project/project/lib/python3.10/site-packages/airflow/example_dags/example_branch_day_of_week_operator.py
[2024-03-13T15:56:42.167-0400] {processor.py:840} INFO - DAG(s) 'example_weekday_branch_operator' retrieved from /home/ironbong_jr/mlops/project/project/lib/python3.10/site-packages/airflow/example_dags/example_branch_day_of_week_operator.py
[2024-03-13T15:56:42.180-0400] {logging_mixin.py:188} INFO - [2024-03-13T15:56:42.180-0400] {dag.py:3047} INFO - Sync 1 DAGs
[2024-03-13T15:56:42.197-0400] {logging_mixin.py:188} INFO - [2024-03-13T15:56:42.197-0400] {dag.py:3834} INFO - Setting next_dagrun for example_weekday_branch_operator to 2024-03-12 00:00:00+00:00, run_after=2024-03-13 00:00:00+00:00
[2024-03-13T15:56:42.218-0400] {processor.py:183} INFO - Processing /home/ironbong_jr/mlops/project/project/lib/python3.10/site-packages/airflow/example_dags/example_branch_day_of_week_operator.py took 0.064 seconds
[2024-03-13T15:57:31.798-0400] {processor.py:161} INFO - Started process (PID=456377) to work on /home/ironbong_jr/mlops/project/project/lib/python3.10/site-packages/airflow/example_dags/example_branch_day_of_week_operator.py
[2024-03-13T15:57:31.802-0400] {processor.py:830} INFO - Processing file /home/ironbong_jr/mlops/project/project/lib/python3.10/site-packages/airflow/example_dags/example_branch_day_of_week_operator.py for tasks to queue
[2024-03-13T15:57:31.803-0400] {logging_mixin.py:188} INFO - [2024-03-13T15:57:31.802-0400] {dagbag.py:540} INFO - Filling up the DagBag from /home/ironbong_jr/mlops/project/project/lib/python3.10/site-packages/airflow/example_dags/example_branch_day_of_week_operator.py
[2024-03-13T15:57:31.812-0400] {processor.py:840} INFO - DAG(s) 'example_weekday_branch_operator' retrieved from /home/ironbong_jr/mlops/project/project/lib/python3.10/site-packages/airflow/example_dags/example_branch_day_of_week_operator.py
[2024-03-13T15:57:31.833-0400] {logging_mixin.py:188} INFO - [2024-03-13T15:57:31.833-0400] {dag.py:3047} INFO - Sync 1 DAGs
[2024-03-13T15:57:31.854-0400] {logging_mixin.py:188} INFO - [2024-03-13T15:57:31.854-0400] {dag.py:3834} INFO - Setting next_dagrun for example_weekday_branch_operator to 2024-03-12 00:00:00+00:00, run_after=2024-03-13 00:00:00+00:00
[2024-03-13T15:57:31.891-0400] {processor.py:183} INFO - Processing /home/ironbong_jr/mlops/project/project/lib/python3.10/site-packages/airflow/example_dags/example_branch_day_of_week_operator.py took 0.096 seconds
[2024-03-13T15:58:23.733-0400] {processor.py:161} INFO - Started process (PID=456662) to work on /home/ironbong_jr/mlops/project/project/lib/python3.10/site-packages/airflow/example_dags/example_branch_day_of_week_operator.py
[2024-03-13T15:58:23.736-0400] {processor.py:830} INFO - Processing file /home/ironbong_jr/mlops/project/project/lib/python3.10/site-packages/airflow/example_dags/example_branch_day_of_week_operator.py for tasks to queue
[2024-03-13T15:58:23.736-0400] {logging_mixin.py:188} INFO - [2024-03-13T15:58:23.736-0400] {dagbag.py:540} INFO - Filling up the DagBag from /home/ironbong_jr/mlops/project/project/lib/python3.10/site-packages/airflow/example_dags/example_branch_day_of_week_operator.py
[2024-03-13T15:58:23.743-0400] {processor.py:840} INFO - DAG(s) 'example_weekday_branch_operator' retrieved from /home/ironbong_jr/mlops/project/project/lib/python3.10/site-packages/airflow/example_dags/example_branch_day_of_week_operator.py
[2024-03-13T15:58:23.752-0400] {logging_mixin.py:188} INFO - [2024-03-13T15:58:23.752-0400] {dag.py:3047} INFO - Sync 1 DAGs
[2024-03-13T15:58:23.769-0400] {logging_mixin.py:188} INFO - [2024-03-13T15:58:23.768-0400] {dag.py:3834} INFO - Setting next_dagrun for example_weekday_branch_operator to 2024-03-12 00:00:00+00:00, run_after=2024-03-13 00:00:00+00:00
[2024-03-13T15:58:23.793-0400] {processor.py:183} INFO - Processing /home/ironbong_jr/mlops/project/project/lib/python3.10/site-packages/airflow/example_dags/example_branch_day_of_week_operator.py took 0.061 seconds
[2024-03-13T15:59:15.082-0400] {processor.py:161} INFO - Started process (PID=456905) to work on /home/ironbong_jr/mlops/project/project/lib/python3.10/site-packages/airflow/example_dags/example_branch_day_of_week_operator.py
[2024-03-13T15:59:15.086-0400] {processor.py:830} INFO - Processing file /home/ironbong_jr/mlops/project/project/lib/python3.10/site-packages/airflow/example_dags/example_branch_day_of_week_operator.py for tasks to queue
[2024-03-13T15:59:15.087-0400] {logging_mixin.py:188} INFO - [2024-03-13T15:59:15.087-0400] {dagbag.py:540} INFO - Filling up the DagBag from /home/ironbong_jr/mlops/project/project/lib/python3.10/site-packages/airflow/example_dags/example_branch_day_of_week_operator.py
[2024-03-13T15:59:15.093-0400] {processor.py:840} INFO - DAG(s) 'example_weekday_branch_operator' retrieved from /home/ironbong_jr/mlops/project/project/lib/python3.10/site-packages/airflow/example_dags/example_branch_day_of_week_operator.py
[2024-03-13T15:59:15.104-0400] {logging_mixin.py:188} INFO - [2024-03-13T15:59:15.104-0400] {dag.py:3047} INFO - Sync 1 DAGs
[2024-03-13T15:59:15.117-0400] {logging_mixin.py:188} INFO - [2024-03-13T15:59:15.117-0400] {dag.py:3834} INFO - Setting next_dagrun for example_weekday_branch_operator to 2024-03-12 00:00:00+00:00, run_after=2024-03-13 00:00:00+00:00
[2024-03-13T15:59:15.139-0400] {processor.py:183} INFO - Processing /home/ironbong_jr/mlops/project/project/lib/python3.10/site-packages/airflow/example_dags/example_branch_day_of_week_operator.py took 0.059 seconds
[2024-03-13T16:00:05.930-0400] {processor.py:161} INFO - Started process (PID=457155) to work on /home/ironbong_jr/mlops/project/project/lib/python3.10/site-packages/airflow/example_dags/example_branch_day_of_week_operator.py
[2024-03-13T16:00:05.931-0400] {processor.py:830} INFO - Processing file /home/ironbong_jr/mlops/project/project/lib/python3.10/site-packages/airflow/example_dags/example_branch_day_of_week_operator.py for tasks to queue
[2024-03-13T16:00:05.932-0400] {logging_mixin.py:188} INFO - [2024-03-13T16:00:05.932-0400] {dagbag.py:540} INFO - Filling up the DagBag from /home/ironbong_jr/mlops/project/project/lib/python3.10/site-packages/airflow/example_dags/example_branch_day_of_week_operator.py
[2024-03-13T16:00:05.937-0400] {processor.py:840} INFO - DAG(s) 'example_weekday_branch_operator' retrieved from /home/ironbong_jr/mlops/project/project/lib/python3.10/site-packages/airflow/example_dags/example_branch_day_of_week_operator.py
[2024-03-13T16:00:05.947-0400] {logging_mixin.py:188} INFO - [2024-03-13T16:00:05.947-0400] {dag.py:3047} INFO - Sync 1 DAGs
[2024-03-13T16:00:05.959-0400] {logging_mixin.py:188} INFO - [2024-03-13T16:00:05.959-0400] {dag.py:3834} INFO - Setting next_dagrun for example_weekday_branch_operator to 2024-03-12 00:00:00+00:00, run_after=2024-03-13 00:00:00+00:00
[2024-03-13T16:00:05.981-0400] {processor.py:183} INFO - Processing /home/ironbong_jr/mlops/project/project/lib/python3.10/site-packages/airflow/example_dags/example_branch_day_of_week_operator.py took 0.054 seconds
[2024-03-13T16:00:56.577-0400] {processor.py:161} INFO - Started process (PID=457411) to work on /home/ironbong_jr/mlops/project/project/lib/python3.10/site-packages/airflow/example_dags/example_branch_day_of_week_operator.py
[2024-03-13T16:00:56.577-0400] {processor.py:830} INFO - Processing file /home/ironbong_jr/mlops/project/project/lib/python3.10/site-packages/airflow/example_dags/example_branch_day_of_week_operator.py for tasks to queue
[2024-03-13T16:00:56.578-0400] {logging_mixin.py:188} INFO - [2024-03-13T16:00:56.578-0400] {dagbag.py:540} INFO - Filling up the DagBag from /home/ironbong_jr/mlops/project/project/lib/python3.10/site-packages/airflow/example_dags/example_branch_day_of_week_operator.py
[2024-03-13T16:00:56.584-0400] {processor.py:840} INFO - DAG(s) 'example_weekday_branch_operator' retrieved from /home/ironbong_jr/mlops/project/project/lib/python3.10/site-packages/airflow/example_dags/example_branch_day_of_week_operator.py
[2024-03-13T16:00:56.596-0400] {logging_mixin.py:188} INFO - [2024-03-13T16:00:56.596-0400] {dag.py:3047} INFO - Sync 1 DAGs
[2024-03-13T16:00:56.608-0400] {logging_mixin.py:188} INFO - [2024-03-13T16:00:56.608-0400] {dag.py:3834} INFO - Setting next_dagrun for example_weekday_branch_operator to 2024-03-12 00:00:00+00:00, run_after=2024-03-13 00:00:00+00:00
[2024-03-13T16:00:56.630-0400] {processor.py:183} INFO - Processing /home/ironbong_jr/mlops/project/project/lib/python3.10/site-packages/airflow/example_dags/example_branch_day_of_week_operator.py took 0.056 seconds
[2024-03-13T16:01:47.643-0400] {processor.py:161} INFO - Started process (PID=457681) to work on /home/ironbong_jr/mlops/project/project/lib/python3.10/site-packages/airflow/example_dags/example_branch_day_of_week_operator.py
[2024-03-13T16:01:47.644-0400] {processor.py:830} INFO - Processing file /home/ironbong_jr/mlops/project/project/lib/python3.10/site-packages/airflow/example_dags/example_branch_day_of_week_operator.py for tasks to queue
[2024-03-13T16:01:47.645-0400] {logging_mixin.py:188} INFO - [2024-03-13T16:01:47.645-0400] {dagbag.py:540} INFO - Filling up the DagBag from /home/ironbong_jr/mlops/project/project/lib/python3.10/site-packages/airflow/example_dags/example_branch_day_of_week_operator.py
[2024-03-13T16:01:47.650-0400] {processor.py:840} INFO - DAG(s) 'example_weekday_branch_operator' retrieved from /home/ironbong_jr/mlops/project/project/lib/python3.10/site-packages/airflow/example_dags/example_branch_day_of_week_operator.py
[2024-03-13T16:01:47.659-0400] {logging_mixin.py:188} INFO - [2024-03-13T16:01:47.659-0400] {dag.py:3047} INFO - Sync 1 DAGs
[2024-03-13T16:01:47.670-0400] {logging_mixin.py:188} INFO - [2024-03-13T16:01:47.670-0400] {dag.py:3834} INFO - Setting next_dagrun for example_weekday_branch_operator to 2024-03-12 00:00:00+00:00, run_after=2024-03-13 00:00:00+00:00
[2024-03-13T16:01:47.690-0400] {processor.py:183} INFO - Processing /home/ironbong_jr/mlops/project/project/lib/python3.10/site-packages/airflow/example_dags/example_branch_day_of_week_operator.py took 0.049 seconds
[2024-03-13T16:02:38.146-0400] {processor.py:161} INFO - Started process (PID=457945) to work on /home/ironbong_jr/mlops/project/project/lib/python3.10/site-packages/airflow/example_dags/example_branch_day_of_week_operator.py
[2024-03-13T16:02:38.148-0400] {processor.py:830} INFO - Processing file /home/ironbong_jr/mlops/project/project/lib/python3.10/site-packages/airflow/example_dags/example_branch_day_of_week_operator.py for tasks to queue
[2024-03-13T16:02:38.148-0400] {logging_mixin.py:188} INFO - [2024-03-13T16:02:38.148-0400] {dagbag.py:540} INFO - Filling up the DagBag from /home/ironbong_jr/mlops/project/project/lib/python3.10/site-packages/airflow/example_dags/example_branch_day_of_week_operator.py
[2024-03-13T16:02:38.154-0400] {processor.py:840} INFO - DAG(s) 'example_weekday_branch_operator' retrieved from /home/ironbong_jr/mlops/project/project/lib/python3.10/site-packages/airflow/example_dags/example_branch_day_of_week_operator.py
[2024-03-13T16:02:38.166-0400] {logging_mixin.py:188} INFO - [2024-03-13T16:02:38.166-0400] {dag.py:3047} INFO - Sync 1 DAGs
[2024-03-13T16:02:38.179-0400] {logging_mixin.py:188} INFO - [2024-03-13T16:02:38.178-0400] {dag.py:3834} INFO - Setting next_dagrun for example_weekday_branch_operator to 2024-03-12 00:00:00+00:00, run_after=2024-03-13 00:00:00+00:00
[2024-03-13T16:02:38.200-0400] {processor.py:183} INFO - Processing /home/ironbong_jr/mlops/project/project/lib/python3.10/site-packages/airflow/example_dags/example_branch_day_of_week_operator.py took 0.057 seconds
[2024-03-13T16:03:27.842-0400] {processor.py:161} INFO - Started process (PID=458209) to work on /home/ironbong_jr/mlops/project/project/lib/python3.10/site-packages/airflow/example_dags/example_branch_day_of_week_operator.py
[2024-03-13T16:03:27.845-0400] {processor.py:830} INFO - Processing file /home/ironbong_jr/mlops/project/project/lib/python3.10/site-packages/airflow/example_dags/example_branch_day_of_week_operator.py for tasks to queue
[2024-03-13T16:03:27.846-0400] {logging_mixin.py:188} INFO - [2024-03-13T16:03:27.845-0400] {dagbag.py:540} INFO - Filling up the DagBag from /home/ironbong_jr/mlops/project/project/lib/python3.10/site-packages/airflow/example_dags/example_branch_day_of_week_operator.py
[2024-03-13T16:03:27.851-0400] {processor.py:840} INFO - DAG(s) 'example_weekday_branch_operator' retrieved from /home/ironbong_jr/mlops/project/project/lib/python3.10/site-packages/airflow/example_dags/example_branch_day_of_week_operator.py
[2024-03-13T16:03:27.866-0400] {logging_mixin.py:188} INFO - [2024-03-13T16:03:27.866-0400] {dag.py:3047} INFO - Sync 1 DAGs
[2024-03-13T16:03:27.885-0400] {logging_mixin.py:188} INFO - [2024-03-13T16:03:27.885-0400] {dag.py:3834} INFO - Setting next_dagrun for example_weekday_branch_operator to 2024-03-12 00:00:00+00:00, run_after=2024-03-13 00:00:00+00:00
[2024-03-13T16:03:27.911-0400] {processor.py:183} INFO - Processing /home/ironbong_jr/mlops/project/project/lib/python3.10/site-packages/airflow/example_dags/example_branch_day_of_week_operator.py took 0.072 seconds
[2024-03-13T16:04:34.166-0400] {processor.py:161} INFO - Started process (PID=458621) to work on /home/ironbong_jr/mlops/project/project/lib/python3.10/site-packages/airflow/example_dags/example_branch_day_of_week_operator.py
[2024-03-13T16:04:34.170-0400] {processor.py:830} INFO - Processing file /home/ironbong_jr/mlops/project/project/lib/python3.10/site-packages/airflow/example_dags/example_branch_day_of_week_operator.py for tasks to queue
[2024-03-13T16:04:34.171-0400] {logging_mixin.py:188} INFO - [2024-03-13T16:04:34.170-0400] {dagbag.py:540} INFO - Filling up the DagBag from /home/ironbong_jr/mlops/project/project/lib/python3.10/site-packages/airflow/example_dags/example_branch_day_of_week_operator.py
[2024-03-13T16:04:34.176-0400] {processor.py:840} INFO - DAG(s) 'example_weekday_branch_operator' retrieved from /home/ironbong_jr/mlops/project/project/lib/python3.10/site-packages/airflow/example_dags/example_branch_day_of_week_operator.py
[2024-03-13T16:04:34.185-0400] {logging_mixin.py:188} INFO - [2024-03-13T16:04:34.185-0400] {dag.py:3047} INFO - Sync 1 DAGs
[2024-03-13T16:04:34.197-0400] {logging_mixin.py:188} INFO - [2024-03-13T16:04:34.197-0400] {dag.py:3834} INFO - Setting next_dagrun for example_weekday_branch_operator to 2024-03-12 00:00:00+00:00, run_after=2024-03-13 00:00:00+00:00
[2024-03-13T16:04:34.219-0400] {processor.py:183} INFO - Processing /home/ironbong_jr/mlops/project/project/lib/python3.10/site-packages/airflow/example_dags/example_branch_day_of_week_operator.py took 0.054 seconds
[2024-03-13T16:05:28.357-0400] {processor.py:161} INFO - Started process (PID=458895) to work on /home/ironbong_jr/mlops/project/project/lib/python3.10/site-packages/airflow/example_dags/example_branch_day_of_week_operator.py
[2024-03-13T16:05:28.360-0400] {processor.py:830} INFO - Processing file /home/ironbong_jr/mlops/project/project/lib/python3.10/site-packages/airflow/example_dags/example_branch_day_of_week_operator.py for tasks to queue
[2024-03-13T16:05:28.361-0400] {logging_mixin.py:188} INFO - [2024-03-13T16:05:28.360-0400] {dagbag.py:540} INFO - Filling up the DagBag from /home/ironbong_jr/mlops/project/project/lib/python3.10/site-packages/airflow/example_dags/example_branch_day_of_week_operator.py
[2024-03-13T16:05:28.366-0400] {processor.py:840} INFO - DAG(s) 'example_weekday_branch_operator' retrieved from /home/ironbong_jr/mlops/project/project/lib/python3.10/site-packages/airflow/example_dags/example_branch_day_of_week_operator.py
[2024-03-13T16:05:28.375-0400] {logging_mixin.py:188} INFO - [2024-03-13T16:05:28.375-0400] {dag.py:3047} INFO - Sync 1 DAGs
[2024-03-13T16:05:28.387-0400] {logging_mixin.py:188} INFO - [2024-03-13T16:05:28.387-0400] {dag.py:3834} INFO - Setting next_dagrun for example_weekday_branch_operator to 2024-03-12 00:00:00+00:00, run_after=2024-03-13 00:00:00+00:00
[2024-03-13T16:05:28.409-0400] {processor.py:183} INFO - Processing /home/ironbong_jr/mlops/project/project/lib/python3.10/site-packages/airflow/example_dags/example_branch_day_of_week_operator.py took 0.054 seconds
[2024-03-13T16:06:19.531-0400] {processor.py:161} INFO - Started process (PID=459155) to work on /home/ironbong_jr/mlops/project/project/lib/python3.10/site-packages/airflow/example_dags/example_branch_day_of_week_operator.py
[2024-03-13T16:06:19.533-0400] {processor.py:830} INFO - Processing file /home/ironbong_jr/mlops/project/project/lib/python3.10/site-packages/airflow/example_dags/example_branch_day_of_week_operator.py for tasks to queue
[2024-03-13T16:06:19.533-0400] {logging_mixin.py:188} INFO - [2024-03-13T16:06:19.533-0400] {dagbag.py:540} INFO - Filling up the DagBag from /home/ironbong_jr/mlops/project/project/lib/python3.10/site-packages/airflow/example_dags/example_branch_day_of_week_operator.py
[2024-03-13T16:06:19.538-0400] {processor.py:840} INFO - DAG(s) 'example_weekday_branch_operator' retrieved from /home/ironbong_jr/mlops/project/project/lib/python3.10/site-packages/airflow/example_dags/example_branch_day_of_week_operator.py
[2024-03-13T16:06:19.549-0400] {logging_mixin.py:188} INFO - [2024-03-13T16:06:19.549-0400] {dag.py:3047} INFO - Sync 1 DAGs
[2024-03-13T16:06:19.561-0400] {logging_mixin.py:188} INFO - [2024-03-13T16:06:19.560-0400] {dag.py:3834} INFO - Setting next_dagrun for example_weekday_branch_operator to 2024-03-12 00:00:00+00:00, run_after=2024-03-13 00:00:00+00:00
[2024-03-13T16:06:19.582-0400] {processor.py:183} INFO - Processing /home/ironbong_jr/mlops/project/project/lib/python3.10/site-packages/airflow/example_dags/example_branch_day_of_week_operator.py took 0.053 seconds
[2024-03-13T16:07:08.989-0400] {processor.py:161} INFO - Started process (PID=459396) to work on /home/ironbong_jr/mlops/project/project/lib/python3.10/site-packages/airflow/example_dags/example_branch_day_of_week_operator.py
[2024-03-13T16:07:08.990-0400] {processor.py:830} INFO - Processing file /home/ironbong_jr/mlops/project/project/lib/python3.10/site-packages/airflow/example_dags/example_branch_day_of_week_operator.py for tasks to queue
[2024-03-13T16:07:08.991-0400] {logging_mixin.py:188} INFO - [2024-03-13T16:07:08.991-0400] {dagbag.py:540} INFO - Filling up the DagBag from /home/ironbong_jr/mlops/project/project/lib/python3.10/site-packages/airflow/example_dags/example_branch_day_of_week_operator.py
[2024-03-13T16:07:08.996-0400] {processor.py:840} INFO - DAG(s) 'example_weekday_branch_operator' retrieved from /home/ironbong_jr/mlops/project/project/lib/python3.10/site-packages/airflow/example_dags/example_branch_day_of_week_operator.py
[2024-03-13T16:07:09.006-0400] {logging_mixin.py:188} INFO - [2024-03-13T16:07:09.006-0400] {dag.py:3047} INFO - Sync 1 DAGs
[2024-03-13T16:07:09.017-0400] {logging_mixin.py:188} INFO - [2024-03-13T16:07:09.017-0400] {dag.py:3834} INFO - Setting next_dagrun for example_weekday_branch_operator to 2024-03-12 00:00:00+00:00, run_after=2024-03-13 00:00:00+00:00
[2024-03-13T16:07:09.048-0400] {processor.py:183} INFO - Processing /home/ironbong_jr/mlops/project/project/lib/python3.10/site-packages/airflow/example_dags/example_branch_day_of_week_operator.py took 0.061 seconds
[2024-03-13T16:08:02.615-0400] {processor.py:161} INFO - Started process (PID=459659) to work on /home/ironbong_jr/mlops/project/project/lib/python3.10/site-packages/airflow/example_dags/example_branch_day_of_week_operator.py
[2024-03-13T16:08:02.616-0400] {processor.py:830} INFO - Processing file /home/ironbong_jr/mlops/project/project/lib/python3.10/site-packages/airflow/example_dags/example_branch_day_of_week_operator.py for tasks to queue
[2024-03-13T16:08:02.617-0400] {logging_mixin.py:188} INFO - [2024-03-13T16:08:02.616-0400] {dagbag.py:540} INFO - Filling up the DagBag from /home/ironbong_jr/mlops/project/project/lib/python3.10/site-packages/airflow/example_dags/example_branch_day_of_week_operator.py
[2024-03-13T16:08:02.622-0400] {processor.py:840} INFO - DAG(s) 'example_weekday_branch_operator' retrieved from /home/ironbong_jr/mlops/project/project/lib/python3.10/site-packages/airflow/example_dags/example_branch_day_of_week_operator.py
[2024-03-13T16:08:02.631-0400] {logging_mixin.py:188} INFO - [2024-03-13T16:08:02.631-0400] {dag.py:3047} INFO - Sync 1 DAGs
[2024-03-13T16:08:02.643-0400] {logging_mixin.py:188} INFO - [2024-03-13T16:08:02.642-0400] {dag.py:3834} INFO - Setting next_dagrun for example_weekday_branch_operator to 2024-03-12 00:00:00+00:00, run_after=2024-03-13 00:00:00+00:00
[2024-03-13T16:08:02.666-0400] {processor.py:183} INFO - Processing /home/ironbong_jr/mlops/project/project/lib/python3.10/site-packages/airflow/example_dags/example_branch_day_of_week_operator.py took 0.053 seconds
[2024-03-13T16:08:52.638-0400] {processor.py:161} INFO - Started process (PID=459916) to work on /home/ironbong_jr/mlops/project/project/lib/python3.10/site-packages/airflow/example_dags/example_branch_day_of_week_operator.py
[2024-03-13T16:08:52.639-0400] {processor.py:830} INFO - Processing file /home/ironbong_jr/mlops/project/project/lib/python3.10/site-packages/airflow/example_dags/example_branch_day_of_week_operator.py for tasks to queue
[2024-03-13T16:08:52.640-0400] {logging_mixin.py:188} INFO - [2024-03-13T16:08:52.640-0400] {dagbag.py:540} INFO - Filling up the DagBag from /home/ironbong_jr/mlops/project/project/lib/python3.10/site-packages/airflow/example_dags/example_branch_day_of_week_operator.py
[2024-03-13T16:08:52.652-0400] {processor.py:840} INFO - DAG(s) 'example_weekday_branch_operator' retrieved from /home/ironbong_jr/mlops/project/project/lib/python3.10/site-packages/airflow/example_dags/example_branch_day_of_week_operator.py
[2024-03-13T16:08:52.666-0400] {logging_mixin.py:188} INFO - [2024-03-13T16:08:52.666-0400] {dag.py:3047} INFO - Sync 1 DAGs
[2024-03-13T16:08:52.681-0400] {logging_mixin.py:188} INFO - [2024-03-13T16:08:52.681-0400] {dag.py:3834} INFO - Setting next_dagrun for example_weekday_branch_operator to 2024-03-12 00:00:00+00:00, run_after=2024-03-13 00:00:00+00:00
[2024-03-13T16:08:52.709-0400] {processor.py:183} INFO - Processing /home/ironbong_jr/mlops/project/project/lib/python3.10/site-packages/airflow/example_dags/example_branch_day_of_week_operator.py took 0.073 seconds
[2024-03-13T16:09:42.600-0400] {processor.py:161} INFO - Started process (PID=460153) to work on /home/ironbong_jr/mlops/project/project/lib/python3.10/site-packages/airflow/example_dags/example_branch_day_of_week_operator.py
[2024-03-13T16:09:42.601-0400] {processor.py:830} INFO - Processing file /home/ironbong_jr/mlops/project/project/lib/python3.10/site-packages/airflow/example_dags/example_branch_day_of_week_operator.py for tasks to queue
[2024-03-13T16:09:42.602-0400] {logging_mixin.py:188} INFO - [2024-03-13T16:09:42.602-0400] {dagbag.py:540} INFO - Filling up the DagBag from /home/ironbong_jr/mlops/project/project/lib/python3.10/site-packages/airflow/example_dags/example_branch_day_of_week_operator.py
[2024-03-13T16:09:42.607-0400] {processor.py:840} INFO - DAG(s) 'example_weekday_branch_operator' retrieved from /home/ironbong_jr/mlops/project/project/lib/python3.10/site-packages/airflow/example_dags/example_branch_day_of_week_operator.py
[2024-03-13T16:09:42.617-0400] {logging_mixin.py:188} INFO - [2024-03-13T16:09:42.617-0400] {dag.py:3047} INFO - Sync 1 DAGs
[2024-03-13T16:09:42.629-0400] {logging_mixin.py:188} INFO - [2024-03-13T16:09:42.629-0400] {dag.py:3834} INFO - Setting next_dagrun for example_weekday_branch_operator to 2024-03-12 00:00:00+00:00, run_after=2024-03-13 00:00:00+00:00
[2024-03-13T16:09:42.652-0400] {processor.py:183} INFO - Processing /home/ironbong_jr/mlops/project/project/lib/python3.10/site-packages/airflow/example_dags/example_branch_day_of_week_operator.py took 0.054 seconds
[2024-03-13T16:10:32.108-0400] {processor.py:161} INFO - Started process (PID=460402) to work on /home/ironbong_jr/mlops/project/project/lib/python3.10/site-packages/airflow/example_dags/example_branch_day_of_week_operator.py
[2024-03-13T16:10:32.111-0400] {processor.py:830} INFO - Processing file /home/ironbong_jr/mlops/project/project/lib/python3.10/site-packages/airflow/example_dags/example_branch_day_of_week_operator.py for tasks to queue
[2024-03-13T16:10:32.112-0400] {logging_mixin.py:188} INFO - [2024-03-13T16:10:32.112-0400] {dagbag.py:540} INFO - Filling up the DagBag from /home/ironbong_jr/mlops/project/project/lib/python3.10/site-packages/airflow/example_dags/example_branch_day_of_week_operator.py
[2024-03-13T16:10:32.117-0400] {processor.py:840} INFO - DAG(s) 'example_weekday_branch_operator' retrieved from /home/ironbong_jr/mlops/project/project/lib/python3.10/site-packages/airflow/example_dags/example_branch_day_of_week_operator.py
[2024-03-13T16:10:32.127-0400] {logging_mixin.py:188} INFO - [2024-03-13T16:10:32.127-0400] {dag.py:3047} INFO - Sync 1 DAGs
[2024-03-13T16:10:32.139-0400] {logging_mixin.py:188} INFO - [2024-03-13T16:10:32.138-0400] {dag.py:3834} INFO - Setting next_dagrun for example_weekday_branch_operator to 2024-03-12 00:00:00+00:00, run_after=2024-03-13 00:00:00+00:00
[2024-03-13T16:10:32.161-0400] {processor.py:183} INFO - Processing /home/ironbong_jr/mlops/project/project/lib/python3.10/site-packages/airflow/example_dags/example_branch_day_of_week_operator.py took 0.055 seconds
[2024-03-13T16:11:22.823-0400] {processor.py:161} INFO - Started process (PID=460659) to work on /home/ironbong_jr/mlops/project/project/lib/python3.10/site-packages/airflow/example_dags/example_branch_day_of_week_operator.py
[2024-03-13T16:11:22.826-0400] {processor.py:830} INFO - Processing file /home/ironbong_jr/mlops/project/project/lib/python3.10/site-packages/airflow/example_dags/example_branch_day_of_week_operator.py for tasks to queue
[2024-03-13T16:11:22.827-0400] {logging_mixin.py:188} INFO - [2024-03-13T16:11:22.827-0400] {dagbag.py:540} INFO - Filling up the DagBag from /home/ironbong_jr/mlops/project/project/lib/python3.10/site-packages/airflow/example_dags/example_branch_day_of_week_operator.py
[2024-03-13T16:11:22.832-0400] {processor.py:840} INFO - DAG(s) 'example_weekday_branch_operator' retrieved from /home/ironbong_jr/mlops/project/project/lib/python3.10/site-packages/airflow/example_dags/example_branch_day_of_week_operator.py
[2024-03-13T16:11:22.842-0400] {logging_mixin.py:188} INFO - [2024-03-13T16:11:22.842-0400] {dag.py:3047} INFO - Sync 1 DAGs
[2024-03-13T16:11:22.853-0400] {logging_mixin.py:188} INFO - [2024-03-13T16:11:22.853-0400] {dag.py:3834} INFO - Setting next_dagrun for example_weekday_branch_operator to 2024-03-12 00:00:00+00:00, run_after=2024-03-13 00:00:00+00:00
[2024-03-13T16:11:22.875-0400] {processor.py:183} INFO - Processing /home/ironbong_jr/mlops/project/project/lib/python3.10/site-packages/airflow/example_dags/example_branch_day_of_week_operator.py took 0.055 seconds
[2024-03-13T16:12:12.060-0400] {processor.py:161} INFO - Started process (PID=460896) to work on /home/ironbong_jr/mlops/project/project/lib/python3.10/site-packages/airflow/example_dags/example_branch_day_of_week_operator.py
[2024-03-13T16:12:12.062-0400] {processor.py:830} INFO - Processing file /home/ironbong_jr/mlops/project/project/lib/python3.10/site-packages/airflow/example_dags/example_branch_day_of_week_operator.py for tasks to queue
[2024-03-13T16:12:12.062-0400] {logging_mixin.py:188} INFO - [2024-03-13T16:12:12.062-0400] {dagbag.py:540} INFO - Filling up the DagBag from /home/ironbong_jr/mlops/project/project/lib/python3.10/site-packages/airflow/example_dags/example_branch_day_of_week_operator.py
[2024-03-13T16:12:12.067-0400] {processor.py:840} INFO - DAG(s) 'example_weekday_branch_operator' retrieved from /home/ironbong_jr/mlops/project/project/lib/python3.10/site-packages/airflow/example_dags/example_branch_day_of_week_operator.py
[2024-03-13T16:12:12.077-0400] {logging_mixin.py:188} INFO - [2024-03-13T16:12:12.077-0400] {dag.py:3047} INFO - Sync 1 DAGs
[2024-03-13T16:12:12.088-0400] {logging_mixin.py:188} INFO - [2024-03-13T16:12:12.088-0400] {dag.py:3834} INFO - Setting next_dagrun for example_weekday_branch_operator to 2024-03-12 00:00:00+00:00, run_after=2024-03-13 00:00:00+00:00
[2024-03-13T16:12:12.111-0400] {processor.py:183} INFO - Processing /home/ironbong_jr/mlops/project/project/lib/python3.10/site-packages/airflow/example_dags/example_branch_day_of_week_operator.py took 0.052 seconds
