[2024-03-12T21:22:08.460-0400] {processor.py:161} INFO - Started process (PID=407061) to work on /home/ironbong_jr/mlops/project/project/lib/python3.10/site-packages/airflow/example_dags/example_task_group_decorator.py
[2024-03-12T21:22:08.461-0400] {processor.py:830} INFO - Processing file /home/ironbong_jr/mlops/project/project/lib/python3.10/site-packages/airflow/example_dags/example_task_group_decorator.py for tasks to queue
[2024-03-12T21:22:08.463-0400] {logging_mixin.py:188} INFO - [2024-03-12T21:22:08.462-0400] {dagbag.py:540} INFO - Filling up the DagBag from /home/ironbong_jr/mlops/project/project/lib/python3.10/site-packages/airflow/example_dags/example_task_group_decorator.py
[2024-03-12T21:22:08.500-0400] {processor.py:840} INFO - DAG(s) 'example_task_group_decorator' retrieved from /home/ironbong_jr/mlops/project/project/lib/python3.10/site-packages/airflow/example_dags/example_task_group_decorator.py
[2024-03-12T21:22:08.913-0400] {logging_mixin.py:188} INFO - [2024-03-12T21:22:08.912-0400] {dag.py:3047} INFO - Sync 1 DAGs
[2024-03-12T21:22:08.938-0400] {logging_mixin.py:188} INFO - [2024-03-12T21:22:08.938-0400] {dag.py:3834} INFO - Setting next_dagrun for example_task_group_decorator to 2024-03-12 00:00:00+00:00, run_after=2024-03-13 00:00:00+00:00
[2024-03-12T21:22:09.033-0400] {processor.py:183} INFO - Processing /home/ironbong_jr/mlops/project/project/lib/python3.10/site-packages/airflow/example_dags/example_task_group_decorator.py took 0.589 seconds
[2024-03-12T21:24:00.546-0400] {processor.py:161} INFO - Started process (PID=407585) to work on /home/ironbong_jr/mlops/project/project/lib/python3.10/site-packages/airflow/example_dags/example_task_group_decorator.py
[2024-03-12T21:24:00.593-0400] {processor.py:830} INFO - Processing file /home/ironbong_jr/mlops/project/project/lib/python3.10/site-packages/airflow/example_dags/example_task_group_decorator.py for tasks to queue
[2024-03-12T21:24:00.597-0400] {logging_mixin.py:188} INFO - [2024-03-12T21:24:00.595-0400] {dagbag.py:540} INFO - Filling up the DagBag from /home/ironbong_jr/mlops/project/project/lib/python3.10/site-packages/airflow/example_dags/example_task_group_decorator.py
[2024-03-12T21:24:00.862-0400] {processor.py:840} INFO - DAG(s) 'example_task_group_decorator' retrieved from /home/ironbong_jr/mlops/project/project/lib/python3.10/site-packages/airflow/example_dags/example_task_group_decorator.py
[2024-03-12T21:24:00.890-0400] {logging_mixin.py:188} INFO - [2024-03-12T21:24:00.890-0400] {dag.py:3047} INFO - Sync 1 DAGs
[2024-03-12T21:24:00.936-0400] {logging_mixin.py:188} INFO - [2024-03-12T21:24:00.935-0400] {dag.py:3834} INFO - Setting next_dagrun for example_task_group_decorator to 2024-03-12 00:00:00+00:00, run_after=2024-03-13 00:00:00+00:00
[2024-03-12T21:24:01.039-0400] {processor.py:183} INFO - Processing /home/ironbong_jr/mlops/project/project/lib/python3.10/site-packages/airflow/example_dags/example_task_group_decorator.py took 0.500 seconds
[2024-03-12T21:26:55.644-0400] {processor.py:161} INFO - Started process (PID=408339) to work on /home/ironbong_jr/mlops/project/project/lib/python3.10/site-packages/airflow/example_dags/example_task_group_decorator.py
[2024-03-12T21:26:55.649-0400] {processor.py:830} INFO - Processing file /home/ironbong_jr/mlops/project/project/lib/python3.10/site-packages/airflow/example_dags/example_task_group_decorator.py for tasks to queue
[2024-03-12T21:26:55.652-0400] {logging_mixin.py:188} INFO - [2024-03-12T21:26:55.651-0400] {dagbag.py:540} INFO - Filling up the DagBag from /home/ironbong_jr/mlops/project/project/lib/python3.10/site-packages/airflow/example_dags/example_task_group_decorator.py
[2024-03-12T21:26:55.678-0400] {processor.py:840} INFO - DAG(s) 'example_task_group_decorator' retrieved from /home/ironbong_jr/mlops/project/project/lib/python3.10/site-packages/airflow/example_dags/example_task_group_decorator.py
[2024-03-12T21:26:55.709-0400] {logging_mixin.py:188} INFO - [2024-03-12T21:26:55.708-0400] {dag.py:3047} INFO - Sync 1 DAGs
[2024-03-12T21:26:55.740-0400] {logging_mixin.py:188} INFO - [2024-03-12T21:26:55.740-0400] {dag.py:3834} INFO - Setting next_dagrun for example_task_group_decorator to 2024-03-12 00:00:00+00:00, run_after=2024-03-13 00:00:00+00:00
[2024-03-12T21:26:55.780-0400] {processor.py:183} INFO - Processing /home/ironbong_jr/mlops/project/project/lib/python3.10/site-packages/airflow/example_dags/example_task_group_decorator.py took 0.145 seconds
[2024-03-12T21:28:36.029-0400] {processor.py:161} INFO - Started process (PID=408829) to work on /home/ironbong_jr/mlops/project/project/lib/python3.10/site-packages/airflow/example_dags/example_task_group_decorator.py
[2024-03-12T21:28:36.080-0400] {processor.py:830} INFO - Processing file /home/ironbong_jr/mlops/project/project/lib/python3.10/site-packages/airflow/example_dags/example_task_group_decorator.py for tasks to queue
[2024-03-12T21:28:36.084-0400] {logging_mixin.py:188} INFO - [2024-03-12T21:28:36.082-0400] {dagbag.py:540} INFO - Filling up the DagBag from /home/ironbong_jr/mlops/project/project/lib/python3.10/site-packages/airflow/example_dags/example_task_group_decorator.py
[2024-03-12T21:28:36.114-0400] {processor.py:840} INFO - DAG(s) 'example_task_group_decorator' retrieved from /home/ironbong_jr/mlops/project/project/lib/python3.10/site-packages/airflow/example_dags/example_task_group_decorator.py
[2024-03-12T21:28:36.155-0400] {logging_mixin.py:188} INFO - [2024-03-12T21:28:36.155-0400] {dag.py:3047} INFO - Sync 1 DAGs
[2024-03-12T21:28:36.213-0400] {logging_mixin.py:188} INFO - [2024-03-12T21:28:36.213-0400] {dag.py:3834} INFO - Setting next_dagrun for example_task_group_decorator to 2024-03-12 00:00:00+00:00, run_after=2024-03-13 00:00:00+00:00
[2024-03-12T21:28:36.284-0400] {processor.py:183} INFO - Processing /home/ironbong_jr/mlops/project/project/lib/python3.10/site-packages/airflow/example_dags/example_task_group_decorator.py took 0.263 seconds
[2024-03-12T21:30:01.946-0400] {processor.py:161} INFO - Started process (PID=409244) to work on /home/ironbong_jr/mlops/project/project/lib/python3.10/site-packages/airflow/example_dags/example_task_group_decorator.py
[2024-03-12T21:30:01.997-0400] {processor.py:830} INFO - Processing file /home/ironbong_jr/mlops/project/project/lib/python3.10/site-packages/airflow/example_dags/example_task_group_decorator.py for tasks to queue
[2024-03-12T21:30:01.999-0400] {logging_mixin.py:188} INFO - [2024-03-12T21:30:01.998-0400] {dagbag.py:540} INFO - Filling up the DagBag from /home/ironbong_jr/mlops/project/project/lib/python3.10/site-packages/airflow/example_dags/example_task_group_decorator.py
[2024-03-12T21:30:02.036-0400] {processor.py:840} INFO - DAG(s) 'example_task_group_decorator' retrieved from /home/ironbong_jr/mlops/project/project/lib/python3.10/site-packages/airflow/example_dags/example_task_group_decorator.py
[2024-03-12T21:30:02.084-0400] {logging_mixin.py:188} INFO - [2024-03-12T21:30:02.084-0400] {dag.py:3047} INFO - Sync 1 DAGs
[2024-03-12T21:30:02.124-0400] {logging_mixin.py:188} INFO - [2024-03-12T21:30:02.123-0400] {dag.py:3834} INFO - Setting next_dagrun for example_task_group_decorator to 2024-03-12 00:00:00+00:00, run_after=2024-03-13 00:00:00+00:00
[2024-03-12T21:30:02.243-0400] {processor.py:183} INFO - Processing /home/ironbong_jr/mlops/project/project/lib/python3.10/site-packages/airflow/example_dags/example_task_group_decorator.py took 0.306 seconds
[2024-03-12T21:31:42.130-0400] {processor.py:161} INFO - Started process (PID=409740) to work on /home/ironbong_jr/mlops/project/project/lib/python3.10/site-packages/airflow/example_dags/example_task_group_decorator.py
[2024-03-12T21:31:42.176-0400] {processor.py:830} INFO - Processing file /home/ironbong_jr/mlops/project/project/lib/python3.10/site-packages/airflow/example_dags/example_task_group_decorator.py for tasks to queue
[2024-03-12T21:31:42.179-0400] {logging_mixin.py:188} INFO - [2024-03-12T21:31:42.178-0400] {dagbag.py:540} INFO - Filling up the DagBag from /home/ironbong_jr/mlops/project/project/lib/python3.10/site-packages/airflow/example_dags/example_task_group_decorator.py
[2024-03-12T21:31:42.205-0400] {processor.py:840} INFO - DAG(s) 'example_task_group_decorator' retrieved from /home/ironbong_jr/mlops/project/project/lib/python3.10/site-packages/airflow/example_dags/example_task_group_decorator.py
[2024-03-12T21:31:42.268-0400] {logging_mixin.py:188} INFO - [2024-03-12T21:31:42.266-0400] {dag.py:3047} INFO - Sync 1 DAGs
[2024-03-12T21:31:42.301-0400] {logging_mixin.py:188} INFO - [2024-03-12T21:31:42.300-0400] {dag.py:3834} INFO - Setting next_dagrun for example_task_group_decorator to 2024-03-12 00:00:00+00:00, run_after=2024-03-13 00:00:00+00:00
[2024-03-12T21:31:42.392-0400] {processor.py:183} INFO - Processing /home/ironbong_jr/mlops/project/project/lib/python3.10/site-packages/airflow/example_dags/example_task_group_decorator.py took 0.271 seconds
[2024-03-12T21:33:24.061-0400] {processor.py:161} INFO - Started process (PID=410308) to work on /home/ironbong_jr/mlops/project/project/lib/python3.10/site-packages/airflow/example_dags/example_task_group_decorator.py
[2024-03-12T21:33:24.112-0400] {processor.py:830} INFO - Processing file /home/ironbong_jr/mlops/project/project/lib/python3.10/site-packages/airflow/example_dags/example_task_group_decorator.py for tasks to queue
[2024-03-12T21:33:24.116-0400] {logging_mixin.py:188} INFO - [2024-03-12T21:33:24.114-0400] {dagbag.py:540} INFO - Filling up the DagBag from /home/ironbong_jr/mlops/project/project/lib/python3.10/site-packages/airflow/example_dags/example_task_group_decorator.py
[2024-03-12T21:33:24.170-0400] {processor.py:840} INFO - DAG(s) 'example_task_group_decorator' retrieved from /home/ironbong_jr/mlops/project/project/lib/python3.10/site-packages/airflow/example_dags/example_task_group_decorator.py
[2024-03-12T21:33:24.212-0400] {logging_mixin.py:188} INFO - [2024-03-12T21:33:24.211-0400] {dag.py:3047} INFO - Sync 1 DAGs
[2024-03-12T21:33:24.249-0400] {logging_mixin.py:188} INFO - [2024-03-12T21:33:24.249-0400] {dag.py:3834} INFO - Setting next_dagrun for example_task_group_decorator to 2024-03-12 00:00:00+00:00, run_after=2024-03-13 00:00:00+00:00
[2024-03-12T21:33:24.344-0400] {processor.py:183} INFO - Processing /home/ironbong_jr/mlops/project/project/lib/python3.10/site-packages/airflow/example_dags/example_task_group_decorator.py took 0.294 seconds
[2024-03-12T21:34:52.785-0400] {processor.py:161} INFO - Started process (PID=410713) to work on /home/ironbong_jr/mlops/project/project/lib/python3.10/site-packages/airflow/example_dags/example_task_group_decorator.py
[2024-03-12T21:34:52.832-0400] {processor.py:830} INFO - Processing file /home/ironbong_jr/mlops/project/project/lib/python3.10/site-packages/airflow/example_dags/example_task_group_decorator.py for tasks to queue
[2024-03-12T21:34:52.834-0400] {logging_mixin.py:188} INFO - [2024-03-12T21:34:52.833-0400] {dagbag.py:540} INFO - Filling up the DagBag from /home/ironbong_jr/mlops/project/project/lib/python3.10/site-packages/airflow/example_dags/example_task_group_decorator.py
[2024-03-12T21:34:52.872-0400] {processor.py:840} INFO - DAG(s) 'example_task_group_decorator' retrieved from /home/ironbong_jr/mlops/project/project/lib/python3.10/site-packages/airflow/example_dags/example_task_group_decorator.py
[2024-03-12T21:34:52.931-0400] {logging_mixin.py:188} INFO - [2024-03-12T21:34:52.930-0400] {dag.py:3047} INFO - Sync 1 DAGs
[2024-03-12T21:34:52.966-0400] {logging_mixin.py:188} INFO - [2024-03-12T21:34:52.966-0400] {dag.py:3834} INFO - Setting next_dagrun for example_task_group_decorator to 2024-03-12 00:00:00+00:00, run_after=2024-03-13 00:00:00+00:00
[2024-03-12T21:34:53.071-0400] {processor.py:183} INFO - Processing /home/ironbong_jr/mlops/project/project/lib/python3.10/site-packages/airflow/example_dags/example_task_group_decorator.py took 0.291 seconds
[2024-03-12T23:26:28.811-0400] {processor.py:161} INFO - Started process (PID=417759) to work on /home/ironbong_jr/mlops/project/project/lib/python3.10/site-packages/airflow/example_dags/example_task_group_decorator.py
[2024-03-12T23:26:28.862-0400] {processor.py:830} INFO - Processing file /home/ironbong_jr/mlops/project/project/lib/python3.10/site-packages/airflow/example_dags/example_task_group_decorator.py for tasks to queue
[2024-03-12T23:26:28.865-0400] {logging_mixin.py:188} INFO - [2024-03-12T23:26:28.864-0400] {dagbag.py:540} INFO - Filling up the DagBag from /home/ironbong_jr/mlops/project/project/lib/python3.10/site-packages/airflow/example_dags/example_task_group_decorator.py
[2024-03-12T23:26:28.904-0400] {processor.py:840} INFO - DAG(s) 'example_task_group_decorator' retrieved from /home/ironbong_jr/mlops/project/project/lib/python3.10/site-packages/airflow/example_dags/example_task_group_decorator.py
[2024-03-12T23:26:29.350-0400] {logging_mixin.py:188} INFO - [2024-03-12T23:26:29.349-0400] {dag.py:3047} INFO - Sync 1 DAGs
[2024-03-12T23:26:29.371-0400] {logging_mixin.py:188} INFO - [2024-03-12T23:26:29.371-0400] {dag.py:3834} INFO - Setting next_dagrun for example_task_group_decorator to 2024-03-12 00:00:00+00:00, run_after=2024-03-13 00:00:00+00:00
[2024-03-12T23:26:29.498-0400] {processor.py:183} INFO - Processing /home/ironbong_jr/mlops/project/project/lib/python3.10/site-packages/airflow/example_dags/example_task_group_decorator.py took 0.695 seconds
[2024-03-12T23:29:42.702-0400] {processor.py:161} INFO - Started process (PID=418532) to work on /home/ironbong_jr/mlops/project/project/lib/python3.10/site-packages/airflow/example_dags/example_task_group_decorator.py
[2024-03-12T23:29:42.755-0400] {processor.py:830} INFO - Processing file /home/ironbong_jr/mlops/project/project/lib/python3.10/site-packages/airflow/example_dags/example_task_group_decorator.py for tasks to queue
[2024-03-12T23:29:42.759-0400] {logging_mixin.py:188} INFO - [2024-03-12T23:29:42.758-0400] {dagbag.py:540} INFO - Filling up the DagBag from /home/ironbong_jr/mlops/project/project/lib/python3.10/site-packages/airflow/example_dags/example_task_group_decorator.py
[2024-03-12T23:29:42.803-0400] {processor.py:840} INFO - DAG(s) 'example_task_group_decorator' retrieved from /home/ironbong_jr/mlops/project/project/lib/python3.10/site-packages/airflow/example_dags/example_task_group_decorator.py
[2024-03-12T23:29:42.872-0400] {logging_mixin.py:188} INFO - [2024-03-12T23:29:42.871-0400] {dag.py:3047} INFO - Sync 1 DAGs
[2024-03-12T23:29:42.916-0400] {logging_mixin.py:188} INFO - [2024-03-12T23:29:42.916-0400] {dag.py:3834} INFO - Setting next_dagrun for example_task_group_decorator to 2024-03-12 00:00:00+00:00, run_after=2024-03-13 00:00:00+00:00
[2024-03-12T23:29:42.972-0400] {processor.py:183} INFO - Processing /home/ironbong_jr/mlops/project/project/lib/python3.10/site-packages/airflow/example_dags/example_task_group_decorator.py took 0.288 seconds
[2024-03-12T23:31:32.667-0400] {processor.py:161} INFO - Started process (PID=419003) to work on /home/ironbong_jr/mlops/project/project/lib/python3.10/site-packages/airflow/example_dags/example_task_group_decorator.py
[2024-03-12T23:31:32.671-0400] {processor.py:830} INFO - Processing file /home/ironbong_jr/mlops/project/project/lib/python3.10/site-packages/airflow/example_dags/example_task_group_decorator.py for tasks to queue
[2024-03-12T23:31:32.673-0400] {logging_mixin.py:188} INFO - [2024-03-12T23:31:32.672-0400] {dagbag.py:540} INFO - Filling up the DagBag from /home/ironbong_jr/mlops/project/project/lib/python3.10/site-packages/airflow/example_dags/example_task_group_decorator.py
[2024-03-12T23:31:32.697-0400] {processor.py:840} INFO - DAG(s) 'example_task_group_decorator' retrieved from /home/ironbong_jr/mlops/project/project/lib/python3.10/site-packages/airflow/example_dags/example_task_group_decorator.py
[2024-03-12T23:31:32.728-0400] {logging_mixin.py:188} INFO - [2024-03-12T23:31:32.727-0400] {dag.py:3047} INFO - Sync 1 DAGs
[2024-03-12T23:31:32.755-0400] {logging_mixin.py:188} INFO - [2024-03-12T23:31:32.755-0400] {dag.py:3834} INFO - Setting next_dagrun for example_task_group_decorator to 2024-03-12 00:00:00+00:00, run_after=2024-03-13 00:00:00+00:00
[2024-03-12T23:31:32.801-0400] {processor.py:183} INFO - Processing /home/ironbong_jr/mlops/project/project/lib/python3.10/site-packages/airflow/example_dags/example_task_group_decorator.py took 0.139 seconds
[2024-03-12T23:42:26.145-0400] {processor.py:161} INFO - Started process (PID=421613) to work on /home/ironbong_jr/mlops/project/project/lib/python3.10/site-packages/airflow/example_dags/example_task_group_decorator.py
[2024-03-12T23:42:26.148-0400] {processor.py:830} INFO - Processing file /home/ironbong_jr/mlops/project/project/lib/python3.10/site-packages/airflow/example_dags/example_task_group_decorator.py for tasks to queue
[2024-03-12T23:42:26.151-0400] {logging_mixin.py:188} INFO - [2024-03-12T23:42:26.149-0400] {dagbag.py:540} INFO - Filling up the DagBag from /home/ironbong_jr/mlops/project/project/lib/python3.10/site-packages/airflow/example_dags/example_task_group_decorator.py
[2024-03-12T23:42:26.178-0400] {processor.py:840} INFO - DAG(s) 'example_task_group_decorator' retrieved from /home/ironbong_jr/mlops/project/project/lib/python3.10/site-packages/airflow/example_dags/example_task_group_decorator.py
[2024-03-12T23:42:26.536-0400] {logging_mixin.py:188} INFO - [2024-03-12T23:42:26.535-0400] {dag.py:3047} INFO - Sync 1 DAGs
[2024-03-12T23:42:26.583-0400] {logging_mixin.py:188} INFO - [2024-03-12T23:42:26.582-0400] {dag.py:3834} INFO - Setting next_dagrun for example_task_group_decorator to 2024-03-12 00:00:00+00:00, run_after=2024-03-13 00:00:00+00:00
[2024-03-12T23:42:26.691-0400] {processor.py:183} INFO - Processing /home/ironbong_jr/mlops/project/project/lib/python3.10/site-packages/airflow/example_dags/example_task_group_decorator.py took 0.561 seconds
[2024-03-12T23:44:26.752-0400] {processor.py:161} INFO - Started process (PID=422115) to work on /home/ironbong_jr/mlops/project/project/lib/python3.10/site-packages/airflow/example_dags/example_task_group_decorator.py
[2024-03-12T23:44:26.803-0400] {processor.py:830} INFO - Processing file /home/ironbong_jr/mlops/project/project/lib/python3.10/site-packages/airflow/example_dags/example_task_group_decorator.py for tasks to queue
[2024-03-12T23:44:26.806-0400] {logging_mixin.py:188} INFO - [2024-03-12T23:44:26.805-0400] {dagbag.py:540} INFO - Filling up the DagBag from /home/ironbong_jr/mlops/project/project/lib/python3.10/site-packages/airflow/example_dags/example_task_group_decorator.py
[2024-03-12T23:44:26.983-0400] {processor.py:840} INFO - DAG(s) 'example_task_group_decorator' retrieved from /home/ironbong_jr/mlops/project/project/lib/python3.10/site-packages/airflow/example_dags/example_task_group_decorator.py
[2024-03-12T23:44:27.003-0400] {logging_mixin.py:188} INFO - [2024-03-12T23:44:27.003-0400] {dag.py:3047} INFO - Sync 1 DAGs
[2024-03-12T23:44:27.025-0400] {logging_mixin.py:188} INFO - [2024-03-12T23:44:27.024-0400] {dag.py:3834} INFO - Setting next_dagrun for example_task_group_decorator to 2024-03-12 00:00:00+00:00, run_after=2024-03-13 00:00:00+00:00
[2024-03-12T23:44:27.078-0400] {processor.py:183} INFO - Processing /home/ironbong_jr/mlops/project/project/lib/python3.10/site-packages/airflow/example_dags/example_task_group_decorator.py took 0.339 seconds
[2024-03-12T23:46:07.400-0400] {processor.py:161} INFO - Started process (PID=422701) to work on /home/ironbong_jr/mlops/project/project/lib/python3.10/site-packages/airflow/example_dags/example_task_group_decorator.py
[2024-03-12T23:46:07.403-0400] {processor.py:830} INFO - Processing file /home/ironbong_jr/mlops/project/project/lib/python3.10/site-packages/airflow/example_dags/example_task_group_decorator.py for tasks to queue
[2024-03-12T23:46:07.405-0400] {logging_mixin.py:188} INFO - [2024-03-12T23:46:07.404-0400] {dagbag.py:540} INFO - Filling up the DagBag from /home/ironbong_jr/mlops/project/project/lib/python3.10/site-packages/airflow/example_dags/example_task_group_decorator.py
[2024-03-12T23:46:07.441-0400] {processor.py:840} INFO - DAG(s) 'example_task_group_decorator' retrieved from /home/ironbong_jr/mlops/project/project/lib/python3.10/site-packages/airflow/example_dags/example_task_group_decorator.py
[2024-03-12T23:46:07.501-0400] {logging_mixin.py:188} INFO - [2024-03-12T23:46:07.500-0400] {dag.py:3047} INFO - Sync 1 DAGs
[2024-03-12T23:46:07.551-0400] {logging_mixin.py:188} INFO - [2024-03-12T23:46:07.549-0400] {dag.py:3834} INFO - Setting next_dagrun for example_task_group_decorator to 2024-03-12 00:00:00+00:00, run_after=2024-03-13 00:00:00+00:00
[2024-03-12T23:46:07.623-0400] {processor.py:183} INFO - Processing /home/ironbong_jr/mlops/project/project/lib/python3.10/site-packages/airflow/example_dags/example_task_group_decorator.py took 0.230 seconds
[2024-03-12T23:48:17.238-0400] {processor.py:161} INFO - Started process (PID=423315) to work on /home/ironbong_jr/mlops/project/project/lib/python3.10/site-packages/airflow/example_dags/example_task_group_decorator.py
[2024-03-12T23:48:17.289-0400] {processor.py:830} INFO - Processing file /home/ironbong_jr/mlops/project/project/lib/python3.10/site-packages/airflow/example_dags/example_task_group_decorator.py for tasks to queue
[2024-03-12T23:48:17.292-0400] {logging_mixin.py:188} INFO - [2024-03-12T23:48:17.291-0400] {dagbag.py:540} INFO - Filling up the DagBag from /home/ironbong_jr/mlops/project/project/lib/python3.10/site-packages/airflow/example_dags/example_task_group_decorator.py
[2024-03-12T23:48:17.318-0400] {processor.py:840} INFO - DAG(s) 'example_task_group_decorator' retrieved from /home/ironbong_jr/mlops/project/project/lib/python3.10/site-packages/airflow/example_dags/example_task_group_decorator.py
[2024-03-12T23:48:17.344-0400] {logging_mixin.py:188} INFO - [2024-03-12T23:48:17.343-0400] {dag.py:3047} INFO - Sync 1 DAGs
[2024-03-12T23:48:17.373-0400] {logging_mixin.py:188} INFO - [2024-03-12T23:48:17.372-0400] {dag.py:3834} INFO - Setting next_dagrun for example_task_group_decorator to 2024-03-12 00:00:00+00:00, run_after=2024-03-13 00:00:00+00:00
[2024-03-12T23:48:17.416-0400] {processor.py:183} INFO - Processing /home/ironbong_jr/mlops/project/project/lib/python3.10/site-packages/airflow/example_dags/example_task_group_decorator.py took 0.184 seconds
[2024-03-12T23:49:45.849-0400] {processor.py:161} INFO - Started process (PID=423715) to work on /home/ironbong_jr/mlops/project/project/lib/python3.10/site-packages/airflow/example_dags/example_task_group_decorator.py
[2024-03-12T23:49:45.898-0400] {processor.py:830} INFO - Processing file /home/ironbong_jr/mlops/project/project/lib/python3.10/site-packages/airflow/example_dags/example_task_group_decorator.py for tasks to queue
[2024-03-12T23:49:45.901-0400] {logging_mixin.py:188} INFO - [2024-03-12T23:49:45.900-0400] {dagbag.py:540} INFO - Filling up the DagBag from /home/ironbong_jr/mlops/project/project/lib/python3.10/site-packages/airflow/example_dags/example_task_group_decorator.py
[2024-03-12T23:49:45.934-0400] {processor.py:840} INFO - DAG(s) 'example_task_group_decorator' retrieved from /home/ironbong_jr/mlops/project/project/lib/python3.10/site-packages/airflow/example_dags/example_task_group_decorator.py
[2024-03-12T23:49:45.966-0400] {logging_mixin.py:188} INFO - [2024-03-12T23:49:45.965-0400] {dag.py:3047} INFO - Sync 1 DAGs
[2024-03-12T23:49:45.995-0400] {logging_mixin.py:188} INFO - [2024-03-12T23:49:45.995-0400] {dag.py:3834} INFO - Setting next_dagrun for example_task_group_decorator to 2024-03-12 00:00:00+00:00, run_after=2024-03-13 00:00:00+00:00
[2024-03-12T23:49:46.045-0400] {processor.py:183} INFO - Processing /home/ironbong_jr/mlops/project/project/lib/python3.10/site-packages/airflow/example_dags/example_task_group_decorator.py took 0.204 seconds
[2024-03-12T23:51:11.049-0400] {processor.py:161} INFO - Started process (PID=424167) to work on /home/ironbong_jr/mlops/project/project/lib/python3.10/site-packages/airflow/example_dags/example_task_group_decorator.py
[2024-03-12T23:51:11.098-0400] {processor.py:830} INFO - Processing file /home/ironbong_jr/mlops/project/project/lib/python3.10/site-packages/airflow/example_dags/example_task_group_decorator.py for tasks to queue
[2024-03-12T23:51:11.101-0400] {logging_mixin.py:188} INFO - [2024-03-12T23:51:11.100-0400] {dagbag.py:540} INFO - Filling up the DagBag from /home/ironbong_jr/mlops/project/project/lib/python3.10/site-packages/airflow/example_dags/example_task_group_decorator.py
[2024-03-12T23:51:11.128-0400] {processor.py:840} INFO - DAG(s) 'example_task_group_decorator' retrieved from /home/ironbong_jr/mlops/project/project/lib/python3.10/site-packages/airflow/example_dags/example_task_group_decorator.py
[2024-03-12T23:51:11.162-0400] {logging_mixin.py:188} INFO - [2024-03-12T23:51:11.161-0400] {dag.py:3047} INFO - Sync 1 DAGs
[2024-03-12T23:51:11.191-0400] {logging_mixin.py:188} INFO - [2024-03-12T23:51:11.190-0400] {dag.py:3834} INFO - Setting next_dagrun for example_task_group_decorator to 2024-03-12 00:00:00+00:00, run_after=2024-03-13 00:00:00+00:00
[2024-03-12T23:51:11.311-0400] {processor.py:183} INFO - Processing /home/ironbong_jr/mlops/project/project/lib/python3.10/site-packages/airflow/example_dags/example_task_group_decorator.py took 0.268 seconds
[2024-03-12T23:52:38.942-0400] {processor.py:161} INFO - Started process (PID=424637) to work on /home/ironbong_jr/mlops/project/project/lib/python3.10/site-packages/airflow/example_dags/example_task_group_decorator.py
[2024-03-12T23:52:38.995-0400] {processor.py:830} INFO - Processing file /home/ironbong_jr/mlops/project/project/lib/python3.10/site-packages/airflow/example_dags/example_task_group_decorator.py for tasks to queue
[2024-03-12T23:52:38.998-0400] {logging_mixin.py:188} INFO - [2024-03-12T23:52:38.996-0400] {dagbag.py:540} INFO - Filling up the DagBag from /home/ironbong_jr/mlops/project/project/lib/python3.10/site-packages/airflow/example_dags/example_task_group_decorator.py
[2024-03-12T23:52:39.039-0400] {processor.py:840} INFO - DAG(s) 'example_task_group_decorator' retrieved from /home/ironbong_jr/mlops/project/project/lib/python3.10/site-packages/airflow/example_dags/example_task_group_decorator.py
[2024-03-12T23:52:39.083-0400] {logging_mixin.py:188} INFO - [2024-03-12T23:52:39.082-0400] {dag.py:3047} INFO - Sync 1 DAGs
[2024-03-12T23:52:39.116-0400] {logging_mixin.py:188} INFO - [2024-03-12T23:52:39.116-0400] {dag.py:3834} INFO - Setting next_dagrun for example_task_group_decorator to 2024-03-12 00:00:00+00:00, run_after=2024-03-13 00:00:00+00:00
[2024-03-12T23:52:39.221-0400] {processor.py:183} INFO - Processing /home/ironbong_jr/mlops/project/project/lib/python3.10/site-packages/airflow/example_dags/example_task_group_decorator.py took 0.285 seconds
[2024-03-12T23:54:13.828-0400] {processor.py:161} INFO - Started process (PID=425140) to work on /home/ironbong_jr/mlops/project/project/lib/python3.10/site-packages/airflow/example_dags/example_task_group_decorator.py
[2024-03-12T23:54:13.880-0400] {processor.py:830} INFO - Processing file /home/ironbong_jr/mlops/project/project/lib/python3.10/site-packages/airflow/example_dags/example_task_group_decorator.py for tasks to queue
[2024-03-12T23:54:13.884-0400] {logging_mixin.py:188} INFO - [2024-03-12T23:54:13.882-0400] {dagbag.py:540} INFO - Filling up the DagBag from /home/ironbong_jr/mlops/project/project/lib/python3.10/site-packages/airflow/example_dags/example_task_group_decorator.py
[2024-03-12T23:54:13.927-0400] {processor.py:840} INFO - DAG(s) 'example_task_group_decorator' retrieved from /home/ironbong_jr/mlops/project/project/lib/python3.10/site-packages/airflow/example_dags/example_task_group_decorator.py
[2024-03-12T23:54:13.978-0400] {logging_mixin.py:188} INFO - [2024-03-12T23:54:13.977-0400] {dag.py:3047} INFO - Sync 1 DAGs
[2024-03-12T23:54:14.041-0400] {logging_mixin.py:188} INFO - [2024-03-12T23:54:14.040-0400] {dag.py:3834} INFO - Setting next_dagrun for example_task_group_decorator to 2024-03-12 00:00:00+00:00, run_after=2024-03-13 00:00:00+00:00
[2024-03-12T23:54:14.192-0400] {processor.py:183} INFO - Processing /home/ironbong_jr/mlops/project/project/lib/python3.10/site-packages/airflow/example_dags/example_task_group_decorator.py took 0.371 seconds
[2024-03-12T23:55:51.833-0400] {processor.py:161} INFO - Started process (PID=425566) to work on /home/ironbong_jr/mlops/project/project/lib/python3.10/site-packages/airflow/example_dags/example_task_group_decorator.py
[2024-03-12T23:55:51.836-0400] {processor.py:830} INFO - Processing file /home/ironbong_jr/mlops/project/project/lib/python3.10/site-packages/airflow/example_dags/example_task_group_decorator.py for tasks to queue
[2024-03-12T23:55:51.838-0400] {logging_mixin.py:188} INFO - [2024-03-12T23:55:51.837-0400] {dagbag.py:540} INFO - Filling up the DagBag from /home/ironbong_jr/mlops/project/project/lib/python3.10/site-packages/airflow/example_dags/example_task_group_decorator.py
[2024-03-12T23:55:51.862-0400] {processor.py:840} INFO - DAG(s) 'example_task_group_decorator' retrieved from /home/ironbong_jr/mlops/project/project/lib/python3.10/site-packages/airflow/example_dags/example_task_group_decorator.py
[2024-03-12T23:55:51.889-0400] {logging_mixin.py:188} INFO - [2024-03-12T23:55:51.889-0400] {dag.py:3047} INFO - Sync 1 DAGs
[2024-03-12T23:55:51.918-0400] {logging_mixin.py:188} INFO - [2024-03-12T23:55:51.918-0400] {dag.py:3834} INFO - Setting next_dagrun for example_task_group_decorator to 2024-03-12 00:00:00+00:00, run_after=2024-03-13 00:00:00+00:00
[2024-03-12T23:55:51.962-0400] {processor.py:183} INFO - Processing /home/ironbong_jr/mlops/project/project/lib/python3.10/site-packages/airflow/example_dags/example_task_group_decorator.py took 0.134 seconds
[2024-03-13T00:30:16.183-0400] {processor.py:161} INFO - Started process (PID=432866) to work on /home/ironbong_jr/mlops/project/project/lib/python3.10/site-packages/airflow/example_dags/example_task_group_decorator.py
[2024-03-13T00:30:16.233-0400] {processor.py:830} INFO - Processing file /home/ironbong_jr/mlops/project/project/lib/python3.10/site-packages/airflow/example_dags/example_task_group_decorator.py for tasks to queue
[2024-03-13T00:30:16.235-0400] {logging_mixin.py:188} INFO - [2024-03-13T00:30:16.235-0400] {dagbag.py:540} INFO - Filling up the DagBag from /home/ironbong_jr/mlops/project/project/lib/python3.10/site-packages/airflow/example_dags/example_task_group_decorator.py
[2024-03-13T00:30:16.273-0400] {processor.py:840} INFO - DAG(s) 'example_task_group_decorator' retrieved from /home/ironbong_jr/mlops/project/project/lib/python3.10/site-packages/airflow/example_dags/example_task_group_decorator.py
[2024-03-13T00:30:16.607-0400] {logging_mixin.py:188} INFO - [2024-03-13T00:30:16.607-0400] {dag.py:3047} INFO - Sync 1 DAGs
[2024-03-13T00:30:16.628-0400] {logging_mixin.py:188} INFO - [2024-03-13T00:30:16.628-0400] {dag.py:3834} INFO - Setting next_dagrun for example_task_group_decorator to 2024-03-12 00:00:00+00:00, run_after=2024-03-13 00:00:00+00:00
[2024-03-13T00:30:16.747-0400] {processor.py:183} INFO - Processing /home/ironbong_jr/mlops/project/project/lib/python3.10/site-packages/airflow/example_dags/example_task_group_decorator.py took 0.579 seconds
[2024-03-13T00:32:06.302-0400] {processor.py:161} INFO - Started process (PID=433382) to work on /home/ironbong_jr/mlops/project/project/lib/python3.10/site-packages/airflow/example_dags/example_task_group_decorator.py
[2024-03-13T00:32:06.352-0400] {processor.py:830} INFO - Processing file /home/ironbong_jr/mlops/project/project/lib/python3.10/site-packages/airflow/example_dags/example_task_group_decorator.py for tasks to queue
[2024-03-13T00:32:06.355-0400] {logging_mixin.py:188} INFO - [2024-03-13T00:32:06.354-0400] {dagbag.py:540} INFO - Filling up the DagBag from /home/ironbong_jr/mlops/project/project/lib/python3.10/site-packages/airflow/example_dags/example_task_group_decorator.py
[2024-03-13T00:32:06.376-0400] {processor.py:840} INFO - DAG(s) 'example_task_group_decorator' retrieved from /home/ironbong_jr/mlops/project/project/lib/python3.10/site-packages/airflow/example_dags/example_task_group_decorator.py
[2024-03-13T00:32:06.604-0400] {logging_mixin.py:188} INFO - [2024-03-13T00:32:06.603-0400] {dag.py:3047} INFO - Sync 1 DAGs
[2024-03-13T00:32:06.633-0400] {logging_mixin.py:188} INFO - [2024-03-13T00:32:06.633-0400] {dag.py:3834} INFO - Setting next_dagrun for example_task_group_decorator to 2024-03-12 00:00:00+00:00, run_after=2024-03-13 00:00:00+00:00
[2024-03-13T00:32:06.737-0400] {processor.py:183} INFO - Processing /home/ironbong_jr/mlops/project/project/lib/python3.10/site-packages/airflow/example_dags/example_task_group_decorator.py took 0.440 seconds
[2024-03-13T00:36:00.146-0400] {processor.py:161} INFO - Started process (PID=434346) to work on /home/ironbong_jr/mlops/project/project/lib/python3.10/site-packages/airflow/example_dags/example_task_group_decorator.py
[2024-03-13T00:36:00.199-0400] {processor.py:830} INFO - Processing file /home/ironbong_jr/mlops/project/project/lib/python3.10/site-packages/airflow/example_dags/example_task_group_decorator.py for tasks to queue
[2024-03-13T00:36:00.202-0400] {logging_mixin.py:188} INFO - [2024-03-13T00:36:00.201-0400] {dagbag.py:540} INFO - Filling up the DagBag from /home/ironbong_jr/mlops/project/project/lib/python3.10/site-packages/airflow/example_dags/example_task_group_decorator.py
[2024-03-13T00:36:00.231-0400] {processor.py:840} INFO - DAG(s) 'example_task_group_decorator' retrieved from /home/ironbong_jr/mlops/project/project/lib/python3.10/site-packages/airflow/example_dags/example_task_group_decorator.py
[2024-03-13T00:36:00.265-0400] {logging_mixin.py:188} INFO - [2024-03-13T00:36:00.264-0400] {dag.py:3047} INFO - Sync 1 DAGs
[2024-03-13T00:36:00.284-0400] {logging_mixin.py:188} INFO - [2024-03-13T00:36:00.284-0400] {dag.py:3834} INFO - Setting next_dagrun for example_task_group_decorator to 2024-03-12 00:00:00+00:00, run_after=2024-03-13 00:00:00+00:00
[2024-03-13T00:36:00.317-0400] {processor.py:183} INFO - Processing /home/ironbong_jr/mlops/project/project/lib/python3.10/site-packages/airflow/example_dags/example_task_group_decorator.py took 0.175 seconds
[2024-03-13T00:38:12.323-0400] {processor.py:161} INFO - Started process (PID=434998) to work on /home/ironbong_jr/mlops/project/project/lib/python3.10/site-packages/airflow/example_dags/example_task_group_decorator.py
[2024-03-13T00:38:12.377-0400] {processor.py:830} INFO - Processing file /home/ironbong_jr/mlops/project/project/lib/python3.10/site-packages/airflow/example_dags/example_task_group_decorator.py for tasks to queue
[2024-03-13T00:38:12.380-0400] {logging_mixin.py:188} INFO - [2024-03-13T00:38:12.379-0400] {dagbag.py:540} INFO - Filling up the DagBag from /home/ironbong_jr/mlops/project/project/lib/python3.10/site-packages/airflow/example_dags/example_task_group_decorator.py
[2024-03-13T00:38:12.407-0400] {processor.py:840} INFO - DAG(s) 'example_task_group_decorator' retrieved from /home/ironbong_jr/mlops/project/project/lib/python3.10/site-packages/airflow/example_dags/example_task_group_decorator.py
[2024-03-13T00:38:12.456-0400] {logging_mixin.py:188} INFO - [2024-03-13T00:38:12.455-0400] {dag.py:3047} INFO - Sync 1 DAGs
[2024-03-13T00:38:12.493-0400] {logging_mixin.py:188} INFO - [2024-03-13T00:38:12.492-0400] {dag.py:3834} INFO - Setting next_dagrun for example_task_group_decorator to 2024-03-12 00:00:00+00:00, run_after=2024-03-13 00:00:00+00:00
[2024-03-13T00:38:12.579-0400] {processor.py:183} INFO - Processing /home/ironbong_jr/mlops/project/project/lib/python3.10/site-packages/airflow/example_dags/example_task_group_decorator.py took 0.268 seconds
[2024-03-13T00:39:48.678-0400] {processor.py:161} INFO - Started process (PID=435422) to work on /home/ironbong_jr/mlops/project/project/lib/python3.10/site-packages/airflow/example_dags/example_task_group_decorator.py
[2024-03-13T00:39:48.731-0400] {processor.py:830} INFO - Processing file /home/ironbong_jr/mlops/project/project/lib/python3.10/site-packages/airflow/example_dags/example_task_group_decorator.py for tasks to queue
[2024-03-13T00:39:48.734-0400] {logging_mixin.py:188} INFO - [2024-03-13T00:39:48.732-0400] {dagbag.py:540} INFO - Filling up the DagBag from /home/ironbong_jr/mlops/project/project/lib/python3.10/site-packages/airflow/example_dags/example_task_group_decorator.py
[2024-03-13T00:39:48.779-0400] {processor.py:840} INFO - DAG(s) 'example_task_group_decorator' retrieved from /home/ironbong_jr/mlops/project/project/lib/python3.10/site-packages/airflow/example_dags/example_task_group_decorator.py
[2024-03-13T00:39:48.831-0400] {logging_mixin.py:188} INFO - [2024-03-13T00:39:48.830-0400] {dag.py:3047} INFO - Sync 1 DAGs
[2024-03-13T00:39:48.862-0400] {logging_mixin.py:188} INFO - [2024-03-13T00:39:48.862-0400] {dag.py:3834} INFO - Setting next_dagrun for example_task_group_decorator to 2024-03-12 00:00:00+00:00, run_after=2024-03-13 00:00:00+00:00
[2024-03-13T00:39:48.963-0400] {processor.py:183} INFO - Processing /home/ironbong_jr/mlops/project/project/lib/python3.10/site-packages/airflow/example_dags/example_task_group_decorator.py took 0.299 seconds
[2024-03-13T00:41:13.234-0400] {processor.py:161} INFO - Started process (PID=435805) to work on /home/ironbong_jr/mlops/project/project/lib/python3.10/site-packages/airflow/example_dags/example_task_group_decorator.py
[2024-03-13T00:41:13.240-0400] {processor.py:830} INFO - Processing file /home/ironbong_jr/mlops/project/project/lib/python3.10/site-packages/airflow/example_dags/example_task_group_decorator.py for tasks to queue
[2024-03-13T00:41:13.242-0400] {logging_mixin.py:188} INFO - [2024-03-13T00:41:13.241-0400] {dagbag.py:540} INFO - Filling up the DagBag from /home/ironbong_jr/mlops/project/project/lib/python3.10/site-packages/airflow/example_dags/example_task_group_decorator.py
[2024-03-13T00:41:13.273-0400] {processor.py:840} INFO - DAG(s) 'example_task_group_decorator' retrieved from /home/ironbong_jr/mlops/project/project/lib/python3.10/site-packages/airflow/example_dags/example_task_group_decorator.py
[2024-03-13T00:41:13.310-0400] {logging_mixin.py:188} INFO - [2024-03-13T00:41:13.310-0400] {dag.py:3047} INFO - Sync 1 DAGs
[2024-03-13T00:41:13.337-0400] {logging_mixin.py:188} INFO - [2024-03-13T00:41:13.336-0400] {dag.py:3834} INFO - Setting next_dagrun for example_task_group_decorator to 2024-03-12 00:00:00+00:00, run_after=2024-03-13 00:00:00+00:00
[2024-03-13T00:41:13.380-0400] {processor.py:183} INFO - Processing /home/ironbong_jr/mlops/project/project/lib/python3.10/site-packages/airflow/example_dags/example_task_group_decorator.py took 0.155 seconds
[2024-03-13T00:44:17.874-0400] {processor.py:161} INFO - Started process (PID=436651) to work on /home/ironbong_jr/mlops/project/project/lib/python3.10/site-packages/airflow/example_dags/example_task_group_decorator.py
[2024-03-13T00:44:17.927-0400] {processor.py:830} INFO - Processing file /home/ironbong_jr/mlops/project/project/lib/python3.10/site-packages/airflow/example_dags/example_task_group_decorator.py for tasks to queue
[2024-03-13T00:44:17.931-0400] {logging_mixin.py:188} INFO - [2024-03-13T00:44:17.929-0400] {dagbag.py:540} INFO - Filling up the DagBag from /home/ironbong_jr/mlops/project/project/lib/python3.10/site-packages/airflow/example_dags/example_task_group_decorator.py
[2024-03-13T00:44:17.965-0400] {processor.py:840} INFO - DAG(s) 'example_task_group_decorator' retrieved from /home/ironbong_jr/mlops/project/project/lib/python3.10/site-packages/airflow/example_dags/example_task_group_decorator.py
[2024-03-13T00:44:18.001-0400] {logging_mixin.py:188} INFO - [2024-03-13T00:44:18.000-0400] {dag.py:3047} INFO - Sync 1 DAGs
[2024-03-13T00:44:18.050-0400] {logging_mixin.py:188} INFO - [2024-03-13T00:44:18.049-0400] {dag.py:3834} INFO - Setting next_dagrun for example_task_group_decorator to 2024-03-12 00:00:00+00:00, run_after=2024-03-13 00:00:00+00:00
[2024-03-13T00:44:18.149-0400] {processor.py:183} INFO - Processing /home/ironbong_jr/mlops/project/project/lib/python3.10/site-packages/airflow/example_dags/example_task_group_decorator.py took 0.283 seconds
[2024-03-13T00:45:40.655-0400] {processor.py:161} INFO - Started process (PID=437002) to work on /home/ironbong_jr/mlops/project/project/lib/python3.10/site-packages/airflow/example_dags/example_task_group_decorator.py
[2024-03-13T00:45:40.705-0400] {processor.py:830} INFO - Processing file /home/ironbong_jr/mlops/project/project/lib/python3.10/site-packages/airflow/example_dags/example_task_group_decorator.py for tasks to queue
[2024-03-13T00:45:40.708-0400] {logging_mixin.py:188} INFO - [2024-03-13T00:45:40.707-0400] {dagbag.py:540} INFO - Filling up the DagBag from /home/ironbong_jr/mlops/project/project/lib/python3.10/site-packages/airflow/example_dags/example_task_group_decorator.py
[2024-03-13T00:45:40.766-0400] {processor.py:840} INFO - DAG(s) 'example_task_group_decorator' retrieved from /home/ironbong_jr/mlops/project/project/lib/python3.10/site-packages/airflow/example_dags/example_task_group_decorator.py
[2024-03-13T00:45:40.796-0400] {logging_mixin.py:188} INFO - [2024-03-13T00:45:40.795-0400] {dag.py:3047} INFO - Sync 1 DAGs
[2024-03-13T00:45:40.857-0400] {logging_mixin.py:188} INFO - [2024-03-13T00:45:40.856-0400] {dag.py:3834} INFO - Setting next_dagrun for example_task_group_decorator to 2024-03-12 00:00:00+00:00, run_after=2024-03-13 00:00:00+00:00
[2024-03-13T00:45:40.970-0400] {processor.py:183} INFO - Processing /home/ironbong_jr/mlops/project/project/lib/python3.10/site-packages/airflow/example_dags/example_task_group_decorator.py took 0.321 seconds
[2024-03-13T15:49:24.171-0400] {processor.py:161} INFO - Started process (PID=453785) to work on /home/ironbong_jr/mlops/project/project/lib/python3.10/site-packages/airflow/example_dags/example_task_group_decorator.py
[2024-03-13T15:49:24.174-0400] {processor.py:830} INFO - Processing file /home/ironbong_jr/mlops/project/project/lib/python3.10/site-packages/airflow/example_dags/example_task_group_decorator.py for tasks to queue
[2024-03-13T15:49:24.175-0400] {logging_mixin.py:188} INFO - [2024-03-13T15:49:24.175-0400] {dagbag.py:540} INFO - Filling up the DagBag from /home/ironbong_jr/mlops/project/project/lib/python3.10/site-packages/airflow/example_dags/example_task_group_decorator.py
[2024-03-13T15:49:24.186-0400] {processor.py:840} INFO - DAG(s) 'example_task_group_decorator' retrieved from /home/ironbong_jr/mlops/project/project/lib/python3.10/site-packages/airflow/example_dags/example_task_group_decorator.py
[2024-03-13T15:49:24.291-0400] {logging_mixin.py:188} INFO - [2024-03-13T15:49:24.291-0400] {dag.py:3047} INFO - Sync 1 DAGs
[2024-03-13T15:49:24.299-0400] {logging_mixin.py:188} INFO - [2024-03-13T15:49:24.299-0400] {dag.py:3834} INFO - Setting next_dagrun for example_task_group_decorator to 2024-03-12 00:00:00+00:00, run_after=2024-03-13 00:00:00+00:00
[2024-03-13T15:49:24.320-0400] {processor.py:183} INFO - Processing /home/ironbong_jr/mlops/project/project/lib/python3.10/site-packages/airflow/example_dags/example_task_group_decorator.py took 0.151 seconds
[2024-03-13T15:51:33.108-0400] {processor.py:161} INFO - Started process (PID=454511) to work on /home/ironbong_jr/mlops/project/project/lib/python3.10/site-packages/airflow/example_dags/example_task_group_decorator.py
[2024-03-13T15:51:33.110-0400] {processor.py:830} INFO - Processing file /home/ironbong_jr/mlops/project/project/lib/python3.10/site-packages/airflow/example_dags/example_task_group_decorator.py for tasks to queue
[2024-03-13T15:51:33.111-0400] {logging_mixin.py:188} INFO - [2024-03-13T15:51:33.110-0400] {dagbag.py:540} INFO - Filling up the DagBag from /home/ironbong_jr/mlops/project/project/lib/python3.10/site-packages/airflow/example_dags/example_task_group_decorator.py
[2024-03-13T15:51:33.119-0400] {processor.py:840} INFO - DAG(s) 'example_task_group_decorator' retrieved from /home/ironbong_jr/mlops/project/project/lib/python3.10/site-packages/airflow/example_dags/example_task_group_decorator.py
[2024-03-13T15:51:33.131-0400] {logging_mixin.py:188} INFO - [2024-03-13T15:51:33.131-0400] {dag.py:3047} INFO - Sync 1 DAGs
[2024-03-13T15:51:33.143-0400] {logging_mixin.py:188} INFO - [2024-03-13T15:51:33.142-0400] {dag.py:3834} INFO - Setting next_dagrun for example_task_group_decorator to 2024-03-12 00:00:00+00:00, run_after=2024-03-13 00:00:00+00:00
[2024-03-13T15:51:33.165-0400] {processor.py:183} INFO - Processing /home/ironbong_jr/mlops/project/project/lib/python3.10/site-packages/airflow/example_dags/example_task_group_decorator.py took 0.058 seconds
[2024-03-13T15:52:29.232-0400] {processor.py:161} INFO - Started process (PID=454802) to work on /home/ironbong_jr/mlops/project/project/lib/python3.10/site-packages/airflow/example_dags/example_task_group_decorator.py
[2024-03-13T15:52:29.234-0400] {processor.py:830} INFO - Processing file /home/ironbong_jr/mlops/project/project/lib/python3.10/site-packages/airflow/example_dags/example_task_group_decorator.py for tasks to queue
[2024-03-13T15:52:29.235-0400] {logging_mixin.py:188} INFO - [2024-03-13T15:52:29.235-0400] {dagbag.py:540} INFO - Filling up the DagBag from /home/ironbong_jr/mlops/project/project/lib/python3.10/site-packages/airflow/example_dags/example_task_group_decorator.py
[2024-03-13T15:52:29.244-0400] {processor.py:840} INFO - DAG(s) 'example_task_group_decorator' retrieved from /home/ironbong_jr/mlops/project/project/lib/python3.10/site-packages/airflow/example_dags/example_task_group_decorator.py
[2024-03-13T15:52:29.255-0400] {logging_mixin.py:188} INFO - [2024-03-13T15:52:29.255-0400] {dag.py:3047} INFO - Sync 1 DAGs
[2024-03-13T15:52:29.265-0400] {logging_mixin.py:188} INFO - [2024-03-13T15:52:29.265-0400] {dag.py:3834} INFO - Setting next_dagrun for example_task_group_decorator to 2024-03-12 00:00:00+00:00, run_after=2024-03-13 00:00:00+00:00
[2024-03-13T15:52:29.287-0400] {processor.py:183} INFO - Processing /home/ironbong_jr/mlops/project/project/lib/python3.10/site-packages/airflow/example_dags/example_task_group_decorator.py took 0.057 seconds
[2024-03-13T15:53:21.950-0400] {processor.py:161} INFO - Started process (PID=455091) to work on /home/ironbong_jr/mlops/project/project/lib/python3.10/site-packages/airflow/example_dags/example_task_group_decorator.py
[2024-03-13T15:53:21.951-0400] {processor.py:830} INFO - Processing file /home/ironbong_jr/mlops/project/project/lib/python3.10/site-packages/airflow/example_dags/example_task_group_decorator.py for tasks to queue
[2024-03-13T15:53:21.952-0400] {logging_mixin.py:188} INFO - [2024-03-13T15:53:21.952-0400] {dagbag.py:540} INFO - Filling up the DagBag from /home/ironbong_jr/mlops/project/project/lib/python3.10/site-packages/airflow/example_dags/example_task_group_decorator.py
[2024-03-13T15:53:21.961-0400] {processor.py:840} INFO - DAG(s) 'example_task_group_decorator' retrieved from /home/ironbong_jr/mlops/project/project/lib/python3.10/site-packages/airflow/example_dags/example_task_group_decorator.py
[2024-03-13T15:53:21.972-0400] {logging_mixin.py:188} INFO - [2024-03-13T15:53:21.971-0400] {dag.py:3047} INFO - Sync 1 DAGs
[2024-03-13T15:53:21.983-0400] {logging_mixin.py:188} INFO - [2024-03-13T15:53:21.983-0400] {dag.py:3834} INFO - Setting next_dagrun for example_task_group_decorator to 2024-03-12 00:00:00+00:00, run_after=2024-03-13 00:00:00+00:00
[2024-03-13T15:53:22.005-0400] {processor.py:183} INFO - Processing /home/ironbong_jr/mlops/project/project/lib/python3.10/site-packages/airflow/example_dags/example_task_group_decorator.py took 0.058 seconds
[2024-03-13T15:54:16.270-0400] {processor.py:161} INFO - Started process (PID=455343) to work on /home/ironbong_jr/mlops/project/project/lib/python3.10/site-packages/airflow/example_dags/example_task_group_decorator.py
[2024-03-13T15:54:16.275-0400] {processor.py:830} INFO - Processing file /home/ironbong_jr/mlops/project/project/lib/python3.10/site-packages/airflow/example_dags/example_task_group_decorator.py for tasks to queue
[2024-03-13T15:54:16.275-0400] {logging_mixin.py:188} INFO - [2024-03-13T15:54:16.275-0400] {dagbag.py:540} INFO - Filling up the DagBag from /home/ironbong_jr/mlops/project/project/lib/python3.10/site-packages/airflow/example_dags/example_task_group_decorator.py
[2024-03-13T15:54:16.285-0400] {processor.py:840} INFO - DAG(s) 'example_task_group_decorator' retrieved from /home/ironbong_jr/mlops/project/project/lib/python3.10/site-packages/airflow/example_dags/example_task_group_decorator.py
[2024-03-13T15:54:16.299-0400] {logging_mixin.py:188} INFO - [2024-03-13T15:54:16.299-0400] {dag.py:3047} INFO - Sync 1 DAGs
[2024-03-13T15:54:16.315-0400] {logging_mixin.py:188} INFO - [2024-03-13T15:54:16.315-0400] {dag.py:3834} INFO - Setting next_dagrun for example_task_group_decorator to 2024-03-12 00:00:00+00:00, run_after=2024-03-13 00:00:00+00:00
[2024-03-13T15:54:16.338-0400] {processor.py:183} INFO - Processing /home/ironbong_jr/mlops/project/project/lib/python3.10/site-packages/airflow/example_dags/example_task_group_decorator.py took 0.070 seconds
[2024-03-13T15:55:08.880-0400] {processor.py:161} INFO - Started process (PID=455608) to work on /home/ironbong_jr/mlops/project/project/lib/python3.10/site-packages/airflow/example_dags/example_task_group_decorator.py
[2024-03-13T15:55:08.883-0400] {processor.py:830} INFO - Processing file /home/ironbong_jr/mlops/project/project/lib/python3.10/site-packages/airflow/example_dags/example_task_group_decorator.py for tasks to queue
[2024-03-13T15:55:08.885-0400] {logging_mixin.py:188} INFO - [2024-03-13T15:55:08.884-0400] {dagbag.py:540} INFO - Filling up the DagBag from /home/ironbong_jr/mlops/project/project/lib/python3.10/site-packages/airflow/example_dags/example_task_group_decorator.py
[2024-03-13T15:55:08.896-0400] {processor.py:840} INFO - DAG(s) 'example_task_group_decorator' retrieved from /home/ironbong_jr/mlops/project/project/lib/python3.10/site-packages/airflow/example_dags/example_task_group_decorator.py
[2024-03-13T15:55:08.907-0400] {logging_mixin.py:188} INFO - [2024-03-13T15:55:08.907-0400] {dag.py:3047} INFO - Sync 1 DAGs
[2024-03-13T15:55:08.922-0400] {logging_mixin.py:188} INFO - [2024-03-13T15:55:08.922-0400] {dag.py:3834} INFO - Setting next_dagrun for example_task_group_decorator to 2024-03-12 00:00:00+00:00, run_after=2024-03-13 00:00:00+00:00
[2024-03-13T15:55:08.955-0400] {processor.py:183} INFO - Processing /home/ironbong_jr/mlops/project/project/lib/python3.10/site-packages/airflow/example_dags/example_task_group_decorator.py took 0.077 seconds
[2024-03-13T15:55:59.727-0400] {processor.py:161} INFO - Started process (PID=455872) to work on /home/ironbong_jr/mlops/project/project/lib/python3.10/site-packages/airflow/example_dags/example_task_group_decorator.py
[2024-03-13T15:55:59.731-0400] {processor.py:830} INFO - Processing file /home/ironbong_jr/mlops/project/project/lib/python3.10/site-packages/airflow/example_dags/example_task_group_decorator.py for tasks to queue
[2024-03-13T15:55:59.731-0400] {logging_mixin.py:188} INFO - [2024-03-13T15:55:59.731-0400] {dagbag.py:540} INFO - Filling up the DagBag from /home/ironbong_jr/mlops/project/project/lib/python3.10/site-packages/airflow/example_dags/example_task_group_decorator.py
[2024-03-13T15:55:59.740-0400] {processor.py:840} INFO - DAG(s) 'example_task_group_decorator' retrieved from /home/ironbong_jr/mlops/project/project/lib/python3.10/site-packages/airflow/example_dags/example_task_group_decorator.py
[2024-03-13T15:55:59.750-0400] {logging_mixin.py:188} INFO - [2024-03-13T15:55:59.750-0400] {dag.py:3047} INFO - Sync 1 DAGs
[2024-03-13T15:55:59.762-0400] {logging_mixin.py:188} INFO - [2024-03-13T15:55:59.762-0400] {dag.py:3834} INFO - Setting next_dagrun for example_task_group_decorator to 2024-03-12 00:00:00+00:00, run_after=2024-03-13 00:00:00+00:00
[2024-03-13T15:55:59.783-0400] {processor.py:183} INFO - Processing /home/ironbong_jr/mlops/project/project/lib/python3.10/site-packages/airflow/example_dags/example_task_group_decorator.py took 0.059 seconds
[2024-03-13T15:57:11.823-0400] {processor.py:161} INFO - Started process (PID=456268) to work on /home/ironbong_jr/mlops/project/project/lib/python3.10/site-packages/airflow/example_dags/example_task_group_decorator.py
[2024-03-13T15:57:11.825-0400] {processor.py:830} INFO - Processing file /home/ironbong_jr/mlops/project/project/lib/python3.10/site-packages/airflow/example_dags/example_task_group_decorator.py for tasks to queue
[2024-03-13T15:57:11.826-0400] {logging_mixin.py:188} INFO - [2024-03-13T15:57:11.825-0400] {dagbag.py:540} INFO - Filling up the DagBag from /home/ironbong_jr/mlops/project/project/lib/python3.10/site-packages/airflow/example_dags/example_task_group_decorator.py
[2024-03-13T15:57:11.835-0400] {processor.py:840} INFO - DAG(s) 'example_task_group_decorator' retrieved from /home/ironbong_jr/mlops/project/project/lib/python3.10/site-packages/airflow/example_dags/example_task_group_decorator.py
[2024-03-13T15:57:11.845-0400] {logging_mixin.py:188} INFO - [2024-03-13T15:57:11.845-0400] {dag.py:3047} INFO - Sync 1 DAGs
[2024-03-13T15:57:11.858-0400] {logging_mixin.py:188} INFO - [2024-03-13T15:57:11.857-0400] {dag.py:3834} INFO - Setting next_dagrun for example_task_group_decorator to 2024-03-12 00:00:00+00:00, run_after=2024-03-13 00:00:00+00:00
[2024-03-13T15:57:11.880-0400] {processor.py:183} INFO - Processing /home/ironbong_jr/mlops/project/project/lib/python3.10/site-packages/airflow/example_dags/example_task_group_decorator.py took 0.058 seconds
[2024-03-13T15:58:04.211-0400] {processor.py:161} INFO - Started process (PID=456570) to work on /home/ironbong_jr/mlops/project/project/lib/python3.10/site-packages/airflow/example_dags/example_task_group_decorator.py
[2024-03-13T15:58:04.214-0400] {processor.py:830} INFO - Processing file /home/ironbong_jr/mlops/project/project/lib/python3.10/site-packages/airflow/example_dags/example_task_group_decorator.py for tasks to queue
[2024-03-13T15:58:04.215-0400] {logging_mixin.py:188} INFO - [2024-03-13T15:58:04.215-0400] {dagbag.py:540} INFO - Filling up the DagBag from /home/ironbong_jr/mlops/project/project/lib/python3.10/site-packages/airflow/example_dags/example_task_group_decorator.py
[2024-03-13T15:58:04.225-0400] {processor.py:840} INFO - DAG(s) 'example_task_group_decorator' retrieved from /home/ironbong_jr/mlops/project/project/lib/python3.10/site-packages/airflow/example_dags/example_task_group_decorator.py
[2024-03-13T15:58:04.239-0400] {logging_mixin.py:188} INFO - [2024-03-13T15:58:04.239-0400] {dag.py:3047} INFO - Sync 1 DAGs
[2024-03-13T15:58:04.253-0400] {logging_mixin.py:188} INFO - [2024-03-13T15:58:04.253-0400] {dag.py:3834} INFO - Setting next_dagrun for example_task_group_decorator to 2024-03-12 00:00:00+00:00, run_after=2024-03-13 00:00:00+00:00
[2024-03-13T15:58:04.278-0400] {processor.py:183} INFO - Processing /home/ironbong_jr/mlops/project/project/lib/python3.10/site-packages/airflow/example_dags/example_task_group_decorator.py took 0.070 seconds
[2024-03-13T15:58:55.955-0400] {processor.py:161} INFO - Started process (PID=456826) to work on /home/ironbong_jr/mlops/project/project/lib/python3.10/site-packages/airflow/example_dags/example_task_group_decorator.py
[2024-03-13T15:58:55.959-0400] {processor.py:830} INFO - Processing file /home/ironbong_jr/mlops/project/project/lib/python3.10/site-packages/airflow/example_dags/example_task_group_decorator.py for tasks to queue
[2024-03-13T15:58:55.959-0400] {logging_mixin.py:188} INFO - [2024-03-13T15:58:55.959-0400] {dagbag.py:540} INFO - Filling up the DagBag from /home/ironbong_jr/mlops/project/project/lib/python3.10/site-packages/airflow/example_dags/example_task_group_decorator.py
[2024-03-13T15:58:55.968-0400] {processor.py:840} INFO - DAG(s) 'example_task_group_decorator' retrieved from /home/ironbong_jr/mlops/project/project/lib/python3.10/site-packages/airflow/example_dags/example_task_group_decorator.py
[2024-03-13T15:58:55.979-0400] {logging_mixin.py:188} INFO - [2024-03-13T15:58:55.979-0400] {dag.py:3047} INFO - Sync 1 DAGs
[2024-03-13T15:58:55.990-0400] {logging_mixin.py:188} INFO - [2024-03-13T15:58:55.990-0400] {dag.py:3834} INFO - Setting next_dagrun for example_task_group_decorator to 2024-03-12 00:00:00+00:00, run_after=2024-03-13 00:00:00+00:00
[2024-03-13T15:58:56.012-0400] {processor.py:183} INFO - Processing /home/ironbong_jr/mlops/project/project/lib/python3.10/site-packages/airflow/example_dags/example_task_group_decorator.py took 0.058 seconds
[2024-03-13T15:59:47.929-0400] {processor.py:161} INFO - Started process (PID=457088) to work on /home/ironbong_jr/mlops/project/project/lib/python3.10/site-packages/airflow/example_dags/example_task_group_decorator.py
[2024-03-13T15:59:47.931-0400] {processor.py:830} INFO - Processing file /home/ironbong_jr/mlops/project/project/lib/python3.10/site-packages/airflow/example_dags/example_task_group_decorator.py for tasks to queue
[2024-03-13T15:59:47.931-0400] {logging_mixin.py:188} INFO - [2024-03-13T15:59:47.931-0400] {dagbag.py:540} INFO - Filling up the DagBag from /home/ironbong_jr/mlops/project/project/lib/python3.10/site-packages/airflow/example_dags/example_task_group_decorator.py
[2024-03-13T15:59:47.941-0400] {processor.py:840} INFO - DAG(s) 'example_task_group_decorator' retrieved from /home/ironbong_jr/mlops/project/project/lib/python3.10/site-packages/airflow/example_dags/example_task_group_decorator.py
[2024-03-13T15:59:47.953-0400] {logging_mixin.py:188} INFO - [2024-03-13T15:59:47.952-0400] {dag.py:3047} INFO - Sync 1 DAGs
[2024-03-13T15:59:47.965-0400] {logging_mixin.py:188} INFO - [2024-03-13T15:59:47.965-0400] {dag.py:3834} INFO - Setting next_dagrun for example_task_group_decorator to 2024-03-12 00:00:00+00:00, run_after=2024-03-13 00:00:00+00:00
[2024-03-13T15:59:47.988-0400] {processor.py:183} INFO - Processing /home/ironbong_jr/mlops/project/project/lib/python3.10/site-packages/airflow/example_dags/example_task_group_decorator.py took 0.062 seconds
[2024-03-13T16:00:38.319-0400] {processor.py:161} INFO - Started process (PID=457327) to work on /home/ironbong_jr/mlops/project/project/lib/python3.10/site-packages/airflow/example_dags/example_task_group_decorator.py
[2024-03-13T16:00:38.322-0400] {processor.py:830} INFO - Processing file /home/ironbong_jr/mlops/project/project/lib/python3.10/site-packages/airflow/example_dags/example_task_group_decorator.py for tasks to queue
[2024-03-13T16:00:38.323-0400] {logging_mixin.py:188} INFO - [2024-03-13T16:00:38.323-0400] {dagbag.py:540} INFO - Filling up the DagBag from /home/ironbong_jr/mlops/project/project/lib/python3.10/site-packages/airflow/example_dags/example_task_group_decorator.py
[2024-03-13T16:00:38.331-0400] {processor.py:840} INFO - DAG(s) 'example_task_group_decorator' retrieved from /home/ironbong_jr/mlops/project/project/lib/python3.10/site-packages/airflow/example_dags/example_task_group_decorator.py
[2024-03-13T16:00:38.343-0400] {logging_mixin.py:188} INFO - [2024-03-13T16:00:38.343-0400] {dag.py:3047} INFO - Sync 1 DAGs
[2024-03-13T16:00:38.355-0400] {logging_mixin.py:188} INFO - [2024-03-13T16:00:38.355-0400] {dag.py:3834} INFO - Setting next_dagrun for example_task_group_decorator to 2024-03-12 00:00:00+00:00, run_after=2024-03-13 00:00:00+00:00
[2024-03-13T16:00:38.377-0400] {processor.py:183} INFO - Processing /home/ironbong_jr/mlops/project/project/lib/python3.10/site-packages/airflow/example_dags/example_task_group_decorator.py took 0.060 seconds
[2024-03-13T16:01:55.582-0400] {processor.py:161} INFO - Started process (PID=457713) to work on /home/ironbong_jr/mlops/project/project/lib/python3.10/site-packages/airflow/example_dags/example_task_group_decorator.py
[2024-03-13T16:01:55.585-0400] {processor.py:830} INFO - Processing file /home/ironbong_jr/mlops/project/project/lib/python3.10/site-packages/airflow/example_dags/example_task_group_decorator.py for tasks to queue
[2024-03-13T16:01:55.588-0400] {logging_mixin.py:188} INFO - [2024-03-13T16:01:55.586-0400] {dagbag.py:540} INFO - Filling up the DagBag from /home/ironbong_jr/mlops/project/project/lib/python3.10/site-packages/airflow/example_dags/example_task_group_decorator.py
[2024-03-13T16:01:55.601-0400] {processor.py:840} INFO - DAG(s) 'example_task_group_decorator' retrieved from /home/ironbong_jr/mlops/project/project/lib/python3.10/site-packages/airflow/example_dags/example_task_group_decorator.py
[2024-03-13T16:01:55.618-0400] {logging_mixin.py:188} INFO - [2024-03-13T16:01:55.617-0400] {dag.py:3047} INFO - Sync 1 DAGs
[2024-03-13T16:01:55.631-0400] {logging_mixin.py:188} INFO - [2024-03-13T16:01:55.631-0400] {dag.py:3834} INFO - Setting next_dagrun for example_task_group_decorator to 2024-03-12 00:00:00+00:00, run_after=2024-03-13 00:00:00+00:00
[2024-03-13T16:01:55.652-0400] {processor.py:183} INFO - Processing /home/ironbong_jr/mlops/project/project/lib/python3.10/site-packages/airflow/example_dags/example_task_group_decorator.py took 0.072 seconds
[2024-03-13T16:03:08.747-0400] {processor.py:161} INFO - Started process (PID=458115) to work on /home/ironbong_jr/mlops/project/project/lib/python3.10/site-packages/airflow/example_dags/example_task_group_decorator.py
[2024-03-13T16:03:08.750-0400] {processor.py:830} INFO - Processing file /home/ironbong_jr/mlops/project/project/lib/python3.10/site-packages/airflow/example_dags/example_task_group_decorator.py for tasks to queue
[2024-03-13T16:03:08.751-0400] {logging_mixin.py:188} INFO - [2024-03-13T16:03:08.751-0400] {dagbag.py:540} INFO - Filling up the DagBag from /home/ironbong_jr/mlops/project/project/lib/python3.10/site-packages/airflow/example_dags/example_task_group_decorator.py
[2024-03-13T16:03:08.760-0400] {processor.py:840} INFO - DAG(s) 'example_task_group_decorator' retrieved from /home/ironbong_jr/mlops/project/project/lib/python3.10/site-packages/airflow/example_dags/example_task_group_decorator.py
[2024-03-13T16:03:08.770-0400] {logging_mixin.py:188} INFO - [2024-03-13T16:03:08.770-0400] {dag.py:3047} INFO - Sync 1 DAGs
[2024-03-13T16:03:08.781-0400] {logging_mixin.py:188} INFO - [2024-03-13T16:03:08.781-0400] {dag.py:3834} INFO - Setting next_dagrun for example_task_group_decorator to 2024-03-12 00:00:00+00:00, run_after=2024-03-13 00:00:00+00:00
[2024-03-13T16:03:08.804-0400] {processor.py:183} INFO - Processing /home/ironbong_jr/mlops/project/project/lib/python3.10/site-packages/airflow/example_dags/example_task_group_decorator.py took 0.059 seconds
[2024-03-13T16:04:11.937-0400] {processor.py:161} INFO - Started process (PID=458511) to work on /home/ironbong_jr/mlops/project/project/lib/python3.10/site-packages/airflow/example_dags/example_task_group_decorator.py
[2024-03-13T16:04:11.939-0400] {processor.py:830} INFO - Processing file /home/ironbong_jr/mlops/project/project/lib/python3.10/site-packages/airflow/example_dags/example_task_group_decorator.py for tasks to queue
[2024-03-13T16:04:11.940-0400] {logging_mixin.py:188} INFO - [2024-03-13T16:04:11.940-0400] {dagbag.py:540} INFO - Filling up the DagBag from /home/ironbong_jr/mlops/project/project/lib/python3.10/site-packages/airflow/example_dags/example_task_group_decorator.py
[2024-03-13T16:04:11.949-0400] {processor.py:840} INFO - DAG(s) 'example_task_group_decorator' retrieved from /home/ironbong_jr/mlops/project/project/lib/python3.10/site-packages/airflow/example_dags/example_task_group_decorator.py
[2024-03-13T16:04:11.961-0400] {logging_mixin.py:188} INFO - [2024-03-13T16:04:11.961-0400] {dag.py:3047} INFO - Sync 1 DAGs
[2024-03-13T16:04:11.974-0400] {logging_mixin.py:188} INFO - [2024-03-13T16:04:11.974-0400] {dag.py:3834} INFO - Setting next_dagrun for example_task_group_decorator to 2024-03-12 00:00:00+00:00, run_after=2024-03-13 00:00:00+00:00
[2024-03-13T16:04:12.002-0400] {processor.py:183} INFO - Processing /home/ironbong_jr/mlops/project/project/lib/python3.10/site-packages/airflow/example_dags/example_task_group_decorator.py took 0.066 seconds
[2024-03-13T16:05:07.668-0400] {processor.py:161} INFO - Started process (PID=458788) to work on /home/ironbong_jr/mlops/project/project/lib/python3.10/site-packages/airflow/example_dags/example_task_group_decorator.py
[2024-03-13T16:05:07.672-0400] {processor.py:830} INFO - Processing file /home/ironbong_jr/mlops/project/project/lib/python3.10/site-packages/airflow/example_dags/example_task_group_decorator.py for tasks to queue
[2024-03-13T16:05:07.673-0400] {logging_mixin.py:188} INFO - [2024-03-13T16:05:07.673-0400] {dagbag.py:540} INFO - Filling up the DagBag from /home/ironbong_jr/mlops/project/project/lib/python3.10/site-packages/airflow/example_dags/example_task_group_decorator.py
[2024-03-13T16:05:07.684-0400] {processor.py:840} INFO - DAG(s) 'example_task_group_decorator' retrieved from /home/ironbong_jr/mlops/project/project/lib/python3.10/site-packages/airflow/example_dags/example_task_group_decorator.py
[2024-03-13T16:05:07.694-0400] {logging_mixin.py:188} INFO - [2024-03-13T16:05:07.694-0400] {dag.py:3047} INFO - Sync 1 DAGs
[2024-03-13T16:05:07.705-0400] {logging_mixin.py:188} INFO - [2024-03-13T16:05:07.705-0400] {dag.py:3834} INFO - Setting next_dagrun for example_task_group_decorator to 2024-03-12 00:00:00+00:00, run_after=2024-03-13 00:00:00+00:00
[2024-03-13T16:05:07.727-0400] {processor.py:183} INFO - Processing /home/ironbong_jr/mlops/project/project/lib/python3.10/site-packages/airflow/example_dags/example_task_group_decorator.py took 0.062 seconds
[2024-03-13T16:06:22.461-0400] {processor.py:161} INFO - Started process (PID=459171) to work on /home/ironbong_jr/mlops/project/project/lib/python3.10/site-packages/airflow/example_dags/example_task_group_decorator.py
[2024-03-13T16:06:22.463-0400] {processor.py:830} INFO - Processing file /home/ironbong_jr/mlops/project/project/lib/python3.10/site-packages/airflow/example_dags/example_task_group_decorator.py for tasks to queue
[2024-03-13T16:06:22.463-0400] {logging_mixin.py:188} INFO - [2024-03-13T16:06:22.463-0400] {dagbag.py:540} INFO - Filling up the DagBag from /home/ironbong_jr/mlops/project/project/lib/python3.10/site-packages/airflow/example_dags/example_task_group_decorator.py
[2024-03-13T16:06:22.472-0400] {processor.py:840} INFO - DAG(s) 'example_task_group_decorator' retrieved from /home/ironbong_jr/mlops/project/project/lib/python3.10/site-packages/airflow/example_dags/example_task_group_decorator.py
[2024-03-13T16:06:22.482-0400] {logging_mixin.py:188} INFO - [2024-03-13T16:06:22.482-0400] {dag.py:3047} INFO - Sync 1 DAGs
[2024-03-13T16:06:22.493-0400] {logging_mixin.py:188} INFO - [2024-03-13T16:06:22.493-0400] {dag.py:3834} INFO - Setting next_dagrun for example_task_group_decorator to 2024-03-12 00:00:00+00:00, run_after=2024-03-13 00:00:00+00:00
[2024-03-13T16:06:22.515-0400] {processor.py:183} INFO - Processing /home/ironbong_jr/mlops/project/project/lib/python3.10/site-packages/airflow/example_dags/example_task_group_decorator.py took 0.056 seconds
[2024-03-13T16:07:12.831-0400] {processor.py:161} INFO - Started process (PID=459412) to work on /home/ironbong_jr/mlops/project/project/lib/python3.10/site-packages/airflow/example_dags/example_task_group_decorator.py
[2024-03-13T16:07:12.834-0400] {processor.py:830} INFO - Processing file /home/ironbong_jr/mlops/project/project/lib/python3.10/site-packages/airflow/example_dags/example_task_group_decorator.py for tasks to queue
[2024-03-13T16:07:12.835-0400] {logging_mixin.py:188} INFO - [2024-03-13T16:07:12.835-0400] {dagbag.py:540} INFO - Filling up the DagBag from /home/ironbong_jr/mlops/project/project/lib/python3.10/site-packages/airflow/example_dags/example_task_group_decorator.py
[2024-03-13T16:07:12.843-0400] {processor.py:840} INFO - DAG(s) 'example_task_group_decorator' retrieved from /home/ironbong_jr/mlops/project/project/lib/python3.10/site-packages/airflow/example_dags/example_task_group_decorator.py
[2024-03-13T16:07:12.854-0400] {logging_mixin.py:188} INFO - [2024-03-13T16:07:12.854-0400] {dag.py:3047} INFO - Sync 1 DAGs
[2024-03-13T16:07:12.864-0400] {logging_mixin.py:188} INFO - [2024-03-13T16:07:12.864-0400] {dag.py:3834} INFO - Setting next_dagrun for example_task_group_decorator to 2024-03-12 00:00:00+00:00, run_after=2024-03-13 00:00:00+00:00
[2024-03-13T16:07:12.886-0400] {processor.py:183} INFO - Processing /home/ironbong_jr/mlops/project/project/lib/python3.10/site-packages/airflow/example_dags/example_task_group_decorator.py took 0.058 seconds
[2024-03-13T16:08:06.003-0400] {processor.py:161} INFO - Started process (PID=459675) to work on /home/ironbong_jr/mlops/project/project/lib/python3.10/site-packages/airflow/example_dags/example_task_group_decorator.py
[2024-03-13T16:08:06.007-0400] {processor.py:830} INFO - Processing file /home/ironbong_jr/mlops/project/project/lib/python3.10/site-packages/airflow/example_dags/example_task_group_decorator.py for tasks to queue
[2024-03-13T16:08:06.008-0400] {logging_mixin.py:188} INFO - [2024-03-13T16:08:06.007-0400] {dagbag.py:540} INFO - Filling up the DagBag from /home/ironbong_jr/mlops/project/project/lib/python3.10/site-packages/airflow/example_dags/example_task_group_decorator.py
[2024-03-13T16:08:06.016-0400] {processor.py:840} INFO - DAG(s) 'example_task_group_decorator' retrieved from /home/ironbong_jr/mlops/project/project/lib/python3.10/site-packages/airflow/example_dags/example_task_group_decorator.py
[2024-03-13T16:08:06.027-0400] {logging_mixin.py:188} INFO - [2024-03-13T16:08:06.026-0400] {dag.py:3047} INFO - Sync 1 DAGs
[2024-03-13T16:08:06.037-0400] {logging_mixin.py:188} INFO - [2024-03-13T16:08:06.037-0400] {dag.py:3834} INFO - Setting next_dagrun for example_task_group_decorator to 2024-03-12 00:00:00+00:00, run_after=2024-03-13 00:00:00+00:00
[2024-03-13T16:08:06.059-0400] {processor.py:183} INFO - Processing /home/ironbong_jr/mlops/project/project/lib/python3.10/site-packages/airflow/example_dags/example_task_group_decorator.py took 0.057 seconds
[2024-03-13T16:08:57.369-0400] {processor.py:161} INFO - Started process (PID=459932) to work on /home/ironbong_jr/mlops/project/project/lib/python3.10/site-packages/airflow/example_dags/example_task_group_decorator.py
[2024-03-13T16:08:57.373-0400] {processor.py:830} INFO - Processing file /home/ironbong_jr/mlops/project/project/lib/python3.10/site-packages/airflow/example_dags/example_task_group_decorator.py for tasks to queue
[2024-03-13T16:08:57.374-0400] {logging_mixin.py:188} INFO - [2024-03-13T16:08:57.373-0400] {dagbag.py:540} INFO - Filling up the DagBag from /home/ironbong_jr/mlops/project/project/lib/python3.10/site-packages/airflow/example_dags/example_task_group_decorator.py
[2024-03-13T16:08:57.382-0400] {processor.py:840} INFO - DAG(s) 'example_task_group_decorator' retrieved from /home/ironbong_jr/mlops/project/project/lib/python3.10/site-packages/airflow/example_dags/example_task_group_decorator.py
[2024-03-13T16:08:57.392-0400] {logging_mixin.py:188} INFO - [2024-03-13T16:08:57.392-0400] {dag.py:3047} INFO - Sync 1 DAGs
[2024-03-13T16:08:57.403-0400] {logging_mixin.py:188} INFO - [2024-03-13T16:08:57.403-0400] {dag.py:3834} INFO - Setting next_dagrun for example_task_group_decorator to 2024-03-12 00:00:00+00:00, run_after=2024-03-13 00:00:00+00:00
[2024-03-13T16:08:57.424-0400] {processor.py:183} INFO - Processing /home/ironbong_jr/mlops/project/project/lib/python3.10/site-packages/airflow/example_dags/example_task_group_decorator.py took 0.057 seconds
[2024-03-13T16:09:47.287-0400] {processor.py:161} INFO - Started process (PID=460170) to work on /home/ironbong_jr/mlops/project/project/lib/python3.10/site-packages/airflow/example_dags/example_task_group_decorator.py
[2024-03-13T16:09:47.291-0400] {processor.py:830} INFO - Processing file /home/ironbong_jr/mlops/project/project/lib/python3.10/site-packages/airflow/example_dags/example_task_group_decorator.py for tasks to queue
[2024-03-13T16:09:47.291-0400] {logging_mixin.py:188} INFO - [2024-03-13T16:09:47.291-0400] {dagbag.py:540} INFO - Filling up the DagBag from /home/ironbong_jr/mlops/project/project/lib/python3.10/site-packages/airflow/example_dags/example_task_group_decorator.py
[2024-03-13T16:09:47.301-0400] {processor.py:840} INFO - DAG(s) 'example_task_group_decorator' retrieved from /home/ironbong_jr/mlops/project/project/lib/python3.10/site-packages/airflow/example_dags/example_task_group_decorator.py
[2024-03-13T16:09:47.314-0400] {logging_mixin.py:188} INFO - [2024-03-13T16:09:47.314-0400] {dag.py:3047} INFO - Sync 1 DAGs
[2024-03-13T16:09:47.325-0400] {logging_mixin.py:188} INFO - [2024-03-13T16:09:47.325-0400] {dag.py:3834} INFO - Setting next_dagrun for example_task_group_decorator to 2024-03-12 00:00:00+00:00, run_after=2024-03-13 00:00:00+00:00
[2024-03-13T16:09:47.348-0400] {processor.py:183} INFO - Processing /home/ironbong_jr/mlops/project/project/lib/python3.10/site-packages/airflow/example_dags/example_task_group_decorator.py took 0.063 seconds
[2024-03-13T16:11:00.305-0400] {processor.py:161} INFO - Started process (PID=460537) to work on /home/ironbong_jr/mlops/project/project/lib/python3.10/site-packages/airflow/example_dags/example_task_group_decorator.py
[2024-03-13T16:11:00.306-0400] {processor.py:830} INFO - Processing file /home/ironbong_jr/mlops/project/project/lib/python3.10/site-packages/airflow/example_dags/example_task_group_decorator.py for tasks to queue
[2024-03-13T16:11:00.307-0400] {logging_mixin.py:188} INFO - [2024-03-13T16:11:00.307-0400] {dagbag.py:540} INFO - Filling up the DagBag from /home/ironbong_jr/mlops/project/project/lib/python3.10/site-packages/airflow/example_dags/example_task_group_decorator.py
[2024-03-13T16:11:00.316-0400] {processor.py:840} INFO - DAG(s) 'example_task_group_decorator' retrieved from /home/ironbong_jr/mlops/project/project/lib/python3.10/site-packages/airflow/example_dags/example_task_group_decorator.py
[2024-03-13T16:11:00.327-0400] {logging_mixin.py:188} INFO - [2024-03-13T16:11:00.327-0400] {dag.py:3047} INFO - Sync 1 DAGs
[2024-03-13T16:11:00.338-0400] {logging_mixin.py:188} INFO - [2024-03-13T16:11:00.338-0400] {dag.py:3834} INFO - Setting next_dagrun for example_task_group_decorator to 2024-03-12 00:00:00+00:00, run_after=2024-03-13 00:00:00+00:00
[2024-03-13T16:11:00.359-0400] {processor.py:183} INFO - Processing /home/ironbong_jr/mlops/project/project/lib/python3.10/site-packages/airflow/example_dags/example_task_group_decorator.py took 0.056 seconds
[2024-03-13T16:11:50.604-0400] {processor.py:161} INFO - Started process (PID=460787) to work on /home/ironbong_jr/mlops/project/project/lib/python3.10/site-packages/airflow/example_dags/example_task_group_decorator.py
[2024-03-13T16:11:50.608-0400] {processor.py:830} INFO - Processing file /home/ironbong_jr/mlops/project/project/lib/python3.10/site-packages/airflow/example_dags/example_task_group_decorator.py for tasks to queue
[2024-03-13T16:11:50.608-0400] {logging_mixin.py:188} INFO - [2024-03-13T16:11:50.608-0400] {dagbag.py:540} INFO - Filling up the DagBag from /home/ironbong_jr/mlops/project/project/lib/python3.10/site-packages/airflow/example_dags/example_task_group_decorator.py
[2024-03-13T16:11:50.620-0400] {processor.py:840} INFO - DAG(s) 'example_task_group_decorator' retrieved from /home/ironbong_jr/mlops/project/project/lib/python3.10/site-packages/airflow/example_dags/example_task_group_decorator.py
[2024-03-13T16:11:50.634-0400] {logging_mixin.py:188} INFO - [2024-03-13T16:11:50.634-0400] {dag.py:3047} INFO - Sync 1 DAGs
[2024-03-13T16:11:50.650-0400] {logging_mixin.py:188} INFO - [2024-03-13T16:11:50.650-0400] {dag.py:3834} INFO - Setting next_dagrun for example_task_group_decorator to 2024-03-12 00:00:00+00:00, run_after=2024-03-13 00:00:00+00:00
[2024-03-13T16:11:50.684-0400] {processor.py:183} INFO - Processing /home/ironbong_jr/mlops/project/project/lib/python3.10/site-packages/airflow/example_dags/example_task_group_decorator.py took 0.082 seconds
