[2024-03-12T21:22:00.494-0400] {processor.py:161} INFO - Started process (PID=407029) to work on /home/ironbong_jr/mlops/project/project/lib/python3.10/site-packages/airflow/example_dags/example_sla_dag.py
[2024-03-12T21:22:00.496-0400] {processor.py:830} INFO - Processing file /home/ironbong_jr/mlops/project/project/lib/python3.10/site-packages/airflow/example_dags/example_sla_dag.py for tasks to queue
[2024-03-12T21:22:00.498-0400] {logging_mixin.py:188} INFO - [2024-03-12T21:22:00.497-0400] {dagbag.py:540} INFO - Filling up the DagBag from /home/ironbong_jr/mlops/project/project/lib/python3.10/site-packages/airflow/example_dags/example_sla_dag.py
[2024-03-12T21:22:00.522-0400] {processor.py:840} INFO - DAG(s) 'example_sla_dag' retrieved from /home/ironbong_jr/mlops/project/project/lib/python3.10/site-packages/airflow/example_dags/example_sla_dag.py
[2024-03-12T21:22:00.920-0400] {logging_mixin.py:188} INFO - [2024-03-12T21:22:00.920-0400] {dag.py:3047} INFO - Sync 1 DAGs
[2024-03-12T21:22:00.941-0400] {logging_mixin.py:188} INFO - [2024-03-12T21:22:00.941-0400] {dag.py:3834} INFO - Setting next_dagrun for example_sla_dag to 2024-03-13 01:20:00+00:00, run_after=2024-03-13 01:22:00+00:00
[2024-03-12T21:22:01.009-0400] {processor.py:183} INFO - Processing /home/ironbong_jr/mlops/project/project/lib/python3.10/site-packages/airflow/example_dags/example_sla_dag.py took 0.519 seconds
[2024-03-12T21:23:52.143-0400] {processor.py:161} INFO - Started process (PID=407553) to work on /home/ironbong_jr/mlops/project/project/lib/python3.10/site-packages/airflow/example_dags/example_sla_dag.py
[2024-03-12T21:23:52.195-0400] {processor.py:830} INFO - Processing file /home/ironbong_jr/mlops/project/project/lib/python3.10/site-packages/airflow/example_dags/example_sla_dag.py for tasks to queue
[2024-03-12T21:23:52.198-0400] {logging_mixin.py:188} INFO - [2024-03-12T21:23:52.197-0400] {dagbag.py:540} INFO - Filling up the DagBag from /home/ironbong_jr/mlops/project/project/lib/python3.10/site-packages/airflow/example_dags/example_sla_dag.py
[2024-03-12T21:23:52.234-0400] {processor.py:840} INFO - DAG(s) 'example_sla_dag' retrieved from /home/ironbong_jr/mlops/project/project/lib/python3.10/site-packages/airflow/example_dags/example_sla_dag.py
[2024-03-12T21:23:52.435-0400] {logging_mixin.py:188} INFO - [2024-03-12T21:23:52.435-0400] {dag.py:3047} INFO - Sync 1 DAGs
[2024-03-12T21:23:52.501-0400] {logging_mixin.py:188} INFO - [2024-03-12T21:23:52.500-0400] {dag.py:3834} INFO - Setting next_dagrun for example_sla_dag to 2024-03-13 01:20:00+00:00, run_after=2024-03-13 01:22:00+00:00
[2024-03-12T21:23:52.608-0400] {processor.py:183} INFO - Processing /home/ironbong_jr/mlops/project/project/lib/python3.10/site-packages/airflow/example_dags/example_sla_dag.py took 0.478 seconds
[2024-03-12T21:26:48.561-0400] {processor.py:161} INFO - Started process (PID=408312) to work on /home/ironbong_jr/mlops/project/project/lib/python3.10/site-packages/airflow/example_dags/example_sla_dag.py
[2024-03-12T21:26:48.613-0400] {processor.py:830} INFO - Processing file /home/ironbong_jr/mlops/project/project/lib/python3.10/site-packages/airflow/example_dags/example_sla_dag.py for tasks to queue
[2024-03-12T21:26:48.617-0400] {logging_mixin.py:188} INFO - [2024-03-12T21:26:48.615-0400] {dagbag.py:540} INFO - Filling up the DagBag from /home/ironbong_jr/mlops/project/project/lib/python3.10/site-packages/airflow/example_dags/example_sla_dag.py
[2024-03-12T21:26:48.634-0400] {processor.py:840} INFO - DAG(s) 'example_sla_dag' retrieved from /home/ironbong_jr/mlops/project/project/lib/python3.10/site-packages/airflow/example_dags/example_sla_dag.py
[2024-03-12T21:26:48.662-0400] {logging_mixin.py:188} INFO - [2024-03-12T21:26:48.662-0400] {dag.py:3047} INFO - Sync 1 DAGs
[2024-03-12T21:26:48.709-0400] {logging_mixin.py:188} INFO - [2024-03-12T21:26:48.709-0400] {dag.py:3834} INFO - Setting next_dagrun for example_sla_dag to 2024-03-13 01:24:00+00:00, run_after=2024-03-13 01:26:00+00:00
[2024-03-12T21:26:48.816-0400] {processor.py:183} INFO - Processing /home/ironbong_jr/mlops/project/project/lib/python3.10/site-packages/airflow/example_dags/example_sla_dag.py took 0.270 seconds
[2024-03-12T21:28:27.809-0400] {processor.py:161} INFO - Started process (PID=408796) to work on /home/ironbong_jr/mlops/project/project/lib/python3.10/site-packages/airflow/example_dags/example_sla_dag.py
[2024-03-12T21:28:27.870-0400] {processor.py:830} INFO - Processing file /home/ironbong_jr/mlops/project/project/lib/python3.10/site-packages/airflow/example_dags/example_sla_dag.py for tasks to queue
[2024-03-12T21:28:27.872-0400] {logging_mixin.py:188} INFO - [2024-03-12T21:28:27.871-0400] {dagbag.py:540} INFO - Filling up the DagBag from /home/ironbong_jr/mlops/project/project/lib/python3.10/site-packages/airflow/example_dags/example_sla_dag.py
[2024-03-12T21:28:27.897-0400] {processor.py:840} INFO - DAG(s) 'example_sla_dag' retrieved from /home/ironbong_jr/mlops/project/project/lib/python3.10/site-packages/airflow/example_dags/example_sla_dag.py
[2024-03-12T21:28:27.939-0400] {logging_mixin.py:188} INFO - [2024-03-12T21:28:27.938-0400] {dag.py:3047} INFO - Sync 1 DAGs
[2024-03-12T21:28:27.997-0400] {logging_mixin.py:188} INFO - [2024-03-12T21:28:27.997-0400] {dag.py:3834} INFO - Setting next_dagrun for example_sla_dag to 2024-03-13 01:26:00+00:00, run_after=2024-03-13 01:28:00+00:00
[2024-03-12T21:28:28.119-0400] {processor.py:183} INFO - Processing /home/ironbong_jr/mlops/project/project/lib/python3.10/site-packages/airflow/example_dags/example_sla_dag.py took 0.318 seconds
[2024-03-12T21:29:55.092-0400] {processor.py:161} INFO - Started process (PID=409210) to work on /home/ironbong_jr/mlops/project/project/lib/python3.10/site-packages/airflow/example_dags/example_sla_dag.py
[2024-03-12T21:29:55.097-0400] {processor.py:830} INFO - Processing file /home/ironbong_jr/mlops/project/project/lib/python3.10/site-packages/airflow/example_dags/example_sla_dag.py for tasks to queue
[2024-03-12T21:29:55.098-0400] {logging_mixin.py:188} INFO - [2024-03-12T21:29:55.098-0400] {dagbag.py:540} INFO - Filling up the DagBag from /home/ironbong_jr/mlops/project/project/lib/python3.10/site-packages/airflow/example_dags/example_sla_dag.py
[2024-03-12T21:29:55.114-0400] {processor.py:840} INFO - DAG(s) 'example_sla_dag' retrieved from /home/ironbong_jr/mlops/project/project/lib/python3.10/site-packages/airflow/example_dags/example_sla_dag.py
[2024-03-12T21:29:55.138-0400] {logging_mixin.py:188} INFO - [2024-03-12T21:29:55.137-0400] {dag.py:3047} INFO - Sync 1 DAGs
[2024-03-12T21:29:55.187-0400] {logging_mixin.py:188} INFO - [2024-03-12T21:29:55.187-0400] {dag.py:3834} INFO - Setting next_dagrun for example_sla_dag to 2024-03-13 01:26:00+00:00, run_after=2024-03-13 01:28:00+00:00
[2024-03-12T21:29:55.288-0400] {processor.py:183} INFO - Processing /home/ironbong_jr/mlops/project/project/lib/python3.10/site-packages/airflow/example_dags/example_sla_dag.py took 0.200 seconds
[2024-03-12T21:31:34.696-0400] {processor.py:161} INFO - Started process (PID=409713) to work on /home/ironbong_jr/mlops/project/project/lib/python3.10/site-packages/airflow/example_dags/example_sla_dag.py
[2024-03-12T21:31:34.746-0400] {processor.py:830} INFO - Processing file /home/ironbong_jr/mlops/project/project/lib/python3.10/site-packages/airflow/example_dags/example_sla_dag.py for tasks to queue
[2024-03-12T21:31:34.749-0400] {logging_mixin.py:188} INFO - [2024-03-12T21:31:34.748-0400] {dagbag.py:540} INFO - Filling up the DagBag from /home/ironbong_jr/mlops/project/project/lib/python3.10/site-packages/airflow/example_dags/example_sla_dag.py
[2024-03-12T21:31:34.765-0400] {processor.py:840} INFO - DAG(s) 'example_sla_dag' retrieved from /home/ironbong_jr/mlops/project/project/lib/python3.10/site-packages/airflow/example_dags/example_sla_dag.py
[2024-03-12T21:31:34.792-0400] {logging_mixin.py:188} INFO - [2024-03-12T21:31:34.791-0400] {dag.py:3047} INFO - Sync 1 DAGs
[2024-03-12T21:31:34.825-0400] {logging_mixin.py:188} INFO - [2024-03-12T21:31:34.824-0400] {dag.py:3834} INFO - Setting next_dagrun for example_sla_dag to 2024-03-13 01:28:00+00:00, run_after=2024-03-13 01:30:00+00:00
[2024-03-12T21:31:34.889-0400] {processor.py:183} INFO - Processing /home/ironbong_jr/mlops/project/project/lib/python3.10/site-packages/airflow/example_dags/example_sla_dag.py took 0.201 seconds
[2024-03-12T21:33:16.800-0400] {processor.py:161} INFO - Started process (PID=410281) to work on /home/ironbong_jr/mlops/project/project/lib/python3.10/site-packages/airflow/example_dags/example_sla_dag.py
[2024-03-12T21:33:16.851-0400] {processor.py:830} INFO - Processing file /home/ironbong_jr/mlops/project/project/lib/python3.10/site-packages/airflow/example_dags/example_sla_dag.py for tasks to queue
[2024-03-12T21:33:16.853-0400] {logging_mixin.py:188} INFO - [2024-03-12T21:33:16.852-0400] {dagbag.py:540} INFO - Filling up the DagBag from /home/ironbong_jr/mlops/project/project/lib/python3.10/site-packages/airflow/example_dags/example_sla_dag.py
[2024-03-12T21:33:16.873-0400] {processor.py:840} INFO - DAG(s) 'example_sla_dag' retrieved from /home/ironbong_jr/mlops/project/project/lib/python3.10/site-packages/airflow/example_dags/example_sla_dag.py
[2024-03-12T21:33:16.900-0400] {logging_mixin.py:188} INFO - [2024-03-12T21:33:16.899-0400] {dag.py:3047} INFO - Sync 1 DAGs
[2024-03-12T21:33:16.942-0400] {logging_mixin.py:188} INFO - [2024-03-12T21:33:16.941-0400] {dag.py:3834} INFO - Setting next_dagrun for example_sla_dag to 2024-03-13 01:30:00+00:00, run_after=2024-03-13 01:32:00+00:00
[2024-03-12T21:33:17.052-0400] {processor.py:183} INFO - Processing /home/ironbong_jr/mlops/project/project/lib/python3.10/site-packages/airflow/example_dags/example_sla_dag.py took 0.275 seconds
[2024-03-12T21:34:44.763-0400] {processor.py:161} INFO - Started process (PID=410683) to work on /home/ironbong_jr/mlops/project/project/lib/python3.10/site-packages/airflow/example_dags/example_sla_dag.py
[2024-03-12T21:34:44.810-0400] {processor.py:830} INFO - Processing file /home/ironbong_jr/mlops/project/project/lib/python3.10/site-packages/airflow/example_dags/example_sla_dag.py for tasks to queue
[2024-03-12T21:34:44.814-0400] {logging_mixin.py:188} INFO - [2024-03-12T21:34:44.812-0400] {dagbag.py:540} INFO - Filling up the DagBag from /home/ironbong_jr/mlops/project/project/lib/python3.10/site-packages/airflow/example_dags/example_sla_dag.py
[2024-03-12T21:34:44.830-0400] {processor.py:840} INFO - DAG(s) 'example_sla_dag' retrieved from /home/ironbong_jr/mlops/project/project/lib/python3.10/site-packages/airflow/example_dags/example_sla_dag.py
[2024-03-12T21:34:44.858-0400] {logging_mixin.py:188} INFO - [2024-03-12T21:34:44.857-0400] {dag.py:3047} INFO - Sync 1 DAGs
[2024-03-12T21:34:44.904-0400] {logging_mixin.py:188} INFO - [2024-03-12T21:34:44.904-0400] {dag.py:3834} INFO - Setting next_dagrun for example_sla_dag to 2024-03-13 01:32:00+00:00, run_after=2024-03-13 01:34:00+00:00
[2024-03-12T21:34:45.004-0400] {processor.py:183} INFO - Processing /home/ironbong_jr/mlops/project/project/lib/python3.10/site-packages/airflow/example_dags/example_sla_dag.py took 0.246 seconds
[2024-03-12T23:26:19.869-0400] {processor.py:161} INFO - Started process (PID=417726) to work on /home/ironbong_jr/mlops/project/project/lib/python3.10/site-packages/airflow/example_dags/example_sla_dag.py
[2024-03-12T23:26:19.910-0400] {processor.py:830} INFO - Processing file /home/ironbong_jr/mlops/project/project/lib/python3.10/site-packages/airflow/example_dags/example_sla_dag.py for tasks to queue
[2024-03-12T23:26:19.913-0400] {logging_mixin.py:188} INFO - [2024-03-12T23:26:19.912-0400] {dagbag.py:540} INFO - Filling up the DagBag from /home/ironbong_jr/mlops/project/project/lib/python3.10/site-packages/airflow/example_dags/example_sla_dag.py
[2024-03-12T23:26:19.936-0400] {processor.py:840} INFO - DAG(s) 'example_sla_dag' retrieved from /home/ironbong_jr/mlops/project/project/lib/python3.10/site-packages/airflow/example_dags/example_sla_dag.py
[2024-03-12T23:26:20.297-0400] {logging_mixin.py:188} INFO - [2024-03-12T23:26:20.297-0400] {dag.py:3047} INFO - Sync 1 DAGs
[2024-03-12T23:26:20.328-0400] {logging_mixin.py:188} INFO - [2024-03-12T23:26:20.328-0400] {dag.py:3834} INFO - Setting next_dagrun for example_sla_dag to 2024-03-13 03:24:00+00:00, run_after=2024-03-13 03:26:00+00:00
[2024-03-12T23:26:20.429-0400] {processor.py:183} INFO - Processing /home/ironbong_jr/mlops/project/project/lib/python3.10/site-packages/airflow/example_dags/example_sla_dag.py took 0.566 seconds
[2024-03-12T23:29:35.295-0400] {processor.py:161} INFO - Started process (PID=418508) to work on /home/ironbong_jr/mlops/project/project/lib/python3.10/site-packages/airflow/example_dags/example_sla_dag.py
[2024-03-12T23:29:35.298-0400] {processor.py:830} INFO - Processing file /home/ironbong_jr/mlops/project/project/lib/python3.10/site-packages/airflow/example_dags/example_sla_dag.py for tasks to queue
[2024-03-12T23:29:35.300-0400] {logging_mixin.py:188} INFO - [2024-03-12T23:29:35.299-0400] {dagbag.py:540} INFO - Filling up the DagBag from /home/ironbong_jr/mlops/project/project/lib/python3.10/site-packages/airflow/example_dags/example_sla_dag.py
[2024-03-12T23:29:35.312-0400] {processor.py:840} INFO - DAG(s) 'example_sla_dag' retrieved from /home/ironbong_jr/mlops/project/project/lib/python3.10/site-packages/airflow/example_dags/example_sla_dag.py
[2024-03-12T23:29:35.350-0400] {logging_mixin.py:188} INFO - [2024-03-12T23:29:35.350-0400] {dag.py:3047} INFO - Sync 1 DAGs
[2024-03-12T23:29:35.381-0400] {logging_mixin.py:188} INFO - [2024-03-12T23:29:35.381-0400] {dag.py:3834} INFO - Setting next_dagrun for example_sla_dag to 2024-03-13 03:26:00+00:00, run_after=2024-03-13 03:28:00+00:00
[2024-03-12T23:29:35.427-0400] {processor.py:183} INFO - Processing /home/ironbong_jr/mlops/project/project/lib/python3.10/site-packages/airflow/example_dags/example_sla_dag.py took 0.138 seconds
[2024-03-12T23:31:24.849-0400] {processor.py:161} INFO - Started process (PID=418977) to work on /home/ironbong_jr/mlops/project/project/lib/python3.10/site-packages/airflow/example_dags/example_sla_dag.py
[2024-03-12T23:31:24.889-0400] {processor.py:830} INFO - Processing file /home/ironbong_jr/mlops/project/project/lib/python3.10/site-packages/airflow/example_dags/example_sla_dag.py for tasks to queue
[2024-03-12T23:31:24.891-0400] {logging_mixin.py:188} INFO - [2024-03-12T23:31:24.890-0400] {dagbag.py:540} INFO - Filling up the DagBag from /home/ironbong_jr/mlops/project/project/lib/python3.10/site-packages/airflow/example_dags/example_sla_dag.py
[2024-03-12T23:31:24.907-0400] {processor.py:840} INFO - DAG(s) 'example_sla_dag' retrieved from /home/ironbong_jr/mlops/project/project/lib/python3.10/site-packages/airflow/example_dags/example_sla_dag.py
[2024-03-12T23:31:24.936-0400] {logging_mixin.py:188} INFO - [2024-03-12T23:31:24.935-0400] {dag.py:3047} INFO - Sync 1 DAGs
[2024-03-12T23:31:24.973-0400] {logging_mixin.py:188} INFO - [2024-03-12T23:31:24.973-0400] {dag.py:3834} INFO - Setting next_dagrun for example_sla_dag to 2024-03-13 03:28:00+00:00, run_after=2024-03-13 03:30:00+00:00
[2024-03-12T23:31:25.027-0400] {processor.py:183} INFO - Processing /home/ironbong_jr/mlops/project/project/lib/python3.10/site-packages/airflow/example_dags/example_sla_dag.py took 0.184 seconds
[2024-03-12T23:42:16.723-0400] {processor.py:161} INFO - Started process (PID=421582) to work on /home/ironbong_jr/mlops/project/project/lib/python3.10/site-packages/airflow/example_dags/example_sla_dag.py
[2024-03-12T23:42:16.726-0400] {processor.py:830} INFO - Processing file /home/ironbong_jr/mlops/project/project/lib/python3.10/site-packages/airflow/example_dags/example_sla_dag.py for tasks to queue
[2024-03-12T23:42:16.728-0400] {logging_mixin.py:188} INFO - [2024-03-12T23:42:16.727-0400] {dagbag.py:540} INFO - Filling up the DagBag from /home/ironbong_jr/mlops/project/project/lib/python3.10/site-packages/airflow/example_dags/example_sla_dag.py
[2024-03-12T23:42:16.749-0400] {processor.py:840} INFO - DAG(s) 'example_sla_dag' retrieved from /home/ironbong_jr/mlops/project/project/lib/python3.10/site-packages/airflow/example_dags/example_sla_dag.py
[2024-03-12T23:42:17.060-0400] {logging_mixin.py:188} INFO - [2024-03-12T23:42:17.059-0400] {dag.py:3047} INFO - Sync 1 DAGs
[2024-03-12T23:42:17.084-0400] {logging_mixin.py:188} INFO - [2024-03-12T23:42:17.083-0400] {dag.py:3834} INFO - Setting next_dagrun for example_sla_dag to 2024-03-13 03:40:00+00:00, run_after=2024-03-13 03:42:00+00:00
[2024-03-12T23:42:17.123-0400] {processor.py:183} INFO - Processing /home/ironbong_jr/mlops/project/project/lib/python3.10/site-packages/airflow/example_dags/example_sla_dag.py took 0.405 seconds
[2024-03-12T23:43:48.860-0400] {processor.py:161} INFO - Started process (PID=421949) to work on /home/ironbong_jr/mlops/project/project/lib/python3.10/site-packages/airflow/example_dags/example_sla_dag.py
[2024-03-12T23:43:48.911-0400] {processor.py:830} INFO - Processing file /home/ironbong_jr/mlops/project/project/lib/python3.10/site-packages/airflow/example_dags/example_sla_dag.py for tasks to queue
[2024-03-12T23:43:48.913-0400] {logging_mixin.py:188} INFO - [2024-03-12T23:43:48.912-0400] {dagbag.py:540} INFO - Filling up the DagBag from /home/ironbong_jr/mlops/project/project/lib/python3.10/site-packages/airflow/example_dags/example_sla_dag.py
[2024-03-12T23:43:48.928-0400] {processor.py:840} INFO - DAG(s) 'example_sla_dag' retrieved from /home/ironbong_jr/mlops/project/project/lib/python3.10/site-packages/airflow/example_dags/example_sla_dag.py
[2024-03-12T23:43:48.951-0400] {logging_mixin.py:188} INFO - [2024-03-12T23:43:48.950-0400] {dag.py:3047} INFO - Sync 1 DAGs
[2024-03-12T23:43:49.158-0400] {logging_mixin.py:188} INFO - [2024-03-12T23:43:49.157-0400] {dag.py:3834} INFO - Setting next_dagrun for example_sla_dag to 2024-03-13 03:40:00+00:00, run_after=2024-03-13 03:42:00+00:00
[2024-03-12T23:43:49.249-0400] {processor.py:183} INFO - Processing /home/ironbong_jr/mlops/project/project/lib/python3.10/site-packages/airflow/example_dags/example_sla_dag.py took 0.399 seconds
[2024-03-12T23:45:35.415-0400] {processor.py:161} INFO - Started process (PID=422540) to work on /home/ironbong_jr/mlops/project/project/lib/python3.10/site-packages/airflow/example_dags/example_sla_dag.py
[2024-03-12T23:45:35.418-0400] {processor.py:830} INFO - Processing file /home/ironbong_jr/mlops/project/project/lib/python3.10/site-packages/airflow/example_dags/example_sla_dag.py for tasks to queue
[2024-03-12T23:45:35.419-0400] {logging_mixin.py:188} INFO - [2024-03-12T23:45:35.419-0400] {dagbag.py:540} INFO - Filling up the DagBag from /home/ironbong_jr/mlops/project/project/lib/python3.10/site-packages/airflow/example_dags/example_sla_dag.py
[2024-03-12T23:45:35.435-0400] {processor.py:840} INFO - DAG(s) 'example_sla_dag' retrieved from /home/ironbong_jr/mlops/project/project/lib/python3.10/site-packages/airflow/example_dags/example_sla_dag.py
[2024-03-12T23:45:35.459-0400] {logging_mixin.py:188} INFO - [2024-03-12T23:45:35.459-0400] {dag.py:3047} INFO - Sync 1 DAGs
[2024-03-12T23:45:35.515-0400] {logging_mixin.py:188} INFO - [2024-03-12T23:45:35.514-0400] {dag.py:3834} INFO - Setting next_dagrun for example_sla_dag to 2024-03-13 03:42:00+00:00, run_after=2024-03-13 03:44:00+00:00
[2024-03-12T23:45:35.606-0400] {processor.py:183} INFO - Processing /home/ironbong_jr/mlops/project/project/lib/python3.10/site-packages/airflow/example_dags/example_sla_dag.py took 0.197 seconds
[2024-03-12T23:47:33.323-0400] {processor.py:161} INFO - Started process (PID=423121) to work on /home/ironbong_jr/mlops/project/project/lib/python3.10/site-packages/airflow/example_dags/example_sla_dag.py
[2024-03-12T23:47:33.326-0400] {processor.py:830} INFO - Processing file /home/ironbong_jr/mlops/project/project/lib/python3.10/site-packages/airflow/example_dags/example_sla_dag.py for tasks to queue
[2024-03-12T23:47:33.329-0400] {logging_mixin.py:188} INFO - [2024-03-12T23:47:33.328-0400] {dagbag.py:540} INFO - Filling up the DagBag from /home/ironbong_jr/mlops/project/project/lib/python3.10/site-packages/airflow/example_dags/example_sla_dag.py
[2024-03-12T23:47:33.344-0400] {processor.py:840} INFO - DAG(s) 'example_sla_dag' retrieved from /home/ironbong_jr/mlops/project/project/lib/python3.10/site-packages/airflow/example_dags/example_sla_dag.py
[2024-03-12T23:47:33.370-0400] {logging_mixin.py:188} INFO - [2024-03-12T23:47:33.369-0400] {dag.py:3047} INFO - Sync 1 DAGs
[2024-03-12T23:47:33.405-0400] {logging_mixin.py:188} INFO - [2024-03-12T23:47:33.404-0400] {dag.py:3834} INFO - Setting next_dagrun for example_sla_dag to 2024-03-13 03:44:00+00:00, run_after=2024-03-13 03:46:00+00:00
[2024-03-12T23:47:33.445-0400] {processor.py:183} INFO - Processing /home/ironbong_jr/mlops/project/project/lib/python3.10/site-packages/airflow/example_dags/example_sla_dag.py took 0.127 seconds
[2024-03-12T23:49:21.020-0400] {processor.py:161} INFO - Started process (PID=423603) to work on /home/ironbong_jr/mlops/project/project/lib/python3.10/site-packages/airflow/example_dags/example_sla_dag.py
[2024-03-12T23:49:21.023-0400] {processor.py:830} INFO - Processing file /home/ironbong_jr/mlops/project/project/lib/python3.10/site-packages/airflow/example_dags/example_sla_dag.py for tasks to queue
[2024-03-12T23:49:21.025-0400] {logging_mixin.py:188} INFO - [2024-03-12T23:49:21.024-0400] {dagbag.py:540} INFO - Filling up the DagBag from /home/ironbong_jr/mlops/project/project/lib/python3.10/site-packages/airflow/example_dags/example_sla_dag.py
[2024-03-12T23:49:21.040-0400] {processor.py:840} INFO - DAG(s) 'example_sla_dag' retrieved from /home/ironbong_jr/mlops/project/project/lib/python3.10/site-packages/airflow/example_dags/example_sla_dag.py
[2024-03-12T23:49:21.066-0400] {logging_mixin.py:188} INFO - [2024-03-12T23:49:21.066-0400] {dag.py:3047} INFO - Sync 1 DAGs
[2024-03-12T23:49:21.115-0400] {logging_mixin.py:188} INFO - [2024-03-12T23:49:21.114-0400] {dag.py:3834} INFO - Setting next_dagrun for example_sla_dag to 2024-03-13 03:46:00+00:00, run_after=2024-03-13 03:48:00+00:00
[2024-03-12T23:49:21.225-0400] {processor.py:183} INFO - Processing /home/ironbong_jr/mlops/project/project/lib/python3.10/site-packages/airflow/example_dags/example_sla_dag.py took 0.211 seconds
[2024-03-12T23:50:47.910-0400] {processor.py:161} INFO - Started process (PID=424060) to work on /home/ironbong_jr/mlops/project/project/lib/python3.10/site-packages/airflow/example_dags/example_sla_dag.py
[2024-03-12T23:50:47.961-0400] {processor.py:830} INFO - Processing file /home/ironbong_jr/mlops/project/project/lib/python3.10/site-packages/airflow/example_dags/example_sla_dag.py for tasks to queue
[2024-03-12T23:50:47.963-0400] {logging_mixin.py:188} INFO - [2024-03-12T23:50:47.962-0400] {dagbag.py:540} INFO - Filling up the DagBag from /home/ironbong_jr/mlops/project/project/lib/python3.10/site-packages/airflow/example_dags/example_sla_dag.py
[2024-03-12T23:50:47.990-0400] {processor.py:840} INFO - DAG(s) 'example_sla_dag' retrieved from /home/ironbong_jr/mlops/project/project/lib/python3.10/site-packages/airflow/example_dags/example_sla_dag.py
[2024-03-12T23:50:48.015-0400] {logging_mixin.py:188} INFO - [2024-03-12T23:50:48.015-0400] {dag.py:3047} INFO - Sync 1 DAGs
[2024-03-12T23:50:48.047-0400] {logging_mixin.py:188} INFO - [2024-03-12T23:50:48.046-0400] {dag.py:3834} INFO - Setting next_dagrun for example_sla_dag to 2024-03-13 03:48:00+00:00, run_after=2024-03-13 03:50:00+00:00
[2024-03-12T23:50:48.090-0400] {processor.py:183} INFO - Processing /home/ironbong_jr/mlops/project/project/lib/python3.10/site-packages/airflow/example_dags/example_sla_dag.py took 0.186 seconds
[2024-03-12T23:52:13.081-0400] {processor.py:161} INFO - Started process (PID=424450) to work on /home/ironbong_jr/mlops/project/project/lib/python3.10/site-packages/airflow/example_dags/example_sla_dag.py
[2024-03-12T23:52:13.101-0400] {processor.py:830} INFO - Processing file /home/ironbong_jr/mlops/project/project/lib/python3.10/site-packages/airflow/example_dags/example_sla_dag.py for tasks to queue
[2024-03-12T23:52:13.104-0400] {logging_mixin.py:188} INFO - [2024-03-12T23:52:13.103-0400] {dagbag.py:540} INFO - Filling up the DagBag from /home/ironbong_jr/mlops/project/project/lib/python3.10/site-packages/airflow/example_dags/example_sla_dag.py
[2024-03-12T23:52:13.121-0400] {processor.py:840} INFO - DAG(s) 'example_sla_dag' retrieved from /home/ironbong_jr/mlops/project/project/lib/python3.10/site-packages/airflow/example_dags/example_sla_dag.py
[2024-03-12T23:52:13.156-0400] {logging_mixin.py:188} INFO - [2024-03-12T23:52:13.153-0400] {dag.py:3047} INFO - Sync 1 DAGs
[2024-03-12T23:52:13.247-0400] {logging_mixin.py:188} INFO - [2024-03-12T23:52:13.245-0400] {dag.py:3834} INFO - Setting next_dagrun for example_sla_dag to 2024-03-13 03:50:00+00:00, run_after=2024-03-13 03:52:00+00:00
[2024-03-12T23:52:13.388-0400] {processor.py:183} INFO - Processing /home/ironbong_jr/mlops/project/project/lib/python3.10/site-packages/airflow/example_dags/example_sla_dag.py took 0.314 seconds
[2024-03-12T23:53:40.671-0400] {processor.py:161} INFO - Started process (PID=424987) to work on /home/ironbong_jr/mlops/project/project/lib/python3.10/site-packages/airflow/example_dags/example_sla_dag.py
[2024-03-12T23:53:40.724-0400] {processor.py:830} INFO - Processing file /home/ironbong_jr/mlops/project/project/lib/python3.10/site-packages/airflow/example_dags/example_sla_dag.py for tasks to queue
[2024-03-12T23:53:40.726-0400] {logging_mixin.py:188} INFO - [2024-03-12T23:53:40.726-0400] {dagbag.py:540} INFO - Filling up the DagBag from /home/ironbong_jr/mlops/project/project/lib/python3.10/site-packages/airflow/example_dags/example_sla_dag.py
[2024-03-12T23:53:40.747-0400] {processor.py:840} INFO - DAG(s) 'example_sla_dag' retrieved from /home/ironbong_jr/mlops/project/project/lib/python3.10/site-packages/airflow/example_dags/example_sla_dag.py
[2024-03-12T23:53:40.776-0400] {logging_mixin.py:188} INFO - [2024-03-12T23:53:40.776-0400] {dag.py:3047} INFO - Sync 1 DAGs
[2024-03-12T23:53:40.849-0400] {logging_mixin.py:188} INFO - [2024-03-12T23:53:40.848-0400] {dag.py:3834} INFO - Setting next_dagrun for example_sla_dag to 2024-03-13 03:50:00+00:00, run_after=2024-03-13 03:52:00+00:00
[2024-03-12T23:53:40.961-0400] {processor.py:183} INFO - Processing /home/ironbong_jr/mlops/project/project/lib/python3.10/site-packages/airflow/example_dags/example_sla_dag.py took 0.299 seconds
[2024-03-12T23:55:18.431-0400] {processor.py:161} INFO - Started process (PID=425414) to work on /home/ironbong_jr/mlops/project/project/lib/python3.10/site-packages/airflow/example_dags/example_sla_dag.py
[2024-03-12T23:55:18.483-0400] {processor.py:830} INFO - Processing file /home/ironbong_jr/mlops/project/project/lib/python3.10/site-packages/airflow/example_dags/example_sla_dag.py for tasks to queue
[2024-03-12T23:55:18.486-0400] {logging_mixin.py:188} INFO - [2024-03-12T23:55:18.485-0400] {dagbag.py:540} INFO - Filling up the DagBag from /home/ironbong_jr/mlops/project/project/lib/python3.10/site-packages/airflow/example_dags/example_sla_dag.py
[2024-03-12T23:55:18.514-0400] {processor.py:840} INFO - DAG(s) 'example_sla_dag' retrieved from /home/ironbong_jr/mlops/project/project/lib/python3.10/site-packages/airflow/example_dags/example_sla_dag.py
[2024-03-12T23:55:18.563-0400] {logging_mixin.py:188} INFO - [2024-03-12T23:55:18.562-0400] {dag.py:3047} INFO - Sync 1 DAGs
[2024-03-12T23:55:18.638-0400] {logging_mixin.py:188} INFO - [2024-03-12T23:55:18.638-0400] {dag.py:3834} INFO - Setting next_dagrun for example_sla_dag to 2024-03-13 03:52:00+00:00, run_after=2024-03-13 03:54:00+00:00
[2024-03-12T23:55:18.691-0400] {processor.py:183} INFO - Processing /home/ironbong_jr/mlops/project/project/lib/python3.10/site-packages/airflow/example_dags/example_sla_dag.py took 0.267 seconds
[2024-03-13T00:30:07.546-0400] {processor.py:161} INFO - Started process (PID=432837) to work on /home/ironbong_jr/mlops/project/project/lib/python3.10/site-packages/airflow/example_dags/example_sla_dag.py
[2024-03-13T00:30:07.597-0400] {processor.py:830} INFO - Processing file /home/ironbong_jr/mlops/project/project/lib/python3.10/site-packages/airflow/example_dags/example_sla_dag.py for tasks to queue
[2024-03-13T00:30:07.600-0400] {logging_mixin.py:188} INFO - [2024-03-13T00:30:07.599-0400] {dagbag.py:540} INFO - Filling up the DagBag from /home/ironbong_jr/mlops/project/project/lib/python3.10/site-packages/airflow/example_dags/example_sla_dag.py
[2024-03-13T00:30:07.626-0400] {processor.py:840} INFO - DAG(s) 'example_sla_dag' retrieved from /home/ironbong_jr/mlops/project/project/lib/python3.10/site-packages/airflow/example_dags/example_sla_dag.py
[2024-03-13T00:30:07.964-0400] {logging_mixin.py:188} INFO - [2024-03-13T00:30:07.964-0400] {dag.py:3047} INFO - Sync 1 DAGs
[2024-03-13T00:30:07.996-0400] {logging_mixin.py:188} INFO - [2024-03-13T00:30:07.995-0400] {dag.py:3834} INFO - Setting next_dagrun for example_sla_dag to 2024-03-13 04:28:00+00:00, run_after=2024-03-13 04:30:00+00:00
[2024-03-13T00:30:08.099-0400] {processor.py:183} INFO - Processing /home/ironbong_jr/mlops/project/project/lib/python3.10/site-packages/airflow/example_dags/example_sla_dag.py took 0.557 seconds
[2024-03-13T00:31:58.010-0400] {processor.py:161} INFO - Started process (PID=433347) to work on /home/ironbong_jr/mlops/project/project/lib/python3.10/site-packages/airflow/example_dags/example_sla_dag.py
[2024-03-13T00:31:58.062-0400] {processor.py:830} INFO - Processing file /home/ironbong_jr/mlops/project/project/lib/python3.10/site-packages/airflow/example_dags/example_sla_dag.py for tasks to queue
[2024-03-13T00:31:58.065-0400] {logging_mixin.py:188} INFO - [2024-03-13T00:31:58.064-0400] {dagbag.py:540} INFO - Filling up the DagBag from /home/ironbong_jr/mlops/project/project/lib/python3.10/site-packages/airflow/example_dags/example_sla_dag.py
[2024-03-13T00:31:58.089-0400] {processor.py:840} INFO - DAG(s) 'example_sla_dag' retrieved from /home/ironbong_jr/mlops/project/project/lib/python3.10/site-packages/airflow/example_dags/example_sla_dag.py
[2024-03-13T00:31:58.126-0400] {logging_mixin.py:188} INFO - [2024-03-13T00:31:58.125-0400] {dag.py:3047} INFO - Sync 1 DAGs
[2024-03-13T00:31:58.398-0400] {logging_mixin.py:188} INFO - [2024-03-13T00:31:58.397-0400] {dag.py:3834} INFO - Setting next_dagrun for example_sla_dag to 2024-03-13 04:28:00+00:00, run_after=2024-03-13 04:30:00+00:00
[2024-03-13T00:31:58.468-0400] {processor.py:183} INFO - Processing /home/ironbong_jr/mlops/project/project/lib/python3.10/site-packages/airflow/example_dags/example_sla_dag.py took 0.476 seconds
[2024-03-13T00:35:53.519-0400] {processor.py:161} INFO - Started process (PID=434322) to work on /home/ironbong_jr/mlops/project/project/lib/python3.10/site-packages/airflow/example_dags/example_sla_dag.py
[2024-03-13T00:35:53.523-0400] {processor.py:830} INFO - Processing file /home/ironbong_jr/mlops/project/project/lib/python3.10/site-packages/airflow/example_dags/example_sla_dag.py for tasks to queue
[2024-03-13T00:35:53.525-0400] {logging_mixin.py:188} INFO - [2024-03-13T00:35:53.524-0400] {dagbag.py:540} INFO - Filling up the DagBag from /home/ironbong_jr/mlops/project/project/lib/python3.10/site-packages/airflow/example_dags/example_sla_dag.py
[2024-03-13T00:35:53.543-0400] {processor.py:840} INFO - DAG(s) 'example_sla_dag' retrieved from /home/ironbong_jr/mlops/project/project/lib/python3.10/site-packages/airflow/example_dags/example_sla_dag.py
[2024-03-13T00:35:53.585-0400] {logging_mixin.py:188} INFO - [2024-03-13T00:35:53.585-0400] {dag.py:3047} INFO - Sync 1 DAGs
[2024-03-13T00:35:53.622-0400] {logging_mixin.py:188} INFO - [2024-03-13T00:35:53.621-0400] {dag.py:3834} INFO - Setting next_dagrun for example_sla_dag to 2024-03-13 04:32:00+00:00, run_after=2024-03-13 04:34:00+00:00
[2024-03-13T00:35:53.667-0400] {processor.py:183} INFO - Processing /home/ironbong_jr/mlops/project/project/lib/python3.10/site-packages/airflow/example_dags/example_sla_dag.py took 0.155 seconds
[2024-03-13T00:38:04.593-0400] {processor.py:161} INFO - Started process (PID=434968) to work on /home/ironbong_jr/mlops/project/project/lib/python3.10/site-packages/airflow/example_dags/example_sla_dag.py
[2024-03-13T00:38:04.596-0400] {processor.py:830} INFO - Processing file /home/ironbong_jr/mlops/project/project/lib/python3.10/site-packages/airflow/example_dags/example_sla_dag.py for tasks to queue
[2024-03-13T00:38:04.598-0400] {logging_mixin.py:188} INFO - [2024-03-13T00:38:04.597-0400] {dagbag.py:540} INFO - Filling up the DagBag from /home/ironbong_jr/mlops/project/project/lib/python3.10/site-packages/airflow/example_dags/example_sla_dag.py
[2024-03-13T00:38:04.611-0400] {processor.py:840} INFO - DAG(s) 'example_sla_dag' retrieved from /home/ironbong_jr/mlops/project/project/lib/python3.10/site-packages/airflow/example_dags/example_sla_dag.py
[2024-03-13T00:38:04.634-0400] {logging_mixin.py:188} INFO - [2024-03-13T00:38:04.634-0400] {dag.py:3047} INFO - Sync 1 DAGs
[2024-03-13T00:38:04.661-0400] {logging_mixin.py:188} INFO - [2024-03-13T00:38:04.661-0400] {dag.py:3834} INFO - Setting next_dagrun for example_sla_dag to 2024-03-13 04:36:00+00:00, run_after=2024-03-13 04:38:00+00:00
[2024-03-13T00:38:04.726-0400] {processor.py:183} INFO - Processing /home/ironbong_jr/mlops/project/project/lib/python3.10/site-packages/airflow/example_dags/example_sla_dag.py took 0.140 seconds
[2024-03-13T00:39:41.328-0400] {processor.py:161} INFO - Started process (PID=435393) to work on /home/ironbong_jr/mlops/project/project/lib/python3.10/site-packages/airflow/example_dags/example_sla_dag.py
[2024-03-13T00:39:41.378-0400] {processor.py:830} INFO - Processing file /home/ironbong_jr/mlops/project/project/lib/python3.10/site-packages/airflow/example_dags/example_sla_dag.py for tasks to queue
[2024-03-13T00:39:41.381-0400] {logging_mixin.py:188} INFO - [2024-03-13T00:39:41.380-0400] {dagbag.py:540} INFO - Filling up the DagBag from /home/ironbong_jr/mlops/project/project/lib/python3.10/site-packages/airflow/example_dags/example_sla_dag.py
[2024-03-13T00:39:41.403-0400] {processor.py:840} INFO - DAG(s) 'example_sla_dag' retrieved from /home/ironbong_jr/mlops/project/project/lib/python3.10/site-packages/airflow/example_dags/example_sla_dag.py
[2024-03-13T00:39:41.478-0400] {logging_mixin.py:188} INFO - [2024-03-13T00:39:41.475-0400] {dag.py:3047} INFO - Sync 1 DAGs
[2024-03-13T00:39:41.532-0400] {logging_mixin.py:188} INFO - [2024-03-13T00:39:41.530-0400] {dag.py:3834} INFO - Setting next_dagrun for example_sla_dag to 2024-03-13 04:36:00+00:00, run_after=2024-03-13 04:38:00+00:00
[2024-03-13T00:39:41.619-0400] {processor.py:183} INFO - Processing /home/ironbong_jr/mlops/project/project/lib/python3.10/site-packages/airflow/example_dags/example_sla_dag.py took 0.299 seconds
[2024-03-13T00:41:06.602-0400] {processor.py:161} INFO - Started process (PID=435781) to work on /home/ironbong_jr/mlops/project/project/lib/python3.10/site-packages/airflow/example_dags/example_sla_dag.py
[2024-03-13T00:41:06.604-0400] {processor.py:830} INFO - Processing file /home/ironbong_jr/mlops/project/project/lib/python3.10/site-packages/airflow/example_dags/example_sla_dag.py for tasks to queue
[2024-03-13T00:41:06.606-0400] {logging_mixin.py:188} INFO - [2024-03-13T00:41:06.605-0400] {dagbag.py:540} INFO - Filling up the DagBag from /home/ironbong_jr/mlops/project/project/lib/python3.10/site-packages/airflow/example_dags/example_sla_dag.py
[2024-03-13T00:41:06.618-0400] {processor.py:840} INFO - DAG(s) 'example_sla_dag' retrieved from /home/ironbong_jr/mlops/project/project/lib/python3.10/site-packages/airflow/example_dags/example_sla_dag.py
[2024-03-13T00:41:06.641-0400] {logging_mixin.py:188} INFO - [2024-03-13T00:41:06.640-0400] {dag.py:3047} INFO - Sync 1 DAGs
[2024-03-13T00:41:06.669-0400] {logging_mixin.py:188} INFO - [2024-03-13T00:41:06.669-0400] {dag.py:3834} INFO - Setting next_dagrun for example_sla_dag to 2024-03-13 04:38:00+00:00, run_after=2024-03-13 04:40:00+00:00
[2024-03-13T00:41:06.711-0400] {processor.py:183} INFO - Processing /home/ironbong_jr/mlops/project/project/lib/python3.10/site-packages/airflow/example_dags/example_sla_dag.py took 0.114 seconds
[2024-03-13T00:44:12.279-0400] {processor.py:161} INFO - Started process (PID=436623) to work on /home/ironbong_jr/mlops/project/project/lib/python3.10/site-packages/airflow/example_dags/example_sla_dag.py
[2024-03-13T00:44:12.282-0400] {processor.py:830} INFO - Processing file /home/ironbong_jr/mlops/project/project/lib/python3.10/site-packages/airflow/example_dags/example_sla_dag.py for tasks to queue
[2024-03-13T00:44:12.284-0400] {logging_mixin.py:188} INFO - [2024-03-13T00:44:12.283-0400] {dagbag.py:540} INFO - Filling up the DagBag from /home/ironbong_jr/mlops/project/project/lib/python3.10/site-packages/airflow/example_dags/example_sla_dag.py
[2024-03-13T00:44:12.299-0400] {processor.py:840} INFO - DAG(s) 'example_sla_dag' retrieved from /home/ironbong_jr/mlops/project/project/lib/python3.10/site-packages/airflow/example_dags/example_sla_dag.py
[2024-03-13T00:44:12.324-0400] {logging_mixin.py:188} INFO - [2024-03-13T00:44:12.323-0400] {dag.py:3047} INFO - Sync 1 DAGs
[2024-03-13T00:44:12.368-0400] {logging_mixin.py:188} INFO - [2024-03-13T00:44:12.368-0400] {dag.py:3834} INFO - Setting next_dagrun for example_sla_dag to 2024-03-13 04:42:00+00:00, run_after=2024-03-13 04:44:00+00:00
[2024-03-13T00:44:12.414-0400] {processor.py:183} INFO - Processing /home/ironbong_jr/mlops/project/project/lib/python3.10/site-packages/airflow/example_dags/example_sla_dag.py took 0.139 seconds
[2024-03-13T00:45:32.854-0400] {processor.py:161} INFO - Started process (PID=436977) to work on /home/ironbong_jr/mlops/project/project/lib/python3.10/site-packages/airflow/example_dags/example_sla_dag.py
[2024-03-13T00:45:32.859-0400] {processor.py:830} INFO - Processing file /home/ironbong_jr/mlops/project/project/lib/python3.10/site-packages/airflow/example_dags/example_sla_dag.py for tasks to queue
[2024-03-13T00:45:32.861-0400] {logging_mixin.py:188} INFO - [2024-03-13T00:45:32.860-0400] {dagbag.py:540} INFO - Filling up the DagBag from /home/ironbong_jr/mlops/project/project/lib/python3.10/site-packages/airflow/example_dags/example_sla_dag.py
[2024-03-13T00:45:32.876-0400] {processor.py:840} INFO - DAG(s) 'example_sla_dag' retrieved from /home/ironbong_jr/mlops/project/project/lib/python3.10/site-packages/airflow/example_dags/example_sla_dag.py
[2024-03-13T00:45:32.901-0400] {logging_mixin.py:188} INFO - [2024-03-13T00:45:32.901-0400] {dag.py:3047} INFO - Sync 1 DAGs
[2024-03-13T00:45:32.925-0400] {logging_mixin.py:188} INFO - [2024-03-13T00:45:32.925-0400] {dag.py:3834} INFO - Setting next_dagrun for example_sla_dag to 2024-03-13 04:42:00+00:00, run_after=2024-03-13 04:44:00+00:00
[2024-03-13T00:45:32.961-0400] {processor.py:183} INFO - Processing /home/ironbong_jr/mlops/project/project/lib/python3.10/site-packages/airflow/example_dags/example_sla_dag.py took 0.112 seconds
[2024-03-13T15:49:18.522-0400] {processor.py:161} INFO - Started process (PID=453755) to work on /home/ironbong_jr/mlops/project/project/lib/python3.10/site-packages/airflow/example_dags/example_sla_dag.py
[2024-03-13T15:49:18.526-0400] {processor.py:830} INFO - Processing file /home/ironbong_jr/mlops/project/project/lib/python3.10/site-packages/airflow/example_dags/example_sla_dag.py for tasks to queue
[2024-03-13T15:49:18.527-0400] {logging_mixin.py:188} INFO - [2024-03-13T15:49:18.527-0400] {dagbag.py:540} INFO - Filling up the DagBag from /home/ironbong_jr/mlops/project/project/lib/python3.10/site-packages/airflow/example_dags/example_sla_dag.py
[2024-03-13T15:49:18.533-0400] {processor.py:840} INFO - DAG(s) 'example_sla_dag' retrieved from /home/ironbong_jr/mlops/project/project/lib/python3.10/site-packages/airflow/example_dags/example_sla_dag.py
[2024-03-13T15:49:18.636-0400] {logging_mixin.py:188} INFO - [2024-03-13T15:49:18.636-0400] {dag.py:3047} INFO - Sync 1 DAGs
[2024-03-13T15:49:18.645-0400] {logging_mixin.py:188} INFO - [2024-03-13T15:49:18.645-0400] {dag.py:3834} INFO - Setting next_dagrun for example_sla_dag to 2024-03-13 19:46:00+00:00, run_after=2024-03-13 19:48:00+00:00
[2024-03-13T15:49:18.666-0400] {processor.py:183} INFO - Processing /home/ironbong_jr/mlops/project/project/lib/python3.10/site-packages/airflow/example_dags/example_sla_dag.py took 0.146 seconds
[2024-03-13T15:51:27.045-0400] {processor.py:161} INFO - Started process (PID=454486) to work on /home/ironbong_jr/mlops/project/project/lib/python3.10/site-packages/airflow/example_dags/example_sla_dag.py
[2024-03-13T15:51:27.049-0400] {processor.py:830} INFO - Processing file /home/ironbong_jr/mlops/project/project/lib/python3.10/site-packages/airflow/example_dags/example_sla_dag.py for tasks to queue
[2024-03-13T15:51:27.049-0400] {logging_mixin.py:188} INFO - [2024-03-13T15:51:27.049-0400] {dagbag.py:540} INFO - Filling up the DagBag from /home/ironbong_jr/mlops/project/project/lib/python3.10/site-packages/airflow/example_dags/example_sla_dag.py
[2024-03-13T15:51:27.117-0400] {processor.py:840} INFO - DAG(s) 'example_sla_dag' retrieved from /home/ironbong_jr/mlops/project/project/lib/python3.10/site-packages/airflow/example_dags/example_sla_dag.py
[2024-03-13T15:51:27.123-0400] {logging_mixin.py:188} INFO - [2024-03-13T15:51:27.122-0400] {dag.py:3047} INFO - Sync 1 DAGs
[2024-03-13T15:51:27.134-0400] {logging_mixin.py:188} INFO - [2024-03-13T15:51:27.134-0400] {dag.py:3834} INFO - Setting next_dagrun for example_sla_dag to 2024-03-13 19:48:00+00:00, run_after=2024-03-13 19:50:00+00:00
[2024-03-13T15:51:27.154-0400] {processor.py:183} INFO - Processing /home/ironbong_jr/mlops/project/project/lib/python3.10/site-packages/airflow/example_dags/example_sla_dag.py took 0.111 seconds
[2024-03-13T15:52:23.485-0400] {processor.py:161} INFO - Started process (PID=454775) to work on /home/ironbong_jr/mlops/project/project/lib/python3.10/site-packages/airflow/example_dags/example_sla_dag.py
[2024-03-13T15:52:23.489-0400] {processor.py:830} INFO - Processing file /home/ironbong_jr/mlops/project/project/lib/python3.10/site-packages/airflow/example_dags/example_sla_dag.py for tasks to queue
[2024-03-13T15:52:23.490-0400] {logging_mixin.py:188} INFO - [2024-03-13T15:52:23.489-0400] {dagbag.py:540} INFO - Filling up the DagBag from /home/ironbong_jr/mlops/project/project/lib/python3.10/site-packages/airflow/example_dags/example_sla_dag.py
[2024-03-13T15:52:23.496-0400] {processor.py:840} INFO - DAG(s) 'example_sla_dag' retrieved from /home/ironbong_jr/mlops/project/project/lib/python3.10/site-packages/airflow/example_dags/example_sla_dag.py
[2024-03-13T15:52:23.508-0400] {logging_mixin.py:188} INFO - [2024-03-13T15:52:23.508-0400] {dag.py:3047} INFO - Sync 1 DAGs
[2024-03-13T15:52:23.522-0400] {logging_mixin.py:188} INFO - [2024-03-13T15:52:23.522-0400] {dag.py:3834} INFO - Setting next_dagrun for example_sla_dag to 2024-03-13 19:50:00+00:00, run_after=2024-03-13 19:52:00+00:00
[2024-03-13T15:52:23.545-0400] {processor.py:183} INFO - Processing /home/ironbong_jr/mlops/project/project/lib/python3.10/site-packages/airflow/example_dags/example_sla_dag.py took 0.062 seconds
[2024-03-13T15:53:16.498-0400] {processor.py:161} INFO - Started process (PID=455067) to work on /home/ironbong_jr/mlops/project/project/lib/python3.10/site-packages/airflow/example_dags/example_sla_dag.py
[2024-03-13T15:53:16.500-0400] {processor.py:830} INFO - Processing file /home/ironbong_jr/mlops/project/project/lib/python3.10/site-packages/airflow/example_dags/example_sla_dag.py for tasks to queue
[2024-03-13T15:53:16.500-0400] {logging_mixin.py:188} INFO - [2024-03-13T15:53:16.500-0400] {dagbag.py:540} INFO - Filling up the DagBag from /home/ironbong_jr/mlops/project/project/lib/python3.10/site-packages/airflow/example_dags/example_sla_dag.py
[2024-03-13T15:53:16.505-0400] {processor.py:840} INFO - DAG(s) 'example_sla_dag' retrieved from /home/ironbong_jr/mlops/project/project/lib/python3.10/site-packages/airflow/example_dags/example_sla_dag.py
[2024-03-13T15:53:16.515-0400] {logging_mixin.py:188} INFO - [2024-03-13T15:53:16.515-0400] {dag.py:3047} INFO - Sync 1 DAGs
[2024-03-13T15:53:16.529-0400] {logging_mixin.py:188} INFO - [2024-03-13T15:53:16.528-0400] {dag.py:3834} INFO - Setting next_dagrun for example_sla_dag to 2024-03-13 19:50:00+00:00, run_after=2024-03-13 19:52:00+00:00
[2024-03-13T15:53:16.558-0400] {processor.py:183} INFO - Processing /home/ironbong_jr/mlops/project/project/lib/python3.10/site-packages/airflow/example_dags/example_sla_dag.py took 0.062 seconds
[2024-03-13T15:54:09.983-0400] {processor.py:161} INFO - Started process (PID=455319) to work on /home/ironbong_jr/mlops/project/project/lib/python3.10/site-packages/airflow/example_dags/example_sla_dag.py
[2024-03-13T15:54:09.985-0400] {processor.py:830} INFO - Processing file /home/ironbong_jr/mlops/project/project/lib/python3.10/site-packages/airflow/example_dags/example_sla_dag.py for tasks to queue
[2024-03-13T15:54:09.986-0400] {logging_mixin.py:188} INFO - [2024-03-13T15:54:09.985-0400] {dagbag.py:540} INFO - Filling up the DagBag from /home/ironbong_jr/mlops/project/project/lib/python3.10/site-packages/airflow/example_dags/example_sla_dag.py
[2024-03-13T15:54:09.991-0400] {processor.py:840} INFO - DAG(s) 'example_sla_dag' retrieved from /home/ironbong_jr/mlops/project/project/lib/python3.10/site-packages/airflow/example_dags/example_sla_dag.py
[2024-03-13T15:54:10.001-0400] {logging_mixin.py:188} INFO - [2024-03-13T15:54:10.001-0400] {dag.py:3047} INFO - Sync 1 DAGs
[2024-03-13T15:54:10.014-0400] {logging_mixin.py:188} INFO - [2024-03-13T15:54:10.014-0400] {dag.py:3834} INFO - Setting next_dagrun for example_sla_dag to 2024-03-13 19:52:00+00:00, run_after=2024-03-13 19:54:00+00:00
[2024-03-13T15:54:10.034-0400] {processor.py:183} INFO - Processing /home/ironbong_jr/mlops/project/project/lib/python3.10/site-packages/airflow/example_dags/example_sla_dag.py took 0.052 seconds
[2024-03-13T15:55:03.590-0400] {processor.py:161} INFO - Started process (PID=455587) to work on /home/ironbong_jr/mlops/project/project/lib/python3.10/site-packages/airflow/example_dags/example_sla_dag.py
[2024-03-13T15:55:03.594-0400] {processor.py:830} INFO - Processing file /home/ironbong_jr/mlops/project/project/lib/python3.10/site-packages/airflow/example_dags/example_sla_dag.py for tasks to queue
[2024-03-13T15:55:03.594-0400] {logging_mixin.py:188} INFO - [2024-03-13T15:55:03.594-0400] {dagbag.py:540} INFO - Filling up the DagBag from /home/ironbong_jr/mlops/project/project/lib/python3.10/site-packages/airflow/example_dags/example_sla_dag.py
[2024-03-13T15:55:03.600-0400] {processor.py:840} INFO - DAG(s) 'example_sla_dag' retrieved from /home/ironbong_jr/mlops/project/project/lib/python3.10/site-packages/airflow/example_dags/example_sla_dag.py
[2024-03-13T15:55:03.609-0400] {logging_mixin.py:188} INFO - [2024-03-13T15:55:03.609-0400] {dag.py:3047} INFO - Sync 1 DAGs
[2024-03-13T15:55:03.621-0400] {logging_mixin.py:188} INFO - [2024-03-13T15:55:03.621-0400] {dag.py:3834} INFO - Setting next_dagrun for example_sla_dag to 2024-03-13 19:52:00+00:00, run_after=2024-03-13 19:54:00+00:00
[2024-03-13T15:55:03.642-0400] {processor.py:183} INFO - Processing /home/ironbong_jr/mlops/project/project/lib/python3.10/site-packages/airflow/example_dags/example_sla_dag.py took 0.054 seconds
[2024-03-13T15:55:53.763-0400] {processor.py:161} INFO - Started process (PID=455848) to work on /home/ironbong_jr/mlops/project/project/lib/python3.10/site-packages/airflow/example_dags/example_sla_dag.py
[2024-03-13T15:55:53.765-0400] {processor.py:830} INFO - Processing file /home/ironbong_jr/mlops/project/project/lib/python3.10/site-packages/airflow/example_dags/example_sla_dag.py for tasks to queue
[2024-03-13T15:55:53.766-0400] {logging_mixin.py:188} INFO - [2024-03-13T15:55:53.766-0400] {dagbag.py:540} INFO - Filling up the DagBag from /home/ironbong_jr/mlops/project/project/lib/python3.10/site-packages/airflow/example_dags/example_sla_dag.py
[2024-03-13T15:55:53.773-0400] {processor.py:840} INFO - DAG(s) 'example_sla_dag' retrieved from /home/ironbong_jr/mlops/project/project/lib/python3.10/site-packages/airflow/example_dags/example_sla_dag.py
[2024-03-13T15:55:53.785-0400] {logging_mixin.py:188} INFO - [2024-03-13T15:55:53.785-0400] {dag.py:3047} INFO - Sync 1 DAGs
[2024-03-13T15:55:53.802-0400] {logging_mixin.py:188} INFO - [2024-03-13T15:55:53.802-0400] {dag.py:3834} INFO - Setting next_dagrun for example_sla_dag to 2024-03-13 19:52:00+00:00, run_after=2024-03-13 19:54:00+00:00
[2024-03-13T15:55:53.826-0400] {processor.py:183} INFO - Processing /home/ironbong_jr/mlops/project/project/lib/python3.10/site-packages/airflow/example_dags/example_sla_dag.py took 0.066 seconds
[2024-03-13T15:56:45.045-0400] {processor.py:161} INFO - Started process (PID=456106) to work on /home/ironbong_jr/mlops/project/project/lib/python3.10/site-packages/airflow/example_dags/example_sla_dag.py
[2024-03-13T15:56:45.048-0400] {processor.py:830} INFO - Processing file /home/ironbong_jr/mlops/project/project/lib/python3.10/site-packages/airflow/example_dags/example_sla_dag.py for tasks to queue
[2024-03-13T15:56:45.048-0400] {logging_mixin.py:188} INFO - [2024-03-13T15:56:45.048-0400] {dagbag.py:540} INFO - Filling up the DagBag from /home/ironbong_jr/mlops/project/project/lib/python3.10/site-packages/airflow/example_dags/example_sla_dag.py
[2024-03-13T15:56:45.056-0400] {processor.py:840} INFO - DAG(s) 'example_sla_dag' retrieved from /home/ironbong_jr/mlops/project/project/lib/python3.10/site-packages/airflow/example_dags/example_sla_dag.py
[2024-03-13T15:56:45.068-0400] {logging_mixin.py:188} INFO - [2024-03-13T15:56:45.068-0400] {dag.py:3047} INFO - Sync 1 DAGs
[2024-03-13T15:56:45.085-0400] {logging_mixin.py:188} INFO - [2024-03-13T15:56:45.085-0400] {dag.py:3834} INFO - Setting next_dagrun for example_sla_dag to 2024-03-13 19:54:00+00:00, run_after=2024-03-13 19:56:00+00:00
[2024-03-13T15:56:45.109-0400] {processor.py:183} INFO - Processing /home/ironbong_jr/mlops/project/project/lib/python3.10/site-packages/airflow/example_dags/example_sla_dag.py took 0.067 seconds
[2024-03-13T15:57:35.213-0400] {processor.py:161} INFO - Started process (PID=456414) to work on /home/ironbong_jr/mlops/project/project/lib/python3.10/site-packages/airflow/example_dags/example_sla_dag.py
[2024-03-13T15:57:35.216-0400] {processor.py:830} INFO - Processing file /home/ironbong_jr/mlops/project/project/lib/python3.10/site-packages/airflow/example_dags/example_sla_dag.py for tasks to queue
[2024-03-13T15:57:35.219-0400] {logging_mixin.py:188} INFO - [2024-03-13T15:57:35.218-0400] {dagbag.py:540} INFO - Filling up the DagBag from /home/ironbong_jr/mlops/project/project/lib/python3.10/site-packages/airflow/example_dags/example_sla_dag.py
[2024-03-13T15:57:35.226-0400] {processor.py:840} INFO - DAG(s) 'example_sla_dag' retrieved from /home/ironbong_jr/mlops/project/project/lib/python3.10/site-packages/airflow/example_dags/example_sla_dag.py
[2024-03-13T15:57:35.240-0400] {logging_mixin.py:188} INFO - [2024-03-13T15:57:35.240-0400] {dag.py:3047} INFO - Sync 1 DAGs
[2024-03-13T15:57:35.269-0400] {logging_mixin.py:188} INFO - [2024-03-13T15:57:35.269-0400] {dag.py:3834} INFO - Setting next_dagrun for example_sla_dag to 2024-03-13 19:54:00+00:00, run_after=2024-03-13 19:56:00+00:00
[2024-03-13T15:57:35.297-0400] {processor.py:183} INFO - Processing /home/ironbong_jr/mlops/project/project/lib/python3.10/site-packages/airflow/example_dags/example_sla_dag.py took 0.088 seconds
[2024-03-13T15:58:28.192-0400] {processor.py:161} INFO - Started process (PID=456678) to work on /home/ironbong_jr/mlops/project/project/lib/python3.10/site-packages/airflow/example_dags/example_sla_dag.py
[2024-03-13T15:58:28.194-0400] {processor.py:830} INFO - Processing file /home/ironbong_jr/mlops/project/project/lib/python3.10/site-packages/airflow/example_dags/example_sla_dag.py for tasks to queue
[2024-03-13T15:58:28.195-0400] {logging_mixin.py:188} INFO - [2024-03-13T15:58:28.194-0400] {dagbag.py:540} INFO - Filling up the DagBag from /home/ironbong_jr/mlops/project/project/lib/python3.10/site-packages/airflow/example_dags/example_sla_dag.py
[2024-03-13T15:58:28.200-0400] {processor.py:840} INFO - DAG(s) 'example_sla_dag' retrieved from /home/ironbong_jr/mlops/project/project/lib/python3.10/site-packages/airflow/example_dags/example_sla_dag.py
[2024-03-13T15:58:28.210-0400] {logging_mixin.py:188} INFO - [2024-03-13T15:58:28.209-0400] {dag.py:3047} INFO - Sync 1 DAGs
[2024-03-13T15:58:28.229-0400] {logging_mixin.py:188} INFO - [2024-03-13T15:58:28.229-0400] {dag.py:3834} INFO - Setting next_dagrun for example_sla_dag to 2024-03-13 19:56:00+00:00, run_after=2024-03-13 19:58:00+00:00
[2024-03-13T15:58:28.252-0400] {processor.py:183} INFO - Processing /home/ironbong_jr/mlops/project/project/lib/python3.10/site-packages/airflow/example_dags/example_sla_dag.py took 0.063 seconds
[2024-03-13T15:59:19.183-0400] {processor.py:161} INFO - Started process (PID=456921) to work on /home/ironbong_jr/mlops/project/project/lib/python3.10/site-packages/airflow/example_dags/example_sla_dag.py
[2024-03-13T15:59:19.187-0400] {processor.py:830} INFO - Processing file /home/ironbong_jr/mlops/project/project/lib/python3.10/site-packages/airflow/example_dags/example_sla_dag.py for tasks to queue
[2024-03-13T15:59:19.188-0400] {logging_mixin.py:188} INFO - [2024-03-13T15:59:19.188-0400] {dagbag.py:540} INFO - Filling up the DagBag from /home/ironbong_jr/mlops/project/project/lib/python3.10/site-packages/airflow/example_dags/example_sla_dag.py
[2024-03-13T15:59:19.194-0400] {processor.py:840} INFO - DAG(s) 'example_sla_dag' retrieved from /home/ironbong_jr/mlops/project/project/lib/python3.10/site-packages/airflow/example_dags/example_sla_dag.py
[2024-03-13T15:59:19.203-0400] {logging_mixin.py:188} INFO - [2024-03-13T15:59:19.203-0400] {dag.py:3047} INFO - Sync 1 DAGs
[2024-03-13T15:59:19.217-0400] {logging_mixin.py:188} INFO - [2024-03-13T15:59:19.217-0400] {dag.py:3834} INFO - Setting next_dagrun for example_sla_dag to 2024-03-13 19:56:00+00:00, run_after=2024-03-13 19:58:00+00:00
[2024-03-13T15:59:19.240-0400] {processor.py:183} INFO - Processing /home/ironbong_jr/mlops/project/project/lib/python3.10/site-packages/airflow/example_dags/example_sla_dag.py took 0.059 seconds
[2024-03-13T16:00:10.029-0400] {processor.py:161} INFO - Started process (PID=457171) to work on /home/ironbong_jr/mlops/project/project/lib/python3.10/site-packages/airflow/example_dags/example_sla_dag.py
[2024-03-13T16:00:10.033-0400] {processor.py:830} INFO - Processing file /home/ironbong_jr/mlops/project/project/lib/python3.10/site-packages/airflow/example_dags/example_sla_dag.py for tasks to queue
[2024-03-13T16:00:10.034-0400] {logging_mixin.py:188} INFO - [2024-03-13T16:00:10.033-0400] {dagbag.py:540} INFO - Filling up the DagBag from /home/ironbong_jr/mlops/project/project/lib/python3.10/site-packages/airflow/example_dags/example_sla_dag.py
[2024-03-13T16:00:10.039-0400] {processor.py:840} INFO - DAG(s) 'example_sla_dag' retrieved from /home/ironbong_jr/mlops/project/project/lib/python3.10/site-packages/airflow/example_dags/example_sla_dag.py
[2024-03-13T16:00:10.048-0400] {logging_mixin.py:188} INFO - [2024-03-13T16:00:10.048-0400] {dag.py:3047} INFO - Sync 1 DAGs
[2024-03-13T16:00:10.061-0400] {logging_mixin.py:188} INFO - [2024-03-13T16:00:10.061-0400] {dag.py:3834} INFO - Setting next_dagrun for example_sla_dag to 2024-03-13 19:58:00+00:00, run_after=2024-03-13 20:00:00+00:00
[2024-03-13T16:00:10.082-0400] {processor.py:183} INFO - Processing /home/ironbong_jr/mlops/project/project/lib/python3.10/site-packages/airflow/example_dags/example_sla_dag.py took 0.055 seconds
[2024-03-13T16:01:01.104-0400] {processor.py:161} INFO - Started process (PID=457427) to work on /home/ironbong_jr/mlops/project/project/lib/python3.10/site-packages/airflow/example_dags/example_sla_dag.py
[2024-03-13T16:01:01.108-0400] {processor.py:830} INFO - Processing file /home/ironbong_jr/mlops/project/project/lib/python3.10/site-packages/airflow/example_dags/example_sla_dag.py for tasks to queue
[2024-03-13T16:01:01.108-0400] {logging_mixin.py:188} INFO - [2024-03-13T16:01:01.108-0400] {dagbag.py:540} INFO - Filling up the DagBag from /home/ironbong_jr/mlops/project/project/lib/python3.10/site-packages/airflow/example_dags/example_sla_dag.py
[2024-03-13T16:01:01.114-0400] {processor.py:840} INFO - DAG(s) 'example_sla_dag' retrieved from /home/ironbong_jr/mlops/project/project/lib/python3.10/site-packages/airflow/example_dags/example_sla_dag.py
[2024-03-13T16:01:01.123-0400] {logging_mixin.py:188} INFO - [2024-03-13T16:01:01.123-0400] {dag.py:3047} INFO - Sync 1 DAGs
[2024-03-13T16:01:01.135-0400] {logging_mixin.py:188} INFO - [2024-03-13T16:01:01.135-0400] {dag.py:3834} INFO - Setting next_dagrun for example_sla_dag to 2024-03-13 19:58:00+00:00, run_after=2024-03-13 20:00:00+00:00
[2024-03-13T16:01:01.156-0400] {processor.py:183} INFO - Processing /home/ironbong_jr/mlops/project/project/lib/python3.10/site-packages/airflow/example_dags/example_sla_dag.py took 0.054 seconds
[2024-03-13T16:01:52.177-0400] {processor.py:161} INFO - Started process (PID=457700) to work on /home/ironbong_jr/mlops/project/project/lib/python3.10/site-packages/airflow/example_dags/example_sla_dag.py
[2024-03-13T16:01:52.181-0400] {processor.py:830} INFO - Processing file /home/ironbong_jr/mlops/project/project/lib/python3.10/site-packages/airflow/example_dags/example_sla_dag.py for tasks to queue
[2024-03-13T16:01:52.181-0400] {logging_mixin.py:188} INFO - [2024-03-13T16:01:52.181-0400] {dagbag.py:540} INFO - Filling up the DagBag from /home/ironbong_jr/mlops/project/project/lib/python3.10/site-packages/airflow/example_dags/example_sla_dag.py
[2024-03-13T16:01:52.188-0400] {processor.py:840} INFO - DAG(s) 'example_sla_dag' retrieved from /home/ironbong_jr/mlops/project/project/lib/python3.10/site-packages/airflow/example_dags/example_sla_dag.py
[2024-03-13T16:01:52.200-0400] {logging_mixin.py:188} INFO - [2024-03-13T16:01:52.200-0400] {dag.py:3047} INFO - Sync 1 DAGs
[2024-03-13T16:01:52.216-0400] {logging_mixin.py:188} INFO - [2024-03-13T16:01:52.216-0400] {dag.py:3834} INFO - Setting next_dagrun for example_sla_dag to 2024-03-13 19:58:00+00:00, run_after=2024-03-13 20:00:00+00:00
[2024-03-13T16:01:52.240-0400] {processor.py:183} INFO - Processing /home/ironbong_jr/mlops/project/project/lib/python3.10/site-packages/airflow/example_dags/example_sla_dag.py took 0.064 seconds
[2024-03-13T16:02:42.155-0400] {processor.py:161} INFO - Started process (PID=457961) to work on /home/ironbong_jr/mlops/project/project/lib/python3.10/site-packages/airflow/example_dags/example_sla_dag.py
[2024-03-13T16:02:42.157-0400] {processor.py:830} INFO - Processing file /home/ironbong_jr/mlops/project/project/lib/python3.10/site-packages/airflow/example_dags/example_sla_dag.py for tasks to queue
[2024-03-13T16:02:42.157-0400] {logging_mixin.py:188} INFO - [2024-03-13T16:02:42.157-0400] {dagbag.py:540} INFO - Filling up the DagBag from /home/ironbong_jr/mlops/project/project/lib/python3.10/site-packages/airflow/example_dags/example_sla_dag.py
[2024-03-13T16:02:42.164-0400] {processor.py:840} INFO - DAG(s) 'example_sla_dag' retrieved from /home/ironbong_jr/mlops/project/project/lib/python3.10/site-packages/airflow/example_dags/example_sla_dag.py
[2024-03-13T16:02:42.178-0400] {logging_mixin.py:188} INFO - [2024-03-13T16:02:42.178-0400] {dag.py:3047} INFO - Sync 1 DAGs
[2024-03-13T16:02:42.193-0400] {logging_mixin.py:188} INFO - [2024-03-13T16:02:42.193-0400] {dag.py:3834} INFO - Setting next_dagrun for example_sla_dag to 2024-03-13 20:00:00+00:00, run_after=2024-03-13 20:02:00+00:00
[2024-03-13T16:02:42.217-0400] {processor.py:183} INFO - Processing /home/ironbong_jr/mlops/project/project/lib/python3.10/site-packages/airflow/example_dags/example_sla_dag.py took 0.066 seconds
[2024-03-13T16:03:30.915-0400] {processor.py:161} INFO - Started process (PID=458225) to work on /home/ironbong_jr/mlops/project/project/lib/python3.10/site-packages/airflow/example_dags/example_sla_dag.py
[2024-03-13T16:03:30.919-0400] {processor.py:830} INFO - Processing file /home/ironbong_jr/mlops/project/project/lib/python3.10/site-packages/airflow/example_dags/example_sla_dag.py for tasks to queue
[2024-03-13T16:03:30.920-0400] {logging_mixin.py:188} INFO - [2024-03-13T16:03:30.919-0400] {dagbag.py:540} INFO - Filling up the DagBag from /home/ironbong_jr/mlops/project/project/lib/python3.10/site-packages/airflow/example_dags/example_sla_dag.py
[2024-03-13T16:03:30.926-0400] {processor.py:840} INFO - DAG(s) 'example_sla_dag' retrieved from /home/ironbong_jr/mlops/project/project/lib/python3.10/site-packages/airflow/example_dags/example_sla_dag.py
[2024-03-13T16:03:30.935-0400] {logging_mixin.py:188} INFO - [2024-03-13T16:03:30.934-0400] {dag.py:3047} INFO - Sync 1 DAGs
[2024-03-13T16:03:30.947-0400] {logging_mixin.py:188} INFO - [2024-03-13T16:03:30.947-0400] {dag.py:3834} INFO - Setting next_dagrun for example_sla_dag to 2024-03-13 20:00:00+00:00, run_after=2024-03-13 20:02:00+00:00
[2024-03-13T16:03:30.969-0400] {processor.py:183} INFO - Processing /home/ironbong_jr/mlops/project/project/lib/python3.10/site-packages/airflow/example_dags/example_sla_dag.py took 0.056 seconds
[2024-03-13T16:04:37.711-0400] {processor.py:161} INFO - Started process (PID=458638) to work on /home/ironbong_jr/mlops/project/project/lib/python3.10/site-packages/airflow/example_dags/example_sla_dag.py
[2024-03-13T16:04:37.713-0400] {processor.py:830} INFO - Processing file /home/ironbong_jr/mlops/project/project/lib/python3.10/site-packages/airflow/example_dags/example_sla_dag.py for tasks to queue
[2024-03-13T16:04:37.714-0400] {logging_mixin.py:188} INFO - [2024-03-13T16:04:37.713-0400] {dagbag.py:540} INFO - Filling up the DagBag from /home/ironbong_jr/mlops/project/project/lib/python3.10/site-packages/airflow/example_dags/example_sla_dag.py
[2024-03-13T16:04:37.720-0400] {processor.py:840} INFO - DAG(s) 'example_sla_dag' retrieved from /home/ironbong_jr/mlops/project/project/lib/python3.10/site-packages/airflow/example_dags/example_sla_dag.py
[2024-03-13T16:04:37.730-0400] {logging_mixin.py:188} INFO - [2024-03-13T16:04:37.730-0400] {dag.py:3047} INFO - Sync 1 DAGs
[2024-03-13T16:04:37.743-0400] {logging_mixin.py:188} INFO - [2024-03-13T16:04:37.742-0400] {dag.py:3834} INFO - Setting next_dagrun for example_sla_dag to 2024-03-13 20:02:00+00:00, run_after=2024-03-13 20:04:00+00:00
[2024-03-13T16:04:37.764-0400] {processor.py:183} INFO - Processing /home/ironbong_jr/mlops/project/project/lib/python3.10/site-packages/airflow/example_dags/example_sla_dag.py took 0.054 seconds
[2024-03-13T16:05:32.353-0400] {processor.py:161} INFO - Started process (PID=458911) to work on /home/ironbong_jr/mlops/project/project/lib/python3.10/site-packages/airflow/example_dags/example_sla_dag.py
[2024-03-13T16:05:32.357-0400] {processor.py:830} INFO - Processing file /home/ironbong_jr/mlops/project/project/lib/python3.10/site-packages/airflow/example_dags/example_sla_dag.py for tasks to queue
[2024-03-13T16:05:32.358-0400] {logging_mixin.py:188} INFO - [2024-03-13T16:05:32.358-0400] {dagbag.py:540} INFO - Filling up the DagBag from /home/ironbong_jr/mlops/project/project/lib/python3.10/site-packages/airflow/example_dags/example_sla_dag.py
[2024-03-13T16:05:32.365-0400] {processor.py:840} INFO - DAG(s) 'example_sla_dag' retrieved from /home/ironbong_jr/mlops/project/project/lib/python3.10/site-packages/airflow/example_dags/example_sla_dag.py
[2024-03-13T16:05:32.375-0400] {logging_mixin.py:188} INFO - [2024-03-13T16:05:32.375-0400] {dag.py:3047} INFO - Sync 1 DAGs
[2024-03-13T16:05:32.388-0400] {logging_mixin.py:188} INFO - [2024-03-13T16:05:32.388-0400] {dag.py:3834} INFO - Setting next_dagrun for example_sla_dag to 2024-03-13 20:02:00+00:00, run_after=2024-03-13 20:04:00+00:00
[2024-03-13T16:05:32.411-0400] {processor.py:183} INFO - Processing /home/ironbong_jr/mlops/project/project/lib/python3.10/site-packages/airflow/example_dags/example_sla_dag.py took 0.060 seconds
[2024-03-13T16:06:43.034-0400] {processor.py:161} INFO - Started process (PID=459274) to work on /home/ironbong_jr/mlops/project/project/lib/python3.10/site-packages/airflow/example_dags/example_sla_dag.py
[2024-03-13T16:06:43.038-0400] {processor.py:830} INFO - Processing file /home/ironbong_jr/mlops/project/project/lib/python3.10/site-packages/airflow/example_dags/example_sla_dag.py for tasks to queue
[2024-03-13T16:06:43.038-0400] {logging_mixin.py:188} INFO - [2024-03-13T16:06:43.038-0400] {dagbag.py:540} INFO - Filling up the DagBag from /home/ironbong_jr/mlops/project/project/lib/python3.10/site-packages/airflow/example_dags/example_sla_dag.py
[2024-03-13T16:06:43.044-0400] {processor.py:840} INFO - DAG(s) 'example_sla_dag' retrieved from /home/ironbong_jr/mlops/project/project/lib/python3.10/site-packages/airflow/example_dags/example_sla_dag.py
[2024-03-13T16:06:43.053-0400] {logging_mixin.py:188} INFO - [2024-03-13T16:06:43.053-0400] {dag.py:3047} INFO - Sync 1 DAGs
[2024-03-13T16:06:43.065-0400] {logging_mixin.py:188} INFO - [2024-03-13T16:06:43.065-0400] {dag.py:3834} INFO - Setting next_dagrun for example_sla_dag to 2024-03-13 20:04:00+00:00, run_after=2024-03-13 20:06:00+00:00
[2024-03-13T16:06:43.086-0400] {processor.py:183} INFO - Processing /home/ironbong_jr/mlops/project/project/lib/python3.10/site-packages/airflow/example_dags/example_sla_dag.py took 0.054 seconds
[2024-03-13T16:07:35.742-0400] {processor.py:161} INFO - Started process (PID=459532) to work on /home/ironbong_jr/mlops/project/project/lib/python3.10/site-packages/airflow/example_dags/example_sla_dag.py
[2024-03-13T16:07:35.744-0400] {processor.py:830} INFO - Processing file /home/ironbong_jr/mlops/project/project/lib/python3.10/site-packages/airflow/example_dags/example_sla_dag.py for tasks to queue
[2024-03-13T16:07:35.745-0400] {logging_mixin.py:188} INFO - [2024-03-13T16:07:35.745-0400] {dagbag.py:540} INFO - Filling up the DagBag from /home/ironbong_jr/mlops/project/project/lib/python3.10/site-packages/airflow/example_dags/example_sla_dag.py
[2024-03-13T16:07:35.753-0400] {processor.py:840} INFO - DAG(s) 'example_sla_dag' retrieved from /home/ironbong_jr/mlops/project/project/lib/python3.10/site-packages/airflow/example_dags/example_sla_dag.py
[2024-03-13T16:07:35.765-0400] {logging_mixin.py:188} INFO - [2024-03-13T16:07:35.765-0400] {dag.py:3047} INFO - Sync 1 DAGs
[2024-03-13T16:07:35.779-0400] {logging_mixin.py:188} INFO - [2024-03-13T16:07:35.779-0400] {dag.py:3834} INFO - Setting next_dagrun for example_sla_dag to 2024-03-13 20:04:00+00:00, run_after=2024-03-13 20:06:00+00:00
[2024-03-13T16:07:35.801-0400] {processor.py:183} INFO - Processing /home/ironbong_jr/mlops/project/project/lib/python3.10/site-packages/airflow/example_dags/example_sla_dag.py took 0.062 seconds
[2024-03-13T16:08:28.477-0400] {processor.py:161} INFO - Started process (PID=459785) to work on /home/ironbong_jr/mlops/project/project/lib/python3.10/site-packages/airflow/example_dags/example_sla_dag.py
[2024-03-13T16:08:28.481-0400] {processor.py:830} INFO - Processing file /home/ironbong_jr/mlops/project/project/lib/python3.10/site-packages/airflow/example_dags/example_sla_dag.py for tasks to queue
[2024-03-13T16:08:28.482-0400] {logging_mixin.py:188} INFO - [2024-03-13T16:08:28.481-0400] {dagbag.py:540} INFO - Filling up the DagBag from /home/ironbong_jr/mlops/project/project/lib/python3.10/site-packages/airflow/example_dags/example_sla_dag.py
[2024-03-13T16:08:28.488-0400] {processor.py:840} INFO - DAG(s) 'example_sla_dag' retrieved from /home/ironbong_jr/mlops/project/project/lib/python3.10/site-packages/airflow/example_dags/example_sla_dag.py
[2024-03-13T16:08:28.498-0400] {logging_mixin.py:188} INFO - [2024-03-13T16:08:28.498-0400] {dag.py:3047} INFO - Sync 1 DAGs
[2024-03-13T16:08:28.511-0400] {logging_mixin.py:188} INFO - [2024-03-13T16:08:28.511-0400] {dag.py:3834} INFO - Setting next_dagrun for example_sla_dag to 2024-03-13 20:06:00+00:00, run_after=2024-03-13 20:08:00+00:00
[2024-03-13T16:08:28.534-0400] {processor.py:183} INFO - Processing /home/ironbong_jr/mlops/project/project/lib/python3.10/site-packages/airflow/example_dags/example_sla_dag.py took 0.059 seconds
[2024-03-13T16:09:18.492-0400] {processor.py:161} INFO - Started process (PID=460034) to work on /home/ironbong_jr/mlops/project/project/lib/python3.10/site-packages/airflow/example_dags/example_sla_dag.py
[2024-03-13T16:09:18.496-0400] {processor.py:830} INFO - Processing file /home/ironbong_jr/mlops/project/project/lib/python3.10/site-packages/airflow/example_dags/example_sla_dag.py for tasks to queue
[2024-03-13T16:09:18.497-0400] {logging_mixin.py:188} INFO - [2024-03-13T16:09:18.497-0400] {dagbag.py:540} INFO - Filling up the DagBag from /home/ironbong_jr/mlops/project/project/lib/python3.10/site-packages/airflow/example_dags/example_sla_dag.py
[2024-03-13T16:09:18.503-0400] {processor.py:840} INFO - DAG(s) 'example_sla_dag' retrieved from /home/ironbong_jr/mlops/project/project/lib/python3.10/site-packages/airflow/example_dags/example_sla_dag.py
[2024-03-13T16:09:18.512-0400] {logging_mixin.py:188} INFO - [2024-03-13T16:09:18.512-0400] {dag.py:3047} INFO - Sync 1 DAGs
[2024-03-13T16:09:18.525-0400] {logging_mixin.py:188} INFO - [2024-03-13T16:09:18.525-0400] {dag.py:3834} INFO - Setting next_dagrun for example_sla_dag to 2024-03-13 20:06:00+00:00, run_after=2024-03-13 20:08:00+00:00
[2024-03-13T16:09:18.546-0400] {processor.py:183} INFO - Processing /home/ironbong_jr/mlops/project/project/lib/python3.10/site-packages/airflow/example_dags/example_sla_dag.py took 0.055 seconds
[2024-03-13T16:10:07.419-0400] {processor.py:161} INFO - Started process (PID=460283) to work on /home/ironbong_jr/mlops/project/project/lib/python3.10/site-packages/airflow/example_dags/example_sla_dag.py
[2024-03-13T16:10:07.423-0400] {processor.py:830} INFO - Processing file /home/ironbong_jr/mlops/project/project/lib/python3.10/site-packages/airflow/example_dags/example_sla_dag.py for tasks to queue
[2024-03-13T16:10:07.424-0400] {logging_mixin.py:188} INFO - [2024-03-13T16:10:07.424-0400] {dagbag.py:540} INFO - Filling up the DagBag from /home/ironbong_jr/mlops/project/project/lib/python3.10/site-packages/airflow/example_dags/example_sla_dag.py
[2024-03-13T16:10:07.429-0400] {processor.py:840} INFO - DAG(s) 'example_sla_dag' retrieved from /home/ironbong_jr/mlops/project/project/lib/python3.10/site-packages/airflow/example_dags/example_sla_dag.py
[2024-03-13T16:10:07.439-0400] {logging_mixin.py:188} INFO - [2024-03-13T16:10:07.439-0400] {dag.py:3047} INFO - Sync 1 DAGs
[2024-03-13T16:10:07.451-0400] {logging_mixin.py:188} INFO - [2024-03-13T16:10:07.451-0400] {dag.py:3834} INFO - Setting next_dagrun for example_sla_dag to 2024-03-13 20:08:00+00:00, run_after=2024-03-13 20:10:00+00:00
[2024-03-13T16:10:07.473-0400] {processor.py:183} INFO - Processing /home/ironbong_jr/mlops/project/project/lib/python3.10/site-packages/airflow/example_dags/example_sla_dag.py took 0.056 seconds
[2024-03-13T16:10:55.259-0400] {processor.py:161} INFO - Started process (PID=460514) to work on /home/ironbong_jr/mlops/project/project/lib/python3.10/site-packages/airflow/example_dags/example_sla_dag.py
[2024-03-13T16:10:55.263-0400] {processor.py:830} INFO - Processing file /home/ironbong_jr/mlops/project/project/lib/python3.10/site-packages/airflow/example_dags/example_sla_dag.py for tasks to queue
[2024-03-13T16:10:55.264-0400] {logging_mixin.py:188} INFO - [2024-03-13T16:10:55.264-0400] {dagbag.py:540} INFO - Filling up the DagBag from /home/ironbong_jr/mlops/project/project/lib/python3.10/site-packages/airflow/example_dags/example_sla_dag.py
[2024-03-13T16:10:55.270-0400] {processor.py:840} INFO - DAG(s) 'example_sla_dag' retrieved from /home/ironbong_jr/mlops/project/project/lib/python3.10/site-packages/airflow/example_dags/example_sla_dag.py
[2024-03-13T16:10:55.280-0400] {logging_mixin.py:188} INFO - [2024-03-13T16:10:55.280-0400] {dag.py:3047} INFO - Sync 1 DAGs
[2024-03-13T16:10:55.293-0400] {logging_mixin.py:188} INFO - [2024-03-13T16:10:55.292-0400] {dag.py:3834} INFO - Setting next_dagrun for example_sla_dag to 2024-03-13 20:08:00+00:00, run_after=2024-03-13 20:10:00+00:00
[2024-03-13T16:10:55.315-0400] {processor.py:183} INFO - Processing /home/ironbong_jr/mlops/project/project/lib/python3.10/site-packages/airflow/example_dags/example_sla_dag.py took 0.058 seconds
[2024-03-13T16:11:45.449-0400] {processor.py:161} INFO - Started process (PID=460770) to work on /home/ironbong_jr/mlops/project/project/lib/python3.10/site-packages/airflow/example_dags/example_sla_dag.py
[2024-03-13T16:11:45.451-0400] {processor.py:830} INFO - Processing file /home/ironbong_jr/mlops/project/project/lib/python3.10/site-packages/airflow/example_dags/example_sla_dag.py for tasks to queue
[2024-03-13T16:11:45.452-0400] {logging_mixin.py:188} INFO - [2024-03-13T16:11:45.451-0400] {dagbag.py:540} INFO - Filling up the DagBag from /home/ironbong_jr/mlops/project/project/lib/python3.10/site-packages/airflow/example_dags/example_sla_dag.py
[2024-03-13T16:11:45.460-0400] {processor.py:840} INFO - DAG(s) 'example_sla_dag' retrieved from /home/ironbong_jr/mlops/project/project/lib/python3.10/site-packages/airflow/example_dags/example_sla_dag.py
[2024-03-13T16:11:45.472-0400] {logging_mixin.py:188} INFO - [2024-03-13T16:11:45.472-0400] {dag.py:3047} INFO - Sync 1 DAGs
[2024-03-13T16:11:45.490-0400] {logging_mixin.py:188} INFO - [2024-03-13T16:11:45.490-0400] {dag.py:3834} INFO - Setting next_dagrun for example_sla_dag to 2024-03-13 20:08:00+00:00, run_after=2024-03-13 20:10:00+00:00
[2024-03-13T16:11:45.513-0400] {processor.py:183} INFO - Processing /home/ironbong_jr/mlops/project/project/lib/python3.10/site-packages/airflow/example_dags/example_sla_dag.py took 0.069 seconds
[2024-03-13T16:12:35.953-0400] {processor.py:161} INFO - Started process (PID=461019) to work on /home/ironbong_jr/mlops/project/project/lib/python3.10/site-packages/airflow/example_dags/example_sla_dag.py
[2024-03-13T16:12:35.957-0400] {processor.py:830} INFO - Processing file /home/ironbong_jr/mlops/project/project/lib/python3.10/site-packages/airflow/example_dags/example_sla_dag.py for tasks to queue
[2024-03-13T16:12:35.958-0400] {logging_mixin.py:188} INFO - [2024-03-13T16:12:35.958-0400] {dagbag.py:540} INFO - Filling up the DagBag from /home/ironbong_jr/mlops/project/project/lib/python3.10/site-packages/airflow/example_dags/example_sla_dag.py
[2024-03-13T16:12:35.964-0400] {processor.py:840} INFO - DAG(s) 'example_sla_dag' retrieved from /home/ironbong_jr/mlops/project/project/lib/python3.10/site-packages/airflow/example_dags/example_sla_dag.py
[2024-03-13T16:12:35.976-0400] {logging_mixin.py:188} INFO - [2024-03-13T16:12:35.976-0400] {dag.py:3047} INFO - Sync 1 DAGs
[2024-03-13T16:12:35.993-0400] {logging_mixin.py:188} INFO - [2024-03-13T16:12:35.993-0400] {dag.py:3834} INFO - Setting next_dagrun for example_sla_dag to 2024-03-13 20:10:00+00:00, run_after=2024-03-13 20:12:00+00:00
[2024-03-13T16:12:36.016-0400] {processor.py:183} INFO - Processing /home/ironbong_jr/mlops/project/project/lib/python3.10/site-packages/airflow/example_dags/example_sla_dag.py took 0.066 seconds
