[2024-03-12T21:22:02.086-0400] {processor.py:161} INFO - Started process (PID=407037) to work on /home/ironbong_jr/mlops/project/project/lib/python3.10/site-packages/airflow/example_dags/example_branch_operator.py
[2024-03-12T21:22:02.088-0400] {processor.py:830} INFO - Processing file /home/ironbong_jr/mlops/project/project/lib/python3.10/site-packages/airflow/example_dags/example_branch_operator.py for tasks to queue
[2024-03-12T21:22:02.090-0400] {logging_mixin.py:188} INFO - [2024-03-12T21:22:02.089-0400] {dagbag.py:540} INFO - Filling up the DagBag from /home/ironbong_jr/mlops/project/project/lib/python3.10/site-packages/airflow/example_dags/example_branch_operator.py
[2024-03-12T21:22:02.155-0400] {processor.py:842} WARNING - No viable dags retrieved from /home/ironbong_jr/mlops/project/project/lib/python3.10/site-packages/airflow/example_dags/example_branch_operator.py
[2024-03-12T21:22:02.173-0400] {processor.py:183} INFO - Processing /home/ironbong_jr/mlops/project/project/lib/python3.10/site-packages/airflow/example_dags/example_branch_operator.py took 0.097 seconds
[2024-03-12T21:23:53.704-0400] {processor.py:161} INFO - Started process (PID=407555) to work on /home/ironbong_jr/mlops/project/project/lib/python3.10/site-packages/airflow/example_dags/example_branch_operator.py
[2024-03-12T21:23:53.756-0400] {processor.py:830} INFO - Processing file /home/ironbong_jr/mlops/project/project/lib/python3.10/site-packages/airflow/example_dags/example_branch_operator.py for tasks to queue
[2024-03-12T21:23:53.759-0400] {logging_mixin.py:188} INFO - [2024-03-12T21:23:53.758-0400] {dagbag.py:540} INFO - Filling up the DagBag from /home/ironbong_jr/mlops/project/project/lib/python3.10/site-packages/airflow/example_dags/example_branch_operator.py
[2024-03-12T21:23:53.835-0400] {processor.py:842} WARNING - No viable dags retrieved from /home/ironbong_jr/mlops/project/project/lib/python3.10/site-packages/airflow/example_dags/example_branch_operator.py
[2024-03-12T21:23:53.855-0400] {processor.py:183} INFO - Processing /home/ironbong_jr/mlops/project/project/lib/python3.10/site-packages/airflow/example_dags/example_branch_operator.py took 0.157 seconds
[2024-03-12T21:26:49.738-0400] {processor.py:161} INFO - Started process (PID=408313) to work on /home/ironbong_jr/mlops/project/project/lib/python3.10/site-packages/airflow/example_dags/example_branch_operator.py
[2024-03-12T21:26:49.787-0400] {processor.py:830} INFO - Processing file /home/ironbong_jr/mlops/project/project/lib/python3.10/site-packages/airflow/example_dags/example_branch_operator.py for tasks to queue
[2024-03-12T21:26:49.789-0400] {logging_mixin.py:188} INFO - [2024-03-12T21:26:49.789-0400] {dagbag.py:540} INFO - Filling up the DagBag from /home/ironbong_jr/mlops/project/project/lib/python3.10/site-packages/airflow/example_dags/example_branch_operator.py
[2024-03-12T21:26:49.815-0400] {processor.py:842} WARNING - No viable dags retrieved from /home/ironbong_jr/mlops/project/project/lib/python3.10/site-packages/airflow/example_dags/example_branch_operator.py
[2024-03-12T21:26:49.832-0400] {processor.py:183} INFO - Processing /home/ironbong_jr/mlops/project/project/lib/python3.10/site-packages/airflow/example_dags/example_branch_operator.py took 0.100 seconds
[2024-03-12T21:28:29.296-0400] {processor.py:161} INFO - Started process (PID=408803) to work on /home/ironbong_jr/mlops/project/project/lib/python3.10/site-packages/airflow/example_dags/example_branch_operator.py
[2024-03-12T21:28:29.343-0400] {processor.py:830} INFO - Processing file /home/ironbong_jr/mlops/project/project/lib/python3.10/site-packages/airflow/example_dags/example_branch_operator.py for tasks to queue
[2024-03-12T21:28:29.347-0400] {logging_mixin.py:188} INFO - [2024-03-12T21:28:29.346-0400] {dagbag.py:540} INFO - Filling up the DagBag from /home/ironbong_jr/mlops/project/project/lib/python3.10/site-packages/airflow/example_dags/example_branch_operator.py
[2024-03-12T21:28:29.418-0400] {processor.py:842} WARNING - No viable dags retrieved from /home/ironbong_jr/mlops/project/project/lib/python3.10/site-packages/airflow/example_dags/example_branch_operator.py
[2024-03-12T21:28:29.438-0400] {processor.py:183} INFO - Processing /home/ironbong_jr/mlops/project/project/lib/python3.10/site-packages/airflow/example_dags/example_branch_operator.py took 0.151 seconds
[2024-03-12T21:29:56.647-0400] {processor.py:161} INFO - Started process (PID=409220) to work on /home/ironbong_jr/mlops/project/project/lib/python3.10/site-packages/airflow/example_dags/example_branch_operator.py
[2024-03-12T21:29:56.651-0400] {processor.py:830} INFO - Processing file /home/ironbong_jr/mlops/project/project/lib/python3.10/site-packages/airflow/example_dags/example_branch_operator.py for tasks to queue
[2024-03-12T21:29:56.653-0400] {logging_mixin.py:188} INFO - [2024-03-12T21:29:56.652-0400] {dagbag.py:540} INFO - Filling up the DagBag from /home/ironbong_jr/mlops/project/project/lib/python3.10/site-packages/airflow/example_dags/example_branch_operator.py
[2024-03-12T21:29:56.702-0400] {processor.py:842} WARNING - No viable dags retrieved from /home/ironbong_jr/mlops/project/project/lib/python3.10/site-packages/airflow/example_dags/example_branch_operator.py
[2024-03-12T21:29:56.722-0400] {processor.py:183} INFO - Processing /home/ironbong_jr/mlops/project/project/lib/python3.10/site-packages/airflow/example_dags/example_branch_operator.py took 0.082 seconds
[2024-03-12T21:31:36.062-0400] {processor.py:161} INFO - Started process (PID=409714) to work on /home/ironbong_jr/mlops/project/project/lib/python3.10/site-packages/airflow/example_dags/example_branch_operator.py
[2024-03-12T21:31:36.108-0400] {processor.py:830} INFO - Processing file /home/ironbong_jr/mlops/project/project/lib/python3.10/site-packages/airflow/example_dags/example_branch_operator.py for tasks to queue
[2024-03-12T21:31:36.111-0400] {logging_mixin.py:188} INFO - [2024-03-12T21:31:36.110-0400] {dagbag.py:540} INFO - Filling up the DagBag from /home/ironbong_jr/mlops/project/project/lib/python3.10/site-packages/airflow/example_dags/example_branch_operator.py
[2024-03-12T21:31:36.181-0400] {processor.py:842} WARNING - No viable dags retrieved from /home/ironbong_jr/mlops/project/project/lib/python3.10/site-packages/airflow/example_dags/example_branch_operator.py
[2024-03-12T21:31:36.204-0400] {processor.py:183} INFO - Processing /home/ironbong_jr/mlops/project/project/lib/python3.10/site-packages/airflow/example_dags/example_branch_operator.py took 0.150 seconds
[2024-03-12T21:33:18.165-0400] {processor.py:161} INFO - Started process (PID=410285) to work on /home/ironbong_jr/mlops/project/project/lib/python3.10/site-packages/airflow/example_dags/example_branch_operator.py
[2024-03-12T21:33:18.169-0400] {processor.py:830} INFO - Processing file /home/ironbong_jr/mlops/project/project/lib/python3.10/site-packages/airflow/example_dags/example_branch_operator.py for tasks to queue
[2024-03-12T21:33:18.171-0400] {logging_mixin.py:188} INFO - [2024-03-12T21:33:18.170-0400] {dagbag.py:540} INFO - Filling up the DagBag from /home/ironbong_jr/mlops/project/project/lib/python3.10/site-packages/airflow/example_dags/example_branch_operator.py
[2024-03-12T21:33:18.233-0400] {processor.py:842} WARNING - No viable dags retrieved from /home/ironbong_jr/mlops/project/project/lib/python3.10/site-packages/airflow/example_dags/example_branch_operator.py
[2024-03-12T21:33:18.269-0400] {processor.py:183} INFO - Processing /home/ironbong_jr/mlops/project/project/lib/python3.10/site-packages/airflow/example_dags/example_branch_operator.py took 0.113 seconds
[2024-03-12T21:34:46.152-0400] {processor.py:161} INFO - Started process (PID=410690) to work on /home/ironbong_jr/mlops/project/project/lib/python3.10/site-packages/airflow/example_dags/example_branch_operator.py
[2024-03-12T21:34:46.198-0400] {processor.py:830} INFO - Processing file /home/ironbong_jr/mlops/project/project/lib/python3.10/site-packages/airflow/example_dags/example_branch_operator.py for tasks to queue
[2024-03-12T21:34:46.201-0400] {logging_mixin.py:188} INFO - [2024-03-12T21:34:46.200-0400] {dagbag.py:540} INFO - Filling up the DagBag from /home/ironbong_jr/mlops/project/project/lib/python3.10/site-packages/airflow/example_dags/example_branch_operator.py
[2024-03-12T21:34:46.235-0400] {processor.py:842} WARNING - No viable dags retrieved from /home/ironbong_jr/mlops/project/project/lib/python3.10/site-packages/airflow/example_dags/example_branch_operator.py
[2024-03-12T21:34:46.253-0400] {processor.py:183} INFO - Processing /home/ironbong_jr/mlops/project/project/lib/python3.10/site-packages/airflow/example_dags/example_branch_operator.py took 0.108 seconds
[2024-03-12T23:26:21.525-0400] {processor.py:161} INFO - Started process (PID=417727) to work on /home/ironbong_jr/mlops/project/project/lib/python3.10/site-packages/airflow/example_dags/example_branch_operator.py
[2024-03-12T23:26:21.571-0400] {processor.py:830} INFO - Processing file /home/ironbong_jr/mlops/project/project/lib/python3.10/site-packages/airflow/example_dags/example_branch_operator.py for tasks to queue
[2024-03-12T23:26:21.573-0400] {logging_mixin.py:188} INFO - [2024-03-12T23:26:21.573-0400] {dagbag.py:540} INFO - Filling up the DagBag from /home/ironbong_jr/mlops/project/project/lib/python3.10/site-packages/airflow/example_dags/example_branch_operator.py
[2024-03-12T23:26:21.624-0400] {processor.py:842} WARNING - No viable dags retrieved from /home/ironbong_jr/mlops/project/project/lib/python3.10/site-packages/airflow/example_dags/example_branch_operator.py
[2024-03-12T23:26:21.642-0400] {processor.py:183} INFO - Processing /home/ironbong_jr/mlops/project/project/lib/python3.10/site-packages/airflow/example_dags/example_branch_operator.py took 0.122 seconds
[2024-03-12T23:29:36.633-0400] {processor.py:161} INFO - Started process (PID=418515) to work on /home/ironbong_jr/mlops/project/project/lib/python3.10/site-packages/airflow/example_dags/example_branch_operator.py
[2024-03-12T23:29:36.685-0400] {processor.py:830} INFO - Processing file /home/ironbong_jr/mlops/project/project/lib/python3.10/site-packages/airflow/example_dags/example_branch_operator.py for tasks to queue
[2024-03-12T23:29:36.688-0400] {logging_mixin.py:188} INFO - [2024-03-12T23:29:36.687-0400] {dagbag.py:540} INFO - Filling up the DagBag from /home/ironbong_jr/mlops/project/project/lib/python3.10/site-packages/airflow/example_dags/example_branch_operator.py
[2024-03-12T23:29:36.730-0400] {processor.py:842} WARNING - No viable dags retrieved from /home/ironbong_jr/mlops/project/project/lib/python3.10/site-packages/airflow/example_dags/example_branch_operator.py
[2024-03-12T23:29:36.748-0400] {processor.py:183} INFO - Processing /home/ironbong_jr/mlops/project/project/lib/python3.10/site-packages/airflow/example_dags/example_branch_operator.py took 0.121 seconds
[2024-03-12T23:31:26.155-0400] {processor.py:161} INFO - Started process (PID=418978) to work on /home/ironbong_jr/mlops/project/project/lib/python3.10/site-packages/airflow/example_dags/example_branch_operator.py
[2024-03-12T23:31:26.161-0400] {processor.py:830} INFO - Processing file /home/ironbong_jr/mlops/project/project/lib/python3.10/site-packages/airflow/example_dags/example_branch_operator.py for tasks to queue
[2024-03-12T23:31:26.163-0400] {logging_mixin.py:188} INFO - [2024-03-12T23:31:26.162-0400] {dagbag.py:540} INFO - Filling up the DagBag from /home/ironbong_jr/mlops/project/project/lib/python3.10/site-packages/airflow/example_dags/example_branch_operator.py
[2024-03-12T23:31:26.231-0400] {processor.py:842} WARNING - No viable dags retrieved from /home/ironbong_jr/mlops/project/project/lib/python3.10/site-packages/airflow/example_dags/example_branch_operator.py
[2024-03-12T23:31:26.253-0400] {processor.py:183} INFO - Processing /home/ironbong_jr/mlops/project/project/lib/python3.10/site-packages/airflow/example_dags/example_branch_operator.py took 0.105 seconds
[2024-03-12T23:42:18.419-0400] {processor.py:161} INFO - Started process (PID=421583) to work on /home/ironbong_jr/mlops/project/project/lib/python3.10/site-packages/airflow/example_dags/example_branch_operator.py
[2024-03-12T23:42:18.422-0400] {processor.py:830} INFO - Processing file /home/ironbong_jr/mlops/project/project/lib/python3.10/site-packages/airflow/example_dags/example_branch_operator.py for tasks to queue
[2024-03-12T23:42:18.425-0400] {logging_mixin.py:188} INFO - [2024-03-12T23:42:18.424-0400] {dagbag.py:540} INFO - Filling up the DagBag from /home/ironbong_jr/mlops/project/project/lib/python3.10/site-packages/airflow/example_dags/example_branch_operator.py
[2024-03-12T23:42:18.462-0400] {processor.py:842} WARNING - No viable dags retrieved from /home/ironbong_jr/mlops/project/project/lib/python3.10/site-packages/airflow/example_dags/example_branch_operator.py
[2024-03-12T23:42:18.483-0400] {processor.py:183} INFO - Processing /home/ironbong_jr/mlops/project/project/lib/python3.10/site-packages/airflow/example_dags/example_branch_operator.py took 0.070 seconds
[2024-03-12T23:43:50.505-0400] {processor.py:161} INFO - Started process (PID=421956) to work on /home/ironbong_jr/mlops/project/project/lib/python3.10/site-packages/airflow/example_dags/example_branch_operator.py
[2024-03-12T23:43:50.556-0400] {processor.py:830} INFO - Processing file /home/ironbong_jr/mlops/project/project/lib/python3.10/site-packages/airflow/example_dags/example_branch_operator.py for tasks to queue
[2024-03-12T23:43:50.560-0400] {logging_mixin.py:188} INFO - [2024-03-12T23:43:50.559-0400] {dagbag.py:540} INFO - Filling up the DagBag from /home/ironbong_jr/mlops/project/project/lib/python3.10/site-packages/airflow/example_dags/example_branch_operator.py
[2024-03-12T23:43:50.656-0400] {processor.py:842} WARNING - No viable dags retrieved from /home/ironbong_jr/mlops/project/project/lib/python3.10/site-packages/airflow/example_dags/example_branch_operator.py
[2024-03-12T23:43:50.677-0400] {processor.py:183} INFO - Processing /home/ironbong_jr/mlops/project/project/lib/python3.10/site-packages/airflow/example_dags/example_branch_operator.py took 0.176 seconds
[2024-03-12T23:45:36.875-0400] {processor.py:161} INFO - Started process (PID=422544) to work on /home/ironbong_jr/mlops/project/project/lib/python3.10/site-packages/airflow/example_dags/example_branch_operator.py
[2024-03-12T23:45:36.878-0400] {processor.py:830} INFO - Processing file /home/ironbong_jr/mlops/project/project/lib/python3.10/site-packages/airflow/example_dags/example_branch_operator.py for tasks to queue
[2024-03-12T23:45:36.879-0400] {logging_mixin.py:188} INFO - [2024-03-12T23:45:36.879-0400] {dagbag.py:540} INFO - Filling up the DagBag from /home/ironbong_jr/mlops/project/project/lib/python3.10/site-packages/airflow/example_dags/example_branch_operator.py
[2024-03-12T23:45:36.946-0400] {processor.py:842} WARNING - No viable dags retrieved from /home/ironbong_jr/mlops/project/project/lib/python3.10/site-packages/airflow/example_dags/example_branch_operator.py
[2024-03-12T23:45:36.962-0400] {processor.py:183} INFO - Processing /home/ironbong_jr/mlops/project/project/lib/python3.10/site-packages/airflow/example_dags/example_branch_operator.py took 0.095 seconds
[2024-03-12T23:47:34.712-0400] {processor.py:161} INFO - Started process (PID=423128) to work on /home/ironbong_jr/mlops/project/project/lib/python3.10/site-packages/airflow/example_dags/example_branch_operator.py
[2024-03-12T23:47:34.765-0400] {processor.py:830} INFO - Processing file /home/ironbong_jr/mlops/project/project/lib/python3.10/site-packages/airflow/example_dags/example_branch_operator.py for tasks to queue
[2024-03-12T23:47:34.770-0400] {logging_mixin.py:188} INFO - [2024-03-12T23:47:34.768-0400] {dagbag.py:540} INFO - Filling up the DagBag from /home/ironbong_jr/mlops/project/project/lib/python3.10/site-packages/airflow/example_dags/example_branch_operator.py
[2024-03-12T23:47:34.868-0400] {processor.py:842} WARNING - No viable dags retrieved from /home/ironbong_jr/mlops/project/project/lib/python3.10/site-packages/airflow/example_dags/example_branch_operator.py
[2024-03-12T23:47:34.905-0400] {processor.py:183} INFO - Processing /home/ironbong_jr/mlops/project/project/lib/python3.10/site-packages/airflow/example_dags/example_branch_operator.py took 0.201 seconds
[2024-03-12T23:49:21.648-0400] {processor.py:161} INFO - Started process (PID=423604) to work on /home/ironbong_jr/mlops/project/project/lib/python3.10/site-packages/airflow/example_dags/example_branch_operator.py
[2024-03-12T23:49:21.699-0400] {processor.py:830} INFO - Processing file /home/ironbong_jr/mlops/project/project/lib/python3.10/site-packages/airflow/example_dags/example_branch_operator.py for tasks to queue
[2024-03-12T23:49:21.701-0400] {logging_mixin.py:188} INFO - [2024-03-12T23:49:21.700-0400] {dagbag.py:540} INFO - Filling up the DagBag from /home/ironbong_jr/mlops/project/project/lib/python3.10/site-packages/airflow/example_dags/example_branch_operator.py
[2024-03-12T23:49:21.792-0400] {processor.py:842} WARNING - No viable dags retrieved from /home/ironbong_jr/mlops/project/project/lib/python3.10/site-packages/airflow/example_dags/example_branch_operator.py
[2024-03-12T23:49:21.824-0400] {processor.py:183} INFO - Processing /home/ironbong_jr/mlops/project/project/lib/python3.10/site-packages/airflow/example_dags/example_branch_operator.py took 0.183 seconds
[2024-03-12T23:50:49.194-0400] {processor.py:161} INFO - Started process (PID=424067) to work on /home/ironbong_jr/mlops/project/project/lib/python3.10/site-packages/airflow/example_dags/example_branch_operator.py
[2024-03-12T23:50:49.246-0400] {processor.py:830} INFO - Processing file /home/ironbong_jr/mlops/project/project/lib/python3.10/site-packages/airflow/example_dags/example_branch_operator.py for tasks to queue
[2024-03-12T23:50:49.250-0400] {logging_mixin.py:188} INFO - [2024-03-12T23:50:49.249-0400] {dagbag.py:540} INFO - Filling up the DagBag from /home/ironbong_jr/mlops/project/project/lib/python3.10/site-packages/airflow/example_dags/example_branch_operator.py
[2024-03-12T23:50:49.320-0400] {processor.py:842} WARNING - No viable dags retrieved from /home/ironbong_jr/mlops/project/project/lib/python3.10/site-packages/airflow/example_dags/example_branch_operator.py
[2024-03-12T23:50:49.339-0400] {processor.py:183} INFO - Processing /home/ironbong_jr/mlops/project/project/lib/python3.10/site-packages/airflow/example_dags/example_branch_operator.py took 0.150 seconds
[2024-03-12T23:52:14.623-0400] {processor.py:161} INFO - Started process (PID=424457) to work on /home/ironbong_jr/mlops/project/project/lib/python3.10/site-packages/airflow/example_dags/example_branch_operator.py
[2024-03-12T23:52:14.626-0400] {processor.py:830} INFO - Processing file /home/ironbong_jr/mlops/project/project/lib/python3.10/site-packages/airflow/example_dags/example_branch_operator.py for tasks to queue
[2024-03-12T23:52:14.628-0400] {logging_mixin.py:188} INFO - [2024-03-12T23:52:14.627-0400] {dagbag.py:540} INFO - Filling up the DagBag from /home/ironbong_jr/mlops/project/project/lib/python3.10/site-packages/airflow/example_dags/example_branch_operator.py
[2024-03-12T23:52:14.707-0400] {processor.py:842} WARNING - No viable dags retrieved from /home/ironbong_jr/mlops/project/project/lib/python3.10/site-packages/airflow/example_dags/example_branch_operator.py
[2024-03-12T23:52:14.730-0400] {processor.py:183} INFO - Processing /home/ironbong_jr/mlops/project/project/lib/python3.10/site-packages/airflow/example_dags/example_branch_operator.py took 0.112 seconds
[2024-03-12T23:53:42.139-0400] {processor.py:161} INFO - Started process (PID=424994) to work on /home/ironbong_jr/mlops/project/project/lib/python3.10/site-packages/airflow/example_dags/example_branch_operator.py
[2024-03-12T23:53:42.180-0400] {processor.py:830} INFO - Processing file /home/ironbong_jr/mlops/project/project/lib/python3.10/site-packages/airflow/example_dags/example_branch_operator.py for tasks to queue
[2024-03-12T23:53:42.183-0400] {logging_mixin.py:188} INFO - [2024-03-12T23:53:42.182-0400] {dagbag.py:540} INFO - Filling up the DagBag from /home/ironbong_jr/mlops/project/project/lib/python3.10/site-packages/airflow/example_dags/example_branch_operator.py
[2024-03-12T23:53:42.239-0400] {processor.py:842} WARNING - No viable dags retrieved from /home/ironbong_jr/mlops/project/project/lib/python3.10/site-packages/airflow/example_dags/example_branch_operator.py
[2024-03-12T23:53:42.265-0400] {processor.py:183} INFO - Processing /home/ironbong_jr/mlops/project/project/lib/python3.10/site-packages/airflow/example_dags/example_branch_operator.py took 0.137 seconds
[2024-03-12T23:55:19.810-0400] {processor.py:161} INFO - Started process (PID=425418) to work on /home/ironbong_jr/mlops/project/project/lib/python3.10/site-packages/airflow/example_dags/example_branch_operator.py
[2024-03-12T23:55:19.814-0400] {processor.py:830} INFO - Processing file /home/ironbong_jr/mlops/project/project/lib/python3.10/site-packages/airflow/example_dags/example_branch_operator.py for tasks to queue
[2024-03-12T23:55:19.817-0400] {logging_mixin.py:188} INFO - [2024-03-12T23:55:19.816-0400] {dagbag.py:540} INFO - Filling up the DagBag from /home/ironbong_jr/mlops/project/project/lib/python3.10/site-packages/airflow/example_dags/example_branch_operator.py
[2024-03-12T23:55:19.867-0400] {processor.py:842} WARNING - No viable dags retrieved from /home/ironbong_jr/mlops/project/project/lib/python3.10/site-packages/airflow/example_dags/example_branch_operator.py
[2024-03-12T23:55:19.885-0400] {processor.py:183} INFO - Processing /home/ironbong_jr/mlops/project/project/lib/python3.10/site-packages/airflow/example_dags/example_branch_operator.py took 0.081 seconds
[2024-03-13T00:30:09.306-0400] {processor.py:161} INFO - Started process (PID=432841) to work on /home/ironbong_jr/mlops/project/project/lib/python3.10/site-packages/airflow/example_dags/example_branch_operator.py
[2024-03-13T00:30:09.309-0400] {processor.py:830} INFO - Processing file /home/ironbong_jr/mlops/project/project/lib/python3.10/site-packages/airflow/example_dags/example_branch_operator.py for tasks to queue
[2024-03-13T00:30:09.311-0400] {logging_mixin.py:188} INFO - [2024-03-13T00:30:09.311-0400] {dagbag.py:540} INFO - Filling up the DagBag from /home/ironbong_jr/mlops/project/project/lib/python3.10/site-packages/airflow/example_dags/example_branch_operator.py
[2024-03-13T00:30:09.371-0400] {processor.py:842} WARNING - No viable dags retrieved from /home/ironbong_jr/mlops/project/project/lib/python3.10/site-packages/airflow/example_dags/example_branch_operator.py
[2024-03-13T00:30:09.392-0400] {processor.py:183} INFO - Processing /home/ironbong_jr/mlops/project/project/lib/python3.10/site-packages/airflow/example_dags/example_branch_operator.py took 0.094 seconds
[2024-03-13T00:31:59.562-0400] {processor.py:161} INFO - Started process (PID=433354) to work on /home/ironbong_jr/mlops/project/project/lib/python3.10/site-packages/airflow/example_dags/example_branch_operator.py
[2024-03-13T00:31:59.613-0400] {processor.py:830} INFO - Processing file /home/ironbong_jr/mlops/project/project/lib/python3.10/site-packages/airflow/example_dags/example_branch_operator.py for tasks to queue
[2024-03-13T00:31:59.616-0400] {logging_mixin.py:188} INFO - [2024-03-13T00:31:59.615-0400] {dagbag.py:540} INFO - Filling up the DagBag from /home/ironbong_jr/mlops/project/project/lib/python3.10/site-packages/airflow/example_dags/example_branch_operator.py
[2024-03-13T00:31:59.680-0400] {processor.py:842} WARNING - No viable dags retrieved from /home/ironbong_jr/mlops/project/project/lib/python3.10/site-packages/airflow/example_dags/example_branch_operator.py
[2024-03-13T00:31:59.708-0400] {processor.py:183} INFO - Processing /home/ironbong_jr/mlops/project/project/lib/python3.10/site-packages/airflow/example_dags/example_branch_operator.py took 0.154 seconds
[2024-03-13T00:35:54.808-0400] {processor.py:161} INFO - Started process (PID=434323) to work on /home/ironbong_jr/mlops/project/project/lib/python3.10/site-packages/airflow/example_dags/example_branch_operator.py
[2024-03-13T00:35:54.859-0400] {processor.py:830} INFO - Processing file /home/ironbong_jr/mlops/project/project/lib/python3.10/site-packages/airflow/example_dags/example_branch_operator.py for tasks to queue
[2024-03-13T00:35:54.863-0400] {logging_mixin.py:188} INFO - [2024-03-13T00:35:54.861-0400] {dagbag.py:540} INFO - Filling up the DagBag from /home/ironbong_jr/mlops/project/project/lib/python3.10/site-packages/airflow/example_dags/example_branch_operator.py
[2024-03-13T00:35:54.928-0400] {processor.py:842} WARNING - No viable dags retrieved from /home/ironbong_jr/mlops/project/project/lib/python3.10/site-packages/airflow/example_dags/example_branch_operator.py
[2024-03-13T00:35:54.949-0400] {processor.py:183} INFO - Processing /home/ironbong_jr/mlops/project/project/lib/python3.10/site-packages/airflow/example_dags/example_branch_operator.py took 0.146 seconds
[2024-03-13T00:38:05.951-0400] {processor.py:161} INFO - Started process (PID=434969) to work on /home/ironbong_jr/mlops/project/project/lib/python3.10/site-packages/airflow/example_dags/example_branch_operator.py
[2024-03-13T00:38:06.002-0400] {processor.py:830} INFO - Processing file /home/ironbong_jr/mlops/project/project/lib/python3.10/site-packages/airflow/example_dags/example_branch_operator.py for tasks to queue
[2024-03-13T00:38:06.005-0400] {logging_mixin.py:188} INFO - [2024-03-13T00:38:06.003-0400] {dagbag.py:540} INFO - Filling up the DagBag from /home/ironbong_jr/mlops/project/project/lib/python3.10/site-packages/airflow/example_dags/example_branch_operator.py
[2024-03-13T00:38:06.071-0400] {processor.py:842} WARNING - No viable dags retrieved from /home/ironbong_jr/mlops/project/project/lib/python3.10/site-packages/airflow/example_dags/example_branch_operator.py
[2024-03-13T00:38:06.087-0400] {processor.py:183} INFO - Processing /home/ironbong_jr/mlops/project/project/lib/python3.10/site-packages/airflow/example_dags/example_branch_operator.py took 0.142 seconds
[2024-03-13T00:39:42.076-0400] {processor.py:161} INFO - Started process (PID=435400) to work on /home/ironbong_jr/mlops/project/project/lib/python3.10/site-packages/airflow/example_dags/example_branch_operator.py
[2024-03-13T00:39:42.110-0400] {processor.py:830} INFO - Processing file /home/ironbong_jr/mlops/project/project/lib/python3.10/site-packages/airflow/example_dags/example_branch_operator.py for tasks to queue
[2024-03-13T00:39:42.113-0400] {logging_mixin.py:188} INFO - [2024-03-13T00:39:42.112-0400] {dagbag.py:540} INFO - Filling up the DagBag from /home/ironbong_jr/mlops/project/project/lib/python3.10/site-packages/airflow/example_dags/example_branch_operator.py
[2024-03-13T00:39:42.180-0400] {processor.py:842} WARNING - No viable dags retrieved from /home/ironbong_jr/mlops/project/project/lib/python3.10/site-packages/airflow/example_dags/example_branch_operator.py
[2024-03-13T00:39:42.227-0400] {processor.py:183} INFO - Processing /home/ironbong_jr/mlops/project/project/lib/python3.10/site-packages/airflow/example_dags/example_branch_operator.py took 0.159 seconds
[2024-03-13T00:41:07.894-0400] {processor.py:161} INFO - Started process (PID=435788) to work on /home/ironbong_jr/mlops/project/project/lib/python3.10/site-packages/airflow/example_dags/example_branch_operator.py
[2024-03-13T00:41:07.945-0400] {processor.py:830} INFO - Processing file /home/ironbong_jr/mlops/project/project/lib/python3.10/site-packages/airflow/example_dags/example_branch_operator.py for tasks to queue
[2024-03-13T00:41:07.949-0400] {logging_mixin.py:188} INFO - [2024-03-13T00:41:07.947-0400] {dagbag.py:540} INFO - Filling up the DagBag from /home/ironbong_jr/mlops/project/project/lib/python3.10/site-packages/airflow/example_dags/example_branch_operator.py
[2024-03-13T00:41:07.999-0400] {processor.py:842} WARNING - No viable dags retrieved from /home/ironbong_jr/mlops/project/project/lib/python3.10/site-packages/airflow/example_dags/example_branch_operator.py
[2024-03-13T00:41:08.016-0400] {processor.py:183} INFO - Processing /home/ironbong_jr/mlops/project/project/lib/python3.10/site-packages/airflow/example_dags/example_branch_operator.py took 0.126 seconds
[2024-03-13T00:44:12.756-0400] {processor.py:161} INFO - Started process (PID=436630) to work on /home/ironbong_jr/mlops/project/project/lib/python3.10/site-packages/airflow/example_dags/example_branch_operator.py
[2024-03-13T00:44:12.774-0400] {processor.py:830} INFO - Processing file /home/ironbong_jr/mlops/project/project/lib/python3.10/site-packages/airflow/example_dags/example_branch_operator.py for tasks to queue
[2024-03-13T00:44:12.776-0400] {logging_mixin.py:188} INFO - [2024-03-13T00:44:12.776-0400] {dagbag.py:540} INFO - Filling up the DagBag from /home/ironbong_jr/mlops/project/project/lib/python3.10/site-packages/airflow/example_dags/example_branch_operator.py
[2024-03-13T00:44:12.832-0400] {processor.py:842} WARNING - No viable dags retrieved from /home/ironbong_jr/mlops/project/project/lib/python3.10/site-packages/airflow/example_dags/example_branch_operator.py
[2024-03-13T00:44:12.871-0400] {processor.py:183} INFO - Processing /home/ironbong_jr/mlops/project/project/lib/python3.10/site-packages/airflow/example_dags/example_branch_operator.py took 0.130 seconds
[2024-03-13T00:45:34.155-0400] {processor.py:161} INFO - Started process (PID=436978) to work on /home/ironbong_jr/mlops/project/project/lib/python3.10/site-packages/airflow/example_dags/example_branch_operator.py
[2024-03-13T00:45:34.207-0400] {processor.py:830} INFO - Processing file /home/ironbong_jr/mlops/project/project/lib/python3.10/site-packages/airflow/example_dags/example_branch_operator.py for tasks to queue
[2024-03-13T00:45:34.210-0400] {logging_mixin.py:188} INFO - [2024-03-13T00:45:34.209-0400] {dagbag.py:540} INFO - Filling up the DagBag from /home/ironbong_jr/mlops/project/project/lib/python3.10/site-packages/airflow/example_dags/example_branch_operator.py
[2024-03-13T00:45:34.275-0400] {processor.py:842} WARNING - No viable dags retrieved from /home/ironbong_jr/mlops/project/project/lib/python3.10/site-packages/airflow/example_dags/example_branch_operator.py
[2024-03-13T00:45:34.293-0400] {processor.py:183} INFO - Processing /home/ironbong_jr/mlops/project/project/lib/python3.10/site-packages/airflow/example_dags/example_branch_operator.py took 0.144 seconds
[2024-03-13T15:49:19.750-0400] {processor.py:161} INFO - Started process (PID=453765) to work on /home/ironbong_jr/mlops/project/project/lib/python3.10/site-packages/airflow/example_dags/example_branch_operator.py
[2024-03-13T15:49:19.751-0400] {processor.py:830} INFO - Processing file /home/ironbong_jr/mlops/project/project/lib/python3.10/site-packages/airflow/example_dags/example_branch_operator.py for tasks to queue
[2024-03-13T15:49:19.752-0400] {logging_mixin.py:188} INFO - [2024-03-13T15:49:19.752-0400] {dagbag.py:540} INFO - Filling up the DagBag from /home/ironbong_jr/mlops/project/project/lib/python3.10/site-packages/airflow/example_dags/example_branch_operator.py
[2024-03-13T15:49:19.780-0400] {processor.py:842} WARNING - No viable dags retrieved from /home/ironbong_jr/mlops/project/project/lib/python3.10/site-packages/airflow/example_dags/example_branch_operator.py
[2024-03-13T15:49:19.786-0400] {processor.py:183} INFO - Processing /home/ironbong_jr/mlops/project/project/lib/python3.10/site-packages/airflow/example_dags/example_branch_operator.py took 0.039 seconds
[2024-03-13T15:51:28.335-0400] {processor.py:161} INFO - Started process (PID=454493) to work on /home/ironbong_jr/mlops/project/project/lib/python3.10/site-packages/airflow/example_dags/example_branch_operator.py
[2024-03-13T15:51:28.339-0400] {processor.py:830} INFO - Processing file /home/ironbong_jr/mlops/project/project/lib/python3.10/site-packages/airflow/example_dags/example_branch_operator.py for tasks to queue
[2024-03-13T15:51:28.339-0400] {logging_mixin.py:188} INFO - [2024-03-13T15:51:28.339-0400] {dagbag.py:540} INFO - Filling up the DagBag from /home/ironbong_jr/mlops/project/project/lib/python3.10/site-packages/airflow/example_dags/example_branch_operator.py
[2024-03-13T15:51:28.357-0400] {processor.py:842} WARNING - No viable dags retrieved from /home/ironbong_jr/mlops/project/project/lib/python3.10/site-packages/airflow/example_dags/example_branch_operator.py
[2024-03-13T15:51:28.366-0400] {processor.py:183} INFO - Processing /home/ironbong_jr/mlops/project/project/lib/python3.10/site-packages/airflow/example_dags/example_branch_operator.py took 0.032 seconds
[2024-03-13T15:52:24.093-0400] {processor.py:161} INFO - Started process (PID=454782) to work on /home/ironbong_jr/mlops/project/project/lib/python3.10/site-packages/airflow/example_dags/example_branch_operator.py
[2024-03-13T15:52:24.095-0400] {processor.py:830} INFO - Processing file /home/ironbong_jr/mlops/project/project/lib/python3.10/site-packages/airflow/example_dags/example_branch_operator.py for tasks to queue
[2024-03-13T15:52:24.096-0400] {logging_mixin.py:188} INFO - [2024-03-13T15:52:24.096-0400] {dagbag.py:540} INFO - Filling up the DagBag from /home/ironbong_jr/mlops/project/project/lib/python3.10/site-packages/airflow/example_dags/example_branch_operator.py
[2024-03-13T15:52:24.121-0400] {processor.py:842} WARNING - No viable dags retrieved from /home/ironbong_jr/mlops/project/project/lib/python3.10/site-packages/airflow/example_dags/example_branch_operator.py
[2024-03-13T15:52:24.129-0400] {processor.py:183} INFO - Processing /home/ironbong_jr/mlops/project/project/lib/python3.10/site-packages/airflow/example_dags/example_branch_operator.py took 0.038 seconds
[2024-03-13T15:53:16.803-0400] {processor.py:161} INFO - Started process (PID=455068) to work on /home/ironbong_jr/mlops/project/project/lib/python3.10/site-packages/airflow/example_dags/example_branch_operator.py
[2024-03-13T15:53:16.806-0400] {processor.py:830} INFO - Processing file /home/ironbong_jr/mlops/project/project/lib/python3.10/site-packages/airflow/example_dags/example_branch_operator.py for tasks to queue
[2024-03-13T15:53:16.807-0400] {logging_mixin.py:188} INFO - [2024-03-13T15:53:16.807-0400] {dagbag.py:540} INFO - Filling up the DagBag from /home/ironbong_jr/mlops/project/project/lib/python3.10/site-packages/airflow/example_dags/example_branch_operator.py
[2024-03-13T15:53:16.836-0400] {processor.py:842} WARNING - No viable dags retrieved from /home/ironbong_jr/mlops/project/project/lib/python3.10/site-packages/airflow/example_dags/example_branch_operator.py
[2024-03-13T15:53:16.844-0400] {processor.py:183} INFO - Processing /home/ironbong_jr/mlops/project/project/lib/python3.10/site-packages/airflow/example_dags/example_branch_operator.py took 0.043 seconds
[2024-03-13T15:54:11.124-0400] {processor.py:161} INFO - Started process (PID=455320) to work on /home/ironbong_jr/mlops/project/project/lib/python3.10/site-packages/airflow/example_dags/example_branch_operator.py
[2024-03-13T15:54:11.128-0400] {processor.py:830} INFO - Processing file /home/ironbong_jr/mlops/project/project/lib/python3.10/site-packages/airflow/example_dags/example_branch_operator.py for tasks to queue
[2024-03-13T15:54:11.128-0400] {logging_mixin.py:188} INFO - [2024-03-13T15:54:11.128-0400] {dagbag.py:540} INFO - Filling up the DagBag from /home/ironbong_jr/mlops/project/project/lib/python3.10/site-packages/airflow/example_dags/example_branch_operator.py
[2024-03-13T15:54:11.149-0400] {processor.py:842} WARNING - No viable dags retrieved from /home/ironbong_jr/mlops/project/project/lib/python3.10/site-packages/airflow/example_dags/example_branch_operator.py
[2024-03-13T15:54:11.156-0400] {processor.py:183} INFO - Processing /home/ironbong_jr/mlops/project/project/lib/python3.10/site-packages/airflow/example_dags/example_branch_operator.py took 0.034 seconds
[2024-03-13T15:55:03.733-0400] {processor.py:161} INFO - Started process (PID=455588) to work on /home/ironbong_jr/mlops/project/project/lib/python3.10/site-packages/airflow/example_dags/example_branch_operator.py
[2024-03-13T15:55:03.735-0400] {processor.py:830} INFO - Processing file /home/ironbong_jr/mlops/project/project/lib/python3.10/site-packages/airflow/example_dags/example_branch_operator.py for tasks to queue
[2024-03-13T15:55:03.735-0400] {logging_mixin.py:188} INFO - [2024-03-13T15:55:03.735-0400] {dagbag.py:540} INFO - Filling up the DagBag from /home/ironbong_jr/mlops/project/project/lib/python3.10/site-packages/airflow/example_dags/example_branch_operator.py
[2024-03-13T15:55:03.749-0400] {processor.py:842} WARNING - No viable dags retrieved from /home/ironbong_jr/mlops/project/project/lib/python3.10/site-packages/airflow/example_dags/example_branch_operator.py
[2024-03-13T15:55:03.756-0400] {processor.py:183} INFO - Processing /home/ironbong_jr/mlops/project/project/lib/python3.10/site-packages/airflow/example_dags/example_branch_operator.py took 0.024 seconds
[2024-03-13T15:55:54.896-0400] {processor.py:161} INFO - Started process (PID=455855) to work on /home/ironbong_jr/mlops/project/project/lib/python3.10/site-packages/airflow/example_dags/example_branch_operator.py
[2024-03-13T15:55:54.900-0400] {processor.py:830} INFO - Processing file /home/ironbong_jr/mlops/project/project/lib/python3.10/site-packages/airflow/example_dags/example_branch_operator.py for tasks to queue
[2024-03-13T15:55:54.901-0400] {logging_mixin.py:188} INFO - [2024-03-13T15:55:54.901-0400] {dagbag.py:540} INFO - Filling up the DagBag from /home/ironbong_jr/mlops/project/project/lib/python3.10/site-packages/airflow/example_dags/example_branch_operator.py
[2024-03-13T15:55:54.931-0400] {processor.py:842} WARNING - No viable dags retrieved from /home/ironbong_jr/mlops/project/project/lib/python3.10/site-packages/airflow/example_dags/example_branch_operator.py
[2024-03-13T15:55:54.940-0400] {processor.py:183} INFO - Processing /home/ironbong_jr/mlops/project/project/lib/python3.10/site-packages/airflow/example_dags/example_branch_operator.py took 0.047 seconds
[2024-03-13T15:56:46.172-0400] {processor.py:161} INFO - Started process (PID=456107) to work on /home/ironbong_jr/mlops/project/project/lib/python3.10/site-packages/airflow/example_dags/example_branch_operator.py
[2024-03-13T15:56:46.177-0400] {processor.py:830} INFO - Processing file /home/ironbong_jr/mlops/project/project/lib/python3.10/site-packages/airflow/example_dags/example_branch_operator.py for tasks to queue
[2024-03-13T15:56:46.177-0400] {logging_mixin.py:188} INFO - [2024-03-13T15:56:46.177-0400] {dagbag.py:540} INFO - Filling up the DagBag from /home/ironbong_jr/mlops/project/project/lib/python3.10/site-packages/airflow/example_dags/example_branch_operator.py
[2024-03-13T15:56:46.202-0400] {processor.py:842} WARNING - No viable dags retrieved from /home/ironbong_jr/mlops/project/project/lib/python3.10/site-packages/airflow/example_dags/example_branch_operator.py
[2024-03-13T15:56:46.211-0400] {processor.py:183} INFO - Processing /home/ironbong_jr/mlops/project/project/lib/python3.10/site-packages/airflow/example_dags/example_branch_operator.py took 0.041 seconds
[2024-03-13T15:57:36.344-0400] {processor.py:161} INFO - Started process (PID=456421) to work on /home/ironbong_jr/mlops/project/project/lib/python3.10/site-packages/airflow/example_dags/example_branch_operator.py
[2024-03-13T15:57:36.347-0400] {processor.py:830} INFO - Processing file /home/ironbong_jr/mlops/project/project/lib/python3.10/site-packages/airflow/example_dags/example_branch_operator.py for tasks to queue
[2024-03-13T15:57:36.348-0400] {logging_mixin.py:188} INFO - [2024-03-13T15:57:36.348-0400] {dagbag.py:540} INFO - Filling up the DagBag from /home/ironbong_jr/mlops/project/project/lib/python3.10/site-packages/airflow/example_dags/example_branch_operator.py
[2024-03-13T15:57:36.370-0400] {processor.py:842} WARNING - No viable dags retrieved from /home/ironbong_jr/mlops/project/project/lib/python3.10/site-packages/airflow/example_dags/example_branch_operator.py
[2024-03-13T15:57:36.377-0400] {processor.py:183} INFO - Processing /home/ironbong_jr/mlops/project/project/lib/python3.10/site-packages/airflow/example_dags/example_branch_operator.py took 0.035 seconds
[2024-03-13T15:58:29.328-0400] {processor.py:161} INFO - Started process (PID=456679) to work on /home/ironbong_jr/mlops/project/project/lib/python3.10/site-packages/airflow/example_dags/example_branch_operator.py
[2024-03-13T15:58:29.332-0400] {processor.py:830} INFO - Processing file /home/ironbong_jr/mlops/project/project/lib/python3.10/site-packages/airflow/example_dags/example_branch_operator.py for tasks to queue
[2024-03-13T15:58:29.333-0400] {logging_mixin.py:188} INFO - [2024-03-13T15:58:29.333-0400] {dagbag.py:540} INFO - Filling up the DagBag from /home/ironbong_jr/mlops/project/project/lib/python3.10/site-packages/airflow/example_dags/example_branch_operator.py
[2024-03-13T15:58:29.351-0400] {processor.py:842} WARNING - No viable dags retrieved from /home/ironbong_jr/mlops/project/project/lib/python3.10/site-packages/airflow/example_dags/example_branch_operator.py
[2024-03-13T15:58:29.358-0400] {processor.py:183} INFO - Processing /home/ironbong_jr/mlops/project/project/lib/python3.10/site-packages/airflow/example_dags/example_branch_operator.py took 0.032 seconds
[2024-03-13T15:59:20.311-0400] {processor.py:161} INFO - Started process (PID=456922) to work on /home/ironbong_jr/mlops/project/project/lib/python3.10/site-packages/airflow/example_dags/example_branch_operator.py
[2024-03-13T15:59:20.316-0400] {processor.py:830} INFO - Processing file /home/ironbong_jr/mlops/project/project/lib/python3.10/site-packages/airflow/example_dags/example_branch_operator.py for tasks to queue
[2024-03-13T15:59:20.317-0400] {logging_mixin.py:188} INFO - [2024-03-13T15:59:20.316-0400] {dagbag.py:540} INFO - Filling up the DagBag from /home/ironbong_jr/mlops/project/project/lib/python3.10/site-packages/airflow/example_dags/example_branch_operator.py
[2024-03-13T15:59:20.355-0400] {processor.py:842} WARNING - No viable dags retrieved from /home/ironbong_jr/mlops/project/project/lib/python3.10/site-packages/airflow/example_dags/example_branch_operator.py
[2024-03-13T15:59:20.362-0400] {processor.py:183} INFO - Processing /home/ironbong_jr/mlops/project/project/lib/python3.10/site-packages/airflow/example_dags/example_branch_operator.py took 0.053 seconds
[2024-03-13T16:00:10.600-0400] {processor.py:161} INFO - Started process (PID=457178) to work on /home/ironbong_jr/mlops/project/project/lib/python3.10/site-packages/airflow/example_dags/example_branch_operator.py
[2024-03-13T16:00:10.603-0400] {processor.py:830} INFO - Processing file /home/ironbong_jr/mlops/project/project/lib/python3.10/site-packages/airflow/example_dags/example_branch_operator.py for tasks to queue
[2024-03-13T16:00:10.604-0400] {logging_mixin.py:188} INFO - [2024-03-13T16:00:10.604-0400] {dagbag.py:540} INFO - Filling up the DagBag from /home/ironbong_jr/mlops/project/project/lib/python3.10/site-packages/airflow/example_dags/example_branch_operator.py
[2024-03-13T16:00:10.629-0400] {processor.py:842} WARNING - No viable dags retrieved from /home/ironbong_jr/mlops/project/project/lib/python3.10/site-packages/airflow/example_dags/example_branch_operator.py
[2024-03-13T16:00:10.635-0400] {processor.py:183} INFO - Processing /home/ironbong_jr/mlops/project/project/lib/python3.10/site-packages/airflow/example_dags/example_branch_operator.py took 0.038 seconds
[2024-03-13T16:01:02.233-0400] {processor.py:161} INFO - Started process (PID=457434) to work on /home/ironbong_jr/mlops/project/project/lib/python3.10/site-packages/airflow/example_dags/example_branch_operator.py
[2024-03-13T16:01:02.235-0400] {processor.py:830} INFO - Processing file /home/ironbong_jr/mlops/project/project/lib/python3.10/site-packages/airflow/example_dags/example_branch_operator.py for tasks to queue
[2024-03-13T16:01:02.236-0400] {logging_mixin.py:188} INFO - [2024-03-13T16:01:02.235-0400] {dagbag.py:540} INFO - Filling up the DagBag from /home/ironbong_jr/mlops/project/project/lib/python3.10/site-packages/airflow/example_dags/example_branch_operator.py
[2024-03-13T16:01:02.251-0400] {processor.py:842} WARNING - No viable dags retrieved from /home/ironbong_jr/mlops/project/project/lib/python3.10/site-packages/airflow/example_dags/example_branch_operator.py
[2024-03-13T16:01:02.258-0400] {processor.py:183} INFO - Processing /home/ironbong_jr/mlops/project/project/lib/python3.10/site-packages/airflow/example_dags/example_branch_operator.py took 0.026 seconds
[2024-03-13T16:01:52.787-0400] {processor.py:161} INFO - Started process (PID=457701) to work on /home/ironbong_jr/mlops/project/project/lib/python3.10/site-packages/airflow/example_dags/example_branch_operator.py
[2024-03-13T16:01:52.790-0400] {processor.py:830} INFO - Processing file /home/ironbong_jr/mlops/project/project/lib/python3.10/site-packages/airflow/example_dags/example_branch_operator.py for tasks to queue
[2024-03-13T16:01:52.791-0400] {logging_mixin.py:188} INFO - [2024-03-13T16:01:52.791-0400] {dagbag.py:540} INFO - Filling up the DagBag from /home/ironbong_jr/mlops/project/project/lib/python3.10/site-packages/airflow/example_dags/example_branch_operator.py
[2024-03-13T16:01:52.804-0400] {processor.py:842} WARNING - No viable dags retrieved from /home/ironbong_jr/mlops/project/project/lib/python3.10/site-packages/airflow/example_dags/example_branch_operator.py
[2024-03-13T16:01:52.811-0400] {processor.py:183} INFO - Processing /home/ironbong_jr/mlops/project/project/lib/python3.10/site-packages/airflow/example_dags/example_branch_operator.py took 0.026 seconds
[2024-03-13T16:02:43.281-0400] {processor.py:161} INFO - Started process (PID=457962) to work on /home/ironbong_jr/mlops/project/project/lib/python3.10/site-packages/airflow/example_dags/example_branch_operator.py
[2024-03-13T16:02:43.284-0400] {processor.py:830} INFO - Processing file /home/ironbong_jr/mlops/project/project/lib/python3.10/site-packages/airflow/example_dags/example_branch_operator.py for tasks to queue
[2024-03-13T16:02:43.284-0400] {logging_mixin.py:188} INFO - [2024-03-13T16:02:43.284-0400] {dagbag.py:540} INFO - Filling up the DagBag from /home/ironbong_jr/mlops/project/project/lib/python3.10/site-packages/airflow/example_dags/example_branch_operator.py
[2024-03-13T16:02:43.316-0400] {processor.py:842} WARNING - No viable dags retrieved from /home/ironbong_jr/mlops/project/project/lib/python3.10/site-packages/airflow/example_dags/example_branch_operator.py
[2024-03-13T16:02:43.324-0400] {processor.py:183} INFO - Processing /home/ironbong_jr/mlops/project/project/lib/python3.10/site-packages/airflow/example_dags/example_branch_operator.py took 0.044 seconds
[2024-03-13T16:03:32.045-0400] {processor.py:161} INFO - Started process (PID=458226) to work on /home/ironbong_jr/mlops/project/project/lib/python3.10/site-packages/airflow/example_dags/example_branch_operator.py
[2024-03-13T16:03:32.048-0400] {processor.py:830} INFO - Processing file /home/ironbong_jr/mlops/project/project/lib/python3.10/site-packages/airflow/example_dags/example_branch_operator.py for tasks to queue
[2024-03-13T16:03:32.049-0400] {logging_mixin.py:188} INFO - [2024-03-13T16:03:32.049-0400] {dagbag.py:540} INFO - Filling up the DagBag from /home/ironbong_jr/mlops/project/project/lib/python3.10/site-packages/airflow/example_dags/example_branch_operator.py
[2024-03-13T16:03:32.073-0400] {processor.py:842} WARNING - No viable dags retrieved from /home/ironbong_jr/mlops/project/project/lib/python3.10/site-packages/airflow/example_dags/example_branch_operator.py
[2024-03-13T16:03:32.080-0400] {processor.py:183} INFO - Processing /home/ironbong_jr/mlops/project/project/lib/python3.10/site-packages/airflow/example_dags/example_branch_operator.py took 0.037 seconds
[2024-03-13T16:04:38.858-0400] {processor.py:161} INFO - Started process (PID=458639) to work on /home/ironbong_jr/mlops/project/project/lib/python3.10/site-packages/airflow/example_dags/example_branch_operator.py
[2024-03-13T16:04:38.862-0400] {processor.py:830} INFO - Processing file /home/ironbong_jr/mlops/project/project/lib/python3.10/site-packages/airflow/example_dags/example_branch_operator.py for tasks to queue
[2024-03-13T16:04:38.862-0400] {logging_mixin.py:188} INFO - [2024-03-13T16:04:38.862-0400] {dagbag.py:540} INFO - Filling up the DagBag from /home/ironbong_jr/mlops/project/project/lib/python3.10/site-packages/airflow/example_dags/example_branch_operator.py
[2024-03-13T16:04:38.880-0400] {processor.py:842} WARNING - No viable dags retrieved from /home/ironbong_jr/mlops/project/project/lib/python3.10/site-packages/airflow/example_dags/example_branch_operator.py
[2024-03-13T16:04:38.887-0400] {processor.py:183} INFO - Processing /home/ironbong_jr/mlops/project/project/lib/python3.10/site-packages/airflow/example_dags/example_branch_operator.py took 0.031 seconds
[2024-03-13T16:05:33.493-0400] {processor.py:161} INFO - Started process (PID=458918) to work on /home/ironbong_jr/mlops/project/project/lib/python3.10/site-packages/airflow/example_dags/example_branch_operator.py
[2024-03-13T16:05:33.497-0400] {processor.py:830} INFO - Processing file /home/ironbong_jr/mlops/project/project/lib/python3.10/site-packages/airflow/example_dags/example_branch_operator.py for tasks to queue
[2024-03-13T16:05:33.498-0400] {logging_mixin.py:188} INFO - [2024-03-13T16:05:33.497-0400] {dagbag.py:540} INFO - Filling up the DagBag from /home/ironbong_jr/mlops/project/project/lib/python3.10/site-packages/airflow/example_dags/example_branch_operator.py
[2024-03-13T16:05:33.520-0400] {processor.py:842} WARNING - No viable dags retrieved from /home/ironbong_jr/mlops/project/project/lib/python3.10/site-packages/airflow/example_dags/example_branch_operator.py
[2024-03-13T16:05:33.528-0400] {processor.py:183} INFO - Processing /home/ironbong_jr/mlops/project/project/lib/python3.10/site-packages/airflow/example_dags/example_branch_operator.py took 0.037 seconds
[2024-03-13T16:06:44.193-0400] {processor.py:161} INFO - Started process (PID=459275) to work on /home/ironbong_jr/mlops/project/project/lib/python3.10/site-packages/airflow/example_dags/example_branch_operator.py
[2024-03-13T16:06:44.197-0400] {processor.py:830} INFO - Processing file /home/ironbong_jr/mlops/project/project/lib/python3.10/site-packages/airflow/example_dags/example_branch_operator.py for tasks to queue
[2024-03-13T16:06:44.198-0400] {logging_mixin.py:188} INFO - [2024-03-13T16:06:44.198-0400] {dagbag.py:540} INFO - Filling up the DagBag from /home/ironbong_jr/mlops/project/project/lib/python3.10/site-packages/airflow/example_dags/example_branch_operator.py
[2024-03-13T16:06:44.259-0400] {processor.py:842} WARNING - No viable dags retrieved from /home/ironbong_jr/mlops/project/project/lib/python3.10/site-packages/airflow/example_dags/example_branch_operator.py
[2024-03-13T16:06:44.271-0400] {processor.py:183} INFO - Processing /home/ironbong_jr/mlops/project/project/lib/python3.10/site-packages/airflow/example_dags/example_branch_operator.py took 0.081 seconds
[2024-03-13T16:07:36.875-0400] {processor.py:161} INFO - Started process (PID=459539) to work on /home/ironbong_jr/mlops/project/project/lib/python3.10/site-packages/airflow/example_dags/example_branch_operator.py
[2024-03-13T16:07:36.878-0400] {processor.py:830} INFO - Processing file /home/ironbong_jr/mlops/project/project/lib/python3.10/site-packages/airflow/example_dags/example_branch_operator.py for tasks to queue
[2024-03-13T16:07:36.879-0400] {logging_mixin.py:188} INFO - [2024-03-13T16:07:36.879-0400] {dagbag.py:540} INFO - Filling up the DagBag from /home/ironbong_jr/mlops/project/project/lib/python3.10/site-packages/airflow/example_dags/example_branch_operator.py
[2024-03-13T16:07:36.903-0400] {processor.py:842} WARNING - No viable dags retrieved from /home/ironbong_jr/mlops/project/project/lib/python3.10/site-packages/airflow/example_dags/example_branch_operator.py
[2024-03-13T16:07:36.919-0400] {processor.py:183} INFO - Processing /home/ironbong_jr/mlops/project/project/lib/python3.10/site-packages/airflow/example_dags/example_branch_operator.py took 0.046 seconds
[2024-03-13T16:08:29.619-0400] {processor.py:161} INFO - Started process (PID=459786) to work on /home/ironbong_jr/mlops/project/project/lib/python3.10/site-packages/airflow/example_dags/example_branch_operator.py
[2024-03-13T16:08:29.623-0400] {processor.py:830} INFO - Processing file /home/ironbong_jr/mlops/project/project/lib/python3.10/site-packages/airflow/example_dags/example_branch_operator.py for tasks to queue
[2024-03-13T16:08:29.623-0400] {logging_mixin.py:188} INFO - [2024-03-13T16:08:29.623-0400] {dagbag.py:540} INFO - Filling up the DagBag from /home/ironbong_jr/mlops/project/project/lib/python3.10/site-packages/airflow/example_dags/example_branch_operator.py
[2024-03-13T16:08:29.637-0400] {processor.py:842} WARNING - No viable dags retrieved from /home/ironbong_jr/mlops/project/project/lib/python3.10/site-packages/airflow/example_dags/example_branch_operator.py
[2024-03-13T16:08:29.644-0400] {processor.py:183} INFO - Processing /home/ironbong_jr/mlops/project/project/lib/python3.10/site-packages/airflow/example_dags/example_branch_operator.py took 0.027 seconds
[2024-03-13T16:09:19.623-0400] {processor.py:161} INFO - Started process (PID=460041) to work on /home/ironbong_jr/mlops/project/project/lib/python3.10/site-packages/airflow/example_dags/example_branch_operator.py
[2024-03-13T16:09:19.626-0400] {processor.py:830} INFO - Processing file /home/ironbong_jr/mlops/project/project/lib/python3.10/site-packages/airflow/example_dags/example_branch_operator.py for tasks to queue
[2024-03-13T16:09:19.627-0400] {logging_mixin.py:188} INFO - [2024-03-13T16:09:19.627-0400] {dagbag.py:540} INFO - Filling up the DagBag from /home/ironbong_jr/mlops/project/project/lib/python3.10/site-packages/airflow/example_dags/example_branch_operator.py
[2024-03-13T16:09:19.642-0400] {processor.py:842} WARNING - No viable dags retrieved from /home/ironbong_jr/mlops/project/project/lib/python3.10/site-packages/airflow/example_dags/example_branch_operator.py
[2024-03-13T16:09:19.649-0400] {processor.py:183} INFO - Processing /home/ironbong_jr/mlops/project/project/lib/python3.10/site-packages/airflow/example_dags/example_branch_operator.py took 0.028 seconds
[2024-03-13T16:10:07.605-0400] {processor.py:161} INFO - Started process (PID=460284) to work on /home/ironbong_jr/mlops/project/project/lib/python3.10/site-packages/airflow/example_dags/example_branch_operator.py
[2024-03-13T16:10:07.606-0400] {processor.py:830} INFO - Processing file /home/ironbong_jr/mlops/project/project/lib/python3.10/site-packages/airflow/example_dags/example_branch_operator.py for tasks to queue
[2024-03-13T16:10:07.607-0400] {logging_mixin.py:188} INFO - [2024-03-13T16:10:07.607-0400] {dagbag.py:540} INFO - Filling up the DagBag from /home/ironbong_jr/mlops/project/project/lib/python3.10/site-packages/airflow/example_dags/example_branch_operator.py
[2024-03-13T16:10:07.628-0400] {processor.py:842} WARNING - No viable dags retrieved from /home/ironbong_jr/mlops/project/project/lib/python3.10/site-packages/airflow/example_dags/example_branch_operator.py
[2024-03-13T16:10:07.635-0400] {processor.py:183} INFO - Processing /home/ironbong_jr/mlops/project/project/lib/python3.10/site-packages/airflow/example_dags/example_branch_operator.py took 0.032 seconds
[2024-03-13T16:10:55.930-0400] {processor.py:161} INFO - Started process (PID=460521) to work on /home/ironbong_jr/mlops/project/project/lib/python3.10/site-packages/airflow/example_dags/example_branch_operator.py
[2024-03-13T16:10:55.932-0400] {processor.py:830} INFO - Processing file /home/ironbong_jr/mlops/project/project/lib/python3.10/site-packages/airflow/example_dags/example_branch_operator.py for tasks to queue
[2024-03-13T16:10:55.932-0400] {logging_mixin.py:188} INFO - [2024-03-13T16:10:55.932-0400] {dagbag.py:540} INFO - Filling up the DagBag from /home/ironbong_jr/mlops/project/project/lib/python3.10/site-packages/airflow/example_dags/example_branch_operator.py
[2024-03-13T16:10:55.951-0400] {processor.py:842} WARNING - No viable dags retrieved from /home/ironbong_jr/mlops/project/project/lib/python3.10/site-packages/airflow/example_dags/example_branch_operator.py
[2024-03-13T16:10:55.958-0400] {processor.py:183} INFO - Processing /home/ironbong_jr/mlops/project/project/lib/python3.10/site-packages/airflow/example_dags/example_branch_operator.py took 0.031 seconds
[2024-03-13T16:11:46.605-0400] {processor.py:161} INFO - Started process (PID=460771) to work on /home/ironbong_jr/mlops/project/project/lib/python3.10/site-packages/airflow/example_dags/example_branch_operator.py
[2024-03-13T16:11:46.608-0400] {processor.py:830} INFO - Processing file /home/ironbong_jr/mlops/project/project/lib/python3.10/site-packages/airflow/example_dags/example_branch_operator.py for tasks to queue
[2024-03-13T16:11:46.609-0400] {logging_mixin.py:188} INFO - [2024-03-13T16:11:46.608-0400] {dagbag.py:540} INFO - Filling up the DagBag from /home/ironbong_jr/mlops/project/project/lib/python3.10/site-packages/airflow/example_dags/example_branch_operator.py
[2024-03-13T16:11:46.631-0400] {processor.py:842} WARNING - No viable dags retrieved from /home/ironbong_jr/mlops/project/project/lib/python3.10/site-packages/airflow/example_dags/example_branch_operator.py
[2024-03-13T16:11:46.638-0400] {processor.py:183} INFO - Processing /home/ironbong_jr/mlops/project/project/lib/python3.10/site-packages/airflow/example_dags/example_branch_operator.py took 0.035 seconds
[2024-03-13T16:12:37.089-0400] {processor.py:161} INFO - Started process (PID=461026) to work on /home/ironbong_jr/mlops/project/project/lib/python3.10/site-packages/airflow/example_dags/example_branch_operator.py
[2024-03-13T16:12:37.091-0400] {processor.py:830} INFO - Processing file /home/ironbong_jr/mlops/project/project/lib/python3.10/site-packages/airflow/example_dags/example_branch_operator.py for tasks to queue
[2024-03-13T16:12:37.092-0400] {logging_mixin.py:188} INFO - [2024-03-13T16:12:37.091-0400] {dagbag.py:540} INFO - Filling up the DagBag from /home/ironbong_jr/mlops/project/project/lib/python3.10/site-packages/airflow/example_dags/example_branch_operator.py
[2024-03-13T16:12:37.116-0400] {processor.py:842} WARNING - No viable dags retrieved from /home/ironbong_jr/mlops/project/project/lib/python3.10/site-packages/airflow/example_dags/example_branch_operator.py
[2024-03-13T16:12:37.123-0400] {processor.py:183} INFO - Processing /home/ironbong_jr/mlops/project/project/lib/python3.10/site-packages/airflow/example_dags/example_branch_operator.py took 0.035 seconds
