[2024-03-12T21:22:14.155-0400] {processor.py:161} INFO - Started process (PID=407077) to work on /home/ironbong_jr/mlops/project/project/lib/python3.10/site-packages/airflow/example_dags/example_dynamic_task_mapping.py
[2024-03-12T21:22:14.156-0400] {processor.py:830} INFO - Processing file /home/ironbong_jr/mlops/project/project/lib/python3.10/site-packages/airflow/example_dags/example_dynamic_task_mapping.py for tasks to queue
[2024-03-12T21:22:14.159-0400] {logging_mixin.py:188} INFO - [2024-03-12T21:22:14.158-0400] {dagbag.py:540} INFO - Filling up the DagBag from /home/ironbong_jr/mlops/project/project/lib/python3.10/site-packages/airflow/example_dags/example_dynamic_task_mapping.py
[2024-03-12T21:22:14.179-0400] {processor.py:840} INFO - DAG(s) 'example_dynamic_task_mapping' retrieved from /home/ironbong_jr/mlops/project/project/lib/python3.10/site-packages/airflow/example_dags/example_dynamic_task_mapping.py
[2024-03-12T21:22:14.551-0400] {logging_mixin.py:188} INFO - [2024-03-12T21:22:14.550-0400] {dag.py:3047} INFO - Sync 1 DAGs
[2024-03-12T21:22:14.573-0400] {logging_mixin.py:188} INFO - [2024-03-12T21:22:14.572-0400] {dag.py:3834} INFO - Setting next_dagrun for example_dynamic_task_mapping to 2022-03-04 00:00:00+00:00, run_after=2022-03-05 00:00:00+00:00
[2024-03-12T21:22:14.674-0400] {processor.py:183} INFO - Processing /home/ironbong_jr/mlops/project/project/lib/python3.10/site-packages/airflow/example_dags/example_dynamic_task_mapping.py took 0.533 seconds
[2024-03-12T21:24:06.242-0400] {processor.py:161} INFO - Started process (PID=407609) to work on /home/ironbong_jr/mlops/project/project/lib/python3.10/site-packages/airflow/example_dags/example_dynamic_task_mapping.py
[2024-03-12T21:24:06.296-0400] {processor.py:830} INFO - Processing file /home/ironbong_jr/mlops/project/project/lib/python3.10/site-packages/airflow/example_dags/example_dynamic_task_mapping.py for tasks to queue
[2024-03-12T21:24:06.300-0400] {logging_mixin.py:188} INFO - [2024-03-12T21:24:06.298-0400] {dagbag.py:540} INFO - Filling up the DagBag from /home/ironbong_jr/mlops/project/project/lib/python3.10/site-packages/airflow/example_dags/example_dynamic_task_mapping.py
[2024-03-12T21:24:06.333-0400] {processor.py:840} INFO - DAG(s) 'example_dynamic_task_mapping' retrieved from /home/ironbong_jr/mlops/project/project/lib/python3.10/site-packages/airflow/example_dags/example_dynamic_task_mapping.py
[2024-03-12T21:24:06.634-0400] {logging_mixin.py:188} INFO - [2024-03-12T21:24:06.634-0400] {dag.py:3047} INFO - Sync 1 DAGs
[2024-03-12T21:24:06.674-0400] {logging_mixin.py:188} INFO - [2024-03-12T21:24:06.673-0400] {dag.py:3834} INFO - Setting next_dagrun for example_dynamic_task_mapping to 2022-03-04 00:00:00+00:00, run_after=2022-03-05 00:00:00+00:00
[2024-03-12T21:24:06.795-0400] {processor.py:183} INFO - Processing /home/ironbong_jr/mlops/project/project/lib/python3.10/site-packages/airflow/example_dags/example_dynamic_task_mapping.py took 0.563 seconds
[2024-03-12T21:27:00.277-0400] {processor.py:161} INFO - Started process (PID=408358) to work on /home/ironbong_jr/mlops/project/project/lib/python3.10/site-packages/airflow/example_dags/example_dynamic_task_mapping.py
[2024-03-12T21:27:00.280-0400] {processor.py:830} INFO - Processing file /home/ironbong_jr/mlops/project/project/lib/python3.10/site-packages/airflow/example_dags/example_dynamic_task_mapping.py for tasks to queue
[2024-03-12T21:27:00.282-0400] {logging_mixin.py:188} INFO - [2024-03-12T21:27:00.281-0400] {dagbag.py:540} INFO - Filling up the DagBag from /home/ironbong_jr/mlops/project/project/lib/python3.10/site-packages/airflow/example_dags/example_dynamic_task_mapping.py
[2024-03-12T21:27:00.299-0400] {processor.py:840} INFO - DAG(s) 'example_dynamic_task_mapping' retrieved from /home/ironbong_jr/mlops/project/project/lib/python3.10/site-packages/airflow/example_dags/example_dynamic_task_mapping.py
[2024-03-12T21:27:00.329-0400] {logging_mixin.py:188} INFO - [2024-03-12T21:27:00.328-0400] {dag.py:3047} INFO - Sync 1 DAGs
[2024-03-12T21:27:00.362-0400] {logging_mixin.py:188} INFO - [2024-03-12T21:27:00.361-0400] {dag.py:3834} INFO - Setting next_dagrun for example_dynamic_task_mapping to 2022-03-04 00:00:00+00:00, run_after=2022-03-05 00:00:00+00:00
[2024-03-12T21:27:00.403-0400] {processor.py:183} INFO - Processing /home/ironbong_jr/mlops/project/project/lib/python3.10/site-packages/airflow/example_dags/example_dynamic_task_mapping.py took 0.132 seconds
[2024-03-12T21:28:39.672-0400] {processor.py:161} INFO - Started process (PID=408845) to work on /home/ironbong_jr/mlops/project/project/lib/python3.10/site-packages/airflow/example_dags/example_dynamic_task_mapping.py
[2024-03-12T21:28:39.707-0400] {processor.py:830} INFO - Processing file /home/ironbong_jr/mlops/project/project/lib/python3.10/site-packages/airflow/example_dags/example_dynamic_task_mapping.py for tasks to queue
[2024-03-12T21:28:39.709-0400] {logging_mixin.py:188} INFO - [2024-03-12T21:28:39.708-0400] {dagbag.py:540} INFO - Filling up the DagBag from /home/ironbong_jr/mlops/project/project/lib/python3.10/site-packages/airflow/example_dags/example_dynamic_task_mapping.py
[2024-03-12T21:28:39.724-0400] {processor.py:840} INFO - DAG(s) 'example_dynamic_task_mapping' retrieved from /home/ironbong_jr/mlops/project/project/lib/python3.10/site-packages/airflow/example_dags/example_dynamic_task_mapping.py
[2024-03-12T21:28:39.749-0400] {logging_mixin.py:188} INFO - [2024-03-12T21:28:39.749-0400] {dag.py:3047} INFO - Sync 1 DAGs
[2024-03-12T21:28:39.795-0400] {logging_mixin.py:188} INFO - [2024-03-12T21:28:39.794-0400] {dag.py:3834} INFO - Setting next_dagrun for example_dynamic_task_mapping to 2022-03-04 00:00:00+00:00, run_after=2022-03-05 00:00:00+00:00
[2024-03-12T21:28:39.842-0400] {processor.py:183} INFO - Processing /home/ironbong_jr/mlops/project/project/lib/python3.10/site-packages/airflow/example_dags/example_dynamic_task_mapping.py took 0.176 seconds
[2024-03-12T21:30:06.810-0400] {processor.py:161} INFO - Started process (PID=409264) to work on /home/ironbong_jr/mlops/project/project/lib/python3.10/site-packages/airflow/example_dags/example_dynamic_task_mapping.py
[2024-03-12T21:30:06.862-0400] {processor.py:830} INFO - Processing file /home/ironbong_jr/mlops/project/project/lib/python3.10/site-packages/airflow/example_dags/example_dynamic_task_mapping.py for tasks to queue
[2024-03-12T21:30:06.865-0400] {logging_mixin.py:188} INFO - [2024-03-12T21:30:06.864-0400] {dagbag.py:540} INFO - Filling up the DagBag from /home/ironbong_jr/mlops/project/project/lib/python3.10/site-packages/airflow/example_dags/example_dynamic_task_mapping.py
[2024-03-12T21:30:06.887-0400] {processor.py:840} INFO - DAG(s) 'example_dynamic_task_mapping' retrieved from /home/ironbong_jr/mlops/project/project/lib/python3.10/site-packages/airflow/example_dags/example_dynamic_task_mapping.py
[2024-03-12T21:30:06.950-0400] {logging_mixin.py:188} INFO - [2024-03-12T21:30:06.942-0400] {dag.py:3047} INFO - Sync 1 DAGs
[2024-03-12T21:30:06.991-0400] {logging_mixin.py:188} INFO - [2024-03-12T21:30:06.991-0400] {dag.py:3834} INFO - Setting next_dagrun for example_dynamic_task_mapping to 2022-03-04 00:00:00+00:00, run_after=2022-03-05 00:00:00+00:00
[2024-03-12T21:30:07.085-0400] {processor.py:183} INFO - Processing /home/ironbong_jr/mlops/project/project/lib/python3.10/site-packages/airflow/example_dags/example_dynamic_task_mapping.py took 0.285 seconds
[2024-03-12T21:31:46.448-0400] {processor.py:161} INFO - Started process (PID=409759) to work on /home/ironbong_jr/mlops/project/project/lib/python3.10/site-packages/airflow/example_dags/example_dynamic_task_mapping.py
[2024-03-12T21:31:46.451-0400] {processor.py:830} INFO - Processing file /home/ironbong_jr/mlops/project/project/lib/python3.10/site-packages/airflow/example_dags/example_dynamic_task_mapping.py for tasks to queue
[2024-03-12T21:31:46.453-0400] {logging_mixin.py:188} INFO - [2024-03-12T21:31:46.452-0400] {dagbag.py:540} INFO - Filling up the DagBag from /home/ironbong_jr/mlops/project/project/lib/python3.10/site-packages/airflow/example_dags/example_dynamic_task_mapping.py
[2024-03-12T21:31:46.467-0400] {processor.py:840} INFO - DAG(s) 'example_dynamic_task_mapping' retrieved from /home/ironbong_jr/mlops/project/project/lib/python3.10/site-packages/airflow/example_dags/example_dynamic_task_mapping.py
[2024-03-12T21:31:46.493-0400] {logging_mixin.py:188} INFO - [2024-03-12T21:31:46.492-0400] {dag.py:3047} INFO - Sync 1 DAGs
[2024-03-12T21:31:46.537-0400] {logging_mixin.py:188} INFO - [2024-03-12T21:31:46.536-0400] {dag.py:3834} INFO - Setting next_dagrun for example_dynamic_task_mapping to 2022-03-04 00:00:00+00:00, run_after=2022-03-05 00:00:00+00:00
[2024-03-12T21:31:46.671-0400] {processor.py:183} INFO - Processing /home/ironbong_jr/mlops/project/project/lib/python3.10/site-packages/airflow/example_dags/example_dynamic_task_mapping.py took 0.231 seconds
[2024-03-12T21:33:28.318-0400] {processor.py:161} INFO - Started process (PID=410324) to work on /home/ironbong_jr/mlops/project/project/lib/python3.10/site-packages/airflow/example_dags/example_dynamic_task_mapping.py
[2024-03-12T21:33:28.368-0400] {processor.py:830} INFO - Processing file /home/ironbong_jr/mlops/project/project/lib/python3.10/site-packages/airflow/example_dags/example_dynamic_task_mapping.py for tasks to queue
[2024-03-12T21:33:28.371-0400] {logging_mixin.py:188} INFO - [2024-03-12T21:33:28.370-0400] {dagbag.py:540} INFO - Filling up the DagBag from /home/ironbong_jr/mlops/project/project/lib/python3.10/site-packages/airflow/example_dags/example_dynamic_task_mapping.py
[2024-03-12T21:33:28.388-0400] {processor.py:840} INFO - DAG(s) 'example_dynamic_task_mapping' retrieved from /home/ironbong_jr/mlops/project/project/lib/python3.10/site-packages/airflow/example_dags/example_dynamic_task_mapping.py
[2024-03-12T21:33:28.433-0400] {logging_mixin.py:188} INFO - [2024-03-12T21:33:28.433-0400] {dag.py:3047} INFO - Sync 1 DAGs
[2024-03-12T21:33:28.574-0400] {logging_mixin.py:188} INFO - [2024-03-12T21:33:28.572-0400] {dag.py:3834} INFO - Setting next_dagrun for example_dynamic_task_mapping to 2022-03-04 00:00:00+00:00, run_after=2022-03-05 00:00:00+00:00
[2024-03-12T21:33:28.640-0400] {processor.py:183} INFO - Processing /home/ironbong_jr/mlops/project/project/lib/python3.10/site-packages/airflow/example_dags/example_dynamic_task_mapping.py took 0.327 seconds
[2024-03-12T21:34:57.026-0400] {processor.py:161} INFO - Started process (PID=410729) to work on /home/ironbong_jr/mlops/project/project/lib/python3.10/site-packages/airflow/example_dags/example_dynamic_task_mapping.py
[2024-03-12T21:34:57.076-0400] {processor.py:830} INFO - Processing file /home/ironbong_jr/mlops/project/project/lib/python3.10/site-packages/airflow/example_dags/example_dynamic_task_mapping.py for tasks to queue
[2024-03-12T21:34:57.079-0400] {logging_mixin.py:188} INFO - [2024-03-12T21:34:57.078-0400] {dagbag.py:540} INFO - Filling up the DagBag from /home/ironbong_jr/mlops/project/project/lib/python3.10/site-packages/airflow/example_dags/example_dynamic_task_mapping.py
[2024-03-12T21:34:57.100-0400] {processor.py:840} INFO - DAG(s) 'example_dynamic_task_mapping' retrieved from /home/ironbong_jr/mlops/project/project/lib/python3.10/site-packages/airflow/example_dags/example_dynamic_task_mapping.py
[2024-03-12T21:34:57.181-0400] {logging_mixin.py:188} INFO - [2024-03-12T21:34:57.180-0400] {dag.py:3047} INFO - Sync 1 DAGs
[2024-03-12T21:34:57.215-0400] {logging_mixin.py:188} INFO - [2024-03-12T21:34:57.214-0400] {dag.py:3834} INFO - Setting next_dagrun for example_dynamic_task_mapping to 2022-03-04 00:00:00+00:00, run_after=2022-03-05 00:00:00+00:00
[2024-03-12T21:34:57.263-0400] {processor.py:183} INFO - Processing /home/ironbong_jr/mlops/project/project/lib/python3.10/site-packages/airflow/example_dags/example_dynamic_task_mapping.py took 0.244 seconds
[2024-03-12T23:26:34.634-0400] {processor.py:161} INFO - Started process (PID=417778) to work on /home/ironbong_jr/mlops/project/project/lib/python3.10/site-packages/airflow/example_dags/example_dynamic_task_mapping.py
[2024-03-12T23:26:34.664-0400] {processor.py:830} INFO - Processing file /home/ironbong_jr/mlops/project/project/lib/python3.10/site-packages/airflow/example_dags/example_dynamic_task_mapping.py for tasks to queue
[2024-03-12T23:26:34.671-0400] {logging_mixin.py:188} INFO - [2024-03-12T23:26:34.668-0400] {dagbag.py:540} INFO - Filling up the DagBag from /home/ironbong_jr/mlops/project/project/lib/python3.10/site-packages/airflow/example_dags/example_dynamic_task_mapping.py
[2024-03-12T23:26:34.697-0400] {processor.py:840} INFO - DAG(s) 'example_dynamic_task_mapping' retrieved from /home/ironbong_jr/mlops/project/project/lib/python3.10/site-packages/airflow/example_dags/example_dynamic_task_mapping.py
[2024-03-12T23:26:35.076-0400] {logging_mixin.py:188} INFO - [2024-03-12T23:26:35.075-0400] {dag.py:3047} INFO - Sync 1 DAGs
[2024-03-12T23:26:35.102-0400] {logging_mixin.py:188} INFO - [2024-03-12T23:26:35.101-0400] {dag.py:3834} INFO - Setting next_dagrun for example_dynamic_task_mapping to 2022-03-04 00:00:00+00:00, run_after=2022-03-05 00:00:00+00:00
[2024-03-12T23:26:35.231-0400] {processor.py:183} INFO - Processing /home/ironbong_jr/mlops/project/project/lib/python3.10/site-packages/airflow/example_dags/example_dynamic_task_mapping.py took 0.602 seconds
[2024-03-12T23:29:48.150-0400] {processor.py:161} INFO - Started process (PID=418554) to work on /home/ironbong_jr/mlops/project/project/lib/python3.10/site-packages/airflow/example_dags/example_dynamic_task_mapping.py
[2024-03-12T23:29:48.203-0400] {processor.py:830} INFO - Processing file /home/ironbong_jr/mlops/project/project/lib/python3.10/site-packages/airflow/example_dags/example_dynamic_task_mapping.py for tasks to queue
[2024-03-12T23:29:48.206-0400] {logging_mixin.py:188} INFO - [2024-03-12T23:29:48.204-0400] {dagbag.py:540} INFO - Filling up the DagBag from /home/ironbong_jr/mlops/project/project/lib/python3.10/site-packages/airflow/example_dags/example_dynamic_task_mapping.py
[2024-03-12T23:29:48.225-0400] {processor.py:840} INFO - DAG(s) 'example_dynamic_task_mapping' retrieved from /home/ironbong_jr/mlops/project/project/lib/python3.10/site-packages/airflow/example_dags/example_dynamic_task_mapping.py
[2024-03-12T23:29:48.271-0400] {logging_mixin.py:188} INFO - [2024-03-12T23:29:48.270-0400] {dag.py:3047} INFO - Sync 1 DAGs
[2024-03-12T23:29:48.310-0400] {logging_mixin.py:188} INFO - [2024-03-12T23:29:48.309-0400] {dag.py:3834} INFO - Setting next_dagrun for example_dynamic_task_mapping to 2022-03-04 00:00:00+00:00, run_after=2022-03-05 00:00:00+00:00
[2024-03-12T23:29:48.435-0400] {processor.py:183} INFO - Processing /home/ironbong_jr/mlops/project/project/lib/python3.10/site-packages/airflow/example_dags/example_dynamic_task_mapping.py took 0.295 seconds
[2024-03-12T23:31:37.019-0400] {processor.py:161} INFO - Started process (PID=419019) to work on /home/ironbong_jr/mlops/project/project/lib/python3.10/site-packages/airflow/example_dags/example_dynamic_task_mapping.py
[2024-03-12T23:31:37.070-0400] {processor.py:830} INFO - Processing file /home/ironbong_jr/mlops/project/project/lib/python3.10/site-packages/airflow/example_dags/example_dynamic_task_mapping.py for tasks to queue
[2024-03-12T23:31:37.073-0400] {logging_mixin.py:188} INFO - [2024-03-12T23:31:37.072-0400] {dagbag.py:540} INFO - Filling up the DagBag from /home/ironbong_jr/mlops/project/project/lib/python3.10/site-packages/airflow/example_dags/example_dynamic_task_mapping.py
[2024-03-12T23:31:37.086-0400] {processor.py:840} INFO - DAG(s) 'example_dynamic_task_mapping' retrieved from /home/ironbong_jr/mlops/project/project/lib/python3.10/site-packages/airflow/example_dags/example_dynamic_task_mapping.py
[2024-03-12T23:31:37.124-0400] {logging_mixin.py:188} INFO - [2024-03-12T23:31:37.123-0400] {dag.py:3047} INFO - Sync 1 DAGs
[2024-03-12T23:31:37.156-0400] {logging_mixin.py:188} INFO - [2024-03-12T23:31:37.156-0400] {dag.py:3834} INFO - Setting next_dagrun for example_dynamic_task_mapping to 2022-03-04 00:00:00+00:00, run_after=2022-03-05 00:00:00+00:00
[2024-03-12T23:31:37.209-0400] {processor.py:183} INFO - Processing /home/ironbong_jr/mlops/project/project/lib/python3.10/site-packages/airflow/example_dags/example_dynamic_task_mapping.py took 0.197 seconds
[2024-03-12T23:42:31.588-0400] {processor.py:161} INFO - Started process (PID=421631) to work on /home/ironbong_jr/mlops/project/project/lib/python3.10/site-packages/airflow/example_dags/example_dynamic_task_mapping.py
[2024-03-12T23:42:31.640-0400] {processor.py:830} INFO - Processing file /home/ironbong_jr/mlops/project/project/lib/python3.10/site-packages/airflow/example_dags/example_dynamic_task_mapping.py for tasks to queue
[2024-03-12T23:42:31.643-0400] {logging_mixin.py:188} INFO - [2024-03-12T23:42:31.642-0400] {dagbag.py:540} INFO - Filling up the DagBag from /home/ironbong_jr/mlops/project/project/lib/python3.10/site-packages/airflow/example_dags/example_dynamic_task_mapping.py
[2024-03-12T23:42:31.660-0400] {processor.py:840} INFO - DAG(s) 'example_dynamic_task_mapping' retrieved from /home/ironbong_jr/mlops/project/project/lib/python3.10/site-packages/airflow/example_dags/example_dynamic_task_mapping.py
[2024-03-12T23:42:32.093-0400] {logging_mixin.py:188} INFO - [2024-03-12T23:42:32.092-0400] {dag.py:3047} INFO - Sync 1 DAGs
[2024-03-12T23:42:32.114-0400] {logging_mixin.py:188} INFO - [2024-03-12T23:42:32.114-0400] {dag.py:3834} INFO - Setting next_dagrun for example_dynamic_task_mapping to 2022-03-04 00:00:00+00:00, run_after=2022-03-05 00:00:00+00:00
[2024-03-12T23:42:32.218-0400] {processor.py:183} INFO - Processing /home/ironbong_jr/mlops/project/project/lib/python3.10/site-packages/airflow/example_dags/example_dynamic_task_mapping.py took 0.647 seconds
[2024-03-12T23:44:32.432-0400] {processor.py:161} INFO - Started process (PID=422137) to work on /home/ironbong_jr/mlops/project/project/lib/python3.10/site-packages/airflow/example_dags/example_dynamic_task_mapping.py
[2024-03-12T23:44:32.472-0400] {processor.py:830} INFO - Processing file /home/ironbong_jr/mlops/project/project/lib/python3.10/site-packages/airflow/example_dags/example_dynamic_task_mapping.py for tasks to queue
[2024-03-12T23:44:32.475-0400] {logging_mixin.py:188} INFO - [2024-03-12T23:44:32.474-0400] {dagbag.py:540} INFO - Filling up the DagBag from /home/ironbong_jr/mlops/project/project/lib/python3.10/site-packages/airflow/example_dags/example_dynamic_task_mapping.py
[2024-03-12T23:44:32.660-0400] {processor.py:840} INFO - DAG(s) 'example_dynamic_task_mapping' retrieved from /home/ironbong_jr/mlops/project/project/lib/python3.10/site-packages/airflow/example_dags/example_dynamic_task_mapping.py
[2024-03-12T23:44:32.761-0400] {logging_mixin.py:188} INFO - [2024-03-12T23:44:32.761-0400] {dag.py:3047} INFO - Sync 1 DAGs
[2024-03-12T23:44:32.785-0400] {logging_mixin.py:188} INFO - [2024-03-12T23:44:32.785-0400] {dag.py:3834} INFO - Setting next_dagrun for example_dynamic_task_mapping to 2022-03-04 00:00:00+00:00, run_after=2022-03-05 00:00:00+00:00
[2024-03-12T23:44:32.827-0400] {processor.py:183} INFO - Processing /home/ironbong_jr/mlops/project/project/lib/python3.10/site-packages/airflow/example_dags/example_dynamic_task_mapping.py took 0.407 seconds
[2024-03-12T23:46:11.405-0400] {processor.py:161} INFO - Started process (PID=422717) to work on /home/ironbong_jr/mlops/project/project/lib/python3.10/site-packages/airflow/example_dags/example_dynamic_task_mapping.py
[2024-03-12T23:46:11.408-0400] {processor.py:830} INFO - Processing file /home/ironbong_jr/mlops/project/project/lib/python3.10/site-packages/airflow/example_dags/example_dynamic_task_mapping.py for tasks to queue
[2024-03-12T23:46:11.411-0400] {logging_mixin.py:188} INFO - [2024-03-12T23:46:11.409-0400] {dagbag.py:540} INFO - Filling up the DagBag from /home/ironbong_jr/mlops/project/project/lib/python3.10/site-packages/airflow/example_dags/example_dynamic_task_mapping.py
[2024-03-12T23:46:11.430-0400] {processor.py:840} INFO - DAG(s) 'example_dynamic_task_mapping' retrieved from /home/ironbong_jr/mlops/project/project/lib/python3.10/site-packages/airflow/example_dags/example_dynamic_task_mapping.py
[2024-03-12T23:46:11.464-0400] {logging_mixin.py:188} INFO - [2024-03-12T23:46:11.463-0400] {dag.py:3047} INFO - Sync 1 DAGs
[2024-03-12T23:46:11.511-0400] {logging_mixin.py:188} INFO - [2024-03-12T23:46:11.510-0400] {dag.py:3834} INFO - Setting next_dagrun for example_dynamic_task_mapping to 2022-03-04 00:00:00+00:00, run_after=2022-03-05 00:00:00+00:00
[2024-03-12T23:46:11.575-0400] {processor.py:183} INFO - Processing /home/ironbong_jr/mlops/project/project/lib/python3.10/site-packages/airflow/example_dags/example_dynamic_task_mapping.py took 0.180 seconds
[2024-03-12T23:48:21.771-0400] {processor.py:161} INFO - Started process (PID=423331) to work on /home/ironbong_jr/mlops/project/project/lib/python3.10/site-packages/airflow/example_dags/example_dynamic_task_mapping.py
[2024-03-12T23:48:21.821-0400] {processor.py:830} INFO - Processing file /home/ironbong_jr/mlops/project/project/lib/python3.10/site-packages/airflow/example_dags/example_dynamic_task_mapping.py for tasks to queue
[2024-03-12T23:48:21.825-0400] {logging_mixin.py:188} INFO - [2024-03-12T23:48:21.824-0400] {dagbag.py:540} INFO - Filling up the DagBag from /home/ironbong_jr/mlops/project/project/lib/python3.10/site-packages/airflow/example_dags/example_dynamic_task_mapping.py
[2024-03-12T23:48:21.849-0400] {processor.py:840} INFO - DAG(s) 'example_dynamic_task_mapping' retrieved from /home/ironbong_jr/mlops/project/project/lib/python3.10/site-packages/airflow/example_dags/example_dynamic_task_mapping.py
[2024-03-12T23:48:21.897-0400] {logging_mixin.py:188} INFO - [2024-03-12T23:48:21.896-0400] {dag.py:3047} INFO - Sync 1 DAGs
[2024-03-12T23:48:21.949-0400] {logging_mixin.py:188} INFO - [2024-03-12T23:48:21.949-0400] {dag.py:3834} INFO - Setting next_dagrun for example_dynamic_task_mapping to 2022-03-04 00:00:00+00:00, run_after=2022-03-05 00:00:00+00:00
[2024-03-12T23:48:22.045-0400] {processor.py:183} INFO - Processing /home/ironbong_jr/mlops/project/project/lib/python3.10/site-packages/airflow/example_dags/example_dynamic_task_mapping.py took 0.284 seconds
[2024-03-12T23:49:49.960-0400] {processor.py:161} INFO - Started process (PID=423732) to work on /home/ironbong_jr/mlops/project/project/lib/python3.10/site-packages/airflow/example_dags/example_dynamic_task_mapping.py
[2024-03-12T23:49:50.008-0400] {processor.py:830} INFO - Processing file /home/ironbong_jr/mlops/project/project/lib/python3.10/site-packages/airflow/example_dags/example_dynamic_task_mapping.py for tasks to queue
[2024-03-12T23:49:50.012-0400] {logging_mixin.py:188} INFO - [2024-03-12T23:49:50.011-0400] {dagbag.py:540} INFO - Filling up the DagBag from /home/ironbong_jr/mlops/project/project/lib/python3.10/site-packages/airflow/example_dags/example_dynamic_task_mapping.py
[2024-03-12T23:49:50.053-0400] {processor.py:840} INFO - DAG(s) 'example_dynamic_task_mapping' retrieved from /home/ironbong_jr/mlops/project/project/lib/python3.10/site-packages/airflow/example_dags/example_dynamic_task_mapping.py
[2024-03-12T23:49:50.102-0400] {logging_mixin.py:188} INFO - [2024-03-12T23:49:50.101-0400] {dag.py:3047} INFO - Sync 1 DAGs
[2024-03-12T23:49:50.171-0400] {logging_mixin.py:188} INFO - [2024-03-12T23:49:50.171-0400] {dag.py:3834} INFO - Setting next_dagrun for example_dynamic_task_mapping to 2022-03-04 00:00:00+00:00, run_after=2022-03-05 00:00:00+00:00
[2024-03-12T23:49:50.219-0400] {processor.py:183} INFO - Processing /home/ironbong_jr/mlops/project/project/lib/python3.10/site-packages/airflow/example_dags/example_dynamic_task_mapping.py took 0.266 seconds
[2024-03-12T23:51:16.464-0400] {processor.py:161} INFO - Started process (PID=424185) to work on /home/ironbong_jr/mlops/project/project/lib/python3.10/site-packages/airflow/example_dags/example_dynamic_task_mapping.py
[2024-03-12T23:51:16.514-0400] {processor.py:830} INFO - Processing file /home/ironbong_jr/mlops/project/project/lib/python3.10/site-packages/airflow/example_dags/example_dynamic_task_mapping.py for tasks to queue
[2024-03-12T23:51:16.518-0400] {logging_mixin.py:188} INFO - [2024-03-12T23:51:16.516-0400] {dagbag.py:540} INFO - Filling up the DagBag from /home/ironbong_jr/mlops/project/project/lib/python3.10/site-packages/airflow/example_dags/example_dynamic_task_mapping.py
[2024-03-12T23:51:16.557-0400] {processor.py:840} INFO - DAG(s) 'example_dynamic_task_mapping' retrieved from /home/ironbong_jr/mlops/project/project/lib/python3.10/site-packages/airflow/example_dags/example_dynamic_task_mapping.py
[2024-03-12T23:51:16.583-0400] {logging_mixin.py:188} INFO - [2024-03-12T23:51:16.582-0400] {dag.py:3047} INFO - Sync 1 DAGs
[2024-03-12T23:51:16.618-0400] {logging_mixin.py:188} INFO - [2024-03-12T23:51:16.617-0400] {dag.py:3834} INFO - Setting next_dagrun for example_dynamic_task_mapping to 2022-03-04 00:00:00+00:00, run_after=2022-03-05 00:00:00+00:00
[2024-03-12T23:51:16.715-0400] {processor.py:183} INFO - Processing /home/ironbong_jr/mlops/project/project/lib/python3.10/site-packages/airflow/example_dags/example_dynamic_task_mapping.py took 0.257 seconds
[2024-03-12T23:52:43.271-0400] {processor.py:161} INFO - Started process (PID=424653) to work on /home/ironbong_jr/mlops/project/project/lib/python3.10/site-packages/airflow/example_dags/example_dynamic_task_mapping.py
[2024-03-12T23:52:43.323-0400] {processor.py:830} INFO - Processing file /home/ironbong_jr/mlops/project/project/lib/python3.10/site-packages/airflow/example_dags/example_dynamic_task_mapping.py for tasks to queue
[2024-03-12T23:52:43.326-0400] {logging_mixin.py:188} INFO - [2024-03-12T23:52:43.325-0400] {dagbag.py:540} INFO - Filling up the DagBag from /home/ironbong_jr/mlops/project/project/lib/python3.10/site-packages/airflow/example_dags/example_dynamic_task_mapping.py
[2024-03-12T23:52:43.342-0400] {processor.py:840} INFO - DAG(s) 'example_dynamic_task_mapping' retrieved from /home/ironbong_jr/mlops/project/project/lib/python3.10/site-packages/airflow/example_dags/example_dynamic_task_mapping.py
[2024-03-12T23:52:43.371-0400] {logging_mixin.py:188} INFO - [2024-03-12T23:52:43.370-0400] {dag.py:3047} INFO - Sync 1 DAGs
[2024-03-12T23:52:43.417-0400] {logging_mixin.py:188} INFO - [2024-03-12T23:52:43.416-0400] {dag.py:3834} INFO - Setting next_dagrun for example_dynamic_task_mapping to 2022-03-04 00:00:00+00:00, run_after=2022-03-05 00:00:00+00:00
[2024-03-12T23:52:43.530-0400] {processor.py:183} INFO - Processing /home/ironbong_jr/mlops/project/project/lib/python3.10/site-packages/airflow/example_dags/example_dynamic_task_mapping.py took 0.266 seconds
[2024-03-12T23:54:17.655-0400] {processor.py:161} INFO - Started process (PID=425156) to work on /home/ironbong_jr/mlops/project/project/lib/python3.10/site-packages/airflow/example_dags/example_dynamic_task_mapping.py
[2024-03-12T23:54:17.705-0400] {processor.py:830} INFO - Processing file /home/ironbong_jr/mlops/project/project/lib/python3.10/site-packages/airflow/example_dags/example_dynamic_task_mapping.py for tasks to queue
[2024-03-12T23:54:17.709-0400] {logging_mixin.py:188} INFO - [2024-03-12T23:54:17.707-0400] {dagbag.py:540} INFO - Filling up the DagBag from /home/ironbong_jr/mlops/project/project/lib/python3.10/site-packages/airflow/example_dags/example_dynamic_task_mapping.py
[2024-03-12T23:54:17.730-0400] {processor.py:840} INFO - DAG(s) 'example_dynamic_task_mapping' retrieved from /home/ironbong_jr/mlops/project/project/lib/python3.10/site-packages/airflow/example_dags/example_dynamic_task_mapping.py
[2024-03-12T23:54:17.781-0400] {logging_mixin.py:188} INFO - [2024-03-12T23:54:17.780-0400] {dag.py:3047} INFO - Sync 1 DAGs
[2024-03-12T23:54:17.830-0400] {logging_mixin.py:188} INFO - [2024-03-12T23:54:17.830-0400] {dag.py:3834} INFO - Setting next_dagrun for example_dynamic_task_mapping to 2022-03-04 00:00:00+00:00, run_after=2022-03-05 00:00:00+00:00
[2024-03-12T23:54:17.902-0400] {processor.py:183} INFO - Processing /home/ironbong_jr/mlops/project/project/lib/python3.10/site-packages/airflow/example_dags/example_dynamic_task_mapping.py took 0.257 seconds
[2024-03-12T23:55:55.776-0400] {processor.py:161} INFO - Started process (PID=425584) to work on /home/ironbong_jr/mlops/project/project/lib/python3.10/site-packages/airflow/example_dags/example_dynamic_task_mapping.py
[2024-03-12T23:55:55.828-0400] {processor.py:830} INFO - Processing file /home/ironbong_jr/mlops/project/project/lib/python3.10/site-packages/airflow/example_dags/example_dynamic_task_mapping.py for tasks to queue
[2024-03-12T23:55:55.830-0400] {logging_mixin.py:188} INFO - [2024-03-12T23:55:55.829-0400] {dagbag.py:540} INFO - Filling up the DagBag from /home/ironbong_jr/mlops/project/project/lib/python3.10/site-packages/airflow/example_dags/example_dynamic_task_mapping.py
[2024-03-12T23:55:55.844-0400] {processor.py:840} INFO - DAG(s) 'example_dynamic_task_mapping' retrieved from /home/ironbong_jr/mlops/project/project/lib/python3.10/site-packages/airflow/example_dags/example_dynamic_task_mapping.py
[2024-03-12T23:55:55.870-0400] {logging_mixin.py:188} INFO - [2024-03-12T23:55:55.870-0400] {dag.py:3047} INFO - Sync 1 DAGs
[2024-03-12T23:55:55.899-0400] {logging_mixin.py:188} INFO - [2024-03-12T23:55:55.899-0400] {dag.py:3834} INFO - Setting next_dagrun for example_dynamic_task_mapping to 2022-03-04 00:00:00+00:00, run_after=2022-03-05 00:00:00+00:00
[2024-03-12T23:55:55.942-0400] {processor.py:183} INFO - Processing /home/ironbong_jr/mlops/project/project/lib/python3.10/site-packages/airflow/example_dags/example_dynamic_task_mapping.py took 0.173 seconds
[2024-03-13T00:30:21.557-0400] {processor.py:161} INFO - Started process (PID=432891) to work on /home/ironbong_jr/mlops/project/project/lib/python3.10/site-packages/airflow/example_dags/example_dynamic_task_mapping.py
[2024-03-13T00:30:21.609-0400] {processor.py:830} INFO - Processing file /home/ironbong_jr/mlops/project/project/lib/python3.10/site-packages/airflow/example_dags/example_dynamic_task_mapping.py for tasks to queue
[2024-03-13T00:30:21.612-0400] {logging_mixin.py:188} INFO - [2024-03-13T00:30:21.611-0400] {dagbag.py:540} INFO - Filling up the DagBag from /home/ironbong_jr/mlops/project/project/lib/python3.10/site-packages/airflow/example_dags/example_dynamic_task_mapping.py
[2024-03-13T00:30:21.631-0400] {processor.py:840} INFO - DAG(s) 'example_dynamic_task_mapping' retrieved from /home/ironbong_jr/mlops/project/project/lib/python3.10/site-packages/airflow/example_dags/example_dynamic_task_mapping.py
[2024-03-13T00:30:22.066-0400] {logging_mixin.py:188} INFO - [2024-03-13T00:30:22.065-0400] {dag.py:3047} INFO - Sync 1 DAGs
[2024-03-13T00:30:22.088-0400] {logging_mixin.py:188} INFO - [2024-03-13T00:30:22.088-0400] {dag.py:3834} INFO - Setting next_dagrun for example_dynamic_task_mapping to 2022-03-04 00:00:00+00:00, run_after=2022-03-05 00:00:00+00:00
[2024-03-13T00:30:22.177-0400] {processor.py:183} INFO - Processing /home/ironbong_jr/mlops/project/project/lib/python3.10/site-packages/airflow/example_dags/example_dynamic_task_mapping.py took 0.628 seconds
[2024-03-13T00:32:11.761-0400] {processor.py:161} INFO - Started process (PID=433403) to work on /home/ironbong_jr/mlops/project/project/lib/python3.10/site-packages/airflow/example_dags/example_dynamic_task_mapping.py
[2024-03-13T00:32:11.812-0400] {processor.py:830} INFO - Processing file /home/ironbong_jr/mlops/project/project/lib/python3.10/site-packages/airflow/example_dags/example_dynamic_task_mapping.py for tasks to queue
[2024-03-13T00:32:11.814-0400] {logging_mixin.py:188} INFO - [2024-03-13T00:32:11.813-0400] {dagbag.py:540} INFO - Filling up the DagBag from /home/ironbong_jr/mlops/project/project/lib/python3.10/site-packages/airflow/example_dags/example_dynamic_task_mapping.py
[2024-03-13T00:32:11.831-0400] {processor.py:840} INFO - DAG(s) 'example_dynamic_task_mapping' retrieved from /home/ironbong_jr/mlops/project/project/lib/python3.10/site-packages/airflow/example_dags/example_dynamic_task_mapping.py
[2024-03-13T00:32:11.862-0400] {logging_mixin.py:188} INFO - [2024-03-13T00:32:11.861-0400] {dag.py:3047} INFO - Sync 1 DAGs
[2024-03-13T00:32:12.102-0400] {logging_mixin.py:188} INFO - [2024-03-13T00:32:12.102-0400] {dag.py:3834} INFO - Setting next_dagrun for example_dynamic_task_mapping to 2022-03-04 00:00:00+00:00, run_after=2022-03-05 00:00:00+00:00
[2024-03-13T00:32:12.206-0400] {processor.py:183} INFO - Processing /home/ironbong_jr/mlops/project/project/lib/python3.10/site-packages/airflow/example_dags/example_dynamic_task_mapping.py took 0.452 seconds
[2024-03-13T00:36:05.408-0400] {processor.py:161} INFO - Started process (PID=434365) to work on /home/ironbong_jr/mlops/project/project/lib/python3.10/site-packages/airflow/example_dags/example_dynamic_task_mapping.py
[2024-03-13T00:36:05.460-0400] {processor.py:830} INFO - Processing file /home/ironbong_jr/mlops/project/project/lib/python3.10/site-packages/airflow/example_dags/example_dynamic_task_mapping.py for tasks to queue
[2024-03-13T00:36:05.462-0400] {logging_mixin.py:188} INFO - [2024-03-13T00:36:05.461-0400] {dagbag.py:540} INFO - Filling up the DagBag from /home/ironbong_jr/mlops/project/project/lib/python3.10/site-packages/airflow/example_dags/example_dynamic_task_mapping.py
[2024-03-13T00:36:05.475-0400] {processor.py:840} INFO - DAG(s) 'example_dynamic_task_mapping' retrieved from /home/ironbong_jr/mlops/project/project/lib/python3.10/site-packages/airflow/example_dags/example_dynamic_task_mapping.py
[2024-03-13T00:36:05.520-0400] {logging_mixin.py:188} INFO - [2024-03-13T00:36:05.520-0400] {dag.py:3047} INFO - Sync 1 DAGs
[2024-03-13T00:36:05.586-0400] {logging_mixin.py:188} INFO - [2024-03-13T00:36:05.585-0400] {dag.py:3834} INFO - Setting next_dagrun for example_dynamic_task_mapping to 2022-03-04 00:00:00+00:00, run_after=2022-03-05 00:00:00+00:00
[2024-03-13T00:36:05.698-0400] {processor.py:183} INFO - Processing /home/ironbong_jr/mlops/project/project/lib/python3.10/site-packages/airflow/example_dags/example_dynamic_task_mapping.py took 0.306 seconds
[2024-03-13T00:38:16.349-0400] {processor.py:161} INFO - Started process (PID=435014) to work on /home/ironbong_jr/mlops/project/project/lib/python3.10/site-packages/airflow/example_dags/example_dynamic_task_mapping.py
[2024-03-13T00:38:16.401-0400] {processor.py:830} INFO - Processing file /home/ironbong_jr/mlops/project/project/lib/python3.10/site-packages/airflow/example_dags/example_dynamic_task_mapping.py for tasks to queue
[2024-03-13T00:38:16.404-0400] {logging_mixin.py:188} INFO - [2024-03-13T00:38:16.403-0400] {dagbag.py:540} INFO - Filling up the DagBag from /home/ironbong_jr/mlops/project/project/lib/python3.10/site-packages/airflow/example_dags/example_dynamic_task_mapping.py
[2024-03-13T00:38:16.417-0400] {processor.py:840} INFO - DAG(s) 'example_dynamic_task_mapping' retrieved from /home/ironbong_jr/mlops/project/project/lib/python3.10/site-packages/airflow/example_dags/example_dynamic_task_mapping.py
[2024-03-13T00:38:16.440-0400] {logging_mixin.py:188} INFO - [2024-03-13T00:38:16.439-0400] {dag.py:3047} INFO - Sync 1 DAGs
[2024-03-13T00:38:16.464-0400] {logging_mixin.py:188} INFO - [2024-03-13T00:38:16.463-0400] {dag.py:3834} INFO - Setting next_dagrun for example_dynamic_task_mapping to 2022-03-04 00:00:00+00:00, run_after=2022-03-05 00:00:00+00:00
[2024-03-13T00:38:16.502-0400] {processor.py:183} INFO - Processing /home/ironbong_jr/mlops/project/project/lib/python3.10/site-packages/airflow/example_dags/example_dynamic_task_mapping.py took 0.159 seconds
[2024-03-13T00:39:53.834-0400] {processor.py:161} INFO - Started process (PID=435443) to work on /home/ironbong_jr/mlops/project/project/lib/python3.10/site-packages/airflow/example_dags/example_dynamic_task_mapping.py
[2024-03-13T00:39:53.838-0400] {processor.py:830} INFO - Processing file /home/ironbong_jr/mlops/project/project/lib/python3.10/site-packages/airflow/example_dags/example_dynamic_task_mapping.py for tasks to queue
[2024-03-13T00:39:53.840-0400] {logging_mixin.py:188} INFO - [2024-03-13T00:39:53.839-0400] {dagbag.py:540} INFO - Filling up the DagBag from /home/ironbong_jr/mlops/project/project/lib/python3.10/site-packages/airflow/example_dags/example_dynamic_task_mapping.py
[2024-03-13T00:39:53.849-0400] {processor.py:840} INFO - DAG(s) 'example_dynamic_task_mapping' retrieved from /home/ironbong_jr/mlops/project/project/lib/python3.10/site-packages/airflow/example_dags/example_dynamic_task_mapping.py
[2024-03-13T00:39:53.874-0400] {logging_mixin.py:188} INFO - [2024-03-13T00:39:53.873-0400] {dag.py:3047} INFO - Sync 1 DAGs
[2024-03-13T00:39:53.899-0400] {logging_mixin.py:188} INFO - [2024-03-13T00:39:53.898-0400] {dag.py:3834} INFO - Setting next_dagrun for example_dynamic_task_mapping to 2022-03-04 00:00:00+00:00, run_after=2022-03-05 00:00:00+00:00
[2024-03-13T00:39:53.945-0400] {processor.py:183} INFO - Processing /home/ironbong_jr/mlops/project/project/lib/python3.10/site-packages/airflow/example_dags/example_dynamic_task_mapping.py took 0.116 seconds
[2024-03-13T00:42:16.744-0400] {processor.py:161} INFO - Started process (PID=436038) to work on /home/ironbong_jr/mlops/project/project/lib/python3.10/site-packages/airflow/example_dags/example_dynamic_task_mapping.py
[2024-03-13T00:42:16.748-0400] {processor.py:830} INFO - Processing file /home/ironbong_jr/mlops/project/project/lib/python3.10/site-packages/airflow/example_dags/example_dynamic_task_mapping.py for tasks to queue
[2024-03-13T00:42:16.749-0400] {logging_mixin.py:188} INFO - [2024-03-13T00:42:16.749-0400] {dagbag.py:540} INFO - Filling up the DagBag from /home/ironbong_jr/mlops/project/project/lib/python3.10/site-packages/airflow/example_dags/example_dynamic_task_mapping.py
[2024-03-13T00:42:16.760-0400] {processor.py:840} INFO - DAG(s) 'example_dynamic_task_mapping' retrieved from /home/ironbong_jr/mlops/project/project/lib/python3.10/site-packages/airflow/example_dags/example_dynamic_task_mapping.py
[2024-03-13T00:42:16.804-0400] {logging_mixin.py:188} INFO - [2024-03-13T00:42:16.803-0400] {dag.py:3047} INFO - Sync 1 DAGs
[2024-03-13T00:42:16.852-0400] {logging_mixin.py:188} INFO - [2024-03-13T00:42:16.851-0400] {dag.py:3834} INFO - Setting next_dagrun for example_dynamic_task_mapping to 2022-03-04 00:00:00+00:00, run_after=2022-03-05 00:00:00+00:00
[2024-03-13T00:42:16.896-0400] {processor.py:183} INFO - Processing /home/ironbong_jr/mlops/project/project/lib/python3.10/site-packages/airflow/example_dags/example_dynamic_task_mapping.py took 0.157 seconds
[2024-03-13T00:44:22.465-0400] {processor.py:161} INFO - Started process (PID=436667) to work on /home/ironbong_jr/mlops/project/project/lib/python3.10/site-packages/airflow/example_dags/example_dynamic_task_mapping.py
[2024-03-13T00:44:22.517-0400] {processor.py:830} INFO - Processing file /home/ironbong_jr/mlops/project/project/lib/python3.10/site-packages/airflow/example_dags/example_dynamic_task_mapping.py for tasks to queue
[2024-03-13T00:44:22.519-0400] {logging_mixin.py:188} INFO - [2024-03-13T00:44:22.518-0400] {dagbag.py:540} INFO - Filling up the DagBag from /home/ironbong_jr/mlops/project/project/lib/python3.10/site-packages/airflow/example_dags/example_dynamic_task_mapping.py
[2024-03-13T00:44:22.550-0400] {processor.py:840} INFO - DAG(s) 'example_dynamic_task_mapping' retrieved from /home/ironbong_jr/mlops/project/project/lib/python3.10/site-packages/airflow/example_dags/example_dynamic_task_mapping.py
[2024-03-13T00:44:22.649-0400] {logging_mixin.py:188} INFO - [2024-03-13T00:44:22.648-0400] {dag.py:3047} INFO - Sync 1 DAGs
[2024-03-13T00:44:22.691-0400] {logging_mixin.py:188} INFO - [2024-03-13T00:44:22.689-0400] {dag.py:3834} INFO - Setting next_dagrun for example_dynamic_task_mapping to 2022-03-04 00:00:00+00:00, run_after=2022-03-05 00:00:00+00:00
[2024-03-13T00:44:22.731-0400] {processor.py:183} INFO - Processing /home/ironbong_jr/mlops/project/project/lib/python3.10/site-packages/airflow/example_dags/example_dynamic_task_mapping.py took 0.270 seconds
[2024-03-13T00:45:44.613-0400] {processor.py:161} INFO - Started process (PID=437018) to work on /home/ironbong_jr/mlops/project/project/lib/python3.10/site-packages/airflow/example_dags/example_dynamic_task_mapping.py
[2024-03-13T00:45:44.616-0400] {processor.py:830} INFO - Processing file /home/ironbong_jr/mlops/project/project/lib/python3.10/site-packages/airflow/example_dags/example_dynamic_task_mapping.py for tasks to queue
[2024-03-13T00:45:44.618-0400] {logging_mixin.py:188} INFO - [2024-03-13T00:45:44.617-0400] {dagbag.py:540} INFO - Filling up the DagBag from /home/ironbong_jr/mlops/project/project/lib/python3.10/site-packages/airflow/example_dags/example_dynamic_task_mapping.py
[2024-03-13T00:45:44.633-0400] {processor.py:840} INFO - DAG(s) 'example_dynamic_task_mapping' retrieved from /home/ironbong_jr/mlops/project/project/lib/python3.10/site-packages/airflow/example_dags/example_dynamic_task_mapping.py
[2024-03-13T00:45:44.674-0400] {logging_mixin.py:188} INFO - [2024-03-13T00:45:44.674-0400] {dag.py:3047} INFO - Sync 1 DAGs
[2024-03-13T00:45:44.697-0400] {logging_mixin.py:188} INFO - [2024-03-13T00:45:44.696-0400] {dag.py:3834} INFO - Setting next_dagrun for example_dynamic_task_mapping to 2022-03-04 00:00:00+00:00, run_after=2022-03-05 00:00:00+00:00
[2024-03-13T00:45:44.730-0400] {processor.py:183} INFO - Processing /home/ironbong_jr/mlops/project/project/lib/python3.10/site-packages/airflow/example_dags/example_dynamic_task_mapping.py took 0.122 seconds
[2024-03-13T15:49:27.919-0400] {processor.py:161} INFO - Started process (PID=453801) to work on /home/ironbong_jr/mlops/project/project/lib/python3.10/site-packages/airflow/example_dags/example_dynamic_task_mapping.py
[2024-03-13T15:49:27.921-0400] {processor.py:830} INFO - Processing file /home/ironbong_jr/mlops/project/project/lib/python3.10/site-packages/airflow/example_dags/example_dynamic_task_mapping.py for tasks to queue
[2024-03-13T15:49:27.922-0400] {logging_mixin.py:188} INFO - [2024-03-13T15:49:27.922-0400] {dagbag.py:540} INFO - Filling up the DagBag from /home/ironbong_jr/mlops/project/project/lib/python3.10/site-packages/airflow/example_dags/example_dynamic_task_mapping.py
[2024-03-13T15:49:27.928-0400] {processor.py:840} INFO - DAG(s) 'example_dynamic_task_mapping' retrieved from /home/ironbong_jr/mlops/project/project/lib/python3.10/site-packages/airflow/example_dags/example_dynamic_task_mapping.py
[2024-03-13T15:49:28.027-0400] {logging_mixin.py:188} INFO - [2024-03-13T15:49:28.027-0400] {dag.py:3047} INFO - Sync 1 DAGs
[2024-03-13T15:49:28.034-0400] {logging_mixin.py:188} INFO - [2024-03-13T15:49:28.034-0400] {dag.py:3834} INFO - Setting next_dagrun for example_dynamic_task_mapping to 2022-03-04 00:00:00+00:00, run_after=2022-03-05 00:00:00+00:00
[2024-03-13T15:49:28.052-0400] {processor.py:183} INFO - Processing /home/ironbong_jr/mlops/project/project/lib/python3.10/site-packages/airflow/example_dags/example_dynamic_task_mapping.py took 0.135 seconds
[2024-03-13T15:51:37.327-0400] {processor.py:161} INFO - Started process (PID=454527) to work on /home/ironbong_jr/mlops/project/project/lib/python3.10/site-packages/airflow/example_dags/example_dynamic_task_mapping.py
[2024-03-13T15:51:37.331-0400] {processor.py:830} INFO - Processing file /home/ironbong_jr/mlops/project/project/lib/python3.10/site-packages/airflow/example_dags/example_dynamic_task_mapping.py for tasks to queue
[2024-03-13T15:51:37.332-0400] {logging_mixin.py:188} INFO - [2024-03-13T15:51:37.332-0400] {dagbag.py:540} INFO - Filling up the DagBag from /home/ironbong_jr/mlops/project/project/lib/python3.10/site-packages/airflow/example_dags/example_dynamic_task_mapping.py
[2024-03-13T15:51:37.337-0400] {processor.py:840} INFO - DAG(s) 'example_dynamic_task_mapping' retrieved from /home/ironbong_jr/mlops/project/project/lib/python3.10/site-packages/airflow/example_dags/example_dynamic_task_mapping.py
[2024-03-13T15:51:37.347-0400] {logging_mixin.py:188} INFO - [2024-03-13T15:51:37.346-0400] {dag.py:3047} INFO - Sync 1 DAGs
[2024-03-13T15:51:37.364-0400] {logging_mixin.py:188} INFO - [2024-03-13T15:51:37.364-0400] {dag.py:3834} INFO - Setting next_dagrun for example_dynamic_task_mapping to 2022-03-04 00:00:00+00:00, run_after=2022-03-05 00:00:00+00:00
[2024-03-13T15:51:37.389-0400] {processor.py:183} INFO - Processing /home/ironbong_jr/mlops/project/project/lib/python3.10/site-packages/airflow/example_dags/example_dynamic_task_mapping.py took 0.064 seconds
[2024-03-13T15:52:32.942-0400] {processor.py:161} INFO - Started process (PID=454821) to work on /home/ironbong_jr/mlops/project/project/lib/python3.10/site-packages/airflow/example_dags/example_dynamic_task_mapping.py
[2024-03-13T15:52:32.947-0400] {processor.py:830} INFO - Processing file /home/ironbong_jr/mlops/project/project/lib/python3.10/site-packages/airflow/example_dags/example_dynamic_task_mapping.py for tasks to queue
[2024-03-13T15:52:32.948-0400] {logging_mixin.py:188} INFO - [2024-03-13T15:52:32.947-0400] {dagbag.py:540} INFO - Filling up the DagBag from /home/ironbong_jr/mlops/project/project/lib/python3.10/site-packages/airflow/example_dags/example_dynamic_task_mapping.py
[2024-03-13T15:52:32.958-0400] {processor.py:840} INFO - DAG(s) 'example_dynamic_task_mapping' retrieved from /home/ironbong_jr/mlops/project/project/lib/python3.10/site-packages/airflow/example_dags/example_dynamic_task_mapping.py
[2024-03-13T15:52:32.968-0400] {logging_mixin.py:188} INFO - [2024-03-13T15:52:32.968-0400] {dag.py:3047} INFO - Sync 1 DAGs
[2024-03-13T15:52:32.982-0400] {logging_mixin.py:188} INFO - [2024-03-13T15:52:32.982-0400] {dag.py:3834} INFO - Setting next_dagrun for example_dynamic_task_mapping to 2022-03-04 00:00:00+00:00, run_after=2022-03-05 00:00:00+00:00
[2024-03-13T15:52:33.005-0400] {processor.py:183} INFO - Processing /home/ironbong_jr/mlops/project/project/lib/python3.10/site-packages/airflow/example_dags/example_dynamic_task_mapping.py took 0.065 seconds
[2024-03-13T15:53:26.484-0400] {processor.py:161} INFO - Started process (PID=455107) to work on /home/ironbong_jr/mlops/project/project/lib/python3.10/site-packages/airflow/example_dags/example_dynamic_task_mapping.py
[2024-03-13T15:53:26.486-0400] {processor.py:830} INFO - Processing file /home/ironbong_jr/mlops/project/project/lib/python3.10/site-packages/airflow/example_dags/example_dynamic_task_mapping.py for tasks to queue
[2024-03-13T15:53:26.487-0400] {logging_mixin.py:188} INFO - [2024-03-13T15:53:26.486-0400] {dagbag.py:540} INFO - Filling up the DagBag from /home/ironbong_jr/mlops/project/project/lib/python3.10/site-packages/airflow/example_dags/example_dynamic_task_mapping.py
[2024-03-13T15:53:26.497-0400] {processor.py:840} INFO - DAG(s) 'example_dynamic_task_mapping' retrieved from /home/ironbong_jr/mlops/project/project/lib/python3.10/site-packages/airflow/example_dags/example_dynamic_task_mapping.py
[2024-03-13T15:53:26.507-0400] {logging_mixin.py:188} INFO - [2024-03-13T15:53:26.507-0400] {dag.py:3047} INFO - Sync 1 DAGs
[2024-03-13T15:53:26.519-0400] {logging_mixin.py:188} INFO - [2024-03-13T15:53:26.519-0400] {dag.py:3834} INFO - Setting next_dagrun for example_dynamic_task_mapping to 2022-03-04 00:00:00+00:00, run_after=2022-03-05 00:00:00+00:00
[2024-03-13T15:53:26.539-0400] {processor.py:183} INFO - Processing /home/ironbong_jr/mlops/project/project/lib/python3.10/site-packages/airflow/example_dags/example_dynamic_task_mapping.py took 0.057 seconds
[2024-03-13T15:54:41.265-0400] {processor.py:161} INFO - Started process (PID=455495) to work on /home/ironbong_jr/mlops/project/project/lib/python3.10/site-packages/airflow/example_dags/example_dynamic_task_mapping.py
[2024-03-13T15:54:41.269-0400] {processor.py:830} INFO - Processing file /home/ironbong_jr/mlops/project/project/lib/python3.10/site-packages/airflow/example_dags/example_dynamic_task_mapping.py for tasks to queue
[2024-03-13T15:54:41.270-0400] {logging_mixin.py:188} INFO - [2024-03-13T15:54:41.269-0400] {dagbag.py:540} INFO - Filling up the DagBag from /home/ironbong_jr/mlops/project/project/lib/python3.10/site-packages/airflow/example_dags/example_dynamic_task_mapping.py
[2024-03-13T15:54:41.274-0400] {processor.py:840} INFO - DAG(s) 'example_dynamic_task_mapping' retrieved from /home/ironbong_jr/mlops/project/project/lib/python3.10/site-packages/airflow/example_dags/example_dynamic_task_mapping.py
[2024-03-13T15:54:41.284-0400] {logging_mixin.py:188} INFO - [2024-03-13T15:54:41.284-0400] {dag.py:3047} INFO - Sync 1 DAGs
[2024-03-13T15:54:41.296-0400] {logging_mixin.py:188} INFO - [2024-03-13T15:54:41.296-0400] {dag.py:3834} INFO - Setting next_dagrun for example_dynamic_task_mapping to 2022-03-04 00:00:00+00:00, run_after=2022-03-05 00:00:00+00:00
[2024-03-13T15:54:41.317-0400] {processor.py:183} INFO - Processing /home/ironbong_jr/mlops/project/project/lib/python3.10/site-packages/airflow/example_dags/example_dynamic_task_mapping.py took 0.054 seconds
[2024-03-13T15:55:33.291-0400] {processor.py:161} INFO - Started process (PID=455751) to work on /home/ironbong_jr/mlops/project/project/lib/python3.10/site-packages/airflow/example_dags/example_dynamic_task_mapping.py
[2024-03-13T15:55:33.294-0400] {processor.py:830} INFO - Processing file /home/ironbong_jr/mlops/project/project/lib/python3.10/site-packages/airflow/example_dags/example_dynamic_task_mapping.py for tasks to queue
[2024-03-13T15:55:33.295-0400] {logging_mixin.py:188} INFO - [2024-03-13T15:55:33.294-0400] {dagbag.py:540} INFO - Filling up the DagBag from /home/ironbong_jr/mlops/project/project/lib/python3.10/site-packages/airflow/example_dags/example_dynamic_task_mapping.py
[2024-03-13T15:55:33.299-0400] {processor.py:840} INFO - DAG(s) 'example_dynamic_task_mapping' retrieved from /home/ironbong_jr/mlops/project/project/lib/python3.10/site-packages/airflow/example_dags/example_dynamic_task_mapping.py
[2024-03-13T15:55:33.309-0400] {logging_mixin.py:188} INFO - [2024-03-13T15:55:33.308-0400] {dag.py:3047} INFO - Sync 1 DAGs
[2024-03-13T15:55:33.320-0400] {logging_mixin.py:188} INFO - [2024-03-13T15:55:33.319-0400] {dag.py:3834} INFO - Setting next_dagrun for example_dynamic_task_mapping to 2022-03-04 00:00:00+00:00, run_after=2022-03-05 00:00:00+00:00
[2024-03-13T15:55:33.341-0400] {processor.py:183} INFO - Processing /home/ironbong_jr/mlops/project/project/lib/python3.10/site-packages/airflow/example_dags/example_dynamic_task_mapping.py took 0.053 seconds
[2024-03-13T15:56:24.368-0400] {processor.py:161} INFO - Started process (PID=456020) to work on /home/ironbong_jr/mlops/project/project/lib/python3.10/site-packages/airflow/example_dags/example_dynamic_task_mapping.py
[2024-03-13T15:56:24.370-0400] {processor.py:830} INFO - Processing file /home/ironbong_jr/mlops/project/project/lib/python3.10/site-packages/airflow/example_dags/example_dynamic_task_mapping.py for tasks to queue
[2024-03-13T15:56:24.371-0400] {logging_mixin.py:188} INFO - [2024-03-13T15:56:24.370-0400] {dagbag.py:540} INFO - Filling up the DagBag from /home/ironbong_jr/mlops/project/project/lib/python3.10/site-packages/airflow/example_dags/example_dynamic_task_mapping.py
[2024-03-13T15:56:24.375-0400] {processor.py:840} INFO - DAG(s) 'example_dynamic_task_mapping' retrieved from /home/ironbong_jr/mlops/project/project/lib/python3.10/site-packages/airflow/example_dags/example_dynamic_task_mapping.py
[2024-03-13T15:56:24.384-0400] {logging_mixin.py:188} INFO - [2024-03-13T15:56:24.384-0400] {dag.py:3047} INFO - Sync 1 DAGs
[2024-03-13T15:56:24.395-0400] {logging_mixin.py:188} INFO - [2024-03-13T15:56:24.394-0400] {dag.py:3834} INFO - Setting next_dagrun for example_dynamic_task_mapping to 2022-03-04 00:00:00+00:00, run_after=2022-03-05 00:00:00+00:00
[2024-03-13T15:56:24.415-0400] {processor.py:183} INFO - Processing /home/ironbong_jr/mlops/project/project/lib/python3.10/site-packages/airflow/example_dags/example_dynamic_task_mapping.py took 0.048 seconds
[2024-03-13T15:57:40.871-0400] {processor.py:161} INFO - Started process (PID=456437) to work on /home/ironbong_jr/mlops/project/project/lib/python3.10/site-packages/airflow/example_dags/example_dynamic_task_mapping.py
[2024-03-13T15:57:40.874-0400] {processor.py:830} INFO - Processing file /home/ironbong_jr/mlops/project/project/lib/python3.10/site-packages/airflow/example_dags/example_dynamic_task_mapping.py for tasks to queue
[2024-03-13T15:57:40.875-0400] {logging_mixin.py:188} INFO - [2024-03-13T15:57:40.875-0400] {dagbag.py:540} INFO - Filling up the DagBag from /home/ironbong_jr/mlops/project/project/lib/python3.10/site-packages/airflow/example_dags/example_dynamic_task_mapping.py
[2024-03-13T15:57:40.880-0400] {processor.py:840} INFO - DAG(s) 'example_dynamic_task_mapping' retrieved from /home/ironbong_jr/mlops/project/project/lib/python3.10/site-packages/airflow/example_dags/example_dynamic_task_mapping.py
[2024-03-13T15:57:40.889-0400] {logging_mixin.py:188} INFO - [2024-03-13T15:57:40.889-0400] {dag.py:3047} INFO - Sync 1 DAGs
[2024-03-13T15:57:40.901-0400] {logging_mixin.py:188} INFO - [2024-03-13T15:57:40.901-0400] {dag.py:3834} INFO - Setting next_dagrun for example_dynamic_task_mapping to 2022-03-04 00:00:00+00:00, run_after=2022-03-05 00:00:00+00:00
[2024-03-13T15:57:40.922-0400] {processor.py:183} INFO - Processing /home/ironbong_jr/mlops/project/project/lib/python3.10/site-packages/airflow/example_dags/example_dynamic_task_mapping.py took 0.053 seconds
[2024-03-13T15:58:57.521-0400] {processor.py:161} INFO - Started process (PID=456834) to work on /home/ironbong_jr/mlops/project/project/lib/python3.10/site-packages/airflow/example_dags/example_dynamic_task_mapping.py
[2024-03-13T15:58:57.524-0400] {processor.py:830} INFO - Processing file /home/ironbong_jr/mlops/project/project/lib/python3.10/site-packages/airflow/example_dags/example_dynamic_task_mapping.py for tasks to queue
[2024-03-13T15:58:57.525-0400] {logging_mixin.py:188} INFO - [2024-03-13T15:58:57.525-0400] {dagbag.py:540} INFO - Filling up the DagBag from /home/ironbong_jr/mlops/project/project/lib/python3.10/site-packages/airflow/example_dags/example_dynamic_task_mapping.py
[2024-03-13T15:58:57.530-0400] {processor.py:840} INFO - DAG(s) 'example_dynamic_task_mapping' retrieved from /home/ironbong_jr/mlops/project/project/lib/python3.10/site-packages/airflow/example_dags/example_dynamic_task_mapping.py
[2024-03-13T15:58:57.539-0400] {logging_mixin.py:188} INFO - [2024-03-13T15:58:57.539-0400] {dag.py:3047} INFO - Sync 1 DAGs
[2024-03-13T15:58:57.555-0400] {logging_mixin.py:188} INFO - [2024-03-13T15:58:57.555-0400] {dag.py:3834} INFO - Setting next_dagrun for example_dynamic_task_mapping to 2022-03-04 00:00:00+00:00, run_after=2022-03-05 00:00:00+00:00
[2024-03-13T15:58:57.579-0400] {processor.py:183} INFO - Processing /home/ironbong_jr/mlops/project/project/lib/python3.10/site-packages/airflow/example_dags/example_dynamic_task_mapping.py took 0.060 seconds
[2024-03-13T16:00:15.126-0400] {processor.py:161} INFO - Started process (PID=457194) to work on /home/ironbong_jr/mlops/project/project/lib/python3.10/site-packages/airflow/example_dags/example_dynamic_task_mapping.py
[2024-03-13T16:00:15.130-0400] {processor.py:830} INFO - Processing file /home/ironbong_jr/mlops/project/project/lib/python3.10/site-packages/airflow/example_dags/example_dynamic_task_mapping.py for tasks to queue
[2024-03-13T16:00:15.131-0400] {logging_mixin.py:188} INFO - [2024-03-13T16:00:15.130-0400] {dagbag.py:540} INFO - Filling up the DagBag from /home/ironbong_jr/mlops/project/project/lib/python3.10/site-packages/airflow/example_dags/example_dynamic_task_mapping.py
[2024-03-13T16:00:15.135-0400] {processor.py:840} INFO - DAG(s) 'example_dynamic_task_mapping' retrieved from /home/ironbong_jr/mlops/project/project/lib/python3.10/site-packages/airflow/example_dags/example_dynamic_task_mapping.py
[2024-03-13T16:00:15.144-0400] {logging_mixin.py:188} INFO - [2024-03-13T16:00:15.144-0400] {dag.py:3047} INFO - Sync 1 DAGs
[2024-03-13T16:00:15.155-0400] {logging_mixin.py:188} INFO - [2024-03-13T16:00:15.155-0400] {dag.py:3834} INFO - Setting next_dagrun for example_dynamic_task_mapping to 2022-03-04 00:00:00+00:00, run_after=2022-03-05 00:00:00+00:00
[2024-03-13T16:00:15.177-0400] {processor.py:183} INFO - Processing /home/ironbong_jr/mlops/project/project/lib/python3.10/site-packages/airflow/example_dags/example_dynamic_task_mapping.py took 0.053 seconds
[2024-03-13T16:01:30.463-0400] {processor.py:161} INFO - Started process (PID=457595) to work on /home/ironbong_jr/mlops/project/project/lib/python3.10/site-packages/airflow/example_dags/example_dynamic_task_mapping.py
[2024-03-13T16:01:30.466-0400] {processor.py:830} INFO - Processing file /home/ironbong_jr/mlops/project/project/lib/python3.10/site-packages/airflow/example_dags/example_dynamic_task_mapping.py for tasks to queue
[2024-03-13T16:01:30.466-0400] {logging_mixin.py:188} INFO - [2024-03-13T16:01:30.466-0400] {dagbag.py:540} INFO - Filling up the DagBag from /home/ironbong_jr/mlops/project/project/lib/python3.10/site-packages/airflow/example_dags/example_dynamic_task_mapping.py
[2024-03-13T16:01:30.471-0400] {processor.py:840} INFO - DAG(s) 'example_dynamic_task_mapping' retrieved from /home/ironbong_jr/mlops/project/project/lib/python3.10/site-packages/airflow/example_dags/example_dynamic_task_mapping.py
[2024-03-13T16:01:30.479-0400] {logging_mixin.py:188} INFO - [2024-03-13T16:01:30.479-0400] {dag.py:3047} INFO - Sync 1 DAGs
[2024-03-13T16:01:30.491-0400] {logging_mixin.py:188} INFO - [2024-03-13T16:01:30.490-0400] {dag.py:3834} INFO - Setting next_dagrun for example_dynamic_task_mapping to 2022-03-04 00:00:00+00:00, run_after=2022-03-05 00:00:00+00:00
[2024-03-13T16:01:30.512-0400] {processor.py:183} INFO - Processing /home/ironbong_jr/mlops/project/project/lib/python3.10/site-packages/airflow/example_dags/example_dynamic_task_mapping.py took 0.050 seconds
[2024-03-13T16:02:21.572-0400] {processor.py:161} INFO - Started process (PID=457880) to work on /home/ironbong_jr/mlops/project/project/lib/python3.10/site-packages/airflow/example_dags/example_dynamic_task_mapping.py
[2024-03-13T16:02:21.575-0400] {processor.py:830} INFO - Processing file /home/ironbong_jr/mlops/project/project/lib/python3.10/site-packages/airflow/example_dags/example_dynamic_task_mapping.py for tasks to queue
[2024-03-13T16:02:21.576-0400] {logging_mixin.py:188} INFO - [2024-03-13T16:02:21.575-0400] {dagbag.py:540} INFO - Filling up the DagBag from /home/ironbong_jr/mlops/project/project/lib/python3.10/site-packages/airflow/example_dags/example_dynamic_task_mapping.py
[2024-03-13T16:02:21.580-0400] {processor.py:840} INFO - DAG(s) 'example_dynamic_task_mapping' retrieved from /home/ironbong_jr/mlops/project/project/lib/python3.10/site-packages/airflow/example_dags/example_dynamic_task_mapping.py
[2024-03-13T16:02:21.589-0400] {logging_mixin.py:188} INFO - [2024-03-13T16:02:21.589-0400] {dag.py:3047} INFO - Sync 1 DAGs
[2024-03-13T16:02:21.606-0400] {logging_mixin.py:188} INFO - [2024-03-13T16:02:21.606-0400] {dag.py:3834} INFO - Setting next_dagrun for example_dynamic_task_mapping to 2022-03-04 00:00:00+00:00, run_after=2022-03-05 00:00:00+00:00
[2024-03-13T16:02:21.639-0400] {processor.py:183} INFO - Processing /home/ironbong_jr/mlops/project/project/lib/python3.10/site-packages/airflow/example_dags/example_dynamic_task_mapping.py took 0.069 seconds
[2024-03-13T16:03:35.618-0400] {processor.py:161} INFO - Started process (PID=458244) to work on /home/ironbong_jr/mlops/project/project/lib/python3.10/site-packages/airflow/example_dags/example_dynamic_task_mapping.py
[2024-03-13T16:03:35.620-0400] {processor.py:830} INFO - Processing file /home/ironbong_jr/mlops/project/project/lib/python3.10/site-packages/airflow/example_dags/example_dynamic_task_mapping.py for tasks to queue
[2024-03-13T16:03:35.620-0400] {logging_mixin.py:188} INFO - [2024-03-13T16:03:35.620-0400] {dagbag.py:540} INFO - Filling up the DagBag from /home/ironbong_jr/mlops/project/project/lib/python3.10/site-packages/airflow/example_dags/example_dynamic_task_mapping.py
[2024-03-13T16:03:35.631-0400] {processor.py:840} INFO - DAG(s) 'example_dynamic_task_mapping' retrieved from /home/ironbong_jr/mlops/project/project/lib/python3.10/site-packages/airflow/example_dags/example_dynamic_task_mapping.py
[2024-03-13T16:03:35.645-0400] {logging_mixin.py:188} INFO - [2024-03-13T16:03:35.645-0400] {dag.py:3047} INFO - Sync 1 DAGs
[2024-03-13T16:03:35.659-0400] {logging_mixin.py:188} INFO - [2024-03-13T16:03:35.659-0400] {dag.py:3834} INFO - Setting next_dagrun for example_dynamic_task_mapping to 2022-03-04 00:00:00+00:00, run_after=2022-03-05 00:00:00+00:00
[2024-03-13T16:03:35.684-0400] {processor.py:183} INFO - Processing /home/ironbong_jr/mlops/project/project/lib/python3.10/site-packages/airflow/example_dags/example_dynamic_task_mapping.py took 0.068 seconds
[2024-03-13T16:04:44.295-0400] {processor.py:161} INFO - Started process (PID=458664) to work on /home/ironbong_jr/mlops/project/project/lib/python3.10/site-packages/airflow/example_dags/example_dynamic_task_mapping.py
[2024-03-13T16:04:44.299-0400] {processor.py:830} INFO - Processing file /home/ironbong_jr/mlops/project/project/lib/python3.10/site-packages/airflow/example_dags/example_dynamic_task_mapping.py for tasks to queue
[2024-03-13T16:04:44.300-0400] {logging_mixin.py:188} INFO - [2024-03-13T16:04:44.299-0400] {dagbag.py:540} INFO - Filling up the DagBag from /home/ironbong_jr/mlops/project/project/lib/python3.10/site-packages/airflow/example_dags/example_dynamic_task_mapping.py
[2024-03-13T16:04:44.304-0400] {processor.py:840} INFO - DAG(s) 'example_dynamic_task_mapping' retrieved from /home/ironbong_jr/mlops/project/project/lib/python3.10/site-packages/airflow/example_dags/example_dynamic_task_mapping.py
[2024-03-13T16:04:44.314-0400] {logging_mixin.py:188} INFO - [2024-03-13T16:04:44.314-0400] {dag.py:3047} INFO - Sync 1 DAGs
[2024-03-13T16:04:44.326-0400] {logging_mixin.py:188} INFO - [2024-03-13T16:04:44.326-0400] {dag.py:3834} INFO - Setting next_dagrun for example_dynamic_task_mapping to 2022-03-04 00:00:00+00:00, run_after=2022-03-05 00:00:00+00:00
[2024-03-13T16:04:44.348-0400] {processor.py:183} INFO - Processing /home/ironbong_jr/mlops/project/project/lib/python3.10/site-packages/airflow/example_dags/example_dynamic_task_mapping.py took 0.055 seconds
[2024-03-13T16:05:55.851-0400] {processor.py:161} INFO - Started process (PID=459031) to work on /home/ironbong_jr/mlops/project/project/lib/python3.10/site-packages/airflow/example_dags/example_dynamic_task_mapping.py
[2024-03-13T16:05:55.853-0400] {processor.py:830} INFO - Processing file /home/ironbong_jr/mlops/project/project/lib/python3.10/site-packages/airflow/example_dags/example_dynamic_task_mapping.py for tasks to queue
[2024-03-13T16:05:55.854-0400] {logging_mixin.py:188} INFO - [2024-03-13T16:05:55.853-0400] {dagbag.py:540} INFO - Filling up the DagBag from /home/ironbong_jr/mlops/project/project/lib/python3.10/site-packages/airflow/example_dags/example_dynamic_task_mapping.py
[2024-03-13T16:05:55.860-0400] {processor.py:840} INFO - DAG(s) 'example_dynamic_task_mapping' retrieved from /home/ironbong_jr/mlops/project/project/lib/python3.10/site-packages/airflow/example_dags/example_dynamic_task_mapping.py
[2024-03-13T16:05:55.873-0400] {logging_mixin.py:188} INFO - [2024-03-13T16:05:55.873-0400] {dag.py:3047} INFO - Sync 1 DAGs
[2024-03-13T16:05:55.889-0400] {logging_mixin.py:188} INFO - [2024-03-13T16:05:55.888-0400] {dag.py:3834} INFO - Setting next_dagrun for example_dynamic_task_mapping to 2022-03-04 00:00:00+00:00, run_after=2022-03-05 00:00:00+00:00
[2024-03-13T16:05:55.912-0400] {processor.py:183} INFO - Processing /home/ironbong_jr/mlops/project/project/lib/python3.10/site-packages/airflow/example_dags/example_dynamic_task_mapping.py took 0.064 seconds
[2024-03-13T16:06:51.416-0400] {processor.py:161} INFO - Started process (PID=459309) to work on /home/ironbong_jr/mlops/project/project/lib/python3.10/site-packages/airflow/example_dags/example_dynamic_task_mapping.py
[2024-03-13T16:06:51.418-0400] {processor.py:830} INFO - Processing file /home/ironbong_jr/mlops/project/project/lib/python3.10/site-packages/airflow/example_dags/example_dynamic_task_mapping.py for tasks to queue
[2024-03-13T16:06:51.419-0400] {logging_mixin.py:188} INFO - [2024-03-13T16:06:51.418-0400] {dagbag.py:540} INFO - Filling up the DagBag from /home/ironbong_jr/mlops/project/project/lib/python3.10/site-packages/airflow/example_dags/example_dynamic_task_mapping.py
[2024-03-13T16:06:51.425-0400] {processor.py:840} INFO - DAG(s) 'example_dynamic_task_mapping' retrieved from /home/ironbong_jr/mlops/project/project/lib/python3.10/site-packages/airflow/example_dags/example_dynamic_task_mapping.py
[2024-03-13T16:06:51.435-0400] {logging_mixin.py:188} INFO - [2024-03-13T16:06:51.434-0400] {dag.py:3047} INFO - Sync 1 DAGs
[2024-03-13T16:06:51.448-0400] {logging_mixin.py:188} INFO - [2024-03-13T16:06:51.448-0400] {dag.py:3834} INFO - Setting next_dagrun for example_dynamic_task_mapping to 2022-03-04 00:00:00+00:00, run_after=2022-03-05 00:00:00+00:00
[2024-03-13T16:06:51.471-0400] {processor.py:183} INFO - Processing /home/ironbong_jr/mlops/project/project/lib/python3.10/site-packages/airflow/example_dags/example_dynamic_task_mapping.py took 0.056 seconds
[2024-03-13T16:08:09.396-0400] {processor.py:161} INFO - Started process (PID=459690) to work on /home/ironbong_jr/mlops/project/project/lib/python3.10/site-packages/airflow/example_dags/example_dynamic_task_mapping.py
[2024-03-13T16:08:09.397-0400] {processor.py:830} INFO - Processing file /home/ironbong_jr/mlops/project/project/lib/python3.10/site-packages/airflow/example_dags/example_dynamic_task_mapping.py for tasks to queue
[2024-03-13T16:08:09.398-0400] {logging_mixin.py:188} INFO - [2024-03-13T16:08:09.398-0400] {dagbag.py:540} INFO - Filling up the DagBag from /home/ironbong_jr/mlops/project/project/lib/python3.10/site-packages/airflow/example_dags/example_dynamic_task_mapping.py
[2024-03-13T16:08:09.403-0400] {processor.py:840} INFO - DAG(s) 'example_dynamic_task_mapping' retrieved from /home/ironbong_jr/mlops/project/project/lib/python3.10/site-packages/airflow/example_dags/example_dynamic_task_mapping.py
[2024-03-13T16:08:09.412-0400] {logging_mixin.py:188} INFO - [2024-03-13T16:08:09.412-0400] {dag.py:3047} INFO - Sync 1 DAGs
[2024-03-13T16:08:09.422-0400] {logging_mixin.py:188} INFO - [2024-03-13T16:08:09.422-0400] {dag.py:3834} INFO - Setting next_dagrun for example_dynamic_task_mapping to 2022-03-04 00:00:00+00:00, run_after=2022-03-05 00:00:00+00:00
[2024-03-13T16:08:09.445-0400] {processor.py:183} INFO - Processing /home/ironbong_jr/mlops/project/project/lib/python3.10/site-packages/airflow/example_dags/example_dynamic_task_mapping.py took 0.051 seconds
[2024-03-13T16:09:22.490-0400] {processor.py:161} INFO - Started process (PID=460051) to work on /home/ironbong_jr/mlops/project/project/lib/python3.10/site-packages/airflow/example_dags/example_dynamic_task_mapping.py
[2024-03-13T16:09:22.494-0400] {processor.py:830} INFO - Processing file /home/ironbong_jr/mlops/project/project/lib/python3.10/site-packages/airflow/example_dags/example_dynamic_task_mapping.py for tasks to queue
[2024-03-13T16:09:22.495-0400] {logging_mixin.py:188} INFO - [2024-03-13T16:09:22.494-0400] {dagbag.py:540} INFO - Filling up the DagBag from /home/ironbong_jr/mlops/project/project/lib/python3.10/site-packages/airflow/example_dags/example_dynamic_task_mapping.py
[2024-03-13T16:09:22.499-0400] {processor.py:840} INFO - DAG(s) 'example_dynamic_task_mapping' retrieved from /home/ironbong_jr/mlops/project/project/lib/python3.10/site-packages/airflow/example_dags/example_dynamic_task_mapping.py
[2024-03-13T16:09:22.508-0400] {logging_mixin.py:188} INFO - [2024-03-13T16:09:22.508-0400] {dag.py:3047} INFO - Sync 1 DAGs
[2024-03-13T16:09:22.519-0400] {logging_mixin.py:188} INFO - [2024-03-13T16:09:22.519-0400] {dag.py:3834} INFO - Setting next_dagrun for example_dynamic_task_mapping to 2022-03-04 00:00:00+00:00, run_after=2022-03-05 00:00:00+00:00
[2024-03-13T16:09:22.540-0400] {processor.py:183} INFO - Processing /home/ironbong_jr/mlops/project/project/lib/python3.10/site-packages/airflow/example_dags/example_dynamic_task_mapping.py took 0.052 seconds
[2024-03-13T16:10:36.816-0400] {processor.py:161} INFO - Started process (PID=460419) to work on /home/ironbong_jr/mlops/project/project/lib/python3.10/site-packages/airflow/example_dags/example_dynamic_task_mapping.py
[2024-03-13T16:10:36.819-0400] {processor.py:830} INFO - Processing file /home/ironbong_jr/mlops/project/project/lib/python3.10/site-packages/airflow/example_dags/example_dynamic_task_mapping.py for tasks to queue
[2024-03-13T16:10:36.820-0400] {logging_mixin.py:188} INFO - [2024-03-13T16:10:36.820-0400] {dagbag.py:540} INFO - Filling up the DagBag from /home/ironbong_jr/mlops/project/project/lib/python3.10/site-packages/airflow/example_dags/example_dynamic_task_mapping.py
[2024-03-13T16:10:36.825-0400] {processor.py:840} INFO - DAG(s) 'example_dynamic_task_mapping' retrieved from /home/ironbong_jr/mlops/project/project/lib/python3.10/site-packages/airflow/example_dags/example_dynamic_task_mapping.py
[2024-03-13T16:10:36.834-0400] {logging_mixin.py:188} INFO - [2024-03-13T16:10:36.834-0400] {dag.py:3047} INFO - Sync 1 DAGs
[2024-03-13T16:10:36.845-0400] {logging_mixin.py:188} INFO - [2024-03-13T16:10:36.845-0400] {dag.py:3834} INFO - Setting next_dagrun for example_dynamic_task_mapping to 2022-03-04 00:00:00+00:00, run_after=2022-03-05 00:00:00+00:00
[2024-03-13T16:10:36.866-0400] {processor.py:183} INFO - Processing /home/ironbong_jr/mlops/project/project/lib/python3.10/site-packages/airflow/example_dags/example_dynamic_task_mapping.py took 0.052 seconds
[2024-03-13T16:11:51.755-0400] {processor.py:161} INFO - Started process (PID=460794) to work on /home/ironbong_jr/mlops/project/project/lib/python3.10/site-packages/airflow/example_dags/example_dynamic_task_mapping.py
[2024-03-13T16:11:51.758-0400] {processor.py:830} INFO - Processing file /home/ironbong_jr/mlops/project/project/lib/python3.10/site-packages/airflow/example_dags/example_dynamic_task_mapping.py for tasks to queue
[2024-03-13T16:11:51.759-0400] {logging_mixin.py:188} INFO - [2024-03-13T16:11:51.759-0400] {dagbag.py:540} INFO - Filling up the DagBag from /home/ironbong_jr/mlops/project/project/lib/python3.10/site-packages/airflow/example_dags/example_dynamic_task_mapping.py
[2024-03-13T16:11:51.768-0400] {processor.py:840} INFO - DAG(s) 'example_dynamic_task_mapping' retrieved from /home/ironbong_jr/mlops/project/project/lib/python3.10/site-packages/airflow/example_dags/example_dynamic_task_mapping.py
[2024-03-13T16:11:51.781-0400] {logging_mixin.py:188} INFO - [2024-03-13T16:11:51.780-0400] {dag.py:3047} INFO - Sync 1 DAGs
[2024-03-13T16:11:51.798-0400] {logging_mixin.py:188} INFO - [2024-03-13T16:11:51.798-0400] {dag.py:3834} INFO - Setting next_dagrun for example_dynamic_task_mapping to 2022-03-04 00:00:00+00:00, run_after=2022-03-05 00:00:00+00:00
[2024-03-13T16:11:51.821-0400] {processor.py:183} INFO - Processing /home/ironbong_jr/mlops/project/project/lib/python3.10/site-packages/airflow/example_dags/example_dynamic_task_mapping.py took 0.068 seconds
