[2024-03-12T21:21:45.644-0400] {processor.py:161} INFO - Started process (PID=406969) to work on /home/ironbong_jr/mlops/project/project/lib/python3.10/site-packages/airflow/example_dags/example_setup_teardown_taskflow.py
[2024-03-12T21:21:45.646-0400] {processor.py:830} INFO - Processing file /home/ironbong_jr/mlops/project/project/lib/python3.10/site-packages/airflow/example_dags/example_setup_teardown_taskflow.py for tasks to queue
[2024-03-12T21:21:45.649-0400] {logging_mixin.py:188} INFO - [2024-03-12T21:21:45.648-0400] {dagbag.py:540} INFO - Filling up the DagBag from /home/ironbong_jr/mlops/project/project/lib/python3.10/site-packages/airflow/example_dags/example_setup_teardown_taskflow.py
[2024-03-12T21:21:45.677-0400] {processor.py:840} INFO - DAG(s) 'example_setup_teardown_taskflow' retrieved from /home/ironbong_jr/mlops/project/project/lib/python3.10/site-packages/airflow/example_dags/example_setup_teardown_taskflow.py
[2024-03-12T21:21:46.044-0400] {logging_mixin.py:188} INFO - [2024-03-12T21:21:46.044-0400] {dag.py:3047} INFO - Sync 1 DAGs
[2024-03-12T21:21:46.072-0400] {logging_mixin.py:188} INFO - [2024-03-12T21:21:46.072-0400] {dag.py:3834} INFO - Setting next_dagrun for example_setup_teardown_taskflow to 2024-03-12 00:00:00+00:00, run_after=2024-03-13 00:00:00+00:00
[2024-03-12T21:21:46.127-0400] {processor.py:183} INFO - Processing /home/ironbong_jr/mlops/project/project/lib/python3.10/site-packages/airflow/example_dags/example_setup_teardown_taskflow.py took 0.491 seconds
[2024-03-12T21:23:11.017-0400] {processor.py:161} INFO - Started process (PID=407347) to work on /home/ironbong_jr/mlops/project/project/lib/python3.10/site-packages/airflow/example_dags/example_setup_teardown_taskflow.py
[2024-03-12T21:23:11.069-0400] {processor.py:830} INFO - Processing file /home/ironbong_jr/mlops/project/project/lib/python3.10/site-packages/airflow/example_dags/example_setup_teardown_taskflow.py for tasks to queue
[2024-03-12T21:23:11.071-0400] {logging_mixin.py:188} INFO - [2024-03-12T21:23:11.070-0400] {dagbag.py:540} INFO - Filling up the DagBag from /home/ironbong_jr/mlops/project/project/lib/python3.10/site-packages/airflow/example_dags/example_setup_teardown_taskflow.py
[2024-03-12T21:23:11.090-0400] {processor.py:840} INFO - DAG(s) 'example_setup_teardown_taskflow' retrieved from /home/ironbong_jr/mlops/project/project/lib/python3.10/site-packages/airflow/example_dags/example_setup_teardown_taskflow.py
[2024-03-12T21:23:11.129-0400] {logging_mixin.py:188} INFO - [2024-03-12T21:23:11.128-0400] {dag.py:3047} INFO - Sync 1 DAGs
[2024-03-12T21:23:11.378-0400] {logging_mixin.py:188} INFO - [2024-03-12T21:23:11.378-0400] {dag.py:3834} INFO - Setting next_dagrun for example_setup_teardown_taskflow to 2024-03-12 00:00:00+00:00, run_after=2024-03-13 00:00:00+00:00
[2024-03-12T21:23:11.540-0400] {processor.py:183} INFO - Processing /home/ironbong_jr/mlops/project/project/lib/python3.10/site-packages/airflow/example_dags/example_setup_teardown_taskflow.py took 0.530 seconds
[2024-03-12T21:26:35.279-0400] {processor.py:161} INFO - Started process (PID=408266) to work on /home/ironbong_jr/mlops/project/project/lib/python3.10/site-packages/airflow/example_dags/example_setup_teardown_taskflow.py
[2024-03-12T21:26:35.325-0400] {processor.py:830} INFO - Processing file /home/ironbong_jr/mlops/project/project/lib/python3.10/site-packages/airflow/example_dags/example_setup_teardown_taskflow.py for tasks to queue
[2024-03-12T21:26:35.327-0400] {logging_mixin.py:188} INFO - [2024-03-12T21:26:35.326-0400] {dagbag.py:540} INFO - Filling up the DagBag from /home/ironbong_jr/mlops/project/project/lib/python3.10/site-packages/airflow/example_dags/example_setup_teardown_taskflow.py
[2024-03-12T21:26:35.341-0400] {processor.py:840} INFO - DAG(s) 'example_setup_teardown_taskflow' retrieved from /home/ironbong_jr/mlops/project/project/lib/python3.10/site-packages/airflow/example_dags/example_setup_teardown_taskflow.py
[2024-03-12T21:26:35.363-0400] {logging_mixin.py:188} INFO - [2024-03-12T21:26:35.363-0400] {dag.py:3047} INFO - Sync 1 DAGs
[2024-03-12T21:26:35.391-0400] {logging_mixin.py:188} INFO - [2024-03-12T21:26:35.391-0400] {dag.py:3834} INFO - Setting next_dagrun for example_setup_teardown_taskflow to 2024-03-12 00:00:00+00:00, run_after=2024-03-13 00:00:00+00:00
[2024-03-12T21:26:35.428-0400] {processor.py:183} INFO - Processing /home/ironbong_jr/mlops/project/project/lib/python3.10/site-packages/airflow/example_dags/example_setup_teardown_taskflow.py took 0.162 seconds
[2024-03-12T21:27:48.742-0400] {processor.py:161} INFO - Started process (PID=408589) to work on /home/ironbong_jr/mlops/project/project/lib/python3.10/site-packages/airflow/example_dags/example_setup_teardown_taskflow.py
[2024-03-12T21:27:48.747-0400] {processor.py:830} INFO - Processing file /home/ironbong_jr/mlops/project/project/lib/python3.10/site-packages/airflow/example_dags/example_setup_teardown_taskflow.py for tasks to queue
[2024-03-12T21:27:48.749-0400] {logging_mixin.py:188} INFO - [2024-03-12T21:27:48.748-0400] {dagbag.py:540} INFO - Filling up the DagBag from /home/ironbong_jr/mlops/project/project/lib/python3.10/site-packages/airflow/example_dags/example_setup_teardown_taskflow.py
[2024-03-12T21:27:48.779-0400] {processor.py:840} INFO - DAG(s) 'example_setup_teardown_taskflow' retrieved from /home/ironbong_jr/mlops/project/project/lib/python3.10/site-packages/airflow/example_dags/example_setup_teardown_taskflow.py
[2024-03-12T21:27:48.810-0400] {logging_mixin.py:188} INFO - [2024-03-12T21:27:48.809-0400] {dag.py:3047} INFO - Sync 1 DAGs
[2024-03-12T21:27:48.844-0400] {logging_mixin.py:188} INFO - [2024-03-12T21:27:48.843-0400] {dag.py:3834} INFO - Setting next_dagrun for example_setup_teardown_taskflow to 2024-03-12 00:00:00+00:00, run_after=2024-03-13 00:00:00+00:00
[2024-03-12T21:27:48.961-0400] {processor.py:183} INFO - Processing /home/ironbong_jr/mlops/project/project/lib/python3.10/site-packages/airflow/example_dags/example_setup_teardown_taskflow.py took 0.225 seconds
[2024-03-12T21:29:26.738-0400] {processor.py:161} INFO - Started process (PID=409060) to work on /home/ironbong_jr/mlops/project/project/lib/python3.10/site-packages/airflow/example_dags/example_setup_teardown_taskflow.py
[2024-03-12T21:29:26.789-0400] {processor.py:830} INFO - Processing file /home/ironbong_jr/mlops/project/project/lib/python3.10/site-packages/airflow/example_dags/example_setup_teardown_taskflow.py for tasks to queue
[2024-03-12T21:29:26.791-0400] {logging_mixin.py:188} INFO - [2024-03-12T21:29:26.790-0400] {dagbag.py:540} INFO - Filling up the DagBag from /home/ironbong_jr/mlops/project/project/lib/python3.10/site-packages/airflow/example_dags/example_setup_teardown_taskflow.py
[2024-03-12T21:29:26.810-0400] {processor.py:840} INFO - DAG(s) 'example_setup_teardown_taskflow' retrieved from /home/ironbong_jr/mlops/project/project/lib/python3.10/site-packages/airflow/example_dags/example_setup_teardown_taskflow.py
[2024-03-12T21:29:26.848-0400] {logging_mixin.py:188} INFO - [2024-03-12T21:29:26.848-0400] {dag.py:3047} INFO - Sync 1 DAGs
[2024-03-12T21:29:26.881-0400] {logging_mixin.py:188} INFO - [2024-03-12T21:29:26.880-0400] {dag.py:3834} INFO - Setting next_dagrun for example_setup_teardown_taskflow to 2024-03-12 00:00:00+00:00, run_after=2024-03-13 00:00:00+00:00
[2024-03-12T21:29:26.976-0400] {processor.py:183} INFO - Processing /home/ironbong_jr/mlops/project/project/lib/python3.10/site-packages/airflow/example_dags/example_setup_teardown_taskflow.py took 0.244 seconds
[2024-03-12T21:30:55.477-0400] {processor.py:161} INFO - Started process (PID=409501) to work on /home/ironbong_jr/mlops/project/project/lib/python3.10/site-packages/airflow/example_dags/example_setup_teardown_taskflow.py
[2024-03-12T21:30:55.528-0400] {processor.py:830} INFO - Processing file /home/ironbong_jr/mlops/project/project/lib/python3.10/site-packages/airflow/example_dags/example_setup_teardown_taskflow.py for tasks to queue
[2024-03-12T21:30:55.531-0400] {logging_mixin.py:188} INFO - [2024-03-12T21:30:55.530-0400] {dagbag.py:540} INFO - Filling up the DagBag from /home/ironbong_jr/mlops/project/project/lib/python3.10/site-packages/airflow/example_dags/example_setup_teardown_taskflow.py
[2024-03-12T21:30:55.552-0400] {processor.py:840} INFO - DAG(s) 'example_setup_teardown_taskflow' retrieved from /home/ironbong_jr/mlops/project/project/lib/python3.10/site-packages/airflow/example_dags/example_setup_teardown_taskflow.py
[2024-03-12T21:30:55.591-0400] {logging_mixin.py:188} INFO - [2024-03-12T21:30:55.591-0400] {dag.py:3047} INFO - Sync 1 DAGs
[2024-03-12T21:30:55.677-0400] {logging_mixin.py:188} INFO - [2024-03-12T21:30:55.677-0400] {dag.py:3834} INFO - Setting next_dagrun for example_setup_teardown_taskflow to 2024-03-12 00:00:00+00:00, run_after=2024-03-13 00:00:00+00:00
[2024-03-12T21:30:55.764-0400] {processor.py:183} INFO - Processing /home/ironbong_jr/mlops/project/project/lib/python3.10/site-packages/airflow/example_dags/example_setup_teardown_taskflow.py took 0.305 seconds
[2024-03-12T21:32:34.871-0400] {processor.py:161} INFO - Started process (PID=410005) to work on /home/ironbong_jr/mlops/project/project/lib/python3.10/site-packages/airflow/example_dags/example_setup_teardown_taskflow.py
[2024-03-12T21:32:34.917-0400] {processor.py:830} INFO - Processing file /home/ironbong_jr/mlops/project/project/lib/python3.10/site-packages/airflow/example_dags/example_setup_teardown_taskflow.py for tasks to queue
[2024-03-12T21:32:34.920-0400] {logging_mixin.py:188} INFO - [2024-03-12T21:32:34.918-0400] {dagbag.py:540} INFO - Filling up the DagBag from /home/ironbong_jr/mlops/project/project/lib/python3.10/site-packages/airflow/example_dags/example_setup_teardown_taskflow.py
[2024-03-12T21:32:34.949-0400] {processor.py:840} INFO - DAG(s) 'example_setup_teardown_taskflow' retrieved from /home/ironbong_jr/mlops/project/project/lib/python3.10/site-packages/airflow/example_dags/example_setup_teardown_taskflow.py
[2024-03-12T21:32:34.994-0400] {logging_mixin.py:188} INFO - [2024-03-12T21:32:34.993-0400] {dag.py:3047} INFO - Sync 1 DAGs
[2024-03-12T21:32:35.055-0400] {logging_mixin.py:188} INFO - [2024-03-12T21:32:35.054-0400] {dag.py:3834} INFO - Setting next_dagrun for example_setup_teardown_taskflow to 2024-03-12 00:00:00+00:00, run_after=2024-03-13 00:00:00+00:00
[2024-03-12T21:32:35.129-0400] {processor.py:183} INFO - Processing /home/ironbong_jr/mlops/project/project/lib/python3.10/site-packages/airflow/example_dags/example_setup_teardown_taskflow.py took 0.264 seconds
[2024-03-12T21:34:14.940-0400] {processor.py:161} INFO - Started process (PID=410533) to work on /home/ironbong_jr/mlops/project/project/lib/python3.10/site-packages/airflow/example_dags/example_setup_teardown_taskflow.py
[2024-03-12T21:34:14.943-0400] {processor.py:830} INFO - Processing file /home/ironbong_jr/mlops/project/project/lib/python3.10/site-packages/airflow/example_dags/example_setup_teardown_taskflow.py for tasks to queue
[2024-03-12T21:34:14.958-0400] {logging_mixin.py:188} INFO - [2024-03-12T21:34:14.956-0400] {dagbag.py:540} INFO - Filling up the DagBag from /home/ironbong_jr/mlops/project/project/lib/python3.10/site-packages/airflow/example_dags/example_setup_teardown_taskflow.py
[2024-03-12T21:34:15.000-0400] {processor.py:840} INFO - DAG(s) 'example_setup_teardown_taskflow' retrieved from /home/ironbong_jr/mlops/project/project/lib/python3.10/site-packages/airflow/example_dags/example_setup_teardown_taskflow.py
[2024-03-12T21:34:15.046-0400] {logging_mixin.py:188} INFO - [2024-03-12T21:34:15.046-0400] {dag.py:3047} INFO - Sync 1 DAGs
[2024-03-12T21:34:15.084-0400] {logging_mixin.py:188} INFO - [2024-03-12T21:34:15.084-0400] {dag.py:3834} INFO - Setting next_dagrun for example_setup_teardown_taskflow to 2024-03-12 00:00:00+00:00, run_after=2024-03-13 00:00:00+00:00
[2024-03-12T21:34:15.180-0400] {processor.py:183} INFO - Processing /home/ironbong_jr/mlops/project/project/lib/python3.10/site-packages/airflow/example_dags/example_setup_teardown_taskflow.py took 0.250 seconds
[2024-03-12T23:26:04.932-0400] {processor.py:161} INFO - Started process (PID=417663) to work on /home/ironbong_jr/mlops/project/project/lib/python3.10/site-packages/airflow/example_dags/example_setup_teardown_taskflow.py
[2024-03-12T23:26:04.983-0400] {processor.py:830} INFO - Processing file /home/ironbong_jr/mlops/project/project/lib/python3.10/site-packages/airflow/example_dags/example_setup_teardown_taskflow.py for tasks to queue
[2024-03-12T23:26:04.986-0400] {logging_mixin.py:188} INFO - [2024-03-12T23:26:04.985-0400] {dagbag.py:540} INFO - Filling up the DagBag from /home/ironbong_jr/mlops/project/project/lib/python3.10/site-packages/airflow/example_dags/example_setup_teardown_taskflow.py
[2024-03-12T23:26:05.009-0400] {processor.py:840} INFO - DAG(s) 'example_setup_teardown_taskflow' retrieved from /home/ironbong_jr/mlops/project/project/lib/python3.10/site-packages/airflow/example_dags/example_setup_teardown_taskflow.py
[2024-03-12T23:26:05.492-0400] {logging_mixin.py:188} INFO - [2024-03-12T23:26:05.491-0400] {dag.py:3047} INFO - Sync 1 DAGs
[2024-03-12T23:26:05.520-0400] {logging_mixin.py:188} INFO - [2024-03-12T23:26:05.519-0400] {dag.py:3834} INFO - Setting next_dagrun for example_setup_teardown_taskflow to 2024-03-12 00:00:00+00:00, run_after=2024-03-13 00:00:00+00:00
[2024-03-12T23:26:05.620-0400] {processor.py:183} INFO - Processing /home/ironbong_jr/mlops/project/project/lib/python3.10/site-packages/airflow/example_dags/example_setup_teardown_taskflow.py took 0.695 seconds
[2024-03-12T23:29:23.457-0400] {processor.py:161} INFO - Started process (PID=418463) to work on /home/ironbong_jr/mlops/project/project/lib/python3.10/site-packages/airflow/example_dags/example_setup_teardown_taskflow.py
[2024-03-12T23:29:23.508-0400] {processor.py:830} INFO - Processing file /home/ironbong_jr/mlops/project/project/lib/python3.10/site-packages/airflow/example_dags/example_setup_teardown_taskflow.py for tasks to queue
[2024-03-12T23:29:23.511-0400] {logging_mixin.py:188} INFO - [2024-03-12T23:29:23.510-0400] {dagbag.py:540} INFO - Filling up the DagBag from /home/ironbong_jr/mlops/project/project/lib/python3.10/site-packages/airflow/example_dags/example_setup_teardown_taskflow.py
[2024-03-12T23:29:23.528-0400] {processor.py:840} INFO - DAG(s) 'example_setup_teardown_taskflow' retrieved from /home/ironbong_jr/mlops/project/project/lib/python3.10/site-packages/airflow/example_dags/example_setup_teardown_taskflow.py
[2024-03-12T23:29:23.569-0400] {logging_mixin.py:188} INFO - [2024-03-12T23:29:23.569-0400] {dag.py:3047} INFO - Sync 1 DAGs
[2024-03-12T23:29:23.603-0400] {logging_mixin.py:188} INFO - [2024-03-12T23:29:23.602-0400] {dag.py:3834} INFO - Setting next_dagrun for example_setup_teardown_taskflow to 2024-03-12 00:00:00+00:00, run_after=2024-03-13 00:00:00+00:00
[2024-03-12T23:29:23.656-0400] {processor.py:183} INFO - Processing /home/ironbong_jr/mlops/project/project/lib/python3.10/site-packages/airflow/example_dags/example_setup_teardown_taskflow.py took 0.207 seconds
[2024-03-12T23:30:46.198-0400] {processor.py:161} INFO - Started process (PID=418804) to work on /home/ironbong_jr/mlops/project/project/lib/python3.10/site-packages/airflow/example_dags/example_setup_teardown_taskflow.py
[2024-03-12T23:30:46.210-0400] {processor.py:830} INFO - Processing file /home/ironbong_jr/mlops/project/project/lib/python3.10/site-packages/airflow/example_dags/example_setup_teardown_taskflow.py for tasks to queue
[2024-03-12T23:30:46.213-0400] {logging_mixin.py:188} INFO - [2024-03-12T23:30:46.212-0400] {dagbag.py:540} INFO - Filling up the DagBag from /home/ironbong_jr/mlops/project/project/lib/python3.10/site-packages/airflow/example_dags/example_setup_teardown_taskflow.py
[2024-03-12T23:30:46.247-0400] {processor.py:840} INFO - DAG(s) 'example_setup_teardown_taskflow' retrieved from /home/ironbong_jr/mlops/project/project/lib/python3.10/site-packages/airflow/example_dags/example_setup_teardown_taskflow.py
[2024-03-12T23:30:46.298-0400] {logging_mixin.py:188} INFO - [2024-03-12T23:30:46.298-0400] {dag.py:3047} INFO - Sync 1 DAGs
[2024-03-12T23:30:46.336-0400] {logging_mixin.py:188} INFO - [2024-03-12T23:30:46.336-0400] {dag.py:3834} INFO - Setting next_dagrun for example_setup_teardown_taskflow to 2024-03-12 00:00:00+00:00, run_after=2024-03-13 00:00:00+00:00
[2024-03-12T23:30:46.391-0400] {processor.py:183} INFO - Processing /home/ironbong_jr/mlops/project/project/lib/python3.10/site-packages/airflow/example_dags/example_setup_teardown_taskflow.py took 0.210 seconds
[2024-03-12T23:41:59.919-0400] {processor.py:161} INFO - Started process (PID=421524) to work on /home/ironbong_jr/mlops/project/project/lib/python3.10/site-packages/airflow/example_dags/example_setup_teardown_taskflow.py
[2024-03-12T23:41:59.922-0400] {processor.py:830} INFO - Processing file /home/ironbong_jr/mlops/project/project/lib/python3.10/site-packages/airflow/example_dags/example_setup_teardown_taskflow.py for tasks to queue
[2024-03-12T23:41:59.924-0400] {logging_mixin.py:188} INFO - [2024-03-12T23:41:59.924-0400] {dagbag.py:540} INFO - Filling up the DagBag from /home/ironbong_jr/mlops/project/project/lib/python3.10/site-packages/airflow/example_dags/example_setup_teardown_taskflow.py
[2024-03-12T23:41:59.949-0400] {processor.py:840} INFO - DAG(s) 'example_setup_teardown_taskflow' retrieved from /home/ironbong_jr/mlops/project/project/lib/python3.10/site-packages/airflow/example_dags/example_setup_teardown_taskflow.py
[2024-03-12T23:42:00.431-0400] {logging_mixin.py:188} INFO - [2024-03-12T23:42:00.430-0400] {dag.py:3047} INFO - Sync 1 DAGs
[2024-03-12T23:42:00.476-0400] {logging_mixin.py:188} INFO - [2024-03-12T23:42:00.475-0400] {dag.py:3834} INFO - Setting next_dagrun for example_setup_teardown_taskflow to 2024-03-12 00:00:00+00:00, run_after=2024-03-13 00:00:00+00:00
[2024-03-12T23:42:00.579-0400] {processor.py:183} INFO - Processing /home/ironbong_jr/mlops/project/project/lib/python3.10/site-packages/airflow/example_dags/example_setup_teardown_taskflow.py took 0.667 seconds
[2024-03-12T23:43:35.278-0400] {processor.py:161} INFO - Started process (PID=421903) to work on /home/ironbong_jr/mlops/project/project/lib/python3.10/site-packages/airflow/example_dags/example_setup_teardown_taskflow.py
[2024-03-12T23:43:35.330-0400] {processor.py:830} INFO - Processing file /home/ironbong_jr/mlops/project/project/lib/python3.10/site-packages/airflow/example_dags/example_setup_teardown_taskflow.py for tasks to queue
[2024-03-12T23:43:35.333-0400] {logging_mixin.py:188} INFO - [2024-03-12T23:43:35.332-0400] {dagbag.py:540} INFO - Filling up the DagBag from /home/ironbong_jr/mlops/project/project/lib/python3.10/site-packages/airflow/example_dags/example_setup_teardown_taskflow.py
[2024-03-12T23:43:35.356-0400] {processor.py:840} INFO - DAG(s) 'example_setup_teardown_taskflow' retrieved from /home/ironbong_jr/mlops/project/project/lib/python3.10/site-packages/airflow/example_dags/example_setup_teardown_taskflow.py
[2024-03-12T23:43:35.383-0400] {logging_mixin.py:188} INFO - [2024-03-12T23:43:35.382-0400] {dag.py:3047} INFO - Sync 1 DAGs
[2024-03-12T23:43:35.608-0400] {logging_mixin.py:188} INFO - [2024-03-12T23:43:35.608-0400] {dag.py:3834} INFO - Setting next_dagrun for example_setup_teardown_taskflow to 2024-03-12 00:00:00+00:00, run_after=2024-03-13 00:00:00+00:00
[2024-03-12T23:43:35.710-0400] {processor.py:183} INFO - Processing /home/ironbong_jr/mlops/project/project/lib/python3.10/site-packages/airflow/example_dags/example_setup_teardown_taskflow.py took 0.437 seconds
[2024-03-12T23:45:23.528-0400] {processor.py:161} INFO - Started process (PID=422492) to work on /home/ironbong_jr/mlops/project/project/lib/python3.10/site-packages/airflow/example_dags/example_setup_teardown_taskflow.py
[2024-03-12T23:45:23.531-0400] {processor.py:830} INFO - Processing file /home/ironbong_jr/mlops/project/project/lib/python3.10/site-packages/airflow/example_dags/example_setup_teardown_taskflow.py for tasks to queue
[2024-03-12T23:45:23.532-0400] {logging_mixin.py:188} INFO - [2024-03-12T23:45:23.531-0400] {dagbag.py:540} INFO - Filling up the DagBag from /home/ironbong_jr/mlops/project/project/lib/python3.10/site-packages/airflow/example_dags/example_setup_teardown_taskflow.py
[2024-03-12T23:45:23.549-0400] {processor.py:840} INFO - DAG(s) 'example_setup_teardown_taskflow' retrieved from /home/ironbong_jr/mlops/project/project/lib/python3.10/site-packages/airflow/example_dags/example_setup_teardown_taskflow.py
[2024-03-12T23:45:23.569-0400] {logging_mixin.py:188} INFO - [2024-03-12T23:45:23.569-0400] {dag.py:3047} INFO - Sync 1 DAGs
[2024-03-12T23:45:23.593-0400] {logging_mixin.py:188} INFO - [2024-03-12T23:45:23.592-0400] {dag.py:3834} INFO - Setting next_dagrun for example_setup_teardown_taskflow to 2024-03-12 00:00:00+00:00, run_after=2024-03-13 00:00:00+00:00
[2024-03-12T23:45:23.625-0400] {processor.py:183} INFO - Processing /home/ironbong_jr/mlops/project/project/lib/python3.10/site-packages/airflow/example_dags/example_setup_teardown_taskflow.py took 0.104 seconds
[2024-03-12T23:47:22.004-0400] {processor.py:161} INFO - Started process (PID=423081) to work on /home/ironbong_jr/mlops/project/project/lib/python3.10/site-packages/airflow/example_dags/example_setup_teardown_taskflow.py
[2024-03-12T23:47:22.051-0400] {processor.py:830} INFO - Processing file /home/ironbong_jr/mlops/project/project/lib/python3.10/site-packages/airflow/example_dags/example_setup_teardown_taskflow.py for tasks to queue
[2024-03-12T23:47:22.053-0400] {logging_mixin.py:188} INFO - [2024-03-12T23:47:22.052-0400] {dagbag.py:540} INFO - Filling up the DagBag from /home/ironbong_jr/mlops/project/project/lib/python3.10/site-packages/airflow/example_dags/example_setup_teardown_taskflow.py
[2024-03-12T23:47:22.074-0400] {processor.py:840} INFO - DAG(s) 'example_setup_teardown_taskflow' retrieved from /home/ironbong_jr/mlops/project/project/lib/python3.10/site-packages/airflow/example_dags/example_setup_teardown_taskflow.py
[2024-03-12T23:47:22.103-0400] {logging_mixin.py:188} INFO - [2024-03-12T23:47:22.102-0400] {dag.py:3047} INFO - Sync 1 DAGs
[2024-03-12T23:47:22.139-0400] {logging_mixin.py:188} INFO - [2024-03-12T23:47:22.138-0400] {dag.py:3834} INFO - Setting next_dagrun for example_setup_teardown_taskflow to 2024-03-12 00:00:00+00:00, run_after=2024-03-13 00:00:00+00:00
[2024-03-12T23:47:22.257-0400] {processor.py:183} INFO - Processing /home/ironbong_jr/mlops/project/project/lib/python3.10/site-packages/airflow/example_dags/example_setup_teardown_taskflow.py took 0.264 seconds
[2024-03-12T23:49:09.668-0400] {processor.py:161} INFO - Started process (PID=423548) to work on /home/ironbong_jr/mlops/project/project/lib/python3.10/site-packages/airflow/example_dags/example_setup_teardown_taskflow.py
[2024-03-12T23:49:09.714-0400] {processor.py:830} INFO - Processing file /home/ironbong_jr/mlops/project/project/lib/python3.10/site-packages/airflow/example_dags/example_setup_teardown_taskflow.py for tasks to queue
[2024-03-12T23:49:09.716-0400] {logging_mixin.py:188} INFO - [2024-03-12T23:49:09.715-0400] {dagbag.py:540} INFO - Filling up the DagBag from /home/ironbong_jr/mlops/project/project/lib/python3.10/site-packages/airflow/example_dags/example_setup_teardown_taskflow.py
[2024-03-12T23:49:09.735-0400] {processor.py:840} INFO - DAG(s) 'example_setup_teardown_taskflow' retrieved from /home/ironbong_jr/mlops/project/project/lib/python3.10/site-packages/airflow/example_dags/example_setup_teardown_taskflow.py
[2024-03-12T23:49:09.764-0400] {logging_mixin.py:188} INFO - [2024-03-12T23:49:09.763-0400] {dag.py:3047} INFO - Sync 1 DAGs
[2024-03-12T23:49:09.789-0400] {logging_mixin.py:188} INFO - [2024-03-12T23:49:09.788-0400] {dag.py:3834} INFO - Setting next_dagrun for example_setup_teardown_taskflow to 2024-03-12 00:00:00+00:00, run_after=2024-03-13 00:00:00+00:00
[2024-03-12T23:49:09.822-0400] {processor.py:183} INFO - Processing /home/ironbong_jr/mlops/project/project/lib/python3.10/site-packages/airflow/example_dags/example_setup_teardown_taskflow.py took 0.161 seconds
[2024-03-12T23:50:36.511-0400] {processor.py:161} INFO - Started process (PID=424019) to work on /home/ironbong_jr/mlops/project/project/lib/python3.10/site-packages/airflow/example_dags/example_setup_teardown_taskflow.py
[2024-03-12T23:50:36.562-0400] {processor.py:830} INFO - Processing file /home/ironbong_jr/mlops/project/project/lib/python3.10/site-packages/airflow/example_dags/example_setup_teardown_taskflow.py for tasks to queue
[2024-03-12T23:50:36.565-0400] {logging_mixin.py:188} INFO - [2024-03-12T23:50:36.564-0400] {dagbag.py:540} INFO - Filling up the DagBag from /home/ironbong_jr/mlops/project/project/lib/python3.10/site-packages/airflow/example_dags/example_setup_teardown_taskflow.py
[2024-03-12T23:50:36.593-0400] {processor.py:840} INFO - DAG(s) 'example_setup_teardown_taskflow' retrieved from /home/ironbong_jr/mlops/project/project/lib/python3.10/site-packages/airflow/example_dags/example_setup_teardown_taskflow.py
[2024-03-12T23:50:36.617-0400] {logging_mixin.py:188} INFO - [2024-03-12T23:50:36.616-0400] {dag.py:3047} INFO - Sync 1 DAGs
[2024-03-12T23:50:36.641-0400] {logging_mixin.py:188} INFO - [2024-03-12T23:50:36.641-0400] {dag.py:3834} INFO - Setting next_dagrun for example_setup_teardown_taskflow to 2024-03-12 00:00:00+00:00, run_after=2024-03-13 00:00:00+00:00
[2024-03-12T23:50:36.675-0400] {processor.py:183} INFO - Processing /home/ironbong_jr/mlops/project/project/lib/python3.10/site-packages/airflow/example_dags/example_setup_teardown_taskflow.py took 0.181 seconds
[2024-03-12T23:52:01.363-0400] {processor.py:161} INFO - Started process (PID=424402) to work on /home/ironbong_jr/mlops/project/project/lib/python3.10/site-packages/airflow/example_dags/example_setup_teardown_taskflow.py
[2024-03-12T23:52:01.414-0400] {processor.py:830} INFO - Processing file /home/ironbong_jr/mlops/project/project/lib/python3.10/site-packages/airflow/example_dags/example_setup_teardown_taskflow.py for tasks to queue
[2024-03-12T23:52:01.416-0400] {logging_mixin.py:188} INFO - [2024-03-12T23:52:01.415-0400] {dagbag.py:540} INFO - Filling up the DagBag from /home/ironbong_jr/mlops/project/project/lib/python3.10/site-packages/airflow/example_dags/example_setup_teardown_taskflow.py
[2024-03-12T23:52:01.438-0400] {processor.py:840} INFO - DAG(s) 'example_setup_teardown_taskflow' retrieved from /home/ironbong_jr/mlops/project/project/lib/python3.10/site-packages/airflow/example_dags/example_setup_teardown_taskflow.py
[2024-03-12T23:52:01.468-0400] {logging_mixin.py:188} INFO - [2024-03-12T23:52:01.467-0400] {dag.py:3047} INFO - Sync 1 DAGs
[2024-03-12T23:52:01.509-0400] {logging_mixin.py:188} INFO - [2024-03-12T23:52:01.508-0400] {dag.py:3834} INFO - Setting next_dagrun for example_setup_teardown_taskflow to 2024-03-12 00:00:00+00:00, run_after=2024-03-13 00:00:00+00:00
[2024-03-12T23:52:01.599-0400] {processor.py:183} INFO - Processing /home/ironbong_jr/mlops/project/project/lib/python3.10/site-packages/airflow/example_dags/example_setup_teardown_taskflow.py took 0.253 seconds
[2024-03-12T23:53:28.431-0400] {processor.py:161} INFO - Started process (PID=424947) to work on /home/ironbong_jr/mlops/project/project/lib/python3.10/site-packages/airflow/example_dags/example_setup_teardown_taskflow.py
[2024-03-12T23:53:28.482-0400] {processor.py:830} INFO - Processing file /home/ironbong_jr/mlops/project/project/lib/python3.10/site-packages/airflow/example_dags/example_setup_teardown_taskflow.py for tasks to queue
[2024-03-12T23:53:28.484-0400] {logging_mixin.py:188} INFO - [2024-03-12T23:53:28.483-0400] {dagbag.py:540} INFO - Filling up the DagBag from /home/ironbong_jr/mlops/project/project/lib/python3.10/site-packages/airflow/example_dags/example_setup_teardown_taskflow.py
[2024-03-12T23:53:28.503-0400] {processor.py:840} INFO - DAG(s) 'example_setup_teardown_taskflow' retrieved from /home/ironbong_jr/mlops/project/project/lib/python3.10/site-packages/airflow/example_dags/example_setup_teardown_taskflow.py
[2024-03-12T23:53:28.534-0400] {logging_mixin.py:188} INFO - [2024-03-12T23:53:28.533-0400] {dag.py:3047} INFO - Sync 1 DAGs
[2024-03-12T23:53:28.572-0400] {logging_mixin.py:188} INFO - [2024-03-12T23:53:28.571-0400] {dag.py:3834} INFO - Setting next_dagrun for example_setup_teardown_taskflow to 2024-03-12 00:00:00+00:00, run_after=2024-03-13 00:00:00+00:00
[2024-03-12T23:53:28.615-0400] {processor.py:183} INFO - Processing /home/ironbong_jr/mlops/project/project/lib/python3.10/site-packages/airflow/example_dags/example_setup_teardown_taskflow.py took 0.192 seconds
[2024-03-12T23:55:05.124-0400] {processor.py:161} INFO - Started process (PID=425369) to work on /home/ironbong_jr/mlops/project/project/lib/python3.10/site-packages/airflow/example_dags/example_setup_teardown_taskflow.py
[2024-03-12T23:55:05.156-0400] {processor.py:830} INFO - Processing file /home/ironbong_jr/mlops/project/project/lib/python3.10/site-packages/airflow/example_dags/example_setup_teardown_taskflow.py for tasks to queue
[2024-03-12T23:55:05.159-0400] {logging_mixin.py:188} INFO - [2024-03-12T23:55:05.158-0400] {dagbag.py:540} INFO - Filling up the DagBag from /home/ironbong_jr/mlops/project/project/lib/python3.10/site-packages/airflow/example_dags/example_setup_teardown_taskflow.py
[2024-03-12T23:55:05.177-0400] {processor.py:840} INFO - DAG(s) 'example_setup_teardown_taskflow' retrieved from /home/ironbong_jr/mlops/project/project/lib/python3.10/site-packages/airflow/example_dags/example_setup_teardown_taskflow.py
[2024-03-12T23:55:05.207-0400] {logging_mixin.py:188} INFO - [2024-03-12T23:55:05.207-0400] {dag.py:3047} INFO - Sync 1 DAGs
[2024-03-12T23:55:05.240-0400] {logging_mixin.py:188} INFO - [2024-03-12T23:55:05.240-0400] {dag.py:3834} INFO - Setting next_dagrun for example_setup_teardown_taskflow to 2024-03-12 00:00:00+00:00, run_after=2024-03-13 00:00:00+00:00
[2024-03-12T23:55:05.280-0400] {processor.py:183} INFO - Processing /home/ironbong_jr/mlops/project/project/lib/python3.10/site-packages/airflow/example_dags/example_setup_teardown_taskflow.py took 0.164 seconds
[2024-03-13T00:29:50.748-0400] {processor.py:161} INFO - Started process (PID=432785) to work on /home/ironbong_jr/mlops/project/project/lib/python3.10/site-packages/airflow/example_dags/example_setup_teardown_taskflow.py
[2024-03-13T00:29:50.751-0400] {processor.py:830} INFO - Processing file /home/ironbong_jr/mlops/project/project/lib/python3.10/site-packages/airflow/example_dags/example_setup_teardown_taskflow.py for tasks to queue
[2024-03-13T00:29:50.753-0400] {logging_mixin.py:188} INFO - [2024-03-13T00:29:50.752-0400] {dagbag.py:540} INFO - Filling up the DagBag from /home/ironbong_jr/mlops/project/project/lib/python3.10/site-packages/airflow/example_dags/example_setup_teardown_taskflow.py
[2024-03-13T00:29:50.776-0400] {processor.py:840} INFO - DAG(s) 'example_setup_teardown_taskflow' retrieved from /home/ironbong_jr/mlops/project/project/lib/python3.10/site-packages/airflow/example_dags/example_setup_teardown_taskflow.py
[2024-03-13T00:29:51.126-0400] {logging_mixin.py:188} INFO - [2024-03-13T00:29:51.126-0400] {dag.py:3047} INFO - Sync 1 DAGs
[2024-03-13T00:29:51.151-0400] {logging_mixin.py:188} INFO - [2024-03-13T00:29:51.150-0400] {dag.py:3834} INFO - Setting next_dagrun for example_setup_teardown_taskflow to 2024-03-12 00:00:00+00:00, run_after=2024-03-13 00:00:00+00:00
[2024-03-13T00:29:51.263-0400] {processor.py:183} INFO - Processing /home/ironbong_jr/mlops/project/project/lib/python3.10/site-packages/airflow/example_dags/example_setup_teardown_taskflow.py took 0.521 seconds
[2024-03-13T00:31:20.115-0400] {processor.py:161} INFO - Started process (PID=433166) to work on /home/ironbong_jr/mlops/project/project/lib/python3.10/site-packages/airflow/example_dags/example_setup_teardown_taskflow.py
[2024-03-13T00:31:20.167-0400] {processor.py:830} INFO - Processing file /home/ironbong_jr/mlops/project/project/lib/python3.10/site-packages/airflow/example_dags/example_setup_teardown_taskflow.py for tasks to queue
[2024-03-13T00:31:20.170-0400] {logging_mixin.py:188} INFO - [2024-03-13T00:31:20.169-0400] {dagbag.py:540} INFO - Filling up the DagBag from /home/ironbong_jr/mlops/project/project/lib/python3.10/site-packages/airflow/example_dags/example_setup_teardown_taskflow.py
[2024-03-13T00:31:20.193-0400] {processor.py:840} INFO - DAG(s) 'example_setup_teardown_taskflow' retrieved from /home/ironbong_jr/mlops/project/project/lib/python3.10/site-packages/airflow/example_dags/example_setup_teardown_taskflow.py
[2024-03-13T00:31:20.233-0400] {logging_mixin.py:188} INFO - [2024-03-13T00:31:20.233-0400] {dag.py:3047} INFO - Sync 1 DAGs
[2024-03-13T00:31:20.281-0400] {logging_mixin.py:188} INFO - [2024-03-13T00:31:20.280-0400] {dag.py:3834} INFO - Setting next_dagrun for example_setup_teardown_taskflow to 2024-03-12 00:00:00+00:00, run_after=2024-03-13 00:00:00+00:00
[2024-03-13T00:31:20.578-0400] {processor.py:183} INFO - Processing /home/ironbong_jr/mlops/project/project/lib/python3.10/site-packages/airflow/example_dags/example_setup_teardown_taskflow.py took 0.472 seconds
[2024-03-13T00:35:42.592-0400] {processor.py:161} INFO - Started process (PID=434280) to work on /home/ironbong_jr/mlops/project/project/lib/python3.10/site-packages/airflow/example_dags/example_setup_teardown_taskflow.py
[2024-03-13T00:35:42.616-0400] {processor.py:830} INFO - Processing file /home/ironbong_jr/mlops/project/project/lib/python3.10/site-packages/airflow/example_dags/example_setup_teardown_taskflow.py for tasks to queue
[2024-03-13T00:35:42.619-0400] {logging_mixin.py:188} INFO - [2024-03-13T00:35:42.618-0400] {dagbag.py:540} INFO - Filling up the DagBag from /home/ironbong_jr/mlops/project/project/lib/python3.10/site-packages/airflow/example_dags/example_setup_teardown_taskflow.py
[2024-03-13T00:35:42.653-0400] {processor.py:840} INFO - DAG(s) 'example_setup_teardown_taskflow' retrieved from /home/ironbong_jr/mlops/project/project/lib/python3.10/site-packages/airflow/example_dags/example_setup_teardown_taskflow.py
[2024-03-13T00:35:42.746-0400] {logging_mixin.py:188} INFO - [2024-03-13T00:35:42.745-0400] {dag.py:3047} INFO - Sync 1 DAGs
[2024-03-13T00:35:42.789-0400] {logging_mixin.py:188} INFO - [2024-03-13T00:35:42.788-0400] {dag.py:3834} INFO - Setting next_dagrun for example_setup_teardown_taskflow to 2024-03-12 00:00:00+00:00, run_after=2024-03-13 00:00:00+00:00
[2024-03-13T00:35:42.841-0400] {processor.py:183} INFO - Processing /home/ironbong_jr/mlops/project/project/lib/python3.10/site-packages/airflow/example_dags/example_setup_teardown_taskflow.py took 0.256 seconds
[2024-03-13T00:36:58.277-0400] {processor.py:161} INFO - Started process (PID=434612) to work on /home/ironbong_jr/mlops/project/project/lib/python3.10/site-packages/airflow/example_dags/example_setup_teardown_taskflow.py
[2024-03-13T00:36:58.329-0400] {processor.py:830} INFO - Processing file /home/ironbong_jr/mlops/project/project/lib/python3.10/site-packages/airflow/example_dags/example_setup_teardown_taskflow.py for tasks to queue
[2024-03-13T00:36:58.331-0400] {logging_mixin.py:188} INFO - [2024-03-13T00:36:58.330-0400] {dagbag.py:540} INFO - Filling up the DagBag from /home/ironbong_jr/mlops/project/project/lib/python3.10/site-packages/airflow/example_dags/example_setup_teardown_taskflow.py
[2024-03-13T00:36:58.358-0400] {processor.py:840} INFO - DAG(s) 'example_setup_teardown_taskflow' retrieved from /home/ironbong_jr/mlops/project/project/lib/python3.10/site-packages/airflow/example_dags/example_setup_teardown_taskflow.py
[2024-03-13T00:36:58.410-0400] {logging_mixin.py:188} INFO - [2024-03-13T00:36:58.409-0400] {dag.py:3047} INFO - Sync 1 DAGs
[2024-03-13T00:36:58.449-0400] {logging_mixin.py:188} INFO - [2024-03-13T00:36:58.449-0400] {dag.py:3834} INFO - Setting next_dagrun for example_setup_teardown_taskflow to 2024-03-12 00:00:00+00:00, run_after=2024-03-13 00:00:00+00:00
[2024-03-13T00:36:58.489-0400] {processor.py:183} INFO - Processing /home/ironbong_jr/mlops/project/project/lib/python3.10/site-packages/airflow/example_dags/example_setup_teardown_taskflow.py took 0.218 seconds
[2024-03-13T00:39:07.649-0400] {processor.py:161} INFO - Started process (PID=435239) to work on /home/ironbong_jr/mlops/project/project/lib/python3.10/site-packages/airflow/example_dags/example_setup_teardown_taskflow.py
[2024-03-13T00:39:07.652-0400] {processor.py:830} INFO - Processing file /home/ironbong_jr/mlops/project/project/lib/python3.10/site-packages/airflow/example_dags/example_setup_teardown_taskflow.py for tasks to queue
[2024-03-13T00:39:07.655-0400] {logging_mixin.py:188} INFO - [2024-03-13T00:39:07.654-0400] {dagbag.py:540} INFO - Filling up the DagBag from /home/ironbong_jr/mlops/project/project/lib/python3.10/site-packages/airflow/example_dags/example_setup_teardown_taskflow.py
[2024-03-13T00:39:07.676-0400] {processor.py:840} INFO - DAG(s) 'example_setup_teardown_taskflow' retrieved from /home/ironbong_jr/mlops/project/project/lib/python3.10/site-packages/airflow/example_dags/example_setup_teardown_taskflow.py
[2024-03-13T00:39:07.716-0400] {logging_mixin.py:188} INFO - [2024-03-13T00:39:07.716-0400] {dag.py:3047} INFO - Sync 1 DAGs
[2024-03-13T00:39:07.744-0400] {logging_mixin.py:188} INFO - [2024-03-13T00:39:07.744-0400] {dag.py:3834} INFO - Setting next_dagrun for example_setup_teardown_taskflow to 2024-03-12 00:00:00+00:00, run_after=2024-03-13 00:00:00+00:00
[2024-03-13T00:39:07.847-0400] {processor.py:183} INFO - Processing /home/ironbong_jr/mlops/project/project/lib/python3.10/site-packages/airflow/example_dags/example_setup_teardown_taskflow.py took 0.210 seconds
[2024-03-13T00:40:43.890-0400] {processor.py:161} INFO - Started process (PID=435671) to work on /home/ironbong_jr/mlops/project/project/lib/python3.10/site-packages/airflow/example_dags/example_setup_teardown_taskflow.py
[2024-03-13T00:40:43.921-0400] {processor.py:830} INFO - Processing file /home/ironbong_jr/mlops/project/project/lib/python3.10/site-packages/airflow/example_dags/example_setup_teardown_taskflow.py for tasks to queue
[2024-03-13T00:40:43.923-0400] {logging_mixin.py:188} INFO - [2024-03-13T00:40:43.922-0400] {dagbag.py:540} INFO - Filling up the DagBag from /home/ironbong_jr/mlops/project/project/lib/python3.10/site-packages/airflow/example_dags/example_setup_teardown_taskflow.py
[2024-03-13T00:40:43.941-0400] {processor.py:840} INFO - DAG(s) 'example_setup_teardown_taskflow' retrieved from /home/ironbong_jr/mlops/project/project/lib/python3.10/site-packages/airflow/example_dags/example_setup_teardown_taskflow.py
[2024-03-13T00:40:43.974-0400] {logging_mixin.py:188} INFO - [2024-03-13T00:40:43.973-0400] {dag.py:3047} INFO - Sync 1 DAGs
[2024-03-13T00:40:43.997-0400] {logging_mixin.py:188} INFO - [2024-03-13T00:40:43.997-0400] {dag.py:3834} INFO - Setting next_dagrun for example_setup_teardown_taskflow to 2024-03-12 00:00:00+00:00, run_after=2024-03-13 00:00:00+00:00
[2024-03-13T00:40:44.044-0400] {processor.py:183} INFO - Processing /home/ironbong_jr/mlops/project/project/lib/python3.10/site-packages/airflow/example_dags/example_setup_teardown_taskflow.py took 0.160 seconds
[2024-03-13T00:44:00.203-0400] {processor.py:161} INFO - Started process (PID=436583) to work on /home/ironbong_jr/mlops/project/project/lib/python3.10/site-packages/airflow/example_dags/example_setup_teardown_taskflow.py
[2024-03-13T00:44:00.254-0400] {processor.py:830} INFO - Processing file /home/ironbong_jr/mlops/project/project/lib/python3.10/site-packages/airflow/example_dags/example_setup_teardown_taskflow.py for tasks to queue
[2024-03-13T00:44:00.259-0400] {logging_mixin.py:188} INFO - [2024-03-13T00:44:00.257-0400] {dagbag.py:540} INFO - Filling up the DagBag from /home/ironbong_jr/mlops/project/project/lib/python3.10/site-packages/airflow/example_dags/example_setup_teardown_taskflow.py
[2024-03-13T00:44:00.288-0400] {processor.py:840} INFO - DAG(s) 'example_setup_teardown_taskflow' retrieved from /home/ironbong_jr/mlops/project/project/lib/python3.10/site-packages/airflow/example_dags/example_setup_teardown_taskflow.py
[2024-03-13T00:44:00.350-0400] {logging_mixin.py:188} INFO - [2024-03-13T00:44:00.349-0400] {dag.py:3047} INFO - Sync 1 DAGs
[2024-03-13T00:44:00.386-0400] {logging_mixin.py:188} INFO - [2024-03-13T00:44:00.386-0400] {dag.py:3834} INFO - Setting next_dagrun for example_setup_teardown_taskflow to 2024-03-12 00:00:00+00:00, run_after=2024-03-13 00:00:00+00:00
[2024-03-13T00:44:00.436-0400] {processor.py:183} INFO - Processing /home/ironbong_jr/mlops/project/project/lib/python3.10/site-packages/airflow/example_dags/example_setup_teardown_taskflow.py took 0.237 seconds
[2024-03-13T00:45:20.327-0400] {processor.py:161} INFO - Started process (PID=436931) to work on /home/ironbong_jr/mlops/project/project/lib/python3.10/site-packages/airflow/example_dags/example_setup_teardown_taskflow.py
[2024-03-13T00:45:20.375-0400] {processor.py:830} INFO - Processing file /home/ironbong_jr/mlops/project/project/lib/python3.10/site-packages/airflow/example_dags/example_setup_teardown_taskflow.py for tasks to queue
[2024-03-13T00:45:20.379-0400] {logging_mixin.py:188} INFO - [2024-03-13T00:45:20.377-0400] {dagbag.py:540} INFO - Filling up the DagBag from /home/ironbong_jr/mlops/project/project/lib/python3.10/site-packages/airflow/example_dags/example_setup_teardown_taskflow.py
[2024-03-13T00:45:20.398-0400] {processor.py:840} INFO - DAG(s) 'example_setup_teardown_taskflow' retrieved from /home/ironbong_jr/mlops/project/project/lib/python3.10/site-packages/airflow/example_dags/example_setup_teardown_taskflow.py
[2024-03-13T00:45:20.424-0400] {logging_mixin.py:188} INFO - [2024-03-13T00:45:20.424-0400] {dag.py:3047} INFO - Sync 1 DAGs
[2024-03-13T00:45:20.445-0400] {logging_mixin.py:188} INFO - [2024-03-13T00:45:20.445-0400] {dag.py:3834} INFO - Setting next_dagrun for example_setup_teardown_taskflow to 2024-03-12 00:00:00+00:00, run_after=2024-03-13 00:00:00+00:00
[2024-03-13T00:45:20.484-0400] {processor.py:183} INFO - Processing /home/ironbong_jr/mlops/project/project/lib/python3.10/site-packages/airflow/example_dags/example_setup_teardown_taskflow.py took 0.162 seconds
[2024-03-13T15:49:07.932-0400] {processor.py:161} INFO - Started process (PID=453709) to work on /home/ironbong_jr/mlops/project/project/lib/python3.10/site-packages/airflow/example_dags/example_setup_teardown_taskflow.py
[2024-03-13T15:49:07.934-0400] {processor.py:830} INFO - Processing file /home/ironbong_jr/mlops/project/project/lib/python3.10/site-packages/airflow/example_dags/example_setup_teardown_taskflow.py for tasks to queue
[2024-03-13T15:49:07.935-0400] {logging_mixin.py:188} INFO - [2024-03-13T15:49:07.935-0400] {dagbag.py:540} INFO - Filling up the DagBag from /home/ironbong_jr/mlops/project/project/lib/python3.10/site-packages/airflow/example_dags/example_setup_teardown_taskflow.py
[2024-03-13T15:49:07.943-0400] {processor.py:840} INFO - DAG(s) 'example_setup_teardown_taskflow' retrieved from /home/ironbong_jr/mlops/project/project/lib/python3.10/site-packages/airflow/example_dags/example_setup_teardown_taskflow.py
[2024-03-13T15:49:07.948-0400] {logging_mixin.py:188} INFO - [2024-03-13T15:49:07.948-0400] {dag.py:3047} INFO - Sync 1 DAGs
[2024-03-13T15:49:07.960-0400] {logging_mixin.py:188} INFO - [2024-03-13T15:49:07.959-0400] {dag.py:3834} INFO - Setting next_dagrun for example_setup_teardown_taskflow to 2024-03-12 00:00:00+00:00, run_after=2024-03-13 00:00:00+00:00
[2024-03-13T15:49:07.981-0400] {processor.py:183} INFO - Processing /home/ironbong_jr/mlops/project/project/lib/python3.10/site-packages/airflow/example_dags/example_setup_teardown_taskflow.py took 0.051 seconds
[2024-03-13T15:50:08.690-0400] {processor.py:161} INFO - Started process (PID=454018) to work on /home/ironbong_jr/mlops/project/project/lib/python3.10/site-packages/airflow/example_dags/example_setup_teardown_taskflow.py
[2024-03-13T15:50:08.692-0400] {processor.py:830} INFO - Processing file /home/ironbong_jr/mlops/project/project/lib/python3.10/site-packages/airflow/example_dags/example_setup_teardown_taskflow.py for tasks to queue
[2024-03-13T15:50:08.692-0400] {logging_mixin.py:188} INFO - [2024-03-13T15:50:08.692-0400] {dagbag.py:540} INFO - Filling up the DagBag from /home/ironbong_jr/mlops/project/project/lib/python3.10/site-packages/airflow/example_dags/example_setup_teardown_taskflow.py
[2024-03-13T15:50:08.702-0400] {processor.py:840} INFO - DAG(s) 'example_setup_teardown_taskflow' retrieved from /home/ironbong_jr/mlops/project/project/lib/python3.10/site-packages/airflow/example_dags/example_setup_teardown_taskflow.py
[2024-03-13T15:50:08.876-0400] {logging_mixin.py:188} INFO - [2024-03-13T15:50:08.876-0400] {dag.py:3047} INFO - Sync 1 DAGs
[2024-03-13T15:50:08.890-0400] {logging_mixin.py:188} INFO - [2024-03-13T15:50:08.889-0400] {dag.py:3834} INFO - Setting next_dagrun for example_setup_teardown_taskflow to 2024-03-12 00:00:00+00:00, run_after=2024-03-13 00:00:00+00:00
[2024-03-13T15:50:08.913-0400] {processor.py:183} INFO - Processing /home/ironbong_jr/mlops/project/project/lib/python3.10/site-packages/airflow/example_dags/example_setup_teardown_taskflow.py took 0.225 seconds
[2024-03-13T15:51:19.018-0400] {processor.py:161} INFO - Started process (PID=454449) to work on /home/ironbong_jr/mlops/project/project/lib/python3.10/site-packages/airflow/example_dags/example_setup_teardown_taskflow.py
[2024-03-13T15:51:19.020-0400] {processor.py:830} INFO - Processing file /home/ironbong_jr/mlops/project/project/lib/python3.10/site-packages/airflow/example_dags/example_setup_teardown_taskflow.py for tasks to queue
[2024-03-13T15:51:19.020-0400] {logging_mixin.py:188} INFO - [2024-03-13T15:51:19.020-0400] {dagbag.py:540} INFO - Filling up the DagBag from /home/ironbong_jr/mlops/project/project/lib/python3.10/site-packages/airflow/example_dags/example_setup_teardown_taskflow.py
[2024-03-13T15:51:19.029-0400] {processor.py:840} INFO - DAG(s) 'example_setup_teardown_taskflow' retrieved from /home/ironbong_jr/mlops/project/project/lib/python3.10/site-packages/airflow/example_dags/example_setup_teardown_taskflow.py
[2024-03-13T15:51:19.110-0400] {logging_mixin.py:188} INFO - [2024-03-13T15:51:19.110-0400] {dag.py:3047} INFO - Sync 1 DAGs
[2024-03-13T15:51:19.119-0400] {logging_mixin.py:188} INFO - [2024-03-13T15:51:19.119-0400] {dag.py:3834} INFO - Setting next_dagrun for example_setup_teardown_taskflow to 2024-03-12 00:00:00+00:00, run_after=2024-03-13 00:00:00+00:00
[2024-03-13T15:51:19.141-0400] {processor.py:183} INFO - Processing /home/ironbong_jr/mlops/project/project/lib/python3.10/site-packages/airflow/example_dags/example_setup_teardown_taskflow.py took 0.125 seconds
[2024-03-13T15:52:15.550-0400] {processor.py:161} INFO - Started process (PID=454749) to work on /home/ironbong_jr/mlops/project/project/lib/python3.10/site-packages/airflow/example_dags/example_setup_teardown_taskflow.py
[2024-03-13T15:52:15.552-0400] {processor.py:830} INFO - Processing file /home/ironbong_jr/mlops/project/project/lib/python3.10/site-packages/airflow/example_dags/example_setup_teardown_taskflow.py for tasks to queue
[2024-03-13T15:52:15.553-0400] {logging_mixin.py:188} INFO - [2024-03-13T15:52:15.552-0400] {dagbag.py:540} INFO - Filling up the DagBag from /home/ironbong_jr/mlops/project/project/lib/python3.10/site-packages/airflow/example_dags/example_setup_teardown_taskflow.py
[2024-03-13T15:52:15.559-0400] {processor.py:840} INFO - DAG(s) 'example_setup_teardown_taskflow' retrieved from /home/ironbong_jr/mlops/project/project/lib/python3.10/site-packages/airflow/example_dags/example_setup_teardown_taskflow.py
[2024-03-13T15:52:15.570-0400] {logging_mixin.py:188} INFO - [2024-03-13T15:52:15.570-0400] {dag.py:3047} INFO - Sync 1 DAGs
[2024-03-13T15:52:15.583-0400] {logging_mixin.py:188} INFO - [2024-03-13T15:52:15.583-0400] {dag.py:3834} INFO - Setting next_dagrun for example_setup_teardown_taskflow to 2024-03-12 00:00:00+00:00, run_after=2024-03-13 00:00:00+00:00
[2024-03-13T15:52:15.604-0400] {processor.py:183} INFO - Processing /home/ironbong_jr/mlops/project/project/lib/python3.10/site-packages/airflow/example_dags/example_setup_teardown_taskflow.py took 0.056 seconds
[2024-03-13T15:53:07.654-0400] {processor.py:161} INFO - Started process (PID=455033) to work on /home/ironbong_jr/mlops/project/project/lib/python3.10/site-packages/airflow/example_dags/example_setup_teardown_taskflow.py
[2024-03-13T15:53:07.658-0400] {processor.py:830} INFO - Processing file /home/ironbong_jr/mlops/project/project/lib/python3.10/site-packages/airflow/example_dags/example_setup_teardown_taskflow.py for tasks to queue
[2024-03-13T15:53:07.659-0400] {logging_mixin.py:188} INFO - [2024-03-13T15:53:07.658-0400] {dagbag.py:540} INFO - Filling up the DagBag from /home/ironbong_jr/mlops/project/project/lib/python3.10/site-packages/airflow/example_dags/example_setup_teardown_taskflow.py
[2024-03-13T15:53:07.665-0400] {processor.py:840} INFO - DAG(s) 'example_setup_teardown_taskflow' retrieved from /home/ironbong_jr/mlops/project/project/lib/python3.10/site-packages/airflow/example_dags/example_setup_teardown_taskflow.py
[2024-03-13T15:53:07.675-0400] {logging_mixin.py:188} INFO - [2024-03-13T15:53:07.675-0400] {dag.py:3047} INFO - Sync 1 DAGs
[2024-03-13T15:53:07.690-0400] {logging_mixin.py:188} INFO - [2024-03-13T15:53:07.690-0400] {dag.py:3834} INFO - Setting next_dagrun for example_setup_teardown_taskflow to 2024-03-12 00:00:00+00:00, run_after=2024-03-13 00:00:00+00:00
[2024-03-13T15:53:07.712-0400] {processor.py:183} INFO - Processing /home/ironbong_jr/mlops/project/project/lib/python3.10/site-packages/airflow/example_dags/example_setup_teardown_taskflow.py took 0.060 seconds
[2024-03-13T15:54:00.844-0400] {processor.py:161} INFO - Started process (PID=455279) to work on /home/ironbong_jr/mlops/project/project/lib/python3.10/site-packages/airflow/example_dags/example_setup_teardown_taskflow.py
[2024-03-13T15:54:00.847-0400] {processor.py:830} INFO - Processing file /home/ironbong_jr/mlops/project/project/lib/python3.10/site-packages/airflow/example_dags/example_setup_teardown_taskflow.py for tasks to queue
[2024-03-13T15:54:00.848-0400] {logging_mixin.py:188} INFO - [2024-03-13T15:54:00.848-0400] {dagbag.py:540} INFO - Filling up the DagBag from /home/ironbong_jr/mlops/project/project/lib/python3.10/site-packages/airflow/example_dags/example_setup_teardown_taskflow.py
[2024-03-13T15:54:00.856-0400] {processor.py:840} INFO - DAG(s) 'example_setup_teardown_taskflow' retrieved from /home/ironbong_jr/mlops/project/project/lib/python3.10/site-packages/airflow/example_dags/example_setup_teardown_taskflow.py
[2024-03-13T15:54:00.866-0400] {logging_mixin.py:188} INFO - [2024-03-13T15:54:00.866-0400] {dag.py:3047} INFO - Sync 1 DAGs
[2024-03-13T15:54:00.877-0400] {logging_mixin.py:188} INFO - [2024-03-13T15:54:00.877-0400] {dag.py:3834} INFO - Setting next_dagrun for example_setup_teardown_taskflow to 2024-03-12 00:00:00+00:00, run_after=2024-03-13 00:00:00+00:00
[2024-03-13T15:54:00.901-0400] {processor.py:183} INFO - Processing /home/ironbong_jr/mlops/project/project/lib/python3.10/site-packages/airflow/example_dags/example_setup_teardown_taskflow.py took 0.059 seconds
[2024-03-13T15:54:53.630-0400] {processor.py:161} INFO - Started process (PID=455544) to work on /home/ironbong_jr/mlops/project/project/lib/python3.10/site-packages/airflow/example_dags/example_setup_teardown_taskflow.py
[2024-03-13T15:54:53.631-0400] {processor.py:830} INFO - Processing file /home/ironbong_jr/mlops/project/project/lib/python3.10/site-packages/airflow/example_dags/example_setup_teardown_taskflow.py for tasks to queue
[2024-03-13T15:54:53.633-0400] {logging_mixin.py:188} INFO - [2024-03-13T15:54:53.632-0400] {dagbag.py:540} INFO - Filling up the DagBag from /home/ironbong_jr/mlops/project/project/lib/python3.10/site-packages/airflow/example_dags/example_setup_teardown_taskflow.py
[2024-03-13T15:54:53.641-0400] {processor.py:840} INFO - DAG(s) 'example_setup_teardown_taskflow' retrieved from /home/ironbong_jr/mlops/project/project/lib/python3.10/site-packages/airflow/example_dags/example_setup_teardown_taskflow.py
[2024-03-13T15:54:53.654-0400] {logging_mixin.py:188} INFO - [2024-03-13T15:54:53.654-0400] {dag.py:3047} INFO - Sync 1 DAGs
[2024-03-13T15:54:53.668-0400] {logging_mixin.py:188} INFO - [2024-03-13T15:54:53.668-0400] {dag.py:3834} INFO - Setting next_dagrun for example_setup_teardown_taskflow to 2024-03-12 00:00:00+00:00, run_after=2024-03-13 00:00:00+00:00
[2024-03-13T15:54:53.689-0400] {processor.py:183} INFO - Processing /home/ironbong_jr/mlops/project/project/lib/python3.10/site-packages/airflow/example_dags/example_setup_teardown_taskflow.py took 0.062 seconds
[2024-03-13T15:55:45.428-0400] {processor.py:161} INFO - Started process (PID=455814) to work on /home/ironbong_jr/mlops/project/project/lib/python3.10/site-packages/airflow/example_dags/example_setup_teardown_taskflow.py
[2024-03-13T15:55:45.431-0400] {processor.py:830} INFO - Processing file /home/ironbong_jr/mlops/project/project/lib/python3.10/site-packages/airflow/example_dags/example_setup_teardown_taskflow.py for tasks to queue
[2024-03-13T15:55:45.432-0400] {logging_mixin.py:188} INFO - [2024-03-13T15:55:45.432-0400] {dagbag.py:540} INFO - Filling up the DagBag from /home/ironbong_jr/mlops/project/project/lib/python3.10/site-packages/airflow/example_dags/example_setup_teardown_taskflow.py
[2024-03-13T15:55:45.438-0400] {processor.py:840} INFO - DAG(s) 'example_setup_teardown_taskflow' retrieved from /home/ironbong_jr/mlops/project/project/lib/python3.10/site-packages/airflow/example_dags/example_setup_teardown_taskflow.py
[2024-03-13T15:55:45.448-0400] {logging_mixin.py:188} INFO - [2024-03-13T15:55:45.447-0400] {dag.py:3047} INFO - Sync 1 DAGs
[2024-03-13T15:55:45.459-0400] {logging_mixin.py:188} INFO - [2024-03-13T15:55:45.459-0400] {dag.py:3834} INFO - Setting next_dagrun for example_setup_teardown_taskflow to 2024-03-12 00:00:00+00:00, run_after=2024-03-13 00:00:00+00:00
[2024-03-13T15:55:45.480-0400] {processor.py:183} INFO - Processing /home/ironbong_jr/mlops/project/project/lib/python3.10/site-packages/airflow/example_dags/example_setup_teardown_taskflow.py took 0.054 seconds
[2024-03-13T15:56:35.887-0400] {processor.py:161} INFO - Started process (PID=456064) to work on /home/ironbong_jr/mlops/project/project/lib/python3.10/site-packages/airflow/example_dags/example_setup_teardown_taskflow.py
[2024-03-13T15:56:35.890-0400] {processor.py:830} INFO - Processing file /home/ironbong_jr/mlops/project/project/lib/python3.10/site-packages/airflow/example_dags/example_setup_teardown_taskflow.py for tasks to queue
[2024-03-13T15:56:35.891-0400] {logging_mixin.py:188} INFO - [2024-03-13T15:56:35.890-0400] {dagbag.py:540} INFO - Filling up the DagBag from /home/ironbong_jr/mlops/project/project/lib/python3.10/site-packages/airflow/example_dags/example_setup_teardown_taskflow.py
[2024-03-13T15:56:35.897-0400] {processor.py:840} INFO - DAG(s) 'example_setup_teardown_taskflow' retrieved from /home/ironbong_jr/mlops/project/project/lib/python3.10/site-packages/airflow/example_dags/example_setup_teardown_taskflow.py
[2024-03-13T15:56:35.906-0400] {logging_mixin.py:188} INFO - [2024-03-13T15:56:35.906-0400] {dag.py:3047} INFO - Sync 1 DAGs
[2024-03-13T15:56:35.919-0400] {logging_mixin.py:188} INFO - [2024-03-13T15:56:35.918-0400] {dag.py:3834} INFO - Setting next_dagrun for example_setup_teardown_taskflow to 2024-03-12 00:00:00+00:00, run_after=2024-03-13 00:00:00+00:00
[2024-03-13T15:56:35.940-0400] {processor.py:183} INFO - Processing /home/ironbong_jr/mlops/project/project/lib/python3.10/site-packages/airflow/example_dags/example_setup_teardown_taskflow.py took 0.055 seconds
[2024-03-13T15:57:25.199-0400] {processor.py:161} INFO - Started process (PID=456320) to work on /home/ironbong_jr/mlops/project/project/lib/python3.10/site-packages/airflow/example_dags/example_setup_teardown_taskflow.py
[2024-03-13T15:57:25.204-0400] {processor.py:830} INFO - Processing file /home/ironbong_jr/mlops/project/project/lib/python3.10/site-packages/airflow/example_dags/example_setup_teardown_taskflow.py for tasks to queue
[2024-03-13T15:57:25.205-0400] {logging_mixin.py:188} INFO - [2024-03-13T15:57:25.205-0400] {dagbag.py:540} INFO - Filling up the DagBag from /home/ironbong_jr/mlops/project/project/lib/python3.10/site-packages/airflow/example_dags/example_setup_teardown_taskflow.py
[2024-03-13T15:57:25.221-0400] {processor.py:840} INFO - DAG(s) 'example_setup_teardown_taskflow' retrieved from /home/ironbong_jr/mlops/project/project/lib/python3.10/site-packages/airflow/example_dags/example_setup_teardown_taskflow.py
[2024-03-13T15:57:25.241-0400] {logging_mixin.py:188} INFO - [2024-03-13T15:57:25.241-0400] {dag.py:3047} INFO - Sync 1 DAGs
[2024-03-13T15:57:25.259-0400] {logging_mixin.py:188} INFO - [2024-03-13T15:57:25.258-0400] {dag.py:3834} INFO - Setting next_dagrun for example_setup_teardown_taskflow to 2024-03-12 00:00:00+00:00, run_after=2024-03-13 00:00:00+00:00
[2024-03-13T15:57:25.291-0400] {processor.py:183} INFO - Processing /home/ironbong_jr/mlops/project/project/lib/python3.10/site-packages/airflow/example_dags/example_setup_teardown_taskflow.py took 0.095 seconds
[2024-03-13T15:58:17.906-0400] {processor.py:161} INFO - Started process (PID=456638) to work on /home/ironbong_jr/mlops/project/project/lib/python3.10/site-packages/airflow/example_dags/example_setup_teardown_taskflow.py
[2024-03-13T15:58:17.910-0400] {processor.py:830} INFO - Processing file /home/ironbong_jr/mlops/project/project/lib/python3.10/site-packages/airflow/example_dags/example_setup_teardown_taskflow.py for tasks to queue
[2024-03-13T15:58:17.911-0400] {logging_mixin.py:188} INFO - [2024-03-13T15:58:17.911-0400] {dagbag.py:540} INFO - Filling up the DagBag from /home/ironbong_jr/mlops/project/project/lib/python3.10/site-packages/airflow/example_dags/example_setup_teardown_taskflow.py
[2024-03-13T15:58:17.917-0400] {processor.py:840} INFO - DAG(s) 'example_setup_teardown_taskflow' retrieved from /home/ironbong_jr/mlops/project/project/lib/python3.10/site-packages/airflow/example_dags/example_setup_teardown_taskflow.py
[2024-03-13T15:58:17.927-0400] {logging_mixin.py:188} INFO - [2024-03-13T15:58:17.926-0400] {dag.py:3047} INFO - Sync 1 DAGs
[2024-03-13T15:58:17.941-0400] {logging_mixin.py:188} INFO - [2024-03-13T15:58:17.941-0400] {dag.py:3834} INFO - Setting next_dagrun for example_setup_teardown_taskflow to 2024-03-12 00:00:00+00:00, run_after=2024-03-13 00:00:00+00:00
[2024-03-13T15:58:17.962-0400] {processor.py:183} INFO - Processing /home/ironbong_jr/mlops/project/project/lib/python3.10/site-packages/airflow/example_dags/example_setup_teardown_taskflow.py took 0.058 seconds
[2024-03-13T15:59:08.384-0400] {processor.py:161} INFO - Started process (PID=456875) to work on /home/ironbong_jr/mlops/project/project/lib/python3.10/site-packages/airflow/example_dags/example_setup_teardown_taskflow.py
[2024-03-13T15:59:08.388-0400] {processor.py:830} INFO - Processing file /home/ironbong_jr/mlops/project/project/lib/python3.10/site-packages/airflow/example_dags/example_setup_teardown_taskflow.py for tasks to queue
[2024-03-13T15:59:08.389-0400] {logging_mixin.py:188} INFO - [2024-03-13T15:59:08.388-0400] {dagbag.py:540} INFO - Filling up the DagBag from /home/ironbong_jr/mlops/project/project/lib/python3.10/site-packages/airflow/example_dags/example_setup_teardown_taskflow.py
[2024-03-13T15:59:08.398-0400] {processor.py:840} INFO - DAG(s) 'example_setup_teardown_taskflow' retrieved from /home/ironbong_jr/mlops/project/project/lib/python3.10/site-packages/airflow/example_dags/example_setup_teardown_taskflow.py
[2024-03-13T15:59:08.410-0400] {logging_mixin.py:188} INFO - [2024-03-13T15:59:08.410-0400] {dag.py:3047} INFO - Sync 1 DAGs
[2024-03-13T15:59:08.425-0400] {logging_mixin.py:188} INFO - [2024-03-13T15:59:08.425-0400] {dag.py:3834} INFO - Setting next_dagrun for example_setup_teardown_taskflow to 2024-03-12 00:00:00+00:00, run_after=2024-03-13 00:00:00+00:00
[2024-03-13T15:59:08.451-0400] {processor.py:183} INFO - Processing /home/ironbong_jr/mlops/project/project/lib/python3.10/site-packages/airflow/example_dags/example_setup_teardown_taskflow.py took 0.070 seconds
[2024-03-13T16:00:00.314-0400] {processor.py:161} INFO - Started process (PID=457137) to work on /home/ironbong_jr/mlops/project/project/lib/python3.10/site-packages/airflow/example_dags/example_setup_teardown_taskflow.py
[2024-03-13T16:00:00.316-0400] {processor.py:830} INFO - Processing file /home/ironbong_jr/mlops/project/project/lib/python3.10/site-packages/airflow/example_dags/example_setup_teardown_taskflow.py for tasks to queue
[2024-03-13T16:00:00.317-0400] {logging_mixin.py:188} INFO - [2024-03-13T16:00:00.317-0400] {dagbag.py:540} INFO - Filling up the DagBag from /home/ironbong_jr/mlops/project/project/lib/python3.10/site-packages/airflow/example_dags/example_setup_teardown_taskflow.py
[2024-03-13T16:00:00.324-0400] {processor.py:840} INFO - DAG(s) 'example_setup_teardown_taskflow' retrieved from /home/ironbong_jr/mlops/project/project/lib/python3.10/site-packages/airflow/example_dags/example_setup_teardown_taskflow.py
[2024-03-13T16:00:00.340-0400] {logging_mixin.py:188} INFO - [2024-03-13T16:00:00.339-0400] {dag.py:3047} INFO - Sync 1 DAGs
[2024-03-13T16:00:00.351-0400] {logging_mixin.py:188} INFO - [2024-03-13T16:00:00.350-0400] {dag.py:3834} INFO - Setting next_dagrun for example_setup_teardown_taskflow to 2024-03-12 00:00:00+00:00, run_after=2024-03-13 00:00:00+00:00
[2024-03-13T16:00:00.384-0400] {processor.py:183} INFO - Processing /home/ironbong_jr/mlops/project/project/lib/python3.10/site-packages/airflow/example_dags/example_setup_teardown_taskflow.py took 0.071 seconds
[2024-03-13T16:00:50.888-0400] {processor.py:161} INFO - Started process (PID=457387) to work on /home/ironbong_jr/mlops/project/project/lib/python3.10/site-packages/airflow/example_dags/example_setup_teardown_taskflow.py
[2024-03-13T16:00:50.892-0400] {processor.py:830} INFO - Processing file /home/ironbong_jr/mlops/project/project/lib/python3.10/site-packages/airflow/example_dags/example_setup_teardown_taskflow.py for tasks to queue
[2024-03-13T16:00:50.893-0400] {logging_mixin.py:188} INFO - [2024-03-13T16:00:50.893-0400] {dagbag.py:540} INFO - Filling up the DagBag from /home/ironbong_jr/mlops/project/project/lib/python3.10/site-packages/airflow/example_dags/example_setup_teardown_taskflow.py
[2024-03-13T16:00:50.900-0400] {processor.py:840} INFO - DAG(s) 'example_setup_teardown_taskflow' retrieved from /home/ironbong_jr/mlops/project/project/lib/python3.10/site-packages/airflow/example_dags/example_setup_teardown_taskflow.py
[2024-03-13T16:00:50.910-0400] {logging_mixin.py:188} INFO - [2024-03-13T16:00:50.910-0400] {dag.py:3047} INFO - Sync 1 DAGs
[2024-03-13T16:00:50.921-0400] {logging_mixin.py:188} INFO - [2024-03-13T16:00:50.921-0400] {dag.py:3834} INFO - Setting next_dagrun for example_setup_teardown_taskflow to 2024-03-12 00:00:00+00:00, run_after=2024-03-13 00:00:00+00:00
[2024-03-13T16:00:50.942-0400] {processor.py:183} INFO - Processing /home/ironbong_jr/mlops/project/project/lib/python3.10/site-packages/airflow/example_dags/example_setup_teardown_taskflow.py took 0.055 seconds
[2024-03-13T16:01:41.884-0400] {processor.py:161} INFO - Started process (PID=457654) to work on /home/ironbong_jr/mlops/project/project/lib/python3.10/site-packages/airflow/example_dags/example_setup_teardown_taskflow.py
[2024-03-13T16:01:41.886-0400] {processor.py:830} INFO - Processing file /home/ironbong_jr/mlops/project/project/lib/python3.10/site-packages/airflow/example_dags/example_setup_teardown_taskflow.py for tasks to queue
[2024-03-13T16:01:41.887-0400] {logging_mixin.py:188} INFO - [2024-03-13T16:01:41.886-0400] {dagbag.py:540} INFO - Filling up the DagBag from /home/ironbong_jr/mlops/project/project/lib/python3.10/site-packages/airflow/example_dags/example_setup_teardown_taskflow.py
[2024-03-13T16:01:41.894-0400] {processor.py:840} INFO - DAG(s) 'example_setup_teardown_taskflow' retrieved from /home/ironbong_jr/mlops/project/project/lib/python3.10/site-packages/airflow/example_dags/example_setup_teardown_taskflow.py
[2024-03-13T16:01:41.905-0400] {logging_mixin.py:188} INFO - [2024-03-13T16:01:41.904-0400] {dag.py:3047} INFO - Sync 1 DAGs
[2024-03-13T16:01:41.919-0400] {logging_mixin.py:188} INFO - [2024-03-13T16:01:41.918-0400] {dag.py:3834} INFO - Setting next_dagrun for example_setup_teardown_taskflow to 2024-03-12 00:00:00+00:00, run_after=2024-03-13 00:00:00+00:00
[2024-03-13T16:01:41.948-0400] {processor.py:183} INFO - Processing /home/ironbong_jr/mlops/project/project/lib/python3.10/site-packages/airflow/example_dags/example_setup_teardown_taskflow.py took 0.065 seconds
[2024-03-13T16:02:31.868-0400] {processor.py:161} INFO - Started process (PID=457921) to work on /home/ironbong_jr/mlops/project/project/lib/python3.10/site-packages/airflow/example_dags/example_setup_teardown_taskflow.py
[2024-03-13T16:02:31.870-0400] {processor.py:830} INFO - Processing file /home/ironbong_jr/mlops/project/project/lib/python3.10/site-packages/airflow/example_dags/example_setup_teardown_taskflow.py for tasks to queue
[2024-03-13T16:02:31.871-0400] {logging_mixin.py:188} INFO - [2024-03-13T16:02:31.871-0400] {dagbag.py:540} INFO - Filling up the DagBag from /home/ironbong_jr/mlops/project/project/lib/python3.10/site-packages/airflow/example_dags/example_setup_teardown_taskflow.py
[2024-03-13T16:02:31.877-0400] {processor.py:840} INFO - DAG(s) 'example_setup_teardown_taskflow' retrieved from /home/ironbong_jr/mlops/project/project/lib/python3.10/site-packages/airflow/example_dags/example_setup_teardown_taskflow.py
[2024-03-13T16:02:31.891-0400] {logging_mixin.py:188} INFO - [2024-03-13T16:02:31.890-0400] {dag.py:3047} INFO - Sync 1 DAGs
[2024-03-13T16:02:31.906-0400] {logging_mixin.py:188} INFO - [2024-03-13T16:02:31.906-0400] {dag.py:3834} INFO - Setting next_dagrun for example_setup_teardown_taskflow to 2024-03-12 00:00:00+00:00, run_after=2024-03-13 00:00:00+00:00
[2024-03-13T16:02:31.928-0400] {processor.py:183} INFO - Processing /home/ironbong_jr/mlops/project/project/lib/python3.10/site-packages/airflow/example_dags/example_setup_teardown_taskflow.py took 0.062 seconds
[2024-03-13T16:03:21.918-0400] {processor.py:161} INFO - Started process (PID=458185) to work on /home/ironbong_jr/mlops/project/project/lib/python3.10/site-packages/airflow/example_dags/example_setup_teardown_taskflow.py
[2024-03-13T16:03:21.919-0400] {processor.py:830} INFO - Processing file /home/ironbong_jr/mlops/project/project/lib/python3.10/site-packages/airflow/example_dags/example_setup_teardown_taskflow.py for tasks to queue
[2024-03-13T16:03:21.920-0400] {logging_mixin.py:188} INFO - [2024-03-13T16:03:21.920-0400] {dagbag.py:540} INFO - Filling up the DagBag from /home/ironbong_jr/mlops/project/project/lib/python3.10/site-packages/airflow/example_dags/example_setup_teardown_taskflow.py
[2024-03-13T16:03:21.928-0400] {processor.py:840} INFO - DAG(s) 'example_setup_teardown_taskflow' retrieved from /home/ironbong_jr/mlops/project/project/lib/python3.10/site-packages/airflow/example_dags/example_setup_teardown_taskflow.py
[2024-03-13T16:03:21.938-0400] {logging_mixin.py:188} INFO - [2024-03-13T16:03:21.938-0400] {dag.py:3047} INFO - Sync 1 DAGs
[2024-03-13T16:03:21.950-0400] {logging_mixin.py:188} INFO - [2024-03-13T16:03:21.949-0400] {dag.py:3834} INFO - Setting next_dagrun for example_setup_teardown_taskflow to 2024-03-12 00:00:00+00:00, run_after=2024-03-13 00:00:00+00:00
[2024-03-13T16:03:21.971-0400] {processor.py:183} INFO - Processing /home/ironbong_jr/mlops/project/project/lib/python3.10/site-packages/airflow/example_dags/example_setup_teardown_taskflow.py took 0.055 seconds
[2024-03-13T16:04:28.569-0400] {processor.py:161} INFO - Started process (PID=458597) to work on /home/ironbong_jr/mlops/project/project/lib/python3.10/site-packages/airflow/example_dags/example_setup_teardown_taskflow.py
[2024-03-13T16:04:28.573-0400] {processor.py:830} INFO - Processing file /home/ironbong_jr/mlops/project/project/lib/python3.10/site-packages/airflow/example_dags/example_setup_teardown_taskflow.py for tasks to queue
[2024-03-13T16:04:28.574-0400] {logging_mixin.py:188} INFO - [2024-03-13T16:04:28.574-0400] {dagbag.py:540} INFO - Filling up the DagBag from /home/ironbong_jr/mlops/project/project/lib/python3.10/site-packages/airflow/example_dags/example_setup_teardown_taskflow.py
[2024-03-13T16:04:28.583-0400] {processor.py:840} INFO - DAG(s) 'example_setup_teardown_taskflow' retrieved from /home/ironbong_jr/mlops/project/project/lib/python3.10/site-packages/airflow/example_dags/example_setup_teardown_taskflow.py
[2024-03-13T16:04:28.598-0400] {logging_mixin.py:188} INFO - [2024-03-13T16:04:28.597-0400] {dag.py:3047} INFO - Sync 1 DAGs
[2024-03-13T16:04:28.617-0400] {logging_mixin.py:188} INFO - [2024-03-13T16:04:28.617-0400] {dag.py:3834} INFO - Setting next_dagrun for example_setup_teardown_taskflow to 2024-03-12 00:00:00+00:00, run_after=2024-03-13 00:00:00+00:00
[2024-03-13T16:04:28.658-0400] {processor.py:183} INFO - Processing /home/ironbong_jr/mlops/project/project/lib/python3.10/site-packages/airflow/example_dags/example_setup_teardown_taskflow.py took 0.091 seconds
[2024-03-13T16:05:22.071-0400] {processor.py:161} INFO - Started process (PID=458871) to work on /home/ironbong_jr/mlops/project/project/lib/python3.10/site-packages/airflow/example_dags/example_setup_teardown_taskflow.py
[2024-03-13T16:05:22.073-0400] {processor.py:830} INFO - Processing file /home/ironbong_jr/mlops/project/project/lib/python3.10/site-packages/airflow/example_dags/example_setup_teardown_taskflow.py for tasks to queue
[2024-03-13T16:05:22.074-0400] {logging_mixin.py:188} INFO - [2024-03-13T16:05:22.073-0400] {dagbag.py:540} INFO - Filling up the DagBag from /home/ironbong_jr/mlops/project/project/lib/python3.10/site-packages/airflow/example_dags/example_setup_teardown_taskflow.py
[2024-03-13T16:05:22.081-0400] {processor.py:840} INFO - DAG(s) 'example_setup_teardown_taskflow' retrieved from /home/ironbong_jr/mlops/project/project/lib/python3.10/site-packages/airflow/example_dags/example_setup_teardown_taskflow.py
[2024-03-13T16:05:22.093-0400] {logging_mixin.py:188} INFO - [2024-03-13T16:05:22.093-0400] {dag.py:3047} INFO - Sync 1 DAGs
[2024-03-13T16:05:22.107-0400] {logging_mixin.py:188} INFO - [2024-03-13T16:05:22.107-0400] {dag.py:3834} INFO - Setting next_dagrun for example_setup_teardown_taskflow to 2024-03-12 00:00:00+00:00, run_after=2024-03-13 00:00:00+00:00
[2024-03-13T16:05:22.131-0400] {processor.py:183} INFO - Processing /home/ironbong_jr/mlops/project/project/lib/python3.10/site-packages/airflow/example_dags/example_setup_teardown_taskflow.py took 0.063 seconds
[2024-03-13T16:06:13.304-0400] {processor.py:161} INFO - Started process (PID=459131) to work on /home/ironbong_jr/mlops/project/project/lib/python3.10/site-packages/airflow/example_dags/example_setup_teardown_taskflow.py
[2024-03-13T16:06:13.306-0400] {processor.py:830} INFO - Processing file /home/ironbong_jr/mlops/project/project/lib/python3.10/site-packages/airflow/example_dags/example_setup_teardown_taskflow.py for tasks to queue
[2024-03-13T16:06:13.307-0400] {logging_mixin.py:188} INFO - [2024-03-13T16:06:13.306-0400] {dagbag.py:540} INFO - Filling up the DagBag from /home/ironbong_jr/mlops/project/project/lib/python3.10/site-packages/airflow/example_dags/example_setup_teardown_taskflow.py
[2024-03-13T16:06:13.313-0400] {processor.py:840} INFO - DAG(s) 'example_setup_teardown_taskflow' retrieved from /home/ironbong_jr/mlops/project/project/lib/python3.10/site-packages/airflow/example_dags/example_setup_teardown_taskflow.py
[2024-03-13T16:06:13.323-0400] {logging_mixin.py:188} INFO - [2024-03-13T16:06:13.323-0400] {dag.py:3047} INFO - Sync 1 DAGs
[2024-03-13T16:06:13.335-0400] {logging_mixin.py:188} INFO - [2024-03-13T16:06:13.335-0400] {dag.py:3834} INFO - Setting next_dagrun for example_setup_teardown_taskflow to 2024-03-12 00:00:00+00:00, run_after=2024-03-13 00:00:00+00:00
[2024-03-13T16:06:13.356-0400] {processor.py:183} INFO - Processing /home/ironbong_jr/mlops/project/project/lib/python3.10/site-packages/airflow/example_dags/example_setup_teardown_taskflow.py took 0.054 seconds
[2024-03-13T16:07:03.664-0400] {processor.py:161} INFO - Started process (PID=459378) to work on /home/ironbong_jr/mlops/project/project/lib/python3.10/site-packages/airflow/example_dags/example_setup_teardown_taskflow.py
[2024-03-13T16:07:03.668-0400] {processor.py:830} INFO - Processing file /home/ironbong_jr/mlops/project/project/lib/python3.10/site-packages/airflow/example_dags/example_setup_teardown_taskflow.py for tasks to queue
[2024-03-13T16:07:03.669-0400] {logging_mixin.py:188} INFO - [2024-03-13T16:07:03.668-0400] {dagbag.py:540} INFO - Filling up the DagBag from /home/ironbong_jr/mlops/project/project/lib/python3.10/site-packages/airflow/example_dags/example_setup_teardown_taskflow.py
[2024-03-13T16:07:03.675-0400] {processor.py:840} INFO - DAG(s) 'example_setup_teardown_taskflow' retrieved from /home/ironbong_jr/mlops/project/project/lib/python3.10/site-packages/airflow/example_dags/example_setup_teardown_taskflow.py
[2024-03-13T16:07:03.688-0400] {logging_mixin.py:188} INFO - [2024-03-13T16:07:03.688-0400] {dag.py:3047} INFO - Sync 1 DAGs
[2024-03-13T16:07:03.704-0400] {logging_mixin.py:188} INFO - [2024-03-13T16:07:03.703-0400] {dag.py:3834} INFO - Setting next_dagrun for example_setup_teardown_taskflow to 2024-03-12 00:00:00+00:00, run_after=2024-03-13 00:00:00+00:00
[2024-03-13T16:07:03.727-0400] {processor.py:183} INFO - Processing /home/ironbong_jr/mlops/project/project/lib/python3.10/site-packages/airflow/example_dags/example_setup_teardown_taskflow.py took 0.065 seconds
[2024-03-13T16:07:57.477-0400] {processor.py:161} INFO - Started process (PID=459640) to work on /home/ironbong_jr/mlops/project/project/lib/python3.10/site-packages/airflow/example_dags/example_setup_teardown_taskflow.py
[2024-03-13T16:07:57.478-0400] {processor.py:830} INFO - Processing file /home/ironbong_jr/mlops/project/project/lib/python3.10/site-packages/airflow/example_dags/example_setup_teardown_taskflow.py for tasks to queue
[2024-03-13T16:07:57.480-0400] {logging_mixin.py:188} INFO - [2024-03-13T16:07:57.479-0400] {dagbag.py:540} INFO - Filling up the DagBag from /home/ironbong_jr/mlops/project/project/lib/python3.10/site-packages/airflow/example_dags/example_setup_teardown_taskflow.py
[2024-03-13T16:07:57.486-0400] {processor.py:840} INFO - DAG(s) 'example_setup_teardown_taskflow' retrieved from /home/ironbong_jr/mlops/project/project/lib/python3.10/site-packages/airflow/example_dags/example_setup_teardown_taskflow.py
[2024-03-13T16:07:57.495-0400] {logging_mixin.py:188} INFO - [2024-03-13T16:07:57.495-0400] {dag.py:3047} INFO - Sync 1 DAGs
[2024-03-13T16:07:57.506-0400] {logging_mixin.py:188} INFO - [2024-03-13T16:07:57.506-0400] {dag.py:3834} INFO - Setting next_dagrun for example_setup_teardown_taskflow to 2024-03-12 00:00:00+00:00, run_after=2024-03-13 00:00:00+00:00
[2024-03-13T16:07:57.526-0400] {processor.py:183} INFO - Processing /home/ironbong_jr/mlops/project/project/lib/python3.10/site-packages/airflow/example_dags/example_setup_teardown_taskflow.py took 0.051 seconds
[2024-03-13T16:08:49.212-0400] {processor.py:161} INFO - Started process (PID=459898) to work on /home/ironbong_jr/mlops/project/project/lib/python3.10/site-packages/airflow/example_dags/example_setup_teardown_taskflow.py
[2024-03-13T16:08:49.216-0400] {processor.py:830} INFO - Processing file /home/ironbong_jr/mlops/project/project/lib/python3.10/site-packages/airflow/example_dags/example_setup_teardown_taskflow.py for tasks to queue
[2024-03-13T16:08:49.216-0400] {logging_mixin.py:188} INFO - [2024-03-13T16:08:49.216-0400] {dagbag.py:540} INFO - Filling up the DagBag from /home/ironbong_jr/mlops/project/project/lib/python3.10/site-packages/airflow/example_dags/example_setup_teardown_taskflow.py
[2024-03-13T16:08:49.223-0400] {processor.py:840} INFO - DAG(s) 'example_setup_teardown_taskflow' retrieved from /home/ironbong_jr/mlops/project/project/lib/python3.10/site-packages/airflow/example_dags/example_setup_teardown_taskflow.py
[2024-03-13T16:08:49.233-0400] {logging_mixin.py:188} INFO - [2024-03-13T16:08:49.232-0400] {dag.py:3047} INFO - Sync 1 DAGs
[2024-03-13T16:08:49.243-0400] {logging_mixin.py:188} INFO - [2024-03-13T16:08:49.243-0400] {dag.py:3834} INFO - Setting next_dagrun for example_setup_teardown_taskflow to 2024-03-12 00:00:00+00:00, run_after=2024-03-13 00:00:00+00:00
[2024-03-13T16:08:49.264-0400] {processor.py:183} INFO - Processing /home/ironbong_jr/mlops/project/project/lib/python3.10/site-packages/airflow/example_dags/example_setup_teardown_taskflow.py took 0.054 seconds
[2024-03-13T16:09:37.336-0400] {processor.py:161} INFO - Started process (PID=460129) to work on /home/ironbong_jr/mlops/project/project/lib/python3.10/site-packages/airflow/example_dags/example_setup_teardown_taskflow.py
[2024-03-13T16:09:37.338-0400] {processor.py:830} INFO - Processing file /home/ironbong_jr/mlops/project/project/lib/python3.10/site-packages/airflow/example_dags/example_setup_teardown_taskflow.py for tasks to queue
[2024-03-13T16:09:37.339-0400] {logging_mixin.py:188} INFO - [2024-03-13T16:09:37.339-0400] {dagbag.py:540} INFO - Filling up the DagBag from /home/ironbong_jr/mlops/project/project/lib/python3.10/site-packages/airflow/example_dags/example_setup_teardown_taskflow.py
[2024-03-13T16:09:37.345-0400] {processor.py:840} INFO - DAG(s) 'example_setup_teardown_taskflow' retrieved from /home/ironbong_jr/mlops/project/project/lib/python3.10/site-packages/airflow/example_dags/example_setup_teardown_taskflow.py
[2024-03-13T16:09:37.355-0400] {logging_mixin.py:188} INFO - [2024-03-13T16:09:37.355-0400] {dag.py:3047} INFO - Sync 1 DAGs
[2024-03-13T16:09:37.367-0400] {logging_mixin.py:188} INFO - [2024-03-13T16:09:37.366-0400] {dag.py:3834} INFO - Setting next_dagrun for example_setup_teardown_taskflow to 2024-03-12 00:00:00+00:00, run_after=2024-03-13 00:00:00+00:00
[2024-03-13T16:09:37.388-0400] {processor.py:183} INFO - Processing /home/ironbong_jr/mlops/project/project/lib/python3.10/site-packages/airflow/example_dags/example_setup_teardown_taskflow.py took 0.054 seconds
[2024-03-13T16:10:26.529-0400] {processor.py:161} INFO - Started process (PID=460378) to work on /home/ironbong_jr/mlops/project/project/lib/python3.10/site-packages/airflow/example_dags/example_setup_teardown_taskflow.py
[2024-03-13T16:10:26.533-0400] {processor.py:830} INFO - Processing file /home/ironbong_jr/mlops/project/project/lib/python3.10/site-packages/airflow/example_dags/example_setup_teardown_taskflow.py for tasks to queue
[2024-03-13T16:10:26.533-0400] {logging_mixin.py:188} INFO - [2024-03-13T16:10:26.533-0400] {dagbag.py:540} INFO - Filling up the DagBag from /home/ironbong_jr/mlops/project/project/lib/python3.10/site-packages/airflow/example_dags/example_setup_teardown_taskflow.py
[2024-03-13T16:10:26.539-0400] {processor.py:840} INFO - DAG(s) 'example_setup_teardown_taskflow' retrieved from /home/ironbong_jr/mlops/project/project/lib/python3.10/site-packages/airflow/example_dags/example_setup_teardown_taskflow.py
[2024-03-13T16:10:26.550-0400] {logging_mixin.py:188} INFO - [2024-03-13T16:10:26.550-0400] {dag.py:3047} INFO - Sync 1 DAGs
[2024-03-13T16:10:26.562-0400] {logging_mixin.py:188} INFO - [2024-03-13T16:10:26.562-0400] {dag.py:3834} INFO - Setting next_dagrun for example_setup_teardown_taskflow to 2024-03-12 00:00:00+00:00, run_after=2024-03-13 00:00:00+00:00
[2024-03-13T16:10:26.584-0400] {processor.py:183} INFO - Processing /home/ironbong_jr/mlops/project/project/lib/python3.10/site-packages/airflow/example_dags/example_setup_teardown_taskflow.py took 0.058 seconds
[2024-03-13T16:11:16.675-0400] {processor.py:161} INFO - Started process (PID=460635) to work on /home/ironbong_jr/mlops/project/project/lib/python3.10/site-packages/airflow/example_dags/example_setup_teardown_taskflow.py
[2024-03-13T16:11:16.677-0400] {processor.py:830} INFO - Processing file /home/ironbong_jr/mlops/project/project/lib/python3.10/site-packages/airflow/example_dags/example_setup_teardown_taskflow.py for tasks to queue
[2024-03-13T16:11:16.677-0400] {logging_mixin.py:188} INFO - [2024-03-13T16:11:16.677-0400] {dagbag.py:540} INFO - Filling up the DagBag from /home/ironbong_jr/mlops/project/project/lib/python3.10/site-packages/airflow/example_dags/example_setup_teardown_taskflow.py
[2024-03-13T16:11:16.684-0400] {processor.py:840} INFO - DAG(s) 'example_setup_teardown_taskflow' retrieved from /home/ironbong_jr/mlops/project/project/lib/python3.10/site-packages/airflow/example_dags/example_setup_teardown_taskflow.py
[2024-03-13T16:11:16.694-0400] {logging_mixin.py:188} INFO - [2024-03-13T16:11:16.694-0400] {dag.py:3047} INFO - Sync 1 DAGs
[2024-03-13T16:11:16.705-0400] {logging_mixin.py:188} INFO - [2024-03-13T16:11:16.704-0400] {dag.py:3834} INFO - Setting next_dagrun for example_setup_teardown_taskflow to 2024-03-12 00:00:00+00:00, run_after=2024-03-13 00:00:00+00:00
[2024-03-13T16:11:16.723-0400] {processor.py:183} INFO - Processing /home/ironbong_jr/mlops/project/project/lib/python3.10/site-packages/airflow/example_dags/example_setup_teardown_taskflow.py took 0.051 seconds
[2024-03-13T16:12:05.561-0400] {processor.py:161} INFO - Started process (PID=460871) to work on /home/ironbong_jr/mlops/project/project/lib/python3.10/site-packages/airflow/example_dags/example_setup_teardown_taskflow.py
[2024-03-13T16:12:05.565-0400] {processor.py:830} INFO - Processing file /home/ironbong_jr/mlops/project/project/lib/python3.10/site-packages/airflow/example_dags/example_setup_teardown_taskflow.py for tasks to queue
[2024-03-13T16:12:05.565-0400] {logging_mixin.py:188} INFO - [2024-03-13T16:12:05.565-0400] {dagbag.py:540} INFO - Filling up the DagBag from /home/ironbong_jr/mlops/project/project/lib/python3.10/site-packages/airflow/example_dags/example_setup_teardown_taskflow.py
[2024-03-13T16:12:05.571-0400] {processor.py:840} INFO - DAG(s) 'example_setup_teardown_taskflow' retrieved from /home/ironbong_jr/mlops/project/project/lib/python3.10/site-packages/airflow/example_dags/example_setup_teardown_taskflow.py
[2024-03-13T16:12:05.583-0400] {logging_mixin.py:188} INFO - [2024-03-13T16:12:05.582-0400] {dag.py:3047} INFO - Sync 1 DAGs
[2024-03-13T16:12:05.595-0400] {logging_mixin.py:188} INFO - [2024-03-13T16:12:05.595-0400] {dag.py:3834} INFO - Setting next_dagrun for example_setup_teardown_taskflow to 2024-03-12 00:00:00+00:00, run_after=2024-03-13 00:00:00+00:00
[2024-03-13T16:12:05.617-0400] {processor.py:183} INFO - Processing /home/ironbong_jr/mlops/project/project/lib/python3.10/site-packages/airflow/example_dags/example_setup_teardown_taskflow.py took 0.058 seconds
[2024-03-13T16:12:56.635-0400] {processor.py:161} INFO - Started process (PID=461126) to work on /home/ironbong_jr/mlops/project/project/lib/python3.10/site-packages/airflow/example_dags/example_setup_teardown_taskflow.py
[2024-03-13T16:12:56.638-0400] {processor.py:830} INFO - Processing file /home/ironbong_jr/mlops/project/project/lib/python3.10/site-packages/airflow/example_dags/example_setup_teardown_taskflow.py for tasks to queue
[2024-03-13T16:12:56.639-0400] {logging_mixin.py:188} INFO - [2024-03-13T16:12:56.639-0400] {dagbag.py:540} INFO - Filling up the DagBag from /home/ironbong_jr/mlops/project/project/lib/python3.10/site-packages/airflow/example_dags/example_setup_teardown_taskflow.py
[2024-03-13T16:12:56.645-0400] {processor.py:840} INFO - DAG(s) 'example_setup_teardown_taskflow' retrieved from /home/ironbong_jr/mlops/project/project/lib/python3.10/site-packages/airflow/example_dags/example_setup_teardown_taskflow.py
[2024-03-13T16:12:56.655-0400] {logging_mixin.py:188} INFO - [2024-03-13T16:12:56.655-0400] {dag.py:3047} INFO - Sync 1 DAGs
[2024-03-13T16:12:56.668-0400] {logging_mixin.py:188} INFO - [2024-03-13T16:12:56.668-0400] {dag.py:3834} INFO - Setting next_dagrun for example_setup_teardown_taskflow to 2024-03-12 00:00:00+00:00, run_after=2024-03-13 00:00:00+00:00
[2024-03-13T16:12:56.693-0400] {processor.py:183} INFO - Processing /home/ironbong_jr/mlops/project/project/lib/python3.10/site-packages/airflow/example_dags/example_setup_teardown_taskflow.py took 0.060 seconds
