[2024-03-12T21:21:44.070-0400] {processor.py:161} INFO - Started process (PID=406968) to work on /home/ironbong_jr/mlops/project/project/lib/python3.10/site-packages/airflow/example_dags/example_params_trigger_ui.py
[2024-03-12T21:21:44.073-0400] {processor.py:830} INFO - Processing file /home/ironbong_jr/mlops/project/project/lib/python3.10/site-packages/airflow/example_dags/example_params_trigger_ui.py for tasks to queue
[2024-03-12T21:21:44.074-0400] {logging_mixin.py:188} INFO - [2024-03-12T21:21:44.074-0400] {dagbag.py:540} INFO - Filling up the DagBag from /home/ironbong_jr/mlops/project/project/lib/python3.10/site-packages/airflow/example_dags/example_params_trigger_ui.py
[2024-03-12T21:21:44.107-0400] {processor.py:840} INFO - DAG(s) 'example_params_trigger_ui' retrieved from /home/ironbong_jr/mlops/project/project/lib/python3.10/site-packages/airflow/example_dags/example_params_trigger_ui.py
[2024-03-12T21:21:44.463-0400] {logging_mixin.py:188} INFO - [2024-03-12T21:21:44.463-0400] {dag.py:3047} INFO - Sync 1 DAGs
[2024-03-12T21:21:44.476-0400] {logging_mixin.py:188} INFO - [2024-03-12T21:21:44.476-0400] {dag.py:3834} INFO - Setting next_dagrun for example_params_trigger_ui to None, run_after=None
[2024-03-12T21:21:44.539-0400] {processor.py:183} INFO - Processing /home/ironbong_jr/mlops/project/project/lib/python3.10/site-packages/airflow/example_dags/example_params_trigger_ui.py took 0.476 seconds
[2024-03-12T21:23:09.243-0400] {processor.py:161} INFO - Started process (PID=407341) to work on /home/ironbong_jr/mlops/project/project/lib/python3.10/site-packages/airflow/example_dags/example_params_trigger_ui.py
[2024-03-12T21:23:09.295-0400] {processor.py:830} INFO - Processing file /home/ironbong_jr/mlops/project/project/lib/python3.10/site-packages/airflow/example_dags/example_params_trigger_ui.py for tasks to queue
[2024-03-12T21:23:09.297-0400] {logging_mixin.py:188} INFO - [2024-03-12T21:23:09.296-0400] {dagbag.py:540} INFO - Filling up the DagBag from /home/ironbong_jr/mlops/project/project/lib/python3.10/site-packages/airflow/example_dags/example_params_trigger_ui.py
[2024-03-12T21:23:09.347-0400] {processor.py:840} INFO - DAG(s) 'example_params_trigger_ui' retrieved from /home/ironbong_jr/mlops/project/project/lib/python3.10/site-packages/airflow/example_dags/example_params_trigger_ui.py
[2024-03-12T21:23:09.465-0400] {logging_mixin.py:188} INFO - [2024-03-12T21:23:09.464-0400] {dag.py:3047} INFO - Sync 1 DAGs
[2024-03-12T21:23:09.726-0400] {logging_mixin.py:188} INFO - [2024-03-12T21:23:09.726-0400] {dag.py:3834} INFO - Setting next_dagrun for example_params_trigger_ui to None, run_after=None
[2024-03-12T21:23:09.829-0400] {processor.py:183} INFO - Processing /home/ironbong_jr/mlops/project/project/lib/python3.10/site-packages/airflow/example_dags/example_params_trigger_ui.py took 0.594 seconds
[2024-03-12T21:26:33.727-0400] {processor.py:161} INFO - Started process (PID=408259) to work on /home/ironbong_jr/mlops/project/project/lib/python3.10/site-packages/airflow/example_dags/example_params_trigger_ui.py
[2024-03-12T21:26:33.776-0400] {processor.py:830} INFO - Processing file /home/ironbong_jr/mlops/project/project/lib/python3.10/site-packages/airflow/example_dags/example_params_trigger_ui.py for tasks to queue
[2024-03-12T21:26:33.779-0400] {logging_mixin.py:188} INFO - [2024-03-12T21:26:33.777-0400] {dagbag.py:540} INFO - Filling up the DagBag from /home/ironbong_jr/mlops/project/project/lib/python3.10/site-packages/airflow/example_dags/example_params_trigger_ui.py
[2024-03-12T21:26:33.806-0400] {processor.py:840} INFO - DAG(s) 'example_params_trigger_ui' retrieved from /home/ironbong_jr/mlops/project/project/lib/python3.10/site-packages/airflow/example_dags/example_params_trigger_ui.py
[2024-03-12T21:26:33.870-0400] {logging_mixin.py:188} INFO - [2024-03-12T21:26:33.869-0400] {dag.py:3047} INFO - Sync 1 DAGs
[2024-03-12T21:26:33.894-0400] {logging_mixin.py:188} INFO - [2024-03-12T21:26:33.894-0400] {dag.py:3834} INFO - Setting next_dagrun for example_params_trigger_ui to None, run_after=None
[2024-03-12T21:26:34.013-0400] {processor.py:183} INFO - Processing /home/ironbong_jr/mlops/project/project/lib/python3.10/site-packages/airflow/example_dags/example_params_trigger_ui.py took 0.299 seconds
[2024-03-12T21:27:47.469-0400] {processor.py:161} INFO - Started process (PID=408582) to work on /home/ironbong_jr/mlops/project/project/lib/python3.10/site-packages/airflow/example_dags/example_params_trigger_ui.py
[2024-03-12T21:27:47.515-0400] {processor.py:830} INFO - Processing file /home/ironbong_jr/mlops/project/project/lib/python3.10/site-packages/airflow/example_dags/example_params_trigger_ui.py for tasks to queue
[2024-03-12T21:27:47.517-0400] {logging_mixin.py:188} INFO - [2024-03-12T21:27:47.516-0400] {dagbag.py:540} INFO - Filling up the DagBag from /home/ironbong_jr/mlops/project/project/lib/python3.10/site-packages/airflow/example_dags/example_params_trigger_ui.py
[2024-03-12T21:27:47.542-0400] {processor.py:840} INFO - DAG(s) 'example_params_trigger_ui' retrieved from /home/ironbong_jr/mlops/project/project/lib/python3.10/site-packages/airflow/example_dags/example_params_trigger_ui.py
[2024-03-12T21:27:47.628-0400] {logging_mixin.py:188} INFO - [2024-03-12T21:27:47.628-0400] {dag.py:3047} INFO - Sync 1 DAGs
[2024-03-12T21:27:47.649-0400] {logging_mixin.py:188} INFO - [2024-03-12T21:27:47.648-0400] {dag.py:3834} INFO - Setting next_dagrun for example_params_trigger_ui to None, run_after=None
[2024-03-12T21:27:47.782-0400] {processor.py:183} INFO - Processing /home/ironbong_jr/mlops/project/project/lib/python3.10/site-packages/airflow/example_dags/example_params_trigger_ui.py took 0.318 seconds
[2024-03-12T21:29:25.372-0400] {processor.py:161} INFO - Started process (PID=409056) to work on /home/ironbong_jr/mlops/project/project/lib/python3.10/site-packages/airflow/example_dags/example_params_trigger_ui.py
[2024-03-12T21:29:25.425-0400] {processor.py:830} INFO - Processing file /home/ironbong_jr/mlops/project/project/lib/python3.10/site-packages/airflow/example_dags/example_params_trigger_ui.py for tasks to queue
[2024-03-12T21:29:25.429-0400] {logging_mixin.py:188} INFO - [2024-03-12T21:29:25.427-0400] {dagbag.py:540} INFO - Filling up the DagBag from /home/ironbong_jr/mlops/project/project/lib/python3.10/site-packages/airflow/example_dags/example_params_trigger_ui.py
[2024-03-12T21:29:25.455-0400] {processor.py:840} INFO - DAG(s) 'example_params_trigger_ui' retrieved from /home/ironbong_jr/mlops/project/project/lib/python3.10/site-packages/airflow/example_dags/example_params_trigger_ui.py
[2024-03-12T21:29:25.528-0400] {logging_mixin.py:188} INFO - [2024-03-12T21:29:25.528-0400] {dag.py:3047} INFO - Sync 1 DAGs
[2024-03-12T21:29:25.545-0400] {logging_mixin.py:188} INFO - [2024-03-12T21:29:25.544-0400] {dag.py:3834} INFO - Setting next_dagrun for example_params_trigger_ui to None, run_after=None
[2024-03-12T21:29:25.629-0400] {processor.py:183} INFO - Processing /home/ironbong_jr/mlops/project/project/lib/python3.10/site-packages/airflow/example_dags/example_params_trigger_ui.py took 0.263 seconds
[2024-03-12T21:30:54.646-0400] {processor.py:161} INFO - Started process (PID=409500) to work on /home/ironbong_jr/mlops/project/project/lib/python3.10/site-packages/airflow/example_dags/example_params_trigger_ui.py
[2024-03-12T21:30:54.700-0400] {processor.py:830} INFO - Processing file /home/ironbong_jr/mlops/project/project/lib/python3.10/site-packages/airflow/example_dags/example_params_trigger_ui.py for tasks to queue
[2024-03-12T21:30:54.703-0400] {logging_mixin.py:188} INFO - [2024-03-12T21:30:54.701-0400] {dagbag.py:540} INFO - Filling up the DagBag from /home/ironbong_jr/mlops/project/project/lib/python3.10/site-packages/airflow/example_dags/example_params_trigger_ui.py
[2024-03-12T21:30:54.730-0400] {processor.py:840} INFO - DAG(s) 'example_params_trigger_ui' retrieved from /home/ironbong_jr/mlops/project/project/lib/python3.10/site-packages/airflow/example_dags/example_params_trigger_ui.py
[2024-03-12T21:30:54.786-0400] {logging_mixin.py:188} INFO - [2024-03-12T21:30:54.786-0400] {dag.py:3047} INFO - Sync 1 DAGs
[2024-03-12T21:30:54.803-0400] {logging_mixin.py:188} INFO - [2024-03-12T21:30:54.802-0400] {dag.py:3834} INFO - Setting next_dagrun for example_params_trigger_ui to None, run_after=None
[2024-03-12T21:30:54.908-0400] {processor.py:183} INFO - Processing /home/ironbong_jr/mlops/project/project/lib/python3.10/site-packages/airflow/example_dags/example_params_trigger_ui.py took 0.268 seconds
[2024-03-12T21:32:33.316-0400] {processor.py:161} INFO - Started process (PID=409984) to work on /home/ironbong_jr/mlops/project/project/lib/python3.10/site-packages/airflow/example_dags/example_params_trigger_ui.py
[2024-03-12T21:32:33.366-0400] {processor.py:830} INFO - Processing file /home/ironbong_jr/mlops/project/project/lib/python3.10/site-packages/airflow/example_dags/example_params_trigger_ui.py for tasks to queue
[2024-03-12T21:32:33.368-0400] {logging_mixin.py:188} INFO - [2024-03-12T21:32:33.367-0400] {dagbag.py:540} INFO - Filling up the DagBag from /home/ironbong_jr/mlops/project/project/lib/python3.10/site-packages/airflow/example_dags/example_params_trigger_ui.py
[2024-03-12T21:32:33.397-0400] {processor.py:840} INFO - DAG(s) 'example_params_trigger_ui' retrieved from /home/ironbong_jr/mlops/project/project/lib/python3.10/site-packages/airflow/example_dags/example_params_trigger_ui.py
[2024-03-12T21:32:33.465-0400] {logging_mixin.py:188} INFO - [2024-03-12T21:32:33.464-0400] {dag.py:3047} INFO - Sync 1 DAGs
[2024-03-12T21:32:33.485-0400] {logging_mixin.py:188} INFO - [2024-03-12T21:32:33.484-0400] {dag.py:3834} INFO - Setting next_dagrun for example_params_trigger_ui to None, run_after=None
[2024-03-12T21:32:33.606-0400] {processor.py:183} INFO - Processing /home/ironbong_jr/mlops/project/project/lib/python3.10/site-packages/airflow/example_dags/example_params_trigger_ui.py took 0.297 seconds
[2024-03-12T21:34:13.565-0400] {processor.py:161} INFO - Started process (PID=410526) to work on /home/ironbong_jr/mlops/project/project/lib/python3.10/site-packages/airflow/example_dags/example_params_trigger_ui.py
[2024-03-12T21:34:13.569-0400] {processor.py:830} INFO - Processing file /home/ironbong_jr/mlops/project/project/lib/python3.10/site-packages/airflow/example_dags/example_params_trigger_ui.py for tasks to queue
[2024-03-12T21:34:13.572-0400] {logging_mixin.py:188} INFO - [2024-03-12T21:34:13.571-0400] {dagbag.py:540} INFO - Filling up the DagBag from /home/ironbong_jr/mlops/project/project/lib/python3.10/site-packages/airflow/example_dags/example_params_trigger_ui.py
[2024-03-12T21:34:13.597-0400] {processor.py:840} INFO - DAG(s) 'example_params_trigger_ui' retrieved from /home/ironbong_jr/mlops/project/project/lib/python3.10/site-packages/airflow/example_dags/example_params_trigger_ui.py
[2024-03-12T21:34:13.652-0400] {logging_mixin.py:188} INFO - [2024-03-12T21:34:13.652-0400] {dag.py:3047} INFO - Sync 1 DAGs
[2024-03-12T21:34:13.670-0400] {logging_mixin.py:188} INFO - [2024-03-12T21:34:13.669-0400] {dag.py:3834} INFO - Setting next_dagrun for example_params_trigger_ui to None, run_after=None
[2024-03-12T21:34:13.779-0400] {processor.py:183} INFO - Processing /home/ironbong_jr/mlops/project/project/lib/python3.10/site-packages/airflow/example_dags/example_params_trigger_ui.py took 0.219 seconds
[2024-03-12T23:26:03.122-0400] {processor.py:161} INFO - Started process (PID=417653) to work on /home/ironbong_jr/mlops/project/project/lib/python3.10/site-packages/airflow/example_dags/example_params_trigger_ui.py
[2024-03-12T23:26:03.128-0400] {processor.py:830} INFO - Processing file /home/ironbong_jr/mlops/project/project/lib/python3.10/site-packages/airflow/example_dags/example_params_trigger_ui.py for tasks to queue
[2024-03-12T23:26:03.132-0400] {logging_mixin.py:188} INFO - [2024-03-12T23:26:03.131-0400] {dagbag.py:540} INFO - Filling up the DagBag from /home/ironbong_jr/mlops/project/project/lib/python3.10/site-packages/airflow/example_dags/example_params_trigger_ui.py
[2024-03-12T23:26:03.174-0400] {processor.py:840} INFO - DAG(s) 'example_params_trigger_ui' retrieved from /home/ironbong_jr/mlops/project/project/lib/python3.10/site-packages/airflow/example_dags/example_params_trigger_ui.py
[2024-03-12T23:26:03.674-0400] {logging_mixin.py:188} INFO - [2024-03-12T23:26:03.674-0400] {dag.py:3047} INFO - Sync 1 DAGs
[2024-03-12T23:26:03.691-0400] {logging_mixin.py:188} INFO - [2024-03-12T23:26:03.690-0400] {dag.py:3834} INFO - Setting next_dagrun for example_params_trigger_ui to None, run_after=None
[2024-03-12T23:26:03.731-0400] {processor.py:183} INFO - Processing /home/ironbong_jr/mlops/project/project/lib/python3.10/site-packages/airflow/example_dags/example_params_trigger_ui.py took 0.618 seconds
[2024-03-12T23:29:21.969-0400] {processor.py:161} INFO - Started process (PID=418459) to work on /home/ironbong_jr/mlops/project/project/lib/python3.10/site-packages/airflow/example_dags/example_params_trigger_ui.py
[2024-03-12T23:29:22.021-0400] {processor.py:830} INFO - Processing file /home/ironbong_jr/mlops/project/project/lib/python3.10/site-packages/airflow/example_dags/example_params_trigger_ui.py for tasks to queue
[2024-03-12T23:29:22.023-0400] {logging_mixin.py:188} INFO - [2024-03-12T23:29:22.022-0400] {dagbag.py:540} INFO - Filling up the DagBag from /home/ironbong_jr/mlops/project/project/lib/python3.10/site-packages/airflow/example_dags/example_params_trigger_ui.py
[2024-03-12T23:29:22.048-0400] {processor.py:840} INFO - DAG(s) 'example_params_trigger_ui' retrieved from /home/ironbong_jr/mlops/project/project/lib/python3.10/site-packages/airflow/example_dags/example_params_trigger_ui.py
[2024-03-12T23:29:22.179-0400] {logging_mixin.py:188} INFO - [2024-03-12T23:29:22.178-0400] {dag.py:3047} INFO - Sync 1 DAGs
[2024-03-12T23:29:22.196-0400] {logging_mixin.py:188} INFO - [2024-03-12T23:29:22.196-0400] {dag.py:3834} INFO - Setting next_dagrun for example_params_trigger_ui to None, run_after=None
[2024-03-12T23:29:22.316-0400] {processor.py:183} INFO - Processing /home/ironbong_jr/mlops/project/project/lib/python3.10/site-packages/airflow/example_dags/example_params_trigger_ui.py took 0.355 seconds
[2024-03-12T23:30:44.859-0400] {processor.py:161} INFO - Started process (PID=418797) to work on /home/ironbong_jr/mlops/project/project/lib/python3.10/site-packages/airflow/example_dags/example_params_trigger_ui.py
[2024-03-12T23:30:44.862-0400] {processor.py:830} INFO - Processing file /home/ironbong_jr/mlops/project/project/lib/python3.10/site-packages/airflow/example_dags/example_params_trigger_ui.py for tasks to queue
[2024-03-12T23:30:44.865-0400] {logging_mixin.py:188} INFO - [2024-03-12T23:30:44.864-0400] {dagbag.py:540} INFO - Filling up the DagBag from /home/ironbong_jr/mlops/project/project/lib/python3.10/site-packages/airflow/example_dags/example_params_trigger_ui.py
[2024-03-12T23:30:44.901-0400] {processor.py:840} INFO - DAG(s) 'example_params_trigger_ui' retrieved from /home/ironbong_jr/mlops/project/project/lib/python3.10/site-packages/airflow/example_dags/example_params_trigger_ui.py
[2024-03-12T23:30:44.963-0400] {logging_mixin.py:188} INFO - [2024-03-12T23:30:44.962-0400] {dag.py:3047} INFO - Sync 1 DAGs
[2024-03-12T23:30:44.983-0400] {logging_mixin.py:188} INFO - [2024-03-12T23:30:44.983-0400] {dag.py:3834} INFO - Setting next_dagrun for example_params_trigger_ui to None, run_after=None
[2024-03-12T23:30:45.041-0400] {processor.py:183} INFO - Processing /home/ironbong_jr/mlops/project/project/lib/python3.10/site-packages/airflow/example_dags/example_params_trigger_ui.py took 0.191 seconds
[2024-03-12T23:41:41.371-0400] {processor.py:161} INFO - Started process (PID=421399) to work on /home/ironbong_jr/mlops/project/project/lib/python3.10/site-packages/airflow/example_dags/example_params_trigger_ui.py
[2024-03-12T23:41:41.374-0400] {processor.py:830} INFO - Processing file /home/ironbong_jr/mlops/project/project/lib/python3.10/site-packages/airflow/example_dags/example_params_trigger_ui.py for tasks to queue
[2024-03-12T23:41:41.375-0400] {logging_mixin.py:188} INFO - [2024-03-12T23:41:41.375-0400] {dagbag.py:540} INFO - Filling up the DagBag from /home/ironbong_jr/mlops/project/project/lib/python3.10/site-packages/airflow/example_dags/example_params_trigger_ui.py
[2024-03-12T23:41:41.405-0400] {processor.py:840} INFO - DAG(s) 'example_params_trigger_ui' retrieved from /home/ironbong_jr/mlops/project/project/lib/python3.10/site-packages/airflow/example_dags/example_params_trigger_ui.py
[2024-03-12T23:41:41.832-0400] {logging_mixin.py:188} INFO - [2024-03-12T23:41:41.832-0400] {dag.py:3047} INFO - Sync 1 DAGs
[2024-03-12T23:41:41.847-0400] {logging_mixin.py:188} INFO - [2024-03-12T23:41:41.846-0400] {dag.py:3834} INFO - Setting next_dagrun for example_params_trigger_ui to None, run_after=None
[2024-03-12T23:41:41.954-0400] {processor.py:183} INFO - Processing /home/ironbong_jr/mlops/project/project/lib/python3.10/site-packages/airflow/example_dags/example_params_trigger_ui.py took 0.588 seconds
[2024-03-12T23:43:33.622-0400] {processor.py:161} INFO - Started process (PID=421896) to work on /home/ironbong_jr/mlops/project/project/lib/python3.10/site-packages/airflow/example_dags/example_params_trigger_ui.py
[2024-03-12T23:43:33.683-0400] {processor.py:830} INFO - Processing file /home/ironbong_jr/mlops/project/project/lib/python3.10/site-packages/airflow/example_dags/example_params_trigger_ui.py for tasks to queue
[2024-03-12T23:43:33.686-0400] {logging_mixin.py:188} INFO - [2024-03-12T23:43:33.685-0400] {dagbag.py:540} INFO - Filling up the DagBag from /home/ironbong_jr/mlops/project/project/lib/python3.10/site-packages/airflow/example_dags/example_params_trigger_ui.py
[2024-03-12T23:43:33.718-0400] {processor.py:840} INFO - DAG(s) 'example_params_trigger_ui' retrieved from /home/ironbong_jr/mlops/project/project/lib/python3.10/site-packages/airflow/example_dags/example_params_trigger_ui.py
[2024-03-12T23:43:33.779-0400] {logging_mixin.py:188} INFO - [2024-03-12T23:43:33.778-0400] {dag.py:3047} INFO - Sync 1 DAGs
[2024-03-12T23:43:33.973-0400] {logging_mixin.py:188} INFO - [2024-03-12T23:43:33.972-0400] {dag.py:3834} INFO - Setting next_dagrun for example_params_trigger_ui to None, run_after=None
[2024-03-12T23:43:34.086-0400] {processor.py:183} INFO - Processing /home/ironbong_jr/mlops/project/project/lib/python3.10/site-packages/airflow/example_dags/example_params_trigger_ui.py took 0.482 seconds
[2024-03-12T23:45:22.250-0400] {processor.py:161} INFO - Started process (PID=422488) to work on /home/ironbong_jr/mlops/project/project/lib/python3.10/site-packages/airflow/example_dags/example_params_trigger_ui.py
[2024-03-12T23:45:22.268-0400] {processor.py:830} INFO - Processing file /home/ironbong_jr/mlops/project/project/lib/python3.10/site-packages/airflow/example_dags/example_params_trigger_ui.py for tasks to queue
[2024-03-12T23:45:22.270-0400] {logging_mixin.py:188} INFO - [2024-03-12T23:45:22.269-0400] {dagbag.py:540} INFO - Filling up the DagBag from /home/ironbong_jr/mlops/project/project/lib/python3.10/site-packages/airflow/example_dags/example_params_trigger_ui.py
[2024-03-12T23:45:22.292-0400] {processor.py:840} INFO - DAG(s) 'example_params_trigger_ui' retrieved from /home/ironbong_jr/mlops/project/project/lib/python3.10/site-packages/airflow/example_dags/example_params_trigger_ui.py
[2024-03-12T23:45:22.333-0400] {logging_mixin.py:188} INFO - [2024-03-12T23:45:22.333-0400] {dag.py:3047} INFO - Sync 1 DAGs
[2024-03-12T23:45:22.348-0400] {logging_mixin.py:188} INFO - [2024-03-12T23:45:22.347-0400] {dag.py:3834} INFO - Setting next_dagrun for example_params_trigger_ui to None, run_after=None
[2024-03-12T23:45:22.379-0400] {processor.py:183} INFO - Processing /home/ironbong_jr/mlops/project/project/lib/python3.10/site-packages/airflow/example_dags/example_params_trigger_ui.py took 0.133 seconds
[2024-03-12T23:47:20.516-0400] {processor.py:161} INFO - Started process (PID=423074) to work on /home/ironbong_jr/mlops/project/project/lib/python3.10/site-packages/airflow/example_dags/example_params_trigger_ui.py
[2024-03-12T23:47:20.563-0400] {processor.py:830} INFO - Processing file /home/ironbong_jr/mlops/project/project/lib/python3.10/site-packages/airflow/example_dags/example_params_trigger_ui.py for tasks to queue
[2024-03-12T23:47:20.566-0400] {logging_mixin.py:188} INFO - [2024-03-12T23:47:20.564-0400] {dagbag.py:540} INFO - Filling up the DagBag from /home/ironbong_jr/mlops/project/project/lib/python3.10/site-packages/airflow/example_dags/example_params_trigger_ui.py
[2024-03-12T23:47:20.609-0400] {processor.py:840} INFO - DAG(s) 'example_params_trigger_ui' retrieved from /home/ironbong_jr/mlops/project/project/lib/python3.10/site-packages/airflow/example_dags/example_params_trigger_ui.py
[2024-03-12T23:47:20.683-0400] {logging_mixin.py:188} INFO - [2024-03-12T23:47:20.683-0400] {dag.py:3047} INFO - Sync 1 DAGs
[2024-03-12T23:47:20.726-0400] {logging_mixin.py:188} INFO - [2024-03-12T23:47:20.726-0400] {dag.py:3834} INFO - Setting next_dagrun for example_params_trigger_ui to None, run_after=None
[2024-03-12T23:47:20.821-0400] {processor.py:183} INFO - Processing /home/ironbong_jr/mlops/project/project/lib/python3.10/site-packages/airflow/example_dags/example_params_trigger_ui.py took 0.312 seconds
[2024-03-12T23:49:08.303-0400] {processor.py:161} INFO - Started process (PID=423543) to work on /home/ironbong_jr/mlops/project/project/lib/python3.10/site-packages/airflow/example_dags/example_params_trigger_ui.py
[2024-03-12T23:49:08.355-0400] {processor.py:830} INFO - Processing file /home/ironbong_jr/mlops/project/project/lib/python3.10/site-packages/airflow/example_dags/example_params_trigger_ui.py for tasks to queue
[2024-03-12T23:49:08.357-0400] {logging_mixin.py:188} INFO - [2024-03-12T23:49:08.356-0400] {dagbag.py:540} INFO - Filling up the DagBag from /home/ironbong_jr/mlops/project/project/lib/python3.10/site-packages/airflow/example_dags/example_params_trigger_ui.py
[2024-03-12T23:49:08.386-0400] {processor.py:840} INFO - DAG(s) 'example_params_trigger_ui' retrieved from /home/ironbong_jr/mlops/project/project/lib/python3.10/site-packages/airflow/example_dags/example_params_trigger_ui.py
[2024-03-12T23:49:08.446-0400] {logging_mixin.py:188} INFO - [2024-03-12T23:49:08.445-0400] {dag.py:3047} INFO - Sync 1 DAGs
[2024-03-12T23:49:08.462-0400] {logging_mixin.py:188} INFO - [2024-03-12T23:49:08.462-0400] {dag.py:3834} INFO - Setting next_dagrun for example_params_trigger_ui to None, run_after=None
[2024-03-12T23:49:08.563-0400] {processor.py:183} INFO - Processing /home/ironbong_jr/mlops/project/project/lib/python3.10/site-packages/airflow/example_dags/example_params_trigger_ui.py took 0.267 seconds
[2024-03-12T23:50:35.994-0400] {processor.py:161} INFO - Started process (PID=424018) to work on /home/ironbong_jr/mlops/project/project/lib/python3.10/site-packages/airflow/example_dags/example_params_trigger_ui.py
[2024-03-12T23:50:35.998-0400] {processor.py:830} INFO - Processing file /home/ironbong_jr/mlops/project/project/lib/python3.10/site-packages/airflow/example_dags/example_params_trigger_ui.py for tasks to queue
[2024-03-12T23:50:36.000-0400] {logging_mixin.py:188} INFO - [2024-03-12T23:50:35.999-0400] {dagbag.py:540} INFO - Filling up the DagBag from /home/ironbong_jr/mlops/project/project/lib/python3.10/site-packages/airflow/example_dags/example_params_trigger_ui.py
[2024-03-12T23:50:36.024-0400] {processor.py:840} INFO - DAG(s) 'example_params_trigger_ui' retrieved from /home/ironbong_jr/mlops/project/project/lib/python3.10/site-packages/airflow/example_dags/example_params_trigger_ui.py
[2024-03-12T23:50:36.084-0400] {logging_mixin.py:188} INFO - [2024-03-12T23:50:36.083-0400] {dag.py:3047} INFO - Sync 1 DAGs
[2024-03-12T23:50:36.100-0400] {logging_mixin.py:188} INFO - [2024-03-12T23:50:36.100-0400] {dag.py:3834} INFO - Setting next_dagrun for example_params_trigger_ui to None, run_after=None
[2024-03-12T23:50:36.211-0400] {processor.py:183} INFO - Processing /home/ironbong_jr/mlops/project/project/lib/python3.10/site-packages/airflow/example_dags/example_params_trigger_ui.py took 0.224 seconds
[2024-03-12T23:51:59.881-0400] {processor.py:161} INFO - Started process (PID=424401) to work on /home/ironbong_jr/mlops/project/project/lib/python3.10/site-packages/airflow/example_dags/example_params_trigger_ui.py
[2024-03-12T23:51:59.928-0400] {processor.py:830} INFO - Processing file /home/ironbong_jr/mlops/project/project/lib/python3.10/site-packages/airflow/example_dags/example_params_trigger_ui.py for tasks to queue
[2024-03-12T23:51:59.931-0400] {logging_mixin.py:188} INFO - [2024-03-12T23:51:59.930-0400] {dagbag.py:540} INFO - Filling up the DagBag from /home/ironbong_jr/mlops/project/project/lib/python3.10/site-packages/airflow/example_dags/example_params_trigger_ui.py
[2024-03-12T23:52:00.003-0400] {processor.py:840} INFO - DAG(s) 'example_params_trigger_ui' retrieved from /home/ironbong_jr/mlops/project/project/lib/python3.10/site-packages/airflow/example_dags/example_params_trigger_ui.py
[2024-03-12T23:52:00.084-0400] {logging_mixin.py:188} INFO - [2024-03-12T23:52:00.083-0400] {dag.py:3047} INFO - Sync 1 DAGs
[2024-03-12T23:52:00.103-0400] {logging_mixin.py:188} INFO - [2024-03-12T23:52:00.103-0400] {dag.py:3834} INFO - Setting next_dagrun for example_params_trigger_ui to None, run_after=None
[2024-03-12T23:52:00.199-0400] {processor.py:183} INFO - Processing /home/ironbong_jr/mlops/project/project/lib/python3.10/site-packages/airflow/example_dags/example_params_trigger_ui.py took 0.325 seconds
[2024-03-12T23:53:27.424-0400] {processor.py:161} INFO - Started process (PID=424946) to work on /home/ironbong_jr/mlops/project/project/lib/python3.10/site-packages/airflow/example_dags/example_params_trigger_ui.py
[2024-03-12T23:53:27.475-0400] {processor.py:830} INFO - Processing file /home/ironbong_jr/mlops/project/project/lib/python3.10/site-packages/airflow/example_dags/example_params_trigger_ui.py for tasks to queue
[2024-03-12T23:53:27.478-0400] {logging_mixin.py:188} INFO - [2024-03-12T23:53:27.477-0400] {dagbag.py:540} INFO - Filling up the DagBag from /home/ironbong_jr/mlops/project/project/lib/python3.10/site-packages/airflow/example_dags/example_params_trigger_ui.py
[2024-03-12T23:53:27.501-0400] {processor.py:840} INFO - DAG(s) 'example_params_trigger_ui' retrieved from /home/ironbong_jr/mlops/project/project/lib/python3.10/site-packages/airflow/example_dags/example_params_trigger_ui.py
[2024-03-12T23:53:27.557-0400] {logging_mixin.py:188} INFO - [2024-03-12T23:53:27.556-0400] {dag.py:3047} INFO - Sync 1 DAGs
[2024-03-12T23:53:27.594-0400] {logging_mixin.py:188} INFO - [2024-03-12T23:53:27.593-0400] {dag.py:3834} INFO - Setting next_dagrun for example_params_trigger_ui to None, run_after=None
[2024-03-12T23:53:27.694-0400] {processor.py:183} INFO - Processing /home/ironbong_jr/mlops/project/project/lib/python3.10/site-packages/airflow/example_dags/example_params_trigger_ui.py took 0.275 seconds
[2024-03-12T23:55:04.486-0400] {processor.py:161} INFO - Started process (PID=425362) to work on /home/ironbong_jr/mlops/project/project/lib/python3.10/site-packages/airflow/example_dags/example_params_trigger_ui.py
[2024-03-12T23:55:04.532-0400] {processor.py:830} INFO - Processing file /home/ironbong_jr/mlops/project/project/lib/python3.10/site-packages/airflow/example_dags/example_params_trigger_ui.py for tasks to queue
[2024-03-12T23:55:04.535-0400] {logging_mixin.py:188} INFO - [2024-03-12T23:55:04.534-0400] {dagbag.py:540} INFO - Filling up the DagBag from /home/ironbong_jr/mlops/project/project/lib/python3.10/site-packages/airflow/example_dags/example_params_trigger_ui.py
[2024-03-12T23:55:04.596-0400] {processor.py:840} INFO - DAG(s) 'example_params_trigger_ui' retrieved from /home/ironbong_jr/mlops/project/project/lib/python3.10/site-packages/airflow/example_dags/example_params_trigger_ui.py
[2024-03-12T23:55:04.720-0400] {logging_mixin.py:188} INFO - [2024-03-12T23:55:04.719-0400] {dag.py:3047} INFO - Sync 1 DAGs
[2024-03-12T23:55:04.755-0400] {logging_mixin.py:188} INFO - [2024-03-12T23:55:04.754-0400] {dag.py:3834} INFO - Setting next_dagrun for example_params_trigger_ui to None, run_after=None
[2024-03-12T23:55:04.828-0400] {processor.py:183} INFO - Processing /home/ironbong_jr/mlops/project/project/lib/python3.10/site-packages/airflow/example_dags/example_params_trigger_ui.py took 0.351 seconds
[2024-03-13T00:29:26.024-0400] {processor.py:161} INFO - Started process (PID=432666) to work on /home/ironbong_jr/mlops/project/project/lib/python3.10/site-packages/airflow/example_dags/example_params_trigger_ui.py
[2024-03-13T00:29:26.027-0400] {processor.py:830} INFO - Processing file /home/ironbong_jr/mlops/project/project/lib/python3.10/site-packages/airflow/example_dags/example_params_trigger_ui.py for tasks to queue
[2024-03-13T00:29:26.035-0400] {logging_mixin.py:188} INFO - [2024-03-13T00:29:26.029-0400] {dagbag.py:540} INFO - Filling up the DagBag from /home/ironbong_jr/mlops/project/project/lib/python3.10/site-packages/airflow/example_dags/example_params_trigger_ui.py
[2024-03-13T00:29:26.084-0400] {processor.py:840} INFO - DAG(s) 'example_params_trigger_ui' retrieved from /home/ironbong_jr/mlops/project/project/lib/python3.10/site-packages/airflow/example_dags/example_params_trigger_ui.py
[2024-03-13T00:29:26.605-0400] {logging_mixin.py:188} INFO - [2024-03-13T00:29:26.605-0400] {dag.py:3047} INFO - Sync 1 DAGs
[2024-03-13T00:29:26.629-0400] {logging_mixin.py:188} INFO - [2024-03-13T00:29:26.628-0400] {dag.py:3834} INFO - Setting next_dagrun for example_params_trigger_ui to None, run_after=None
[2024-03-13T00:29:26.751-0400] {processor.py:183} INFO - Processing /home/ironbong_jr/mlops/project/project/lib/python3.10/site-packages/airflow/example_dags/example_params_trigger_ui.py took 0.733 seconds
[2024-03-13T00:31:18.590-0400] {processor.py:161} INFO - Started process (PID=433165) to work on /home/ironbong_jr/mlops/project/project/lib/python3.10/site-packages/airflow/example_dags/example_params_trigger_ui.py
[2024-03-13T00:31:18.593-0400] {processor.py:830} INFO - Processing file /home/ironbong_jr/mlops/project/project/lib/python3.10/site-packages/airflow/example_dags/example_params_trigger_ui.py for tasks to queue
[2024-03-13T00:31:18.596-0400] {logging_mixin.py:188} INFO - [2024-03-13T00:31:18.595-0400] {dagbag.py:540} INFO - Filling up the DagBag from /home/ironbong_jr/mlops/project/project/lib/python3.10/site-packages/airflow/example_dags/example_params_trigger_ui.py
[2024-03-13T00:31:18.622-0400] {processor.py:840} INFO - DAG(s) 'example_params_trigger_ui' retrieved from /home/ironbong_jr/mlops/project/project/lib/python3.10/site-packages/airflow/example_dags/example_params_trigger_ui.py
[2024-03-13T00:31:18.697-0400] {logging_mixin.py:188} INFO - [2024-03-13T00:31:18.696-0400] {dag.py:3047} INFO - Sync 1 DAGs
[2024-03-13T00:31:18.719-0400] {logging_mixin.py:188} INFO - [2024-03-13T00:31:18.718-0400] {dag.py:3834} INFO - Setting next_dagrun for example_params_trigger_ui to None, run_after=None
[2024-03-13T00:31:18.959-0400] {processor.py:183} INFO - Processing /home/ironbong_jr/mlops/project/project/lib/python3.10/site-packages/airflow/example_dags/example_params_trigger_ui.py took 0.378 seconds
[2024-03-13T00:35:41.286-0400] {processor.py:161} INFO - Started process (PID=434276) to work on /home/ironbong_jr/mlops/project/project/lib/python3.10/site-packages/airflow/example_dags/example_params_trigger_ui.py
[2024-03-13T00:35:41.290-0400] {processor.py:830} INFO - Processing file /home/ironbong_jr/mlops/project/project/lib/python3.10/site-packages/airflow/example_dags/example_params_trigger_ui.py for tasks to queue
[2024-03-13T00:35:41.293-0400] {logging_mixin.py:188} INFO - [2024-03-13T00:35:41.292-0400] {dagbag.py:540} INFO - Filling up the DagBag from /home/ironbong_jr/mlops/project/project/lib/python3.10/site-packages/airflow/example_dags/example_params_trigger_ui.py
[2024-03-13T00:35:41.325-0400] {processor.py:840} INFO - DAG(s) 'example_params_trigger_ui' retrieved from /home/ironbong_jr/mlops/project/project/lib/python3.10/site-packages/airflow/example_dags/example_params_trigger_ui.py
[2024-03-13T00:35:41.401-0400] {logging_mixin.py:188} INFO - [2024-03-13T00:35:41.400-0400] {dag.py:3047} INFO - Sync 1 DAGs
[2024-03-13T00:35:41.421-0400] {logging_mixin.py:188} INFO - [2024-03-13T00:35:41.420-0400] {dag.py:3834} INFO - Setting next_dagrun for example_params_trigger_ui to None, run_after=None
[2024-03-13T00:35:41.467-0400] {processor.py:183} INFO - Processing /home/ironbong_jr/mlops/project/project/lib/python3.10/site-packages/airflow/example_dags/example_params_trigger_ui.py took 0.189 seconds
[2024-03-13T00:36:56.897-0400] {processor.py:161} INFO - Started process (PID=434605) to work on /home/ironbong_jr/mlops/project/project/lib/python3.10/site-packages/airflow/example_dags/example_params_trigger_ui.py
[2024-03-13T00:36:56.949-0400] {processor.py:830} INFO - Processing file /home/ironbong_jr/mlops/project/project/lib/python3.10/site-packages/airflow/example_dags/example_params_trigger_ui.py for tasks to queue
[2024-03-13T00:36:56.952-0400] {logging_mixin.py:188} INFO - [2024-03-13T00:36:56.951-0400] {dagbag.py:540} INFO - Filling up the DagBag from /home/ironbong_jr/mlops/project/project/lib/python3.10/site-packages/airflow/example_dags/example_params_trigger_ui.py
[2024-03-13T00:36:56.976-0400] {processor.py:840} INFO - DAG(s) 'example_params_trigger_ui' retrieved from /home/ironbong_jr/mlops/project/project/lib/python3.10/site-packages/airflow/example_dags/example_params_trigger_ui.py
[2024-03-13T00:36:57.047-0400] {logging_mixin.py:188} INFO - [2024-03-13T00:36:57.046-0400] {dag.py:3047} INFO - Sync 1 DAGs
[2024-03-13T00:36:57.070-0400] {logging_mixin.py:188} INFO - [2024-03-13T00:36:57.070-0400] {dag.py:3834} INFO - Setting next_dagrun for example_params_trigger_ui to None, run_after=None
[2024-03-13T00:36:57.184-0400] {processor.py:183} INFO - Processing /home/ironbong_jr/mlops/project/project/lib/python3.10/site-packages/airflow/example_dags/example_params_trigger_ui.py took 0.293 seconds
[2024-03-13T00:39:06.631-0400] {processor.py:161} INFO - Started process (PID=435238) to work on /home/ironbong_jr/mlops/project/project/lib/python3.10/site-packages/airflow/example_dags/example_params_trigger_ui.py
[2024-03-13T00:39:06.682-0400] {processor.py:830} INFO - Processing file /home/ironbong_jr/mlops/project/project/lib/python3.10/site-packages/airflow/example_dags/example_params_trigger_ui.py for tasks to queue
[2024-03-13T00:39:06.685-0400] {logging_mixin.py:188} INFO - [2024-03-13T00:39:06.684-0400] {dagbag.py:540} INFO - Filling up the DagBag from /home/ironbong_jr/mlops/project/project/lib/python3.10/site-packages/airflow/example_dags/example_params_trigger_ui.py
[2024-03-13T00:39:06.719-0400] {processor.py:840} INFO - DAG(s) 'example_params_trigger_ui' retrieved from /home/ironbong_jr/mlops/project/project/lib/python3.10/site-packages/airflow/example_dags/example_params_trigger_ui.py
[2024-03-13T00:39:06.797-0400] {logging_mixin.py:188} INFO - [2024-03-13T00:39:06.796-0400] {dag.py:3047} INFO - Sync 1 DAGs
[2024-03-13T00:39:06.814-0400] {logging_mixin.py:188} INFO - [2024-03-13T00:39:06.814-0400] {dag.py:3834} INFO - Setting next_dagrun for example_params_trigger_ui to None, run_after=None
[2024-03-13T00:39:06.905-0400] {processor.py:183} INFO - Processing /home/ironbong_jr/mlops/project/project/lib/python3.10/site-packages/airflow/example_dags/example_params_trigger_ui.py took 0.284 seconds
[2024-03-13T00:40:42.511-0400] {processor.py:161} INFO - Started process (PID=435664) to work on /home/ironbong_jr/mlops/project/project/lib/python3.10/site-packages/airflow/example_dags/example_params_trigger_ui.py
[2024-03-13T00:40:42.515-0400] {processor.py:830} INFO - Processing file /home/ironbong_jr/mlops/project/project/lib/python3.10/site-packages/airflow/example_dags/example_params_trigger_ui.py for tasks to queue
[2024-03-13T00:40:42.517-0400] {logging_mixin.py:188} INFO - [2024-03-13T00:40:42.516-0400] {dagbag.py:540} INFO - Filling up the DagBag from /home/ironbong_jr/mlops/project/project/lib/python3.10/site-packages/airflow/example_dags/example_params_trigger_ui.py
[2024-03-13T00:40:42.541-0400] {processor.py:840} INFO - DAG(s) 'example_params_trigger_ui' retrieved from /home/ironbong_jr/mlops/project/project/lib/python3.10/site-packages/airflow/example_dags/example_params_trigger_ui.py
[2024-03-13T00:40:42.606-0400] {logging_mixin.py:188} INFO - [2024-03-13T00:40:42.606-0400] {dag.py:3047} INFO - Sync 1 DAGs
[2024-03-13T00:40:42.631-0400] {logging_mixin.py:188} INFO - [2024-03-13T00:40:42.630-0400] {dag.py:3834} INFO - Setting next_dagrun for example_params_trigger_ui to None, run_after=None
[2024-03-13T00:40:42.715-0400] {processor.py:183} INFO - Processing /home/ironbong_jr/mlops/project/project/lib/python3.10/site-packages/airflow/example_dags/example_params_trigger_ui.py took 0.210 seconds
[2024-03-13T00:43:58.946-0400] {processor.py:161} INFO - Started process (PID=436582) to work on /home/ironbong_jr/mlops/project/project/lib/python3.10/site-packages/airflow/example_dags/example_params_trigger_ui.py
[2024-03-13T00:43:58.997-0400] {processor.py:830} INFO - Processing file /home/ironbong_jr/mlops/project/project/lib/python3.10/site-packages/airflow/example_dags/example_params_trigger_ui.py for tasks to queue
[2024-03-13T00:43:59.000-0400] {logging_mixin.py:188} INFO - [2024-03-13T00:43:58.999-0400] {dagbag.py:540} INFO - Filling up the DagBag from /home/ironbong_jr/mlops/project/project/lib/python3.10/site-packages/airflow/example_dags/example_params_trigger_ui.py
[2024-03-13T00:43:59.025-0400] {processor.py:840} INFO - DAG(s) 'example_params_trigger_ui' retrieved from /home/ironbong_jr/mlops/project/project/lib/python3.10/site-packages/airflow/example_dags/example_params_trigger_ui.py
[2024-03-13T00:43:59.072-0400] {logging_mixin.py:188} INFO - [2024-03-13T00:43:59.071-0400] {dag.py:3047} INFO - Sync 1 DAGs
[2024-03-13T00:43:59.085-0400] {logging_mixin.py:188} INFO - [2024-03-13T00:43:59.084-0400] {dag.py:3834} INFO - Setting next_dagrun for example_params_trigger_ui to None, run_after=None
[2024-03-13T00:43:59.128-0400] {processor.py:183} INFO - Processing /home/ironbong_jr/mlops/project/project/lib/python3.10/site-packages/airflow/example_dags/example_params_trigger_ui.py took 0.188 seconds
[2024-03-13T00:45:18.966-0400] {processor.py:161} INFO - Started process (PID=436930) to work on /home/ironbong_jr/mlops/project/project/lib/python3.10/site-packages/airflow/example_dags/example_params_trigger_ui.py
[2024-03-13T00:45:19.017-0400] {processor.py:830} INFO - Processing file /home/ironbong_jr/mlops/project/project/lib/python3.10/site-packages/airflow/example_dags/example_params_trigger_ui.py for tasks to queue
[2024-03-13T00:45:19.020-0400] {logging_mixin.py:188} INFO - [2024-03-13T00:45:19.019-0400] {dagbag.py:540} INFO - Filling up the DagBag from /home/ironbong_jr/mlops/project/project/lib/python3.10/site-packages/airflow/example_dags/example_params_trigger_ui.py
[2024-03-13T00:45:19.063-0400] {processor.py:840} INFO - DAG(s) 'example_params_trigger_ui' retrieved from /home/ironbong_jr/mlops/project/project/lib/python3.10/site-packages/airflow/example_dags/example_params_trigger_ui.py
[2024-03-13T00:45:19.104-0400] {logging_mixin.py:188} INFO - [2024-03-13T00:45:19.103-0400] {dag.py:3047} INFO - Sync 1 DAGs
[2024-03-13T00:45:19.118-0400] {logging_mixin.py:188} INFO - [2024-03-13T00:45:19.117-0400] {dag.py:3834} INFO - Setting next_dagrun for example_params_trigger_ui to None, run_after=None
[2024-03-13T00:45:19.221-0400] {processor.py:183} INFO - Processing /home/ironbong_jr/mlops/project/project/lib/python3.10/site-packages/airflow/example_dags/example_params_trigger_ui.py took 0.261 seconds
[2024-03-13T15:49:06.804-0400] {processor.py:161} INFO - Started process (PID=453708) to work on /home/ironbong_jr/mlops/project/project/lib/python3.10/site-packages/airflow/example_dags/example_params_trigger_ui.py
[2024-03-13T15:49:06.808-0400] {processor.py:830} INFO - Processing file /home/ironbong_jr/mlops/project/project/lib/python3.10/site-packages/airflow/example_dags/example_params_trigger_ui.py for tasks to queue
[2024-03-13T15:49:06.809-0400] {logging_mixin.py:188} INFO - [2024-03-13T15:49:06.808-0400] {dagbag.py:540} INFO - Filling up the DagBag from /home/ironbong_jr/mlops/project/project/lib/python3.10/site-packages/airflow/example_dags/example_params_trigger_ui.py
[2024-03-13T15:49:06.818-0400] {processor.py:840} INFO - DAG(s) 'example_params_trigger_ui' retrieved from /home/ironbong_jr/mlops/project/project/lib/python3.10/site-packages/airflow/example_dags/example_params_trigger_ui.py
[2024-03-13T15:49:06.823-0400] {logging_mixin.py:188} INFO - [2024-03-13T15:49:06.822-0400] {dag.py:3047} INFO - Sync 1 DAGs
[2024-03-13T15:49:06.830-0400] {logging_mixin.py:188} INFO - [2024-03-13T15:49:06.829-0400] {dag.py:3834} INFO - Setting next_dagrun for example_params_trigger_ui to None, run_after=None
[2024-03-13T15:49:06.850-0400] {processor.py:183} INFO - Processing /home/ironbong_jr/mlops/project/project/lib/python3.10/site-packages/airflow/example_dags/example_params_trigger_ui.py took 0.047 seconds
[2024-03-13T15:50:07.461-0400] {processor.py:161} INFO - Started process (PID=454016) to work on /home/ironbong_jr/mlops/project/project/lib/python3.10/site-packages/airflow/example_dags/example_params_trigger_ui.py
[2024-03-13T15:50:07.462-0400] {processor.py:830} INFO - Processing file /home/ironbong_jr/mlops/project/project/lib/python3.10/site-packages/airflow/example_dags/example_params_trigger_ui.py for tasks to queue
[2024-03-13T15:50:07.463-0400] {logging_mixin.py:188} INFO - [2024-03-13T15:50:07.462-0400] {dagbag.py:540} INFO - Filling up the DagBag from /home/ironbong_jr/mlops/project/project/lib/python3.10/site-packages/airflow/example_dags/example_params_trigger_ui.py
[2024-03-13T15:50:07.476-0400] {processor.py:840} INFO - DAG(s) 'example_params_trigger_ui' retrieved from /home/ironbong_jr/mlops/project/project/lib/python3.10/site-packages/airflow/example_dags/example_params_trigger_ui.py
[2024-03-13T15:50:07.624-0400] {logging_mixin.py:188} INFO - [2024-03-13T15:50:07.623-0400] {dag.py:3047} INFO - Sync 1 DAGs
[2024-03-13T15:50:07.629-0400] {logging_mixin.py:188} INFO - [2024-03-13T15:50:07.629-0400] {dag.py:3834} INFO - Setting next_dagrun for example_params_trigger_ui to None, run_after=None
[2024-03-13T15:50:07.653-0400] {processor.py:183} INFO - Processing /home/ironbong_jr/mlops/project/project/lib/python3.10/site-packages/airflow/example_dags/example_params_trigger_ui.py took 0.194 seconds
[2024-03-13T15:51:17.791-0400] {processor.py:161} INFO - Started process (PID=454445) to work on /home/ironbong_jr/mlops/project/project/lib/python3.10/site-packages/airflow/example_dags/example_params_trigger_ui.py
[2024-03-13T15:51:17.795-0400] {processor.py:830} INFO - Processing file /home/ironbong_jr/mlops/project/project/lib/python3.10/site-packages/airflow/example_dags/example_params_trigger_ui.py for tasks to queue
[2024-03-13T15:51:17.795-0400] {logging_mixin.py:188} INFO - [2024-03-13T15:51:17.795-0400] {dagbag.py:540} INFO - Filling up the DagBag from /home/ironbong_jr/mlops/project/project/lib/python3.10/site-packages/airflow/example_dags/example_params_trigger_ui.py
[2024-03-13T15:51:17.896-0400] {processor.py:840} INFO - DAG(s) 'example_params_trigger_ui' retrieved from /home/ironbong_jr/mlops/project/project/lib/python3.10/site-packages/airflow/example_dags/example_params_trigger_ui.py
[2024-03-13T15:51:17.918-0400] {logging_mixin.py:188} INFO - [2024-03-13T15:51:17.918-0400] {dag.py:3047} INFO - Sync 1 DAGs
[2024-03-13T15:51:17.925-0400] {logging_mixin.py:188} INFO - [2024-03-13T15:51:17.925-0400] {dag.py:3834} INFO - Setting next_dagrun for example_params_trigger_ui to None, run_after=None
[2024-03-13T15:51:17.948-0400] {processor.py:183} INFO - Processing /home/ironbong_jr/mlops/project/project/lib/python3.10/site-packages/airflow/example_dags/example_params_trigger_ui.py took 0.160 seconds
[2024-03-13T15:52:13.083-0400] {processor.py:161} INFO - Started process (PID=454734) to work on /home/ironbong_jr/mlops/project/project/lib/python3.10/site-packages/airflow/example_dags/example_params_trigger_ui.py
[2024-03-13T15:52:13.086-0400] {processor.py:830} INFO - Processing file /home/ironbong_jr/mlops/project/project/lib/python3.10/site-packages/airflow/example_dags/example_params_trigger_ui.py for tasks to queue
[2024-03-13T15:52:13.087-0400] {logging_mixin.py:188} INFO - [2024-03-13T15:52:13.087-0400] {dagbag.py:540} INFO - Filling up the DagBag from /home/ironbong_jr/mlops/project/project/lib/python3.10/site-packages/airflow/example_dags/example_params_trigger_ui.py
[2024-03-13T15:52:13.095-0400] {processor.py:840} INFO - DAG(s) 'example_params_trigger_ui' retrieved from /home/ironbong_jr/mlops/project/project/lib/python3.10/site-packages/airflow/example_dags/example_params_trigger_ui.py
[2024-03-13T15:52:13.116-0400] {logging_mixin.py:188} INFO - [2024-03-13T15:52:13.116-0400] {dag.py:3047} INFO - Sync 1 DAGs
[2024-03-13T15:52:13.122-0400] {logging_mixin.py:188} INFO - [2024-03-13T15:52:13.122-0400] {dag.py:3834} INFO - Setting next_dagrun for example_params_trigger_ui to None, run_after=None
[2024-03-13T15:52:13.144-0400] {processor.py:183} INFO - Processing /home/ironbong_jr/mlops/project/project/lib/python3.10/site-packages/airflow/example_dags/example_params_trigger_ui.py took 0.063 seconds
[2024-03-13T15:53:06.511-0400] {processor.py:161} INFO - Started process (PID=455026) to work on /home/ironbong_jr/mlops/project/project/lib/python3.10/site-packages/airflow/example_dags/example_params_trigger_ui.py
[2024-03-13T15:53:06.512-0400] {processor.py:830} INFO - Processing file /home/ironbong_jr/mlops/project/project/lib/python3.10/site-packages/airflow/example_dags/example_params_trigger_ui.py for tasks to queue
[2024-03-13T15:53:06.513-0400] {logging_mixin.py:188} INFO - [2024-03-13T15:53:06.512-0400] {dagbag.py:540} INFO - Filling up the DagBag from /home/ironbong_jr/mlops/project/project/lib/python3.10/site-packages/airflow/example_dags/example_params_trigger_ui.py
[2024-03-13T15:53:06.523-0400] {processor.py:840} INFO - DAG(s) 'example_params_trigger_ui' retrieved from /home/ironbong_jr/mlops/project/project/lib/python3.10/site-packages/airflow/example_dags/example_params_trigger_ui.py
[2024-03-13T15:53:06.544-0400] {logging_mixin.py:188} INFO - [2024-03-13T15:53:06.543-0400] {dag.py:3047} INFO - Sync 1 DAGs
[2024-03-13T15:53:06.552-0400] {logging_mixin.py:188} INFO - [2024-03-13T15:53:06.551-0400] {dag.py:3834} INFO - Setting next_dagrun for example_params_trigger_ui to None, run_after=None
[2024-03-13T15:53:06.573-0400] {processor.py:183} INFO - Processing /home/ironbong_jr/mlops/project/project/lib/python3.10/site-packages/airflow/example_dags/example_params_trigger_ui.py took 0.064 seconds
[2024-03-13T15:53:59.698-0400] {processor.py:161} INFO - Started process (PID=455278) to work on /home/ironbong_jr/mlops/project/project/lib/python3.10/site-packages/airflow/example_dags/example_params_trigger_ui.py
[2024-03-13T15:53:59.702-0400] {processor.py:830} INFO - Processing file /home/ironbong_jr/mlops/project/project/lib/python3.10/site-packages/airflow/example_dags/example_params_trigger_ui.py for tasks to queue
[2024-03-13T15:53:59.703-0400] {logging_mixin.py:188} INFO - [2024-03-13T15:53:59.702-0400] {dagbag.py:540} INFO - Filling up the DagBag from /home/ironbong_jr/mlops/project/project/lib/python3.10/site-packages/airflow/example_dags/example_params_trigger_ui.py
[2024-03-13T15:53:59.712-0400] {processor.py:840} INFO - DAG(s) 'example_params_trigger_ui' retrieved from /home/ironbong_jr/mlops/project/project/lib/python3.10/site-packages/airflow/example_dags/example_params_trigger_ui.py
[2024-03-13T15:53:59.732-0400] {logging_mixin.py:188} INFO - [2024-03-13T15:53:59.732-0400] {dag.py:3047} INFO - Sync 1 DAGs
[2024-03-13T15:53:59.738-0400] {logging_mixin.py:188} INFO - [2024-03-13T15:53:59.738-0400] {dag.py:3834} INFO - Setting next_dagrun for example_params_trigger_ui to None, run_after=None
[2024-03-13T15:53:59.761-0400] {processor.py:183} INFO - Processing /home/ironbong_jr/mlops/project/project/lib/python3.10/site-packages/airflow/example_dags/example_params_trigger_ui.py took 0.065 seconds
[2024-03-13T15:54:53.445-0400] {processor.py:161} INFO - Started process (PID=455543) to work on /home/ironbong_jr/mlops/project/project/lib/python3.10/site-packages/airflow/example_dags/example_params_trigger_ui.py
[2024-03-13T15:54:53.446-0400] {processor.py:830} INFO - Processing file /home/ironbong_jr/mlops/project/project/lib/python3.10/site-packages/airflow/example_dags/example_params_trigger_ui.py for tasks to queue
[2024-03-13T15:54:53.447-0400] {logging_mixin.py:188} INFO - [2024-03-13T15:54:53.447-0400] {dagbag.py:540} INFO - Filling up the DagBag from /home/ironbong_jr/mlops/project/project/lib/python3.10/site-packages/airflow/example_dags/example_params_trigger_ui.py
[2024-03-13T15:54:53.457-0400] {processor.py:840} INFO - DAG(s) 'example_params_trigger_ui' retrieved from /home/ironbong_jr/mlops/project/project/lib/python3.10/site-packages/airflow/example_dags/example_params_trigger_ui.py
[2024-03-13T15:54:53.480-0400] {logging_mixin.py:188} INFO - [2024-03-13T15:54:53.480-0400] {dag.py:3047} INFO - Sync 1 DAGs
[2024-03-13T15:54:53.486-0400] {logging_mixin.py:188} INFO - [2024-03-13T15:54:53.486-0400] {dag.py:3834} INFO - Setting next_dagrun for example_params_trigger_ui to None, run_after=None
[2024-03-13T15:54:53.508-0400] {processor.py:183} INFO - Processing /home/ironbong_jr/mlops/project/project/lib/python3.10/site-packages/airflow/example_dags/example_params_trigger_ui.py took 0.066 seconds
[2024-03-13T15:55:44.295-0400] {processor.py:161} INFO - Started process (PID=455807) to work on /home/ironbong_jr/mlops/project/project/lib/python3.10/site-packages/airflow/example_dags/example_params_trigger_ui.py
[2024-03-13T15:55:44.297-0400] {processor.py:830} INFO - Processing file /home/ironbong_jr/mlops/project/project/lib/python3.10/site-packages/airflow/example_dags/example_params_trigger_ui.py for tasks to queue
[2024-03-13T15:55:44.298-0400] {logging_mixin.py:188} INFO - [2024-03-13T15:55:44.297-0400] {dagbag.py:540} INFO - Filling up the DagBag from /home/ironbong_jr/mlops/project/project/lib/python3.10/site-packages/airflow/example_dags/example_params_trigger_ui.py
[2024-03-13T15:55:44.307-0400] {processor.py:840} INFO - DAG(s) 'example_params_trigger_ui' retrieved from /home/ironbong_jr/mlops/project/project/lib/python3.10/site-packages/airflow/example_dags/example_params_trigger_ui.py
[2024-03-13T15:55:44.332-0400] {logging_mixin.py:188} INFO - [2024-03-13T15:55:44.332-0400] {dag.py:3047} INFO - Sync 1 DAGs
[2024-03-13T15:55:44.341-0400] {logging_mixin.py:188} INFO - [2024-03-13T15:55:44.340-0400] {dag.py:3834} INFO - Setting next_dagrun for example_params_trigger_ui to None, run_after=None
[2024-03-13T15:55:44.365-0400] {processor.py:183} INFO - Processing /home/ironbong_jr/mlops/project/project/lib/python3.10/site-packages/airflow/example_dags/example_params_trigger_ui.py took 0.072 seconds
[2024-03-13T15:56:34.758-0400] {processor.py:161} INFO - Started process (PID=456063) to work on /home/ironbong_jr/mlops/project/project/lib/python3.10/site-packages/airflow/example_dags/example_params_trigger_ui.py
[2024-03-13T15:56:34.760-0400] {processor.py:830} INFO - Processing file /home/ironbong_jr/mlops/project/project/lib/python3.10/site-packages/airflow/example_dags/example_params_trigger_ui.py for tasks to queue
[2024-03-13T15:56:34.760-0400] {logging_mixin.py:188} INFO - [2024-03-13T15:56:34.760-0400] {dagbag.py:540} INFO - Filling up the DagBag from /home/ironbong_jr/mlops/project/project/lib/python3.10/site-packages/airflow/example_dags/example_params_trigger_ui.py
[2024-03-13T15:56:34.770-0400] {processor.py:840} INFO - DAG(s) 'example_params_trigger_ui' retrieved from /home/ironbong_jr/mlops/project/project/lib/python3.10/site-packages/airflow/example_dags/example_params_trigger_ui.py
[2024-03-13T15:56:34.793-0400] {logging_mixin.py:188} INFO - [2024-03-13T15:56:34.792-0400] {dag.py:3047} INFO - Sync 1 DAGs
[2024-03-13T15:56:34.800-0400] {logging_mixin.py:188} INFO - [2024-03-13T15:56:34.800-0400] {dag.py:3834} INFO - Setting next_dagrun for example_params_trigger_ui to None, run_after=None
[2024-03-13T15:56:34.822-0400] {processor.py:183} INFO - Processing /home/ironbong_jr/mlops/project/project/lib/python3.10/site-packages/airflow/example_dags/example_params_trigger_ui.py took 0.066 seconds
[2024-03-13T15:57:24.069-0400] {processor.py:161} INFO - Started process (PID=456319) to work on /home/ironbong_jr/mlops/project/project/lib/python3.10/site-packages/airflow/example_dags/example_params_trigger_ui.py
[2024-03-13T15:57:24.073-0400] {processor.py:830} INFO - Processing file /home/ironbong_jr/mlops/project/project/lib/python3.10/site-packages/airflow/example_dags/example_params_trigger_ui.py for tasks to queue
[2024-03-13T15:57:24.073-0400] {logging_mixin.py:188} INFO - [2024-03-13T15:57:24.073-0400] {dagbag.py:540} INFO - Filling up the DagBag from /home/ironbong_jr/mlops/project/project/lib/python3.10/site-packages/airflow/example_dags/example_params_trigger_ui.py
[2024-03-13T15:57:24.086-0400] {processor.py:840} INFO - DAG(s) 'example_params_trigger_ui' retrieved from /home/ironbong_jr/mlops/project/project/lib/python3.10/site-packages/airflow/example_dags/example_params_trigger_ui.py
[2024-03-13T15:57:24.109-0400] {logging_mixin.py:188} INFO - [2024-03-13T15:57:24.109-0400] {dag.py:3047} INFO - Sync 1 DAGs
[2024-03-13T15:57:24.116-0400] {logging_mixin.py:188} INFO - [2024-03-13T15:57:24.115-0400] {dag.py:3834} INFO - Setting next_dagrun for example_params_trigger_ui to None, run_after=None
[2024-03-13T15:57:24.140-0400] {processor.py:183} INFO - Processing /home/ironbong_jr/mlops/project/project/lib/python3.10/site-packages/airflow/example_dags/example_params_trigger_ui.py took 0.073 seconds
[2024-03-13T15:58:16.778-0400] {processor.py:161} INFO - Started process (PID=456631) to work on /home/ironbong_jr/mlops/project/project/lib/python3.10/site-packages/airflow/example_dags/example_params_trigger_ui.py
[2024-03-13T15:58:16.781-0400] {processor.py:830} INFO - Processing file /home/ironbong_jr/mlops/project/project/lib/python3.10/site-packages/airflow/example_dags/example_params_trigger_ui.py for tasks to queue
[2024-03-13T15:58:16.782-0400] {logging_mixin.py:188} INFO - [2024-03-13T15:58:16.782-0400] {dagbag.py:540} INFO - Filling up the DagBag from /home/ironbong_jr/mlops/project/project/lib/python3.10/site-packages/airflow/example_dags/example_params_trigger_ui.py
[2024-03-13T15:58:16.791-0400] {processor.py:840} INFO - DAG(s) 'example_params_trigger_ui' retrieved from /home/ironbong_jr/mlops/project/project/lib/python3.10/site-packages/airflow/example_dags/example_params_trigger_ui.py
[2024-03-13T15:58:16.812-0400] {logging_mixin.py:188} INFO - [2024-03-13T15:58:16.812-0400] {dag.py:3047} INFO - Sync 1 DAGs
[2024-03-13T15:58:16.818-0400] {logging_mixin.py:188} INFO - [2024-03-13T15:58:16.818-0400] {dag.py:3834} INFO - Setting next_dagrun for example_params_trigger_ui to None, run_after=None
[2024-03-13T15:58:16.840-0400] {processor.py:183} INFO - Processing /home/ironbong_jr/mlops/project/project/lib/python3.10/site-packages/airflow/example_dags/example_params_trigger_ui.py took 0.064 seconds
[2024-03-13T15:59:07.251-0400] {processor.py:161} INFO - Started process (PID=456874) to work on /home/ironbong_jr/mlops/project/project/lib/python3.10/site-packages/airflow/example_dags/example_params_trigger_ui.py
[2024-03-13T15:59:07.253-0400] {processor.py:830} INFO - Processing file /home/ironbong_jr/mlops/project/project/lib/python3.10/site-packages/airflow/example_dags/example_params_trigger_ui.py for tasks to queue
[2024-03-13T15:59:07.254-0400] {logging_mixin.py:188} INFO - [2024-03-13T15:59:07.253-0400] {dagbag.py:540} INFO - Filling up the DagBag from /home/ironbong_jr/mlops/project/project/lib/python3.10/site-packages/airflow/example_dags/example_params_trigger_ui.py
[2024-03-13T15:59:07.263-0400] {processor.py:840} INFO - DAG(s) 'example_params_trigger_ui' retrieved from /home/ironbong_jr/mlops/project/project/lib/python3.10/site-packages/airflow/example_dags/example_params_trigger_ui.py
[2024-03-13T15:59:07.286-0400] {logging_mixin.py:188} INFO - [2024-03-13T15:59:07.286-0400] {dag.py:3047} INFO - Sync 1 DAGs
[2024-03-13T15:59:07.294-0400] {logging_mixin.py:188} INFO - [2024-03-13T15:59:07.293-0400] {dag.py:3834} INFO - Setting next_dagrun for example_params_trigger_ui to None, run_after=None
[2024-03-13T15:59:07.319-0400] {processor.py:183} INFO - Processing /home/ironbong_jr/mlops/project/project/lib/python3.10/site-packages/airflow/example_dags/example_params_trigger_ui.py took 0.070 seconds
[2024-03-13T15:59:59.186-0400] {processor.py:161} INFO - Started process (PID=457130) to work on /home/ironbong_jr/mlops/project/project/lib/python3.10/site-packages/airflow/example_dags/example_params_trigger_ui.py
[2024-03-13T15:59:59.188-0400] {processor.py:830} INFO - Processing file /home/ironbong_jr/mlops/project/project/lib/python3.10/site-packages/airflow/example_dags/example_params_trigger_ui.py for tasks to queue
[2024-03-13T15:59:59.188-0400] {logging_mixin.py:188} INFO - [2024-03-13T15:59:59.188-0400] {dagbag.py:540} INFO - Filling up the DagBag from /home/ironbong_jr/mlops/project/project/lib/python3.10/site-packages/airflow/example_dags/example_params_trigger_ui.py
[2024-03-13T15:59:59.197-0400] {processor.py:840} INFO - DAG(s) 'example_params_trigger_ui' retrieved from /home/ironbong_jr/mlops/project/project/lib/python3.10/site-packages/airflow/example_dags/example_params_trigger_ui.py
[2024-03-13T15:59:59.218-0400] {logging_mixin.py:188} INFO - [2024-03-13T15:59:59.217-0400] {dag.py:3047} INFO - Sync 1 DAGs
[2024-03-13T15:59:59.225-0400] {logging_mixin.py:188} INFO - [2024-03-13T15:59:59.225-0400] {dag.py:3834} INFO - Setting next_dagrun for example_params_trigger_ui to None, run_after=None
[2024-03-13T15:59:59.245-0400] {processor.py:183} INFO - Processing /home/ironbong_jr/mlops/project/project/lib/python3.10/site-packages/airflow/example_dags/example_params_trigger_ui.py took 0.062 seconds
[2024-03-13T16:00:49.760-0400] {processor.py:161} INFO - Started process (PID=457386) to work on /home/ironbong_jr/mlops/project/project/lib/python3.10/site-packages/airflow/example_dags/example_params_trigger_ui.py
[2024-03-13T16:00:49.761-0400] {processor.py:830} INFO - Processing file /home/ironbong_jr/mlops/project/project/lib/python3.10/site-packages/airflow/example_dags/example_params_trigger_ui.py for tasks to queue
[2024-03-13T16:00:49.762-0400] {logging_mixin.py:188} INFO - [2024-03-13T16:00:49.762-0400] {dagbag.py:540} INFO - Filling up the DagBag from /home/ironbong_jr/mlops/project/project/lib/python3.10/site-packages/airflow/example_dags/example_params_trigger_ui.py
[2024-03-13T16:00:49.771-0400] {processor.py:840} INFO - DAG(s) 'example_params_trigger_ui' retrieved from /home/ironbong_jr/mlops/project/project/lib/python3.10/site-packages/airflow/example_dags/example_params_trigger_ui.py
[2024-03-13T16:00:49.792-0400] {logging_mixin.py:188} INFO - [2024-03-13T16:00:49.792-0400] {dag.py:3047} INFO - Sync 1 DAGs
[2024-03-13T16:00:49.798-0400] {logging_mixin.py:188} INFO - [2024-03-13T16:00:49.798-0400] {dag.py:3834} INFO - Setting next_dagrun for example_params_trigger_ui to None, run_after=None
[2024-03-13T16:00:49.819-0400] {processor.py:183} INFO - Processing /home/ironbong_jr/mlops/project/project/lib/python3.10/site-packages/airflow/example_dags/example_params_trigger_ui.py took 0.061 seconds
[2024-03-13T16:01:40.754-0400] {processor.py:161} INFO - Started process (PID=457644) to work on /home/ironbong_jr/mlops/project/project/lib/python3.10/site-packages/airflow/example_dags/example_params_trigger_ui.py
[2024-03-13T16:01:40.758-0400] {processor.py:830} INFO - Processing file /home/ironbong_jr/mlops/project/project/lib/python3.10/site-packages/airflow/example_dags/example_params_trigger_ui.py for tasks to queue
[2024-03-13T16:01:40.758-0400] {logging_mixin.py:188} INFO - [2024-03-13T16:01:40.758-0400] {dagbag.py:540} INFO - Filling up the DagBag from /home/ironbong_jr/mlops/project/project/lib/python3.10/site-packages/airflow/example_dags/example_params_trigger_ui.py
[2024-03-13T16:01:40.767-0400] {processor.py:840} INFO - DAG(s) 'example_params_trigger_ui' retrieved from /home/ironbong_jr/mlops/project/project/lib/python3.10/site-packages/airflow/example_dags/example_params_trigger_ui.py
[2024-03-13T16:01:40.788-0400] {logging_mixin.py:188} INFO - [2024-03-13T16:01:40.788-0400] {dag.py:3047} INFO - Sync 1 DAGs
[2024-03-13T16:01:40.794-0400] {logging_mixin.py:188} INFO - [2024-03-13T16:01:40.794-0400] {dag.py:3834} INFO - Setting next_dagrun for example_params_trigger_ui to None, run_after=None
[2024-03-13T16:01:40.816-0400] {processor.py:183} INFO - Processing /home/ironbong_jr/mlops/project/project/lib/python3.10/site-packages/airflow/example_dags/example_params_trigger_ui.py took 0.064 seconds
[2024-03-13T16:02:30.716-0400] {processor.py:161} INFO - Started process (PID=457914) to work on /home/ironbong_jr/mlops/project/project/lib/python3.10/site-packages/airflow/example_dags/example_params_trigger_ui.py
[2024-03-13T16:02:30.718-0400] {processor.py:830} INFO - Processing file /home/ironbong_jr/mlops/project/project/lib/python3.10/site-packages/airflow/example_dags/example_params_trigger_ui.py for tasks to queue
[2024-03-13T16:02:30.719-0400] {logging_mixin.py:188} INFO - [2024-03-13T16:02:30.718-0400] {dagbag.py:540} INFO - Filling up the DagBag from /home/ironbong_jr/mlops/project/project/lib/python3.10/site-packages/airflow/example_dags/example_params_trigger_ui.py
[2024-03-13T16:02:30.727-0400] {processor.py:840} INFO - DAG(s) 'example_params_trigger_ui' retrieved from /home/ironbong_jr/mlops/project/project/lib/python3.10/site-packages/airflow/example_dags/example_params_trigger_ui.py
[2024-03-13T16:02:30.748-0400] {logging_mixin.py:188} INFO - [2024-03-13T16:02:30.748-0400] {dag.py:3047} INFO - Sync 1 DAGs
[2024-03-13T16:02:30.755-0400] {logging_mixin.py:188} INFO - [2024-03-13T16:02:30.755-0400] {dag.py:3834} INFO - Setting next_dagrun for example_params_trigger_ui to None, run_after=None
[2024-03-13T16:02:30.777-0400] {processor.py:183} INFO - Processing /home/ironbong_jr/mlops/project/project/lib/python3.10/site-packages/airflow/example_dags/example_params_trigger_ui.py took 0.063 seconds
[2024-03-13T16:03:20.788-0400] {processor.py:161} INFO - Started process (PID=458184) to work on /home/ironbong_jr/mlops/project/project/lib/python3.10/site-packages/airflow/example_dags/example_params_trigger_ui.py
[2024-03-13T16:03:20.791-0400] {processor.py:830} INFO - Processing file /home/ironbong_jr/mlops/project/project/lib/python3.10/site-packages/airflow/example_dags/example_params_trigger_ui.py for tasks to queue
[2024-03-13T16:03:20.792-0400] {logging_mixin.py:188} INFO - [2024-03-13T16:03:20.791-0400] {dagbag.py:540} INFO - Filling up the DagBag from /home/ironbong_jr/mlops/project/project/lib/python3.10/site-packages/airflow/example_dags/example_params_trigger_ui.py
[2024-03-13T16:03:20.801-0400] {processor.py:840} INFO - DAG(s) 'example_params_trigger_ui' retrieved from /home/ironbong_jr/mlops/project/project/lib/python3.10/site-packages/airflow/example_dags/example_params_trigger_ui.py
[2024-03-13T16:03:20.821-0400] {logging_mixin.py:188} INFO - [2024-03-13T16:03:20.821-0400] {dag.py:3047} INFO - Sync 1 DAGs
[2024-03-13T16:03:20.827-0400] {logging_mixin.py:188} INFO - [2024-03-13T16:03:20.827-0400] {dag.py:3834} INFO - Setting next_dagrun for example_params_trigger_ui to None, run_after=None
[2024-03-13T16:03:20.851-0400] {processor.py:183} INFO - Processing /home/ironbong_jr/mlops/project/project/lib/python3.10/site-packages/airflow/example_dags/example_params_trigger_ui.py took 0.065 seconds
[2024-03-13T16:04:27.422-0400] {processor.py:161} INFO - Started process (PID=458596) to work on /home/ironbong_jr/mlops/project/project/lib/python3.10/site-packages/airflow/example_dags/example_params_trigger_ui.py
[2024-03-13T16:04:27.426-0400] {processor.py:830} INFO - Processing file /home/ironbong_jr/mlops/project/project/lib/python3.10/site-packages/airflow/example_dags/example_params_trigger_ui.py for tasks to queue
[2024-03-13T16:04:27.427-0400] {logging_mixin.py:188} INFO - [2024-03-13T16:04:27.427-0400] {dagbag.py:540} INFO - Filling up the DagBag from /home/ironbong_jr/mlops/project/project/lib/python3.10/site-packages/airflow/example_dags/example_params_trigger_ui.py
[2024-03-13T16:04:27.439-0400] {processor.py:840} INFO - DAG(s) 'example_params_trigger_ui' retrieved from /home/ironbong_jr/mlops/project/project/lib/python3.10/site-packages/airflow/example_dags/example_params_trigger_ui.py
[2024-03-13T16:04:27.466-0400] {logging_mixin.py:188} INFO - [2024-03-13T16:04:27.466-0400] {dag.py:3047} INFO - Sync 1 DAGs
[2024-03-13T16:04:27.474-0400] {logging_mixin.py:188} INFO - [2024-03-13T16:04:27.474-0400] {dag.py:3834} INFO - Setting next_dagrun for example_params_trigger_ui to None, run_after=None
[2024-03-13T16:04:27.500-0400] {processor.py:183} INFO - Processing /home/ironbong_jr/mlops/project/project/lib/python3.10/site-packages/airflow/example_dags/example_params_trigger_ui.py took 0.081 seconds
[2024-03-13T16:05:20.924-0400] {processor.py:161} INFO - Started process (PID=458870) to work on /home/ironbong_jr/mlops/project/project/lib/python3.10/site-packages/airflow/example_dags/example_params_trigger_ui.py
[2024-03-13T16:05:20.925-0400] {processor.py:830} INFO - Processing file /home/ironbong_jr/mlops/project/project/lib/python3.10/site-packages/airflow/example_dags/example_params_trigger_ui.py for tasks to queue
[2024-03-13T16:05:20.926-0400] {logging_mixin.py:188} INFO - [2024-03-13T16:05:20.926-0400] {dagbag.py:540} INFO - Filling up the DagBag from /home/ironbong_jr/mlops/project/project/lib/python3.10/site-packages/airflow/example_dags/example_params_trigger_ui.py
[2024-03-13T16:05:20.935-0400] {processor.py:840} INFO - DAG(s) 'example_params_trigger_ui' retrieved from /home/ironbong_jr/mlops/project/project/lib/python3.10/site-packages/airflow/example_dags/example_params_trigger_ui.py
[2024-03-13T16:05:20.962-0400] {logging_mixin.py:188} INFO - [2024-03-13T16:05:20.962-0400] {dag.py:3047} INFO - Sync 1 DAGs
[2024-03-13T16:05:20.968-0400] {logging_mixin.py:188} INFO - [2024-03-13T16:05:20.968-0400] {dag.py:3834} INFO - Setting next_dagrun for example_params_trigger_ui to None, run_after=None
[2024-03-13T16:05:20.988-0400] {processor.py:183} INFO - Processing /home/ironbong_jr/mlops/project/project/lib/python3.10/site-packages/airflow/example_dags/example_params_trigger_ui.py took 0.067 seconds
[2024-03-13T16:06:12.171-0400] {processor.py:161} INFO - Started process (PID=459130) to work on /home/ironbong_jr/mlops/project/project/lib/python3.10/site-packages/airflow/example_dags/example_params_trigger_ui.py
[2024-03-13T16:06:12.174-0400] {processor.py:830} INFO - Processing file /home/ironbong_jr/mlops/project/project/lib/python3.10/site-packages/airflow/example_dags/example_params_trigger_ui.py for tasks to queue
[2024-03-13T16:06:12.174-0400] {logging_mixin.py:188} INFO - [2024-03-13T16:06:12.174-0400] {dagbag.py:540} INFO - Filling up the DagBag from /home/ironbong_jr/mlops/project/project/lib/python3.10/site-packages/airflow/example_dags/example_params_trigger_ui.py
[2024-03-13T16:06:12.183-0400] {processor.py:840} INFO - DAG(s) 'example_params_trigger_ui' retrieved from /home/ironbong_jr/mlops/project/project/lib/python3.10/site-packages/airflow/example_dags/example_params_trigger_ui.py
[2024-03-13T16:06:12.203-0400] {logging_mixin.py:188} INFO - [2024-03-13T16:06:12.203-0400] {dag.py:3047} INFO - Sync 1 DAGs
[2024-03-13T16:06:12.210-0400] {logging_mixin.py:188} INFO - [2024-03-13T16:06:12.209-0400] {dag.py:3834} INFO - Setting next_dagrun for example_params_trigger_ui to None, run_after=None
[2024-03-13T16:06:12.232-0400] {processor.py:183} INFO - Processing /home/ironbong_jr/mlops/project/project/lib/python3.10/site-packages/airflow/example_dags/example_params_trigger_ui.py took 0.062 seconds
[2024-03-13T16:07:02.534-0400] {processor.py:161} INFO - Started process (PID=459371) to work on /home/ironbong_jr/mlops/project/project/lib/python3.10/site-packages/airflow/example_dags/example_params_trigger_ui.py
[2024-03-13T16:07:02.539-0400] {processor.py:830} INFO - Processing file /home/ironbong_jr/mlops/project/project/lib/python3.10/site-packages/airflow/example_dags/example_params_trigger_ui.py for tasks to queue
[2024-03-13T16:07:02.540-0400] {logging_mixin.py:188} INFO - [2024-03-13T16:07:02.540-0400] {dagbag.py:540} INFO - Filling up the DagBag from /home/ironbong_jr/mlops/project/project/lib/python3.10/site-packages/airflow/example_dags/example_params_trigger_ui.py
[2024-03-13T16:07:02.549-0400] {processor.py:840} INFO - DAG(s) 'example_params_trigger_ui' retrieved from /home/ironbong_jr/mlops/project/project/lib/python3.10/site-packages/airflow/example_dags/example_params_trigger_ui.py
[2024-03-13T16:07:02.569-0400] {logging_mixin.py:188} INFO - [2024-03-13T16:07:02.568-0400] {dag.py:3047} INFO - Sync 1 DAGs
[2024-03-13T16:07:02.575-0400] {logging_mixin.py:188} INFO - [2024-03-13T16:07:02.575-0400] {dag.py:3834} INFO - Setting next_dagrun for example_params_trigger_ui to None, run_after=None
[2024-03-13T16:07:02.597-0400] {processor.py:183} INFO - Processing /home/ironbong_jr/mlops/project/project/lib/python3.10/site-packages/airflow/example_dags/example_params_trigger_ui.py took 0.065 seconds
[2024-03-13T16:07:56.348-0400] {processor.py:161} INFO - Started process (PID=459633) to work on /home/ironbong_jr/mlops/project/project/lib/python3.10/site-packages/airflow/example_dags/example_params_trigger_ui.py
[2024-03-13T16:07:56.350-0400] {processor.py:830} INFO - Processing file /home/ironbong_jr/mlops/project/project/lib/python3.10/site-packages/airflow/example_dags/example_params_trigger_ui.py for tasks to queue
[2024-03-13T16:07:56.351-0400] {logging_mixin.py:188} INFO - [2024-03-13T16:07:56.351-0400] {dagbag.py:540} INFO - Filling up the DagBag from /home/ironbong_jr/mlops/project/project/lib/python3.10/site-packages/airflow/example_dags/example_params_trigger_ui.py
[2024-03-13T16:07:56.359-0400] {processor.py:840} INFO - DAG(s) 'example_params_trigger_ui' retrieved from /home/ironbong_jr/mlops/project/project/lib/python3.10/site-packages/airflow/example_dags/example_params_trigger_ui.py
[2024-03-13T16:07:56.379-0400] {logging_mixin.py:188} INFO - [2024-03-13T16:07:56.379-0400] {dag.py:3047} INFO - Sync 1 DAGs
[2024-03-13T16:07:56.386-0400] {logging_mixin.py:188} INFO - [2024-03-13T16:07:56.385-0400] {dag.py:3834} INFO - Setting next_dagrun for example_params_trigger_ui to None, run_after=None
[2024-03-13T16:07:56.406-0400] {processor.py:183} INFO - Processing /home/ironbong_jr/mlops/project/project/lib/python3.10/site-packages/airflow/example_dags/example_params_trigger_ui.py took 0.059 seconds
[2024-03-13T16:08:48.081-0400] {processor.py:161} INFO - Started process (PID=459891) to work on /home/ironbong_jr/mlops/project/project/lib/python3.10/site-packages/airflow/example_dags/example_params_trigger_ui.py
[2024-03-13T16:08:48.085-0400] {processor.py:830} INFO - Processing file /home/ironbong_jr/mlops/project/project/lib/python3.10/site-packages/airflow/example_dags/example_params_trigger_ui.py for tasks to queue
[2024-03-13T16:08:48.086-0400] {logging_mixin.py:188} INFO - [2024-03-13T16:08:48.085-0400] {dagbag.py:540} INFO - Filling up the DagBag from /home/ironbong_jr/mlops/project/project/lib/python3.10/site-packages/airflow/example_dags/example_params_trigger_ui.py
[2024-03-13T16:08:48.094-0400] {processor.py:840} INFO - DAG(s) 'example_params_trigger_ui' retrieved from /home/ironbong_jr/mlops/project/project/lib/python3.10/site-packages/airflow/example_dags/example_params_trigger_ui.py
[2024-03-13T16:08:48.114-0400] {logging_mixin.py:188} INFO - [2024-03-13T16:08:48.114-0400] {dag.py:3047} INFO - Sync 1 DAGs
[2024-03-13T16:08:48.120-0400] {logging_mixin.py:188} INFO - [2024-03-13T16:08:48.120-0400] {dag.py:3834} INFO - Setting next_dagrun for example_params_trigger_ui to None, run_after=None
[2024-03-13T16:08:48.141-0400] {processor.py:183} INFO - Processing /home/ironbong_jr/mlops/project/project/lib/python3.10/site-packages/airflow/example_dags/example_params_trigger_ui.py took 0.062 seconds
[2024-03-13T16:09:37.006-0400] {processor.py:161} INFO - Started process (PID=460128) to work on /home/ironbong_jr/mlops/project/project/lib/python3.10/site-packages/airflow/example_dags/example_params_trigger_ui.py
[2024-03-13T16:09:37.010-0400] {processor.py:830} INFO - Processing file /home/ironbong_jr/mlops/project/project/lib/python3.10/site-packages/airflow/example_dags/example_params_trigger_ui.py for tasks to queue
[2024-03-13T16:09:37.010-0400] {logging_mixin.py:188} INFO - [2024-03-13T16:09:37.010-0400] {dagbag.py:540} INFO - Filling up the DagBag from /home/ironbong_jr/mlops/project/project/lib/python3.10/site-packages/airflow/example_dags/example_params_trigger_ui.py
[2024-03-13T16:09:37.019-0400] {processor.py:840} INFO - DAG(s) 'example_params_trigger_ui' retrieved from /home/ironbong_jr/mlops/project/project/lib/python3.10/site-packages/airflow/example_dags/example_params_trigger_ui.py
[2024-03-13T16:09:37.040-0400] {logging_mixin.py:188} INFO - [2024-03-13T16:09:37.039-0400] {dag.py:3047} INFO - Sync 1 DAGs
[2024-03-13T16:09:37.046-0400] {logging_mixin.py:188} INFO - [2024-03-13T16:09:37.046-0400] {dag.py:3834} INFO - Setting next_dagrun for example_params_trigger_ui to None, run_after=None
[2024-03-13T16:09:37.069-0400] {processor.py:183} INFO - Processing /home/ironbong_jr/mlops/project/project/lib/python3.10/site-packages/airflow/example_dags/example_params_trigger_ui.py took 0.064 seconds
[2024-03-13T16:10:25.399-0400] {processor.py:161} INFO - Started process (PID=460377) to work on /home/ironbong_jr/mlops/project/project/lib/python3.10/site-packages/airflow/example_dags/example_params_trigger_ui.py
[2024-03-13T16:10:25.401-0400] {processor.py:830} INFO - Processing file /home/ironbong_jr/mlops/project/project/lib/python3.10/site-packages/airflow/example_dags/example_params_trigger_ui.py for tasks to queue
[2024-03-13T16:10:25.402-0400] {logging_mixin.py:188} INFO - [2024-03-13T16:10:25.402-0400] {dagbag.py:540} INFO - Filling up the DagBag from /home/ironbong_jr/mlops/project/project/lib/python3.10/site-packages/airflow/example_dags/example_params_trigger_ui.py
[2024-03-13T16:10:25.411-0400] {processor.py:840} INFO - DAG(s) 'example_params_trigger_ui' retrieved from /home/ironbong_jr/mlops/project/project/lib/python3.10/site-packages/airflow/example_dags/example_params_trigger_ui.py
[2024-03-13T16:10:25.431-0400] {logging_mixin.py:188} INFO - [2024-03-13T16:10:25.431-0400] {dag.py:3047} INFO - Sync 1 DAGs
[2024-03-13T16:10:25.438-0400] {logging_mixin.py:188} INFO - [2024-03-13T16:10:25.438-0400] {dag.py:3834} INFO - Setting next_dagrun for example_params_trigger_ui to None, run_after=None
[2024-03-13T16:10:25.459-0400] {processor.py:183} INFO - Processing /home/ironbong_jr/mlops/project/project/lib/python3.10/site-packages/airflow/example_dags/example_params_trigger_ui.py took 0.062 seconds
[2024-03-13T16:11:15.545-0400] {processor.py:161} INFO - Started process (PID=460628) to work on /home/ironbong_jr/mlops/project/project/lib/python3.10/site-packages/airflow/example_dags/example_params_trigger_ui.py
[2024-03-13T16:11:15.549-0400] {processor.py:830} INFO - Processing file /home/ironbong_jr/mlops/project/project/lib/python3.10/site-packages/airflow/example_dags/example_params_trigger_ui.py for tasks to queue
[2024-03-13T16:11:15.549-0400] {logging_mixin.py:188} INFO - [2024-03-13T16:11:15.549-0400] {dagbag.py:540} INFO - Filling up the DagBag from /home/ironbong_jr/mlops/project/project/lib/python3.10/site-packages/airflow/example_dags/example_params_trigger_ui.py
[2024-03-13T16:11:15.558-0400] {processor.py:840} INFO - DAG(s) 'example_params_trigger_ui' retrieved from /home/ironbong_jr/mlops/project/project/lib/python3.10/site-packages/airflow/example_dags/example_params_trigger_ui.py
[2024-03-13T16:11:15.579-0400] {logging_mixin.py:188} INFO - [2024-03-13T16:11:15.579-0400] {dag.py:3047} INFO - Sync 1 DAGs
[2024-03-13T16:11:15.585-0400] {logging_mixin.py:188} INFO - [2024-03-13T16:11:15.585-0400] {dag.py:3834} INFO - Setting next_dagrun for example_params_trigger_ui to None, run_after=None
[2024-03-13T16:11:15.607-0400] {processor.py:183} INFO - Processing /home/ironbong_jr/mlops/project/project/lib/python3.10/site-packages/airflow/example_dags/example_params_trigger_ui.py took 0.064 seconds
[2024-03-13T16:12:05.084-0400] {processor.py:161} INFO - Started process (PID=460865) to work on /home/ironbong_jr/mlops/project/project/lib/python3.10/site-packages/airflow/example_dags/example_params_trigger_ui.py
[2024-03-13T16:12:05.086-0400] {processor.py:830} INFO - Processing file /home/ironbong_jr/mlops/project/project/lib/python3.10/site-packages/airflow/example_dags/example_params_trigger_ui.py for tasks to queue
[2024-03-13T16:12:05.087-0400] {logging_mixin.py:188} INFO - [2024-03-13T16:12:05.087-0400] {dagbag.py:540} INFO - Filling up the DagBag from /home/ironbong_jr/mlops/project/project/lib/python3.10/site-packages/airflow/example_dags/example_params_trigger_ui.py
[2024-03-13T16:12:05.096-0400] {processor.py:840} INFO - DAG(s) 'example_params_trigger_ui' retrieved from /home/ironbong_jr/mlops/project/project/lib/python3.10/site-packages/airflow/example_dags/example_params_trigger_ui.py
[2024-03-13T16:12:05.116-0400] {logging_mixin.py:188} INFO - [2024-03-13T16:12:05.115-0400] {dag.py:3047} INFO - Sync 1 DAGs
[2024-03-13T16:12:05.122-0400] {logging_mixin.py:188} INFO - [2024-03-13T16:12:05.122-0400] {dag.py:3834} INFO - Setting next_dagrun for example_params_trigger_ui to None, run_after=None
[2024-03-13T16:12:05.145-0400] {processor.py:183} INFO - Processing /home/ironbong_jr/mlops/project/project/lib/python3.10/site-packages/airflow/example_dags/example_params_trigger_ui.py took 0.063 seconds
[2024-03-13T16:12:55.503-0400] {processor.py:161} INFO - Started process (PID=461125) to work on /home/ironbong_jr/mlops/project/project/lib/python3.10/site-packages/airflow/example_dags/example_params_trigger_ui.py
[2024-03-13T16:12:55.507-0400] {processor.py:830} INFO - Processing file /home/ironbong_jr/mlops/project/project/lib/python3.10/site-packages/airflow/example_dags/example_params_trigger_ui.py for tasks to queue
[2024-03-13T16:12:55.508-0400] {logging_mixin.py:188} INFO - [2024-03-13T16:12:55.508-0400] {dagbag.py:540} INFO - Filling up the DagBag from /home/ironbong_jr/mlops/project/project/lib/python3.10/site-packages/airflow/example_dags/example_params_trigger_ui.py
[2024-03-13T16:12:55.519-0400] {processor.py:840} INFO - DAG(s) 'example_params_trigger_ui' retrieved from /home/ironbong_jr/mlops/project/project/lib/python3.10/site-packages/airflow/example_dags/example_params_trigger_ui.py
[2024-03-13T16:12:55.542-0400] {logging_mixin.py:188} INFO - [2024-03-13T16:12:55.541-0400] {dag.py:3047} INFO - Sync 1 DAGs
[2024-03-13T16:12:55.549-0400] {logging_mixin.py:188} INFO - [2024-03-13T16:12:55.549-0400] {dag.py:3834} INFO - Setting next_dagrun for example_params_trigger_ui to None, run_after=None
[2024-03-13T16:12:55.572-0400] {processor.py:183} INFO - Processing /home/ironbong_jr/mlops/project/project/lib/python3.10/site-packages/airflow/example_dags/example_params_trigger_ui.py took 0.071 seconds
