[2024-03-12T21:21:47.233-0400] {processor.py:161} INFO - Started process (PID=406976) to work on /home/ironbong_jr/mlops/project/project/lib/python3.10/site-packages/airflow/example_dags/example_sensor_decorator.py
[2024-03-12T21:21:47.240-0400] {processor.py:830} INFO - Processing file /home/ironbong_jr/mlops/project/project/lib/python3.10/site-packages/airflow/example_dags/example_sensor_decorator.py for tasks to queue
[2024-03-12T21:21:47.243-0400] {logging_mixin.py:188} INFO - [2024-03-12T21:21:47.242-0400] {dagbag.py:540} INFO - Filling up the DagBag from /home/ironbong_jr/mlops/project/project/lib/python3.10/site-packages/airflow/example_dags/example_sensor_decorator.py
[2024-03-12T21:21:47.272-0400] {processor.py:840} INFO - DAG(s) 'example_sensor_decorator' retrieved from /home/ironbong_jr/mlops/project/project/lib/python3.10/site-packages/airflow/example_dags/example_sensor_decorator.py
[2024-03-12T21:21:47.584-0400] {logging_mixin.py:188} INFO - [2024-03-12T21:21:47.584-0400] {dag.py:3047} INFO - Sync 1 DAGs
[2024-03-12T21:21:47.595-0400] {logging_mixin.py:188} INFO - [2024-03-12T21:21:47.595-0400] {dag.py:3834} INFO - Setting next_dagrun for example_sensor_decorator to None, run_after=None
[2024-03-12T21:21:47.640-0400] {processor.py:183} INFO - Processing /home/ironbong_jr/mlops/project/project/lib/python3.10/site-packages/airflow/example_dags/example_sensor_decorator.py took 0.415 seconds
[2024-03-12T21:23:12.667-0400] {processor.py:161} INFO - Started process (PID=407354) to work on /home/ironbong_jr/mlops/project/project/lib/python3.10/site-packages/airflow/example_dags/example_sensor_decorator.py
[2024-03-12T21:23:12.722-0400] {processor.py:830} INFO - Processing file /home/ironbong_jr/mlops/project/project/lib/python3.10/site-packages/airflow/example_dags/example_sensor_decorator.py for tasks to queue
[2024-03-12T21:23:12.725-0400] {logging_mixin.py:188} INFO - [2024-03-12T21:23:12.724-0400] {dagbag.py:540} INFO - Filling up the DagBag from /home/ironbong_jr/mlops/project/project/lib/python3.10/site-packages/airflow/example_dags/example_sensor_decorator.py
[2024-03-12T21:23:12.748-0400] {processor.py:840} INFO - DAG(s) 'example_sensor_decorator' retrieved from /home/ironbong_jr/mlops/project/project/lib/python3.10/site-packages/airflow/example_dags/example_sensor_decorator.py
[2024-03-12T21:23:12.853-0400] {logging_mixin.py:188} INFO - [2024-03-12T21:23:12.850-0400] {dag.py:3047} INFO - Sync 1 DAGs
[2024-03-12T21:23:12.894-0400] {logging_mixin.py:188} INFO - [2024-03-12T21:23:12.893-0400] {dag.py:3834} INFO - Setting next_dagrun for example_sensor_decorator to None, run_after=None
[2024-03-12T21:23:13.168-0400] {processor.py:183} INFO - Processing /home/ironbong_jr/mlops/project/project/lib/python3.10/site-packages/airflow/example_dags/example_sensor_decorator.py took 0.506 seconds
[2024-03-12T21:26:36.566-0400] {processor.py:161} INFO - Started process (PID=408267) to work on /home/ironbong_jr/mlops/project/project/lib/python3.10/site-packages/airflow/example_dags/example_sensor_decorator.py
[2024-03-12T21:26:36.613-0400] {processor.py:830} INFO - Processing file /home/ironbong_jr/mlops/project/project/lib/python3.10/site-packages/airflow/example_dags/example_sensor_decorator.py for tasks to queue
[2024-03-12T21:26:36.616-0400] {logging_mixin.py:188} INFO - [2024-03-12T21:26:36.615-0400] {dagbag.py:540} INFO - Filling up the DagBag from /home/ironbong_jr/mlops/project/project/lib/python3.10/site-packages/airflow/example_dags/example_sensor_decorator.py
[2024-03-12T21:26:36.627-0400] {processor.py:840} INFO - DAG(s) 'example_sensor_decorator' retrieved from /home/ironbong_jr/mlops/project/project/lib/python3.10/site-packages/airflow/example_dags/example_sensor_decorator.py
[2024-03-12T21:26:36.659-0400] {logging_mixin.py:188} INFO - [2024-03-12T21:26:36.658-0400] {dag.py:3047} INFO - Sync 1 DAGs
[2024-03-12T21:26:36.682-0400] {logging_mixin.py:188} INFO - [2024-03-12T21:26:36.681-0400] {dag.py:3834} INFO - Setting next_dagrun for example_sensor_decorator to None, run_after=None
[2024-03-12T21:26:36.738-0400] {processor.py:183} INFO - Processing /home/ironbong_jr/mlops/project/project/lib/python3.10/site-packages/airflow/example_dags/example_sensor_decorator.py took 0.179 seconds
[2024-03-12T21:27:49.604-0400] {processor.py:161} INFO - Started process (PID=408590) to work on /home/ironbong_jr/mlops/project/project/lib/python3.10/site-packages/airflow/example_dags/example_sensor_decorator.py
[2024-03-12T21:27:49.654-0400] {processor.py:830} INFO - Processing file /home/ironbong_jr/mlops/project/project/lib/python3.10/site-packages/airflow/example_dags/example_sensor_decorator.py for tasks to queue
[2024-03-12T21:27:49.657-0400] {logging_mixin.py:188} INFO - [2024-03-12T21:27:49.656-0400] {dagbag.py:540} INFO - Filling up the DagBag from /home/ironbong_jr/mlops/project/project/lib/python3.10/site-packages/airflow/example_dags/example_sensor_decorator.py
[2024-03-12T21:27:49.669-0400] {processor.py:840} INFO - DAG(s) 'example_sensor_decorator' retrieved from /home/ironbong_jr/mlops/project/project/lib/python3.10/site-packages/airflow/example_dags/example_sensor_decorator.py
[2024-03-12T21:27:49.711-0400] {logging_mixin.py:188} INFO - [2024-03-12T21:27:49.710-0400] {dag.py:3047} INFO - Sync 1 DAGs
[2024-03-12T21:27:49.748-0400] {logging_mixin.py:188} INFO - [2024-03-12T21:27:49.747-0400] {dag.py:3834} INFO - Setting next_dagrun for example_sensor_decorator to None, run_after=None
[2024-03-12T21:27:49.853-0400] {processor.py:183} INFO - Processing /home/ironbong_jr/mlops/project/project/lib/python3.10/site-packages/airflow/example_dags/example_sensor_decorator.py took 0.265 seconds
[2024-03-12T21:29:27.634-0400] {processor.py:161} INFO - Started process (PID=409067) to work on /home/ironbong_jr/mlops/project/project/lib/python3.10/site-packages/airflow/example_dags/example_sensor_decorator.py
[2024-03-12T21:29:27.637-0400] {processor.py:830} INFO - Processing file /home/ironbong_jr/mlops/project/project/lib/python3.10/site-packages/airflow/example_dags/example_sensor_decorator.py for tasks to queue
[2024-03-12T21:29:27.639-0400] {logging_mixin.py:188} INFO - [2024-03-12T21:29:27.638-0400] {dagbag.py:540} INFO - Filling up the DagBag from /home/ironbong_jr/mlops/project/project/lib/python3.10/site-packages/airflow/example_dags/example_sensor_decorator.py
[2024-03-12T21:29:27.654-0400] {processor.py:840} INFO - DAG(s) 'example_sensor_decorator' retrieved from /home/ironbong_jr/mlops/project/project/lib/python3.10/site-packages/airflow/example_dags/example_sensor_decorator.py
[2024-03-12T21:29:27.693-0400] {logging_mixin.py:188} INFO - [2024-03-12T21:29:27.692-0400] {dag.py:3047} INFO - Sync 1 DAGs
[2024-03-12T21:29:27.725-0400] {logging_mixin.py:188} INFO - [2024-03-12T21:29:27.724-0400] {dag.py:3834} INFO - Setting next_dagrun for example_sensor_decorator to None, run_after=None
[2024-03-12T21:29:27.782-0400] {processor.py:183} INFO - Processing /home/ironbong_jr/mlops/project/project/lib/python3.10/site-packages/airflow/example_dags/example_sensor_decorator.py took 0.164 seconds
[2024-03-12T21:30:56.951-0400] {processor.py:161} INFO - Started process (PID=409509) to work on /home/ironbong_jr/mlops/project/project/lib/python3.10/site-packages/airflow/example_dags/example_sensor_decorator.py
[2024-03-12T21:30:57.003-0400] {processor.py:830} INFO - Processing file /home/ironbong_jr/mlops/project/project/lib/python3.10/site-packages/airflow/example_dags/example_sensor_decorator.py for tasks to queue
[2024-03-12T21:30:57.007-0400] {logging_mixin.py:188} INFO - [2024-03-12T21:30:57.006-0400] {dagbag.py:540} INFO - Filling up the DagBag from /home/ironbong_jr/mlops/project/project/lib/python3.10/site-packages/airflow/example_dags/example_sensor_decorator.py
[2024-03-12T21:30:57.025-0400] {processor.py:840} INFO - DAG(s) 'example_sensor_decorator' retrieved from /home/ironbong_jr/mlops/project/project/lib/python3.10/site-packages/airflow/example_dags/example_sensor_decorator.py
[2024-03-12T21:30:57.087-0400] {logging_mixin.py:188} INFO - [2024-03-12T21:30:57.086-0400] {dag.py:3047} INFO - Sync 1 DAGs
[2024-03-12T21:30:57.110-0400] {logging_mixin.py:188} INFO - [2024-03-12T21:30:57.109-0400] {dag.py:3834} INFO - Setting next_dagrun for example_sensor_decorator to None, run_after=None
[2024-03-12T21:30:57.214-0400] {processor.py:183} INFO - Processing /home/ironbong_jr/mlops/project/project/lib/python3.10/site-packages/airflow/example_dags/example_sensor_decorator.py took 0.271 seconds
[2024-03-12T21:32:36.241-0400] {processor.py:161} INFO - Started process (PID=410033) to work on /home/ironbong_jr/mlops/project/project/lib/python3.10/site-packages/airflow/example_dags/example_sensor_decorator.py
[2024-03-12T21:32:36.244-0400] {processor.py:830} INFO - Processing file /home/ironbong_jr/mlops/project/project/lib/python3.10/site-packages/airflow/example_dags/example_sensor_decorator.py for tasks to queue
[2024-03-12T21:32:36.246-0400] {logging_mixin.py:188} INFO - [2024-03-12T21:32:36.246-0400] {dagbag.py:540} INFO - Filling up the DagBag from /home/ironbong_jr/mlops/project/project/lib/python3.10/site-packages/airflow/example_dags/example_sensor_decorator.py
[2024-03-12T21:32:36.258-0400] {processor.py:840} INFO - DAG(s) 'example_sensor_decorator' retrieved from /home/ironbong_jr/mlops/project/project/lib/python3.10/site-packages/airflow/example_dags/example_sensor_decorator.py
[2024-03-12T21:32:36.285-0400] {logging_mixin.py:188} INFO - [2024-03-12T21:32:36.285-0400] {dag.py:3047} INFO - Sync 1 DAGs
[2024-03-12T21:32:36.311-0400] {logging_mixin.py:188} INFO - [2024-03-12T21:32:36.311-0400] {dag.py:3834} INFO - Setting next_dagrun for example_sensor_decorator to None, run_after=None
[2024-03-12T21:32:36.362-0400] {processor.py:183} INFO - Processing /home/ironbong_jr/mlops/project/project/lib/python3.10/site-packages/airflow/example_dags/example_sensor_decorator.py took 0.126 seconds
[2024-03-12T21:34:16.363-0400] {processor.py:161} INFO - Started process (PID=410534) to work on /home/ironbong_jr/mlops/project/project/lib/python3.10/site-packages/airflow/example_dags/example_sensor_decorator.py
[2024-03-12T21:34:16.413-0400] {processor.py:830} INFO - Processing file /home/ironbong_jr/mlops/project/project/lib/python3.10/site-packages/airflow/example_dags/example_sensor_decorator.py for tasks to queue
[2024-03-12T21:34:16.416-0400] {logging_mixin.py:188} INFO - [2024-03-12T21:34:16.414-0400] {dagbag.py:540} INFO - Filling up the DagBag from /home/ironbong_jr/mlops/project/project/lib/python3.10/site-packages/airflow/example_dags/example_sensor_decorator.py
[2024-03-12T21:34:16.433-0400] {processor.py:840} INFO - DAG(s) 'example_sensor_decorator' retrieved from /home/ironbong_jr/mlops/project/project/lib/python3.10/site-packages/airflow/example_dags/example_sensor_decorator.py
[2024-03-12T21:34:16.468-0400] {logging_mixin.py:188} INFO - [2024-03-12T21:34:16.467-0400] {dag.py:3047} INFO - Sync 1 DAGs
[2024-03-12T21:34:16.489-0400] {logging_mixin.py:188} INFO - [2024-03-12T21:34:16.488-0400] {dag.py:3834} INFO - Setting next_dagrun for example_sensor_decorator to None, run_after=None
[2024-03-12T21:34:16.540-0400] {processor.py:183} INFO - Processing /home/ironbong_jr/mlops/project/project/lib/python3.10/site-packages/airflow/example_dags/example_sensor_decorator.py took 0.183 seconds
[2024-03-12T23:26:06.081-0400] {processor.py:161} INFO - Started process (PID=417666) to work on /home/ironbong_jr/mlops/project/project/lib/python3.10/site-packages/airflow/example_dags/example_sensor_decorator.py
[2024-03-12T23:26:06.084-0400] {processor.py:830} INFO - Processing file /home/ironbong_jr/mlops/project/project/lib/python3.10/site-packages/airflow/example_dags/example_sensor_decorator.py for tasks to queue
[2024-03-12T23:26:06.086-0400] {logging_mixin.py:188} INFO - [2024-03-12T23:26:06.085-0400] {dagbag.py:540} INFO - Filling up the DagBag from /home/ironbong_jr/mlops/project/project/lib/python3.10/site-packages/airflow/example_dags/example_sensor_decorator.py
[2024-03-12T23:26:06.114-0400] {processor.py:840} INFO - DAG(s) 'example_sensor_decorator' retrieved from /home/ironbong_jr/mlops/project/project/lib/python3.10/site-packages/airflow/example_dags/example_sensor_decorator.py
[2024-03-12T23:26:06.550-0400] {logging_mixin.py:188} INFO - [2024-03-12T23:26:06.550-0400] {dag.py:3047} INFO - Sync 1 DAGs
[2024-03-12T23:26:06.562-0400] {logging_mixin.py:188} INFO - [2024-03-12T23:26:06.561-0400] {dag.py:3834} INFO - Setting next_dagrun for example_sensor_decorator to None, run_after=None
[2024-03-12T23:26:06.698-0400] {processor.py:183} INFO - Processing /home/ironbong_jr/mlops/project/project/lib/python3.10/site-packages/airflow/example_dags/example_sensor_decorator.py took 0.623 seconds
[2024-03-12T23:29:24.909-0400] {processor.py:161} INFO - Started process (PID=418469) to work on /home/ironbong_jr/mlops/project/project/lib/python3.10/site-packages/airflow/example_dags/example_sensor_decorator.py
[2024-03-12T23:29:24.961-0400] {processor.py:830} INFO - Processing file /home/ironbong_jr/mlops/project/project/lib/python3.10/site-packages/airflow/example_dags/example_sensor_decorator.py for tasks to queue
[2024-03-12T23:29:24.963-0400] {logging_mixin.py:188} INFO - [2024-03-12T23:29:24.962-0400] {dagbag.py:540} INFO - Filling up the DagBag from /home/ironbong_jr/mlops/project/project/lib/python3.10/site-packages/airflow/example_dags/example_sensor_decorator.py
[2024-03-12T23:29:24.979-0400] {processor.py:840} INFO - DAG(s) 'example_sensor_decorator' retrieved from /home/ironbong_jr/mlops/project/project/lib/python3.10/site-packages/airflow/example_dags/example_sensor_decorator.py
[2024-03-12T23:29:25.032-0400] {logging_mixin.py:188} INFO - [2024-03-12T23:29:25.031-0400] {dag.py:3047} INFO - Sync 1 DAGs
[2024-03-12T23:29:25.061-0400] {logging_mixin.py:188} INFO - [2024-03-12T23:29:25.060-0400] {dag.py:3834} INFO - Setting next_dagrun for example_sensor_decorator to None, run_after=None
[2024-03-12T23:29:25.167-0400] {processor.py:183} INFO - Processing /home/ironbong_jr/mlops/project/project/lib/python3.10/site-packages/airflow/example_dags/example_sensor_decorator.py took 0.266 seconds
[2024-03-12T23:30:47.582-0400] {processor.py:161} INFO - Started process (PID=418811) to work on /home/ironbong_jr/mlops/project/project/lib/python3.10/site-packages/airflow/example_dags/example_sensor_decorator.py
[2024-03-12T23:30:47.588-0400] {processor.py:830} INFO - Processing file /home/ironbong_jr/mlops/project/project/lib/python3.10/site-packages/airflow/example_dags/example_sensor_decorator.py for tasks to queue
[2024-03-12T23:30:47.590-0400] {logging_mixin.py:188} INFO - [2024-03-12T23:30:47.589-0400] {dagbag.py:540} INFO - Filling up the DagBag from /home/ironbong_jr/mlops/project/project/lib/python3.10/site-packages/airflow/example_dags/example_sensor_decorator.py
[2024-03-12T23:30:47.603-0400] {processor.py:840} INFO - DAG(s) 'example_sensor_decorator' retrieved from /home/ironbong_jr/mlops/project/project/lib/python3.10/site-packages/airflow/example_dags/example_sensor_decorator.py
[2024-03-12T23:30:47.652-0400] {logging_mixin.py:188} INFO - [2024-03-12T23:30:47.650-0400] {dag.py:3047} INFO - Sync 1 DAGs
[2024-03-12T23:30:47.690-0400] {logging_mixin.py:188} INFO - [2024-03-12T23:30:47.689-0400] {dag.py:3834} INFO - Setting next_dagrun for example_sensor_decorator to None, run_after=None
[2024-03-12T23:30:47.799-0400] {processor.py:183} INFO - Processing /home/ironbong_jr/mlops/project/project/lib/python3.10/site-packages/airflow/example_dags/example_sensor_decorator.py took 0.227 seconds
[2024-03-12T23:42:01.948-0400] {processor.py:161} INFO - Started process (PID=421531) to work on /home/ironbong_jr/mlops/project/project/lib/python3.10/site-packages/airflow/example_dags/example_sensor_decorator.py
[2024-03-12T23:42:01.999-0400] {processor.py:830} INFO - Processing file /home/ironbong_jr/mlops/project/project/lib/python3.10/site-packages/airflow/example_dags/example_sensor_decorator.py for tasks to queue
[2024-03-12T23:42:02.003-0400] {logging_mixin.py:188} INFO - [2024-03-12T23:42:02.002-0400] {dagbag.py:540} INFO - Filling up the DagBag from /home/ironbong_jr/mlops/project/project/lib/python3.10/site-packages/airflow/example_dags/example_sensor_decorator.py
[2024-03-12T23:42:02.023-0400] {processor.py:840} INFO - DAG(s) 'example_sensor_decorator' retrieved from /home/ironbong_jr/mlops/project/project/lib/python3.10/site-packages/airflow/example_dags/example_sensor_decorator.py
[2024-03-12T23:42:02.348-0400] {logging_mixin.py:188} INFO - [2024-03-12T23:42:02.348-0400] {dag.py:3047} INFO - Sync 1 DAGs
[2024-03-12T23:42:02.365-0400] {logging_mixin.py:188} INFO - [2024-03-12T23:42:02.365-0400] {dag.py:3834} INFO - Setting next_dagrun for example_sensor_decorator to None, run_after=None
[2024-03-12T23:42:02.458-0400] {processor.py:183} INFO - Processing /home/ironbong_jr/mlops/project/project/lib/python3.10/site-packages/airflow/example_dags/example_sensor_decorator.py took 0.514 seconds
[2024-03-12T23:43:36.099-0400] {processor.py:161} INFO - Started process (PID=421904) to work on /home/ironbong_jr/mlops/project/project/lib/python3.10/site-packages/airflow/example_dags/example_sensor_decorator.py
[2024-03-12T23:43:36.151-0400] {processor.py:830} INFO - Processing file /home/ironbong_jr/mlops/project/project/lib/python3.10/site-packages/airflow/example_dags/example_sensor_decorator.py for tasks to queue
[2024-03-12T23:43:36.154-0400] {logging_mixin.py:188} INFO - [2024-03-12T23:43:36.153-0400] {dagbag.py:540} INFO - Filling up the DagBag from /home/ironbong_jr/mlops/project/project/lib/python3.10/site-packages/airflow/example_dags/example_sensor_decorator.py
[2024-03-12T23:43:36.166-0400] {processor.py:840} INFO - DAG(s) 'example_sensor_decorator' retrieved from /home/ironbong_jr/mlops/project/project/lib/python3.10/site-packages/airflow/example_dags/example_sensor_decorator.py
[2024-03-12T23:43:36.195-0400] {logging_mixin.py:188} INFO - [2024-03-12T23:43:36.194-0400] {dag.py:3047} INFO - Sync 1 DAGs
[2024-03-12T23:43:36.214-0400] {logging_mixin.py:188} INFO - [2024-03-12T23:43:36.214-0400] {dag.py:3834} INFO - Setting next_dagrun for example_sensor_decorator to None, run_after=None
[2024-03-12T23:43:36.556-0400] {processor.py:183} INFO - Processing /home/ironbong_jr/mlops/project/project/lib/python3.10/site-packages/airflow/example_dags/example_sensor_decorator.py took 0.463 seconds
[2024-03-12T23:45:24.894-0400] {processor.py:161} INFO - Started process (PID=422499) to work on /home/ironbong_jr/mlops/project/project/lib/python3.10/site-packages/airflow/example_dags/example_sensor_decorator.py
[2024-03-12T23:45:24.898-0400] {processor.py:830} INFO - Processing file /home/ironbong_jr/mlops/project/project/lib/python3.10/site-packages/airflow/example_dags/example_sensor_decorator.py for tasks to queue
[2024-03-12T23:45:24.900-0400] {logging_mixin.py:188} INFO - [2024-03-12T23:45:24.899-0400] {dagbag.py:540} INFO - Filling up the DagBag from /home/ironbong_jr/mlops/project/project/lib/python3.10/site-packages/airflow/example_dags/example_sensor_decorator.py
[2024-03-12T23:45:24.918-0400] {processor.py:840} INFO - DAG(s) 'example_sensor_decorator' retrieved from /home/ironbong_jr/mlops/project/project/lib/python3.10/site-packages/airflow/example_dags/example_sensor_decorator.py
[2024-03-12T23:45:24.942-0400] {logging_mixin.py:188} INFO - [2024-03-12T23:45:24.942-0400] {dag.py:3047} INFO - Sync 1 DAGs
[2024-03-12T23:45:24.959-0400] {logging_mixin.py:188} INFO - [2024-03-12T23:45:24.959-0400] {dag.py:3834} INFO - Setting next_dagrun for example_sensor_decorator to None, run_after=None
[2024-03-12T23:45:24.998-0400] {processor.py:183} INFO - Processing /home/ironbong_jr/mlops/project/project/lib/python3.10/site-packages/airflow/example_dags/example_sensor_decorator.py took 0.110 seconds
[2024-03-12T23:47:22.873-0400] {processor.py:161} INFO - Started process (PID=423085) to work on /home/ironbong_jr/mlops/project/project/lib/python3.10/site-packages/airflow/example_dags/example_sensor_decorator.py
[2024-03-12T23:47:22.926-0400] {processor.py:830} INFO - Processing file /home/ironbong_jr/mlops/project/project/lib/python3.10/site-packages/airflow/example_dags/example_sensor_decorator.py for tasks to queue
[2024-03-12T23:47:22.928-0400] {logging_mixin.py:188} INFO - [2024-03-12T23:47:22.927-0400] {dagbag.py:540} INFO - Filling up the DagBag from /home/ironbong_jr/mlops/project/project/lib/python3.10/site-packages/airflow/example_dags/example_sensor_decorator.py
[2024-03-12T23:47:22.942-0400] {processor.py:840} INFO - DAG(s) 'example_sensor_decorator' retrieved from /home/ironbong_jr/mlops/project/project/lib/python3.10/site-packages/airflow/example_dags/example_sensor_decorator.py
[2024-03-12T23:47:22.970-0400] {logging_mixin.py:188} INFO - [2024-03-12T23:47:22.969-0400] {dag.py:3047} INFO - Sync 1 DAGs
[2024-03-12T23:47:22.988-0400] {logging_mixin.py:188} INFO - [2024-03-12T23:47:22.987-0400] {dag.py:3834} INFO - Setting next_dagrun for example_sensor_decorator to None, run_after=None
[2024-03-12T23:47:23.036-0400] {processor.py:183} INFO - Processing /home/ironbong_jr/mlops/project/project/lib/python3.10/site-packages/airflow/example_dags/example_sensor_decorator.py took 0.170 seconds
[2024-03-12T23:49:10.960-0400] {processor.py:161} INFO - Started process (PID=423554) to work on /home/ironbong_jr/mlops/project/project/lib/python3.10/site-packages/airflow/example_dags/example_sensor_decorator.py
[2024-03-12T23:49:11.012-0400] {processor.py:830} INFO - Processing file /home/ironbong_jr/mlops/project/project/lib/python3.10/site-packages/airflow/example_dags/example_sensor_decorator.py for tasks to queue
[2024-03-12T23:49:11.015-0400] {logging_mixin.py:188} INFO - [2024-03-12T23:49:11.013-0400] {dagbag.py:540} INFO - Filling up the DagBag from /home/ironbong_jr/mlops/project/project/lib/python3.10/site-packages/airflow/example_dags/example_sensor_decorator.py
[2024-03-12T23:49:11.028-0400] {processor.py:840} INFO - DAG(s) 'example_sensor_decorator' retrieved from /home/ironbong_jr/mlops/project/project/lib/python3.10/site-packages/airflow/example_dags/example_sensor_decorator.py
[2024-03-12T23:49:11.058-0400] {logging_mixin.py:188} INFO - [2024-03-12T23:49:11.058-0400] {dag.py:3047} INFO - Sync 1 DAGs
[2024-03-12T23:49:11.076-0400] {logging_mixin.py:188} INFO - [2024-03-12T23:49:11.076-0400] {dag.py:3834} INFO - Setting next_dagrun for example_sensor_decorator to None, run_after=None
[2024-03-12T23:49:11.129-0400] {processor.py:183} INFO - Processing /home/ironbong_jr/mlops/project/project/lib/python3.10/site-packages/airflow/example_dags/example_sensor_decorator.py took 0.177 seconds
[2024-03-12T23:50:37.242-0400] {processor.py:161} INFO - Started process (PID=424020) to work on /home/ironbong_jr/mlops/project/project/lib/python3.10/site-packages/airflow/example_dags/example_sensor_decorator.py
[2024-03-12T23:50:37.245-0400] {processor.py:830} INFO - Processing file /home/ironbong_jr/mlops/project/project/lib/python3.10/site-packages/airflow/example_dags/example_sensor_decorator.py for tasks to queue
[2024-03-12T23:50:37.247-0400] {logging_mixin.py:188} INFO - [2024-03-12T23:50:37.246-0400] {dagbag.py:540} INFO - Filling up the DagBag from /home/ironbong_jr/mlops/project/project/lib/python3.10/site-packages/airflow/example_dags/example_sensor_decorator.py
[2024-03-12T23:50:37.259-0400] {processor.py:840} INFO - DAG(s) 'example_sensor_decorator' retrieved from /home/ironbong_jr/mlops/project/project/lib/python3.10/site-packages/airflow/example_dags/example_sensor_decorator.py
[2024-03-12T23:50:37.300-0400] {logging_mixin.py:188} INFO - [2024-03-12T23:50:37.300-0400] {dag.py:3047} INFO - Sync 1 DAGs
[2024-03-12T23:50:37.331-0400] {logging_mixin.py:188} INFO - [2024-03-12T23:50:37.330-0400] {dag.py:3834} INFO - Setting next_dagrun for example_sensor_decorator to None, run_after=None
[2024-03-12T23:50:37.381-0400] {processor.py:183} INFO - Processing /home/ironbong_jr/mlops/project/project/lib/python3.10/site-packages/airflow/example_dags/example_sensor_decorator.py took 0.145 seconds
[2024-03-12T23:52:02.376-0400] {processor.py:161} INFO - Started process (PID=424409) to work on /home/ironbong_jr/mlops/project/project/lib/python3.10/site-packages/airflow/example_dags/example_sensor_decorator.py
[2024-03-12T23:52:02.407-0400] {processor.py:830} INFO - Processing file /home/ironbong_jr/mlops/project/project/lib/python3.10/site-packages/airflow/example_dags/example_sensor_decorator.py for tasks to queue
[2024-03-12T23:52:02.410-0400] {logging_mixin.py:188} INFO - [2024-03-12T23:52:02.409-0400] {dagbag.py:540} INFO - Filling up the DagBag from /home/ironbong_jr/mlops/project/project/lib/python3.10/site-packages/airflow/example_dags/example_sensor_decorator.py
[2024-03-12T23:52:02.434-0400] {processor.py:840} INFO - DAG(s) 'example_sensor_decorator' retrieved from /home/ironbong_jr/mlops/project/project/lib/python3.10/site-packages/airflow/example_dags/example_sensor_decorator.py
[2024-03-12T23:52:02.470-0400] {logging_mixin.py:188} INFO - [2024-03-12T23:52:02.470-0400] {dag.py:3047} INFO - Sync 1 DAGs
[2024-03-12T23:52:02.498-0400] {logging_mixin.py:188} INFO - [2024-03-12T23:52:02.498-0400] {dag.py:3834} INFO - Setting next_dagrun for example_sensor_decorator to None, run_after=None
[2024-03-12T23:52:02.613-0400] {processor.py:183} INFO - Processing /home/ironbong_jr/mlops/project/project/lib/python3.10/site-packages/airflow/example_dags/example_sensor_decorator.py took 0.242 seconds
[2024-03-12T23:53:28.964-0400] {processor.py:161} INFO - Started process (PID=424948) to work on /home/ironbong_jr/mlops/project/project/lib/python3.10/site-packages/airflow/example_dags/example_sensor_decorator.py
[2024-03-12T23:53:29.014-0400] {processor.py:830} INFO - Processing file /home/ironbong_jr/mlops/project/project/lib/python3.10/site-packages/airflow/example_dags/example_sensor_decorator.py for tasks to queue
[2024-03-12T23:53:29.016-0400] {logging_mixin.py:188} INFO - [2024-03-12T23:53:29.016-0400] {dagbag.py:540} INFO - Filling up the DagBag from /home/ironbong_jr/mlops/project/project/lib/python3.10/site-packages/airflow/example_dags/example_sensor_decorator.py
[2024-03-12T23:53:29.029-0400] {processor.py:840} INFO - DAG(s) 'example_sensor_decorator' retrieved from /home/ironbong_jr/mlops/project/project/lib/python3.10/site-packages/airflow/example_dags/example_sensor_decorator.py
[2024-03-12T23:53:29.059-0400] {logging_mixin.py:188} INFO - [2024-03-12T23:53:29.058-0400] {dag.py:3047} INFO - Sync 1 DAGs
[2024-03-12T23:53:29.077-0400] {logging_mixin.py:188} INFO - [2024-03-12T23:53:29.077-0400] {dag.py:3834} INFO - Setting next_dagrun for example_sensor_decorator to None, run_after=None
[2024-03-12T23:53:29.118-0400] {processor.py:183} INFO - Processing /home/ironbong_jr/mlops/project/project/lib/python3.10/site-packages/airflow/example_dags/example_sensor_decorator.py took 0.171 seconds
[2024-03-12T23:55:06.413-0400] {processor.py:161} INFO - Started process (PID=425370) to work on /home/ironbong_jr/mlops/project/project/lib/python3.10/site-packages/airflow/example_dags/example_sensor_decorator.py
[2024-03-12T23:55:06.464-0400] {processor.py:830} INFO - Processing file /home/ironbong_jr/mlops/project/project/lib/python3.10/site-packages/airflow/example_dags/example_sensor_decorator.py for tasks to queue
[2024-03-12T23:55:06.467-0400] {logging_mixin.py:188} INFO - [2024-03-12T23:55:06.466-0400] {dagbag.py:540} INFO - Filling up the DagBag from /home/ironbong_jr/mlops/project/project/lib/python3.10/site-packages/airflow/example_dags/example_sensor_decorator.py
[2024-03-12T23:55:06.481-0400] {processor.py:840} INFO - DAG(s) 'example_sensor_decorator' retrieved from /home/ironbong_jr/mlops/project/project/lib/python3.10/site-packages/airflow/example_dags/example_sensor_decorator.py
[2024-03-12T23:55:06.512-0400] {logging_mixin.py:188} INFO - [2024-03-12T23:55:06.512-0400] {dag.py:3047} INFO - Sync 1 DAGs
[2024-03-12T23:55:06.539-0400] {logging_mixin.py:188} INFO - [2024-03-12T23:55:06.538-0400] {dag.py:3834} INFO - Setting next_dagrun for example_sensor_decorator to None, run_after=None
[2024-03-12T23:55:06.599-0400] {processor.py:183} INFO - Processing /home/ironbong_jr/mlops/project/project/lib/python3.10/site-packages/airflow/example_dags/example_sensor_decorator.py took 0.194 seconds
[2024-03-13T00:29:52.711-0400] {processor.py:161} INFO - Started process (PID=432786) to work on /home/ironbong_jr/mlops/project/project/lib/python3.10/site-packages/airflow/example_dags/example_sensor_decorator.py
[2024-03-13T00:29:52.763-0400] {processor.py:830} INFO - Processing file /home/ironbong_jr/mlops/project/project/lib/python3.10/site-packages/airflow/example_dags/example_sensor_decorator.py for tasks to queue
[2024-03-13T00:29:52.766-0400] {logging_mixin.py:188} INFO - [2024-03-13T00:29:52.765-0400] {dagbag.py:540} INFO - Filling up the DagBag from /home/ironbong_jr/mlops/project/project/lib/python3.10/site-packages/airflow/example_dags/example_sensor_decorator.py
[2024-03-13T00:29:52.793-0400] {processor.py:840} INFO - DAG(s) 'example_sensor_decorator' retrieved from /home/ironbong_jr/mlops/project/project/lib/python3.10/site-packages/airflow/example_dags/example_sensor_decorator.py
[2024-03-13T00:29:53.145-0400] {logging_mixin.py:188} INFO - [2024-03-13T00:29:53.144-0400] {dag.py:3047} INFO - Sync 1 DAGs
[2024-03-13T00:29:53.159-0400] {logging_mixin.py:188} INFO - [2024-03-13T00:29:53.158-0400] {dag.py:3834} INFO - Setting next_dagrun for example_sensor_decorator to None, run_after=None
[2024-03-13T00:29:53.242-0400] {processor.py:183} INFO - Processing /home/ironbong_jr/mlops/project/project/lib/python3.10/site-packages/airflow/example_dags/example_sensor_decorator.py took 0.536 seconds
[2024-03-13T00:31:21.688-0400] {processor.py:161} INFO - Started process (PID=433173) to work on /home/ironbong_jr/mlops/project/project/lib/python3.10/site-packages/airflow/example_dags/example_sensor_decorator.py
[2024-03-13T00:31:21.741-0400] {processor.py:830} INFO - Processing file /home/ironbong_jr/mlops/project/project/lib/python3.10/site-packages/airflow/example_dags/example_sensor_decorator.py for tasks to queue
[2024-03-13T00:31:21.744-0400] {logging_mixin.py:188} INFO - [2024-03-13T00:31:21.743-0400] {dagbag.py:540} INFO - Filling up the DagBag from /home/ironbong_jr/mlops/project/project/lib/python3.10/site-packages/airflow/example_dags/example_sensor_decorator.py
[2024-03-13T00:31:21.760-0400] {processor.py:840} INFO - DAG(s) 'example_sensor_decorator' retrieved from /home/ironbong_jr/mlops/project/project/lib/python3.10/site-packages/airflow/example_dags/example_sensor_decorator.py
[2024-03-13T00:31:21.786-0400] {logging_mixin.py:188} INFO - [2024-03-13T00:31:21.786-0400] {dag.py:3047} INFO - Sync 1 DAGs
[2024-03-13T00:31:21.809-0400] {logging_mixin.py:188} INFO - [2024-03-13T00:31:21.809-0400] {dag.py:3834} INFO - Setting next_dagrun for example_sensor_decorator to None, run_after=None
[2024-03-13T00:31:21.889-0400] {processor.py:183} INFO - Processing /home/ironbong_jr/mlops/project/project/lib/python3.10/site-packages/airflow/example_dags/example_sensor_decorator.py took 0.209 seconds
[2024-03-13T00:35:43.263-0400] {processor.py:161} INFO - Started process (PID=434281) to work on /home/ironbong_jr/mlops/project/project/lib/python3.10/site-packages/airflow/example_dags/example_sensor_decorator.py
[2024-03-13T00:35:43.315-0400] {processor.py:830} INFO - Processing file /home/ironbong_jr/mlops/project/project/lib/python3.10/site-packages/airflow/example_dags/example_sensor_decorator.py for tasks to queue
[2024-03-13T00:35:43.318-0400] {logging_mixin.py:188} INFO - [2024-03-13T00:35:43.316-0400] {dagbag.py:540} INFO - Filling up the DagBag from /home/ironbong_jr/mlops/project/project/lib/python3.10/site-packages/airflow/example_dags/example_sensor_decorator.py
[2024-03-13T00:35:43.339-0400] {processor.py:840} INFO - DAG(s) 'example_sensor_decorator' retrieved from /home/ironbong_jr/mlops/project/project/lib/python3.10/site-packages/airflow/example_dags/example_sensor_decorator.py
[2024-03-13T00:35:43.391-0400] {logging_mixin.py:188} INFO - [2024-03-13T00:35:43.390-0400] {dag.py:3047} INFO - Sync 1 DAGs
[2024-03-13T00:35:43.419-0400] {logging_mixin.py:188} INFO - [2024-03-13T00:35:43.418-0400] {dag.py:3834} INFO - Setting next_dagrun for example_sensor_decorator to None, run_after=None
[2024-03-13T00:35:43.546-0400] {processor.py:183} INFO - Processing /home/ironbong_jr/mlops/project/project/lib/python3.10/site-packages/airflow/example_dags/example_sensor_decorator.py took 0.290 seconds
[2024-03-13T00:36:59.744-0400] {processor.py:161} INFO - Started process (PID=434619) to work on /home/ironbong_jr/mlops/project/project/lib/python3.10/site-packages/airflow/example_dags/example_sensor_decorator.py
[2024-03-13T00:36:59.795-0400] {processor.py:830} INFO - Processing file /home/ironbong_jr/mlops/project/project/lib/python3.10/site-packages/airflow/example_dags/example_sensor_decorator.py for tasks to queue
[2024-03-13T00:36:59.798-0400] {logging_mixin.py:188} INFO - [2024-03-13T00:36:59.797-0400] {dagbag.py:540} INFO - Filling up the DagBag from /home/ironbong_jr/mlops/project/project/lib/python3.10/site-packages/airflow/example_dags/example_sensor_decorator.py
[2024-03-13T00:36:59.818-0400] {processor.py:840} INFO - DAG(s) 'example_sensor_decorator' retrieved from /home/ironbong_jr/mlops/project/project/lib/python3.10/site-packages/airflow/example_dags/example_sensor_decorator.py
[2024-03-13T00:36:59.853-0400] {logging_mixin.py:188} INFO - [2024-03-13T00:36:59.852-0400] {dag.py:3047} INFO - Sync 1 DAGs
[2024-03-13T00:36:59.874-0400] {logging_mixin.py:188} INFO - [2024-03-13T00:36:59.874-0400] {dag.py:3834} INFO - Setting next_dagrun for example_sensor_decorator to None, run_after=None
[2024-03-13T00:36:59.929-0400] {processor.py:183} INFO - Processing /home/ironbong_jr/mlops/project/project/lib/python3.10/site-packages/airflow/example_dags/example_sensor_decorator.py took 0.203 seconds
[2024-03-13T00:39:09.051-0400] {processor.py:161} INFO - Started process (PID=435246) to work on /home/ironbong_jr/mlops/project/project/lib/python3.10/site-packages/airflow/example_dags/example_sensor_decorator.py
[2024-03-13T00:39:09.055-0400] {processor.py:830} INFO - Processing file /home/ironbong_jr/mlops/project/project/lib/python3.10/site-packages/airflow/example_dags/example_sensor_decorator.py for tasks to queue
[2024-03-13T00:39:09.067-0400] {logging_mixin.py:188} INFO - [2024-03-13T00:39:09.066-0400] {dagbag.py:540} INFO - Filling up the DagBag from /home/ironbong_jr/mlops/project/project/lib/python3.10/site-packages/airflow/example_dags/example_sensor_decorator.py
[2024-03-13T00:39:09.085-0400] {processor.py:840} INFO - DAG(s) 'example_sensor_decorator' retrieved from /home/ironbong_jr/mlops/project/project/lib/python3.10/site-packages/airflow/example_dags/example_sensor_decorator.py
[2024-03-13T00:39:09.142-0400] {logging_mixin.py:188} INFO - [2024-03-13T00:39:09.137-0400] {dag.py:3047} INFO - Sync 1 DAGs
[2024-03-13T00:39:09.176-0400] {logging_mixin.py:188} INFO - [2024-03-13T00:39:09.176-0400] {dag.py:3834} INFO - Setting next_dagrun for example_sensor_decorator to None, run_after=None
[2024-03-13T00:39:09.267-0400] {processor.py:183} INFO - Processing /home/ironbong_jr/mlops/project/project/lib/python3.10/site-packages/airflow/example_dags/example_sensor_decorator.py took 0.233 seconds
[2024-03-13T00:40:45.174-0400] {processor.py:161} INFO - Started process (PID=435675) to work on /home/ironbong_jr/mlops/project/project/lib/python3.10/site-packages/airflow/example_dags/example_sensor_decorator.py
[2024-03-13T00:40:45.177-0400] {processor.py:830} INFO - Processing file /home/ironbong_jr/mlops/project/project/lib/python3.10/site-packages/airflow/example_dags/example_sensor_decorator.py for tasks to queue
[2024-03-13T00:40:45.178-0400] {logging_mixin.py:188} INFO - [2024-03-13T00:40:45.178-0400] {dagbag.py:540} INFO - Filling up the DagBag from /home/ironbong_jr/mlops/project/project/lib/python3.10/site-packages/airflow/example_dags/example_sensor_decorator.py
[2024-03-13T00:40:45.190-0400] {processor.py:840} INFO - DAG(s) 'example_sensor_decorator' retrieved from /home/ironbong_jr/mlops/project/project/lib/python3.10/site-packages/airflow/example_dags/example_sensor_decorator.py
[2024-03-13T00:40:45.219-0400] {logging_mixin.py:188} INFO - [2024-03-13T00:40:45.219-0400] {dag.py:3047} INFO - Sync 1 DAGs
[2024-03-13T00:40:45.239-0400] {logging_mixin.py:188} INFO - [2024-03-13T00:40:45.238-0400] {dag.py:3834} INFO - Setting next_dagrun for example_sensor_decorator to None, run_after=None
[2024-03-13T00:40:45.287-0400] {processor.py:183} INFO - Processing /home/ironbong_jr/mlops/project/project/lib/python3.10/site-packages/airflow/example_dags/example_sensor_decorator.py took 0.118 seconds
[2024-03-13T00:44:01.232-0400] {processor.py:161} INFO - Started process (PID=436590) to work on /home/ironbong_jr/mlops/project/project/lib/python3.10/site-packages/airflow/example_dags/example_sensor_decorator.py
[2024-03-13T00:44:01.284-0400] {processor.py:830} INFO - Processing file /home/ironbong_jr/mlops/project/project/lib/python3.10/site-packages/airflow/example_dags/example_sensor_decorator.py for tasks to queue
[2024-03-13T00:44:01.287-0400] {logging_mixin.py:188} INFO - [2024-03-13T00:44:01.286-0400] {dagbag.py:540} INFO - Filling up the DagBag from /home/ironbong_jr/mlops/project/project/lib/python3.10/site-packages/airflow/example_dags/example_sensor_decorator.py
[2024-03-13T00:44:01.299-0400] {processor.py:840} INFO - DAG(s) 'example_sensor_decorator' retrieved from /home/ironbong_jr/mlops/project/project/lib/python3.10/site-packages/airflow/example_dags/example_sensor_decorator.py
[2024-03-13T00:44:01.325-0400] {logging_mixin.py:188} INFO - [2024-03-13T00:44:01.324-0400] {dag.py:3047} INFO - Sync 1 DAGs
[2024-03-13T00:44:01.340-0400] {logging_mixin.py:188} INFO - [2024-03-13T00:44:01.340-0400] {dag.py:3834} INFO - Setting next_dagrun for example_sensor_decorator to None, run_after=None
[2024-03-13T00:44:01.381-0400] {processor.py:183} INFO - Processing /home/ironbong_jr/mlops/project/project/lib/python3.10/site-packages/airflow/example_dags/example_sensor_decorator.py took 0.155 seconds
[2024-03-13T00:45:21.586-0400] {processor.py:161} INFO - Started process (PID=436938) to work on /home/ironbong_jr/mlops/project/project/lib/python3.10/site-packages/airflow/example_dags/example_sensor_decorator.py
[2024-03-13T00:45:21.636-0400] {processor.py:830} INFO - Processing file /home/ironbong_jr/mlops/project/project/lib/python3.10/site-packages/airflow/example_dags/example_sensor_decorator.py for tasks to queue
[2024-03-13T00:45:21.638-0400] {logging_mixin.py:188} INFO - [2024-03-13T00:45:21.637-0400] {dagbag.py:540} INFO - Filling up the DagBag from /home/ironbong_jr/mlops/project/project/lib/python3.10/site-packages/airflow/example_dags/example_sensor_decorator.py
[2024-03-13T00:45:21.649-0400] {processor.py:840} INFO - DAG(s) 'example_sensor_decorator' retrieved from /home/ironbong_jr/mlops/project/project/lib/python3.10/site-packages/airflow/example_dags/example_sensor_decorator.py
[2024-03-13T00:45:21.683-0400] {logging_mixin.py:188} INFO - [2024-03-13T00:45:21.682-0400] {dag.py:3047} INFO - Sync 1 DAGs
[2024-03-13T00:45:21.709-0400] {logging_mixin.py:188} INFO - [2024-03-13T00:45:21.709-0400] {dag.py:3834} INFO - Setting next_dagrun for example_sensor_decorator to None, run_after=None
[2024-03-13T00:45:21.753-0400] {processor.py:183} INFO - Processing /home/ironbong_jr/mlops/project/project/lib/python3.10/site-packages/airflow/example_dags/example_sensor_decorator.py took 0.172 seconds
[2024-03-13T15:49:09.062-0400] {processor.py:161} INFO - Started process (PID=453719) to work on /home/ironbong_jr/mlops/project/project/lib/python3.10/site-packages/airflow/example_dags/example_sensor_decorator.py
[2024-03-13T15:49:09.065-0400] {processor.py:830} INFO - Processing file /home/ironbong_jr/mlops/project/project/lib/python3.10/site-packages/airflow/example_dags/example_sensor_decorator.py for tasks to queue
[2024-03-13T15:49:09.066-0400] {logging_mixin.py:188} INFO - [2024-03-13T15:49:09.065-0400] {dagbag.py:540} INFO - Filling up the DagBag from /home/ironbong_jr/mlops/project/project/lib/python3.10/site-packages/airflow/example_dags/example_sensor_decorator.py
[2024-03-13T15:49:09.072-0400] {processor.py:840} INFO - DAG(s) 'example_sensor_decorator' retrieved from /home/ironbong_jr/mlops/project/project/lib/python3.10/site-packages/airflow/example_dags/example_sensor_decorator.py
[2024-03-13T15:49:09.078-0400] {logging_mixin.py:188} INFO - [2024-03-13T15:49:09.078-0400] {dag.py:3047} INFO - Sync 1 DAGs
[2024-03-13T15:49:09.087-0400] {logging_mixin.py:188} INFO - [2024-03-13T15:49:09.087-0400] {dag.py:3834} INFO - Setting next_dagrun for example_sensor_decorator to None, run_after=None
[2024-03-13T15:49:09.108-0400] {processor.py:183} INFO - Processing /home/ironbong_jr/mlops/project/project/lib/python3.10/site-packages/airflow/example_dags/example_sensor_decorator.py took 0.049 seconds
[2024-03-13T15:50:27.826-0400] {processor.py:161} INFO - Started process (PID=454101) to work on /home/ironbong_jr/mlops/project/project/lib/python3.10/site-packages/airflow/example_dags/example_sensor_decorator.py
[2024-03-13T15:50:27.827-0400] {processor.py:830} INFO - Processing file /home/ironbong_jr/mlops/project/project/lib/python3.10/site-packages/airflow/example_dags/example_sensor_decorator.py for tasks to queue
[2024-03-13T15:50:27.828-0400] {logging_mixin.py:188} INFO - [2024-03-13T15:50:27.828-0400] {dagbag.py:540} INFO - Filling up the DagBag from /home/ironbong_jr/mlops/project/project/lib/python3.10/site-packages/airflow/example_dags/example_sensor_decorator.py
[2024-03-13T15:50:27.834-0400] {processor.py:840} INFO - DAG(s) 'example_sensor_decorator' retrieved from /home/ironbong_jr/mlops/project/project/lib/python3.10/site-packages/airflow/example_dags/example_sensor_decorator.py
[2024-03-13T15:50:28.072-0400] {logging_mixin.py:188} INFO - [2024-03-13T15:50:28.071-0400] {dag.py:3047} INFO - Sync 1 DAGs
[2024-03-13T15:50:28.086-0400] {logging_mixin.py:188} INFO - [2024-03-13T15:50:28.086-0400] {dag.py:3834} INFO - Setting next_dagrun for example_sensor_decorator to None, run_after=None
[2024-03-13T15:50:28.131-0400] {processor.py:183} INFO - Processing /home/ironbong_jr/mlops/project/project/lib/python3.10/site-packages/airflow/example_dags/example_sensor_decorator.py took 0.308 seconds
[2024-03-13T15:52:13.694-0400] {processor.py:161} INFO - Started process (PID=454741) to work on /home/ironbong_jr/mlops/project/project/lib/python3.10/site-packages/airflow/example_dags/example_sensor_decorator.py
[2024-03-13T15:52:13.698-0400] {processor.py:830} INFO - Processing file /home/ironbong_jr/mlops/project/project/lib/python3.10/site-packages/airflow/example_dags/example_sensor_decorator.py for tasks to queue
[2024-03-13T15:52:13.699-0400] {logging_mixin.py:188} INFO - [2024-03-13T15:52:13.698-0400] {dagbag.py:540} INFO - Filling up the DagBag from /home/ironbong_jr/mlops/project/project/lib/python3.10/site-packages/airflow/example_dags/example_sensor_decorator.py
[2024-03-13T15:52:13.703-0400] {processor.py:840} INFO - DAG(s) 'example_sensor_decorator' retrieved from /home/ironbong_jr/mlops/project/project/lib/python3.10/site-packages/airflow/example_dags/example_sensor_decorator.py
[2024-03-13T15:52:13.714-0400] {logging_mixin.py:188} INFO - [2024-03-13T15:52:13.714-0400] {dag.py:3047} INFO - Sync 1 DAGs
[2024-03-13T15:52:13.721-0400] {logging_mixin.py:188} INFO - [2024-03-13T15:52:13.721-0400] {dag.py:3834} INFO - Setting next_dagrun for example_sensor_decorator to None, run_after=None
[2024-03-13T15:52:13.746-0400] {processor.py:183} INFO - Processing /home/ironbong_jr/mlops/project/project/lib/python3.10/site-packages/airflow/example_dags/example_sensor_decorator.py took 0.054 seconds
[2024-03-13T15:53:08.784-0400] {processor.py:161} INFO - Started process (PID=455034) to work on /home/ironbong_jr/mlops/project/project/lib/python3.10/site-packages/airflow/example_dags/example_sensor_decorator.py
[2024-03-13T15:53:08.787-0400] {processor.py:830} INFO - Processing file /home/ironbong_jr/mlops/project/project/lib/python3.10/site-packages/airflow/example_dags/example_sensor_decorator.py for tasks to queue
[2024-03-13T15:53:08.788-0400] {logging_mixin.py:188} INFO - [2024-03-13T15:53:08.788-0400] {dagbag.py:540} INFO - Filling up the DagBag from /home/ironbong_jr/mlops/project/project/lib/python3.10/site-packages/airflow/example_dags/example_sensor_decorator.py
[2024-03-13T15:53:08.793-0400] {processor.py:840} INFO - DAG(s) 'example_sensor_decorator' retrieved from /home/ironbong_jr/mlops/project/project/lib/python3.10/site-packages/airflow/example_dags/example_sensor_decorator.py
[2024-03-13T15:53:08.808-0400] {logging_mixin.py:188} INFO - [2024-03-13T15:53:08.808-0400] {dag.py:3047} INFO - Sync 1 DAGs
[2024-03-13T15:53:08.821-0400] {logging_mixin.py:188} INFO - [2024-03-13T15:53:08.820-0400] {dag.py:3834} INFO - Setting next_dagrun for example_sensor_decorator to None, run_after=None
[2024-03-13T15:53:08.845-0400] {processor.py:183} INFO - Processing /home/ironbong_jr/mlops/project/project/lib/python3.10/site-packages/airflow/example_dags/example_sensor_decorator.py took 0.065 seconds
[2024-03-13T15:54:01.807-0400] {processor.py:161} INFO - Started process (PID=455286) to work on /home/ironbong_jr/mlops/project/project/lib/python3.10/site-packages/airflow/example_dags/example_sensor_decorator.py
[2024-03-13T15:54:01.809-0400] {processor.py:830} INFO - Processing file /home/ironbong_jr/mlops/project/project/lib/python3.10/site-packages/airflow/example_dags/example_sensor_decorator.py for tasks to queue
[2024-03-13T15:54:01.810-0400] {logging_mixin.py:188} INFO - [2024-03-13T15:54:01.809-0400] {dagbag.py:540} INFO - Filling up the DagBag from /home/ironbong_jr/mlops/project/project/lib/python3.10/site-packages/airflow/example_dags/example_sensor_decorator.py
[2024-03-13T15:54:01.814-0400] {processor.py:840} INFO - DAG(s) 'example_sensor_decorator' retrieved from /home/ironbong_jr/mlops/project/project/lib/python3.10/site-packages/airflow/example_dags/example_sensor_decorator.py
[2024-03-13T15:54:01.823-0400] {logging_mixin.py:188} INFO - [2024-03-13T15:54:01.823-0400] {dag.py:3047} INFO - Sync 1 DAGs
[2024-03-13T15:54:01.829-0400] {logging_mixin.py:188} INFO - [2024-03-13T15:54:01.829-0400] {dag.py:3834} INFO - Setting next_dagrun for example_sensor_decorator to None, run_after=None
[2024-03-13T15:54:01.852-0400] {processor.py:183} INFO - Processing /home/ironbong_jr/mlops/project/project/lib/python3.10/site-packages/airflow/example_dags/example_sensor_decorator.py took 0.047 seconds
[2024-03-13T15:54:54.763-0400] {processor.py:161} INFO - Started process (PID=455545) to work on /home/ironbong_jr/mlops/project/project/lib/python3.10/site-packages/airflow/example_dags/example_sensor_decorator.py
[2024-03-13T15:54:54.767-0400] {processor.py:830} INFO - Processing file /home/ironbong_jr/mlops/project/project/lib/python3.10/site-packages/airflow/example_dags/example_sensor_decorator.py for tasks to queue
[2024-03-13T15:54:54.767-0400] {logging_mixin.py:188} INFO - [2024-03-13T15:54:54.767-0400] {dagbag.py:540} INFO - Filling up the DagBag from /home/ironbong_jr/mlops/project/project/lib/python3.10/site-packages/airflow/example_dags/example_sensor_decorator.py
[2024-03-13T15:54:54.771-0400] {processor.py:840} INFO - DAG(s) 'example_sensor_decorator' retrieved from /home/ironbong_jr/mlops/project/project/lib/python3.10/site-packages/airflow/example_dags/example_sensor_decorator.py
[2024-03-13T15:54:54.781-0400] {logging_mixin.py:188} INFO - [2024-03-13T15:54:54.781-0400] {dag.py:3047} INFO - Sync 1 DAGs
[2024-03-13T15:54:54.787-0400] {logging_mixin.py:188} INFO - [2024-03-13T15:54:54.787-0400] {dag.py:3834} INFO - Setting next_dagrun for example_sensor_decorator to None, run_after=None
[2024-03-13T15:54:54.810-0400] {processor.py:183} INFO - Processing /home/ironbong_jr/mlops/project/project/lib/python3.10/site-packages/airflow/example_dags/example_sensor_decorator.py took 0.049 seconds
[2024-03-13T15:55:46.557-0400] {processor.py:161} INFO - Started process (PID=455821) to work on /home/ironbong_jr/mlops/project/project/lib/python3.10/site-packages/airflow/example_dags/example_sensor_decorator.py
[2024-03-13T15:55:46.561-0400] {processor.py:830} INFO - Processing file /home/ironbong_jr/mlops/project/project/lib/python3.10/site-packages/airflow/example_dags/example_sensor_decorator.py for tasks to queue
[2024-03-13T15:55:46.561-0400] {logging_mixin.py:188} INFO - [2024-03-13T15:55:46.561-0400] {dagbag.py:540} INFO - Filling up the DagBag from /home/ironbong_jr/mlops/project/project/lib/python3.10/site-packages/airflow/example_dags/example_sensor_decorator.py
[2024-03-13T15:55:46.566-0400] {processor.py:840} INFO - DAG(s) 'example_sensor_decorator' retrieved from /home/ironbong_jr/mlops/project/project/lib/python3.10/site-packages/airflow/example_dags/example_sensor_decorator.py
[2024-03-13T15:55:46.576-0400] {logging_mixin.py:188} INFO - [2024-03-13T15:55:46.575-0400] {dag.py:3047} INFO - Sync 1 DAGs
[2024-03-13T15:55:46.582-0400] {logging_mixin.py:188} INFO - [2024-03-13T15:55:46.582-0400] {dag.py:3834} INFO - Setting next_dagrun for example_sensor_decorator to None, run_after=None
[2024-03-13T15:55:46.604-0400] {processor.py:183} INFO - Processing /home/ironbong_jr/mlops/project/project/lib/python3.10/site-packages/airflow/example_dags/example_sensor_decorator.py took 0.049 seconds
[2024-03-13T15:56:37.016-0400] {processor.py:161} INFO - Started process (PID=456071) to work on /home/ironbong_jr/mlops/project/project/lib/python3.10/site-packages/airflow/example_dags/example_sensor_decorator.py
[2024-03-13T15:56:37.020-0400] {processor.py:830} INFO - Processing file /home/ironbong_jr/mlops/project/project/lib/python3.10/site-packages/airflow/example_dags/example_sensor_decorator.py for tasks to queue
[2024-03-13T15:56:37.021-0400] {logging_mixin.py:188} INFO - [2024-03-13T15:56:37.020-0400] {dagbag.py:540} INFO - Filling up the DagBag from /home/ironbong_jr/mlops/project/project/lib/python3.10/site-packages/airflow/example_dags/example_sensor_decorator.py
[2024-03-13T15:56:37.025-0400] {processor.py:840} INFO - DAG(s) 'example_sensor_decorator' retrieved from /home/ironbong_jr/mlops/project/project/lib/python3.10/site-packages/airflow/example_dags/example_sensor_decorator.py
[2024-03-13T15:56:37.035-0400] {logging_mixin.py:188} INFO - [2024-03-13T15:56:37.034-0400] {dag.py:3047} INFO - Sync 1 DAGs
[2024-03-13T15:56:37.042-0400] {logging_mixin.py:188} INFO - [2024-03-13T15:56:37.042-0400] {dag.py:3834} INFO - Setting next_dagrun for example_sensor_decorator to None, run_after=None
[2024-03-13T15:56:37.067-0400] {processor.py:183} INFO - Processing /home/ironbong_jr/mlops/project/project/lib/python3.10/site-packages/airflow/example_dags/example_sensor_decorator.py took 0.052 seconds
[2024-03-13T15:57:26.333-0400] {processor.py:161} INFO - Started process (PID=456329) to work on /home/ironbong_jr/mlops/project/project/lib/python3.10/site-packages/airflow/example_dags/example_sensor_decorator.py
[2024-03-13T15:57:26.337-0400] {processor.py:830} INFO - Processing file /home/ironbong_jr/mlops/project/project/lib/python3.10/site-packages/airflow/example_dags/example_sensor_decorator.py for tasks to queue
[2024-03-13T15:57:26.338-0400] {logging_mixin.py:188} INFO - [2024-03-13T15:57:26.338-0400] {dagbag.py:540} INFO - Filling up the DagBag from /home/ironbong_jr/mlops/project/project/lib/python3.10/site-packages/airflow/example_dags/example_sensor_decorator.py
[2024-03-13T15:57:26.345-0400] {processor.py:840} INFO - DAG(s) 'example_sensor_decorator' retrieved from /home/ironbong_jr/mlops/project/project/lib/python3.10/site-packages/airflow/example_dags/example_sensor_decorator.py
[2024-03-13T15:57:26.359-0400] {logging_mixin.py:188} INFO - [2024-03-13T15:57:26.359-0400] {dag.py:3047} INFO - Sync 1 DAGs
[2024-03-13T15:57:26.368-0400] {logging_mixin.py:188} INFO - [2024-03-13T15:57:26.367-0400] {dag.py:3834} INFO - Setting next_dagrun for example_sensor_decorator to None, run_after=None
[2024-03-13T15:57:26.394-0400] {processor.py:183} INFO - Processing /home/ironbong_jr/mlops/project/project/lib/python3.10/site-packages/airflow/example_dags/example_sensor_decorator.py took 0.064 seconds
[2024-03-13T15:58:19.033-0400] {processor.py:161} INFO - Started process (PID=456639) to work on /home/ironbong_jr/mlops/project/project/lib/python3.10/site-packages/airflow/example_dags/example_sensor_decorator.py
[2024-03-13T15:58:19.036-0400] {processor.py:830} INFO - Processing file /home/ironbong_jr/mlops/project/project/lib/python3.10/site-packages/airflow/example_dags/example_sensor_decorator.py for tasks to queue
[2024-03-13T15:58:19.037-0400] {logging_mixin.py:188} INFO - [2024-03-13T15:58:19.036-0400] {dagbag.py:540} INFO - Filling up the DagBag from /home/ironbong_jr/mlops/project/project/lib/python3.10/site-packages/airflow/example_dags/example_sensor_decorator.py
[2024-03-13T15:58:19.041-0400] {processor.py:840} INFO - DAG(s) 'example_sensor_decorator' retrieved from /home/ironbong_jr/mlops/project/project/lib/python3.10/site-packages/airflow/example_dags/example_sensor_decorator.py
[2024-03-13T15:58:19.050-0400] {logging_mixin.py:188} INFO - [2024-03-13T15:58:19.050-0400] {dag.py:3047} INFO - Sync 1 DAGs
[2024-03-13T15:58:19.056-0400] {logging_mixin.py:188} INFO - [2024-03-13T15:58:19.056-0400] {dag.py:3834} INFO - Setting next_dagrun for example_sensor_decorator to None, run_after=None
[2024-03-13T15:58:19.079-0400] {processor.py:183} INFO - Processing /home/ironbong_jr/mlops/project/project/lib/python3.10/site-packages/airflow/example_dags/example_sensor_decorator.py took 0.048 seconds
[2024-03-13T15:59:09.509-0400] {processor.py:161} INFO - Started process (PID=456882) to work on /home/ironbong_jr/mlops/project/project/lib/python3.10/site-packages/airflow/example_dags/example_sensor_decorator.py
[2024-03-13T15:59:09.512-0400] {processor.py:830} INFO - Processing file /home/ironbong_jr/mlops/project/project/lib/python3.10/site-packages/airflow/example_dags/example_sensor_decorator.py for tasks to queue
[2024-03-13T15:59:09.513-0400] {logging_mixin.py:188} INFO - [2024-03-13T15:59:09.513-0400] {dagbag.py:540} INFO - Filling up the DagBag from /home/ironbong_jr/mlops/project/project/lib/python3.10/site-packages/airflow/example_dags/example_sensor_decorator.py
[2024-03-13T15:59:09.517-0400] {processor.py:840} INFO - DAG(s) 'example_sensor_decorator' retrieved from /home/ironbong_jr/mlops/project/project/lib/python3.10/site-packages/airflow/example_dags/example_sensor_decorator.py
[2024-03-13T15:59:09.527-0400] {logging_mixin.py:188} INFO - [2024-03-13T15:59:09.526-0400] {dag.py:3047} INFO - Sync 1 DAGs
[2024-03-13T15:59:09.534-0400] {logging_mixin.py:188} INFO - [2024-03-13T15:59:09.534-0400] {dag.py:3834} INFO - Setting next_dagrun for example_sensor_decorator to None, run_after=None
[2024-03-13T15:59:09.557-0400] {processor.py:183} INFO - Processing /home/ironbong_jr/mlops/project/project/lib/python3.10/site-packages/airflow/example_dags/example_sensor_decorator.py took 0.050 seconds
[2024-03-13T16:00:01.456-0400] {processor.py:161} INFO - Started process (PID=457138) to work on /home/ironbong_jr/mlops/project/project/lib/python3.10/site-packages/airflow/example_dags/example_sensor_decorator.py
[2024-03-13T16:00:01.460-0400] {processor.py:830} INFO - Processing file /home/ironbong_jr/mlops/project/project/lib/python3.10/site-packages/airflow/example_dags/example_sensor_decorator.py for tasks to queue
[2024-03-13T16:00:01.460-0400] {logging_mixin.py:188} INFO - [2024-03-13T16:00:01.460-0400] {dagbag.py:540} INFO - Filling up the DagBag from /home/ironbong_jr/mlops/project/project/lib/python3.10/site-packages/airflow/example_dags/example_sensor_decorator.py
[2024-03-13T16:00:01.465-0400] {processor.py:840} INFO - DAG(s) 'example_sensor_decorator' retrieved from /home/ironbong_jr/mlops/project/project/lib/python3.10/site-packages/airflow/example_dags/example_sensor_decorator.py
[2024-03-13T16:00:01.474-0400] {logging_mixin.py:188} INFO - [2024-03-13T16:00:01.474-0400] {dag.py:3047} INFO - Sync 1 DAGs
[2024-03-13T16:00:01.481-0400] {logging_mixin.py:188} INFO - [2024-03-13T16:00:01.481-0400] {dag.py:3834} INFO - Setting next_dagrun for example_sensor_decorator to None, run_after=None
[2024-03-13T16:00:01.504-0400] {processor.py:183} INFO - Processing /home/ironbong_jr/mlops/project/project/lib/python3.10/site-packages/airflow/example_dags/example_sensor_decorator.py took 0.050 seconds
[2024-03-13T16:00:52.019-0400] {processor.py:161} INFO - Started process (PID=457394) to work on /home/ironbong_jr/mlops/project/project/lib/python3.10/site-packages/airflow/example_dags/example_sensor_decorator.py
[2024-03-13T16:00:52.023-0400] {processor.py:830} INFO - Processing file /home/ironbong_jr/mlops/project/project/lib/python3.10/site-packages/airflow/example_dags/example_sensor_decorator.py for tasks to queue
[2024-03-13T16:00:52.024-0400] {logging_mixin.py:188} INFO - [2024-03-13T16:00:52.023-0400] {dagbag.py:540} INFO - Filling up the DagBag from /home/ironbong_jr/mlops/project/project/lib/python3.10/site-packages/airflow/example_dags/example_sensor_decorator.py
[2024-03-13T16:00:52.028-0400] {processor.py:840} INFO - DAG(s) 'example_sensor_decorator' retrieved from /home/ironbong_jr/mlops/project/project/lib/python3.10/site-packages/airflow/example_dags/example_sensor_decorator.py
[2024-03-13T16:00:52.037-0400] {logging_mixin.py:188} INFO - [2024-03-13T16:00:52.037-0400] {dag.py:3047} INFO - Sync 1 DAGs
[2024-03-13T16:00:52.043-0400] {logging_mixin.py:188} INFO - [2024-03-13T16:00:52.043-0400] {dag.py:3834} INFO - Setting next_dagrun for example_sensor_decorator to None, run_after=None
[2024-03-13T16:00:52.066-0400] {processor.py:183} INFO - Processing /home/ironbong_jr/mlops/project/project/lib/python3.10/site-packages/airflow/example_dags/example_sensor_decorator.py took 0.049 seconds
[2024-03-13T16:01:42.495-0400] {processor.py:161} INFO - Started process (PID=457655) to work on /home/ironbong_jr/mlops/project/project/lib/python3.10/site-packages/airflow/example_dags/example_sensor_decorator.py
[2024-03-13T16:01:42.497-0400] {processor.py:830} INFO - Processing file /home/ironbong_jr/mlops/project/project/lib/python3.10/site-packages/airflow/example_dags/example_sensor_decorator.py for tasks to queue
[2024-03-13T16:01:42.497-0400] {logging_mixin.py:188} INFO - [2024-03-13T16:01:42.497-0400] {dagbag.py:540} INFO - Filling up the DagBag from /home/ironbong_jr/mlops/project/project/lib/python3.10/site-packages/airflow/example_dags/example_sensor_decorator.py
[2024-03-13T16:01:42.501-0400] {processor.py:840} INFO - DAG(s) 'example_sensor_decorator' retrieved from /home/ironbong_jr/mlops/project/project/lib/python3.10/site-packages/airflow/example_dags/example_sensor_decorator.py
[2024-03-13T16:01:42.511-0400] {logging_mixin.py:188} INFO - [2024-03-13T16:01:42.511-0400] {dag.py:3047} INFO - Sync 1 DAGs
[2024-03-13T16:01:42.517-0400] {logging_mixin.py:188} INFO - [2024-03-13T16:01:42.517-0400] {dag.py:3834} INFO - Setting next_dagrun for example_sensor_decorator to None, run_after=None
[2024-03-13T16:01:42.542-0400] {processor.py:183} INFO - Processing /home/ironbong_jr/mlops/project/project/lib/python3.10/site-packages/airflow/example_dags/example_sensor_decorator.py took 0.048 seconds
[2024-03-13T16:02:32.996-0400] {processor.py:161} INFO - Started process (PID=457925) to work on /home/ironbong_jr/mlops/project/project/lib/python3.10/site-packages/airflow/example_dags/example_sensor_decorator.py
[2024-03-13T16:02:32.999-0400] {processor.py:830} INFO - Processing file /home/ironbong_jr/mlops/project/project/lib/python3.10/site-packages/airflow/example_dags/example_sensor_decorator.py for tasks to queue
[2024-03-13T16:02:33.000-0400] {logging_mixin.py:188} INFO - [2024-03-13T16:02:33.000-0400] {dagbag.py:540} INFO - Filling up the DagBag from /home/ironbong_jr/mlops/project/project/lib/python3.10/site-packages/airflow/example_dags/example_sensor_decorator.py
[2024-03-13T16:02:33.005-0400] {processor.py:840} INFO - DAG(s) 'example_sensor_decorator' retrieved from /home/ironbong_jr/mlops/project/project/lib/python3.10/site-packages/airflow/example_dags/example_sensor_decorator.py
[2024-03-13T16:02:33.024-0400] {logging_mixin.py:188} INFO - [2024-03-13T16:02:33.024-0400] {dag.py:3047} INFO - Sync 1 DAGs
[2024-03-13T16:02:33.031-0400] {logging_mixin.py:188} INFO - [2024-03-13T16:02:33.031-0400] {dag.py:3834} INFO - Setting next_dagrun for example_sensor_decorator to None, run_after=None
[2024-03-13T16:02:33.052-0400] {processor.py:183} INFO - Processing /home/ironbong_jr/mlops/project/project/lib/python3.10/site-packages/airflow/example_dags/example_sensor_decorator.py took 0.059 seconds
[2024-03-13T16:03:23.048-0400] {processor.py:161} INFO - Started process (PID=458192) to work on /home/ironbong_jr/mlops/project/project/lib/python3.10/site-packages/airflow/example_dags/example_sensor_decorator.py
[2024-03-13T16:03:23.050-0400] {processor.py:830} INFO - Processing file /home/ironbong_jr/mlops/project/project/lib/python3.10/site-packages/airflow/example_dags/example_sensor_decorator.py for tasks to queue
[2024-03-13T16:03:23.050-0400] {logging_mixin.py:188} INFO - [2024-03-13T16:03:23.050-0400] {dagbag.py:540} INFO - Filling up the DagBag from /home/ironbong_jr/mlops/project/project/lib/python3.10/site-packages/airflow/example_dags/example_sensor_decorator.py
[2024-03-13T16:03:23.055-0400] {processor.py:840} INFO - DAG(s) 'example_sensor_decorator' retrieved from /home/ironbong_jr/mlops/project/project/lib/python3.10/site-packages/airflow/example_dags/example_sensor_decorator.py
[2024-03-13T16:03:23.064-0400] {logging_mixin.py:188} INFO - [2024-03-13T16:03:23.064-0400] {dag.py:3047} INFO - Sync 1 DAGs
[2024-03-13T16:03:23.070-0400] {logging_mixin.py:188} INFO - [2024-03-13T16:03:23.070-0400] {dag.py:3834} INFO - Setting next_dagrun for example_sensor_decorator to None, run_after=None
[2024-03-13T16:03:23.093-0400] {processor.py:183} INFO - Processing /home/ironbong_jr/mlops/project/project/lib/python3.10/site-packages/airflow/example_dags/example_sensor_decorator.py took 0.047 seconds
[2024-03-13T16:04:29.698-0400] {processor.py:161} INFO - Started process (PID=458604) to work on /home/ironbong_jr/mlops/project/project/lib/python3.10/site-packages/airflow/example_dags/example_sensor_decorator.py
[2024-03-13T16:04:29.699-0400] {processor.py:830} INFO - Processing file /home/ironbong_jr/mlops/project/project/lib/python3.10/site-packages/airflow/example_dags/example_sensor_decorator.py for tasks to queue
[2024-03-13T16:04:29.700-0400] {logging_mixin.py:188} INFO - [2024-03-13T16:04:29.700-0400] {dagbag.py:540} INFO - Filling up the DagBag from /home/ironbong_jr/mlops/project/project/lib/python3.10/site-packages/airflow/example_dags/example_sensor_decorator.py
[2024-03-13T16:04:29.707-0400] {processor.py:840} INFO - DAG(s) 'example_sensor_decorator' retrieved from /home/ironbong_jr/mlops/project/project/lib/python3.10/site-packages/airflow/example_dags/example_sensor_decorator.py
[2024-03-13T16:04:29.721-0400] {logging_mixin.py:188} INFO - [2024-03-13T16:04:29.721-0400] {dag.py:3047} INFO - Sync 1 DAGs
[2024-03-13T16:04:29.728-0400] {logging_mixin.py:188} INFO - [2024-03-13T16:04:29.728-0400] {dag.py:3834} INFO - Setting next_dagrun for example_sensor_decorator to None, run_after=None
[2024-03-13T16:04:29.749-0400] {processor.py:183} INFO - Processing /home/ironbong_jr/mlops/project/project/lib/python3.10/site-packages/airflow/example_dags/example_sensor_decorator.py took 0.053 seconds
[2024-03-13T16:05:23.199-0400] {processor.py:161} INFO - Started process (PID=458878) to work on /home/ironbong_jr/mlops/project/project/lib/python3.10/site-packages/airflow/example_dags/example_sensor_decorator.py
[2024-03-13T16:05:23.203-0400] {processor.py:830} INFO - Processing file /home/ironbong_jr/mlops/project/project/lib/python3.10/site-packages/airflow/example_dags/example_sensor_decorator.py for tasks to queue
[2024-03-13T16:05:23.204-0400] {logging_mixin.py:188} INFO - [2024-03-13T16:05:23.204-0400] {dagbag.py:540} INFO - Filling up the DagBag from /home/ironbong_jr/mlops/project/project/lib/python3.10/site-packages/airflow/example_dags/example_sensor_decorator.py
[2024-03-13T16:05:23.219-0400] {processor.py:840} INFO - DAG(s) 'example_sensor_decorator' retrieved from /home/ironbong_jr/mlops/project/project/lib/python3.10/site-packages/airflow/example_dags/example_sensor_decorator.py
[2024-03-13T16:05:23.236-0400] {logging_mixin.py:188} INFO - [2024-03-13T16:05:23.236-0400] {dag.py:3047} INFO - Sync 1 DAGs
[2024-03-13T16:05:23.245-0400] {logging_mixin.py:188} INFO - [2024-03-13T16:05:23.244-0400] {dag.py:3834} INFO - Setting next_dagrun for example_sensor_decorator to None, run_after=None
[2024-03-13T16:05:23.272-0400] {processor.py:183} INFO - Processing /home/ironbong_jr/mlops/project/project/lib/python3.10/site-packages/airflow/example_dags/example_sensor_decorator.py took 0.075 seconds
[2024-03-13T16:06:14.435-0400] {processor.py:161} INFO - Started process (PID=459138) to work on /home/ironbong_jr/mlops/project/project/lib/python3.10/site-packages/airflow/example_dags/example_sensor_decorator.py
[2024-03-13T16:06:14.438-0400] {processor.py:830} INFO - Processing file /home/ironbong_jr/mlops/project/project/lib/python3.10/site-packages/airflow/example_dags/example_sensor_decorator.py for tasks to queue
[2024-03-13T16:06:14.439-0400] {logging_mixin.py:188} INFO - [2024-03-13T16:06:14.438-0400] {dagbag.py:540} INFO - Filling up the DagBag from /home/ironbong_jr/mlops/project/project/lib/python3.10/site-packages/airflow/example_dags/example_sensor_decorator.py
[2024-03-13T16:06:14.443-0400] {processor.py:840} INFO - DAG(s) 'example_sensor_decorator' retrieved from /home/ironbong_jr/mlops/project/project/lib/python3.10/site-packages/airflow/example_dags/example_sensor_decorator.py
[2024-03-13T16:06:14.452-0400] {logging_mixin.py:188} INFO - [2024-03-13T16:06:14.452-0400] {dag.py:3047} INFO - Sync 1 DAGs
[2024-03-13T16:06:14.459-0400] {logging_mixin.py:188} INFO - [2024-03-13T16:06:14.459-0400] {dag.py:3834} INFO - Setting next_dagrun for example_sensor_decorator to None, run_after=None
[2024-03-13T16:06:14.480-0400] {processor.py:183} INFO - Processing /home/ironbong_jr/mlops/project/project/lib/python3.10/site-packages/airflow/example_dags/example_sensor_decorator.py took 0.048 seconds
[2024-03-13T16:07:04.791-0400] {processor.py:161} INFO - Started process (PID=459379) to work on /home/ironbong_jr/mlops/project/project/lib/python3.10/site-packages/airflow/example_dags/example_sensor_decorator.py
[2024-03-13T16:07:04.795-0400] {processor.py:830} INFO - Processing file /home/ironbong_jr/mlops/project/project/lib/python3.10/site-packages/airflow/example_dags/example_sensor_decorator.py for tasks to queue
[2024-03-13T16:07:04.795-0400] {logging_mixin.py:188} INFO - [2024-03-13T16:07:04.795-0400] {dagbag.py:540} INFO - Filling up the DagBag from /home/ironbong_jr/mlops/project/project/lib/python3.10/site-packages/airflow/example_dags/example_sensor_decorator.py
[2024-03-13T16:07:04.801-0400] {processor.py:840} INFO - DAG(s) 'example_sensor_decorator' retrieved from /home/ironbong_jr/mlops/project/project/lib/python3.10/site-packages/airflow/example_dags/example_sensor_decorator.py
[2024-03-13T16:07:04.812-0400] {logging_mixin.py:188} INFO - [2024-03-13T16:07:04.812-0400] {dag.py:3047} INFO - Sync 1 DAGs
[2024-03-13T16:07:04.820-0400] {logging_mixin.py:188} INFO - [2024-03-13T16:07:04.820-0400] {dag.py:3834} INFO - Setting next_dagrun for example_sensor_decorator to None, run_after=None
[2024-03-13T16:07:04.846-0400] {processor.py:183} INFO - Processing /home/ironbong_jr/mlops/project/project/lib/python3.10/site-packages/airflow/example_dags/example_sensor_decorator.py took 0.057 seconds
[2024-03-13T16:07:57.657-0400] {processor.py:161} INFO - Started process (PID=459641) to work on /home/ironbong_jr/mlops/project/project/lib/python3.10/site-packages/airflow/example_dags/example_sensor_decorator.py
[2024-03-13T16:07:57.660-0400] {processor.py:830} INFO - Processing file /home/ironbong_jr/mlops/project/project/lib/python3.10/site-packages/airflow/example_dags/example_sensor_decorator.py for tasks to queue
[2024-03-13T16:07:57.660-0400] {logging_mixin.py:188} INFO - [2024-03-13T16:07:57.660-0400] {dagbag.py:540} INFO - Filling up the DagBag from /home/ironbong_jr/mlops/project/project/lib/python3.10/site-packages/airflow/example_dags/example_sensor_decorator.py
[2024-03-13T16:07:57.665-0400] {processor.py:840} INFO - DAG(s) 'example_sensor_decorator' retrieved from /home/ironbong_jr/mlops/project/project/lib/python3.10/site-packages/airflow/example_dags/example_sensor_decorator.py
[2024-03-13T16:07:57.674-0400] {logging_mixin.py:188} INFO - [2024-03-13T16:07:57.674-0400] {dag.py:3047} INFO - Sync 1 DAGs
[2024-03-13T16:07:57.680-0400] {logging_mixin.py:188} INFO - [2024-03-13T16:07:57.680-0400] {dag.py:3834} INFO - Setting next_dagrun for example_sensor_decorator to None, run_after=None
[2024-03-13T16:07:57.701-0400] {processor.py:183} INFO - Processing /home/ironbong_jr/mlops/project/project/lib/python3.10/site-packages/airflow/example_dags/example_sensor_decorator.py took 0.047 seconds
[2024-03-13T16:08:50.339-0400] {processor.py:161} INFO - Started process (PID=459899) to work on /home/ironbong_jr/mlops/project/project/lib/python3.10/site-packages/airflow/example_dags/example_sensor_decorator.py
[2024-03-13T16:08:50.342-0400] {processor.py:830} INFO - Processing file /home/ironbong_jr/mlops/project/project/lib/python3.10/site-packages/airflow/example_dags/example_sensor_decorator.py for tasks to queue
[2024-03-13T16:08:50.343-0400] {logging_mixin.py:188} INFO - [2024-03-13T16:08:50.343-0400] {dagbag.py:540} INFO - Filling up the DagBag from /home/ironbong_jr/mlops/project/project/lib/python3.10/site-packages/airflow/example_dags/example_sensor_decorator.py
[2024-03-13T16:08:50.348-0400] {processor.py:840} INFO - DAG(s) 'example_sensor_decorator' retrieved from /home/ironbong_jr/mlops/project/project/lib/python3.10/site-packages/airflow/example_dags/example_sensor_decorator.py
[2024-03-13T16:08:50.359-0400] {logging_mixin.py:188} INFO - [2024-03-13T16:08:50.359-0400] {dag.py:3047} INFO - Sync 1 DAGs
[2024-03-13T16:08:50.367-0400] {logging_mixin.py:188} INFO - [2024-03-13T16:08:50.367-0400] {dag.py:3834} INFO - Setting next_dagrun for example_sensor_decorator to None, run_after=None
[2024-03-13T16:08:50.394-0400] {processor.py:183} INFO - Processing /home/ironbong_jr/mlops/project/project/lib/python3.10/site-packages/airflow/example_dags/example_sensor_decorator.py took 0.057 seconds
[2024-03-13T16:09:38.463-0400] {processor.py:161} INFO - Started process (PID=460136) to work on /home/ironbong_jr/mlops/project/project/lib/python3.10/site-packages/airflow/example_dags/example_sensor_decorator.py
[2024-03-13T16:09:38.464-0400] {processor.py:830} INFO - Processing file /home/ironbong_jr/mlops/project/project/lib/python3.10/site-packages/airflow/example_dags/example_sensor_decorator.py for tasks to queue
[2024-03-13T16:09:38.465-0400] {logging_mixin.py:188} INFO - [2024-03-13T16:09:38.465-0400] {dagbag.py:540} INFO - Filling up the DagBag from /home/ironbong_jr/mlops/project/project/lib/python3.10/site-packages/airflow/example_dags/example_sensor_decorator.py
[2024-03-13T16:09:38.471-0400] {processor.py:840} INFO - DAG(s) 'example_sensor_decorator' retrieved from /home/ironbong_jr/mlops/project/project/lib/python3.10/site-packages/airflow/example_dags/example_sensor_decorator.py
[2024-03-13T16:09:38.485-0400] {logging_mixin.py:188} INFO - [2024-03-13T16:09:38.485-0400] {dag.py:3047} INFO - Sync 1 DAGs
[2024-03-13T16:09:38.494-0400] {logging_mixin.py:188} INFO - [2024-03-13T16:09:38.493-0400] {dag.py:3834} INFO - Setting next_dagrun for example_sensor_decorator to None, run_after=None
[2024-03-13T16:09:38.516-0400] {processor.py:183} INFO - Processing /home/ironbong_jr/mlops/project/project/lib/python3.10/site-packages/airflow/example_dags/example_sensor_decorator.py took 0.056 seconds
[2024-03-13T16:10:27.657-0400] {processor.py:161} INFO - Started process (PID=460385) to work on /home/ironbong_jr/mlops/project/project/lib/python3.10/site-packages/airflow/example_dags/example_sensor_decorator.py
[2024-03-13T16:10:27.661-0400] {processor.py:830} INFO - Processing file /home/ironbong_jr/mlops/project/project/lib/python3.10/site-packages/airflow/example_dags/example_sensor_decorator.py for tasks to queue
[2024-03-13T16:10:27.661-0400] {logging_mixin.py:188} INFO - [2024-03-13T16:10:27.661-0400] {dagbag.py:540} INFO - Filling up the DagBag from /home/ironbong_jr/mlops/project/project/lib/python3.10/site-packages/airflow/example_dags/example_sensor_decorator.py
[2024-03-13T16:10:27.665-0400] {processor.py:840} INFO - DAG(s) 'example_sensor_decorator' retrieved from /home/ironbong_jr/mlops/project/project/lib/python3.10/site-packages/airflow/example_dags/example_sensor_decorator.py
[2024-03-13T16:10:27.675-0400] {logging_mixin.py:188} INFO - [2024-03-13T16:10:27.675-0400] {dag.py:3047} INFO - Sync 1 DAGs
[2024-03-13T16:10:27.682-0400] {logging_mixin.py:188} INFO - [2024-03-13T16:10:27.681-0400] {dag.py:3834} INFO - Setting next_dagrun for example_sensor_decorator to None, run_after=None
[2024-03-13T16:10:27.703-0400] {processor.py:183} INFO - Processing /home/ironbong_jr/mlops/project/project/lib/python3.10/site-packages/airflow/example_dags/example_sensor_decorator.py took 0.048 seconds
[2024-03-13T16:11:17.804-0400] {processor.py:161} INFO - Started process (PID=460636) to work on /home/ironbong_jr/mlops/project/project/lib/python3.10/site-packages/airflow/example_dags/example_sensor_decorator.py
[2024-03-13T16:11:17.807-0400] {processor.py:830} INFO - Processing file /home/ironbong_jr/mlops/project/project/lib/python3.10/site-packages/airflow/example_dags/example_sensor_decorator.py for tasks to queue
[2024-03-13T16:11:17.808-0400] {logging_mixin.py:188} INFO - [2024-03-13T16:11:17.808-0400] {dagbag.py:540} INFO - Filling up the DagBag from /home/ironbong_jr/mlops/project/project/lib/python3.10/site-packages/airflow/example_dags/example_sensor_decorator.py
[2024-03-13T16:11:17.812-0400] {processor.py:840} INFO - DAG(s) 'example_sensor_decorator' retrieved from /home/ironbong_jr/mlops/project/project/lib/python3.10/site-packages/airflow/example_dags/example_sensor_decorator.py
[2024-03-13T16:11:17.822-0400] {logging_mixin.py:188} INFO - [2024-03-13T16:11:17.822-0400] {dag.py:3047} INFO - Sync 1 DAGs
[2024-03-13T16:11:17.828-0400] {logging_mixin.py:188} INFO - [2024-03-13T16:11:17.828-0400] {dag.py:3834} INFO - Setting next_dagrun for example_sensor_decorator to None, run_after=None
[2024-03-13T16:11:17.855-0400] {processor.py:183} INFO - Processing /home/ironbong_jr/mlops/project/project/lib/python3.10/site-packages/airflow/example_dags/example_sensor_decorator.py took 0.053 seconds
[2024-03-13T16:12:06.696-0400] {processor.py:161} INFO - Started process (PID=460873) to work on /home/ironbong_jr/mlops/project/project/lib/python3.10/site-packages/airflow/example_dags/example_sensor_decorator.py
[2024-03-13T16:12:06.699-0400] {processor.py:830} INFO - Processing file /home/ironbong_jr/mlops/project/project/lib/python3.10/site-packages/airflow/example_dags/example_sensor_decorator.py for tasks to queue
[2024-03-13T16:12:06.700-0400] {logging_mixin.py:188} INFO - [2024-03-13T16:12:06.700-0400] {dagbag.py:540} INFO - Filling up the DagBag from /home/ironbong_jr/mlops/project/project/lib/python3.10/site-packages/airflow/example_dags/example_sensor_decorator.py
[2024-03-13T16:12:06.705-0400] {processor.py:840} INFO - DAG(s) 'example_sensor_decorator' retrieved from /home/ironbong_jr/mlops/project/project/lib/python3.10/site-packages/airflow/example_dags/example_sensor_decorator.py
[2024-03-13T16:12:06.715-0400] {logging_mixin.py:188} INFO - [2024-03-13T16:12:06.715-0400] {dag.py:3047} INFO - Sync 1 DAGs
[2024-03-13T16:12:06.723-0400] {logging_mixin.py:188} INFO - [2024-03-13T16:12:06.723-0400] {dag.py:3834} INFO - Setting next_dagrun for example_sensor_decorator to None, run_after=None
[2024-03-13T16:12:06.746-0400] {processor.py:183} INFO - Processing /home/ironbong_jr/mlops/project/project/lib/python3.10/site-packages/airflow/example_dags/example_sensor_decorator.py took 0.052 seconds
[2024-03-13T16:12:57.762-0400] {processor.py:161} INFO - Started process (PID=461133) to work on /home/ironbong_jr/mlops/project/project/lib/python3.10/site-packages/airflow/example_dags/example_sensor_decorator.py
[2024-03-13T16:12:57.766-0400] {processor.py:830} INFO - Processing file /home/ironbong_jr/mlops/project/project/lib/python3.10/site-packages/airflow/example_dags/example_sensor_decorator.py for tasks to queue
[2024-03-13T16:12:57.767-0400] {logging_mixin.py:188} INFO - [2024-03-13T16:12:57.766-0400] {dagbag.py:540} INFO - Filling up the DagBag from /home/ironbong_jr/mlops/project/project/lib/python3.10/site-packages/airflow/example_dags/example_sensor_decorator.py
[2024-03-13T16:12:57.771-0400] {processor.py:840} INFO - DAG(s) 'example_sensor_decorator' retrieved from /home/ironbong_jr/mlops/project/project/lib/python3.10/site-packages/airflow/example_dags/example_sensor_decorator.py
[2024-03-13T16:12:57.784-0400] {logging_mixin.py:188} INFO - [2024-03-13T16:12:57.784-0400] {dag.py:3047} INFO - Sync 1 DAGs
[2024-03-13T16:12:57.793-0400] {logging_mixin.py:188} INFO - [2024-03-13T16:12:57.793-0400] {dag.py:3834} INFO - Setting next_dagrun for example_sensor_decorator to None, run_after=None
[2024-03-13T16:12:57.820-0400] {processor.py:183} INFO - Processing /home/ironbong_jr/mlops/project/project/lib/python3.10/site-packages/airflow/example_dags/example_sensor_decorator.py took 0.059 seconds
