[2024-03-12T21:22:21.591-0400] {processor.py:161} INFO - Started process (PID=407108) to work on /home/ironbong_jr/mlops/project/project/lib/python3.10/site-packages/airflow/example_dags/example_external_task_marker_dag.py
[2024-03-12T21:22:21.594-0400] {processor.py:830} INFO - Processing file /home/ironbong_jr/mlops/project/project/lib/python3.10/site-packages/airflow/example_dags/example_external_task_marker_dag.py for tasks to queue
[2024-03-12T21:22:21.596-0400] {logging_mixin.py:188} INFO - [2024-03-12T21:22:21.595-0400] {dagbag.py:540} INFO - Filling up the DagBag from /home/ironbong_jr/mlops/project/project/lib/python3.10/site-packages/airflow/example_dags/example_external_task_marker_dag.py
[2024-03-12T21:22:21.609-0400] {processor.py:840} INFO - DAG(s) 'example_external_task_marker_child', 'example_external_task_marker_parent' retrieved from /home/ironbong_jr/mlops/project/project/lib/python3.10/site-packages/airflow/example_dags/example_external_task_marker_dag.py
[2024-03-12T21:22:21.908-0400] {logging_mixin.py:188} INFO - [2024-03-12T21:22:21.908-0400] {dag.py:3047} INFO - Sync 2 DAGs
[2024-03-12T21:22:21.922-0400] {logging_mixin.py:188} INFO - [2024-03-12T21:22:21.921-0400] {dag.py:3834} INFO - Setting next_dagrun for example_external_task_marker_child to None, run_after=None
[2024-03-12T21:22:21.925-0400] {logging_mixin.py:188} INFO - [2024-03-12T21:22:21.925-0400] {dag.py:3834} INFO - Setting next_dagrun for example_external_task_marker_parent to None, run_after=None
[2024-03-12T21:22:22.024-0400] {processor.py:183} INFO - Processing /home/ironbong_jr/mlops/project/project/lib/python3.10/site-packages/airflow/example_dags/example_external_task_marker_dag.py took 0.439 seconds
[2024-03-12T21:25:20.193-0400] {processor.py:161} INFO - Started process (PID=407890) to work on /home/ironbong_jr/mlops/project/project/lib/python3.10/site-packages/airflow/example_dags/example_external_task_marker_dag.py
[2024-03-12T21:25:20.197-0400] {processor.py:830} INFO - Processing file /home/ironbong_jr/mlops/project/project/lib/python3.10/site-packages/airflow/example_dags/example_external_task_marker_dag.py for tasks to queue
[2024-03-12T21:25:20.200-0400] {logging_mixin.py:188} INFO - [2024-03-12T21:25:20.199-0400] {dagbag.py:540} INFO - Filling up the DagBag from /home/ironbong_jr/mlops/project/project/lib/python3.10/site-packages/airflow/example_dags/example_external_task_marker_dag.py
[2024-03-12T21:25:20.221-0400] {processor.py:840} INFO - DAG(s) 'example_external_task_marker_child', 'example_external_task_marker_parent' retrieved from /home/ironbong_jr/mlops/project/project/lib/python3.10/site-packages/airflow/example_dags/example_external_task_marker_dag.py
[2024-03-12T21:25:20.275-0400] {logging_mixin.py:188} INFO - [2024-03-12T21:25:20.274-0400] {dag.py:3047} INFO - Sync 2 DAGs
[2024-03-12T21:25:20.300-0400] {logging_mixin.py:188} INFO - [2024-03-12T21:25:20.299-0400] {dag.py:3834} INFO - Setting next_dagrun for example_external_task_marker_child to None, run_after=None
[2024-03-12T21:25:20.387-0400] {logging_mixin.py:188} INFO - [2024-03-12T21:25:20.387-0400] {dag.py:3834} INFO - Setting next_dagrun for example_external_task_marker_parent to None, run_after=None
[2024-03-12T21:25:20.446-0400] {processor.py:183} INFO - Processing /home/ironbong_jr/mlops/project/project/lib/python3.10/site-packages/airflow/example_dags/example_external_task_marker_dag.py took 0.259 seconds
[2024-03-12T21:27:06.718-0400] {processor.py:161} INFO - Started process (PID=408385) to work on /home/ironbong_jr/mlops/project/project/lib/python3.10/site-packages/airflow/example_dags/example_external_task_marker_dag.py
[2024-03-12T21:27:06.765-0400] {processor.py:830} INFO - Processing file /home/ironbong_jr/mlops/project/project/lib/python3.10/site-packages/airflow/example_dags/example_external_task_marker_dag.py for tasks to queue
[2024-03-12T21:27:06.768-0400] {logging_mixin.py:188} INFO - [2024-03-12T21:27:06.767-0400] {dagbag.py:540} INFO - Filling up the DagBag from /home/ironbong_jr/mlops/project/project/lib/python3.10/site-packages/airflow/example_dags/example_external_task_marker_dag.py
[2024-03-12T21:27:06.787-0400] {processor.py:840} INFO - DAG(s) 'example_external_task_marker_child', 'example_external_task_marker_parent' retrieved from /home/ironbong_jr/mlops/project/project/lib/python3.10/site-packages/airflow/example_dags/example_external_task_marker_dag.py
[2024-03-12T21:27:06.823-0400] {logging_mixin.py:188} INFO - [2024-03-12T21:27:06.823-0400] {dag.py:3047} INFO - Sync 2 DAGs
[2024-03-12T21:27:06.840-0400] {logging_mixin.py:188} INFO - [2024-03-12T21:27:06.840-0400] {dag.py:3834} INFO - Setting next_dagrun for example_external_task_marker_child to None, run_after=None
[2024-03-12T21:27:06.846-0400] {logging_mixin.py:188} INFO - [2024-03-12T21:27:06.846-0400] {dag.py:3834} INFO - Setting next_dagrun for example_external_task_marker_parent to None, run_after=None
[2024-03-12T21:27:06.885-0400] {processor.py:183} INFO - Processing /home/ironbong_jr/mlops/project/project/lib/python3.10/site-packages/airflow/example_dags/example_external_task_marker_dag.py took 0.195 seconds
[2024-03-12T21:28:46.372-0400] {processor.py:161} INFO - Started process (PID=408868) to work on /home/ironbong_jr/mlops/project/project/lib/python3.10/site-packages/airflow/example_dags/example_external_task_marker_dag.py
[2024-03-12T21:28:46.378-0400] {processor.py:830} INFO - Processing file /home/ironbong_jr/mlops/project/project/lib/python3.10/site-packages/airflow/example_dags/example_external_task_marker_dag.py for tasks to queue
[2024-03-12T21:28:46.380-0400] {logging_mixin.py:188} INFO - [2024-03-12T21:28:46.379-0400] {dagbag.py:540} INFO - Filling up the DagBag from /home/ironbong_jr/mlops/project/project/lib/python3.10/site-packages/airflow/example_dags/example_external_task_marker_dag.py
[2024-03-12T21:28:46.394-0400] {processor.py:840} INFO - DAG(s) 'example_external_task_marker_child', 'example_external_task_marker_parent' retrieved from /home/ironbong_jr/mlops/project/project/lib/python3.10/site-packages/airflow/example_dags/example_external_task_marker_dag.py
[2024-03-12T21:28:46.427-0400] {logging_mixin.py:188} INFO - [2024-03-12T21:28:46.426-0400] {dag.py:3047} INFO - Sync 2 DAGs
[2024-03-12T21:28:46.446-0400] {logging_mixin.py:188} INFO - [2024-03-12T21:28:46.445-0400] {dag.py:3834} INFO - Setting next_dagrun for example_external_task_marker_child to None, run_after=None
[2024-03-12T21:28:46.452-0400] {logging_mixin.py:188} INFO - [2024-03-12T21:28:46.452-0400] {dag.py:3834} INFO - Setting next_dagrun for example_external_task_marker_parent to None, run_after=None
[2024-03-12T21:28:46.514-0400] {processor.py:183} INFO - Processing /home/ironbong_jr/mlops/project/project/lib/python3.10/site-packages/airflow/example_dags/example_external_task_marker_dag.py took 0.148 seconds
[2024-03-12T21:30:14.104-0400] {processor.py:161} INFO - Started process (PID=409297) to work on /home/ironbong_jr/mlops/project/project/lib/python3.10/site-packages/airflow/example_dags/example_external_task_marker_dag.py
[2024-03-12T21:30:14.155-0400] {processor.py:830} INFO - Processing file /home/ironbong_jr/mlops/project/project/lib/python3.10/site-packages/airflow/example_dags/example_external_task_marker_dag.py for tasks to queue
[2024-03-12T21:30:14.159-0400] {logging_mixin.py:188} INFO - [2024-03-12T21:30:14.157-0400] {dagbag.py:540} INFO - Filling up the DagBag from /home/ironbong_jr/mlops/project/project/lib/python3.10/site-packages/airflow/example_dags/example_external_task_marker_dag.py
[2024-03-12T21:30:14.179-0400] {processor.py:840} INFO - DAG(s) 'example_external_task_marker_parent', 'example_external_task_marker_child' retrieved from /home/ironbong_jr/mlops/project/project/lib/python3.10/site-packages/airflow/example_dags/example_external_task_marker_dag.py
[2024-03-12T21:30:14.230-0400] {logging_mixin.py:188} INFO - [2024-03-12T21:30:14.230-0400] {dag.py:3047} INFO - Sync 2 DAGs
[2024-03-12T21:30:14.254-0400] {logging_mixin.py:188} INFO - [2024-03-12T21:30:14.253-0400] {dag.py:3834} INFO - Setting next_dagrun for example_external_task_marker_child to None, run_after=None
[2024-03-12T21:30:14.259-0400] {logging_mixin.py:188} INFO - [2024-03-12T21:30:14.259-0400] {dag.py:3834} INFO - Setting next_dagrun for example_external_task_marker_parent to None, run_after=None
[2024-03-12T21:30:14.371-0400] {processor.py:183} INFO - Processing /home/ironbong_jr/mlops/project/project/lib/python3.10/site-packages/airflow/example_dags/example_external_task_marker_dag.py took 0.273 seconds
[2024-03-12T21:31:52.878-0400] {processor.py:161} INFO - Started process (PID=409785) to work on /home/ironbong_jr/mlops/project/project/lib/python3.10/site-packages/airflow/example_dags/example_external_task_marker_dag.py
[2024-03-12T21:31:52.929-0400] {processor.py:830} INFO - Processing file /home/ironbong_jr/mlops/project/project/lib/python3.10/site-packages/airflow/example_dags/example_external_task_marker_dag.py for tasks to queue
[2024-03-12T21:31:52.950-0400] {logging_mixin.py:188} INFO - [2024-03-12T21:31:52.948-0400] {dagbag.py:540} INFO - Filling up the DagBag from /home/ironbong_jr/mlops/project/project/lib/python3.10/site-packages/airflow/example_dags/example_external_task_marker_dag.py
[2024-03-12T21:31:52.964-0400] {processor.py:840} INFO - DAG(s) 'example_external_task_marker_child', 'example_external_task_marker_parent' retrieved from /home/ironbong_jr/mlops/project/project/lib/python3.10/site-packages/airflow/example_dags/example_external_task_marker_dag.py
[2024-03-12T21:31:53.009-0400] {logging_mixin.py:188} INFO - [2024-03-12T21:31:53.009-0400] {dag.py:3047} INFO - Sync 2 DAGs
[2024-03-12T21:31:53.031-0400] {logging_mixin.py:188} INFO - [2024-03-12T21:31:53.031-0400] {dag.py:3834} INFO - Setting next_dagrun for example_external_task_marker_child to None, run_after=None
[2024-03-12T21:31:53.037-0400] {logging_mixin.py:188} INFO - [2024-03-12T21:31:53.037-0400] {dag.py:3834} INFO - Setting next_dagrun for example_external_task_marker_parent to None, run_after=None
[2024-03-12T21:31:53.122-0400] {processor.py:183} INFO - Processing /home/ironbong_jr/mlops/project/project/lib/python3.10/site-packages/airflow/example_dags/example_external_task_marker_dag.py took 0.254 seconds
[2024-03-12T21:33:34.370-0400] {processor.py:161} INFO - Started process (PID=410341) to work on /home/ironbong_jr/mlops/project/project/lib/python3.10/site-packages/airflow/example_dags/example_external_task_marker_dag.py
[2024-03-12T21:33:34.422-0400] {processor.py:830} INFO - Processing file /home/ironbong_jr/mlops/project/project/lib/python3.10/site-packages/airflow/example_dags/example_external_task_marker_dag.py for tasks to queue
[2024-03-12T21:33:34.424-0400] {logging_mixin.py:188} INFO - [2024-03-12T21:33:34.423-0400] {dagbag.py:540} INFO - Filling up the DagBag from /home/ironbong_jr/mlops/project/project/lib/python3.10/site-packages/airflow/example_dags/example_external_task_marker_dag.py
[2024-03-12T21:33:34.437-0400] {processor.py:840} INFO - DAG(s) 'example_external_task_marker_child', 'example_external_task_marker_parent' retrieved from /home/ironbong_jr/mlops/project/project/lib/python3.10/site-packages/airflow/example_dags/example_external_task_marker_dag.py
[2024-03-12T21:33:34.499-0400] {logging_mixin.py:188} INFO - [2024-03-12T21:33:34.498-0400] {dag.py:3047} INFO - Sync 2 DAGs
[2024-03-12T21:33:34.525-0400] {logging_mixin.py:188} INFO - [2024-03-12T21:33:34.524-0400] {dag.py:3834} INFO - Setting next_dagrun for example_external_task_marker_child to None, run_after=None
[2024-03-12T21:33:34.531-0400] {logging_mixin.py:188} INFO - [2024-03-12T21:33:34.531-0400] {dag.py:3834} INFO - Setting next_dagrun for example_external_task_marker_parent to None, run_after=None
[2024-03-12T21:33:34.622-0400] {processor.py:183} INFO - Processing /home/ironbong_jr/mlops/project/project/lib/python3.10/site-packages/airflow/example_dags/example_external_task_marker_dag.py took 0.259 seconds
[2024-03-12T21:35:03.218-0400] {processor.py:161} INFO - Started process (PID=410752) to work on /home/ironbong_jr/mlops/project/project/lib/python3.10/site-packages/airflow/example_dags/example_external_task_marker_dag.py
[2024-03-12T21:35:03.264-0400] {processor.py:830} INFO - Processing file /home/ironbong_jr/mlops/project/project/lib/python3.10/site-packages/airflow/example_dags/example_external_task_marker_dag.py for tasks to queue
[2024-03-12T21:35:03.267-0400] {logging_mixin.py:188} INFO - [2024-03-12T21:35:03.266-0400] {dagbag.py:540} INFO - Filling up the DagBag from /home/ironbong_jr/mlops/project/project/lib/python3.10/site-packages/airflow/example_dags/example_external_task_marker_dag.py
[2024-03-12T21:35:03.280-0400] {processor.py:840} INFO - DAG(s) 'example_external_task_marker_child', 'example_external_task_marker_parent' retrieved from /home/ironbong_jr/mlops/project/project/lib/python3.10/site-packages/airflow/example_dags/example_external_task_marker_dag.py
[2024-03-12T21:35:03.311-0400] {logging_mixin.py:188} INFO - [2024-03-12T21:35:03.311-0400] {dag.py:3047} INFO - Sync 2 DAGs
[2024-03-12T21:35:03.333-0400] {logging_mixin.py:188} INFO - [2024-03-12T21:35:03.333-0400] {dag.py:3834} INFO - Setting next_dagrun for example_external_task_marker_child to None, run_after=None
[2024-03-12T21:35:03.340-0400] {logging_mixin.py:188} INFO - [2024-03-12T21:35:03.339-0400] {dag.py:3834} INFO - Setting next_dagrun for example_external_task_marker_parent to None, run_after=None
[2024-03-12T21:35:03.390-0400] {processor.py:183} INFO - Processing /home/ironbong_jr/mlops/project/project/lib/python3.10/site-packages/airflow/example_dags/example_external_task_marker_dag.py took 0.179 seconds
[2024-03-12T23:29:54.792-0400] {processor.py:161} INFO - Started process (PID=418577) to work on /home/ironbong_jr/mlops/project/project/lib/python3.10/site-packages/airflow/example_dags/example_external_task_marker_dag.py
[2024-03-12T23:29:54.845-0400] {processor.py:830} INFO - Processing file /home/ironbong_jr/mlops/project/project/lib/python3.10/site-packages/airflow/example_dags/example_external_task_marker_dag.py for tasks to queue
[2024-03-12T23:29:54.848-0400] {logging_mixin.py:188} INFO - [2024-03-12T23:29:54.847-0400] {dagbag.py:540} INFO - Filling up the DagBag from /home/ironbong_jr/mlops/project/project/lib/python3.10/site-packages/airflow/example_dags/example_external_task_marker_dag.py
[2024-03-12T23:29:54.883-0400] {processor.py:840} INFO - DAG(s) 'example_external_task_marker_child', 'example_external_task_marker_parent' retrieved from /home/ironbong_jr/mlops/project/project/lib/python3.10/site-packages/airflow/example_dags/example_external_task_marker_dag.py
[2024-03-12T23:29:55.111-0400] {logging_mixin.py:188} INFO - [2024-03-12T23:29:55.111-0400] {dag.py:3047} INFO - Sync 2 DAGs
[2024-03-12T23:29:55.128-0400] {logging_mixin.py:188} INFO - [2024-03-12T23:29:55.128-0400] {dag.py:3834} INFO - Setting next_dagrun for example_external_task_marker_child to None, run_after=None
[2024-03-12T23:29:55.132-0400] {logging_mixin.py:188} INFO - [2024-03-12T23:29:55.132-0400] {dag.py:3834} INFO - Setting next_dagrun for example_external_task_marker_parent to None, run_after=None
[2024-03-12T23:29:55.178-0400] {processor.py:183} INFO - Processing /home/ironbong_jr/mlops/project/project/lib/python3.10/site-packages/airflow/example_dags/example_external_task_marker_dag.py took 0.402 seconds
[2024-03-12T23:31:42.916-0400] {processor.py:161} INFO - Started process (PID=419042) to work on /home/ironbong_jr/mlops/project/project/lib/python3.10/site-packages/airflow/example_dags/example_external_task_marker_dag.py
[2024-03-12T23:31:42.968-0400] {processor.py:830} INFO - Processing file /home/ironbong_jr/mlops/project/project/lib/python3.10/site-packages/airflow/example_dags/example_external_task_marker_dag.py for tasks to queue
[2024-03-12T23:31:42.972-0400] {logging_mixin.py:188} INFO - [2024-03-12T23:31:42.970-0400] {dagbag.py:540} INFO - Filling up the DagBag from /home/ironbong_jr/mlops/project/project/lib/python3.10/site-packages/airflow/example_dags/example_external_task_marker_dag.py
[2024-03-12T23:31:42.993-0400] {processor.py:840} INFO - DAG(s) 'example_external_task_marker_parent', 'example_external_task_marker_child' retrieved from /home/ironbong_jr/mlops/project/project/lib/python3.10/site-packages/airflow/example_dags/example_external_task_marker_dag.py
[2024-03-12T23:31:43.034-0400] {logging_mixin.py:188} INFO - [2024-03-12T23:31:43.034-0400] {dag.py:3047} INFO - Sync 2 DAGs
[2024-03-12T23:31:43.054-0400] {logging_mixin.py:188} INFO - [2024-03-12T23:31:43.054-0400] {dag.py:3834} INFO - Setting next_dagrun for example_external_task_marker_child to None, run_after=None
[2024-03-12T23:31:43.059-0400] {logging_mixin.py:188} INFO - [2024-03-12T23:31:43.058-0400] {dag.py:3834} INFO - Setting next_dagrun for example_external_task_marker_parent to None, run_after=None
[2024-03-12T23:31:43.102-0400] {processor.py:183} INFO - Processing /home/ironbong_jr/mlops/project/project/lib/python3.10/site-packages/airflow/example_dags/example_external_task_marker_dag.py took 0.196 seconds
[2024-03-12T23:42:40.899-0400] {processor.py:161} INFO - Started process (PID=421666) to work on /home/ironbong_jr/mlops/project/project/lib/python3.10/site-packages/airflow/example_dags/example_external_task_marker_dag.py
[2024-03-12T23:42:40.945-0400] {processor.py:830} INFO - Processing file /home/ironbong_jr/mlops/project/project/lib/python3.10/site-packages/airflow/example_dags/example_external_task_marker_dag.py for tasks to queue
[2024-03-12T23:42:40.948-0400] {logging_mixin.py:188} INFO - [2024-03-12T23:42:40.947-0400] {dagbag.py:540} INFO - Filling up the DagBag from /home/ironbong_jr/mlops/project/project/lib/python3.10/site-packages/airflow/example_dags/example_external_task_marker_dag.py
[2024-03-12T23:42:40.959-0400] {processor.py:840} INFO - DAG(s) 'example_external_task_marker_parent', 'example_external_task_marker_child' retrieved from /home/ironbong_jr/mlops/project/project/lib/python3.10/site-packages/airflow/example_dags/example_external_task_marker_dag.py
[2024-03-12T23:42:41.277-0400] {logging_mixin.py:188} INFO - [2024-03-12T23:42:41.277-0400] {dag.py:3047} INFO - Sync 2 DAGs
[2024-03-12T23:42:41.297-0400] {logging_mixin.py:188} INFO - [2024-03-12T23:42:41.296-0400] {dag.py:3834} INFO - Setting next_dagrun for example_external_task_marker_child to None, run_after=None
[2024-03-12T23:42:41.304-0400] {logging_mixin.py:188} INFO - [2024-03-12T23:42:41.303-0400] {dag.py:3834} INFO - Setting next_dagrun for example_external_task_marker_parent to None, run_after=None
[2024-03-12T23:42:41.361-0400] {processor.py:183} INFO - Processing /home/ironbong_jr/mlops/project/project/lib/python3.10/site-packages/airflow/example_dags/example_external_task_marker_dag.py took 0.468 seconds
[2024-03-12T23:44:39.756-0400] {processor.py:161} INFO - Started process (PID=422160) to work on /home/ironbong_jr/mlops/project/project/lib/python3.10/site-packages/airflow/example_dags/example_external_task_marker_dag.py
[2024-03-12T23:44:39.807-0400] {processor.py:830} INFO - Processing file /home/ironbong_jr/mlops/project/project/lib/python3.10/site-packages/airflow/example_dags/example_external_task_marker_dag.py for tasks to queue
[2024-03-12T23:44:39.810-0400] {logging_mixin.py:188} INFO - [2024-03-12T23:44:39.809-0400] {dagbag.py:540} INFO - Filling up the DagBag from /home/ironbong_jr/mlops/project/project/lib/python3.10/site-packages/airflow/example_dags/example_external_task_marker_dag.py
[2024-03-12T23:44:40.012-0400] {processor.py:840} INFO - DAG(s) 'example_external_task_marker_parent', 'example_external_task_marker_child' retrieved from /home/ironbong_jr/mlops/project/project/lib/python3.10/site-packages/airflow/example_dags/example_external_task_marker_dag.py
[2024-03-12T23:44:40.057-0400] {logging_mixin.py:188} INFO - [2024-03-12T23:44:40.056-0400] {dag.py:3047} INFO - Sync 2 DAGs
[2024-03-12T23:44:40.081-0400] {logging_mixin.py:188} INFO - [2024-03-12T23:44:40.080-0400] {dag.py:3834} INFO - Setting next_dagrun for example_external_task_marker_child to None, run_after=None
[2024-03-12T23:44:40.088-0400] {logging_mixin.py:188} INFO - [2024-03-12T23:44:40.087-0400] {dag.py:3834} INFO - Setting next_dagrun for example_external_task_marker_parent to None, run_after=None
[2024-03-12T23:44:40.135-0400] {processor.py:183} INFO - Processing /home/ironbong_jr/mlops/project/project/lib/python3.10/site-packages/airflow/example_dags/example_external_task_marker_dag.py took 0.385 seconds
[2024-03-12T23:46:17.893-0400] {processor.py:161} INFO - Started process (PID=422745) to work on /home/ironbong_jr/mlops/project/project/lib/python3.10/site-packages/airflow/example_dags/example_external_task_marker_dag.py
[2024-03-12T23:46:17.897-0400] {processor.py:830} INFO - Processing file /home/ironbong_jr/mlops/project/project/lib/python3.10/site-packages/airflow/example_dags/example_external_task_marker_dag.py for tasks to queue
[2024-03-12T23:46:17.900-0400] {logging_mixin.py:188} INFO - [2024-03-12T23:46:17.899-0400] {dagbag.py:540} INFO - Filling up the DagBag from /home/ironbong_jr/mlops/project/project/lib/python3.10/site-packages/airflow/example_dags/example_external_task_marker_dag.py
[2024-03-12T23:46:17.912-0400] {processor.py:840} INFO - DAG(s) 'example_external_task_marker_parent', 'example_external_task_marker_child' retrieved from /home/ironbong_jr/mlops/project/project/lib/python3.10/site-packages/airflow/example_dags/example_external_task_marker_dag.py
[2024-03-12T23:46:17.950-0400] {logging_mixin.py:188} INFO - [2024-03-12T23:46:17.950-0400] {dag.py:3047} INFO - Sync 2 DAGs
[2024-03-12T23:46:17.966-0400] {logging_mixin.py:188} INFO - [2024-03-12T23:46:17.966-0400] {dag.py:3834} INFO - Setting next_dagrun for example_external_task_marker_child to None, run_after=None
[2024-03-12T23:46:17.971-0400] {logging_mixin.py:188} INFO - [2024-03-12T23:46:17.971-0400] {dag.py:3834} INFO - Setting next_dagrun for example_external_task_marker_parent to None, run_after=None
[2024-03-12T23:46:18.007-0400] {processor.py:183} INFO - Processing /home/ironbong_jr/mlops/project/project/lib/python3.10/site-packages/airflow/example_dags/example_external_task_marker_dag.py took 0.121 seconds
[2024-03-12T23:48:28.555-0400] {processor.py:161} INFO - Started process (PID=423354) to work on /home/ironbong_jr/mlops/project/project/lib/python3.10/site-packages/airflow/example_dags/example_external_task_marker_dag.py
[2024-03-12T23:48:28.606-0400] {processor.py:830} INFO - Processing file /home/ironbong_jr/mlops/project/project/lib/python3.10/site-packages/airflow/example_dags/example_external_task_marker_dag.py for tasks to queue
[2024-03-12T23:48:28.608-0400] {logging_mixin.py:188} INFO - [2024-03-12T23:48:28.607-0400] {dagbag.py:540} INFO - Filling up the DagBag from /home/ironbong_jr/mlops/project/project/lib/python3.10/site-packages/airflow/example_dags/example_external_task_marker_dag.py
[2024-03-12T23:48:28.619-0400] {processor.py:840} INFO - DAG(s) 'example_external_task_marker_child', 'example_external_task_marker_parent' retrieved from /home/ironbong_jr/mlops/project/project/lib/python3.10/site-packages/airflow/example_dags/example_external_task_marker_dag.py
[2024-03-12T23:48:28.657-0400] {logging_mixin.py:188} INFO - [2024-03-12T23:48:28.656-0400] {dag.py:3047} INFO - Sync 2 DAGs
[2024-03-12T23:48:28.676-0400] {logging_mixin.py:188} INFO - [2024-03-12T23:48:28.675-0400] {dag.py:3834} INFO - Setting next_dagrun for example_external_task_marker_child to None, run_after=None
[2024-03-12T23:48:28.683-0400] {logging_mixin.py:188} INFO - [2024-03-12T23:48:28.683-0400] {dag.py:3834} INFO - Setting next_dagrun for example_external_task_marker_parent to None, run_after=None
[2024-03-12T23:48:28.732-0400] {processor.py:183} INFO - Processing /home/ironbong_jr/mlops/project/project/lib/python3.10/site-packages/airflow/example_dags/example_external_task_marker_dag.py took 0.183 seconds
[2024-03-12T23:49:56.682-0400] {processor.py:161} INFO - Started process (PID=423755) to work on /home/ironbong_jr/mlops/project/project/lib/python3.10/site-packages/airflow/example_dags/example_external_task_marker_dag.py
[2024-03-12T23:49:56.734-0400] {processor.py:830} INFO - Processing file /home/ironbong_jr/mlops/project/project/lib/python3.10/site-packages/airflow/example_dags/example_external_task_marker_dag.py for tasks to queue
[2024-03-12T23:49:56.738-0400] {logging_mixin.py:188} INFO - [2024-03-12T23:49:56.736-0400] {dagbag.py:540} INFO - Filling up the DagBag from /home/ironbong_jr/mlops/project/project/lib/python3.10/site-packages/airflow/example_dags/example_external_task_marker_dag.py
[2024-03-12T23:49:56.753-0400] {processor.py:840} INFO - DAG(s) 'example_external_task_marker_child', 'example_external_task_marker_parent' retrieved from /home/ironbong_jr/mlops/project/project/lib/python3.10/site-packages/airflow/example_dags/example_external_task_marker_dag.py
[2024-03-12T23:49:56.790-0400] {logging_mixin.py:188} INFO - [2024-03-12T23:49:56.789-0400] {dag.py:3047} INFO - Sync 2 DAGs
[2024-03-12T23:49:56.812-0400] {logging_mixin.py:188} INFO - [2024-03-12T23:49:56.811-0400] {dag.py:3834} INFO - Setting next_dagrun for example_external_task_marker_child to None, run_after=None
[2024-03-12T23:49:56.817-0400] {logging_mixin.py:188} INFO - [2024-03-12T23:49:56.817-0400] {dag.py:3834} INFO - Setting next_dagrun for example_external_task_marker_parent to None, run_after=None
[2024-03-12T23:49:56.861-0400] {processor.py:183} INFO - Processing /home/ironbong_jr/mlops/project/project/lib/python3.10/site-packages/airflow/example_dags/example_external_task_marker_dag.py took 0.185 seconds
[2024-03-12T23:51:22.248-0400] {processor.py:161} INFO - Started process (PID=424208) to work on /home/ironbong_jr/mlops/project/project/lib/python3.10/site-packages/airflow/example_dags/example_external_task_marker_dag.py
[2024-03-12T23:51:22.301-0400] {processor.py:830} INFO - Processing file /home/ironbong_jr/mlops/project/project/lib/python3.10/site-packages/airflow/example_dags/example_external_task_marker_dag.py for tasks to queue
[2024-03-12T23:51:22.304-0400] {logging_mixin.py:188} INFO - [2024-03-12T23:51:22.303-0400] {dagbag.py:540} INFO - Filling up the DagBag from /home/ironbong_jr/mlops/project/project/lib/python3.10/site-packages/airflow/example_dags/example_external_task_marker_dag.py
[2024-03-12T23:51:22.333-0400] {processor.py:840} INFO - DAG(s) 'example_external_task_marker_parent', 'example_external_task_marker_child' retrieved from /home/ironbong_jr/mlops/project/project/lib/python3.10/site-packages/airflow/example_dags/example_external_task_marker_dag.py
[2024-03-12T23:51:22.374-0400] {logging_mixin.py:188} INFO - [2024-03-12T23:51:22.374-0400] {dag.py:3047} INFO - Sync 2 DAGs
[2024-03-12T23:51:22.400-0400] {logging_mixin.py:188} INFO - [2024-03-12T23:51:22.399-0400] {dag.py:3834} INFO - Setting next_dagrun for example_external_task_marker_child to None, run_after=None
[2024-03-12T23:51:22.409-0400] {logging_mixin.py:188} INFO - [2024-03-12T23:51:22.409-0400] {dag.py:3834} INFO - Setting next_dagrun for example_external_task_marker_parent to None, run_after=None
[2024-03-12T23:51:22.501-0400] {processor.py:183} INFO - Processing /home/ironbong_jr/mlops/project/project/lib/python3.10/site-packages/airflow/example_dags/example_external_task_marker_dag.py took 0.260 seconds
[2024-03-12T23:52:49.421-0400] {processor.py:161} INFO - Started process (PID=424736) to work on /home/ironbong_jr/mlops/project/project/lib/python3.10/site-packages/airflow/example_dags/example_external_task_marker_dag.py
[2024-03-12T23:52:49.426-0400] {processor.py:830} INFO - Processing file /home/ironbong_jr/mlops/project/project/lib/python3.10/site-packages/airflow/example_dags/example_external_task_marker_dag.py for tasks to queue
[2024-03-12T23:52:49.429-0400] {logging_mixin.py:188} INFO - [2024-03-12T23:52:49.428-0400] {dagbag.py:540} INFO - Filling up the DagBag from /home/ironbong_jr/mlops/project/project/lib/python3.10/site-packages/airflow/example_dags/example_external_task_marker_dag.py
[2024-03-12T23:52:49.462-0400] {processor.py:840} INFO - DAG(s) 'example_external_task_marker_parent', 'example_external_task_marker_child' retrieved from /home/ironbong_jr/mlops/project/project/lib/python3.10/site-packages/airflow/example_dags/example_external_task_marker_dag.py
[2024-03-12T23:52:49.536-0400] {logging_mixin.py:188} INFO - [2024-03-12T23:52:49.536-0400] {dag.py:3047} INFO - Sync 2 DAGs
[2024-03-12T23:52:49.568-0400] {logging_mixin.py:188} INFO - [2024-03-12T23:52:49.568-0400] {dag.py:3834} INFO - Setting next_dagrun for example_external_task_marker_child to None, run_after=None
[2024-03-12T23:52:49.581-0400] {logging_mixin.py:188} INFO - [2024-03-12T23:52:49.580-0400] {dag.py:3834} INFO - Setting next_dagrun for example_external_task_marker_parent to None, run_after=None
[2024-03-12T23:52:49.705-0400] {processor.py:183} INFO - Processing /home/ironbong_jr/mlops/project/project/lib/python3.10/site-packages/airflow/example_dags/example_external_task_marker_dag.py took 0.297 seconds
[2024-03-12T23:54:24.207-0400] {processor.py:161} INFO - Started process (PID=425179) to work on /home/ironbong_jr/mlops/project/project/lib/python3.10/site-packages/airflow/example_dags/example_external_task_marker_dag.py
[2024-03-12T23:54:24.259-0400] {processor.py:830} INFO - Processing file /home/ironbong_jr/mlops/project/project/lib/python3.10/site-packages/airflow/example_dags/example_external_task_marker_dag.py for tasks to queue
[2024-03-12T23:54:24.262-0400] {logging_mixin.py:188} INFO - [2024-03-12T23:54:24.261-0400] {dagbag.py:540} INFO - Filling up the DagBag from /home/ironbong_jr/mlops/project/project/lib/python3.10/site-packages/airflow/example_dags/example_external_task_marker_dag.py
[2024-03-12T23:54:24.279-0400] {processor.py:840} INFO - DAG(s) 'example_external_task_marker_child', 'example_external_task_marker_parent' retrieved from /home/ironbong_jr/mlops/project/project/lib/python3.10/site-packages/airflow/example_dags/example_external_task_marker_dag.py
[2024-03-12T23:54:24.335-0400] {logging_mixin.py:188} INFO - [2024-03-12T23:54:24.334-0400] {dag.py:3047} INFO - Sync 2 DAGs
[2024-03-12T23:54:24.370-0400] {logging_mixin.py:188} INFO - [2024-03-12T23:54:24.369-0400] {dag.py:3834} INFO - Setting next_dagrun for example_external_task_marker_child to None, run_after=None
[2024-03-12T23:54:24.377-0400] {logging_mixin.py:188} INFO - [2024-03-12T23:54:24.376-0400] {dag.py:3834} INFO - Setting next_dagrun for example_external_task_marker_parent to None, run_after=None
[2024-03-12T23:54:24.471-0400] {processor.py:183} INFO - Processing /home/ironbong_jr/mlops/project/project/lib/python3.10/site-packages/airflow/example_dags/example_external_task_marker_dag.py took 0.276 seconds
[2024-03-12T23:56:01.248-0400] {processor.py:161} INFO - Started process (PID=425601) to work on /home/ironbong_jr/mlops/project/project/lib/python3.10/site-packages/airflow/example_dags/example_external_task_marker_dag.py
[2024-03-12T23:56:01.301-0400] {processor.py:830} INFO - Processing file /home/ironbong_jr/mlops/project/project/lib/python3.10/site-packages/airflow/example_dags/example_external_task_marker_dag.py for tasks to queue
[2024-03-12T23:56:01.305-0400] {logging_mixin.py:188} INFO - [2024-03-12T23:56:01.303-0400] {dagbag.py:540} INFO - Filling up the DagBag from /home/ironbong_jr/mlops/project/project/lib/python3.10/site-packages/airflow/example_dags/example_external_task_marker_dag.py
[2024-03-12T23:56:01.324-0400] {processor.py:840} INFO - DAG(s) 'example_external_task_marker_child', 'example_external_task_marker_parent' retrieved from /home/ironbong_jr/mlops/project/project/lib/python3.10/site-packages/airflow/example_dags/example_external_task_marker_dag.py
[2024-03-12T23:56:01.373-0400] {logging_mixin.py:188} INFO - [2024-03-12T23:56:01.373-0400] {dag.py:3047} INFO - Sync 2 DAGs
[2024-03-12T23:56:01.393-0400] {logging_mixin.py:188} INFO - [2024-03-12T23:56:01.392-0400] {dag.py:3834} INFO - Setting next_dagrun for example_external_task_marker_child to None, run_after=None
[2024-03-12T23:56:01.398-0400] {logging_mixin.py:188} INFO - [2024-03-12T23:56:01.398-0400] {dag.py:3834} INFO - Setting next_dagrun for example_external_task_marker_parent to None, run_after=None
[2024-03-12T23:56:01.462-0400] {processor.py:183} INFO - Processing /home/ironbong_jr/mlops/project/project/lib/python3.10/site-packages/airflow/example_dags/example_external_task_marker_dag.py took 0.219 seconds
[2024-03-13T00:30:29.007-0400] {processor.py:161} INFO - Started process (PID=432920) to work on /home/ironbong_jr/mlops/project/project/lib/python3.10/site-packages/airflow/example_dags/example_external_task_marker_dag.py
[2024-03-13T00:30:29.060-0400] {processor.py:830} INFO - Processing file /home/ironbong_jr/mlops/project/project/lib/python3.10/site-packages/airflow/example_dags/example_external_task_marker_dag.py for tasks to queue
[2024-03-13T00:30:29.063-0400] {logging_mixin.py:188} INFO - [2024-03-13T00:30:29.061-0400] {dagbag.py:540} INFO - Filling up the DagBag from /home/ironbong_jr/mlops/project/project/lib/python3.10/site-packages/airflow/example_dags/example_external_task_marker_dag.py
[2024-03-13T00:30:29.076-0400] {processor.py:840} INFO - DAG(s) 'example_external_task_marker_child', 'example_external_task_marker_parent' retrieved from /home/ironbong_jr/mlops/project/project/lib/python3.10/site-packages/airflow/example_dags/example_external_task_marker_dag.py
[2024-03-13T00:30:29.440-0400] {logging_mixin.py:188} INFO - [2024-03-13T00:30:29.439-0400] {dag.py:3047} INFO - Sync 2 DAGs
[2024-03-13T00:30:29.461-0400] {logging_mixin.py:188} INFO - [2024-03-13T00:30:29.461-0400] {dag.py:3834} INFO - Setting next_dagrun for example_external_task_marker_child to None, run_after=None
[2024-03-13T00:30:29.466-0400] {logging_mixin.py:188} INFO - [2024-03-13T00:30:29.465-0400] {dag.py:3834} INFO - Setting next_dagrun for example_external_task_marker_parent to None, run_after=None
[2024-03-13T00:30:29.553-0400] {processor.py:183} INFO - Processing /home/ironbong_jr/mlops/project/project/lib/python3.10/site-packages/airflow/example_dags/example_external_task_marker_dag.py took 0.551 seconds
[2024-03-13T00:32:18.414-0400] {processor.py:161} INFO - Started process (PID=433437) to work on /home/ironbong_jr/mlops/project/project/lib/python3.10/site-packages/airflow/example_dags/example_external_task_marker_dag.py
[2024-03-13T00:32:18.461-0400] {processor.py:830} INFO - Processing file /home/ironbong_jr/mlops/project/project/lib/python3.10/site-packages/airflow/example_dags/example_external_task_marker_dag.py for tasks to queue
[2024-03-13T00:32:18.464-0400] {logging_mixin.py:188} INFO - [2024-03-13T00:32:18.463-0400] {dagbag.py:540} INFO - Filling up the DagBag from /home/ironbong_jr/mlops/project/project/lib/python3.10/site-packages/airflow/example_dags/example_external_task_marker_dag.py
[2024-03-13T00:32:18.498-0400] {processor.py:840} INFO - DAG(s) 'example_external_task_marker_child', 'example_external_task_marker_parent' retrieved from /home/ironbong_jr/mlops/project/project/lib/python3.10/site-packages/airflow/example_dags/example_external_task_marker_dag.py
[2024-03-13T00:32:18.738-0400] {logging_mixin.py:188} INFO - [2024-03-13T00:32:18.738-0400] {dag.py:3047} INFO - Sync 2 DAGs
[2024-03-13T00:32:18.759-0400] {logging_mixin.py:188} INFO - [2024-03-13T00:32:18.759-0400] {dag.py:3834} INFO - Setting next_dagrun for example_external_task_marker_child to None, run_after=None
[2024-03-13T00:32:18.769-0400] {logging_mixin.py:188} INFO - [2024-03-13T00:32:18.768-0400] {dag.py:3834} INFO - Setting next_dagrun for example_external_task_marker_parent to None, run_after=None
[2024-03-13T00:32:18.867-0400] {processor.py:183} INFO - Processing /home/ironbong_jr/mlops/project/project/lib/python3.10/site-packages/airflow/example_dags/example_external_task_marker_dag.py took 0.461 seconds
[2024-03-13T00:36:12.229-0400] {processor.py:161} INFO - Started process (PID=434392) to work on /home/ironbong_jr/mlops/project/project/lib/python3.10/site-packages/airflow/example_dags/example_external_task_marker_dag.py
[2024-03-13T00:36:12.236-0400] {processor.py:830} INFO - Processing file /home/ironbong_jr/mlops/project/project/lib/python3.10/site-packages/airflow/example_dags/example_external_task_marker_dag.py for tasks to queue
[2024-03-13T00:36:12.239-0400] {logging_mixin.py:188} INFO - [2024-03-13T00:36:12.239-0400] {dagbag.py:540} INFO - Filling up the DagBag from /home/ironbong_jr/mlops/project/project/lib/python3.10/site-packages/airflow/example_dags/example_external_task_marker_dag.py
[2024-03-13T00:36:12.250-0400] {processor.py:840} INFO - DAG(s) 'example_external_task_marker_child', 'example_external_task_marker_parent' retrieved from /home/ironbong_jr/mlops/project/project/lib/python3.10/site-packages/airflow/example_dags/example_external_task_marker_dag.py
[2024-03-13T00:36:12.287-0400] {logging_mixin.py:188} INFO - [2024-03-13T00:36:12.286-0400] {dag.py:3047} INFO - Sync 2 DAGs
[2024-03-13T00:36:12.303-0400] {logging_mixin.py:188} INFO - [2024-03-13T00:36:12.302-0400] {dag.py:3834} INFO - Setting next_dagrun for example_external_task_marker_child to None, run_after=None
[2024-03-13T00:36:12.311-0400] {logging_mixin.py:188} INFO - [2024-03-13T00:36:12.310-0400] {dag.py:3834} INFO - Setting next_dagrun for example_external_task_marker_parent to None, run_after=None
[2024-03-13T00:36:12.347-0400] {processor.py:183} INFO - Processing /home/ironbong_jr/mlops/project/project/lib/python3.10/site-packages/airflow/example_dags/example_external_task_marker_dag.py took 0.128 seconds
[2024-03-13T00:38:21.900-0400] {processor.py:161} INFO - Started process (PID=435033) to work on /home/ironbong_jr/mlops/project/project/lib/python3.10/site-packages/airflow/example_dags/example_external_task_marker_dag.py
[2024-03-13T00:38:21.953-0400] {processor.py:830} INFO - Processing file /home/ironbong_jr/mlops/project/project/lib/python3.10/site-packages/airflow/example_dags/example_external_task_marker_dag.py for tasks to queue
[2024-03-13T00:38:21.955-0400] {logging_mixin.py:188} INFO - [2024-03-13T00:38:21.954-0400] {dagbag.py:540} INFO - Filling up the DagBag from /home/ironbong_jr/mlops/project/project/lib/python3.10/site-packages/airflow/example_dags/example_external_task_marker_dag.py
[2024-03-13T00:38:21.973-0400] {processor.py:840} INFO - DAG(s) 'example_external_task_marker_parent', 'example_external_task_marker_child' retrieved from /home/ironbong_jr/mlops/project/project/lib/python3.10/site-packages/airflow/example_dags/example_external_task_marker_dag.py
[2024-03-13T00:38:22.019-0400] {logging_mixin.py:188} INFO - [2024-03-13T00:38:22.019-0400] {dag.py:3047} INFO - Sync 2 DAGs
[2024-03-13T00:38:22.085-0400] {logging_mixin.py:188} INFO - [2024-03-13T00:38:22.084-0400] {dag.py:3834} INFO - Setting next_dagrun for example_external_task_marker_child to None, run_after=None
[2024-03-13T00:38:22.111-0400] {logging_mixin.py:188} INFO - [2024-03-13T00:38:22.107-0400] {dag.py:3834} INFO - Setting next_dagrun for example_external_task_marker_parent to None, run_after=None
[2024-03-13T00:38:22.190-0400] {processor.py:183} INFO - Processing /home/ironbong_jr/mlops/project/project/lib/python3.10/site-packages/airflow/example_dags/example_external_task_marker_dag.py took 0.296 seconds
[2024-03-13T00:40:00.473-0400] {processor.py:161} INFO - Started process (PID=435460) to work on /home/ironbong_jr/mlops/project/project/lib/python3.10/site-packages/airflow/example_dags/example_external_task_marker_dag.py
[2024-03-13T00:40:00.523-0400] {processor.py:830} INFO - Processing file /home/ironbong_jr/mlops/project/project/lib/python3.10/site-packages/airflow/example_dags/example_external_task_marker_dag.py for tasks to queue
[2024-03-13T00:40:00.526-0400] {logging_mixin.py:188} INFO - [2024-03-13T00:40:00.525-0400] {dagbag.py:540} INFO - Filling up the DagBag from /home/ironbong_jr/mlops/project/project/lib/python3.10/site-packages/airflow/example_dags/example_external_task_marker_dag.py
[2024-03-13T00:40:00.540-0400] {processor.py:840} INFO - DAG(s) 'example_external_task_marker_child', 'example_external_task_marker_parent' retrieved from /home/ironbong_jr/mlops/project/project/lib/python3.10/site-packages/airflow/example_dags/example_external_task_marker_dag.py
[2024-03-13T00:40:00.580-0400] {logging_mixin.py:188} INFO - [2024-03-13T00:40:00.580-0400] {dag.py:3047} INFO - Sync 2 DAGs
[2024-03-13T00:40:00.600-0400] {logging_mixin.py:188} INFO - [2024-03-13T00:40:00.599-0400] {dag.py:3834} INFO - Setting next_dagrun for example_external_task_marker_child to None, run_after=None
[2024-03-13T00:40:00.606-0400] {logging_mixin.py:188} INFO - [2024-03-13T00:40:00.606-0400] {dag.py:3834} INFO - Setting next_dagrun for example_external_task_marker_parent to None, run_after=None
[2024-03-13T00:40:00.649-0400] {processor.py:183} INFO - Processing /home/ironbong_jr/mlops/project/project/lib/python3.10/site-packages/airflow/example_dags/example_external_task_marker_dag.py took 0.183 seconds
[2024-03-13T00:42:48.487-0400] {processor.py:161} INFO - Started process (PID=436220) to work on /home/ironbong_jr/mlops/project/project/lib/python3.10/site-packages/airflow/example_dags/example_external_task_marker_dag.py
[2024-03-13T00:42:48.509-0400] {processor.py:830} INFO - Processing file /home/ironbong_jr/mlops/project/project/lib/python3.10/site-packages/airflow/example_dags/example_external_task_marker_dag.py for tasks to queue
[2024-03-13T00:42:48.512-0400] {logging_mixin.py:188} INFO - [2024-03-13T00:42:48.511-0400] {dagbag.py:540} INFO - Filling up the DagBag from /home/ironbong_jr/mlops/project/project/lib/python3.10/site-packages/airflow/example_dags/example_external_task_marker_dag.py
[2024-03-13T00:42:48.532-0400] {processor.py:840} INFO - DAG(s) 'example_external_task_marker_parent', 'example_external_task_marker_child' retrieved from /home/ironbong_jr/mlops/project/project/lib/python3.10/site-packages/airflow/example_dags/example_external_task_marker_dag.py
[2024-03-13T00:42:48.580-0400] {logging_mixin.py:188} INFO - [2024-03-13T00:42:48.580-0400] {dag.py:3047} INFO - Sync 2 DAGs
[2024-03-13T00:42:48.597-0400] {logging_mixin.py:188} INFO - [2024-03-13T00:42:48.597-0400] {dag.py:3834} INFO - Setting next_dagrun for example_external_task_marker_child to None, run_after=None
[2024-03-13T00:42:48.602-0400] {logging_mixin.py:188} INFO - [2024-03-13T00:42:48.602-0400] {dag.py:3834} INFO - Setting next_dagrun for example_external_task_marker_parent to None, run_after=None
[2024-03-13T00:42:48.640-0400] {processor.py:183} INFO - Processing /home/ironbong_jr/mlops/project/project/lib/python3.10/site-packages/airflow/example_dags/example_external_task_marker_dag.py took 0.170 seconds
[2024-03-13T00:44:57.713-0400] {processor.py:161} INFO - Started process (PID=436826) to work on /home/ironbong_jr/mlops/project/project/lib/python3.10/site-packages/airflow/example_dags/example_external_task_marker_dag.py
[2024-03-13T00:44:57.764-0400] {processor.py:830} INFO - Processing file /home/ironbong_jr/mlops/project/project/lib/python3.10/site-packages/airflow/example_dags/example_external_task_marker_dag.py for tasks to queue
[2024-03-13T00:44:57.766-0400] {logging_mixin.py:188} INFO - [2024-03-13T00:44:57.765-0400] {dagbag.py:540} INFO - Filling up the DagBag from /home/ironbong_jr/mlops/project/project/lib/python3.10/site-packages/airflow/example_dags/example_external_task_marker_dag.py
[2024-03-13T00:44:57.784-0400] {processor.py:840} INFO - DAG(s) 'example_external_task_marker_parent', 'example_external_task_marker_child' retrieved from /home/ironbong_jr/mlops/project/project/lib/python3.10/site-packages/airflow/example_dags/example_external_task_marker_dag.py
[2024-03-13T00:44:57.813-0400] {logging_mixin.py:188} INFO - [2024-03-13T00:44:57.812-0400] {dag.py:3047} INFO - Sync 2 DAGs
[2024-03-13T00:44:57.825-0400] {logging_mixin.py:188} INFO - [2024-03-13T00:44:57.825-0400] {dag.py:3834} INFO - Setting next_dagrun for example_external_task_marker_child to None, run_after=None
[2024-03-13T00:44:57.828-0400] {logging_mixin.py:188} INFO - [2024-03-13T00:44:57.828-0400] {dag.py:3834} INFO - Setting next_dagrun for example_external_task_marker_parent to None, run_after=None
[2024-03-13T00:44:57.860-0400] {processor.py:183} INFO - Processing /home/ironbong_jr/mlops/project/project/lib/python3.10/site-packages/airflow/example_dags/example_external_task_marker_dag.py took 0.172 seconds
[2024-03-13T15:49:33.174-0400] {processor.py:161} INFO - Started process (PID=453821) to work on /home/ironbong_jr/mlops/project/project/lib/python3.10/site-packages/airflow/example_dags/example_external_task_marker_dag.py
[2024-03-13T15:49:33.176-0400] {processor.py:830} INFO - Processing file /home/ironbong_jr/mlops/project/project/lib/python3.10/site-packages/airflow/example_dags/example_external_task_marker_dag.py for tasks to queue
[2024-03-13T15:49:33.176-0400] {logging_mixin.py:188} INFO - [2024-03-13T15:49:33.176-0400] {dagbag.py:540} INFO - Filling up the DagBag from /home/ironbong_jr/mlops/project/project/lib/python3.10/site-packages/airflow/example_dags/example_external_task_marker_dag.py
[2024-03-13T15:49:33.180-0400] {processor.py:840} INFO - DAG(s) 'example_external_task_marker_child', 'example_external_task_marker_parent' retrieved from /home/ironbong_jr/mlops/project/project/lib/python3.10/site-packages/airflow/example_dags/example_external_task_marker_dag.py
[2024-03-13T15:49:33.285-0400] {logging_mixin.py:188} INFO - [2024-03-13T15:49:33.285-0400] {dag.py:3047} INFO - Sync 2 DAGs
[2024-03-13T15:49:33.290-0400] {logging_mixin.py:188} INFO - [2024-03-13T15:49:33.289-0400] {dag.py:3834} INFO - Setting next_dagrun for example_external_task_marker_child to None, run_after=None
[2024-03-13T15:49:33.291-0400] {logging_mixin.py:188} INFO - [2024-03-13T15:49:33.291-0400] {dag.py:3834} INFO - Setting next_dagrun for example_external_task_marker_parent to None, run_after=None
[2024-03-13T15:49:33.311-0400] {processor.py:183} INFO - Processing /home/ironbong_jr/mlops/project/project/lib/python3.10/site-packages/airflow/example_dags/example_external_task_marker_dag.py took 0.139 seconds
[2024-03-13T15:51:42.480-0400] {processor.py:161} INFO - Started process (PID=454545) to work on /home/ironbong_jr/mlops/project/project/lib/python3.10/site-packages/airflow/example_dags/example_external_task_marker_dag.py
[2024-03-13T15:51:42.484-0400] {processor.py:830} INFO - Processing file /home/ironbong_jr/mlops/project/project/lib/python3.10/site-packages/airflow/example_dags/example_external_task_marker_dag.py for tasks to queue
[2024-03-13T15:51:42.486-0400] {logging_mixin.py:188} INFO - [2024-03-13T15:51:42.485-0400] {dagbag.py:540} INFO - Filling up the DagBag from /home/ironbong_jr/mlops/project/project/lib/python3.10/site-packages/airflow/example_dags/example_external_task_marker_dag.py
[2024-03-13T15:51:42.495-0400] {processor.py:840} INFO - DAG(s) 'example_external_task_marker_child', 'example_external_task_marker_parent' retrieved from /home/ironbong_jr/mlops/project/project/lib/python3.10/site-packages/airflow/example_dags/example_external_task_marker_dag.py
[2024-03-13T15:51:42.508-0400] {logging_mixin.py:188} INFO - [2024-03-13T15:51:42.507-0400] {dag.py:3047} INFO - Sync 2 DAGs
[2024-03-13T15:51:42.514-0400] {logging_mixin.py:188} INFO - [2024-03-13T15:51:42.514-0400] {dag.py:3834} INFO - Setting next_dagrun for example_external_task_marker_child to None, run_after=None
[2024-03-13T15:51:42.518-0400] {logging_mixin.py:188} INFO - [2024-03-13T15:51:42.518-0400] {dag.py:3834} INFO - Setting next_dagrun for example_external_task_marker_parent to None, run_after=None
[2024-03-13T15:51:42.542-0400] {processor.py:183} INFO - Processing /home/ironbong_jr/mlops/project/project/lib/python3.10/site-packages/airflow/example_dags/example_external_task_marker_dag.py took 0.067 seconds
[2024-03-13T15:52:37.205-0400] {processor.py:161} INFO - Started process (PID=454838) to work on /home/ironbong_jr/mlops/project/project/lib/python3.10/site-packages/airflow/example_dags/example_external_task_marker_dag.py
[2024-03-13T15:52:37.208-0400] {processor.py:830} INFO - Processing file /home/ironbong_jr/mlops/project/project/lib/python3.10/site-packages/airflow/example_dags/example_external_task_marker_dag.py for tasks to queue
[2024-03-13T15:52:37.209-0400] {logging_mixin.py:188} INFO - [2024-03-13T15:52:37.209-0400] {dagbag.py:540} INFO - Filling up the DagBag from /home/ironbong_jr/mlops/project/project/lib/python3.10/site-packages/airflow/example_dags/example_external_task_marker_dag.py
[2024-03-13T15:52:37.214-0400] {processor.py:840} INFO - DAG(s) 'example_external_task_marker_parent', 'example_external_task_marker_child' retrieved from /home/ironbong_jr/mlops/project/project/lib/python3.10/site-packages/airflow/example_dags/example_external_task_marker_dag.py
[2024-03-13T15:52:37.226-0400] {logging_mixin.py:188} INFO - [2024-03-13T15:52:37.225-0400] {dag.py:3047} INFO - Sync 2 DAGs
[2024-03-13T15:52:37.232-0400] {logging_mixin.py:188} INFO - [2024-03-13T15:52:37.232-0400] {dag.py:3834} INFO - Setting next_dagrun for example_external_task_marker_child to None, run_after=None
[2024-03-13T15:52:37.234-0400] {logging_mixin.py:188} INFO - [2024-03-13T15:52:37.234-0400] {dag.py:3834} INFO - Setting next_dagrun for example_external_task_marker_parent to None, run_after=None
[2024-03-13T15:52:37.256-0400] {processor.py:183} INFO - Processing /home/ironbong_jr/mlops/project/project/lib/python3.10/site-packages/airflow/example_dags/example_external_task_marker_dag.py took 0.053 seconds
[2024-03-13T15:53:49.572-0400] {processor.py:161} INFO - Started process (PID=455238) to work on /home/ironbong_jr/mlops/project/project/lib/python3.10/site-packages/airflow/example_dags/example_external_task_marker_dag.py
[2024-03-13T15:53:49.576-0400] {processor.py:830} INFO - Processing file /home/ironbong_jr/mlops/project/project/lib/python3.10/site-packages/airflow/example_dags/example_external_task_marker_dag.py for tasks to queue
[2024-03-13T15:53:49.576-0400] {logging_mixin.py:188} INFO - [2024-03-13T15:53:49.576-0400] {dagbag.py:540} INFO - Filling up the DagBag from /home/ironbong_jr/mlops/project/project/lib/python3.10/site-packages/airflow/example_dags/example_external_task_marker_dag.py
[2024-03-13T15:53:49.581-0400] {processor.py:840} INFO - DAG(s) 'example_external_task_marker_parent', 'example_external_task_marker_child' retrieved from /home/ironbong_jr/mlops/project/project/lib/python3.10/site-packages/airflow/example_dags/example_external_task_marker_dag.py
[2024-03-13T15:53:49.592-0400] {logging_mixin.py:188} INFO - [2024-03-13T15:53:49.592-0400] {dag.py:3047} INFO - Sync 2 DAGs
[2024-03-13T15:53:49.599-0400] {logging_mixin.py:188} INFO - [2024-03-13T15:53:49.599-0400] {dag.py:3834} INFO - Setting next_dagrun for example_external_task_marker_child to None, run_after=None
[2024-03-13T15:53:49.601-0400] {logging_mixin.py:188} INFO - [2024-03-13T15:53:49.601-0400] {dag.py:3834} INFO - Setting next_dagrun for example_external_task_marker_parent to None, run_after=None
[2024-03-13T15:53:49.623-0400] {processor.py:183} INFO - Processing /home/ironbong_jr/mlops/project/project/lib/python3.10/site-packages/airflow/example_dags/example_external_task_marker_dag.py took 0.052 seconds
[2024-03-13T15:54:46.219-0400] {processor.py:161} INFO - Started process (PID=455512) to work on /home/ironbong_jr/mlops/project/project/lib/python3.10/site-packages/airflow/example_dags/example_external_task_marker_dag.py
[2024-03-13T15:54:46.223-0400] {processor.py:830} INFO - Processing file /home/ironbong_jr/mlops/project/project/lib/python3.10/site-packages/airflow/example_dags/example_external_task_marker_dag.py for tasks to queue
[2024-03-13T15:54:46.224-0400] {logging_mixin.py:188} INFO - [2024-03-13T15:54:46.224-0400] {dagbag.py:540} INFO - Filling up the DagBag from /home/ironbong_jr/mlops/project/project/lib/python3.10/site-packages/airflow/example_dags/example_external_task_marker_dag.py
[2024-03-13T15:54:46.229-0400] {processor.py:840} INFO - DAG(s) 'example_external_task_marker_child', 'example_external_task_marker_parent' retrieved from /home/ironbong_jr/mlops/project/project/lib/python3.10/site-packages/airflow/example_dags/example_external_task_marker_dag.py
[2024-03-13T15:54:46.245-0400] {logging_mixin.py:188} INFO - [2024-03-13T15:54:46.245-0400] {dag.py:3047} INFO - Sync 2 DAGs
[2024-03-13T15:54:46.255-0400] {logging_mixin.py:188} INFO - [2024-03-13T15:54:46.254-0400] {dag.py:3834} INFO - Setting next_dagrun for example_external_task_marker_child to None, run_after=None
[2024-03-13T15:54:46.257-0400] {logging_mixin.py:188} INFO - [2024-03-13T15:54:46.257-0400] {dag.py:3834} INFO - Setting next_dagrun for example_external_task_marker_parent to None, run_after=None
[2024-03-13T15:54:46.283-0400] {processor.py:183} INFO - Processing /home/ironbong_jr/mlops/project/project/lib/python3.10/site-packages/airflow/example_dags/example_external_task_marker_dag.py took 0.067 seconds
[2024-03-13T15:56:02.591-0400] {processor.py:161} INFO - Started process (PID=455881) to work on /home/ironbong_jr/mlops/project/project/lib/python3.10/site-packages/airflow/example_dags/example_external_task_marker_dag.py
[2024-03-13T15:56:02.594-0400] {processor.py:830} INFO - Processing file /home/ironbong_jr/mlops/project/project/lib/python3.10/site-packages/airflow/example_dags/example_external_task_marker_dag.py for tasks to queue
[2024-03-13T15:56:02.595-0400] {logging_mixin.py:188} INFO - [2024-03-13T15:56:02.595-0400] {dagbag.py:540} INFO - Filling up the DagBag from /home/ironbong_jr/mlops/project/project/lib/python3.10/site-packages/airflow/example_dags/example_external_task_marker_dag.py
[2024-03-13T15:56:02.600-0400] {processor.py:840} INFO - DAG(s) 'example_external_task_marker_child', 'example_external_task_marker_parent' retrieved from /home/ironbong_jr/mlops/project/project/lib/python3.10/site-packages/airflow/example_dags/example_external_task_marker_dag.py
[2024-03-13T15:56:02.612-0400] {logging_mixin.py:188} INFO - [2024-03-13T15:56:02.612-0400] {dag.py:3047} INFO - Sync 2 DAGs
[2024-03-13T15:56:02.619-0400] {logging_mixin.py:188} INFO - [2024-03-13T15:56:02.619-0400] {dag.py:3834} INFO - Setting next_dagrun for example_external_task_marker_child to None, run_after=None
[2024-03-13T15:56:02.621-0400] {logging_mixin.py:188} INFO - [2024-03-13T15:56:02.621-0400] {dag.py:3834} INFO - Setting next_dagrun for example_external_task_marker_parent to None, run_after=None
[2024-03-13T15:56:02.643-0400] {processor.py:183} INFO - Processing /home/ironbong_jr/mlops/project/project/lib/python3.10/site-packages/airflow/example_dags/example_external_task_marker_dag.py took 0.054 seconds
[2024-03-13T15:57:16.968-0400] {processor.py:161} INFO - Started process (PID=456285) to work on /home/ironbong_jr/mlops/project/project/lib/python3.10/site-packages/airflow/example_dags/example_external_task_marker_dag.py
[2024-03-13T15:57:16.971-0400] {processor.py:830} INFO - Processing file /home/ironbong_jr/mlops/project/project/lib/python3.10/site-packages/airflow/example_dags/example_external_task_marker_dag.py for tasks to queue
[2024-03-13T15:57:16.972-0400] {logging_mixin.py:188} INFO - [2024-03-13T15:57:16.972-0400] {dagbag.py:540} INFO - Filling up the DagBag from /home/ironbong_jr/mlops/project/project/lib/python3.10/site-packages/airflow/example_dags/example_external_task_marker_dag.py
[2024-03-13T15:57:16.976-0400] {processor.py:840} INFO - DAG(s) 'example_external_task_marker_parent', 'example_external_task_marker_child' retrieved from /home/ironbong_jr/mlops/project/project/lib/python3.10/site-packages/airflow/example_dags/example_external_task_marker_dag.py
[2024-03-13T15:57:16.987-0400] {logging_mixin.py:188} INFO - [2024-03-13T15:57:16.986-0400] {dag.py:3047} INFO - Sync 2 DAGs
[2024-03-13T15:57:16.993-0400] {logging_mixin.py:188} INFO - [2024-03-13T15:57:16.993-0400] {dag.py:3834} INFO - Setting next_dagrun for example_external_task_marker_child to None, run_after=None
[2024-03-13T15:57:16.995-0400] {logging_mixin.py:188} INFO - [2024-03-13T15:57:16.995-0400] {dag.py:3834} INFO - Setting next_dagrun for example_external_task_marker_parent to None, run_after=None
[2024-03-13T15:57:17.017-0400] {processor.py:183} INFO - Processing /home/ironbong_jr/mlops/project/project/lib/python3.10/site-packages/airflow/example_dags/example_external_task_marker_dag.py took 0.051 seconds
[2024-03-13T15:58:34.988-0400] {processor.py:161} INFO - Started process (PID=456703) to work on /home/ironbong_jr/mlops/project/project/lib/python3.10/site-packages/airflow/example_dags/example_external_task_marker_dag.py
[2024-03-13T15:58:34.991-0400] {processor.py:830} INFO - Processing file /home/ironbong_jr/mlops/project/project/lib/python3.10/site-packages/airflow/example_dags/example_external_task_marker_dag.py for tasks to queue
[2024-03-13T15:58:34.992-0400] {logging_mixin.py:188} INFO - [2024-03-13T15:58:34.992-0400] {dagbag.py:540} INFO - Filling up the DagBag from /home/ironbong_jr/mlops/project/project/lib/python3.10/site-packages/airflow/example_dags/example_external_task_marker_dag.py
[2024-03-13T15:58:34.996-0400] {processor.py:840} INFO - DAG(s) 'example_external_task_marker_child', 'example_external_task_marker_parent' retrieved from /home/ironbong_jr/mlops/project/project/lib/python3.10/site-packages/airflow/example_dags/example_external_task_marker_dag.py
[2024-03-13T15:58:35.008-0400] {logging_mixin.py:188} INFO - [2024-03-13T15:58:35.007-0400] {dag.py:3047} INFO - Sync 2 DAGs
[2024-03-13T15:58:35.014-0400] {logging_mixin.py:188} INFO - [2024-03-13T15:58:35.014-0400] {dag.py:3834} INFO - Setting next_dagrun for example_external_task_marker_child to None, run_after=None
[2024-03-13T15:58:35.016-0400] {logging_mixin.py:188} INFO - [2024-03-13T15:58:35.016-0400] {dag.py:3834} INFO - Setting next_dagrun for example_external_task_marker_parent to None, run_after=None
[2024-03-13T15:58:35.041-0400] {processor.py:183} INFO - Processing /home/ironbong_jr/mlops/project/project/lib/python3.10/site-packages/airflow/example_dags/example_external_task_marker_dag.py took 0.055 seconds
[2024-03-13T15:59:52.644-0400] {processor.py:161} INFO - Started process (PID=457105) to work on /home/ironbong_jr/mlops/project/project/lib/python3.10/site-packages/airflow/example_dags/example_external_task_marker_dag.py
[2024-03-13T15:59:52.647-0400] {processor.py:830} INFO - Processing file /home/ironbong_jr/mlops/project/project/lib/python3.10/site-packages/airflow/example_dags/example_external_task_marker_dag.py for tasks to queue
[2024-03-13T15:59:52.648-0400] {logging_mixin.py:188} INFO - [2024-03-13T15:59:52.648-0400] {dagbag.py:540} INFO - Filling up the DagBag from /home/ironbong_jr/mlops/project/project/lib/python3.10/site-packages/airflow/example_dags/example_external_task_marker_dag.py
[2024-03-13T15:59:52.652-0400] {processor.py:840} INFO - DAG(s) 'example_external_task_marker_parent', 'example_external_task_marker_child' retrieved from /home/ironbong_jr/mlops/project/project/lib/python3.10/site-packages/airflow/example_dags/example_external_task_marker_dag.py
[2024-03-13T15:59:52.663-0400] {logging_mixin.py:188} INFO - [2024-03-13T15:59:52.663-0400] {dag.py:3047} INFO - Sync 2 DAGs
[2024-03-13T15:59:52.670-0400] {logging_mixin.py:188} INFO - [2024-03-13T15:59:52.669-0400] {dag.py:3834} INFO - Setting next_dagrun for example_external_task_marker_child to None, run_after=None
[2024-03-13T15:59:52.671-0400] {logging_mixin.py:188} INFO - [2024-03-13T15:59:52.671-0400] {dag.py:3834} INFO - Setting next_dagrun for example_external_task_marker_parent to None, run_after=None
[2024-03-13T15:59:52.693-0400] {processor.py:183} INFO - Processing /home/ironbong_jr/mlops/project/project/lib/python3.10/site-packages/airflow/example_dags/example_external_task_marker_dag.py took 0.051 seconds
[2024-03-13T16:01:07.835-0400] {processor.py:161} INFO - Started process (PID=457454) to work on /home/ironbong_jr/mlops/project/project/lib/python3.10/site-packages/airflow/example_dags/example_external_task_marker_dag.py
[2024-03-13T16:01:07.838-0400] {processor.py:830} INFO - Processing file /home/ironbong_jr/mlops/project/project/lib/python3.10/site-packages/airflow/example_dags/example_external_task_marker_dag.py for tasks to queue
[2024-03-13T16:01:07.839-0400] {logging_mixin.py:188} INFO - [2024-03-13T16:01:07.839-0400] {dagbag.py:540} INFO - Filling up the DagBag from /home/ironbong_jr/mlops/project/project/lib/python3.10/site-packages/airflow/example_dags/example_external_task_marker_dag.py
[2024-03-13T16:01:07.844-0400] {processor.py:840} INFO - DAG(s) 'example_external_task_marker_child', 'example_external_task_marker_parent' retrieved from /home/ironbong_jr/mlops/project/project/lib/python3.10/site-packages/airflow/example_dags/example_external_task_marker_dag.py
[2024-03-13T16:01:07.857-0400] {logging_mixin.py:188} INFO - [2024-03-13T16:01:07.856-0400] {dag.py:3047} INFO - Sync 2 DAGs
[2024-03-13T16:01:07.865-0400] {logging_mixin.py:188} INFO - [2024-03-13T16:01:07.865-0400] {dag.py:3834} INFO - Setting next_dagrun for example_external_task_marker_child to None, run_after=None
[2024-03-13T16:01:07.867-0400] {logging_mixin.py:188} INFO - [2024-03-13T16:01:07.867-0400] {dag.py:3834} INFO - Setting next_dagrun for example_external_task_marker_parent to None, run_after=None
[2024-03-13T16:01:07.887-0400] {processor.py:183} INFO - Processing /home/ironbong_jr/mlops/project/project/lib/python3.10/site-packages/airflow/example_dags/example_external_task_marker_dag.py took 0.054 seconds
[2024-03-13T16:02:23.977-0400] {processor.py:161} INFO - Started process (PID=457889) to work on /home/ironbong_jr/mlops/project/project/lib/python3.10/site-packages/airflow/example_dags/example_external_task_marker_dag.py
[2024-03-13T16:02:23.979-0400] {processor.py:830} INFO - Processing file /home/ironbong_jr/mlops/project/project/lib/python3.10/site-packages/airflow/example_dags/example_external_task_marker_dag.py for tasks to queue
[2024-03-13T16:02:23.980-0400] {logging_mixin.py:188} INFO - [2024-03-13T16:02:23.980-0400] {dagbag.py:540} INFO - Filling up the DagBag from /home/ironbong_jr/mlops/project/project/lib/python3.10/site-packages/airflow/example_dags/example_external_task_marker_dag.py
[2024-03-13T16:02:23.984-0400] {processor.py:840} INFO - DAG(s) 'example_external_task_marker_child', 'example_external_task_marker_parent' retrieved from /home/ironbong_jr/mlops/project/project/lib/python3.10/site-packages/airflow/example_dags/example_external_task_marker_dag.py
[2024-03-13T16:02:23.996-0400] {logging_mixin.py:188} INFO - [2024-03-13T16:02:23.996-0400] {dag.py:3047} INFO - Sync 2 DAGs
[2024-03-13T16:02:24.004-0400] {logging_mixin.py:188} INFO - [2024-03-13T16:02:24.004-0400] {dag.py:3834} INFO - Setting next_dagrun for example_external_task_marker_child to None, run_after=None
[2024-03-13T16:02:24.006-0400] {logging_mixin.py:188} INFO - [2024-03-13T16:02:24.006-0400] {dag.py:3834} INFO - Setting next_dagrun for example_external_task_marker_parent to None, run_after=None
[2024-03-13T16:02:24.035-0400] {processor.py:183} INFO - Processing /home/ironbong_jr/mlops/project/project/lib/python3.10/site-packages/airflow/example_dags/example_external_task_marker_dag.py took 0.060 seconds
[2024-03-13T16:03:39.009-0400] {processor.py:161} INFO - Started process (PID=458253) to work on /home/ironbong_jr/mlops/project/project/lib/python3.10/site-packages/airflow/example_dags/example_external_task_marker_dag.py
[2024-03-13T16:03:39.011-0400] {processor.py:830} INFO - Processing file /home/ironbong_jr/mlops/project/project/lib/python3.10/site-packages/airflow/example_dags/example_external_task_marker_dag.py for tasks to queue
[2024-03-13T16:03:39.011-0400] {logging_mixin.py:188} INFO - [2024-03-13T16:03:39.011-0400] {dagbag.py:540} INFO - Filling up the DagBag from /home/ironbong_jr/mlops/project/project/lib/python3.10/site-packages/airflow/example_dags/example_external_task_marker_dag.py
[2024-03-13T16:03:39.015-0400] {processor.py:840} INFO - DAG(s) 'example_external_task_marker_parent', 'example_external_task_marker_child' retrieved from /home/ironbong_jr/mlops/project/project/lib/python3.10/site-packages/airflow/example_dags/example_external_task_marker_dag.py
[2024-03-13T16:03:39.027-0400] {logging_mixin.py:188} INFO - [2024-03-13T16:03:39.026-0400] {dag.py:3047} INFO - Sync 2 DAGs
[2024-03-13T16:03:39.033-0400] {logging_mixin.py:188} INFO - [2024-03-13T16:03:39.033-0400] {dag.py:3834} INFO - Setting next_dagrun for example_external_task_marker_child to None, run_after=None
[2024-03-13T16:03:39.035-0400] {logging_mixin.py:188} INFO - [2024-03-13T16:03:39.035-0400] {dag.py:3834} INFO - Setting next_dagrun for example_external_task_marker_parent to None, run_after=None
[2024-03-13T16:03:39.056-0400] {processor.py:183} INFO - Processing /home/ironbong_jr/mlops/project/project/lib/python3.10/site-packages/airflow/example_dags/example_external_task_marker_dag.py took 0.048 seconds
[2024-03-13T16:04:47.067-0400] {processor.py:161} INFO - Started process (PID=458675) to work on /home/ironbong_jr/mlops/project/project/lib/python3.10/site-packages/airflow/example_dags/example_external_task_marker_dag.py
[2024-03-13T16:04:47.071-0400] {processor.py:830} INFO - Processing file /home/ironbong_jr/mlops/project/project/lib/python3.10/site-packages/airflow/example_dags/example_external_task_marker_dag.py for tasks to queue
[2024-03-13T16:04:47.071-0400] {logging_mixin.py:188} INFO - [2024-03-13T16:04:47.071-0400] {dagbag.py:540} INFO - Filling up the DagBag from /home/ironbong_jr/mlops/project/project/lib/python3.10/site-packages/airflow/example_dags/example_external_task_marker_dag.py
[2024-03-13T16:04:47.076-0400] {processor.py:840} INFO - DAG(s) 'example_external_task_marker_child', 'example_external_task_marker_parent' retrieved from /home/ironbong_jr/mlops/project/project/lib/python3.10/site-packages/airflow/example_dags/example_external_task_marker_dag.py
[2024-03-13T16:04:47.087-0400] {logging_mixin.py:188} INFO - [2024-03-13T16:04:47.087-0400] {dag.py:3047} INFO - Sync 2 DAGs
[2024-03-13T16:04:47.094-0400] {logging_mixin.py:188} INFO - [2024-03-13T16:04:47.094-0400] {dag.py:3834} INFO - Setting next_dagrun for example_external_task_marker_child to None, run_after=None
[2024-03-13T16:04:47.096-0400] {logging_mixin.py:188} INFO - [2024-03-13T16:04:47.095-0400] {dag.py:3834} INFO - Setting next_dagrun for example_external_task_marker_parent to None, run_after=None
[2024-03-13T16:04:47.119-0400] {processor.py:183} INFO - Processing /home/ironbong_jr/mlops/project/project/lib/python3.10/site-packages/airflow/example_dags/example_external_task_marker_dag.py took 0.054 seconds
[2024-03-13T16:05:58.733-0400] {processor.py:161} INFO - Started process (PID=459041) to work on /home/ironbong_jr/mlops/project/project/lib/python3.10/site-packages/airflow/example_dags/example_external_task_marker_dag.py
[2024-03-13T16:05:58.735-0400] {processor.py:830} INFO - Processing file /home/ironbong_jr/mlops/project/project/lib/python3.10/site-packages/airflow/example_dags/example_external_task_marker_dag.py for tasks to queue
[2024-03-13T16:05:58.736-0400] {logging_mixin.py:188} INFO - [2024-03-13T16:05:58.736-0400] {dagbag.py:540} INFO - Filling up the DagBag from /home/ironbong_jr/mlops/project/project/lib/python3.10/site-packages/airflow/example_dags/example_external_task_marker_dag.py
[2024-03-13T16:05:58.741-0400] {processor.py:840} INFO - DAG(s) 'example_external_task_marker_child', 'example_external_task_marker_parent' retrieved from /home/ironbong_jr/mlops/project/project/lib/python3.10/site-packages/airflow/example_dags/example_external_task_marker_dag.py
[2024-03-13T16:05:58.755-0400] {logging_mixin.py:188} INFO - [2024-03-13T16:05:58.755-0400] {dag.py:3047} INFO - Sync 2 DAGs
[2024-03-13T16:05:58.767-0400] {logging_mixin.py:188} INFO - [2024-03-13T16:05:58.767-0400] {dag.py:3834} INFO - Setting next_dagrun for example_external_task_marker_child to None, run_after=None
[2024-03-13T16:05:58.771-0400] {logging_mixin.py:188} INFO - [2024-03-13T16:05:58.771-0400] {dag.py:3834} INFO - Setting next_dagrun for example_external_task_marker_parent to None, run_after=None
[2024-03-13T16:05:58.794-0400] {processor.py:183} INFO - Processing /home/ironbong_jr/mlops/project/project/lib/python3.10/site-packages/airflow/example_dags/example_external_task_marker_dag.py took 0.064 seconds
[2024-03-13T16:07:16.214-0400] {processor.py:161} INFO - Started process (PID=459427) to work on /home/ironbong_jr/mlops/project/project/lib/python3.10/site-packages/airflow/example_dags/example_external_task_marker_dag.py
[2024-03-13T16:07:16.218-0400] {processor.py:830} INFO - Processing file /home/ironbong_jr/mlops/project/project/lib/python3.10/site-packages/airflow/example_dags/example_external_task_marker_dag.py for tasks to queue
[2024-03-13T16:07:16.219-0400] {logging_mixin.py:188} INFO - [2024-03-13T16:07:16.218-0400] {dagbag.py:540} INFO - Filling up the DagBag from /home/ironbong_jr/mlops/project/project/lib/python3.10/site-packages/airflow/example_dags/example_external_task_marker_dag.py
[2024-03-13T16:07:16.223-0400] {processor.py:840} INFO - DAG(s) 'example_external_task_marker_parent', 'example_external_task_marker_child' retrieved from /home/ironbong_jr/mlops/project/project/lib/python3.10/site-packages/airflow/example_dags/example_external_task_marker_dag.py
[2024-03-13T16:07:16.235-0400] {logging_mixin.py:188} INFO - [2024-03-13T16:07:16.235-0400] {dag.py:3047} INFO - Sync 2 DAGs
[2024-03-13T16:07:16.242-0400] {logging_mixin.py:188} INFO - [2024-03-13T16:07:16.242-0400] {dag.py:3834} INFO - Setting next_dagrun for example_external_task_marker_child to None, run_after=None
[2024-03-13T16:07:16.244-0400] {logging_mixin.py:188} INFO - [2024-03-13T16:07:16.244-0400] {dag.py:3834} INFO - Setting next_dagrun for example_external_task_marker_parent to None, run_after=None
[2024-03-13T16:07:16.267-0400] {processor.py:183} INFO - Processing /home/ironbong_jr/mlops/project/project/lib/python3.10/site-packages/airflow/example_dags/example_external_task_marker_dag.py took 0.055 seconds
[2024-03-13T16:08:12.908-0400] {processor.py:161} INFO - Started process (PID=459700) to work on /home/ironbong_jr/mlops/project/project/lib/python3.10/site-packages/airflow/example_dags/example_external_task_marker_dag.py
[2024-03-13T16:08:12.912-0400] {processor.py:830} INFO - Processing file /home/ironbong_jr/mlops/project/project/lib/python3.10/site-packages/airflow/example_dags/example_external_task_marker_dag.py for tasks to queue
[2024-03-13T16:08:12.912-0400] {logging_mixin.py:188} INFO - [2024-03-13T16:08:12.912-0400] {dagbag.py:540} INFO - Filling up the DagBag from /home/ironbong_jr/mlops/project/project/lib/python3.10/site-packages/airflow/example_dags/example_external_task_marker_dag.py
[2024-03-13T16:08:12.916-0400] {processor.py:840} INFO - DAG(s) 'example_external_task_marker_child', 'example_external_task_marker_parent' retrieved from /home/ironbong_jr/mlops/project/project/lib/python3.10/site-packages/airflow/example_dags/example_external_task_marker_dag.py
[2024-03-13T16:08:12.927-0400] {logging_mixin.py:188} INFO - [2024-03-13T16:08:12.927-0400] {dag.py:3047} INFO - Sync 2 DAGs
[2024-03-13T16:08:12.934-0400] {logging_mixin.py:188} INFO - [2024-03-13T16:08:12.934-0400] {dag.py:3834} INFO - Setting next_dagrun for example_external_task_marker_child to None, run_after=None
[2024-03-13T16:08:12.936-0400] {logging_mixin.py:188} INFO - [2024-03-13T16:08:12.936-0400] {dag.py:3834} INFO - Setting next_dagrun for example_external_task_marker_parent to None, run_after=None
[2024-03-13T16:08:12.962-0400] {processor.py:183} INFO - Processing /home/ironbong_jr/mlops/project/project/lib/python3.10/site-packages/airflow/example_dags/example_external_task_marker_dag.py took 0.056 seconds
[2024-03-13T16:09:27.128-0400] {processor.py:161} INFO - Started process (PID=460067) to work on /home/ironbong_jr/mlops/project/project/lib/python3.10/site-packages/airflow/example_dags/example_external_task_marker_dag.py
[2024-03-13T16:09:27.130-0400] {processor.py:830} INFO - Processing file /home/ironbong_jr/mlops/project/project/lib/python3.10/site-packages/airflow/example_dags/example_external_task_marker_dag.py for tasks to queue
[2024-03-13T16:09:27.131-0400] {logging_mixin.py:188} INFO - [2024-03-13T16:09:27.130-0400] {dagbag.py:540} INFO - Filling up the DagBag from /home/ironbong_jr/mlops/project/project/lib/python3.10/site-packages/airflow/example_dags/example_external_task_marker_dag.py
[2024-03-13T16:09:27.136-0400] {processor.py:840} INFO - DAG(s) 'example_external_task_marker_parent', 'example_external_task_marker_child' retrieved from /home/ironbong_jr/mlops/project/project/lib/python3.10/site-packages/airflow/example_dags/example_external_task_marker_dag.py
[2024-03-13T16:09:27.150-0400] {logging_mixin.py:188} INFO - [2024-03-13T16:09:27.150-0400] {dag.py:3047} INFO - Sync 2 DAGs
[2024-03-13T16:09:27.158-0400] {logging_mixin.py:188} INFO - [2024-03-13T16:09:27.157-0400] {dag.py:3834} INFO - Setting next_dagrun for example_external_task_marker_child to None, run_after=None
[2024-03-13T16:09:27.160-0400] {logging_mixin.py:188} INFO - [2024-03-13T16:09:27.160-0400] {dag.py:3834} INFO - Setting next_dagrun for example_external_task_marker_parent to None, run_after=None
[2024-03-13T16:09:27.185-0400] {processor.py:183} INFO - Processing /home/ironbong_jr/mlops/project/project/lib/python3.10/site-packages/airflow/example_dags/example_external_task_marker_dag.py took 0.059 seconds
[2024-03-13T16:10:40.831-0400] {processor.py:161} INFO - Started process (PID=460435) to work on /home/ironbong_jr/mlops/project/project/lib/python3.10/site-packages/airflow/example_dags/example_external_task_marker_dag.py
[2024-03-13T16:10:40.832-0400] {processor.py:830} INFO - Processing file /home/ironbong_jr/mlops/project/project/lib/python3.10/site-packages/airflow/example_dags/example_external_task_marker_dag.py for tasks to queue
[2024-03-13T16:10:40.833-0400] {logging_mixin.py:188} INFO - [2024-03-13T16:10:40.833-0400] {dagbag.py:540} INFO - Filling up the DagBag from /home/ironbong_jr/mlops/project/project/lib/python3.10/site-packages/airflow/example_dags/example_external_task_marker_dag.py
[2024-03-13T16:10:40.837-0400] {processor.py:840} INFO - DAG(s) 'example_external_task_marker_child', 'example_external_task_marker_parent' retrieved from /home/ironbong_jr/mlops/project/project/lib/python3.10/site-packages/airflow/example_dags/example_external_task_marker_dag.py
[2024-03-13T16:10:40.848-0400] {logging_mixin.py:188} INFO - [2024-03-13T16:10:40.848-0400] {dag.py:3047} INFO - Sync 2 DAGs
[2024-03-13T16:10:40.855-0400] {logging_mixin.py:188} INFO - [2024-03-13T16:10:40.855-0400] {dag.py:3834} INFO - Setting next_dagrun for example_external_task_marker_child to None, run_after=None
[2024-03-13T16:10:40.857-0400] {logging_mixin.py:188} INFO - [2024-03-13T16:10:40.856-0400] {dag.py:3834} INFO - Setting next_dagrun for example_external_task_marker_parent to None, run_after=None
[2024-03-13T16:10:40.877-0400] {processor.py:183} INFO - Processing /home/ironbong_jr/mlops/project/project/lib/python3.10/site-packages/airflow/example_dags/example_external_task_marker_dag.py took 0.049 seconds
[2024-03-13T16:11:55.431-0400] {processor.py:161} INFO - Started process (PID=460810) to work on /home/ironbong_jr/mlops/project/project/lib/python3.10/site-packages/airflow/example_dags/example_external_task_marker_dag.py
[2024-03-13T16:11:55.434-0400] {processor.py:830} INFO - Processing file /home/ironbong_jr/mlops/project/project/lib/python3.10/site-packages/airflow/example_dags/example_external_task_marker_dag.py for tasks to queue
[2024-03-13T16:11:55.435-0400] {logging_mixin.py:188} INFO - [2024-03-13T16:11:55.435-0400] {dagbag.py:540} INFO - Filling up the DagBag from /home/ironbong_jr/mlops/project/project/lib/python3.10/site-packages/airflow/example_dags/example_external_task_marker_dag.py
[2024-03-13T16:11:55.439-0400] {processor.py:840} INFO - DAG(s) 'example_external_task_marker_parent', 'example_external_task_marker_child' retrieved from /home/ironbong_jr/mlops/project/project/lib/python3.10/site-packages/airflow/example_dags/example_external_task_marker_dag.py
[2024-03-13T16:11:55.450-0400] {logging_mixin.py:188} INFO - [2024-03-13T16:11:55.450-0400] {dag.py:3047} INFO - Sync 2 DAGs
[2024-03-13T16:11:55.457-0400] {logging_mixin.py:188} INFO - [2024-03-13T16:11:55.457-0400] {dag.py:3834} INFO - Setting next_dagrun for example_external_task_marker_child to None, run_after=None
[2024-03-13T16:11:55.459-0400] {logging_mixin.py:188} INFO - [2024-03-13T16:11:55.459-0400] {dag.py:3834} INFO - Setting next_dagrun for example_external_task_marker_parent to None, run_after=None
[2024-03-13T16:11:55.479-0400] {processor.py:183} INFO - Processing /home/ironbong_jr/mlops/project/project/lib/python3.10/site-packages/airflow/example_dags/example_external_task_marker_dag.py took 0.051 seconds
