[2024-03-12T21:22:04.461-0400] {processor.py:161} INFO - Started process (PID=407046) to work on /home/ironbong_jr/mlops/project/project/lib/python3.10/site-packages/airflow/example_dags/example_time_delta_sensor_async.py
[2024-03-12T21:22:04.463-0400] {processor.py:830} INFO - Processing file /home/ironbong_jr/mlops/project/project/lib/python3.10/site-packages/airflow/example_dags/example_time_delta_sensor_async.py for tasks to queue
[2024-03-12T21:22:04.465-0400] {logging_mixin.py:188} INFO - [2024-03-12T21:22:04.464-0400] {dagbag.py:540} INFO - Filling up the DagBag from /home/ironbong_jr/mlops/project/project/lib/python3.10/site-packages/airflow/example_dags/example_time_delta_sensor_async.py
[2024-03-12T21:22:04.480-0400] {processor.py:840} INFO - DAG(s) 'example_time_delta_sensor_async' retrieved from /home/ironbong_jr/mlops/project/project/lib/python3.10/site-packages/airflow/example_dags/example_time_delta_sensor_async.py
[2024-03-12T21:22:04.825-0400] {logging_mixin.py:188} INFO - [2024-03-12T21:22:04.825-0400] {dag.py:3047} INFO - Sync 1 DAGs
[2024-03-12T21:22:04.839-0400] {logging_mixin.py:188} INFO - [2024-03-12T21:22:04.839-0400] {dag.py:3834} INFO - Setting next_dagrun for example_time_delta_sensor_async to None, run_after=None
[2024-03-12T21:22:04.882-0400] {processor.py:183} INFO - Processing /home/ironbong_jr/mlops/project/project/lib/python3.10/site-packages/airflow/example_dags/example_time_delta_sensor_async.py took 0.430 seconds
[2024-03-12T21:23:56.074-0400] {processor.py:161} INFO - Started process (PID=407565) to work on /home/ironbong_jr/mlops/project/project/lib/python3.10/site-packages/airflow/example_dags/example_time_delta_sensor_async.py
[2024-03-12T21:23:56.131-0400] {processor.py:830} INFO - Processing file /home/ironbong_jr/mlops/project/project/lib/python3.10/site-packages/airflow/example_dags/example_time_delta_sensor_async.py for tasks to queue
[2024-03-12T21:23:56.133-0400] {logging_mixin.py:188} INFO - [2024-03-12T21:23:56.132-0400] {dagbag.py:540} INFO - Filling up the DagBag from /home/ironbong_jr/mlops/project/project/lib/python3.10/site-packages/airflow/example_dags/example_time_delta_sensor_async.py
[2024-03-12T21:23:56.152-0400] {processor.py:840} INFO - DAG(s) 'example_time_delta_sensor_async' retrieved from /home/ironbong_jr/mlops/project/project/lib/python3.10/site-packages/airflow/example_dags/example_time_delta_sensor_async.py
[2024-03-12T21:23:56.444-0400] {logging_mixin.py:188} INFO - [2024-03-12T21:23:56.443-0400] {dag.py:3047} INFO - Sync 1 DAGs
[2024-03-12T21:23:56.463-0400] {logging_mixin.py:188} INFO - [2024-03-12T21:23:56.462-0400] {dag.py:3834} INFO - Setting next_dagrun for example_time_delta_sensor_async to None, run_after=None
[2024-03-12T21:23:56.566-0400] {processor.py:183} INFO - Processing /home/ironbong_jr/mlops/project/project/lib/python3.10/site-packages/airflow/example_dags/example_time_delta_sensor_async.py took 0.499 seconds
[2024-03-12T21:26:52.317-0400] {processor.py:161} INFO - Started process (PID=408321) to work on /home/ironbong_jr/mlops/project/project/lib/python3.10/site-packages/airflow/example_dags/example_time_delta_sensor_async.py
[2024-03-12T21:26:52.364-0400] {processor.py:830} INFO - Processing file /home/ironbong_jr/mlops/project/project/lib/python3.10/site-packages/airflow/example_dags/example_time_delta_sensor_async.py for tasks to queue
[2024-03-12T21:26:52.368-0400] {logging_mixin.py:188} INFO - [2024-03-12T21:26:52.366-0400] {dagbag.py:540} INFO - Filling up the DagBag from /home/ironbong_jr/mlops/project/project/lib/python3.10/site-packages/airflow/example_dags/example_time_delta_sensor_async.py
[2024-03-12T21:26:52.378-0400] {processor.py:840} INFO - DAG(s) 'example_time_delta_sensor_async' retrieved from /home/ironbong_jr/mlops/project/project/lib/python3.10/site-packages/airflow/example_dags/example_time_delta_sensor_async.py
[2024-03-12T21:26:52.422-0400] {logging_mixin.py:188} INFO - [2024-03-12T21:26:52.421-0400] {dag.py:3047} INFO - Sync 1 DAGs
[2024-03-12T21:26:52.447-0400] {logging_mixin.py:188} INFO - [2024-03-12T21:26:52.446-0400] {dag.py:3834} INFO - Setting next_dagrun for example_time_delta_sensor_async to None, run_after=None
[2024-03-12T21:26:52.503-0400] {processor.py:183} INFO - Processing /home/ironbong_jr/mlops/project/project/lib/python3.10/site-packages/airflow/example_dags/example_time_delta_sensor_async.py took 0.192 seconds
[2024-03-12T21:28:31.895-0400] {processor.py:161} INFO - Started process (PID=408814) to work on /home/ironbong_jr/mlops/project/project/lib/python3.10/site-packages/airflow/example_dags/example_time_delta_sensor_async.py
[2024-03-12T21:28:31.941-0400] {processor.py:830} INFO - Processing file /home/ironbong_jr/mlops/project/project/lib/python3.10/site-packages/airflow/example_dags/example_time_delta_sensor_async.py for tasks to queue
[2024-03-12T21:28:31.943-0400] {logging_mixin.py:188} INFO - [2024-03-12T21:28:31.942-0400] {dagbag.py:540} INFO - Filling up the DagBag from /home/ironbong_jr/mlops/project/project/lib/python3.10/site-packages/airflow/example_dags/example_time_delta_sensor_async.py
[2024-03-12T21:28:31.954-0400] {processor.py:840} INFO - DAG(s) 'example_time_delta_sensor_async' retrieved from /home/ironbong_jr/mlops/project/project/lib/python3.10/site-packages/airflow/example_dags/example_time_delta_sensor_async.py
[2024-03-12T21:28:31.985-0400] {logging_mixin.py:188} INFO - [2024-03-12T21:28:31.985-0400] {dag.py:3047} INFO - Sync 1 DAGs
[2024-03-12T21:28:32.008-0400] {logging_mixin.py:188} INFO - [2024-03-12T21:28:32.007-0400] {dag.py:3834} INFO - Setting next_dagrun for example_time_delta_sensor_async to None, run_after=None
[2024-03-12T21:28:32.058-0400] {processor.py:183} INFO - Processing /home/ironbong_jr/mlops/project/project/lib/python3.10/site-packages/airflow/example_dags/example_time_delta_sensor_async.py took 0.169 seconds
[2024-03-12T21:29:58.710-0400] {processor.py:161} INFO - Started process (PID=409228) to work on /home/ironbong_jr/mlops/project/project/lib/python3.10/site-packages/airflow/example_dags/example_time_delta_sensor_async.py
[2024-03-12T21:29:58.762-0400] {processor.py:830} INFO - Processing file /home/ironbong_jr/mlops/project/project/lib/python3.10/site-packages/airflow/example_dags/example_time_delta_sensor_async.py for tasks to queue
[2024-03-12T21:29:58.765-0400] {logging_mixin.py:188} INFO - [2024-03-12T21:29:58.764-0400] {dagbag.py:540} INFO - Filling up the DagBag from /home/ironbong_jr/mlops/project/project/lib/python3.10/site-packages/airflow/example_dags/example_time_delta_sensor_async.py
[2024-03-12T21:29:58.778-0400] {processor.py:840} INFO - DAG(s) 'example_time_delta_sensor_async' retrieved from /home/ironbong_jr/mlops/project/project/lib/python3.10/site-packages/airflow/example_dags/example_time_delta_sensor_async.py
[2024-03-12T21:29:58.821-0400] {logging_mixin.py:188} INFO - [2024-03-12T21:29:58.820-0400] {dag.py:3047} INFO - Sync 1 DAGs
[2024-03-12T21:29:58.849-0400] {logging_mixin.py:188} INFO - [2024-03-12T21:29:58.848-0400] {dag.py:3834} INFO - Setting next_dagrun for example_time_delta_sensor_async to None, run_after=None
[2024-03-12T21:29:58.951-0400] {processor.py:183} INFO - Processing /home/ironbong_jr/mlops/project/project/lib/python3.10/site-packages/airflow/example_dags/example_time_delta_sensor_async.py took 0.250 seconds
[2024-03-12T21:31:38.423-0400] {processor.py:161} INFO - Started process (PID=409725) to work on /home/ironbong_jr/mlops/project/project/lib/python3.10/site-packages/airflow/example_dags/example_time_delta_sensor_async.py
[2024-03-12T21:31:38.475-0400] {processor.py:830} INFO - Processing file /home/ironbong_jr/mlops/project/project/lib/python3.10/site-packages/airflow/example_dags/example_time_delta_sensor_async.py for tasks to queue
[2024-03-12T21:31:38.478-0400] {logging_mixin.py:188} INFO - [2024-03-12T21:31:38.476-0400] {dagbag.py:540} INFO - Filling up the DagBag from /home/ironbong_jr/mlops/project/project/lib/python3.10/site-packages/airflow/example_dags/example_time_delta_sensor_async.py
[2024-03-12T21:31:38.491-0400] {processor.py:840} INFO - DAG(s) 'example_time_delta_sensor_async' retrieved from /home/ironbong_jr/mlops/project/project/lib/python3.10/site-packages/airflow/example_dags/example_time_delta_sensor_async.py
[2024-03-12T21:31:38.527-0400] {logging_mixin.py:188} INFO - [2024-03-12T21:31:38.526-0400] {dag.py:3047} INFO - Sync 1 DAGs
[2024-03-12T21:31:38.557-0400] {logging_mixin.py:188} INFO - [2024-03-12T21:31:38.556-0400] {dag.py:3834} INFO - Setting next_dagrun for example_time_delta_sensor_async to None, run_after=None
[2024-03-12T21:31:38.685-0400] {processor.py:183} INFO - Processing /home/ironbong_jr/mlops/project/project/lib/python3.10/site-packages/airflow/example_dags/example_time_delta_sensor_async.py took 0.274 seconds
[2024-03-12T21:33:19.734-0400] {processor.py:161} INFO - Started process (PID=410293) to work on /home/ironbong_jr/mlops/project/project/lib/python3.10/site-packages/airflow/example_dags/example_time_delta_sensor_async.py
[2024-03-12T21:33:19.739-0400] {processor.py:830} INFO - Processing file /home/ironbong_jr/mlops/project/project/lib/python3.10/site-packages/airflow/example_dags/example_time_delta_sensor_async.py for tasks to queue
[2024-03-12T21:33:19.741-0400] {logging_mixin.py:188} INFO - [2024-03-12T21:33:19.740-0400] {dagbag.py:540} INFO - Filling up the DagBag from /home/ironbong_jr/mlops/project/project/lib/python3.10/site-packages/airflow/example_dags/example_time_delta_sensor_async.py
[2024-03-12T21:33:19.754-0400] {processor.py:840} INFO - DAG(s) 'example_time_delta_sensor_async' retrieved from /home/ironbong_jr/mlops/project/project/lib/python3.10/site-packages/airflow/example_dags/example_time_delta_sensor_async.py
[2024-03-12T21:33:19.806-0400] {logging_mixin.py:188} INFO - [2024-03-12T21:33:19.805-0400] {dag.py:3047} INFO - Sync 1 DAGs
[2024-03-12T21:33:19.824-0400] {logging_mixin.py:188} INFO - [2024-03-12T21:33:19.824-0400] {dag.py:3834} INFO - Setting next_dagrun for example_time_delta_sensor_async to None, run_after=None
[2024-03-12T21:33:19.885-0400] {processor.py:183} INFO - Processing /home/ironbong_jr/mlops/project/project/lib/python3.10/site-packages/airflow/example_dags/example_time_delta_sensor_async.py took 0.166 seconds
[2024-03-12T21:34:48.670-0400] {processor.py:161} INFO - Started process (PID=410698) to work on /home/ironbong_jr/mlops/project/project/lib/python3.10/site-packages/airflow/example_dags/example_time_delta_sensor_async.py
[2024-03-12T21:34:48.720-0400] {processor.py:830} INFO - Processing file /home/ironbong_jr/mlops/project/project/lib/python3.10/site-packages/airflow/example_dags/example_time_delta_sensor_async.py for tasks to queue
[2024-03-12T21:34:48.722-0400] {logging_mixin.py:188} INFO - [2024-03-12T21:34:48.721-0400] {dagbag.py:540} INFO - Filling up the DagBag from /home/ironbong_jr/mlops/project/project/lib/python3.10/site-packages/airflow/example_dags/example_time_delta_sensor_async.py
[2024-03-12T21:34:48.730-0400] {processor.py:840} INFO - DAG(s) 'example_time_delta_sensor_async' retrieved from /home/ironbong_jr/mlops/project/project/lib/python3.10/site-packages/airflow/example_dags/example_time_delta_sensor_async.py
[2024-03-12T21:34:48.764-0400] {logging_mixin.py:188} INFO - [2024-03-12T21:34:48.761-0400] {dag.py:3047} INFO - Sync 1 DAGs
[2024-03-12T21:34:48.791-0400] {logging_mixin.py:188} INFO - [2024-03-12T21:34:48.791-0400] {dag.py:3834} INFO - Setting next_dagrun for example_time_delta_sensor_async to None, run_after=None
[2024-03-12T21:34:48.842-0400] {processor.py:183} INFO - Processing /home/ironbong_jr/mlops/project/project/lib/python3.10/site-packages/airflow/example_dags/example_time_delta_sensor_async.py took 0.178 seconds
[2024-03-12T23:26:23.422-0400] {processor.py:161} INFO - Started process (PID=417735) to work on /home/ironbong_jr/mlops/project/project/lib/python3.10/site-packages/airflow/example_dags/example_time_delta_sensor_async.py
[2024-03-12T23:26:23.469-0400] {processor.py:830} INFO - Processing file /home/ironbong_jr/mlops/project/project/lib/python3.10/site-packages/airflow/example_dags/example_time_delta_sensor_async.py for tasks to queue
[2024-03-12T23:26:23.472-0400] {logging_mixin.py:188} INFO - [2024-03-12T23:26:23.471-0400] {dagbag.py:540} INFO - Filling up the DagBag from /home/ironbong_jr/mlops/project/project/lib/python3.10/site-packages/airflow/example_dags/example_time_delta_sensor_async.py
[2024-03-12T23:26:23.486-0400] {processor.py:840} INFO - DAG(s) 'example_time_delta_sensor_async' retrieved from /home/ironbong_jr/mlops/project/project/lib/python3.10/site-packages/airflow/example_dags/example_time_delta_sensor_async.py
[2024-03-12T23:26:23.840-0400] {logging_mixin.py:188} INFO - [2024-03-12T23:26:23.839-0400] {dag.py:3047} INFO - Sync 1 DAGs
[2024-03-12T23:26:23.864-0400] {logging_mixin.py:188} INFO - [2024-03-12T23:26:23.864-0400] {dag.py:3834} INFO - Setting next_dagrun for example_time_delta_sensor_async to None, run_after=None
[2024-03-12T23:26:23.975-0400] {processor.py:183} INFO - Processing /home/ironbong_jr/mlops/project/project/lib/python3.10/site-packages/airflow/example_dags/example_time_delta_sensor_async.py took 0.558 seconds
[2024-03-12T23:29:38.694-0400] {processor.py:161} INFO - Started process (PID=418520) to work on /home/ironbong_jr/mlops/project/project/lib/python3.10/site-packages/airflow/example_dags/example_time_delta_sensor_async.py
[2024-03-12T23:29:38.723-0400] {processor.py:830} INFO - Processing file /home/ironbong_jr/mlops/project/project/lib/python3.10/site-packages/airflow/example_dags/example_time_delta_sensor_async.py for tasks to queue
[2024-03-12T23:29:38.725-0400] {logging_mixin.py:188} INFO - [2024-03-12T23:29:38.724-0400] {dagbag.py:540} INFO - Filling up the DagBag from /home/ironbong_jr/mlops/project/project/lib/python3.10/site-packages/airflow/example_dags/example_time_delta_sensor_async.py
[2024-03-12T23:29:38.747-0400] {processor.py:840} INFO - DAG(s) 'example_time_delta_sensor_async' retrieved from /home/ironbong_jr/mlops/project/project/lib/python3.10/site-packages/airflow/example_dags/example_time_delta_sensor_async.py
[2024-03-12T23:29:38.845-0400] {logging_mixin.py:188} INFO - [2024-03-12T23:29:38.844-0400] {dag.py:3047} INFO - Sync 1 DAGs
[2024-03-12T23:29:38.873-0400] {logging_mixin.py:188} INFO - [2024-03-12T23:29:38.872-0400] {dag.py:3834} INFO - Setting next_dagrun for example_time_delta_sensor_async to None, run_after=None
[2024-03-12T23:29:38.935-0400] {processor.py:183} INFO - Processing /home/ironbong_jr/mlops/project/project/lib/python3.10/site-packages/airflow/example_dags/example_time_delta_sensor_async.py took 0.258 seconds
[2024-03-12T23:31:28.852-0400] {processor.py:161} INFO - Started process (PID=418992) to work on /home/ironbong_jr/mlops/project/project/lib/python3.10/site-packages/airflow/example_dags/example_time_delta_sensor_async.py
[2024-03-12T23:31:28.901-0400] {processor.py:830} INFO - Processing file /home/ironbong_jr/mlops/project/project/lib/python3.10/site-packages/airflow/example_dags/example_time_delta_sensor_async.py for tasks to queue
[2024-03-12T23:31:28.904-0400] {logging_mixin.py:188} INFO - [2024-03-12T23:31:28.903-0400] {dagbag.py:540} INFO - Filling up the DagBag from /home/ironbong_jr/mlops/project/project/lib/python3.10/site-packages/airflow/example_dags/example_time_delta_sensor_async.py
[2024-03-12T23:31:28.921-0400] {processor.py:840} INFO - DAG(s) 'example_time_delta_sensor_async' retrieved from /home/ironbong_jr/mlops/project/project/lib/python3.10/site-packages/airflow/example_dags/example_time_delta_sensor_async.py
[2024-03-12T23:31:28.951-0400] {logging_mixin.py:188} INFO - [2024-03-12T23:31:28.951-0400] {dag.py:3047} INFO - Sync 1 DAGs
[2024-03-12T23:31:28.969-0400] {logging_mixin.py:188} INFO - [2024-03-12T23:31:28.969-0400] {dag.py:3834} INFO - Setting next_dagrun for example_time_delta_sensor_async to None, run_after=None
[2024-03-12T23:31:29.005-0400] {processor.py:183} INFO - Processing /home/ironbong_jr/mlops/project/project/lib/python3.10/site-packages/airflow/example_dags/example_time_delta_sensor_async.py took 0.162 seconds
[2024-03-12T23:42:20.693-0400] {processor.py:161} INFO - Started process (PID=421591) to work on /home/ironbong_jr/mlops/project/project/lib/python3.10/site-packages/airflow/example_dags/example_time_delta_sensor_async.py
[2024-03-12T23:42:20.744-0400] {processor.py:830} INFO - Processing file /home/ironbong_jr/mlops/project/project/lib/python3.10/site-packages/airflow/example_dags/example_time_delta_sensor_async.py for tasks to queue
[2024-03-12T23:42:20.746-0400] {logging_mixin.py:188} INFO - [2024-03-12T23:42:20.745-0400] {dagbag.py:540} INFO - Filling up the DagBag from /home/ironbong_jr/mlops/project/project/lib/python3.10/site-packages/airflow/example_dags/example_time_delta_sensor_async.py
[2024-03-12T23:42:20.761-0400] {processor.py:840} INFO - DAG(s) 'example_time_delta_sensor_async' retrieved from /home/ironbong_jr/mlops/project/project/lib/python3.10/site-packages/airflow/example_dags/example_time_delta_sensor_async.py
[2024-03-12T23:42:21.207-0400] {logging_mixin.py:188} INFO - [2024-03-12T23:42:21.207-0400] {dag.py:3047} INFO - Sync 1 DAGs
[2024-03-12T23:42:21.219-0400] {logging_mixin.py:188} INFO - [2024-03-12T23:42:21.219-0400] {dag.py:3834} INFO - Setting next_dagrun for example_time_delta_sensor_async to None, run_after=None
[2024-03-12T23:42:21.311-0400] {processor.py:183} INFO - Processing /home/ironbong_jr/mlops/project/project/lib/python3.10/site-packages/airflow/example_dags/example_time_delta_sensor_async.py took 0.624 seconds
[2024-03-12T23:44:21.760-0400] {processor.py:161} INFO - Started process (PID=422100) to work on /home/ironbong_jr/mlops/project/project/lib/python3.10/site-packages/airflow/example_dags/example_time_delta_sensor_async.py
[2024-03-12T23:44:21.812-0400] {processor.py:830} INFO - Processing file /home/ironbong_jr/mlops/project/project/lib/python3.10/site-packages/airflow/example_dags/example_time_delta_sensor_async.py for tasks to queue
[2024-03-12T23:44:21.815-0400] {logging_mixin.py:188} INFO - [2024-03-12T23:44:21.814-0400] {dagbag.py:540} INFO - Filling up the DagBag from /home/ironbong_jr/mlops/project/project/lib/python3.10/site-packages/airflow/example_dags/example_time_delta_sensor_async.py
[2024-03-12T23:44:21.828-0400] {processor.py:840} INFO - DAG(s) 'example_time_delta_sensor_async' retrieved from /home/ironbong_jr/mlops/project/project/lib/python3.10/site-packages/airflow/example_dags/example_time_delta_sensor_async.py
[2024-03-12T23:44:22.025-0400] {logging_mixin.py:188} INFO - [2024-03-12T23:44:22.025-0400] {dag.py:3047} INFO - Sync 1 DAGs
[2024-03-12T23:44:22.038-0400] {logging_mixin.py:188} INFO - [2024-03-12T23:44:22.038-0400] {dag.py:3834} INFO - Setting next_dagrun for example_time_delta_sensor_async to None, run_after=None
[2024-03-12T23:44:22.144-0400] {processor.py:183} INFO - Processing /home/ironbong_jr/mlops/project/project/lib/python3.10/site-packages/airflow/example_dags/example_time_delta_sensor_async.py took 0.402 seconds
[2024-03-12T23:46:03.549-0400] {processor.py:161} INFO - Started process (PID=422689) to work on /home/ironbong_jr/mlops/project/project/lib/python3.10/site-packages/airflow/example_dags/example_time_delta_sensor_async.py
[2024-03-12T23:46:03.552-0400] {processor.py:830} INFO - Processing file /home/ironbong_jr/mlops/project/project/lib/python3.10/site-packages/airflow/example_dags/example_time_delta_sensor_async.py for tasks to queue
[2024-03-12T23:46:03.554-0400] {logging_mixin.py:188} INFO - [2024-03-12T23:46:03.553-0400] {dagbag.py:540} INFO - Filling up the DagBag from /home/ironbong_jr/mlops/project/project/lib/python3.10/site-packages/airflow/example_dags/example_time_delta_sensor_async.py
[2024-03-12T23:46:03.566-0400] {processor.py:840} INFO - DAG(s) 'example_time_delta_sensor_async' retrieved from /home/ironbong_jr/mlops/project/project/lib/python3.10/site-packages/airflow/example_dags/example_time_delta_sensor_async.py
[2024-03-12T23:46:03.594-0400] {logging_mixin.py:188} INFO - [2024-03-12T23:46:03.594-0400] {dag.py:3047} INFO - Sync 1 DAGs
[2024-03-12T23:46:03.619-0400] {logging_mixin.py:188} INFO - [2024-03-12T23:46:03.619-0400] {dag.py:3834} INFO - Setting next_dagrun for example_time_delta_sensor_async to None, run_after=None
[2024-03-12T23:46:03.672-0400] {processor.py:183} INFO - Processing /home/ironbong_jr/mlops/project/project/lib/python3.10/site-packages/airflow/example_dags/example_time_delta_sensor_async.py took 0.133 seconds
[2024-03-12T23:48:13.695-0400] {processor.py:161} INFO - Started process (PID=423300) to work on /home/ironbong_jr/mlops/project/project/lib/python3.10/site-packages/airflow/example_dags/example_time_delta_sensor_async.py
[2024-03-12T23:48:13.698-0400] {processor.py:830} INFO - Processing file /home/ironbong_jr/mlops/project/project/lib/python3.10/site-packages/airflow/example_dags/example_time_delta_sensor_async.py for tasks to queue
[2024-03-12T23:48:13.702-0400] {logging_mixin.py:188} INFO - [2024-03-12T23:48:13.700-0400] {dagbag.py:540} INFO - Filling up the DagBag from /home/ironbong_jr/mlops/project/project/lib/python3.10/site-packages/airflow/example_dags/example_time_delta_sensor_async.py
[2024-03-12T23:48:13.712-0400] {processor.py:840} INFO - DAG(s) 'example_time_delta_sensor_async' retrieved from /home/ironbong_jr/mlops/project/project/lib/python3.10/site-packages/airflow/example_dags/example_time_delta_sensor_async.py
[2024-03-12T23:48:13.746-0400] {logging_mixin.py:188} INFO - [2024-03-12T23:48:13.745-0400] {dag.py:3047} INFO - Sync 1 DAGs
[2024-03-12T23:48:13.765-0400] {logging_mixin.py:188} INFO - [2024-03-12T23:48:13.764-0400] {dag.py:3834} INFO - Setting next_dagrun for example_time_delta_sensor_async to None, run_after=None
[2024-03-12T23:48:13.809-0400] {processor.py:183} INFO - Processing /home/ironbong_jr/mlops/project/project/lib/python3.10/site-packages/airflow/example_dags/example_time_delta_sensor_async.py took 0.121 seconds
[2024-03-12T23:49:42.221-0400] {processor.py:161} INFO - Started process (PID=423703) to work on /home/ironbong_jr/mlops/project/project/lib/python3.10/site-packages/airflow/example_dags/example_time_delta_sensor_async.py
[2024-03-12T23:49:42.274-0400] {processor.py:830} INFO - Processing file /home/ironbong_jr/mlops/project/project/lib/python3.10/site-packages/airflow/example_dags/example_time_delta_sensor_async.py for tasks to queue
[2024-03-12T23:49:42.277-0400] {logging_mixin.py:188} INFO - [2024-03-12T23:49:42.276-0400] {dagbag.py:540} INFO - Filling up the DagBag from /home/ironbong_jr/mlops/project/project/lib/python3.10/site-packages/airflow/example_dags/example_time_delta_sensor_async.py
[2024-03-12T23:49:42.299-0400] {processor.py:840} INFO - DAG(s) 'example_time_delta_sensor_async' retrieved from /home/ironbong_jr/mlops/project/project/lib/python3.10/site-packages/airflow/example_dags/example_time_delta_sensor_async.py
[2024-03-12T23:49:42.351-0400] {logging_mixin.py:188} INFO - [2024-03-12T23:49:42.350-0400] {dag.py:3047} INFO - Sync 1 DAGs
[2024-03-12T23:49:42.375-0400] {logging_mixin.py:188} INFO - [2024-03-12T23:49:42.375-0400] {dag.py:3834} INFO - Setting next_dagrun for example_time_delta_sensor_async to None, run_after=None
[2024-03-12T23:49:42.477-0400] {processor.py:183} INFO - Processing /home/ironbong_jr/mlops/project/project/lib/python3.10/site-packages/airflow/example_dags/example_time_delta_sensor_async.py took 0.267 seconds
[2024-03-12T23:51:08.252-0400] {processor.py:161} INFO - Started process (PID=424155) to work on /home/ironbong_jr/mlops/project/project/lib/python3.10/site-packages/airflow/example_dags/example_time_delta_sensor_async.py
[2024-03-12T23:51:08.255-0400] {processor.py:830} INFO - Processing file /home/ironbong_jr/mlops/project/project/lib/python3.10/site-packages/airflow/example_dags/example_time_delta_sensor_async.py for tasks to queue
[2024-03-12T23:51:08.257-0400] {logging_mixin.py:188} INFO - [2024-03-12T23:51:08.256-0400] {dagbag.py:540} INFO - Filling up the DagBag from /home/ironbong_jr/mlops/project/project/lib/python3.10/site-packages/airflow/example_dags/example_time_delta_sensor_async.py
[2024-03-12T23:51:08.265-0400] {processor.py:840} INFO - DAG(s) 'example_time_delta_sensor_async' retrieved from /home/ironbong_jr/mlops/project/project/lib/python3.10/site-packages/airflow/example_dags/example_time_delta_sensor_async.py
[2024-03-12T23:51:08.302-0400] {logging_mixin.py:188} INFO - [2024-03-12T23:51:08.301-0400] {dag.py:3047} INFO - Sync 1 DAGs
[2024-03-12T23:51:08.319-0400] {logging_mixin.py:188} INFO - [2024-03-12T23:51:08.319-0400] {dag.py:3834} INFO - Setting next_dagrun for example_time_delta_sensor_async to None, run_after=None
[2024-03-12T23:51:08.364-0400] {processor.py:183} INFO - Processing /home/ironbong_jr/mlops/project/project/lib/python3.10/site-packages/airflow/example_dags/example_time_delta_sensor_async.py took 0.123 seconds
[2024-03-12T23:52:35.423-0400] {processor.py:161} INFO - Started process (PID=424625) to work on /home/ironbong_jr/mlops/project/project/lib/python3.10/site-packages/airflow/example_dags/example_time_delta_sensor_async.py
[2024-03-12T23:52:35.427-0400] {processor.py:830} INFO - Processing file /home/ironbong_jr/mlops/project/project/lib/python3.10/site-packages/airflow/example_dags/example_time_delta_sensor_async.py for tasks to queue
[2024-03-12T23:52:35.429-0400] {logging_mixin.py:188} INFO - [2024-03-12T23:52:35.428-0400] {dagbag.py:540} INFO - Filling up the DagBag from /home/ironbong_jr/mlops/project/project/lib/python3.10/site-packages/airflow/example_dags/example_time_delta_sensor_async.py
[2024-03-12T23:52:35.443-0400] {processor.py:840} INFO - DAG(s) 'example_time_delta_sensor_async' retrieved from /home/ironbong_jr/mlops/project/project/lib/python3.10/site-packages/airflow/example_dags/example_time_delta_sensor_async.py
[2024-03-12T23:52:35.601-0400] {logging_mixin.py:188} INFO - [2024-03-12T23:52:35.601-0400] {dag.py:3047} INFO - Sync 1 DAGs
[2024-03-12T23:52:35.628-0400] {logging_mixin.py:188} INFO - [2024-03-12T23:52:35.627-0400] {dag.py:3834} INFO - Setting next_dagrun for example_time_delta_sensor_async to None, run_after=None
[2024-03-12T23:52:35.741-0400] {processor.py:183} INFO - Processing /home/ironbong_jr/mlops/project/project/lib/python3.10/site-packages/airflow/example_dags/example_time_delta_sensor_async.py took 0.325 seconds
[2024-03-12T23:54:09.649-0400] {processor.py:161} INFO - Started process (PID=425123) to work on /home/ironbong_jr/mlops/project/project/lib/python3.10/site-packages/airflow/example_dags/example_time_delta_sensor_async.py
[2024-03-12T23:54:09.702-0400] {processor.py:830} INFO - Processing file /home/ironbong_jr/mlops/project/project/lib/python3.10/site-packages/airflow/example_dags/example_time_delta_sensor_async.py for tasks to queue
[2024-03-12T23:54:09.705-0400] {logging_mixin.py:188} INFO - [2024-03-12T23:54:09.704-0400] {dagbag.py:540} INFO - Filling up the DagBag from /home/ironbong_jr/mlops/project/project/lib/python3.10/site-packages/airflow/example_dags/example_time_delta_sensor_async.py
[2024-03-12T23:54:09.727-0400] {processor.py:840} INFO - DAG(s) 'example_time_delta_sensor_async' retrieved from /home/ironbong_jr/mlops/project/project/lib/python3.10/site-packages/airflow/example_dags/example_time_delta_sensor_async.py
[2024-03-12T23:54:09.765-0400] {logging_mixin.py:188} INFO - [2024-03-12T23:54:09.765-0400] {dag.py:3047} INFO - Sync 1 DAGs
[2024-03-12T23:54:09.784-0400] {logging_mixin.py:188} INFO - [2024-03-12T23:54:09.783-0400] {dag.py:3834} INFO - Setting next_dagrun for example_time_delta_sensor_async to None, run_after=None
[2024-03-12T23:54:09.833-0400] {processor.py:183} INFO - Processing /home/ironbong_jr/mlops/project/project/lib/python3.10/site-packages/airflow/example_dags/example_time_delta_sensor_async.py took 0.189 seconds
[2024-03-12T23:55:48.047-0400] {processor.py:161} INFO - Started process (PID=425554) to work on /home/ironbong_jr/mlops/project/project/lib/python3.10/site-packages/airflow/example_dags/example_time_delta_sensor_async.py
[2024-03-12T23:55:48.098-0400] {processor.py:830} INFO - Processing file /home/ironbong_jr/mlops/project/project/lib/python3.10/site-packages/airflow/example_dags/example_time_delta_sensor_async.py for tasks to queue
[2024-03-12T23:55:48.103-0400] {logging_mixin.py:188} INFO - [2024-03-12T23:55:48.102-0400] {dagbag.py:540} INFO - Filling up the DagBag from /home/ironbong_jr/mlops/project/project/lib/python3.10/site-packages/airflow/example_dags/example_time_delta_sensor_async.py
[2024-03-12T23:55:48.119-0400] {processor.py:840} INFO - DAG(s) 'example_time_delta_sensor_async' retrieved from /home/ironbong_jr/mlops/project/project/lib/python3.10/site-packages/airflow/example_dags/example_time_delta_sensor_async.py
[2024-03-12T23:55:48.169-0400] {logging_mixin.py:188} INFO - [2024-03-12T23:55:48.169-0400] {dag.py:3047} INFO - Sync 1 DAGs
[2024-03-12T23:55:48.188-0400] {logging_mixin.py:188} INFO - [2024-03-12T23:55:48.187-0400] {dag.py:3834} INFO - Setting next_dagrun for example_time_delta_sensor_async to None, run_after=None
[2024-03-12T23:55:48.230-0400] {processor.py:183} INFO - Processing /home/ironbong_jr/mlops/project/project/lib/python3.10/site-packages/airflow/example_dags/example_time_delta_sensor_async.py took 0.190 seconds
[2024-03-13T00:30:11.522-0400] {processor.py:161} INFO - Started process (PID=432846) to work on /home/ironbong_jr/mlops/project/project/lib/python3.10/site-packages/airflow/example_dags/example_time_delta_sensor_async.py
[2024-03-13T00:30:11.574-0400] {processor.py:830} INFO - Processing file /home/ironbong_jr/mlops/project/project/lib/python3.10/site-packages/airflow/example_dags/example_time_delta_sensor_async.py for tasks to queue
[2024-03-13T00:30:11.577-0400] {logging_mixin.py:188} INFO - [2024-03-13T00:30:11.576-0400] {dagbag.py:540} INFO - Filling up the DagBag from /home/ironbong_jr/mlops/project/project/lib/python3.10/site-packages/airflow/example_dags/example_time_delta_sensor_async.py
[2024-03-13T00:30:11.591-0400] {processor.py:840} INFO - DAG(s) 'example_time_delta_sensor_async' retrieved from /home/ironbong_jr/mlops/project/project/lib/python3.10/site-packages/airflow/example_dags/example_time_delta_sensor_async.py
[2024-03-13T00:30:12.073-0400] {logging_mixin.py:188} INFO - [2024-03-13T00:30:12.073-0400] {dag.py:3047} INFO - Sync 1 DAGs
[2024-03-13T00:30:12.101-0400] {logging_mixin.py:188} INFO - [2024-03-13T00:30:12.100-0400] {dag.py:3834} INFO - Setting next_dagrun for example_time_delta_sensor_async to None, run_after=None
[2024-03-13T00:30:12.202-0400] {processor.py:183} INFO - Processing /home/ironbong_jr/mlops/project/project/lib/python3.10/site-packages/airflow/example_dags/example_time_delta_sensor_async.py took 0.686 seconds
[2024-03-13T00:32:01.531-0400] {processor.py:161} INFO - Started process (PID=433364) to work on /home/ironbong_jr/mlops/project/project/lib/python3.10/site-packages/airflow/example_dags/example_time_delta_sensor_async.py
[2024-03-13T00:32:01.582-0400] {processor.py:830} INFO - Processing file /home/ironbong_jr/mlops/project/project/lib/python3.10/site-packages/airflow/example_dags/example_time_delta_sensor_async.py for tasks to queue
[2024-03-13T00:32:01.586-0400] {logging_mixin.py:188} INFO - [2024-03-13T00:32:01.584-0400] {dagbag.py:540} INFO - Filling up the DagBag from /home/ironbong_jr/mlops/project/project/lib/python3.10/site-packages/airflow/example_dags/example_time_delta_sensor_async.py
[2024-03-13T00:32:01.599-0400] {processor.py:840} INFO - DAG(s) 'example_time_delta_sensor_async' retrieved from /home/ironbong_jr/mlops/project/project/lib/python3.10/site-packages/airflow/example_dags/example_time_delta_sensor_async.py
[2024-03-13T00:32:01.636-0400] {logging_mixin.py:188} INFO - [2024-03-13T00:32:01.634-0400] {dag.py:3047} INFO - Sync 1 DAGs
[2024-03-13T00:32:01.837-0400] {logging_mixin.py:188} INFO - [2024-03-13T00:32:01.836-0400] {dag.py:3834} INFO - Setting next_dagrun for example_time_delta_sensor_async to None, run_after=None
[2024-03-13T00:32:01.935-0400] {processor.py:183} INFO - Processing /home/ironbong_jr/mlops/project/project/lib/python3.10/site-packages/airflow/example_dags/example_time_delta_sensor_async.py took 0.409 seconds
[2024-03-13T00:35:56.721-0400] {processor.py:161} INFO - Started process (PID=434331) to work on /home/ironbong_jr/mlops/project/project/lib/python3.10/site-packages/airflow/example_dags/example_time_delta_sensor_async.py
[2024-03-13T00:35:56.727-0400] {processor.py:830} INFO - Processing file /home/ironbong_jr/mlops/project/project/lib/python3.10/site-packages/airflow/example_dags/example_time_delta_sensor_async.py for tasks to queue
[2024-03-13T00:35:56.729-0400] {logging_mixin.py:188} INFO - [2024-03-13T00:35:56.728-0400] {dagbag.py:540} INFO - Filling up the DagBag from /home/ironbong_jr/mlops/project/project/lib/python3.10/site-packages/airflow/example_dags/example_time_delta_sensor_async.py
[2024-03-13T00:35:56.750-0400] {processor.py:840} INFO - DAG(s) 'example_time_delta_sensor_async' retrieved from /home/ironbong_jr/mlops/project/project/lib/python3.10/site-packages/airflow/example_dags/example_time_delta_sensor_async.py
[2024-03-13T00:35:56.805-0400] {logging_mixin.py:188} INFO - [2024-03-13T00:35:56.805-0400] {dag.py:3047} INFO - Sync 1 DAGs
[2024-03-13T00:35:56.834-0400] {logging_mixin.py:188} INFO - [2024-03-13T00:35:56.833-0400] {dag.py:3834} INFO - Setting next_dagrun for example_time_delta_sensor_async to None, run_after=None
[2024-03-13T00:35:56.940-0400] {processor.py:183} INFO - Processing /home/ironbong_jr/mlops/project/project/lib/python3.10/site-packages/airflow/example_dags/example_time_delta_sensor_async.py took 0.246 seconds
[2024-03-13T00:38:08.481-0400] {processor.py:161} INFO - Started process (PID=434978) to work on /home/ironbong_jr/mlops/project/project/lib/python3.10/site-packages/airflow/example_dags/example_time_delta_sensor_async.py
[2024-03-13T00:38:08.533-0400] {processor.py:830} INFO - Processing file /home/ironbong_jr/mlops/project/project/lib/python3.10/site-packages/airflow/example_dags/example_time_delta_sensor_async.py for tasks to queue
[2024-03-13T00:38:08.537-0400] {logging_mixin.py:188} INFO - [2024-03-13T00:38:08.535-0400] {dagbag.py:540} INFO - Filling up the DagBag from /home/ironbong_jr/mlops/project/project/lib/python3.10/site-packages/airflow/example_dags/example_time_delta_sensor_async.py
[2024-03-13T00:38:08.555-0400] {processor.py:840} INFO - DAG(s) 'example_time_delta_sensor_async' retrieved from /home/ironbong_jr/mlops/project/project/lib/python3.10/site-packages/airflow/example_dags/example_time_delta_sensor_async.py
[2024-03-13T00:38:08.580-0400] {logging_mixin.py:188} INFO - [2024-03-13T00:38:08.580-0400] {dag.py:3047} INFO - Sync 1 DAGs
[2024-03-13T00:38:08.594-0400] {logging_mixin.py:188} INFO - [2024-03-13T00:38:08.594-0400] {dag.py:3834} INFO - Setting next_dagrun for example_time_delta_sensor_async to None, run_after=None
[2024-03-13T00:38:08.646-0400] {processor.py:183} INFO - Processing /home/ironbong_jr/mlops/project/project/lib/python3.10/site-packages/airflow/example_dags/example_time_delta_sensor_async.py took 0.171 seconds
[2024-03-13T00:39:44.866-0400] {processor.py:161} INFO - Started process (PID=435408) to work on /home/ironbong_jr/mlops/project/project/lib/python3.10/site-packages/airflow/example_dags/example_time_delta_sensor_async.py
[2024-03-13T00:39:44.870-0400] {processor.py:830} INFO - Processing file /home/ironbong_jr/mlops/project/project/lib/python3.10/site-packages/airflow/example_dags/example_time_delta_sensor_async.py for tasks to queue
[2024-03-13T00:39:44.873-0400] {logging_mixin.py:188} INFO - [2024-03-13T00:39:44.872-0400] {dagbag.py:540} INFO - Filling up the DagBag from /home/ironbong_jr/mlops/project/project/lib/python3.10/site-packages/airflow/example_dags/example_time_delta_sensor_async.py
[2024-03-13T00:39:44.887-0400] {processor.py:840} INFO - DAG(s) 'example_time_delta_sensor_async' retrieved from /home/ironbong_jr/mlops/project/project/lib/python3.10/site-packages/airflow/example_dags/example_time_delta_sensor_async.py
[2024-03-13T00:39:44.927-0400] {logging_mixin.py:188} INFO - [2024-03-13T00:39:44.926-0400] {dag.py:3047} INFO - Sync 1 DAGs
[2024-03-13T00:39:44.953-0400] {logging_mixin.py:188} INFO - [2024-03-13T00:39:44.952-0400] {dag.py:3834} INFO - Setting next_dagrun for example_time_delta_sensor_async to None, run_after=None
[2024-03-13T00:39:45.009-0400] {processor.py:183} INFO - Processing /home/ironbong_jr/mlops/project/project/lib/python3.10/site-packages/airflow/example_dags/example_time_delta_sensor_async.py took 0.159 seconds
[2024-03-13T00:41:10.596-0400] {processor.py:161} INFO - Started process (PID=435796) to work on /home/ironbong_jr/mlops/project/project/lib/python3.10/site-packages/airflow/example_dags/example_time_delta_sensor_async.py
[2024-03-13T00:41:10.605-0400] {processor.py:830} INFO - Processing file /home/ironbong_jr/mlops/project/project/lib/python3.10/site-packages/airflow/example_dags/example_time_delta_sensor_async.py for tasks to queue
[2024-03-13T00:41:10.607-0400] {logging_mixin.py:188} INFO - [2024-03-13T00:41:10.606-0400] {dagbag.py:540} INFO - Filling up the DagBag from /home/ironbong_jr/mlops/project/project/lib/python3.10/site-packages/airflow/example_dags/example_time_delta_sensor_async.py
[2024-03-13T00:41:10.627-0400] {processor.py:840} INFO - DAG(s) 'example_time_delta_sensor_async' retrieved from /home/ironbong_jr/mlops/project/project/lib/python3.10/site-packages/airflow/example_dags/example_time_delta_sensor_async.py
[2024-03-13T00:41:10.680-0400] {logging_mixin.py:188} INFO - [2024-03-13T00:41:10.679-0400] {dag.py:3047} INFO - Sync 1 DAGs
[2024-03-13T00:41:10.702-0400] {logging_mixin.py:188} INFO - [2024-03-13T00:41:10.702-0400] {dag.py:3834} INFO - Setting next_dagrun for example_time_delta_sensor_async to None, run_after=None
[2024-03-13T00:41:10.814-0400] {processor.py:183} INFO - Processing /home/ironbong_jr/mlops/project/project/lib/python3.10/site-packages/airflow/example_dags/example_time_delta_sensor_async.py took 0.224 seconds
[2024-03-13T00:44:14.764-0400] {processor.py:161} INFO - Started process (PID=436637) to work on /home/ironbong_jr/mlops/project/project/lib/python3.10/site-packages/airflow/example_dags/example_time_delta_sensor_async.py
[2024-03-13T00:44:14.817-0400] {processor.py:830} INFO - Processing file /home/ironbong_jr/mlops/project/project/lib/python3.10/site-packages/airflow/example_dags/example_time_delta_sensor_async.py for tasks to queue
[2024-03-13T00:44:14.819-0400] {logging_mixin.py:188} INFO - [2024-03-13T00:44:14.818-0400] {dagbag.py:540} INFO - Filling up the DagBag from /home/ironbong_jr/mlops/project/project/lib/python3.10/site-packages/airflow/example_dags/example_time_delta_sensor_async.py
[2024-03-13T00:44:14.831-0400] {processor.py:840} INFO - DAG(s) 'example_time_delta_sensor_async' retrieved from /home/ironbong_jr/mlops/project/project/lib/python3.10/site-packages/airflow/example_dags/example_time_delta_sensor_async.py
[2024-03-13T00:44:14.862-0400] {logging_mixin.py:188} INFO - [2024-03-13T00:44:14.861-0400] {dag.py:3047} INFO - Sync 1 DAGs
[2024-03-13T00:44:14.882-0400] {logging_mixin.py:188} INFO - [2024-03-13T00:44:14.882-0400] {dag.py:3834} INFO - Setting next_dagrun for example_time_delta_sensor_async to None, run_after=None
[2024-03-13T00:44:14.916-0400] {processor.py:183} INFO - Processing /home/ironbong_jr/mlops/project/project/lib/python3.10/site-packages/airflow/example_dags/example_time_delta_sensor_async.py took 0.160 seconds
[2024-03-13T00:45:36.763-0400] {processor.py:161} INFO - Started process (PID=436987) to work on /home/ironbong_jr/mlops/project/project/lib/python3.10/site-packages/airflow/example_dags/example_time_delta_sensor_async.py
[2024-03-13T00:45:36.807-0400] {processor.py:830} INFO - Processing file /home/ironbong_jr/mlops/project/project/lib/python3.10/site-packages/airflow/example_dags/example_time_delta_sensor_async.py for tasks to queue
[2024-03-13T00:45:36.809-0400] {logging_mixin.py:188} INFO - [2024-03-13T00:45:36.808-0400] {dagbag.py:540} INFO - Filling up the DagBag from /home/ironbong_jr/mlops/project/project/lib/python3.10/site-packages/airflow/example_dags/example_time_delta_sensor_async.py
[2024-03-13T00:45:36.820-0400] {processor.py:840} INFO - DAG(s) 'example_time_delta_sensor_async' retrieved from /home/ironbong_jr/mlops/project/project/lib/python3.10/site-packages/airflow/example_dags/example_time_delta_sensor_async.py
[2024-03-13T00:45:36.850-0400] {logging_mixin.py:188} INFO - [2024-03-13T00:45:36.849-0400] {dag.py:3047} INFO - Sync 1 DAGs
[2024-03-13T00:45:36.870-0400] {logging_mixin.py:188} INFO - [2024-03-13T00:45:36.869-0400] {dag.py:3834} INFO - Setting next_dagrun for example_time_delta_sensor_async to None, run_after=None
[2024-03-13T00:45:36.916-0400] {processor.py:183} INFO - Processing /home/ironbong_jr/mlops/project/project/lib/python3.10/site-packages/airflow/example_dags/example_time_delta_sensor_async.py took 0.160 seconds
[2024-03-13T15:49:21.288-0400] {processor.py:161} INFO - Started process (PID=453773) to work on /home/ironbong_jr/mlops/project/project/lib/python3.10/site-packages/airflow/example_dags/example_time_delta_sensor_async.py
[2024-03-13T15:49:21.289-0400] {processor.py:830} INFO - Processing file /home/ironbong_jr/mlops/project/project/lib/python3.10/site-packages/airflow/example_dags/example_time_delta_sensor_async.py for tasks to queue
[2024-03-13T15:49:21.290-0400] {logging_mixin.py:188} INFO - [2024-03-13T15:49:21.289-0400] {dagbag.py:540} INFO - Filling up the DagBag from /home/ironbong_jr/mlops/project/project/lib/python3.10/site-packages/airflow/example_dags/example_time_delta_sensor_async.py
[2024-03-13T15:49:21.294-0400] {processor.py:840} INFO - DAG(s) 'example_time_delta_sensor_async' retrieved from /home/ironbong_jr/mlops/project/project/lib/python3.10/site-packages/airflow/example_dags/example_time_delta_sensor_async.py
[2024-03-13T15:49:21.401-0400] {logging_mixin.py:188} INFO - [2024-03-13T15:49:21.401-0400] {dag.py:3047} INFO - Sync 1 DAGs
[2024-03-13T15:49:21.406-0400] {logging_mixin.py:188} INFO - [2024-03-13T15:49:21.406-0400] {dag.py:3834} INFO - Setting next_dagrun for example_time_delta_sensor_async to None, run_after=None
[2024-03-13T15:49:21.424-0400] {processor.py:183} INFO - Processing /home/ironbong_jr/mlops/project/project/lib/python3.10/site-packages/airflow/example_dags/example_time_delta_sensor_async.py took 0.138 seconds
[2024-03-13T15:51:30.159-0400] {processor.py:161} INFO - Started process (PID=454500) to work on /home/ironbong_jr/mlops/project/project/lib/python3.10/site-packages/airflow/example_dags/example_time_delta_sensor_async.py
[2024-03-13T15:51:30.161-0400] {processor.py:830} INFO - Processing file /home/ironbong_jr/mlops/project/project/lib/python3.10/site-packages/airflow/example_dags/example_time_delta_sensor_async.py for tasks to queue
[2024-03-13T15:51:30.162-0400] {logging_mixin.py:188} INFO - [2024-03-13T15:51:30.161-0400] {dagbag.py:540} INFO - Filling up the DagBag from /home/ironbong_jr/mlops/project/project/lib/python3.10/site-packages/airflow/example_dags/example_time_delta_sensor_async.py
[2024-03-13T15:51:30.165-0400] {processor.py:840} INFO - DAG(s) 'example_time_delta_sensor_async' retrieved from /home/ironbong_jr/mlops/project/project/lib/python3.10/site-packages/airflow/example_dags/example_time_delta_sensor_async.py
[2024-03-13T15:51:30.177-0400] {logging_mixin.py:188} INFO - [2024-03-13T15:51:30.177-0400] {dag.py:3047} INFO - Sync 1 DAGs
[2024-03-13T15:51:30.185-0400] {logging_mixin.py:188} INFO - [2024-03-13T15:51:30.185-0400] {dag.py:3834} INFO - Setting next_dagrun for example_time_delta_sensor_async to None, run_after=None
[2024-03-13T15:51:30.209-0400] {processor.py:183} INFO - Processing /home/ironbong_jr/mlops/project/project/lib/python3.10/site-packages/airflow/example_dags/example_time_delta_sensor_async.py took 0.052 seconds
[2024-03-13T15:52:25.943-0400] {processor.py:161} INFO - Started process (PID=454793) to work on /home/ironbong_jr/mlops/project/project/lib/python3.10/site-packages/airflow/example_dags/example_time_delta_sensor_async.py
[2024-03-13T15:52:25.947-0400] {processor.py:830} INFO - Processing file /home/ironbong_jr/mlops/project/project/lib/python3.10/site-packages/airflow/example_dags/example_time_delta_sensor_async.py for tasks to queue
[2024-03-13T15:52:25.948-0400] {logging_mixin.py:188} INFO - [2024-03-13T15:52:25.948-0400] {dagbag.py:540} INFO - Filling up the DagBag from /home/ironbong_jr/mlops/project/project/lib/python3.10/site-packages/airflow/example_dags/example_time_delta_sensor_async.py
[2024-03-13T15:52:25.952-0400] {processor.py:840} INFO - DAG(s) 'example_time_delta_sensor_async' retrieved from /home/ironbong_jr/mlops/project/project/lib/python3.10/site-packages/airflow/example_dags/example_time_delta_sensor_async.py
[2024-03-13T15:52:25.963-0400] {logging_mixin.py:188} INFO - [2024-03-13T15:52:25.962-0400] {dag.py:3047} INFO - Sync 1 DAGs
[2024-03-13T15:52:25.969-0400] {logging_mixin.py:188} INFO - [2024-03-13T15:52:25.969-0400] {dag.py:3834} INFO - Setting next_dagrun for example_time_delta_sensor_async to None, run_after=None
[2024-03-13T15:52:25.992-0400] {processor.py:183} INFO - Processing /home/ironbong_jr/mlops/project/project/lib/python3.10/site-packages/airflow/example_dags/example_time_delta_sensor_async.py took 0.051 seconds
[2024-03-13T15:53:19.076-0400] {processor.py:161} INFO - Started process (PID=455076) to work on /home/ironbong_jr/mlops/project/project/lib/python3.10/site-packages/airflow/example_dags/example_time_delta_sensor_async.py
[2024-03-13T15:53:19.081-0400] {processor.py:830} INFO - Processing file /home/ironbong_jr/mlops/project/project/lib/python3.10/site-packages/airflow/example_dags/example_time_delta_sensor_async.py for tasks to queue
[2024-03-13T15:53:19.082-0400] {logging_mixin.py:188} INFO - [2024-03-13T15:53:19.081-0400] {dagbag.py:540} INFO - Filling up the DagBag from /home/ironbong_jr/mlops/project/project/lib/python3.10/site-packages/airflow/example_dags/example_time_delta_sensor_async.py
[2024-03-13T15:53:19.085-0400] {processor.py:840} INFO - DAG(s) 'example_time_delta_sensor_async' retrieved from /home/ironbong_jr/mlops/project/project/lib/python3.10/site-packages/airflow/example_dags/example_time_delta_sensor_async.py
[2024-03-13T15:53:19.095-0400] {logging_mixin.py:188} INFO - [2024-03-13T15:53:19.094-0400] {dag.py:3047} INFO - Sync 1 DAGs
[2024-03-13T15:53:19.102-0400] {logging_mixin.py:188} INFO - [2024-03-13T15:53:19.102-0400] {dag.py:3834} INFO - Setting next_dagrun for example_time_delta_sensor_async to None, run_after=None
[2024-03-13T15:53:19.123-0400] {processor.py:183} INFO - Processing /home/ironbong_jr/mlops/project/project/lib/python3.10/site-packages/airflow/example_dags/example_time_delta_sensor_async.py took 0.049 seconds
[2024-03-13T15:54:13.387-0400] {processor.py:161} INFO - Started process (PID=455328) to work on /home/ironbong_jr/mlops/project/project/lib/python3.10/site-packages/airflow/example_dags/example_time_delta_sensor_async.py
[2024-03-13T15:54:13.390-0400] {processor.py:830} INFO - Processing file /home/ironbong_jr/mlops/project/project/lib/python3.10/site-packages/airflow/example_dags/example_time_delta_sensor_async.py for tasks to queue
[2024-03-13T15:54:13.391-0400] {logging_mixin.py:188} INFO - [2024-03-13T15:54:13.391-0400] {dagbag.py:540} INFO - Filling up the DagBag from /home/ironbong_jr/mlops/project/project/lib/python3.10/site-packages/airflow/example_dags/example_time_delta_sensor_async.py
[2024-03-13T15:54:13.395-0400] {processor.py:840} INFO - DAG(s) 'example_time_delta_sensor_async' retrieved from /home/ironbong_jr/mlops/project/project/lib/python3.10/site-packages/airflow/example_dags/example_time_delta_sensor_async.py
[2024-03-13T15:54:13.406-0400] {logging_mixin.py:188} INFO - [2024-03-13T15:54:13.406-0400] {dag.py:3047} INFO - Sync 1 DAGs
[2024-03-13T15:54:13.418-0400] {logging_mixin.py:188} INFO - [2024-03-13T15:54:13.418-0400] {dag.py:3834} INFO - Setting next_dagrun for example_time_delta_sensor_async to None, run_after=None
[2024-03-13T15:54:13.445-0400] {processor.py:183} INFO - Processing /home/ironbong_jr/mlops/project/project/lib/python3.10/site-packages/airflow/example_dags/example_time_delta_sensor_async.py took 0.060 seconds
[2024-03-13T15:55:06.012-0400] {processor.py:161} INFO - Started process (PID=455599) to work on /home/ironbong_jr/mlops/project/project/lib/python3.10/site-packages/airflow/example_dags/example_time_delta_sensor_async.py
[2024-03-13T15:55:06.016-0400] {processor.py:830} INFO - Processing file /home/ironbong_jr/mlops/project/project/lib/python3.10/site-packages/airflow/example_dags/example_time_delta_sensor_async.py for tasks to queue
[2024-03-13T15:55:06.017-0400] {logging_mixin.py:188} INFO - [2024-03-13T15:55:06.017-0400] {dagbag.py:540} INFO - Filling up the DagBag from /home/ironbong_jr/mlops/project/project/lib/python3.10/site-packages/airflow/example_dags/example_time_delta_sensor_async.py
[2024-03-13T15:55:06.020-0400] {processor.py:840} INFO - DAG(s) 'example_time_delta_sensor_async' retrieved from /home/ironbong_jr/mlops/project/project/lib/python3.10/site-packages/airflow/example_dags/example_time_delta_sensor_async.py
[2024-03-13T15:55:06.030-0400] {logging_mixin.py:188} INFO - [2024-03-13T15:55:06.030-0400] {dag.py:3047} INFO - Sync 1 DAGs
[2024-03-13T15:55:06.036-0400] {logging_mixin.py:188} INFO - [2024-03-13T15:55:06.036-0400] {dag.py:3834} INFO - Setting next_dagrun for example_time_delta_sensor_async to None, run_after=None
[2024-03-13T15:55:06.059-0400] {processor.py:183} INFO - Processing /home/ironbong_jr/mlops/project/project/lib/python3.10/site-packages/airflow/example_dags/example_time_delta_sensor_async.py took 0.049 seconds
[2024-03-13T15:55:57.157-0400] {processor.py:161} INFO - Started process (PID=455863) to work on /home/ironbong_jr/mlops/project/project/lib/python3.10/site-packages/airflow/example_dags/example_time_delta_sensor_async.py
[2024-03-13T15:55:57.161-0400] {processor.py:830} INFO - Processing file /home/ironbong_jr/mlops/project/project/lib/python3.10/site-packages/airflow/example_dags/example_time_delta_sensor_async.py for tasks to queue
[2024-03-13T15:55:57.162-0400] {logging_mixin.py:188} INFO - [2024-03-13T15:55:57.161-0400] {dagbag.py:540} INFO - Filling up the DagBag from /home/ironbong_jr/mlops/project/project/lib/python3.10/site-packages/airflow/example_dags/example_time_delta_sensor_async.py
[2024-03-13T15:55:57.166-0400] {processor.py:840} INFO - DAG(s) 'example_time_delta_sensor_async' retrieved from /home/ironbong_jr/mlops/project/project/lib/python3.10/site-packages/airflow/example_dags/example_time_delta_sensor_async.py
[2024-03-13T15:55:57.183-0400] {logging_mixin.py:188} INFO - [2024-03-13T15:55:57.183-0400] {dag.py:3047} INFO - Sync 1 DAGs
[2024-03-13T15:55:57.192-0400] {logging_mixin.py:188} INFO - [2024-03-13T15:55:57.191-0400] {dag.py:3834} INFO - Setting next_dagrun for example_time_delta_sensor_async to None, run_after=None
[2024-03-13T15:55:57.219-0400] {processor.py:183} INFO - Processing /home/ironbong_jr/mlops/project/project/lib/python3.10/site-packages/airflow/example_dags/example_time_delta_sensor_async.py took 0.064 seconds
[2024-03-13T15:56:47.485-0400] {processor.py:161} INFO - Started process (PID=456115) to work on /home/ironbong_jr/mlops/project/project/lib/python3.10/site-packages/airflow/example_dags/example_time_delta_sensor_async.py
[2024-03-13T15:56:47.490-0400] {processor.py:830} INFO - Processing file /home/ironbong_jr/mlops/project/project/lib/python3.10/site-packages/airflow/example_dags/example_time_delta_sensor_async.py for tasks to queue
[2024-03-13T15:56:47.491-0400] {logging_mixin.py:188} INFO - [2024-03-13T15:56:47.491-0400] {dagbag.py:540} INFO - Filling up the DagBag from /home/ironbong_jr/mlops/project/project/lib/python3.10/site-packages/airflow/example_dags/example_time_delta_sensor_async.py
[2024-03-13T15:56:47.495-0400] {processor.py:840} INFO - DAG(s) 'example_time_delta_sensor_async' retrieved from /home/ironbong_jr/mlops/project/project/lib/python3.10/site-packages/airflow/example_dags/example_time_delta_sensor_async.py
[2024-03-13T15:56:47.511-0400] {logging_mixin.py:188} INFO - [2024-03-13T15:56:47.511-0400] {dag.py:3047} INFO - Sync 1 DAGs
[2024-03-13T15:56:47.526-0400] {logging_mixin.py:188} INFO - [2024-03-13T15:56:47.526-0400] {dag.py:3834} INFO - Setting next_dagrun for example_time_delta_sensor_async to None, run_after=None
[2024-03-13T15:56:47.554-0400] {processor.py:183} INFO - Processing /home/ironbong_jr/mlops/project/project/lib/python3.10/site-packages/airflow/example_dags/example_time_delta_sensor_async.py took 0.071 seconds
[2024-03-13T15:57:38.612-0400] {processor.py:161} INFO - Started process (PID=456429) to work on /home/ironbong_jr/mlops/project/project/lib/python3.10/site-packages/airflow/example_dags/example_time_delta_sensor_async.py
[2024-03-13T15:57:38.615-0400] {processor.py:830} INFO - Processing file /home/ironbong_jr/mlops/project/project/lib/python3.10/site-packages/airflow/example_dags/example_time_delta_sensor_async.py for tasks to queue
[2024-03-13T15:57:38.616-0400] {logging_mixin.py:188} INFO - [2024-03-13T15:57:38.616-0400] {dagbag.py:540} INFO - Filling up the DagBag from /home/ironbong_jr/mlops/project/project/lib/python3.10/site-packages/airflow/example_dags/example_time_delta_sensor_async.py
[2024-03-13T15:57:38.620-0400] {processor.py:840} INFO - DAG(s) 'example_time_delta_sensor_async' retrieved from /home/ironbong_jr/mlops/project/project/lib/python3.10/site-packages/airflow/example_dags/example_time_delta_sensor_async.py
[2024-03-13T15:57:38.630-0400] {logging_mixin.py:188} INFO - [2024-03-13T15:57:38.630-0400] {dag.py:3047} INFO - Sync 1 DAGs
[2024-03-13T15:57:38.637-0400] {logging_mixin.py:188} INFO - [2024-03-13T15:57:38.637-0400] {dag.py:3834} INFO - Setting next_dagrun for example_time_delta_sensor_async to None, run_after=None
[2024-03-13T15:57:38.661-0400] {processor.py:183} INFO - Processing /home/ironbong_jr/mlops/project/project/lib/python3.10/site-packages/airflow/example_dags/example_time_delta_sensor_async.py took 0.051 seconds
[2024-03-13T15:58:31.076-0400] {processor.py:161} INFO - Started process (PID=456687) to work on /home/ironbong_jr/mlops/project/project/lib/python3.10/site-packages/airflow/example_dags/example_time_delta_sensor_async.py
[2024-03-13T15:58:31.077-0400] {processor.py:830} INFO - Processing file /home/ironbong_jr/mlops/project/project/lib/python3.10/site-packages/airflow/example_dags/example_time_delta_sensor_async.py for tasks to queue
[2024-03-13T15:58:31.078-0400] {logging_mixin.py:188} INFO - [2024-03-13T15:58:31.077-0400] {dagbag.py:540} INFO - Filling up the DagBag from /home/ironbong_jr/mlops/project/project/lib/python3.10/site-packages/airflow/example_dags/example_time_delta_sensor_async.py
[2024-03-13T15:58:31.081-0400] {processor.py:840} INFO - DAG(s) 'example_time_delta_sensor_async' retrieved from /home/ironbong_jr/mlops/project/project/lib/python3.10/site-packages/airflow/example_dags/example_time_delta_sensor_async.py
[2024-03-13T15:58:31.091-0400] {logging_mixin.py:188} INFO - [2024-03-13T15:58:31.091-0400] {dag.py:3047} INFO - Sync 1 DAGs
[2024-03-13T15:58:31.098-0400] {logging_mixin.py:188} INFO - [2024-03-13T15:58:31.098-0400] {dag.py:3834} INFO - Setting next_dagrun for example_time_delta_sensor_async to None, run_after=None
[2024-03-13T15:58:31.119-0400] {processor.py:183} INFO - Processing /home/ironbong_jr/mlops/project/project/lib/python3.10/site-packages/airflow/example_dags/example_time_delta_sensor_async.py took 0.045 seconds
[2024-03-13T15:59:22.052-0400] {processor.py:161} INFO - Started process (PID=456930) to work on /home/ironbong_jr/mlops/project/project/lib/python3.10/site-packages/airflow/example_dags/example_time_delta_sensor_async.py
[2024-03-13T15:59:22.055-0400] {processor.py:830} INFO - Processing file /home/ironbong_jr/mlops/project/project/lib/python3.10/site-packages/airflow/example_dags/example_time_delta_sensor_async.py for tasks to queue
[2024-03-13T15:59:22.056-0400] {logging_mixin.py:188} INFO - [2024-03-13T15:59:22.056-0400] {dagbag.py:540} INFO - Filling up the DagBag from /home/ironbong_jr/mlops/project/project/lib/python3.10/site-packages/airflow/example_dags/example_time_delta_sensor_async.py
[2024-03-13T15:59:22.059-0400] {processor.py:840} INFO - DAG(s) 'example_time_delta_sensor_async' retrieved from /home/ironbong_jr/mlops/project/project/lib/python3.10/site-packages/airflow/example_dags/example_time_delta_sensor_async.py
[2024-03-13T15:59:22.069-0400] {logging_mixin.py:188} INFO - [2024-03-13T15:59:22.069-0400] {dag.py:3047} INFO - Sync 1 DAGs
[2024-03-13T15:59:22.076-0400] {logging_mixin.py:188} INFO - [2024-03-13T15:59:22.076-0400] {dag.py:3834} INFO - Setting next_dagrun for example_time_delta_sensor_async to None, run_after=None
[2024-03-13T15:59:22.098-0400] {processor.py:183} INFO - Processing /home/ironbong_jr/mlops/project/project/lib/python3.10/site-packages/airflow/example_dags/example_time_delta_sensor_async.py took 0.048 seconds
[2024-03-13T16:00:12.870-0400] {processor.py:161} INFO - Started process (PID=457186) to work on /home/ironbong_jr/mlops/project/project/lib/python3.10/site-packages/airflow/example_dags/example_time_delta_sensor_async.py
[2024-03-13T16:00:12.871-0400] {processor.py:830} INFO - Processing file /home/ironbong_jr/mlops/project/project/lib/python3.10/site-packages/airflow/example_dags/example_time_delta_sensor_async.py for tasks to queue
[2024-03-13T16:00:12.872-0400] {logging_mixin.py:188} INFO - [2024-03-13T16:00:12.872-0400] {dagbag.py:540} INFO - Filling up the DagBag from /home/ironbong_jr/mlops/project/project/lib/python3.10/site-packages/airflow/example_dags/example_time_delta_sensor_async.py
[2024-03-13T16:00:12.875-0400] {processor.py:840} INFO - DAG(s) 'example_time_delta_sensor_async' retrieved from /home/ironbong_jr/mlops/project/project/lib/python3.10/site-packages/airflow/example_dags/example_time_delta_sensor_async.py
[2024-03-13T16:00:12.887-0400] {logging_mixin.py:188} INFO - [2024-03-13T16:00:12.887-0400] {dag.py:3047} INFO - Sync 1 DAGs
[2024-03-13T16:00:12.893-0400] {logging_mixin.py:188} INFO - [2024-03-13T16:00:12.893-0400] {dag.py:3834} INFO - Setting next_dagrun for example_time_delta_sensor_async to None, run_after=None
[2024-03-13T16:00:12.914-0400] {processor.py:183} INFO - Processing /home/ironbong_jr/mlops/project/project/lib/python3.10/site-packages/airflow/example_dags/example_time_delta_sensor_async.py took 0.047 seconds
[2024-03-13T16:01:03.975-0400] {processor.py:161} INFO - Started process (PID=457443) to work on /home/ironbong_jr/mlops/project/project/lib/python3.10/site-packages/airflow/example_dags/example_time_delta_sensor_async.py
[2024-03-13T16:01:03.976-0400] {processor.py:830} INFO - Processing file /home/ironbong_jr/mlops/project/project/lib/python3.10/site-packages/airflow/example_dags/example_time_delta_sensor_async.py for tasks to queue
[2024-03-13T16:01:03.977-0400] {logging_mixin.py:188} INFO - [2024-03-13T16:01:03.977-0400] {dagbag.py:540} INFO - Filling up the DagBag from /home/ironbong_jr/mlops/project/project/lib/python3.10/site-packages/airflow/example_dags/example_time_delta_sensor_async.py
[2024-03-13T16:01:03.980-0400] {processor.py:840} INFO - DAG(s) 'example_time_delta_sensor_async' retrieved from /home/ironbong_jr/mlops/project/project/lib/python3.10/site-packages/airflow/example_dags/example_time_delta_sensor_async.py
[2024-03-13T16:01:03.991-0400] {logging_mixin.py:188} INFO - [2024-03-13T16:01:03.990-0400] {dag.py:3047} INFO - Sync 1 DAGs
[2024-03-13T16:01:03.997-0400] {logging_mixin.py:188} INFO - [2024-03-13T16:01:03.997-0400] {dag.py:3834} INFO - Setting next_dagrun for example_time_delta_sensor_async to None, run_after=None
[2024-03-13T16:01:04.025-0400] {processor.py:183} INFO - Processing /home/ironbong_jr/mlops/project/project/lib/python3.10/site-packages/airflow/example_dags/example_time_delta_sensor_async.py took 0.052 seconds
[2024-03-13T16:01:54.448-0400] {processor.py:161} INFO - Started process (PID=457709) to work on /home/ironbong_jr/mlops/project/project/lib/python3.10/site-packages/airflow/example_dags/example_time_delta_sensor_async.py
[2024-03-13T16:01:54.452-0400] {processor.py:830} INFO - Processing file /home/ironbong_jr/mlops/project/project/lib/python3.10/site-packages/airflow/example_dags/example_time_delta_sensor_async.py for tasks to queue
[2024-03-13T16:01:54.453-0400] {logging_mixin.py:188} INFO - [2024-03-13T16:01:54.452-0400] {dagbag.py:540} INFO - Filling up the DagBag from /home/ironbong_jr/mlops/project/project/lib/python3.10/site-packages/airflow/example_dags/example_time_delta_sensor_async.py
[2024-03-13T16:01:54.457-0400] {processor.py:840} INFO - DAG(s) 'example_time_delta_sensor_async' retrieved from /home/ironbong_jr/mlops/project/project/lib/python3.10/site-packages/airflow/example_dags/example_time_delta_sensor_async.py
[2024-03-13T16:01:54.470-0400] {logging_mixin.py:188} INFO - [2024-03-13T16:01:54.469-0400] {dag.py:3047} INFO - Sync 1 DAGs
[2024-03-13T16:01:54.479-0400] {logging_mixin.py:188} INFO - [2024-03-13T16:01:54.478-0400] {dag.py:3834} INFO - Setting next_dagrun for example_time_delta_sensor_async to None, run_after=None
[2024-03-13T16:01:54.503-0400] {processor.py:183} INFO - Processing /home/ironbong_jr/mlops/project/project/lib/python3.10/site-packages/airflow/example_dags/example_time_delta_sensor_async.py took 0.057 seconds
[2024-03-13T16:02:45.541-0400] {processor.py:161} INFO - Started process (PID=457976) to work on /home/ironbong_jr/mlops/project/project/lib/python3.10/site-packages/airflow/example_dags/example_time_delta_sensor_async.py
[2024-03-13T16:02:45.542-0400] {processor.py:830} INFO - Processing file /home/ironbong_jr/mlops/project/project/lib/python3.10/site-packages/airflow/example_dags/example_time_delta_sensor_async.py for tasks to queue
[2024-03-13T16:02:45.543-0400] {logging_mixin.py:188} INFO - [2024-03-13T16:02:45.543-0400] {dagbag.py:540} INFO - Filling up the DagBag from /home/ironbong_jr/mlops/project/project/lib/python3.10/site-packages/airflow/example_dags/example_time_delta_sensor_async.py
[2024-03-13T16:02:45.546-0400] {processor.py:840} INFO - DAG(s) 'example_time_delta_sensor_async' retrieved from /home/ironbong_jr/mlops/project/project/lib/python3.10/site-packages/airflow/example_dags/example_time_delta_sensor_async.py
[2024-03-13T16:02:45.557-0400] {logging_mixin.py:188} INFO - [2024-03-13T16:02:45.556-0400] {dag.py:3047} INFO - Sync 1 DAGs
[2024-03-13T16:02:45.563-0400] {logging_mixin.py:188} INFO - [2024-03-13T16:02:45.563-0400] {dag.py:3834} INFO - Setting next_dagrun for example_time_delta_sensor_async to None, run_after=None
[2024-03-13T16:02:45.584-0400] {processor.py:183} INFO - Processing /home/ironbong_jr/mlops/project/project/lib/python3.10/site-packages/airflow/example_dags/example_time_delta_sensor_async.py took 0.045 seconds
[2024-03-13T16:04:10.197-0400] {processor.py:161} INFO - Started process (PID=458509) to work on /home/ironbong_jr/mlops/project/project/lib/python3.10/site-packages/airflow/example_dags/example_time_delta_sensor_async.py
[2024-03-13T16:04:10.201-0400] {processor.py:830} INFO - Processing file /home/ironbong_jr/mlops/project/project/lib/python3.10/site-packages/airflow/example_dags/example_time_delta_sensor_async.py for tasks to queue
[2024-03-13T16:04:10.201-0400] {logging_mixin.py:188} INFO - [2024-03-13T16:04:10.201-0400] {dagbag.py:540} INFO - Filling up the DagBag from /home/ironbong_jr/mlops/project/project/lib/python3.10/site-packages/airflow/example_dags/example_time_delta_sensor_async.py
[2024-03-13T16:04:10.204-0400] {processor.py:840} INFO - DAG(s) 'example_time_delta_sensor_async' retrieved from /home/ironbong_jr/mlops/project/project/lib/python3.10/site-packages/airflow/example_dags/example_time_delta_sensor_async.py
[2024-03-13T16:04:10.214-0400] {logging_mixin.py:188} INFO - [2024-03-13T16:04:10.214-0400] {dag.py:3047} INFO - Sync 1 DAGs
[2024-03-13T16:04:10.222-0400] {logging_mixin.py:188} INFO - [2024-03-13T16:04:10.222-0400] {dag.py:3834} INFO - Setting next_dagrun for example_time_delta_sensor_async to None, run_after=None
[2024-03-13T16:04:10.245-0400] {processor.py:183} INFO - Processing /home/ironbong_jr/mlops/project/project/lib/python3.10/site-packages/airflow/example_dags/example_time_delta_sensor_async.py took 0.050 seconds
[2024-03-13T16:05:05.395-0400] {processor.py:161} INFO - Started process (PID=458780) to work on /home/ironbong_jr/mlops/project/project/lib/python3.10/site-packages/airflow/example_dags/example_time_delta_sensor_async.py
[2024-03-13T16:05:05.397-0400] {processor.py:830} INFO - Processing file /home/ironbong_jr/mlops/project/project/lib/python3.10/site-packages/airflow/example_dags/example_time_delta_sensor_async.py for tasks to queue
[2024-03-13T16:05:05.397-0400] {logging_mixin.py:188} INFO - [2024-03-13T16:05:05.397-0400] {dagbag.py:540} INFO - Filling up the DagBag from /home/ironbong_jr/mlops/project/project/lib/python3.10/site-packages/airflow/example_dags/example_time_delta_sensor_async.py
[2024-03-13T16:05:05.400-0400] {processor.py:840} INFO - DAG(s) 'example_time_delta_sensor_async' retrieved from /home/ironbong_jr/mlops/project/project/lib/python3.10/site-packages/airflow/example_dags/example_time_delta_sensor_async.py
[2024-03-13T16:05:05.411-0400] {logging_mixin.py:188} INFO - [2024-03-13T16:05:05.411-0400] {dag.py:3047} INFO - Sync 1 DAGs
[2024-03-13T16:05:05.418-0400] {logging_mixin.py:188} INFO - [2024-03-13T16:05:05.418-0400] {dag.py:3834} INFO - Setting next_dagrun for example_time_delta_sensor_async to None, run_after=None
[2024-03-13T16:05:05.440-0400] {processor.py:183} INFO - Processing /home/ironbong_jr/mlops/project/project/lib/python3.10/site-packages/airflow/example_dags/example_time_delta_sensor_async.py took 0.047 seconds
[2024-03-13T16:05:52.007-0400] {processor.py:161} INFO - Started process (PID=459012) to work on /home/ironbong_jr/mlops/project/project/lib/python3.10/site-packages/airflow/example_dags/example_time_delta_sensor_async.py
[2024-03-13T16:05:52.010-0400] {processor.py:830} INFO - Processing file /home/ironbong_jr/mlops/project/project/lib/python3.10/site-packages/airflow/example_dags/example_time_delta_sensor_async.py for tasks to queue
[2024-03-13T16:05:52.011-0400] {logging_mixin.py:188} INFO - [2024-03-13T16:05:52.011-0400] {dagbag.py:540} INFO - Filling up the DagBag from /home/ironbong_jr/mlops/project/project/lib/python3.10/site-packages/airflow/example_dags/example_time_delta_sensor_async.py
[2024-03-13T16:05:52.015-0400] {processor.py:840} INFO - DAG(s) 'example_time_delta_sensor_async' retrieved from /home/ironbong_jr/mlops/project/project/lib/python3.10/site-packages/airflow/example_dags/example_time_delta_sensor_async.py
[2024-03-13T16:05:52.024-0400] {logging_mixin.py:188} INFO - [2024-03-13T16:05:52.024-0400] {dag.py:3047} INFO - Sync 1 DAGs
[2024-03-13T16:05:52.032-0400] {logging_mixin.py:188} INFO - [2024-03-13T16:05:52.031-0400] {dag.py:3834} INFO - Setting next_dagrun for example_time_delta_sensor_async to None, run_after=None
[2024-03-13T16:05:52.054-0400] {processor.py:183} INFO - Processing /home/ironbong_jr/mlops/project/project/lib/python3.10/site-packages/airflow/example_dags/example_time_delta_sensor_async.py took 0.049 seconds
[2024-03-13T16:06:46.467-0400] {processor.py:161} INFO - Started process (PID=459283) to work on /home/ironbong_jr/mlops/project/project/lib/python3.10/site-packages/airflow/example_dags/example_time_delta_sensor_async.py
[2024-03-13T16:06:46.469-0400] {processor.py:830} INFO - Processing file /home/ironbong_jr/mlops/project/project/lib/python3.10/site-packages/airflow/example_dags/example_time_delta_sensor_async.py for tasks to queue
[2024-03-13T16:06:46.469-0400] {logging_mixin.py:188} INFO - [2024-03-13T16:06:46.469-0400] {dagbag.py:540} INFO - Filling up the DagBag from /home/ironbong_jr/mlops/project/project/lib/python3.10/site-packages/airflow/example_dags/example_time_delta_sensor_async.py
[2024-03-13T16:06:46.473-0400] {processor.py:840} INFO - DAG(s) 'example_time_delta_sensor_async' retrieved from /home/ironbong_jr/mlops/project/project/lib/python3.10/site-packages/airflow/example_dags/example_time_delta_sensor_async.py
[2024-03-13T16:06:46.485-0400] {logging_mixin.py:188} INFO - [2024-03-13T16:06:46.485-0400] {dag.py:3047} INFO - Sync 1 DAGs
[2024-03-13T16:06:46.494-0400] {logging_mixin.py:188} INFO - [2024-03-13T16:06:46.493-0400] {dag.py:3834} INFO - Setting next_dagrun for example_time_delta_sensor_async to None, run_after=None
[2024-03-13T16:06:46.518-0400] {processor.py:183} INFO - Processing /home/ironbong_jr/mlops/project/project/lib/python3.10/site-packages/airflow/example_dags/example_time_delta_sensor_async.py took 0.053 seconds
[2024-03-13T16:07:38.545-0400] {processor.py:161} INFO - Started process (PID=459547) to work on /home/ironbong_jr/mlops/project/project/lib/python3.10/site-packages/airflow/example_dags/example_time_delta_sensor_async.py
[2024-03-13T16:07:38.547-0400] {processor.py:830} INFO - Processing file /home/ironbong_jr/mlops/project/project/lib/python3.10/site-packages/airflow/example_dags/example_time_delta_sensor_async.py for tasks to queue
[2024-03-13T16:07:38.548-0400] {logging_mixin.py:188} INFO - [2024-03-13T16:07:38.547-0400] {dagbag.py:540} INFO - Filling up the DagBag from /home/ironbong_jr/mlops/project/project/lib/python3.10/site-packages/airflow/example_dags/example_time_delta_sensor_async.py
[2024-03-13T16:07:38.551-0400] {processor.py:840} INFO - DAG(s) 'example_time_delta_sensor_async' retrieved from /home/ironbong_jr/mlops/project/project/lib/python3.10/site-packages/airflow/example_dags/example_time_delta_sensor_async.py
[2024-03-13T16:07:38.560-0400] {logging_mixin.py:188} INFO - [2024-03-13T16:07:38.560-0400] {dag.py:3047} INFO - Sync 1 DAGs
[2024-03-13T16:07:38.567-0400] {logging_mixin.py:188} INFO - [2024-03-13T16:07:38.567-0400] {dag.py:3834} INFO - Setting next_dagrun for example_time_delta_sensor_async to None, run_after=None
[2024-03-13T16:07:38.588-0400] {processor.py:183} INFO - Processing /home/ironbong_jr/mlops/project/project/lib/python3.10/site-packages/airflow/example_dags/example_time_delta_sensor_async.py took 0.044 seconds
[2024-03-13T16:08:30.962-0400] {processor.py:161} INFO - Started process (PID=459794) to work on /home/ironbong_jr/mlops/project/project/lib/python3.10/site-packages/airflow/example_dags/example_time_delta_sensor_async.py
[2024-03-13T16:08:30.966-0400] {processor.py:830} INFO - Processing file /home/ironbong_jr/mlops/project/project/lib/python3.10/site-packages/airflow/example_dags/example_time_delta_sensor_async.py for tasks to queue
[2024-03-13T16:08:30.966-0400] {logging_mixin.py:188} INFO - [2024-03-13T16:08:30.966-0400] {dagbag.py:540} INFO - Filling up the DagBag from /home/ironbong_jr/mlops/project/project/lib/python3.10/site-packages/airflow/example_dags/example_time_delta_sensor_async.py
[2024-03-13T16:08:30.969-0400] {processor.py:840} INFO - DAG(s) 'example_time_delta_sensor_async' retrieved from /home/ironbong_jr/mlops/project/project/lib/python3.10/site-packages/airflow/example_dags/example_time_delta_sensor_async.py
[2024-03-13T16:08:30.979-0400] {logging_mixin.py:188} INFO - [2024-03-13T16:08:30.979-0400] {dag.py:3047} INFO - Sync 1 DAGs
[2024-03-13T16:08:30.986-0400] {logging_mixin.py:188} INFO - [2024-03-13T16:08:30.986-0400] {dag.py:3834} INFO - Setting next_dagrun for example_time_delta_sensor_async to None, run_after=None
[2024-03-13T16:08:31.007-0400] {processor.py:183} INFO - Processing /home/ironbong_jr/mlops/project/project/lib/python3.10/site-packages/airflow/example_dags/example_time_delta_sensor_async.py took 0.047 seconds
[2024-03-13T16:09:21.213-0400] {processor.py:161} INFO - Started process (PID=460043) to work on /home/ironbong_jr/mlops/project/project/lib/python3.10/site-packages/airflow/example_dags/example_time_delta_sensor_async.py
[2024-03-13T16:09:21.217-0400] {processor.py:830} INFO - Processing file /home/ironbong_jr/mlops/project/project/lib/python3.10/site-packages/airflow/example_dags/example_time_delta_sensor_async.py for tasks to queue
[2024-03-13T16:09:21.218-0400] {logging_mixin.py:188} INFO - [2024-03-13T16:09:21.217-0400] {dagbag.py:540} INFO - Filling up the DagBag from /home/ironbong_jr/mlops/project/project/lib/python3.10/site-packages/airflow/example_dags/example_time_delta_sensor_async.py
[2024-03-13T16:09:21.222-0400] {processor.py:840} INFO - DAG(s) 'example_time_delta_sensor_async' retrieved from /home/ironbong_jr/mlops/project/project/lib/python3.10/site-packages/airflow/example_dags/example_time_delta_sensor_async.py
[2024-03-13T16:09:21.234-0400] {logging_mixin.py:188} INFO - [2024-03-13T16:09:21.234-0400] {dag.py:3047} INFO - Sync 1 DAGs
[2024-03-13T16:09:21.241-0400] {logging_mixin.py:188} INFO - [2024-03-13T16:09:21.241-0400] {dag.py:3834} INFO - Setting next_dagrun for example_time_delta_sensor_async to None, run_after=None
[2024-03-13T16:09:21.264-0400] {processor.py:183} INFO - Processing /home/ironbong_jr/mlops/project/project/lib/python3.10/site-packages/airflow/example_dags/example_time_delta_sensor_async.py took 0.053 seconds
[2024-03-13T16:10:09.863-0400] {processor.py:161} INFO - Started process (PID=460292) to work on /home/ironbong_jr/mlops/project/project/lib/python3.10/site-packages/airflow/example_dags/example_time_delta_sensor_async.py
[2024-03-13T16:10:09.867-0400] {processor.py:830} INFO - Processing file /home/ironbong_jr/mlops/project/project/lib/python3.10/site-packages/airflow/example_dags/example_time_delta_sensor_async.py for tasks to queue
[2024-03-13T16:10:09.867-0400] {logging_mixin.py:188} INFO - [2024-03-13T16:10:09.867-0400] {dagbag.py:540} INFO - Filling up the DagBag from /home/ironbong_jr/mlops/project/project/lib/python3.10/site-packages/airflow/example_dags/example_time_delta_sensor_async.py
[2024-03-13T16:10:09.871-0400] {processor.py:840} INFO - DAG(s) 'example_time_delta_sensor_async' retrieved from /home/ironbong_jr/mlops/project/project/lib/python3.10/site-packages/airflow/example_dags/example_time_delta_sensor_async.py
[2024-03-13T16:10:09.881-0400] {logging_mixin.py:188} INFO - [2024-03-13T16:10:09.881-0400] {dag.py:3047} INFO - Sync 1 DAGs
[2024-03-13T16:10:09.888-0400] {logging_mixin.py:188} INFO - [2024-03-13T16:10:09.888-0400] {dag.py:3834} INFO - Setting next_dagrun for example_time_delta_sensor_async to None, run_after=None
[2024-03-13T16:10:09.909-0400] {processor.py:183} INFO - Processing /home/ironbong_jr/mlops/project/project/lib/python3.10/site-packages/airflow/example_dags/example_time_delta_sensor_async.py took 0.048 seconds
[2024-03-13T16:10:58.048-0400] {processor.py:161} INFO - Started process (PID=460529) to work on /home/ironbong_jr/mlops/project/project/lib/python3.10/site-packages/airflow/example_dags/example_time_delta_sensor_async.py
[2024-03-13T16:10:58.052-0400] {processor.py:830} INFO - Processing file /home/ironbong_jr/mlops/project/project/lib/python3.10/site-packages/airflow/example_dags/example_time_delta_sensor_async.py for tasks to queue
[2024-03-13T16:10:58.053-0400] {logging_mixin.py:188} INFO - [2024-03-13T16:10:58.053-0400] {dagbag.py:540} INFO - Filling up the DagBag from /home/ironbong_jr/mlops/project/project/lib/python3.10/site-packages/airflow/example_dags/example_time_delta_sensor_async.py
[2024-03-13T16:10:58.057-0400] {processor.py:840} INFO - DAG(s) 'example_time_delta_sensor_async' retrieved from /home/ironbong_jr/mlops/project/project/lib/python3.10/site-packages/airflow/example_dags/example_time_delta_sensor_async.py
[2024-03-13T16:10:58.068-0400] {logging_mixin.py:188} INFO - [2024-03-13T16:10:58.068-0400] {dag.py:3047} INFO - Sync 1 DAGs
[2024-03-13T16:10:58.075-0400] {logging_mixin.py:188} INFO - [2024-03-13T16:10:58.075-0400] {dag.py:3834} INFO - Setting next_dagrun for example_time_delta_sensor_async to None, run_after=None
[2024-03-13T16:10:58.097-0400] {processor.py:183} INFO - Processing /home/ironbong_jr/mlops/project/project/lib/python3.10/site-packages/airflow/example_dags/example_time_delta_sensor_async.py took 0.051 seconds
[2024-03-13T16:11:48.864-0400] {processor.py:161} INFO - Started process (PID=460779) to work on /home/ironbong_jr/mlops/project/project/lib/python3.10/site-packages/airflow/example_dags/example_time_delta_sensor_async.py
[2024-03-13T16:11:48.866-0400] {processor.py:830} INFO - Processing file /home/ironbong_jr/mlops/project/project/lib/python3.10/site-packages/airflow/example_dags/example_time_delta_sensor_async.py for tasks to queue
[2024-03-13T16:11:48.867-0400] {logging_mixin.py:188} INFO - [2024-03-13T16:11:48.867-0400] {dagbag.py:540} INFO - Filling up the DagBag from /home/ironbong_jr/mlops/project/project/lib/python3.10/site-packages/airflow/example_dags/example_time_delta_sensor_async.py
[2024-03-13T16:11:48.870-0400] {processor.py:840} INFO - DAG(s) 'example_time_delta_sensor_async' retrieved from /home/ironbong_jr/mlops/project/project/lib/python3.10/site-packages/airflow/example_dags/example_time_delta_sensor_async.py
[2024-03-13T16:11:48.880-0400] {logging_mixin.py:188} INFO - [2024-03-13T16:11:48.880-0400] {dag.py:3047} INFO - Sync 1 DAGs
[2024-03-13T16:11:48.888-0400] {logging_mixin.py:188} INFO - [2024-03-13T16:11:48.887-0400] {dag.py:3834} INFO - Setting next_dagrun for example_time_delta_sensor_async to None, run_after=None
[2024-03-13T16:11:48.909-0400] {processor.py:183} INFO - Processing /home/ironbong_jr/mlops/project/project/lib/python3.10/site-packages/airflow/example_dags/example_time_delta_sensor_async.py took 0.047 seconds
[2024-03-13T16:12:39.349-0400] {processor.py:161} INFO - Started process (PID=461034) to work on /home/ironbong_jr/mlops/project/project/lib/python3.10/site-packages/airflow/example_dags/example_time_delta_sensor_async.py
[2024-03-13T16:12:39.354-0400] {processor.py:830} INFO - Processing file /home/ironbong_jr/mlops/project/project/lib/python3.10/site-packages/airflow/example_dags/example_time_delta_sensor_async.py for tasks to queue
[2024-03-13T16:12:39.355-0400] {logging_mixin.py:188} INFO - [2024-03-13T16:12:39.354-0400] {dagbag.py:540} INFO - Filling up the DagBag from /home/ironbong_jr/mlops/project/project/lib/python3.10/site-packages/airflow/example_dags/example_time_delta_sensor_async.py
[2024-03-13T16:12:39.358-0400] {processor.py:840} INFO - DAG(s) 'example_time_delta_sensor_async' retrieved from /home/ironbong_jr/mlops/project/project/lib/python3.10/site-packages/airflow/example_dags/example_time_delta_sensor_async.py
[2024-03-13T16:12:39.369-0400] {logging_mixin.py:188} INFO - [2024-03-13T16:12:39.369-0400] {dag.py:3047} INFO - Sync 1 DAGs
[2024-03-13T16:12:39.376-0400] {logging_mixin.py:188} INFO - [2024-03-13T16:12:39.376-0400] {dag.py:3834} INFO - Setting next_dagrun for example_time_delta_sensor_async to None, run_after=None
[2024-03-13T16:12:39.403-0400] {processor.py:183} INFO - Processing /home/ironbong_jr/mlops/project/project/lib/python3.10/site-packages/airflow/example_dags/example_time_delta_sensor_async.py took 0.057 seconds
