[2024-03-12T21:21:38.761-0400] {processor.py:161} INFO - Started process (PID=406947) to work on /home/ironbong_jr/mlops/project/project/lib/python3.10/site-packages/airflow/example_dags/example_complex.py
[2024-03-12T21:21:38.763-0400] {processor.py:830} INFO - Processing file /home/ironbong_jr/mlops/project/project/lib/python3.10/site-packages/airflow/example_dags/example_complex.py for tasks to queue
[2024-03-12T21:21:38.765-0400] {logging_mixin.py:188} INFO - [2024-03-12T21:21:38.764-0400] {dagbag.py:540} INFO - Filling up the DagBag from /home/ironbong_jr/mlops/project/project/lib/python3.10/site-packages/airflow/example_dags/example_complex.py
[2024-03-12T21:21:38.785-0400] {processor.py:840} INFO - DAG(s) 'example_complex' retrieved from /home/ironbong_jr/mlops/project/project/lib/python3.10/site-packages/airflow/example_dags/example_complex.py
[2024-03-12T21:21:39.165-0400] {logging_mixin.py:188} INFO - [2024-03-12T21:21:39.165-0400] {dag.py:3047} INFO - Sync 1 DAGs
[2024-03-12T21:21:39.179-0400] {logging_mixin.py:188} INFO - [2024-03-12T21:21:39.179-0400] {dag.py:3834} INFO - Setting next_dagrun for example_complex to None, run_after=None
[2024-03-12T21:21:39.290-0400] {processor.py:183} INFO - Processing /home/ironbong_jr/mlops/project/project/lib/python3.10/site-packages/airflow/example_dags/example_complex.py took 0.537 seconds
[2024-03-12T21:23:05.890-0400] {processor.py:161} INFO - Started process (PID=407328) to work on /home/ironbong_jr/mlops/project/project/lib/python3.10/site-packages/airflow/example_dags/example_complex.py
[2024-03-12T21:23:05.893-0400] {processor.py:830} INFO - Processing file /home/ironbong_jr/mlops/project/project/lib/python3.10/site-packages/airflow/example_dags/example_complex.py for tasks to queue
[2024-03-12T21:23:05.895-0400] {logging_mixin.py:188} INFO - [2024-03-12T21:23:05.894-0400] {dagbag.py:540} INFO - Filling up the DagBag from /home/ironbong_jr/mlops/project/project/lib/python3.10/site-packages/airflow/example_dags/example_complex.py
[2024-03-12T21:23:05.910-0400] {processor.py:840} INFO - DAG(s) 'example_complex' retrieved from /home/ironbong_jr/mlops/project/project/lib/python3.10/site-packages/airflow/example_dags/example_complex.py
[2024-03-12T21:23:05.954-0400] {logging_mixin.py:188} INFO - [2024-03-12T21:23:05.953-0400] {dag.py:3047} INFO - Sync 1 DAGs
[2024-03-12T21:23:05.974-0400] {logging_mixin.py:188} INFO - [2024-03-12T21:23:05.973-0400] {dag.py:3834} INFO - Setting next_dagrun for example_complex to None, run_after=None
[2024-03-12T21:23:06.190-0400] {processor.py:183} INFO - Processing /home/ironbong_jr/mlops/project/project/lib/python3.10/site-packages/airflow/example_dags/example_complex.py took 0.305 seconds
[2024-03-12T21:26:29.741-0400] {processor.py:161} INFO - Started process (PID=408242) to work on /home/ironbong_jr/mlops/project/project/lib/python3.10/site-packages/airflow/example_dags/example_complex.py
[2024-03-12T21:26:29.746-0400] {processor.py:830} INFO - Processing file /home/ironbong_jr/mlops/project/project/lib/python3.10/site-packages/airflow/example_dags/example_complex.py for tasks to queue
[2024-03-12T21:26:29.751-0400] {logging_mixin.py:188} INFO - [2024-03-12T21:26:29.749-0400] {dagbag.py:540} INFO - Filling up the DagBag from /home/ironbong_jr/mlops/project/project/lib/python3.10/site-packages/airflow/example_dags/example_complex.py
[2024-03-12T21:26:29.790-0400] {processor.py:840} INFO - DAG(s) 'example_complex' retrieved from /home/ironbong_jr/mlops/project/project/lib/python3.10/site-packages/airflow/example_dags/example_complex.py
[2024-03-12T21:26:29.844-0400] {logging_mixin.py:188} INFO - [2024-03-12T21:26:29.843-0400] {dag.py:3047} INFO - Sync 1 DAGs
[2024-03-12T21:26:29.873-0400] {logging_mixin.py:188} INFO - [2024-03-12T21:26:29.872-0400] {dag.py:3834} INFO - Setting next_dagrun for example_complex to None, run_after=None
[2024-03-12T21:26:29.994-0400] {processor.py:183} INFO - Processing /home/ironbong_jr/mlops/project/project/lib/python3.10/site-packages/airflow/example_dags/example_complex.py took 0.265 seconds
[2024-03-12T21:27:43.472-0400] {processor.py:161} INFO - Started process (PID=408570) to work on /home/ironbong_jr/mlops/project/project/lib/python3.10/site-packages/airflow/example_dags/example_complex.py
[2024-03-12T21:27:43.519-0400] {processor.py:830} INFO - Processing file /home/ironbong_jr/mlops/project/project/lib/python3.10/site-packages/airflow/example_dags/example_complex.py for tasks to queue
[2024-03-12T21:27:43.522-0400] {logging_mixin.py:188} INFO - [2024-03-12T21:27:43.520-0400] {dagbag.py:540} INFO - Filling up the DagBag from /home/ironbong_jr/mlops/project/project/lib/python3.10/site-packages/airflow/example_dags/example_complex.py
[2024-03-12T21:27:43.553-0400] {processor.py:840} INFO - DAG(s) 'example_complex' retrieved from /home/ironbong_jr/mlops/project/project/lib/python3.10/site-packages/airflow/example_dags/example_complex.py
[2024-03-12T21:27:43.631-0400] {logging_mixin.py:188} INFO - [2024-03-12T21:27:43.631-0400] {dag.py:3047} INFO - Sync 1 DAGs
[2024-03-12T21:27:43.651-0400] {logging_mixin.py:188} INFO - [2024-03-12T21:27:43.651-0400] {dag.py:3834} INFO - Setting next_dagrun for example_complex to None, run_after=None
[2024-03-12T21:27:43.724-0400] {processor.py:183} INFO - Processing /home/ironbong_jr/mlops/project/project/lib/python3.10/site-packages/airflow/example_dags/example_complex.py took 0.258 seconds
[2024-03-12T21:29:21.307-0400] {processor.py:161} INFO - Started process (PID=409041) to work on /home/ironbong_jr/mlops/project/project/lib/python3.10/site-packages/airflow/example_dags/example_complex.py
[2024-03-12T21:29:21.355-0400] {processor.py:830} INFO - Processing file /home/ironbong_jr/mlops/project/project/lib/python3.10/site-packages/airflow/example_dags/example_complex.py for tasks to queue
[2024-03-12T21:29:21.358-0400] {logging_mixin.py:188} INFO - [2024-03-12T21:29:21.357-0400] {dagbag.py:540} INFO - Filling up the DagBag from /home/ironbong_jr/mlops/project/project/lib/python3.10/site-packages/airflow/example_dags/example_complex.py
[2024-03-12T21:29:21.384-0400] {processor.py:840} INFO - DAG(s) 'example_complex' retrieved from /home/ironbong_jr/mlops/project/project/lib/python3.10/site-packages/airflow/example_dags/example_complex.py
[2024-03-12T21:29:21.440-0400] {logging_mixin.py:188} INFO - [2024-03-12T21:29:21.440-0400] {dag.py:3047} INFO - Sync 1 DAGs
[2024-03-12T21:29:21.466-0400] {logging_mixin.py:188} INFO - [2024-03-12T21:29:21.465-0400] {dag.py:3834} INFO - Setting next_dagrun for example_complex to None, run_after=None
[2024-03-12T21:29:21.518-0400] {processor.py:183} INFO - Processing /home/ironbong_jr/mlops/project/project/lib/python3.10/site-packages/airflow/example_dags/example_complex.py took 0.220 seconds
[2024-03-12T21:30:50.658-0400] {processor.py:161} INFO - Started process (PID=409482) to work on /home/ironbong_jr/mlops/project/project/lib/python3.10/site-packages/airflow/example_dags/example_complex.py
[2024-03-12T21:30:50.710-0400] {processor.py:830} INFO - Processing file /home/ironbong_jr/mlops/project/project/lib/python3.10/site-packages/airflow/example_dags/example_complex.py for tasks to queue
[2024-03-12T21:30:50.716-0400] {logging_mixin.py:188} INFO - [2024-03-12T21:30:50.714-0400] {dagbag.py:540} INFO - Filling up the DagBag from /home/ironbong_jr/mlops/project/project/lib/python3.10/site-packages/airflow/example_dags/example_complex.py
[2024-03-12T21:30:50.745-0400] {processor.py:840} INFO - DAG(s) 'example_complex' retrieved from /home/ironbong_jr/mlops/project/project/lib/python3.10/site-packages/airflow/example_dags/example_complex.py
[2024-03-12T21:30:50.827-0400] {logging_mixin.py:188} INFO - [2024-03-12T21:30:50.826-0400] {dag.py:3047} INFO - Sync 1 DAGs
[2024-03-12T21:30:50.860-0400] {logging_mixin.py:188} INFO - [2024-03-12T21:30:50.859-0400] {dag.py:3834} INFO - Setting next_dagrun for example_complex to None, run_after=None
[2024-03-12T21:30:50.953-0400] {processor.py:183} INFO - Processing /home/ironbong_jr/mlops/project/project/lib/python3.10/site-packages/airflow/example_dags/example_complex.py took 0.304 seconds
[2024-03-12T21:32:29.311-0400] {processor.py:161} INFO - Started process (PID=409966) to work on /home/ironbong_jr/mlops/project/project/lib/python3.10/site-packages/airflow/example_dags/example_complex.py
[2024-03-12T21:32:29.362-0400] {processor.py:830} INFO - Processing file /home/ironbong_jr/mlops/project/project/lib/python3.10/site-packages/airflow/example_dags/example_complex.py for tasks to queue
[2024-03-12T21:32:29.365-0400] {logging_mixin.py:188} INFO - [2024-03-12T21:32:29.363-0400] {dagbag.py:540} INFO - Filling up the DagBag from /home/ironbong_jr/mlops/project/project/lib/python3.10/site-packages/airflow/example_dags/example_complex.py
[2024-03-12T21:32:29.390-0400] {processor.py:840} INFO - DAG(s) 'example_complex' retrieved from /home/ironbong_jr/mlops/project/project/lib/python3.10/site-packages/airflow/example_dags/example_complex.py
[2024-03-12T21:32:29.434-0400] {logging_mixin.py:188} INFO - [2024-03-12T21:32:29.433-0400] {dag.py:3047} INFO - Sync 1 DAGs
[2024-03-12T21:32:29.459-0400] {logging_mixin.py:188} INFO - [2024-03-12T21:32:29.458-0400] {dag.py:3834} INFO - Setting next_dagrun for example_complex to None, run_after=None
[2024-03-12T21:32:29.551-0400] {processor.py:183} INFO - Processing /home/ironbong_jr/mlops/project/project/lib/python3.10/site-packages/airflow/example_dags/example_complex.py took 0.245 seconds
[2024-03-12T21:34:09.491-0400] {processor.py:161} INFO - Started process (PID=410508) to work on /home/ironbong_jr/mlops/project/project/lib/python3.10/site-packages/airflow/example_dags/example_complex.py
[2024-03-12T21:34:09.494-0400] {processor.py:830} INFO - Processing file /home/ironbong_jr/mlops/project/project/lib/python3.10/site-packages/airflow/example_dags/example_complex.py for tasks to queue
[2024-03-12T21:34:09.497-0400] {logging_mixin.py:188} INFO - [2024-03-12T21:34:09.496-0400] {dagbag.py:540} INFO - Filling up the DagBag from /home/ironbong_jr/mlops/project/project/lib/python3.10/site-packages/airflow/example_dags/example_complex.py
[2024-03-12T21:34:09.520-0400] {processor.py:840} INFO - DAG(s) 'example_complex' retrieved from /home/ironbong_jr/mlops/project/project/lib/python3.10/site-packages/airflow/example_dags/example_complex.py
[2024-03-12T21:34:09.561-0400] {logging_mixin.py:188} INFO - [2024-03-12T21:34:09.561-0400] {dag.py:3047} INFO - Sync 1 DAGs
[2024-03-12T21:34:09.581-0400] {logging_mixin.py:188} INFO - [2024-03-12T21:34:09.580-0400] {dag.py:3834} INFO - Setting next_dagrun for example_complex to None, run_after=None
[2024-03-12T21:34:09.695-0400] {processor.py:183} INFO - Processing /home/ironbong_jr/mlops/project/project/lib/python3.10/site-packages/airflow/example_dags/example_complex.py took 0.214 seconds
[2024-03-12T23:25:57.527-0400] {processor.py:161} INFO - Started process (PID=417630) to work on /home/ironbong_jr/mlops/project/project/lib/python3.10/site-packages/airflow/example_dags/example_complex.py
[2024-03-12T23:25:57.578-0400] {processor.py:830} INFO - Processing file /home/ironbong_jr/mlops/project/project/lib/python3.10/site-packages/airflow/example_dags/example_complex.py for tasks to queue
[2024-03-12T23:25:57.581-0400] {logging_mixin.py:188} INFO - [2024-03-12T23:25:57.580-0400] {dagbag.py:540} INFO - Filling up the DagBag from /home/ironbong_jr/mlops/project/project/lib/python3.10/site-packages/airflow/example_dags/example_complex.py
[2024-03-12T23:25:57.607-0400] {processor.py:840} INFO - DAG(s) 'example_complex' retrieved from /home/ironbong_jr/mlops/project/project/lib/python3.10/site-packages/airflow/example_dags/example_complex.py
[2024-03-12T23:25:58.188-0400] {logging_mixin.py:188} INFO - [2024-03-12T23:25:58.187-0400] {dag.py:3047} INFO - Sync 1 DAGs
[2024-03-12T23:25:58.214-0400] {logging_mixin.py:188} INFO - [2024-03-12T23:25:58.214-0400] {dag.py:3834} INFO - Setting next_dagrun for example_complex to None, run_after=None
[2024-03-12T23:25:58.364-0400] {processor.py:183} INFO - Processing /home/ironbong_jr/mlops/project/project/lib/python3.10/site-packages/airflow/example_dags/example_complex.py took 0.844 seconds
[2024-03-12T23:29:18.790-0400] {processor.py:161} INFO - Started process (PID=418444) to work on /home/ironbong_jr/mlops/project/project/lib/python3.10/site-packages/airflow/example_dags/example_complex.py
[2024-03-12T23:29:18.835-0400] {processor.py:830} INFO - Processing file /home/ironbong_jr/mlops/project/project/lib/python3.10/site-packages/airflow/example_dags/example_complex.py for tasks to queue
[2024-03-12T23:29:18.838-0400] {logging_mixin.py:188} INFO - [2024-03-12T23:29:18.837-0400] {dagbag.py:540} INFO - Filling up the DagBag from /home/ironbong_jr/mlops/project/project/lib/python3.10/site-packages/airflow/example_dags/example_complex.py
[2024-03-12T23:29:18.858-0400] {processor.py:840} INFO - DAG(s) 'example_complex' retrieved from /home/ironbong_jr/mlops/project/project/lib/python3.10/site-packages/airflow/example_dags/example_complex.py
[2024-03-12T23:29:18.912-0400] {logging_mixin.py:188} INFO - [2024-03-12T23:29:18.911-0400] {dag.py:3047} INFO - Sync 1 DAGs
[2024-03-12T23:29:18.929-0400] {logging_mixin.py:188} INFO - [2024-03-12T23:29:18.928-0400] {dag.py:3834} INFO - Setting next_dagrun for example_complex to None, run_after=None
[2024-03-12T23:29:18.972-0400] {processor.py:183} INFO - Processing /home/ironbong_jr/mlops/project/project/lib/python3.10/site-packages/airflow/example_dags/example_complex.py took 0.188 seconds
[2024-03-12T23:30:40.856-0400] {processor.py:161} INFO - Started process (PID=418785) to work on /home/ironbong_jr/mlops/project/project/lib/python3.10/site-packages/airflow/example_dags/example_complex.py
[2024-03-12T23:30:40.906-0400] {processor.py:830} INFO - Processing file /home/ironbong_jr/mlops/project/project/lib/python3.10/site-packages/airflow/example_dags/example_complex.py for tasks to queue
[2024-03-12T23:30:40.909-0400] {logging_mixin.py:188} INFO - [2024-03-12T23:30:40.908-0400] {dagbag.py:540} INFO - Filling up the DagBag from /home/ironbong_jr/mlops/project/project/lib/python3.10/site-packages/airflow/example_dags/example_complex.py
[2024-03-12T23:30:40.932-0400] {processor.py:840} INFO - DAG(s) 'example_complex' retrieved from /home/ironbong_jr/mlops/project/project/lib/python3.10/site-packages/airflow/example_dags/example_complex.py
[2024-03-12T23:30:40.979-0400] {logging_mixin.py:188} INFO - [2024-03-12T23:30:40.978-0400] {dag.py:3047} INFO - Sync 1 DAGs
[2024-03-12T23:30:40.997-0400] {logging_mixin.py:188} INFO - [2024-03-12T23:30:40.997-0400] {dag.py:3834} INFO - Setting next_dagrun for example_complex to None, run_after=None
[2024-03-12T23:30:41.100-0400] {processor.py:183} INFO - Processing /home/ironbong_jr/mlops/project/project/lib/python3.10/site-packages/airflow/example_dags/example_complex.py took 0.250 seconds
[2024-03-12T23:40:22.543-0400] {processor.py:161} INFO - Started process (PID=420827) to work on /home/ironbong_jr/mlops/project/project/lib/python3.10/site-packages/airflow/example_dags/example_complex.py
[2024-03-12T23:40:22.547-0400] {processor.py:830} INFO - Processing file /home/ironbong_jr/mlops/project/project/lib/python3.10/site-packages/airflow/example_dags/example_complex.py for tasks to queue
[2024-03-12T23:40:22.551-0400] {logging_mixin.py:188} INFO - [2024-03-12T23:40:22.550-0400] {dagbag.py:540} INFO - Filling up the DagBag from /home/ironbong_jr/mlops/project/project/lib/python3.10/site-packages/airflow/example_dags/example_complex.py
[2024-03-12T23:40:22.574-0400] {processor.py:840} INFO - DAG(s) 'example_complex' retrieved from /home/ironbong_jr/mlops/project/project/lib/python3.10/site-packages/airflow/example_dags/example_complex.py
[2024-03-12T23:40:22.966-0400] {logging_mixin.py:188} INFO - [2024-03-12T23:40:22.965-0400] {dag.py:3047} INFO - Sync 1 DAGs
[2024-03-12T23:40:22.980-0400] {logging_mixin.py:188} INFO - [2024-03-12T23:40:22.979-0400] {dag.py:3834} INFO - Setting next_dagrun for example_complex to None, run_after=None
[2024-03-12T23:40:23.030-0400] {processor.py:183} INFO - Processing /home/ironbong_jr/mlops/project/project/lib/python3.10/site-packages/airflow/example_dags/example_complex.py took 0.494 seconds
[2024-03-12T23:43:29.769-0400] {processor.py:161} INFO - Started process (PID=421881) to work on /home/ironbong_jr/mlops/project/project/lib/python3.10/site-packages/airflow/example_dags/example_complex.py
[2024-03-12T23:43:29.820-0400] {processor.py:830} INFO - Processing file /home/ironbong_jr/mlops/project/project/lib/python3.10/site-packages/airflow/example_dags/example_complex.py for tasks to queue
[2024-03-12T23:43:29.823-0400] {logging_mixin.py:188} INFO - [2024-03-12T23:43:29.822-0400] {dagbag.py:540} INFO - Filling up the DagBag from /home/ironbong_jr/mlops/project/project/lib/python3.10/site-packages/airflow/example_dags/example_complex.py
[2024-03-12T23:43:29.840-0400] {processor.py:840} INFO - DAG(s) 'example_complex' retrieved from /home/ironbong_jr/mlops/project/project/lib/python3.10/site-packages/airflow/example_dags/example_complex.py
[2024-03-12T23:43:29.873-0400] {logging_mixin.py:188} INFO - [2024-03-12T23:43:29.873-0400] {dag.py:3047} INFO - Sync 1 DAGs
[2024-03-12T23:43:29.890-0400] {logging_mixin.py:188} INFO - [2024-03-12T23:43:29.890-0400] {dag.py:3834} INFO - Setting next_dagrun for example_complex to None, run_after=None
[2024-03-12T23:43:30.099-0400] {processor.py:183} INFO - Processing /home/ironbong_jr/mlops/project/project/lib/python3.10/site-packages/airflow/example_dags/example_complex.py took 0.343 seconds
[2024-03-12T23:45:19.261-0400] {processor.py:161} INFO - Started process (PID=422376) to work on /home/ironbong_jr/mlops/project/project/lib/python3.10/site-packages/airflow/example_dags/example_complex.py
[2024-03-12T23:45:19.307-0400] {processor.py:830} INFO - Processing file /home/ironbong_jr/mlops/project/project/lib/python3.10/site-packages/airflow/example_dags/example_complex.py for tasks to queue
[2024-03-12T23:45:19.309-0400] {logging_mixin.py:188} INFO - [2024-03-12T23:45:19.308-0400] {dagbag.py:540} INFO - Filling up the DagBag from /home/ironbong_jr/mlops/project/project/lib/python3.10/site-packages/airflow/example_dags/example_complex.py
[2024-03-12T23:45:19.327-0400] {processor.py:840} INFO - DAG(s) 'example_complex' retrieved from /home/ironbong_jr/mlops/project/project/lib/python3.10/site-packages/airflow/example_dags/example_complex.py
[2024-03-12T23:45:19.365-0400] {logging_mixin.py:188} INFO - [2024-03-12T23:45:19.365-0400] {dag.py:3047} INFO - Sync 1 DAGs
[2024-03-12T23:45:19.386-0400] {logging_mixin.py:188} INFO - [2024-03-12T23:45:19.386-0400] {dag.py:3834} INFO - Setting next_dagrun for example_complex to None, run_after=None
[2024-03-12T23:45:19.430-0400] {processor.py:183} INFO - Processing /home/ironbong_jr/mlops/project/project/lib/python3.10/site-packages/airflow/example_dags/example_complex.py took 0.182 seconds
[2024-03-12T23:46:56.938-0400] {processor.py:161} INFO - Started process (PID=422947) to work on /home/ironbong_jr/mlops/project/project/lib/python3.10/site-packages/airflow/example_dags/example_complex.py
[2024-03-12T23:46:56.941-0400] {processor.py:830} INFO - Processing file /home/ironbong_jr/mlops/project/project/lib/python3.10/site-packages/airflow/example_dags/example_complex.py for tasks to queue
[2024-03-12T23:46:56.944-0400] {logging_mixin.py:188} INFO - [2024-03-12T23:46:56.943-0400] {dagbag.py:540} INFO - Filling up the DagBag from /home/ironbong_jr/mlops/project/project/lib/python3.10/site-packages/airflow/example_dags/example_complex.py
[2024-03-12T23:46:56.973-0400] {processor.py:840} INFO - DAG(s) 'example_complex' retrieved from /home/ironbong_jr/mlops/project/project/lib/python3.10/site-packages/airflow/example_dags/example_complex.py
[2024-03-12T23:46:57.010-0400] {logging_mixin.py:188} INFO - [2024-03-12T23:46:57.010-0400] {dag.py:3047} INFO - Sync 1 DAGs
[2024-03-12T23:46:57.043-0400] {logging_mixin.py:188} INFO - [2024-03-12T23:46:57.042-0400] {dag.py:3834} INFO - Setting next_dagrun for example_complex to None, run_after=None
[2024-03-12T23:46:57.087-0400] {processor.py:183} INFO - Processing /home/ironbong_jr/mlops/project/project/lib/python3.10/site-packages/airflow/example_dags/example_complex.py took 0.154 seconds
[2024-03-12T23:48:11.733-0400] {processor.py:161} INFO - Started process (PID=423290) to work on /home/ironbong_jr/mlops/project/project/lib/python3.10/site-packages/airflow/example_dags/example_complex.py
[2024-03-12T23:48:11.786-0400] {processor.py:830} INFO - Processing file /home/ironbong_jr/mlops/project/project/lib/python3.10/site-packages/airflow/example_dags/example_complex.py for tasks to queue
[2024-03-12T23:48:11.788-0400] {logging_mixin.py:188} INFO - [2024-03-12T23:48:11.787-0400] {dagbag.py:540} INFO - Filling up the DagBag from /home/ironbong_jr/mlops/project/project/lib/python3.10/site-packages/airflow/example_dags/example_complex.py
[2024-03-12T23:48:11.813-0400] {processor.py:840} INFO - DAG(s) 'example_complex' retrieved from /home/ironbong_jr/mlops/project/project/lib/python3.10/site-packages/airflow/example_dags/example_complex.py
[2024-03-12T23:48:11.917-0400] {logging_mixin.py:188} INFO - [2024-03-12T23:48:11.916-0400] {dag.py:3047} INFO - Sync 1 DAGs
[2024-03-12T23:48:11.938-0400] {logging_mixin.py:188} INFO - [2024-03-12T23:48:11.937-0400] {dag.py:3834} INFO - Setting next_dagrun for example_complex to None, run_after=None
[2024-03-12T23:48:12.040-0400] {processor.py:183} INFO - Processing /home/ironbong_jr/mlops/project/project/lib/python3.10/site-packages/airflow/example_dags/example_complex.py took 0.315 seconds
[2024-03-12T23:49:39.586-0400] {processor.py:161} INFO - Started process (PID=423692) to work on /home/ironbong_jr/mlops/project/project/lib/python3.10/site-packages/airflow/example_dags/example_complex.py
[2024-03-12T23:49:39.637-0400] {processor.py:830} INFO - Processing file /home/ironbong_jr/mlops/project/project/lib/python3.10/site-packages/airflow/example_dags/example_complex.py for tasks to queue
[2024-03-12T23:49:39.640-0400] {logging_mixin.py:188} INFO - [2024-03-12T23:49:39.639-0400] {dagbag.py:540} INFO - Filling up the DagBag from /home/ironbong_jr/mlops/project/project/lib/python3.10/site-packages/airflow/example_dags/example_complex.py
[2024-03-12T23:49:39.659-0400] {processor.py:840} INFO - DAG(s) 'example_complex' retrieved from /home/ironbong_jr/mlops/project/project/lib/python3.10/site-packages/airflow/example_dags/example_complex.py
[2024-03-12T23:49:39.700-0400] {logging_mixin.py:188} INFO - [2024-03-12T23:49:39.700-0400] {dag.py:3047} INFO - Sync 1 DAGs
[2024-03-12T23:49:39.723-0400] {logging_mixin.py:188} INFO - [2024-03-12T23:49:39.723-0400] {dag.py:3834} INFO - Setting next_dagrun for example_complex to None, run_after=None
[2024-03-12T23:49:39.769-0400] {processor.py:183} INFO - Processing /home/ironbong_jr/mlops/project/project/lib/python3.10/site-packages/airflow/example_dags/example_complex.py took 0.192 seconds
[2024-03-12T23:51:05.520-0400] {processor.py:161} INFO - Started process (PID=424141) to work on /home/ironbong_jr/mlops/project/project/lib/python3.10/site-packages/airflow/example_dags/example_complex.py
[2024-03-12T23:51:05.571-0400] {processor.py:830} INFO - Processing file /home/ironbong_jr/mlops/project/project/lib/python3.10/site-packages/airflow/example_dags/example_complex.py for tasks to queue
[2024-03-12T23:51:05.574-0400] {logging_mixin.py:188} INFO - [2024-03-12T23:51:05.573-0400] {dagbag.py:540} INFO - Filling up the DagBag from /home/ironbong_jr/mlops/project/project/lib/python3.10/site-packages/airflow/example_dags/example_complex.py
[2024-03-12T23:51:05.598-0400] {processor.py:840} INFO - DAG(s) 'example_complex' retrieved from /home/ironbong_jr/mlops/project/project/lib/python3.10/site-packages/airflow/example_dags/example_complex.py
[2024-03-12T23:51:05.648-0400] {logging_mixin.py:188} INFO - [2024-03-12T23:51:05.647-0400] {dag.py:3047} INFO - Sync 1 DAGs
[2024-03-12T23:51:05.665-0400] {logging_mixin.py:188} INFO - [2024-03-12T23:51:05.665-0400] {dag.py:3834} INFO - Setting next_dagrun for example_complex to None, run_after=None
[2024-03-12T23:51:05.707-0400] {processor.py:183} INFO - Processing /home/ironbong_jr/mlops/project/project/lib/python3.10/site-packages/airflow/example_dags/example_complex.py took 0.192 seconds
[2024-03-12T23:52:32.649-0400] {processor.py:161} INFO - Started process (PID=424614) to work on /home/ironbong_jr/mlops/project/project/lib/python3.10/site-packages/airflow/example_dags/example_complex.py
[2024-03-12T23:52:32.699-0400] {processor.py:830} INFO - Processing file /home/ironbong_jr/mlops/project/project/lib/python3.10/site-packages/airflow/example_dags/example_complex.py for tasks to queue
[2024-03-12T23:52:32.701-0400] {logging_mixin.py:188} INFO - [2024-03-12T23:52:32.700-0400] {dagbag.py:540} INFO - Filling up the DagBag from /home/ironbong_jr/mlops/project/project/lib/python3.10/site-packages/airflow/example_dags/example_complex.py
[2024-03-12T23:52:32.718-0400] {processor.py:840} INFO - DAG(s) 'example_complex' retrieved from /home/ironbong_jr/mlops/project/project/lib/python3.10/site-packages/airflow/example_dags/example_complex.py
[2024-03-12T23:52:32.761-0400] {logging_mixin.py:188} INFO - [2024-03-12T23:52:32.761-0400] {dag.py:3047} INFO - Sync 1 DAGs
[2024-03-12T23:52:32.783-0400] {logging_mixin.py:188} INFO - [2024-03-12T23:52:32.783-0400] {dag.py:3834} INFO - Setting next_dagrun for example_complex to None, run_after=None
[2024-03-12T23:52:32.825-0400] {processor.py:183} INFO - Processing /home/ironbong_jr/mlops/project/project/lib/python3.10/site-packages/airflow/example_dags/example_complex.py took 0.182 seconds
[2024-03-12T23:54:07.036-0400] {processor.py:161} INFO - Started process (PID=425115) to work on /home/ironbong_jr/mlops/project/project/lib/python3.10/site-packages/airflow/example_dags/example_complex.py
[2024-03-12T23:54:07.088-0400] {processor.py:830} INFO - Processing file /home/ironbong_jr/mlops/project/project/lib/python3.10/site-packages/airflow/example_dags/example_complex.py for tasks to queue
[2024-03-12T23:54:07.090-0400] {logging_mixin.py:188} INFO - [2024-03-12T23:54:07.089-0400] {dagbag.py:540} INFO - Filling up the DagBag from /home/ironbong_jr/mlops/project/project/lib/python3.10/site-packages/airflow/example_dags/example_complex.py
[2024-03-12T23:54:07.109-0400] {processor.py:840} INFO - DAG(s) 'example_complex' retrieved from /home/ironbong_jr/mlops/project/project/lib/python3.10/site-packages/airflow/example_dags/example_complex.py
[2024-03-12T23:54:07.148-0400] {logging_mixin.py:188} INFO - [2024-03-12T23:54:07.148-0400] {dag.py:3047} INFO - Sync 1 DAGs
[2024-03-12T23:54:07.166-0400] {logging_mixin.py:188} INFO - [2024-03-12T23:54:07.166-0400] {dag.py:3834} INFO - Setting next_dagrun for example_complex to None, run_after=None
[2024-03-12T23:54:07.207-0400] {processor.py:183} INFO - Processing /home/ironbong_jr/mlops/project/project/lib/python3.10/site-packages/airflow/example_dags/example_complex.py took 0.179 seconds
[2024-03-12T23:55:45.422-0400] {processor.py:161} INFO - Started process (PID=425543) to work on /home/ironbong_jr/mlops/project/project/lib/python3.10/site-packages/airflow/example_dags/example_complex.py
[2024-03-12T23:55:45.475-0400] {processor.py:830} INFO - Processing file /home/ironbong_jr/mlops/project/project/lib/python3.10/site-packages/airflow/example_dags/example_complex.py for tasks to queue
[2024-03-12T23:55:45.478-0400] {logging_mixin.py:188} INFO - [2024-03-12T23:55:45.477-0400] {dagbag.py:540} INFO - Filling up the DagBag from /home/ironbong_jr/mlops/project/project/lib/python3.10/site-packages/airflow/example_dags/example_complex.py
[2024-03-12T23:55:45.495-0400] {processor.py:840} INFO - DAG(s) 'example_complex' retrieved from /home/ironbong_jr/mlops/project/project/lib/python3.10/site-packages/airflow/example_dags/example_complex.py
[2024-03-12T23:55:45.540-0400] {logging_mixin.py:188} INFO - [2024-03-12T23:55:45.539-0400] {dag.py:3047} INFO - Sync 1 DAGs
[2024-03-12T23:55:45.557-0400] {logging_mixin.py:188} INFO - [2024-03-12T23:55:45.556-0400] {dag.py:3834} INFO - Setting next_dagrun for example_complex to None, run_after=None
[2024-03-12T23:55:45.603-0400] {processor.py:183} INFO - Processing /home/ironbong_jr/mlops/project/project/lib/python3.10/site-packages/airflow/example_dags/example_complex.py took 0.188 seconds
[2024-03-13T00:28:53.123-0400] {processor.py:161} INFO - Started process (PID=432524) to work on /home/ironbong_jr/mlops/project/project/lib/python3.10/site-packages/airflow/example_dags/example_complex.py
[2024-03-13T00:28:53.173-0400] {processor.py:830} INFO - Processing file /home/ironbong_jr/mlops/project/project/lib/python3.10/site-packages/airflow/example_dags/example_complex.py for tasks to queue
[2024-03-13T00:28:53.175-0400] {logging_mixin.py:188} INFO - [2024-03-13T00:28:53.175-0400] {dagbag.py:540} INFO - Filling up the DagBag from /home/ironbong_jr/mlops/project/project/lib/python3.10/site-packages/airflow/example_dags/example_complex.py
[2024-03-13T00:28:53.195-0400] {processor.py:840} INFO - DAG(s) 'example_complex' retrieved from /home/ironbong_jr/mlops/project/project/lib/python3.10/site-packages/airflow/example_dags/example_complex.py
[2024-03-13T00:28:53.560-0400] {logging_mixin.py:188} INFO - [2024-03-13T00:28:53.559-0400] {dag.py:3047} INFO - Sync 1 DAGs
[2024-03-13T00:28:53.571-0400] {logging_mixin.py:188} INFO - [2024-03-13T00:28:53.570-0400] {dag.py:3834} INFO - Setting next_dagrun for example_complex to None, run_after=None
[2024-03-13T00:28:53.700-0400] {processor.py:183} INFO - Processing /home/ironbong_jr/mlops/project/project/lib/python3.10/site-packages/airflow/example_dags/example_complex.py took 0.583 seconds
[2024-03-13T00:31:15.823-0400] {processor.py:161} INFO - Started process (PID=433151) to work on /home/ironbong_jr/mlops/project/project/lib/python3.10/site-packages/airflow/example_dags/example_complex.py
[2024-03-13T00:31:15.877-0400] {processor.py:830} INFO - Processing file /home/ironbong_jr/mlops/project/project/lib/python3.10/site-packages/airflow/example_dags/example_complex.py for tasks to queue
[2024-03-13T00:31:15.879-0400] {logging_mixin.py:188} INFO - [2024-03-13T00:31:15.878-0400] {dagbag.py:540} INFO - Filling up the DagBag from /home/ironbong_jr/mlops/project/project/lib/python3.10/site-packages/airflow/example_dags/example_complex.py
[2024-03-13T00:31:15.895-0400] {processor.py:840} INFO - DAG(s) 'example_complex' retrieved from /home/ironbong_jr/mlops/project/project/lib/python3.10/site-packages/airflow/example_dags/example_complex.py
[2024-03-13T00:31:15.928-0400] {logging_mixin.py:188} INFO - [2024-03-13T00:31:15.927-0400] {dag.py:3047} INFO - Sync 1 DAGs
[2024-03-13T00:31:15.942-0400] {logging_mixin.py:188} INFO - [2024-03-13T00:31:15.942-0400] {dag.py:3834} INFO - Setting next_dagrun for example_complex to None, run_after=None
[2024-03-13T00:31:15.978-0400] {processor.py:183} INFO - Processing /home/ironbong_jr/mlops/project/project/lib/python3.10/site-packages/airflow/example_dags/example_complex.py took 0.161 seconds
[2024-03-13T00:35:37.104-0400] {processor.py:161} INFO - Started process (PID=434264) to work on /home/ironbong_jr/mlops/project/project/lib/python3.10/site-packages/airflow/example_dags/example_complex.py
[2024-03-13T00:35:37.158-0400] {processor.py:830} INFO - Processing file /home/ironbong_jr/mlops/project/project/lib/python3.10/site-packages/airflow/example_dags/example_complex.py for tasks to queue
[2024-03-13T00:35:37.162-0400] {logging_mixin.py:188} INFO - [2024-03-13T00:35:37.160-0400] {dagbag.py:540} INFO - Filling up the DagBag from /home/ironbong_jr/mlops/project/project/lib/python3.10/site-packages/airflow/example_dags/example_complex.py
[2024-03-13T00:35:37.179-0400] {processor.py:840} INFO - DAG(s) 'example_complex' retrieved from /home/ironbong_jr/mlops/project/project/lib/python3.10/site-packages/airflow/example_dags/example_complex.py
[2024-03-13T00:35:37.235-0400] {logging_mixin.py:188} INFO - [2024-03-13T00:35:37.235-0400] {dag.py:3047} INFO - Sync 1 DAGs
[2024-03-13T00:35:37.254-0400] {logging_mixin.py:188} INFO - [2024-03-13T00:35:37.253-0400] {dag.py:3834} INFO - Setting next_dagrun for example_complex to None, run_after=None
[2024-03-13T00:35:37.294-0400] {processor.py:183} INFO - Processing /home/ironbong_jr/mlops/project/project/lib/python3.10/site-packages/airflow/example_dags/example_complex.py took 0.195 seconds
[2024-03-13T00:36:52.845-0400] {processor.py:161} INFO - Started process (PID=434593) to work on /home/ironbong_jr/mlops/project/project/lib/python3.10/site-packages/airflow/example_dags/example_complex.py
[2024-03-13T00:36:52.895-0400] {processor.py:830} INFO - Processing file /home/ironbong_jr/mlops/project/project/lib/python3.10/site-packages/airflow/example_dags/example_complex.py for tasks to queue
[2024-03-13T00:36:52.897-0400] {logging_mixin.py:188} INFO - [2024-03-13T00:36:52.896-0400] {dagbag.py:540} INFO - Filling up the DagBag from /home/ironbong_jr/mlops/project/project/lib/python3.10/site-packages/airflow/example_dags/example_complex.py
[2024-03-13T00:36:52.918-0400] {processor.py:840} INFO - DAG(s) 'example_complex' retrieved from /home/ironbong_jr/mlops/project/project/lib/python3.10/site-packages/airflow/example_dags/example_complex.py
[2024-03-13T00:36:52.958-0400] {logging_mixin.py:188} INFO - [2024-03-13T00:36:52.957-0400] {dag.py:3047} INFO - Sync 1 DAGs
[2024-03-13T00:36:52.986-0400] {logging_mixin.py:188} INFO - [2024-03-13T00:36:52.985-0400] {dag.py:3834} INFO - Setting next_dagrun for example_complex to None, run_after=None
[2024-03-13T00:36:53.110-0400] {processor.py:183} INFO - Processing /home/ironbong_jr/mlops/project/project/lib/python3.10/site-packages/airflow/example_dags/example_complex.py took 0.271 seconds
[2024-03-13T00:39:02.838-0400] {processor.py:161} INFO - Started process (PID=435223) to work on /home/ironbong_jr/mlops/project/project/lib/python3.10/site-packages/airflow/example_dags/example_complex.py
[2024-03-13T00:39:02.842-0400] {processor.py:830} INFO - Processing file /home/ironbong_jr/mlops/project/project/lib/python3.10/site-packages/airflow/example_dags/example_complex.py for tasks to queue
[2024-03-13T00:39:02.844-0400] {logging_mixin.py:188} INFO - [2024-03-13T00:39:02.843-0400] {dagbag.py:540} INFO - Filling up the DagBag from /home/ironbong_jr/mlops/project/project/lib/python3.10/site-packages/airflow/example_dags/example_complex.py
[2024-03-13T00:39:02.864-0400] {processor.py:840} INFO - DAG(s) 'example_complex' retrieved from /home/ironbong_jr/mlops/project/project/lib/python3.10/site-packages/airflow/example_dags/example_complex.py
[2024-03-13T00:39:02.897-0400] {logging_mixin.py:188} INFO - [2024-03-13T00:39:02.896-0400] {dag.py:3047} INFO - Sync 1 DAGs
[2024-03-13T00:39:02.911-0400] {logging_mixin.py:188} INFO - [2024-03-13T00:39:02.911-0400] {dag.py:3834} INFO - Setting next_dagrun for example_complex to None, run_after=None
[2024-03-13T00:39:02.960-0400] {processor.py:183} INFO - Processing /home/ironbong_jr/mlops/project/project/lib/python3.10/site-packages/airflow/example_dags/example_complex.py took 0.127 seconds
[2024-03-13T00:40:39.855-0400] {processor.py:161} INFO - Started process (PID=435655) to work on /home/ironbong_jr/mlops/project/project/lib/python3.10/site-packages/airflow/example_dags/example_complex.py
[2024-03-13T00:40:39.902-0400] {processor.py:830} INFO - Processing file /home/ironbong_jr/mlops/project/project/lib/python3.10/site-packages/airflow/example_dags/example_complex.py for tasks to queue
[2024-03-13T00:40:39.908-0400] {logging_mixin.py:188} INFO - [2024-03-13T00:40:39.907-0400] {dagbag.py:540} INFO - Filling up the DagBag from /home/ironbong_jr/mlops/project/project/lib/python3.10/site-packages/airflow/example_dags/example_complex.py
[2024-03-13T00:40:39.923-0400] {processor.py:840} INFO - DAG(s) 'example_complex' retrieved from /home/ironbong_jr/mlops/project/project/lib/python3.10/site-packages/airflow/example_dags/example_complex.py
[2024-03-13T00:40:39.956-0400] {logging_mixin.py:188} INFO - [2024-03-13T00:40:39.956-0400] {dag.py:3047} INFO - Sync 1 DAGs
[2024-03-13T00:40:39.969-0400] {logging_mixin.py:188} INFO - [2024-03-13T00:40:39.969-0400] {dag.py:3834} INFO - Setting next_dagrun for example_complex to None, run_after=None
[2024-03-13T00:40:40.002-0400] {processor.py:183} INFO - Processing /home/ironbong_jr/mlops/project/project/lib/python3.10/site-packages/airflow/example_dags/example_complex.py took 0.151 seconds
[2024-03-13T00:43:55.078-0400] {processor.py:161} INFO - Started process (PID=436567) to work on /home/ironbong_jr/mlops/project/project/lib/python3.10/site-packages/airflow/example_dags/example_complex.py
[2024-03-13T00:43:55.126-0400] {processor.py:830} INFO - Processing file /home/ironbong_jr/mlops/project/project/lib/python3.10/site-packages/airflow/example_dags/example_complex.py for tasks to queue
[2024-03-13T00:43:55.128-0400] {logging_mixin.py:188} INFO - [2024-03-13T00:43:55.127-0400] {dagbag.py:540} INFO - Filling up the DagBag from /home/ironbong_jr/mlops/project/project/lib/python3.10/site-packages/airflow/example_dags/example_complex.py
[2024-03-13T00:43:55.145-0400] {processor.py:840} INFO - DAG(s) 'example_complex' retrieved from /home/ironbong_jr/mlops/project/project/lib/python3.10/site-packages/airflow/example_dags/example_complex.py
[2024-03-13T00:43:55.187-0400] {logging_mixin.py:188} INFO - [2024-03-13T00:43:55.187-0400] {dag.py:3047} INFO - Sync 1 DAGs
[2024-03-13T00:43:55.203-0400] {logging_mixin.py:188} INFO - [2024-03-13T00:43:55.202-0400] {dag.py:3834} INFO - Setting next_dagrun for example_complex to None, run_after=None
[2024-03-13T00:43:55.240-0400] {processor.py:183} INFO - Processing /home/ironbong_jr/mlops/project/project/lib/python3.10/site-packages/airflow/example_dags/example_complex.py took 0.166 seconds
[2024-03-13T00:45:15.099-0400] {processor.py:161} INFO - Started process (PID=436915) to work on /home/ironbong_jr/mlops/project/project/lib/python3.10/site-packages/airflow/example_dags/example_complex.py
[2024-03-13T00:45:15.149-0400] {processor.py:830} INFO - Processing file /home/ironbong_jr/mlops/project/project/lib/python3.10/site-packages/airflow/example_dags/example_complex.py for tasks to queue
[2024-03-13T00:45:15.151-0400] {logging_mixin.py:188} INFO - [2024-03-13T00:45:15.150-0400] {dagbag.py:540} INFO - Filling up the DagBag from /home/ironbong_jr/mlops/project/project/lib/python3.10/site-packages/airflow/example_dags/example_complex.py
[2024-03-13T00:45:15.169-0400] {processor.py:840} INFO - DAG(s) 'example_complex' retrieved from /home/ironbong_jr/mlops/project/project/lib/python3.10/site-packages/airflow/example_dags/example_complex.py
[2024-03-13T00:45:15.209-0400] {logging_mixin.py:188} INFO - [2024-03-13T00:45:15.209-0400] {dag.py:3047} INFO - Sync 1 DAGs
[2024-03-13T00:45:15.228-0400] {logging_mixin.py:188} INFO - [2024-03-13T00:45:15.228-0400] {dag.py:3834} INFO - Setting next_dagrun for example_complex to None, run_after=None
[2024-03-13T00:45:15.273-0400] {processor.py:183} INFO - Processing /home/ironbong_jr/mlops/project/project/lib/python3.10/site-packages/airflow/example_dags/example_complex.py took 0.180 seconds
[2024-03-13T15:49:03.878-0400] {processor.py:161} INFO - Started process (PID=453693) to work on /home/ironbong_jr/mlops/project/project/lib/python3.10/site-packages/airflow/example_dags/example_complex.py
[2024-03-13T15:49:03.882-0400] {processor.py:830} INFO - Processing file /home/ironbong_jr/mlops/project/project/lib/python3.10/site-packages/airflow/example_dags/example_complex.py for tasks to queue
[2024-03-13T15:49:03.883-0400] {logging_mixin.py:188} INFO - [2024-03-13T15:49:03.883-0400] {dagbag.py:540} INFO - Filling up the DagBag from /home/ironbong_jr/mlops/project/project/lib/python3.10/site-packages/airflow/example_dags/example_complex.py
[2024-03-13T15:49:03.891-0400] {processor.py:840} INFO - DAG(s) 'example_complex' retrieved from /home/ironbong_jr/mlops/project/project/lib/python3.10/site-packages/airflow/example_dags/example_complex.py
[2024-03-13T15:49:03.896-0400] {logging_mixin.py:188} INFO - [2024-03-13T15:49:03.896-0400] {dag.py:3047} INFO - Sync 1 DAGs
[2024-03-13T15:49:03.903-0400] {logging_mixin.py:188} INFO - [2024-03-13T15:49:03.903-0400] {dag.py:3834} INFO - Setting next_dagrun for example_complex to None, run_after=None
[2024-03-13T15:49:03.925-0400] {processor.py:183} INFO - Processing /home/ironbong_jr/mlops/project/project/lib/python3.10/site-packages/airflow/example_dags/example_complex.py took 0.049 seconds
[2024-03-13T15:50:04.334-0400] {processor.py:161} INFO - Started process (PID=454001) to work on /home/ironbong_jr/mlops/project/project/lib/python3.10/site-packages/airflow/example_dags/example_complex.py
[2024-03-13T15:50:04.336-0400] {processor.py:830} INFO - Processing file /home/ironbong_jr/mlops/project/project/lib/python3.10/site-packages/airflow/example_dags/example_complex.py for tasks to queue
[2024-03-13T15:50:04.337-0400] {logging_mixin.py:188} INFO - [2024-03-13T15:50:04.336-0400] {dagbag.py:540} INFO - Filling up the DagBag from /home/ironbong_jr/mlops/project/project/lib/python3.10/site-packages/airflow/example_dags/example_complex.py
[2024-03-13T15:50:04.343-0400] {processor.py:840} INFO - DAG(s) 'example_complex' retrieved from /home/ironbong_jr/mlops/project/project/lib/python3.10/site-packages/airflow/example_dags/example_complex.py
[2024-03-13T15:50:04.458-0400] {logging_mixin.py:188} INFO - [2024-03-13T15:50:04.458-0400] {dag.py:3047} INFO - Sync 1 DAGs
[2024-03-13T15:50:04.463-0400] {logging_mixin.py:188} INFO - [2024-03-13T15:50:04.463-0400] {dag.py:3834} INFO - Setting next_dagrun for example_complex to None, run_after=None
[2024-03-13T15:50:04.486-0400] {processor.py:183} INFO - Processing /home/ironbong_jr/mlops/project/project/lib/python3.10/site-packages/airflow/example_dags/example_complex.py took 0.154 seconds
[2024-03-13T15:51:14.926-0400] {processor.py:161} INFO - Started process (PID=454430) to work on /home/ironbong_jr/mlops/project/project/lib/python3.10/site-packages/airflow/example_dags/example_complex.py
[2024-03-13T15:51:14.931-0400] {processor.py:830} INFO - Processing file /home/ironbong_jr/mlops/project/project/lib/python3.10/site-packages/airflow/example_dags/example_complex.py for tasks to queue
[2024-03-13T15:51:14.932-0400] {logging_mixin.py:188} INFO - [2024-03-13T15:51:14.931-0400] {dagbag.py:540} INFO - Filling up the DagBag from /home/ironbong_jr/mlops/project/project/lib/python3.10/site-packages/airflow/example_dags/example_complex.py
[2024-03-13T15:51:14.938-0400] {processor.py:840} INFO - DAG(s) 'example_complex' retrieved from /home/ironbong_jr/mlops/project/project/lib/python3.10/site-packages/airflow/example_dags/example_complex.py
[2024-03-13T15:51:15.015-0400] {logging_mixin.py:188} INFO - [2024-03-13T15:51:15.015-0400] {dag.py:3047} INFO - Sync 1 DAGs
[2024-03-13T15:51:15.020-0400] {logging_mixin.py:188} INFO - [2024-03-13T15:51:15.020-0400] {dag.py:3834} INFO - Setting next_dagrun for example_complex to None, run_after=None
[2024-03-13T15:51:15.040-0400] {processor.py:183} INFO - Processing /home/ironbong_jr/mlops/project/project/lib/python3.10/site-packages/airflow/example_dags/example_complex.py took 0.116 seconds
[2024-03-13T15:52:09.698-0400] {processor.py:161} INFO - Started process (PID=454720) to work on /home/ironbong_jr/mlops/project/project/lib/python3.10/site-packages/airflow/example_dags/example_complex.py
[2024-03-13T15:52:09.699-0400] {processor.py:830} INFO - Processing file /home/ironbong_jr/mlops/project/project/lib/python3.10/site-packages/airflow/example_dags/example_complex.py for tasks to queue
[2024-03-13T15:52:09.700-0400] {logging_mixin.py:188} INFO - [2024-03-13T15:52:09.700-0400] {dagbag.py:540} INFO - Filling up the DagBag from /home/ironbong_jr/mlops/project/project/lib/python3.10/site-packages/airflow/example_dags/example_complex.py
[2024-03-13T15:52:09.711-0400] {processor.py:840} INFO - DAG(s) 'example_complex' retrieved from /home/ironbong_jr/mlops/project/project/lib/python3.10/site-packages/airflow/example_dags/example_complex.py
[2024-03-13T15:52:09.730-0400] {logging_mixin.py:188} INFO - [2024-03-13T15:52:09.730-0400] {dag.py:3047} INFO - Sync 1 DAGs
[2024-03-13T15:52:09.739-0400] {logging_mixin.py:188} INFO - [2024-03-13T15:52:09.739-0400] {dag.py:3834} INFO - Setting next_dagrun for example_complex to None, run_after=None
[2024-03-13T15:52:09.764-0400] {processor.py:183} INFO - Processing /home/ironbong_jr/mlops/project/project/lib/python3.10/site-packages/airflow/example_dags/example_complex.py took 0.070 seconds
[2024-03-13T15:53:02.514-0400] {processor.py:161} INFO - Started process (PID=454994) to work on /home/ironbong_jr/mlops/project/project/lib/python3.10/site-packages/airflow/example_dags/example_complex.py
[2024-03-13T15:53:02.519-0400] {processor.py:830} INFO - Processing file /home/ironbong_jr/mlops/project/project/lib/python3.10/site-packages/airflow/example_dags/example_complex.py for tasks to queue
[2024-03-13T15:53:02.519-0400] {logging_mixin.py:188} INFO - [2024-03-13T15:53:02.519-0400] {dagbag.py:540} INFO - Filling up the DagBag from /home/ironbong_jr/mlops/project/project/lib/python3.10/site-packages/airflow/example_dags/example_complex.py
[2024-03-13T15:53:02.525-0400] {processor.py:840} INFO - DAG(s) 'example_complex' retrieved from /home/ironbong_jr/mlops/project/project/lib/python3.10/site-packages/airflow/example_dags/example_complex.py
[2024-03-13T15:53:02.538-0400] {logging_mixin.py:188} INFO - [2024-03-13T15:53:02.538-0400] {dag.py:3047} INFO - Sync 1 DAGs
[2024-03-13T15:53:02.545-0400] {logging_mixin.py:188} INFO - [2024-03-13T15:53:02.545-0400] {dag.py:3834} INFO - Setting next_dagrun for example_complex to None, run_after=None
[2024-03-13T15:53:02.566-0400] {processor.py:183} INFO - Processing /home/ironbong_jr/mlops/project/project/lib/python3.10/site-packages/airflow/example_dags/example_complex.py took 0.054 seconds
[2024-03-13T15:53:56.901-0400] {processor.py:161} INFO - Started process (PID=455263) to work on /home/ironbong_jr/mlops/project/project/lib/python3.10/site-packages/airflow/example_dags/example_complex.py
[2024-03-13T15:53:56.904-0400] {processor.py:830} INFO - Processing file /home/ironbong_jr/mlops/project/project/lib/python3.10/site-packages/airflow/example_dags/example_complex.py for tasks to queue
[2024-03-13T15:53:56.905-0400] {logging_mixin.py:188} INFO - [2024-03-13T15:53:56.905-0400] {dagbag.py:540} INFO - Filling up the DagBag from /home/ironbong_jr/mlops/project/project/lib/python3.10/site-packages/airflow/example_dags/example_complex.py
[2024-03-13T15:53:56.911-0400] {processor.py:840} INFO - DAG(s) 'example_complex' retrieved from /home/ironbong_jr/mlops/project/project/lib/python3.10/site-packages/airflow/example_dags/example_complex.py
[2024-03-13T15:53:56.924-0400] {logging_mixin.py:188} INFO - [2024-03-13T15:53:56.924-0400] {dag.py:3047} INFO - Sync 1 DAGs
[2024-03-13T15:53:56.931-0400] {logging_mixin.py:188} INFO - [2024-03-13T15:53:56.931-0400] {dag.py:3834} INFO - Setting next_dagrun for example_complex to None, run_after=None
[2024-03-13T15:53:56.954-0400] {processor.py:183} INFO - Processing /home/ironbong_jr/mlops/project/project/lib/python3.10/site-packages/airflow/example_dags/example_complex.py took 0.055 seconds
[2024-03-13T15:54:50.266-0400] {processor.py:161} INFO - Started process (PID=455528) to work on /home/ironbong_jr/mlops/project/project/lib/python3.10/site-packages/airflow/example_dags/example_complex.py
[2024-03-13T15:54:50.270-0400] {processor.py:830} INFO - Processing file /home/ironbong_jr/mlops/project/project/lib/python3.10/site-packages/airflow/example_dags/example_complex.py for tasks to queue
[2024-03-13T15:54:50.270-0400] {logging_mixin.py:188} INFO - [2024-03-13T15:54:50.270-0400] {dagbag.py:540} INFO - Filling up the DagBag from /home/ironbong_jr/mlops/project/project/lib/python3.10/site-packages/airflow/example_dags/example_complex.py
[2024-03-13T15:54:50.278-0400] {processor.py:840} INFO - DAG(s) 'example_complex' retrieved from /home/ironbong_jr/mlops/project/project/lib/python3.10/site-packages/airflow/example_dags/example_complex.py
[2024-03-13T15:54:50.292-0400] {logging_mixin.py:188} INFO - [2024-03-13T15:54:50.292-0400] {dag.py:3047} INFO - Sync 1 DAGs
[2024-03-13T15:54:50.298-0400] {logging_mixin.py:188} INFO - [2024-03-13T15:54:50.298-0400] {dag.py:3834} INFO - Setting next_dagrun for example_complex to None, run_after=None
[2024-03-13T15:54:50.319-0400] {processor.py:183} INFO - Processing /home/ironbong_jr/mlops/project/project/lib/python3.10/site-packages/airflow/example_dags/example_complex.py took 0.055 seconds
[2024-03-13T15:55:41.862-0400] {processor.py:161} INFO - Started process (PID=455795) to work on /home/ironbong_jr/mlops/project/project/lib/python3.10/site-packages/airflow/example_dags/example_complex.py
[2024-03-13T15:55:41.863-0400] {processor.py:830} INFO - Processing file /home/ironbong_jr/mlops/project/project/lib/python3.10/site-packages/airflow/example_dags/example_complex.py for tasks to queue
[2024-03-13T15:55:41.864-0400] {logging_mixin.py:188} INFO - [2024-03-13T15:55:41.864-0400] {dagbag.py:540} INFO - Filling up the DagBag from /home/ironbong_jr/mlops/project/project/lib/python3.10/site-packages/airflow/example_dags/example_complex.py
[2024-03-13T15:55:41.870-0400] {processor.py:840} INFO - DAG(s) 'example_complex' retrieved from /home/ironbong_jr/mlops/project/project/lib/python3.10/site-packages/airflow/example_dags/example_complex.py
[2024-03-13T15:55:41.883-0400] {logging_mixin.py:188} INFO - [2024-03-13T15:55:41.883-0400] {dag.py:3047} INFO - Sync 1 DAGs
[2024-03-13T15:55:41.890-0400] {logging_mixin.py:188} INFO - [2024-03-13T15:55:41.890-0400] {dag.py:3834} INFO - Setting next_dagrun for example_complex to None, run_after=None
[2024-03-13T15:55:41.910-0400] {processor.py:183} INFO - Processing /home/ironbong_jr/mlops/project/project/lib/python3.10/site-packages/airflow/example_dags/example_complex.py took 0.051 seconds
[2024-03-13T15:56:31.887-0400] {processor.py:161} INFO - Started process (PID=456048) to work on /home/ironbong_jr/mlops/project/project/lib/python3.10/site-packages/airflow/example_dags/example_complex.py
[2024-03-13T15:56:31.888-0400] {processor.py:830} INFO - Processing file /home/ironbong_jr/mlops/project/project/lib/python3.10/site-packages/airflow/example_dags/example_complex.py for tasks to queue
[2024-03-13T15:56:31.889-0400] {logging_mixin.py:188} INFO - [2024-03-13T15:56:31.889-0400] {dagbag.py:540} INFO - Filling up the DagBag from /home/ironbong_jr/mlops/project/project/lib/python3.10/site-packages/airflow/example_dags/example_complex.py
[2024-03-13T15:56:31.897-0400] {processor.py:840} INFO - DAG(s) 'example_complex' retrieved from /home/ironbong_jr/mlops/project/project/lib/python3.10/site-packages/airflow/example_dags/example_complex.py
[2024-03-13T15:56:31.915-0400] {logging_mixin.py:188} INFO - [2024-03-13T15:56:31.915-0400] {dag.py:3047} INFO - Sync 1 DAGs
[2024-03-13T15:56:31.924-0400] {logging_mixin.py:188} INFO - [2024-03-13T15:56:31.924-0400] {dag.py:3834} INFO - Setting next_dagrun for example_complex to None, run_after=None
[2024-03-13T15:56:31.952-0400] {processor.py:183} INFO - Processing /home/ironbong_jr/mlops/project/project/lib/python3.10/site-packages/airflow/example_dags/example_complex.py took 0.068 seconds
[2024-03-13T15:57:21.201-0400] {processor.py:161} INFO - Started process (PID=456301) to work on /home/ironbong_jr/mlops/project/project/lib/python3.10/site-packages/airflow/example_dags/example_complex.py
[2024-03-13T15:57:21.204-0400] {processor.py:830} INFO - Processing file /home/ironbong_jr/mlops/project/project/lib/python3.10/site-packages/airflow/example_dags/example_complex.py for tasks to queue
[2024-03-13T15:57:21.205-0400] {logging_mixin.py:188} INFO - [2024-03-13T15:57:21.205-0400] {dagbag.py:540} INFO - Filling up the DagBag from /home/ironbong_jr/mlops/project/project/lib/python3.10/site-packages/airflow/example_dags/example_complex.py
[2024-03-13T15:57:21.212-0400] {processor.py:840} INFO - DAG(s) 'example_complex' retrieved from /home/ironbong_jr/mlops/project/project/lib/python3.10/site-packages/airflow/example_dags/example_complex.py
[2024-03-13T15:57:21.229-0400] {logging_mixin.py:188} INFO - [2024-03-13T15:57:21.228-0400] {dag.py:3047} INFO - Sync 1 DAGs
[2024-03-13T15:57:21.238-0400] {logging_mixin.py:188} INFO - [2024-03-13T15:57:21.238-0400] {dag.py:3834} INFO - Setting next_dagrun for example_complex to None, run_after=None
[2024-03-13T15:57:21.268-0400] {processor.py:183} INFO - Processing /home/ironbong_jr/mlops/project/project/lib/python3.10/site-packages/airflow/example_dags/example_complex.py took 0.069 seconds
[2024-03-13T15:58:13.600-0400] {processor.py:161} INFO - Started process (PID=456622) to work on /home/ironbong_jr/mlops/project/project/lib/python3.10/site-packages/airflow/example_dags/example_complex.py
[2024-03-13T15:58:13.602-0400] {processor.py:830} INFO - Processing file /home/ironbong_jr/mlops/project/project/lib/python3.10/site-packages/airflow/example_dags/example_complex.py for tasks to queue
[2024-03-13T15:58:13.603-0400] {logging_mixin.py:188} INFO - [2024-03-13T15:58:13.602-0400] {dagbag.py:540} INFO - Filling up the DagBag from /home/ironbong_jr/mlops/project/project/lib/python3.10/site-packages/airflow/example_dags/example_complex.py
[2024-03-13T15:58:13.613-0400] {processor.py:840} INFO - DAG(s) 'example_complex' retrieved from /home/ironbong_jr/mlops/project/project/lib/python3.10/site-packages/airflow/example_dags/example_complex.py
[2024-03-13T15:58:13.630-0400] {logging_mixin.py:188} INFO - [2024-03-13T15:58:13.630-0400] {dag.py:3047} INFO - Sync 1 DAGs
[2024-03-13T15:58:13.638-0400] {logging_mixin.py:188} INFO - [2024-03-13T15:58:13.638-0400] {dag.py:3834} INFO - Setting next_dagrun for example_complex to None, run_after=None
[2024-03-13T15:58:13.659-0400] {processor.py:183} INFO - Processing /home/ironbong_jr/mlops/project/project/lib/python3.10/site-packages/airflow/example_dags/example_complex.py took 0.061 seconds
[2024-03-13T15:59:04.955-0400] {processor.py:161} INFO - Started process (PID=456865) to work on /home/ironbong_jr/mlops/project/project/lib/python3.10/site-packages/airflow/example_dags/example_complex.py
[2024-03-13T15:59:04.958-0400] {processor.py:830} INFO - Processing file /home/ironbong_jr/mlops/project/project/lib/python3.10/site-packages/airflow/example_dags/example_complex.py for tasks to queue
[2024-03-13T15:59:04.960-0400] {logging_mixin.py:188} INFO - [2024-03-13T15:59:04.960-0400] {dagbag.py:540} INFO - Filling up the DagBag from /home/ironbong_jr/mlops/project/project/lib/python3.10/site-packages/airflow/example_dags/example_complex.py
[2024-03-13T15:59:04.967-0400] {processor.py:840} INFO - DAG(s) 'example_complex' retrieved from /home/ironbong_jr/mlops/project/project/lib/python3.10/site-packages/airflow/example_dags/example_complex.py
[2024-03-13T15:59:04.982-0400] {logging_mixin.py:188} INFO - [2024-03-13T15:59:04.982-0400] {dag.py:3047} INFO - Sync 1 DAGs
[2024-03-13T15:59:04.989-0400] {logging_mixin.py:188} INFO - [2024-03-13T15:59:04.989-0400] {dag.py:3834} INFO - Setting next_dagrun for example_complex to None, run_after=None
[2024-03-13T15:59:05.013-0400] {processor.py:183} INFO - Processing /home/ironbong_jr/mlops/project/project/lib/python3.10/site-packages/airflow/example_dags/example_complex.py took 0.061 seconds
[2024-03-13T15:59:55.801-0400] {processor.py:161} INFO - Started process (PID=457115) to work on /home/ironbong_jr/mlops/project/project/lib/python3.10/site-packages/airflow/example_dags/example_complex.py
[2024-03-13T15:59:55.804-0400] {processor.py:830} INFO - Processing file /home/ironbong_jr/mlops/project/project/lib/python3.10/site-packages/airflow/example_dags/example_complex.py for tasks to queue
[2024-03-13T15:59:55.805-0400] {logging_mixin.py:188} INFO - [2024-03-13T15:59:55.805-0400] {dagbag.py:540} INFO - Filling up the DagBag from /home/ironbong_jr/mlops/project/project/lib/python3.10/site-packages/airflow/example_dags/example_complex.py
[2024-03-13T15:59:55.811-0400] {processor.py:840} INFO - DAG(s) 'example_complex' retrieved from /home/ironbong_jr/mlops/project/project/lib/python3.10/site-packages/airflow/example_dags/example_complex.py
[2024-03-13T15:59:55.824-0400] {logging_mixin.py:188} INFO - [2024-03-13T15:59:55.824-0400] {dag.py:3047} INFO - Sync 1 DAGs
[2024-03-13T15:59:55.831-0400] {logging_mixin.py:188} INFO - [2024-03-13T15:59:55.830-0400] {dag.py:3834} INFO - Setting next_dagrun for example_complex to None, run_after=None
[2024-03-13T15:59:55.852-0400] {processor.py:183} INFO - Processing /home/ironbong_jr/mlops/project/project/lib/python3.10/site-packages/airflow/example_dags/example_complex.py took 0.053 seconds
[2024-03-13T16:00:46.504-0400] {processor.py:161} INFO - Started process (PID=457371) to work on /home/ironbong_jr/mlops/project/project/lib/python3.10/site-packages/airflow/example_dags/example_complex.py
[2024-03-13T16:00:46.508-0400] {processor.py:830} INFO - Processing file /home/ironbong_jr/mlops/project/project/lib/python3.10/site-packages/airflow/example_dags/example_complex.py for tasks to queue
[2024-03-13T16:00:46.509-0400] {logging_mixin.py:188} INFO - [2024-03-13T16:00:46.509-0400] {dagbag.py:540} INFO - Filling up the DagBag from /home/ironbong_jr/mlops/project/project/lib/python3.10/site-packages/airflow/example_dags/example_complex.py
[2024-03-13T16:00:46.516-0400] {processor.py:840} INFO - DAG(s) 'example_complex' retrieved from /home/ironbong_jr/mlops/project/project/lib/python3.10/site-packages/airflow/example_dags/example_complex.py
[2024-03-13T16:00:46.530-0400] {logging_mixin.py:188} INFO - [2024-03-13T16:00:46.530-0400] {dag.py:3047} INFO - Sync 1 DAGs
[2024-03-13T16:00:46.536-0400] {logging_mixin.py:188} INFO - [2024-03-13T16:00:46.536-0400] {dag.py:3834} INFO - Setting next_dagrun for example_complex to None, run_after=None
[2024-03-13T16:00:46.568-0400] {processor.py:183} INFO - Processing /home/ironbong_jr/mlops/project/project/lib/python3.10/site-packages/airflow/example_dags/example_complex.py took 0.065 seconds
[2024-03-13T16:01:37.352-0400] {processor.py:161} INFO - Started process (PID=457635) to work on /home/ironbong_jr/mlops/project/project/lib/python3.10/site-packages/airflow/example_dags/example_complex.py
[2024-03-13T16:01:37.353-0400] {processor.py:830} INFO - Processing file /home/ironbong_jr/mlops/project/project/lib/python3.10/site-packages/airflow/example_dags/example_complex.py for tasks to queue
[2024-03-13T16:01:37.354-0400] {logging_mixin.py:188} INFO - [2024-03-13T16:01:37.354-0400] {dagbag.py:540} INFO - Filling up the DagBag from /home/ironbong_jr/mlops/project/project/lib/python3.10/site-packages/airflow/example_dags/example_complex.py
[2024-03-13T16:01:37.361-0400] {processor.py:840} INFO - DAG(s) 'example_complex' retrieved from /home/ironbong_jr/mlops/project/project/lib/python3.10/site-packages/airflow/example_dags/example_complex.py
[2024-03-13T16:01:37.375-0400] {logging_mixin.py:188} INFO - [2024-03-13T16:01:37.375-0400] {dag.py:3047} INFO - Sync 1 DAGs
[2024-03-13T16:01:37.382-0400] {logging_mixin.py:188} INFO - [2024-03-13T16:01:37.381-0400] {dag.py:3834} INFO - Setting next_dagrun for example_complex to None, run_after=None
[2024-03-13T16:01:37.404-0400] {processor.py:183} INFO - Processing /home/ironbong_jr/mlops/project/project/lib/python3.10/site-packages/airflow/example_dags/example_complex.py took 0.055 seconds
[2024-03-13T16:02:27.851-0400] {processor.py:161} INFO - Started process (PID=457905) to work on /home/ironbong_jr/mlops/project/project/lib/python3.10/site-packages/airflow/example_dags/example_complex.py
[2024-03-13T16:02:27.857-0400] {processor.py:830} INFO - Processing file /home/ironbong_jr/mlops/project/project/lib/python3.10/site-packages/airflow/example_dags/example_complex.py for tasks to queue
[2024-03-13T16:02:27.858-0400] {logging_mixin.py:188} INFO - [2024-03-13T16:02:27.858-0400] {dagbag.py:540} INFO - Filling up the DagBag from /home/ironbong_jr/mlops/project/project/lib/python3.10/site-packages/airflow/example_dags/example_complex.py
[2024-03-13T16:02:27.866-0400] {processor.py:840} INFO - DAG(s) 'example_complex' retrieved from /home/ironbong_jr/mlops/project/project/lib/python3.10/site-packages/airflow/example_dags/example_complex.py
[2024-03-13T16:02:27.882-0400] {logging_mixin.py:188} INFO - [2024-03-13T16:02:27.881-0400] {dag.py:3047} INFO - Sync 1 DAGs
[2024-03-13T16:02:27.889-0400] {logging_mixin.py:188} INFO - [2024-03-13T16:02:27.889-0400] {dag.py:3834} INFO - Setting next_dagrun for example_complex to None, run_after=None
[2024-03-13T16:02:27.912-0400] {processor.py:183} INFO - Processing /home/ironbong_jr/mlops/project/project/lib/python3.10/site-packages/airflow/example_dags/example_complex.py took 0.064 seconds
[2024-03-13T16:03:18.427-0400] {processor.py:161} INFO - Started process (PID=458172) to work on /home/ironbong_jr/mlops/project/project/lib/python3.10/site-packages/airflow/example_dags/example_complex.py
[2024-03-13T16:03:18.430-0400] {processor.py:830} INFO - Processing file /home/ironbong_jr/mlops/project/project/lib/python3.10/site-packages/airflow/example_dags/example_complex.py for tasks to queue
[2024-03-13T16:03:18.431-0400] {logging_mixin.py:188} INFO - [2024-03-13T16:03:18.431-0400] {dagbag.py:540} INFO - Filling up the DagBag from /home/ironbong_jr/mlops/project/project/lib/python3.10/site-packages/airflow/example_dags/example_complex.py
[2024-03-13T16:03:18.437-0400] {processor.py:840} INFO - DAG(s) 'example_complex' retrieved from /home/ironbong_jr/mlops/project/project/lib/python3.10/site-packages/airflow/example_dags/example_complex.py
[2024-03-13T16:03:18.451-0400] {logging_mixin.py:188} INFO - [2024-03-13T16:03:18.450-0400] {dag.py:3047} INFO - Sync 1 DAGs
[2024-03-13T16:03:18.457-0400] {logging_mixin.py:188} INFO - [2024-03-13T16:03:18.457-0400] {dag.py:3834} INFO - Setting next_dagrun for example_complex to None, run_after=None
[2024-03-13T16:03:18.479-0400] {processor.py:183} INFO - Processing /home/ironbong_jr/mlops/project/project/lib/python3.10/site-packages/airflow/example_dags/example_complex.py took 0.054 seconds
[2024-03-13T16:04:24.034-0400] {processor.py:161} INFO - Started process (PID=458581) to work on /home/ironbong_jr/mlops/project/project/lib/python3.10/site-packages/airflow/example_dags/example_complex.py
[2024-03-13T16:04:24.038-0400] {processor.py:830} INFO - Processing file /home/ironbong_jr/mlops/project/project/lib/python3.10/site-packages/airflow/example_dags/example_complex.py for tasks to queue
[2024-03-13T16:04:24.039-0400] {logging_mixin.py:188} INFO - [2024-03-13T16:04:24.039-0400] {dagbag.py:540} INFO - Filling up the DagBag from /home/ironbong_jr/mlops/project/project/lib/python3.10/site-packages/airflow/example_dags/example_complex.py
[2024-03-13T16:04:24.047-0400] {processor.py:840} INFO - DAG(s) 'example_complex' retrieved from /home/ironbong_jr/mlops/project/project/lib/python3.10/site-packages/airflow/example_dags/example_complex.py
[2024-03-13T16:04:24.065-0400] {logging_mixin.py:188} INFO - [2024-03-13T16:04:24.065-0400] {dag.py:3047} INFO - Sync 1 DAGs
[2024-03-13T16:04:24.073-0400] {logging_mixin.py:188} INFO - [2024-03-13T16:04:24.073-0400] {dag.py:3834} INFO - Setting next_dagrun for example_complex to None, run_after=None
[2024-03-13T16:04:24.095-0400] {processor.py:183} INFO - Processing /home/ironbong_jr/mlops/project/project/lib/python3.10/site-packages/airflow/example_dags/example_complex.py took 0.063 seconds
[2024-03-13T16:05:18.462-0400] {processor.py:161} INFO - Started process (PID=458861) to work on /home/ironbong_jr/mlops/project/project/lib/python3.10/site-packages/airflow/example_dags/example_complex.py
[2024-03-13T16:05:18.465-0400] {processor.py:830} INFO - Processing file /home/ironbong_jr/mlops/project/project/lib/python3.10/site-packages/airflow/example_dags/example_complex.py for tasks to queue
[2024-03-13T16:05:18.466-0400] {logging_mixin.py:188} INFO - [2024-03-13T16:05:18.466-0400] {dagbag.py:540} INFO - Filling up the DagBag from /home/ironbong_jr/mlops/project/project/lib/python3.10/site-packages/airflow/example_dags/example_complex.py
[2024-03-13T16:05:18.473-0400] {processor.py:840} INFO - DAG(s) 'example_complex' retrieved from /home/ironbong_jr/mlops/project/project/lib/python3.10/site-packages/airflow/example_dags/example_complex.py
[2024-03-13T16:05:18.489-0400] {logging_mixin.py:188} INFO - [2024-03-13T16:05:18.488-0400] {dag.py:3047} INFO - Sync 1 DAGs
[2024-03-13T16:05:18.495-0400] {logging_mixin.py:188} INFO - [2024-03-13T16:05:18.495-0400] {dag.py:3834} INFO - Setting next_dagrun for example_complex to None, run_after=None
[2024-03-13T16:05:18.519-0400] {processor.py:183} INFO - Processing /home/ironbong_jr/mlops/project/project/lib/python3.10/site-packages/airflow/example_dags/example_complex.py took 0.059 seconds
[2024-03-13T16:06:09.403-0400] {processor.py:161} INFO - Started process (PID=459115) to work on /home/ironbong_jr/mlops/project/project/lib/python3.10/site-packages/airflow/example_dags/example_complex.py
[2024-03-13T16:06:09.406-0400] {processor.py:830} INFO - Processing file /home/ironbong_jr/mlops/project/project/lib/python3.10/site-packages/airflow/example_dags/example_complex.py for tasks to queue
[2024-03-13T16:06:09.407-0400] {logging_mixin.py:188} INFO - [2024-03-13T16:06:09.407-0400] {dagbag.py:540} INFO - Filling up the DagBag from /home/ironbong_jr/mlops/project/project/lib/python3.10/site-packages/airflow/example_dags/example_complex.py
[2024-03-13T16:06:09.413-0400] {processor.py:840} INFO - DAG(s) 'example_complex' retrieved from /home/ironbong_jr/mlops/project/project/lib/python3.10/site-packages/airflow/example_dags/example_complex.py
[2024-03-13T16:06:09.426-0400] {logging_mixin.py:188} INFO - [2024-03-13T16:06:09.426-0400] {dag.py:3047} INFO - Sync 1 DAGs
[2024-03-13T16:06:09.433-0400] {logging_mixin.py:188} INFO - [2024-03-13T16:06:09.433-0400] {dag.py:3834} INFO - Setting next_dagrun for example_complex to None, run_after=None
[2024-03-13T16:06:09.453-0400] {processor.py:183} INFO - Processing /home/ironbong_jr/mlops/project/project/lib/python3.10/site-packages/airflow/example_dags/example_complex.py took 0.052 seconds
[2024-03-13T16:06:59.787-0400] {processor.py:161} INFO - Started process (PID=459362) to work on /home/ironbong_jr/mlops/project/project/lib/python3.10/site-packages/airflow/example_dags/example_complex.py
[2024-03-13T16:06:59.791-0400] {processor.py:830} INFO - Processing file /home/ironbong_jr/mlops/project/project/lib/python3.10/site-packages/airflow/example_dags/example_complex.py for tasks to queue
[2024-03-13T16:06:59.791-0400] {logging_mixin.py:188} INFO - [2024-03-13T16:06:59.791-0400] {dagbag.py:540} INFO - Filling up the DagBag from /home/ironbong_jr/mlops/project/project/lib/python3.10/site-packages/airflow/example_dags/example_complex.py
[2024-03-13T16:06:59.800-0400] {processor.py:840} INFO - DAG(s) 'example_complex' retrieved from /home/ironbong_jr/mlops/project/project/lib/python3.10/site-packages/airflow/example_dags/example_complex.py
[2024-03-13T16:06:59.814-0400] {logging_mixin.py:188} INFO - [2024-03-13T16:06:59.814-0400] {dag.py:3047} INFO - Sync 1 DAGs
[2024-03-13T16:06:59.833-0400] {logging_mixin.py:188} INFO - [2024-03-13T16:06:59.833-0400] {dag.py:3834} INFO - Setting next_dagrun for example_complex to None, run_after=None
[2024-03-13T16:06:59.856-0400] {processor.py:183} INFO - Processing /home/ironbong_jr/mlops/project/project/lib/python3.10/site-packages/airflow/example_dags/example_complex.py took 0.070 seconds
[2024-03-13T16:07:53.138-0400] {processor.py:161} INFO - Started process (PID=459624) to work on /home/ironbong_jr/mlops/project/project/lib/python3.10/site-packages/airflow/example_dags/example_complex.py
[2024-03-13T16:07:53.142-0400] {processor.py:830} INFO - Processing file /home/ironbong_jr/mlops/project/project/lib/python3.10/site-packages/airflow/example_dags/example_complex.py for tasks to queue
[2024-03-13T16:07:53.142-0400] {logging_mixin.py:188} INFO - [2024-03-13T16:07:53.142-0400] {dagbag.py:540} INFO - Filling up the DagBag from /home/ironbong_jr/mlops/project/project/lib/python3.10/site-packages/airflow/example_dags/example_complex.py
[2024-03-13T16:07:53.149-0400] {processor.py:840} INFO - DAG(s) 'example_complex' retrieved from /home/ironbong_jr/mlops/project/project/lib/python3.10/site-packages/airflow/example_dags/example_complex.py
[2024-03-13T16:07:53.162-0400] {logging_mixin.py:188} INFO - [2024-03-13T16:07:53.162-0400] {dag.py:3047} INFO - Sync 1 DAGs
[2024-03-13T16:07:53.169-0400] {logging_mixin.py:188} INFO - [2024-03-13T16:07:53.168-0400] {dag.py:3834} INFO - Setting next_dagrun for example_complex to None, run_after=None
[2024-03-13T16:07:53.197-0400] {processor.py:183} INFO - Processing /home/ironbong_jr/mlops/project/project/lib/python3.10/site-packages/airflow/example_dags/example_complex.py took 0.061 seconds
[2024-03-13T16:08:45.413-0400] {processor.py:161} INFO - Started process (PID=459882) to work on /home/ironbong_jr/mlops/project/project/lib/python3.10/site-packages/airflow/example_dags/example_complex.py
[2024-03-13T16:08:45.414-0400] {processor.py:830} INFO - Processing file /home/ironbong_jr/mlops/project/project/lib/python3.10/site-packages/airflow/example_dags/example_complex.py for tasks to queue
[2024-03-13T16:08:45.415-0400] {logging_mixin.py:188} INFO - [2024-03-13T16:08:45.415-0400] {dagbag.py:540} INFO - Filling up the DagBag from /home/ironbong_jr/mlops/project/project/lib/python3.10/site-packages/airflow/example_dags/example_complex.py
[2024-03-13T16:08:45.421-0400] {processor.py:840} INFO - DAG(s) 'example_complex' retrieved from /home/ironbong_jr/mlops/project/project/lib/python3.10/site-packages/airflow/example_dags/example_complex.py
[2024-03-13T16:08:45.435-0400] {logging_mixin.py:188} INFO - [2024-03-13T16:08:45.434-0400] {dag.py:3047} INFO - Sync 1 DAGs
[2024-03-13T16:08:45.441-0400] {logging_mixin.py:188} INFO - [2024-03-13T16:08:45.441-0400] {dag.py:3834} INFO - Setting next_dagrun for example_complex to None, run_after=None
[2024-03-13T16:08:45.461-0400] {processor.py:183} INFO - Processing /home/ironbong_jr/mlops/project/project/lib/python3.10/site-packages/airflow/example_dags/example_complex.py took 0.051 seconds
[2024-03-13T16:09:33.603-0400] {processor.py:161} INFO - Started process (PID=460113) to work on /home/ironbong_jr/mlops/project/project/lib/python3.10/site-packages/airflow/example_dags/example_complex.py
[2024-03-13T16:09:33.607-0400] {processor.py:830} INFO - Processing file /home/ironbong_jr/mlops/project/project/lib/python3.10/site-packages/airflow/example_dags/example_complex.py for tasks to queue
[2024-03-13T16:09:33.607-0400] {logging_mixin.py:188} INFO - [2024-03-13T16:09:33.607-0400] {dagbag.py:540} INFO - Filling up the DagBag from /home/ironbong_jr/mlops/project/project/lib/python3.10/site-packages/airflow/example_dags/example_complex.py
[2024-03-13T16:09:33.615-0400] {processor.py:840} INFO - DAG(s) 'example_complex' retrieved from /home/ironbong_jr/mlops/project/project/lib/python3.10/site-packages/airflow/example_dags/example_complex.py
[2024-03-13T16:09:33.631-0400] {logging_mixin.py:188} INFO - [2024-03-13T16:09:33.630-0400] {dag.py:3047} INFO - Sync 1 DAGs
[2024-03-13T16:09:33.638-0400] {logging_mixin.py:188} INFO - [2024-03-13T16:09:33.638-0400] {dag.py:3834} INFO - Setting next_dagrun for example_complex to None, run_after=None
[2024-03-13T16:09:33.660-0400] {processor.py:183} INFO - Processing /home/ironbong_jr/mlops/project/project/lib/python3.10/site-packages/airflow/example_dags/example_complex.py took 0.059 seconds
[2024-03-13T16:10:22.735-0400] {processor.py:161} INFO - Started process (PID=460362) to work on /home/ironbong_jr/mlops/project/project/lib/python3.10/site-packages/airflow/example_dags/example_complex.py
[2024-03-13T16:10:22.738-0400] {processor.py:830} INFO - Processing file /home/ironbong_jr/mlops/project/project/lib/python3.10/site-packages/airflow/example_dags/example_complex.py for tasks to queue
[2024-03-13T16:10:22.739-0400] {logging_mixin.py:188} INFO - [2024-03-13T16:10:22.739-0400] {dagbag.py:540} INFO - Filling up the DagBag from /home/ironbong_jr/mlops/project/project/lib/python3.10/site-packages/airflow/example_dags/example_complex.py
[2024-03-13T16:10:22.745-0400] {processor.py:840} INFO - DAG(s) 'example_complex' retrieved from /home/ironbong_jr/mlops/project/project/lib/python3.10/site-packages/airflow/example_dags/example_complex.py
[2024-03-13T16:10:22.765-0400] {logging_mixin.py:188} INFO - [2024-03-13T16:10:22.764-0400] {dag.py:3047} INFO - Sync 1 DAGs
[2024-03-13T16:10:22.773-0400] {logging_mixin.py:188} INFO - [2024-03-13T16:10:22.773-0400] {dag.py:3834} INFO - Setting next_dagrun for example_complex to None, run_after=None
[2024-03-13T16:10:22.797-0400] {processor.py:183} INFO - Processing /home/ironbong_jr/mlops/project/project/lib/python3.10/site-packages/airflow/example_dags/example_complex.py took 0.064 seconds
[2024-03-13T16:11:12.696-0400] {processor.py:161} INFO - Started process (PID=460619) to work on /home/ironbong_jr/mlops/project/project/lib/python3.10/site-packages/airflow/example_dags/example_complex.py
[2024-03-13T16:11:12.699-0400] {processor.py:830} INFO - Processing file /home/ironbong_jr/mlops/project/project/lib/python3.10/site-packages/airflow/example_dags/example_complex.py for tasks to queue
[2024-03-13T16:11:12.700-0400] {logging_mixin.py:188} INFO - [2024-03-13T16:11:12.700-0400] {dagbag.py:540} INFO - Filling up the DagBag from /home/ironbong_jr/mlops/project/project/lib/python3.10/site-packages/airflow/example_dags/example_complex.py
[2024-03-13T16:11:12.707-0400] {processor.py:840} INFO - DAG(s) 'example_complex' retrieved from /home/ironbong_jr/mlops/project/project/lib/python3.10/site-packages/airflow/example_dags/example_complex.py
[2024-03-13T16:11:12.724-0400] {logging_mixin.py:188} INFO - [2024-03-13T16:11:12.724-0400] {dag.py:3047} INFO - Sync 1 DAGs
[2024-03-13T16:11:12.732-0400] {logging_mixin.py:188} INFO - [2024-03-13T16:11:12.732-0400] {dag.py:3834} INFO - Setting next_dagrun for example_complex to None, run_after=None
[2024-03-13T16:11:12.754-0400] {processor.py:183} INFO - Processing /home/ironbong_jr/mlops/project/project/lib/python3.10/site-packages/airflow/example_dags/example_complex.py took 0.060 seconds
[2024-03-13T16:12:01.676-0400] {processor.py:161} INFO - Started process (PID=460856) to work on /home/ironbong_jr/mlops/project/project/lib/python3.10/site-packages/airflow/example_dags/example_complex.py
[2024-03-13T16:12:01.678-0400] {processor.py:830} INFO - Processing file /home/ironbong_jr/mlops/project/project/lib/python3.10/site-packages/airflow/example_dags/example_complex.py for tasks to queue
[2024-03-13T16:12:01.679-0400] {logging_mixin.py:188} INFO - [2024-03-13T16:12:01.679-0400] {dagbag.py:540} INFO - Filling up the DagBag from /home/ironbong_jr/mlops/project/project/lib/python3.10/site-packages/airflow/example_dags/example_complex.py
[2024-03-13T16:12:01.685-0400] {processor.py:840} INFO - DAG(s) 'example_complex' retrieved from /home/ironbong_jr/mlops/project/project/lib/python3.10/site-packages/airflow/example_dags/example_complex.py
[2024-03-13T16:12:01.699-0400] {logging_mixin.py:188} INFO - [2024-03-13T16:12:01.698-0400] {dag.py:3047} INFO - Sync 1 DAGs
[2024-03-13T16:12:01.705-0400] {logging_mixin.py:188} INFO - [2024-03-13T16:12:01.705-0400] {dag.py:3834} INFO - Setting next_dagrun for example_complex to None, run_after=None
[2024-03-13T16:12:01.725-0400] {processor.py:183} INFO - Processing /home/ironbong_jr/mlops/project/project/lib/python3.10/site-packages/airflow/example_dags/example_complex.py took 0.051 seconds
[2024-03-13T16:12:53.017-0400] {processor.py:161} INFO - Started process (PID=461113) to work on /home/ironbong_jr/mlops/project/project/lib/python3.10/site-packages/airflow/example_dags/example_complex.py
[2024-03-13T16:12:53.018-0400] {processor.py:830} INFO - Processing file /home/ironbong_jr/mlops/project/project/lib/python3.10/site-packages/airflow/example_dags/example_complex.py for tasks to queue
[2024-03-13T16:12:53.019-0400] {logging_mixin.py:188} INFO - [2024-03-13T16:12:53.019-0400] {dagbag.py:540} INFO - Filling up the DagBag from /home/ironbong_jr/mlops/project/project/lib/python3.10/site-packages/airflow/example_dags/example_complex.py
[2024-03-13T16:12:53.026-0400] {processor.py:840} INFO - DAG(s) 'example_complex' retrieved from /home/ironbong_jr/mlops/project/project/lib/python3.10/site-packages/airflow/example_dags/example_complex.py
[2024-03-13T16:12:53.044-0400] {logging_mixin.py:188} INFO - [2024-03-13T16:12:53.044-0400] {dag.py:3047} INFO - Sync 1 DAGs
[2024-03-13T16:12:53.053-0400] {logging_mixin.py:188} INFO - [2024-03-13T16:12:53.053-0400] {dag.py:3834} INFO - Setting next_dagrun for example_complex to None, run_after=None
[2024-03-13T16:12:53.082-0400] {processor.py:183} INFO - Processing /home/ironbong_jr/mlops/project/project/lib/python3.10/site-packages/airflow/example_dags/example_complex.py took 0.067 seconds
