[2024-03-12T21:22:06.027-0400] {processor.py:161} INFO - Started process (PID=407053) to work on /home/ironbong_jr/mlops/project/project/lib/python3.10/site-packages/airflow/example_dags/example_bash_operator.py
[2024-03-12T21:22:06.028-0400] {processor.py:830} INFO - Processing file /home/ironbong_jr/mlops/project/project/lib/python3.10/site-packages/airflow/example_dags/example_bash_operator.py for tasks to queue
[2024-03-12T21:22:06.030-0400] {logging_mixin.py:188} INFO - [2024-03-12T21:22:06.029-0400] {dagbag.py:540} INFO - Filling up the DagBag from /home/ironbong_jr/mlops/project/project/lib/python3.10/site-packages/airflow/example_dags/example_bash_operator.py
[2024-03-12T21:22:06.059-0400] {processor.py:840} INFO - DAG(s) 'example_bash_operator' retrieved from /home/ironbong_jr/mlops/project/project/lib/python3.10/site-packages/airflow/example_dags/example_bash_operator.py
[2024-03-12T21:22:06.372-0400] {logging_mixin.py:188} INFO - [2024-03-12T21:22:06.371-0400] {dag.py:3047} INFO - Sync 1 DAGs
[2024-03-12T21:22:06.398-0400] {logging_mixin.py:188} INFO - [2024-03-12T21:22:06.398-0400] {dag.py:3834} INFO - Setting next_dagrun for example_bash_operator to 2024-03-12 00:00:00+00:00, run_after=2024-03-13 00:00:00+00:00
[2024-03-12T21:22:06.485-0400] {processor.py:183} INFO - Processing /home/ironbong_jr/mlops/project/project/lib/python3.10/site-packages/airflow/example_dags/example_bash_operator.py took 0.464 seconds
[2024-03-12T21:23:57.664-0400] {processor.py:161} INFO - Started process (PID=407572) to work on /home/ironbong_jr/mlops/project/project/lib/python3.10/site-packages/airflow/example_dags/example_bash_operator.py
[2024-03-12T21:23:57.717-0400] {processor.py:830} INFO - Processing file /home/ironbong_jr/mlops/project/project/lib/python3.10/site-packages/airflow/example_dags/example_bash_operator.py for tasks to queue
[2024-03-12T21:23:57.719-0400] {logging_mixin.py:188} INFO - [2024-03-12T21:23:57.718-0400] {dagbag.py:540} INFO - Filling up the DagBag from /home/ironbong_jr/mlops/project/project/lib/python3.10/site-packages/airflow/example_dags/example_bash_operator.py
[2024-03-12T21:23:57.751-0400] {processor.py:840} INFO - DAG(s) 'example_bash_operator' retrieved from /home/ironbong_jr/mlops/project/project/lib/python3.10/site-packages/airflow/example_dags/example_bash_operator.py
[2024-03-12T21:23:57.978-0400] {logging_mixin.py:188} INFO - [2024-03-12T21:23:57.977-0400] {dag.py:3047} INFO - Sync 1 DAGs
[2024-03-12T21:23:58.005-0400] {logging_mixin.py:188} INFO - [2024-03-12T21:23:58.004-0400] {dag.py:3834} INFO - Setting next_dagrun for example_bash_operator to 2024-03-12 00:00:00+00:00, run_after=2024-03-13 00:00:00+00:00
[2024-03-12T21:23:58.101-0400] {processor.py:183} INFO - Processing /home/ironbong_jr/mlops/project/project/lib/python3.10/site-packages/airflow/example_dags/example_bash_operator.py took 0.445 seconds
[2024-03-12T21:26:53.628-0400] {processor.py:161} INFO - Started process (PID=408331) to work on /home/ironbong_jr/mlops/project/project/lib/python3.10/site-packages/airflow/example_dags/example_bash_operator.py
[2024-03-12T21:26:53.679-0400] {processor.py:830} INFO - Processing file /home/ironbong_jr/mlops/project/project/lib/python3.10/site-packages/airflow/example_dags/example_bash_operator.py for tasks to queue
[2024-03-12T21:26:53.682-0400] {logging_mixin.py:188} INFO - [2024-03-12T21:26:53.681-0400] {dagbag.py:540} INFO - Filling up the DagBag from /home/ironbong_jr/mlops/project/project/lib/python3.10/site-packages/airflow/example_dags/example_bash_operator.py
[2024-03-12T21:26:53.708-0400] {processor.py:840} INFO - DAG(s) 'example_bash_operator' retrieved from /home/ironbong_jr/mlops/project/project/lib/python3.10/site-packages/airflow/example_dags/example_bash_operator.py
[2024-03-12T21:26:53.761-0400] {logging_mixin.py:188} INFO - [2024-03-12T21:26:53.761-0400] {dag.py:3047} INFO - Sync 1 DAGs
[2024-03-12T21:26:53.806-0400] {logging_mixin.py:188} INFO - [2024-03-12T21:26:53.806-0400] {dag.py:3834} INFO - Setting next_dagrun for example_bash_operator to 2024-03-12 00:00:00+00:00, run_after=2024-03-13 00:00:00+00:00
[2024-03-12T21:26:53.906-0400] {processor.py:183} INFO - Processing /home/ironbong_jr/mlops/project/project/lib/python3.10/site-packages/airflow/example_dags/example_bash_operator.py took 0.284 seconds
[2024-03-12T21:28:33.201-0400] {processor.py:161} INFO - Started process (PID=408821) to work on /home/ironbong_jr/mlops/project/project/lib/python3.10/site-packages/airflow/example_dags/example_bash_operator.py
[2024-03-12T21:28:33.247-0400] {processor.py:830} INFO - Processing file /home/ironbong_jr/mlops/project/project/lib/python3.10/site-packages/airflow/example_dags/example_bash_operator.py for tasks to queue
[2024-03-12T21:28:33.250-0400] {logging_mixin.py:188} INFO - [2024-03-12T21:28:33.249-0400] {dagbag.py:540} INFO - Filling up the DagBag from /home/ironbong_jr/mlops/project/project/lib/python3.10/site-packages/airflow/example_dags/example_bash_operator.py
[2024-03-12T21:28:33.280-0400] {processor.py:840} INFO - DAG(s) 'example_bash_operator' retrieved from /home/ironbong_jr/mlops/project/project/lib/python3.10/site-packages/airflow/example_dags/example_bash_operator.py
[2024-03-12T21:28:33.357-0400] {logging_mixin.py:188} INFO - [2024-03-12T21:28:33.356-0400] {dag.py:3047} INFO - Sync 1 DAGs
[2024-03-12T21:28:33.408-0400] {logging_mixin.py:188} INFO - [2024-03-12T21:28:33.407-0400] {dag.py:3834} INFO - Setting next_dagrun for example_bash_operator to 2024-03-12 00:00:00+00:00, run_after=2024-03-13 00:00:00+00:00
[2024-03-12T21:28:33.536-0400] {processor.py:183} INFO - Processing /home/ironbong_jr/mlops/project/project/lib/python3.10/site-packages/airflow/example_dags/example_bash_operator.py took 0.346 seconds
[2024-03-12T21:29:59.665-0400] {processor.py:161} INFO - Started process (PID=409231) to work on /home/ironbong_jr/mlops/project/project/lib/python3.10/site-packages/airflow/example_dags/example_bash_operator.py
[2024-03-12T21:29:59.711-0400] {processor.py:830} INFO - Processing file /home/ironbong_jr/mlops/project/project/lib/python3.10/site-packages/airflow/example_dags/example_bash_operator.py for tasks to queue
[2024-03-12T21:29:59.714-0400] {logging_mixin.py:188} INFO - [2024-03-12T21:29:59.713-0400] {dagbag.py:540} INFO - Filling up the DagBag from /home/ironbong_jr/mlops/project/project/lib/python3.10/site-packages/airflow/example_dags/example_bash_operator.py
[2024-03-12T21:29:59.749-0400] {processor.py:840} INFO - DAG(s) 'example_bash_operator' retrieved from /home/ironbong_jr/mlops/project/project/lib/python3.10/site-packages/airflow/example_dags/example_bash_operator.py
[2024-03-12T21:29:59.820-0400] {logging_mixin.py:188} INFO - [2024-03-12T21:29:59.820-0400] {dag.py:3047} INFO - Sync 1 DAGs
[2024-03-12T21:29:59.879-0400] {logging_mixin.py:188} INFO - [2024-03-12T21:29:59.878-0400] {dag.py:3834} INFO - Setting next_dagrun for example_bash_operator to 2024-03-12 00:00:00+00:00, run_after=2024-03-13 00:00:00+00:00
[2024-03-12T21:30:00.034-0400] {processor.py:183} INFO - Processing /home/ironbong_jr/mlops/project/project/lib/python3.10/site-packages/airflow/example_dags/example_bash_operator.py took 0.377 seconds
[2024-03-12T21:31:39.261-0400] {processor.py:161} INFO - Started process (PID=409732) to work on /home/ironbong_jr/mlops/project/project/lib/python3.10/site-packages/airflow/example_dags/example_bash_operator.py
[2024-03-12T21:31:39.265-0400] {processor.py:830} INFO - Processing file /home/ironbong_jr/mlops/project/project/lib/python3.10/site-packages/airflow/example_dags/example_bash_operator.py for tasks to queue
[2024-03-12T21:31:39.267-0400] {logging_mixin.py:188} INFO - [2024-03-12T21:31:39.266-0400] {dagbag.py:540} INFO - Filling up the DagBag from /home/ironbong_jr/mlops/project/project/lib/python3.10/site-packages/airflow/example_dags/example_bash_operator.py
[2024-03-12T21:31:39.295-0400] {processor.py:840} INFO - DAG(s) 'example_bash_operator' retrieved from /home/ironbong_jr/mlops/project/project/lib/python3.10/site-packages/airflow/example_dags/example_bash_operator.py
[2024-03-12T21:31:39.387-0400] {logging_mixin.py:188} INFO - [2024-03-12T21:31:39.386-0400] {dag.py:3047} INFO - Sync 1 DAGs
[2024-03-12T21:31:39.493-0400] {logging_mixin.py:188} INFO - [2024-03-12T21:31:39.493-0400] {dag.py:3834} INFO - Setting next_dagrun for example_bash_operator to 2024-03-12 00:00:00+00:00, run_after=2024-03-13 00:00:00+00:00
[2024-03-12T21:31:39.597-0400] {processor.py:183} INFO - Processing /home/ironbong_jr/mlops/project/project/lib/python3.10/site-packages/airflow/example_dags/example_bash_operator.py took 0.349 seconds
[2024-03-12T21:33:21.002-0400] {processor.py:161} INFO - Started process (PID=410294) to work on /home/ironbong_jr/mlops/project/project/lib/python3.10/site-packages/airflow/example_dags/example_bash_operator.py
[2024-03-12T21:33:21.055-0400] {processor.py:830} INFO - Processing file /home/ironbong_jr/mlops/project/project/lib/python3.10/site-packages/airflow/example_dags/example_bash_operator.py for tasks to queue
[2024-03-12T21:33:21.058-0400] {logging_mixin.py:188} INFO - [2024-03-12T21:33:21.057-0400] {dagbag.py:540} INFO - Filling up the DagBag from /home/ironbong_jr/mlops/project/project/lib/python3.10/site-packages/airflow/example_dags/example_bash_operator.py
[2024-03-12T21:33:21.091-0400] {processor.py:840} INFO - DAG(s) 'example_bash_operator' retrieved from /home/ironbong_jr/mlops/project/project/lib/python3.10/site-packages/airflow/example_dags/example_bash_operator.py
[2024-03-12T21:33:21.154-0400] {logging_mixin.py:188} INFO - [2024-03-12T21:33:21.153-0400] {dag.py:3047} INFO - Sync 1 DAGs
[2024-03-12T21:33:21.229-0400] {logging_mixin.py:188} INFO - [2024-03-12T21:33:21.228-0400] {dag.py:3834} INFO - Setting next_dagrun for example_bash_operator to 2024-03-12 00:00:00+00:00, run_after=2024-03-13 00:00:00+00:00
[2024-03-12T21:33:21.390-0400] {processor.py:183} INFO - Processing /home/ironbong_jr/mlops/project/project/lib/python3.10/site-packages/airflow/example_dags/example_bash_operator.py took 0.399 seconds
[2024-03-12T21:34:49.950-0400] {processor.py:161} INFO - Started process (PID=410705) to work on /home/ironbong_jr/mlops/project/project/lib/python3.10/site-packages/airflow/example_dags/example_bash_operator.py
[2024-03-12T21:34:49.996-0400] {processor.py:830} INFO - Processing file /home/ironbong_jr/mlops/project/project/lib/python3.10/site-packages/airflow/example_dags/example_bash_operator.py for tasks to queue
[2024-03-12T21:34:49.999-0400] {logging_mixin.py:188} INFO - [2024-03-12T21:34:49.998-0400] {dagbag.py:540} INFO - Filling up the DagBag from /home/ironbong_jr/mlops/project/project/lib/python3.10/site-packages/airflow/example_dags/example_bash_operator.py
[2024-03-12T21:34:50.022-0400] {processor.py:840} INFO - DAG(s) 'example_bash_operator' retrieved from /home/ironbong_jr/mlops/project/project/lib/python3.10/site-packages/airflow/example_dags/example_bash_operator.py
[2024-03-12T21:34:50.061-0400] {logging_mixin.py:188} INFO - [2024-03-12T21:34:50.060-0400] {dag.py:3047} INFO - Sync 1 DAGs
[2024-03-12T21:34:50.103-0400] {logging_mixin.py:188} INFO - [2024-03-12T21:34:50.102-0400] {dag.py:3834} INFO - Setting next_dagrun for example_bash_operator to 2024-03-12 00:00:00+00:00, run_after=2024-03-13 00:00:00+00:00
[2024-03-12T21:34:50.273-0400] {processor.py:183} INFO - Processing /home/ironbong_jr/mlops/project/project/lib/python3.10/site-packages/airflow/example_dags/example_bash_operator.py took 0.327 seconds
[2024-03-12T23:26:25.140-0400] {processor.py:161} INFO - Started process (PID=417745) to work on /home/ironbong_jr/mlops/project/project/lib/python3.10/site-packages/airflow/example_dags/example_bash_operator.py
[2024-03-12T23:26:25.191-0400] {processor.py:830} INFO - Processing file /home/ironbong_jr/mlops/project/project/lib/python3.10/site-packages/airflow/example_dags/example_bash_operator.py for tasks to queue
[2024-03-12T23:26:25.193-0400] {logging_mixin.py:188} INFO - [2024-03-12T23:26:25.192-0400] {dagbag.py:540} INFO - Filling up the DagBag from /home/ironbong_jr/mlops/project/project/lib/python3.10/site-packages/airflow/example_dags/example_bash_operator.py
[2024-03-12T23:26:25.226-0400] {processor.py:840} INFO - DAG(s) 'example_bash_operator' retrieved from /home/ironbong_jr/mlops/project/project/lib/python3.10/site-packages/airflow/example_dags/example_bash_operator.py
[2024-03-12T23:26:25.605-0400] {logging_mixin.py:188} INFO - [2024-03-12T23:26:25.605-0400] {dag.py:3047} INFO - Sync 1 DAGs
[2024-03-12T23:26:25.641-0400] {logging_mixin.py:188} INFO - [2024-03-12T23:26:25.640-0400] {dag.py:3834} INFO - Setting next_dagrun for example_bash_operator to 2024-03-12 00:00:00+00:00, run_after=2024-03-13 00:00:00+00:00
[2024-03-12T23:26:25.765-0400] {processor.py:183} INFO - Processing /home/ironbong_jr/mlops/project/project/lib/python3.10/site-packages/airflow/example_dags/example_bash_operator.py took 0.631 seconds
[2024-03-12T23:29:40.145-0400] {processor.py:161} INFO - Started process (PID=418524) to work on /home/ironbong_jr/mlops/project/project/lib/python3.10/site-packages/airflow/example_dags/example_bash_operator.py
[2024-03-12T23:29:40.197-0400] {processor.py:830} INFO - Processing file /home/ironbong_jr/mlops/project/project/lib/python3.10/site-packages/airflow/example_dags/example_bash_operator.py for tasks to queue
[2024-03-12T23:29:40.200-0400] {logging_mixin.py:188} INFO - [2024-03-12T23:29:40.199-0400] {dagbag.py:540} INFO - Filling up the DagBag from /home/ironbong_jr/mlops/project/project/lib/python3.10/site-packages/airflow/example_dags/example_bash_operator.py
[2024-03-12T23:29:40.235-0400] {processor.py:840} INFO - DAG(s) 'example_bash_operator' retrieved from /home/ironbong_jr/mlops/project/project/lib/python3.10/site-packages/airflow/example_dags/example_bash_operator.py
[2024-03-12T23:29:40.299-0400] {logging_mixin.py:188} INFO - [2024-03-12T23:29:40.299-0400] {dag.py:3047} INFO - Sync 1 DAGs
[2024-03-12T23:29:40.339-0400] {logging_mixin.py:188} INFO - [2024-03-12T23:29:40.336-0400] {dag.py:3834} INFO - Setting next_dagrun for example_bash_operator to 2024-03-12 00:00:00+00:00, run_after=2024-03-13 00:00:00+00:00
[2024-03-12T23:29:40.444-0400] {processor.py:183} INFO - Processing /home/ironbong_jr/mlops/project/project/lib/python3.10/site-packages/airflow/example_dags/example_bash_operator.py took 0.310 seconds
[2024-03-12T23:31:29.813-0400] {processor.py:161} INFO - Started process (PID=418995) to work on /home/ironbong_jr/mlops/project/project/lib/python3.10/site-packages/airflow/example_dags/example_bash_operator.py
[2024-03-12T23:31:29.860-0400] {processor.py:830} INFO - Processing file /home/ironbong_jr/mlops/project/project/lib/python3.10/site-packages/airflow/example_dags/example_bash_operator.py for tasks to queue
[2024-03-12T23:31:29.863-0400] {logging_mixin.py:188} INFO - [2024-03-12T23:31:29.862-0400] {dagbag.py:540} INFO - Filling up the DagBag from /home/ironbong_jr/mlops/project/project/lib/python3.10/site-packages/airflow/example_dags/example_bash_operator.py
[2024-03-12T23:31:29.886-0400] {processor.py:840} INFO - DAG(s) 'example_bash_operator' retrieved from /home/ironbong_jr/mlops/project/project/lib/python3.10/site-packages/airflow/example_dags/example_bash_operator.py
[2024-03-12T23:31:29.923-0400] {logging_mixin.py:188} INFO - [2024-03-12T23:31:29.922-0400] {dag.py:3047} INFO - Sync 1 DAGs
[2024-03-12T23:31:29.952-0400] {logging_mixin.py:188} INFO - [2024-03-12T23:31:29.951-0400] {dag.py:3834} INFO - Setting next_dagrun for example_bash_operator to 2024-03-12 00:00:00+00:00, run_after=2024-03-13 00:00:00+00:00
[2024-03-12T23:31:29.992-0400] {processor.py:183} INFO - Processing /home/ironbong_jr/mlops/project/project/lib/python3.10/site-packages/airflow/example_dags/example_bash_operator.py took 0.188 seconds
[2024-03-12T23:42:22.599-0400] {processor.py:161} INFO - Started process (PID=421599) to work on /home/ironbong_jr/mlops/project/project/lib/python3.10/site-packages/airflow/example_dags/example_bash_operator.py
[2024-03-12T23:42:22.652-0400] {processor.py:830} INFO - Processing file /home/ironbong_jr/mlops/project/project/lib/python3.10/site-packages/airflow/example_dags/example_bash_operator.py for tasks to queue
[2024-03-12T23:42:22.655-0400] {logging_mixin.py:188} INFO - [2024-03-12T23:42:22.654-0400] {dagbag.py:540} INFO - Filling up the DagBag from /home/ironbong_jr/mlops/project/project/lib/python3.10/site-packages/airflow/example_dags/example_bash_operator.py
[2024-03-12T23:42:22.682-0400] {processor.py:840} INFO - DAG(s) 'example_bash_operator' retrieved from /home/ironbong_jr/mlops/project/project/lib/python3.10/site-packages/airflow/example_dags/example_bash_operator.py
[2024-03-12T23:42:23.028-0400] {logging_mixin.py:188} INFO - [2024-03-12T23:42:23.028-0400] {dag.py:3047} INFO - Sync 1 DAGs
[2024-03-12T23:42:23.056-0400] {logging_mixin.py:188} INFO - [2024-03-12T23:42:23.055-0400] {dag.py:3834} INFO - Setting next_dagrun for example_bash_operator to 2024-03-12 00:00:00+00:00, run_after=2024-03-13 00:00:00+00:00
[2024-03-12T23:42:23.145-0400] {processor.py:183} INFO - Processing /home/ironbong_jr/mlops/project/project/lib/python3.10/site-packages/airflow/example_dags/example_bash_operator.py took 0.553 seconds
[2024-03-12T23:44:23.282-0400] {processor.py:161} INFO - Started process (PID=422107) to work on /home/ironbong_jr/mlops/project/project/lib/python3.10/site-packages/airflow/example_dags/example_bash_operator.py
[2024-03-12T23:44:23.334-0400] {processor.py:830} INFO - Processing file /home/ironbong_jr/mlops/project/project/lib/python3.10/site-packages/airflow/example_dags/example_bash_operator.py for tasks to queue
[2024-03-12T23:44:23.337-0400] {logging_mixin.py:188} INFO - [2024-03-12T23:44:23.336-0400] {dagbag.py:540} INFO - Filling up the DagBag from /home/ironbong_jr/mlops/project/project/lib/python3.10/site-packages/airflow/example_dags/example_bash_operator.py
[2024-03-12T23:44:23.360-0400] {processor.py:840} INFO - DAG(s) 'example_bash_operator' retrieved from /home/ironbong_jr/mlops/project/project/lib/python3.10/site-packages/airflow/example_dags/example_bash_operator.py
[2024-03-12T23:44:23.640-0400] {logging_mixin.py:188} INFO - [2024-03-12T23:44:23.638-0400] {dag.py:3047} INFO - Sync 1 DAGs
[2024-03-12T23:44:23.690-0400] {logging_mixin.py:188} INFO - [2024-03-12T23:44:23.689-0400] {dag.py:3834} INFO - Setting next_dagrun for example_bash_operator to 2024-03-12 00:00:00+00:00, run_after=2024-03-13 00:00:00+00:00
[2024-03-12T23:44:23.817-0400] {processor.py:183} INFO - Processing /home/ironbong_jr/mlops/project/project/lib/python3.10/site-packages/airflow/example_dags/example_bash_operator.py took 0.551 seconds
[2024-03-12T23:46:04.910-0400] {processor.py:161} INFO - Started process (PID=422690) to work on /home/ironbong_jr/mlops/project/project/lib/python3.10/site-packages/airflow/example_dags/example_bash_operator.py
[2024-03-12T23:46:04.914-0400] {processor.py:830} INFO - Processing file /home/ironbong_jr/mlops/project/project/lib/python3.10/site-packages/airflow/example_dags/example_bash_operator.py for tasks to queue
[2024-03-12T23:46:04.916-0400] {logging_mixin.py:188} INFO - [2024-03-12T23:46:04.915-0400] {dagbag.py:540} INFO - Filling up the DagBag from /home/ironbong_jr/mlops/project/project/lib/python3.10/site-packages/airflow/example_dags/example_bash_operator.py
[2024-03-12T23:46:04.954-0400] {processor.py:840} INFO - DAG(s) 'example_bash_operator' retrieved from /home/ironbong_jr/mlops/project/project/lib/python3.10/site-packages/airflow/example_dags/example_bash_operator.py
[2024-03-12T23:46:05.002-0400] {logging_mixin.py:188} INFO - [2024-03-12T23:46:05.002-0400] {dag.py:3047} INFO - Sync 1 DAGs
[2024-03-12T23:46:05.044-0400] {logging_mixin.py:188} INFO - [2024-03-12T23:46:05.044-0400] {dag.py:3834} INFO - Setting next_dagrun for example_bash_operator to 2024-03-12 00:00:00+00:00, run_after=2024-03-13 00:00:00+00:00
[2024-03-12T23:46:05.153-0400] {processor.py:183} INFO - Processing /home/ironbong_jr/mlops/project/project/lib/python3.10/site-packages/airflow/example_dags/example_bash_operator.py took 0.252 seconds
[2024-03-12T23:48:14.949-0400] {processor.py:161} INFO - Started process (PID=423307) to work on /home/ironbong_jr/mlops/project/project/lib/python3.10/site-packages/airflow/example_dags/example_bash_operator.py
[2024-03-12T23:48:15.001-0400] {processor.py:830} INFO - Processing file /home/ironbong_jr/mlops/project/project/lib/python3.10/site-packages/airflow/example_dags/example_bash_operator.py for tasks to queue
[2024-03-12T23:48:15.004-0400] {logging_mixin.py:188} INFO - [2024-03-12T23:48:15.003-0400] {dagbag.py:540} INFO - Filling up the DagBag from /home/ironbong_jr/mlops/project/project/lib/python3.10/site-packages/airflow/example_dags/example_bash_operator.py
[2024-03-12T23:48:15.024-0400] {processor.py:840} INFO - DAG(s) 'example_bash_operator' retrieved from /home/ironbong_jr/mlops/project/project/lib/python3.10/site-packages/airflow/example_dags/example_bash_operator.py
[2024-03-12T23:48:15.058-0400] {logging_mixin.py:188} INFO - [2024-03-12T23:48:15.057-0400] {dag.py:3047} INFO - Sync 1 DAGs
[2024-03-12T23:48:15.097-0400] {logging_mixin.py:188} INFO - [2024-03-12T23:48:15.097-0400] {dag.py:3834} INFO - Setting next_dagrun for example_bash_operator to 2024-03-12 00:00:00+00:00, run_after=2024-03-13 00:00:00+00:00
[2024-03-12T23:48:15.195-0400] {processor.py:183} INFO - Processing /home/ironbong_jr/mlops/project/project/lib/python3.10/site-packages/airflow/example_dags/example_bash_operator.py took 0.252 seconds
[2024-03-12T23:49:43.177-0400] {processor.py:161} INFO - Started process (PID=423704) to work on /home/ironbong_jr/mlops/project/project/lib/python3.10/site-packages/airflow/example_dags/example_bash_operator.py
[2024-03-12T23:49:43.229-0400] {processor.py:830} INFO - Processing file /home/ironbong_jr/mlops/project/project/lib/python3.10/site-packages/airflow/example_dags/example_bash_operator.py for tasks to queue
[2024-03-12T23:49:43.231-0400] {logging_mixin.py:188} INFO - [2024-03-12T23:49:43.231-0400] {dagbag.py:540} INFO - Filling up the DagBag from /home/ironbong_jr/mlops/project/project/lib/python3.10/site-packages/airflow/example_dags/example_bash_operator.py
[2024-03-12T23:49:43.254-0400] {processor.py:840} INFO - DAG(s) 'example_bash_operator' retrieved from /home/ironbong_jr/mlops/project/project/lib/python3.10/site-packages/airflow/example_dags/example_bash_operator.py
[2024-03-12T23:49:43.300-0400] {logging_mixin.py:188} INFO - [2024-03-12T23:49:43.299-0400] {dag.py:3047} INFO - Sync 1 DAGs
[2024-03-12T23:49:43.332-0400] {logging_mixin.py:188} INFO - [2024-03-12T23:49:43.332-0400] {dag.py:3834} INFO - Setting next_dagrun for example_bash_operator to 2024-03-12 00:00:00+00:00, run_after=2024-03-13 00:00:00+00:00
[2024-03-12T23:49:43.423-0400] {processor.py:183} INFO - Processing /home/ironbong_jr/mlops/project/project/lib/python3.10/site-packages/airflow/example_dags/example_bash_operator.py took 0.254 seconds
[2024-03-12T23:51:09.132-0400] {processor.py:161} INFO - Started process (PID=424159) to work on /home/ironbong_jr/mlops/project/project/lib/python3.10/site-packages/airflow/example_dags/example_bash_operator.py
[2024-03-12T23:51:09.185-0400] {processor.py:830} INFO - Processing file /home/ironbong_jr/mlops/project/project/lib/python3.10/site-packages/airflow/example_dags/example_bash_operator.py for tasks to queue
[2024-03-12T23:51:09.188-0400] {logging_mixin.py:188} INFO - [2024-03-12T23:51:09.187-0400] {dagbag.py:540} INFO - Filling up the DagBag from /home/ironbong_jr/mlops/project/project/lib/python3.10/site-packages/airflow/example_dags/example_bash_operator.py
[2024-03-12T23:51:09.209-0400] {processor.py:840} INFO - DAG(s) 'example_bash_operator' retrieved from /home/ironbong_jr/mlops/project/project/lib/python3.10/site-packages/airflow/example_dags/example_bash_operator.py
[2024-03-12T23:51:09.254-0400] {logging_mixin.py:188} INFO - [2024-03-12T23:51:09.253-0400] {dag.py:3047} INFO - Sync 1 DAGs
[2024-03-12T23:51:09.286-0400] {logging_mixin.py:188} INFO - [2024-03-12T23:51:09.286-0400] {dag.py:3834} INFO - Setting next_dagrun for example_bash_operator to 2024-03-12 00:00:00+00:00, run_after=2024-03-13 00:00:00+00:00
[2024-03-12T23:51:09.378-0400] {processor.py:183} INFO - Processing /home/ironbong_jr/mlops/project/project/lib/python3.10/site-packages/airflow/example_dags/example_bash_operator.py took 0.252 seconds
[2024-03-12T23:52:36.673-0400] {processor.py:161} INFO - Started process (PID=424629) to work on /home/ironbong_jr/mlops/project/project/lib/python3.10/site-packages/airflow/example_dags/example_bash_operator.py
[2024-03-12T23:52:36.713-0400] {processor.py:830} INFO - Processing file /home/ironbong_jr/mlops/project/project/lib/python3.10/site-packages/airflow/example_dags/example_bash_operator.py for tasks to queue
[2024-03-12T23:52:36.715-0400] {logging_mixin.py:188} INFO - [2024-03-12T23:52:36.714-0400] {dagbag.py:540} INFO - Filling up the DagBag from /home/ironbong_jr/mlops/project/project/lib/python3.10/site-packages/airflow/example_dags/example_bash_operator.py
[2024-03-12T23:52:36.737-0400] {processor.py:840} INFO - DAG(s) 'example_bash_operator' retrieved from /home/ironbong_jr/mlops/project/project/lib/python3.10/site-packages/airflow/example_dags/example_bash_operator.py
[2024-03-12T23:52:36.774-0400] {logging_mixin.py:188} INFO - [2024-03-12T23:52:36.774-0400] {dag.py:3047} INFO - Sync 1 DAGs
[2024-03-12T23:52:36.803-0400] {logging_mixin.py:188} INFO - [2024-03-12T23:52:36.802-0400] {dag.py:3834} INFO - Setting next_dagrun for example_bash_operator to 2024-03-12 00:00:00+00:00, run_after=2024-03-13 00:00:00+00:00
[2024-03-12T23:52:36.843-0400] {processor.py:183} INFO - Processing /home/ironbong_jr/mlops/project/project/lib/python3.10/site-packages/airflow/example_dags/example_bash_operator.py took 0.178 seconds
[2024-03-12T23:54:10.915-0400] {processor.py:161} INFO - Started process (PID=425130) to work on /home/ironbong_jr/mlops/project/project/lib/python3.10/site-packages/airflow/example_dags/example_bash_operator.py
[2024-03-12T23:54:10.965-0400] {processor.py:830} INFO - Processing file /home/ironbong_jr/mlops/project/project/lib/python3.10/site-packages/airflow/example_dags/example_bash_operator.py for tasks to queue
[2024-03-12T23:54:10.969-0400] {logging_mixin.py:188} INFO - [2024-03-12T23:54:10.967-0400] {dagbag.py:540} INFO - Filling up the DagBag from /home/ironbong_jr/mlops/project/project/lib/python3.10/site-packages/airflow/example_dags/example_bash_operator.py
[2024-03-12T23:54:11.005-0400] {processor.py:840} INFO - DAG(s) 'example_bash_operator' retrieved from /home/ironbong_jr/mlops/project/project/lib/python3.10/site-packages/airflow/example_dags/example_bash_operator.py
[2024-03-12T23:54:11.061-0400] {logging_mixin.py:188} INFO - [2024-03-12T23:54:11.061-0400] {dag.py:3047} INFO - Sync 1 DAGs
[2024-03-12T23:54:11.100-0400] {logging_mixin.py:188} INFO - [2024-03-12T23:54:11.099-0400] {dag.py:3834} INFO - Setting next_dagrun for example_bash_operator to 2024-03-12 00:00:00+00:00, run_after=2024-03-13 00:00:00+00:00
[2024-03-12T23:54:11.188-0400] {processor.py:183} INFO - Processing /home/ironbong_jr/mlops/project/project/lib/python3.10/site-packages/airflow/example_dags/example_bash_operator.py took 0.281 seconds
[2024-03-12T23:55:49.077-0400] {processor.py:161} INFO - Started process (PID=425558) to work on /home/ironbong_jr/mlops/project/project/lib/python3.10/site-packages/airflow/example_dags/example_bash_operator.py
[2024-03-12T23:55:49.080-0400] {processor.py:830} INFO - Processing file /home/ironbong_jr/mlops/project/project/lib/python3.10/site-packages/airflow/example_dags/example_bash_operator.py for tasks to queue
[2024-03-12T23:55:49.081-0400] {logging_mixin.py:188} INFO - [2024-03-12T23:55:49.081-0400] {dagbag.py:540} INFO - Filling up the DagBag from /home/ironbong_jr/mlops/project/project/lib/python3.10/site-packages/airflow/example_dags/example_bash_operator.py
[2024-03-12T23:55:49.097-0400] {processor.py:840} INFO - DAG(s) 'example_bash_operator' retrieved from /home/ironbong_jr/mlops/project/project/lib/python3.10/site-packages/airflow/example_dags/example_bash_operator.py
[2024-03-12T23:55:49.150-0400] {logging_mixin.py:188} INFO - [2024-03-12T23:55:49.150-0400] {dag.py:3047} INFO - Sync 1 DAGs
[2024-03-12T23:55:49.199-0400] {logging_mixin.py:188} INFO - [2024-03-12T23:55:49.199-0400] {dag.py:3834} INFO - Setting next_dagrun for example_bash_operator to 2024-03-12 00:00:00+00:00, run_after=2024-03-13 00:00:00+00:00
[2024-03-12T23:55:49.297-0400] {processor.py:183} INFO - Processing /home/ironbong_jr/mlops/project/project/lib/python3.10/site-packages/airflow/example_dags/example_bash_operator.py took 0.226 seconds
[2024-03-13T00:30:13.356-0400] {processor.py:161} INFO - Started process (PID=432856) to work on /home/ironbong_jr/mlops/project/project/lib/python3.10/site-packages/airflow/example_dags/example_bash_operator.py
[2024-03-13T00:30:13.405-0400] {processor.py:830} INFO - Processing file /home/ironbong_jr/mlops/project/project/lib/python3.10/site-packages/airflow/example_dags/example_bash_operator.py for tasks to queue
[2024-03-13T00:30:13.408-0400] {logging_mixin.py:188} INFO - [2024-03-13T00:30:13.407-0400] {dagbag.py:540} INFO - Filling up the DagBag from /home/ironbong_jr/mlops/project/project/lib/python3.10/site-packages/airflow/example_dags/example_bash_operator.py
[2024-03-13T00:30:13.470-0400] {processor.py:840} INFO - DAG(s) 'example_bash_operator' retrieved from /home/ironbong_jr/mlops/project/project/lib/python3.10/site-packages/airflow/example_dags/example_bash_operator.py
[2024-03-13T00:30:13.816-0400] {logging_mixin.py:188} INFO - [2024-03-13T00:30:13.815-0400] {dag.py:3047} INFO - Sync 1 DAGs
[2024-03-13T00:30:13.848-0400] {logging_mixin.py:188} INFO - [2024-03-13T00:30:13.847-0400] {dag.py:3834} INFO - Setting next_dagrun for example_bash_operator to 2024-03-12 00:00:00+00:00, run_after=2024-03-13 00:00:00+00:00
[2024-03-13T00:30:13.903-0400] {processor.py:183} INFO - Processing /home/ironbong_jr/mlops/project/project/lib/python3.10/site-packages/airflow/example_dags/example_bash_operator.py took 0.552 seconds
[2024-03-13T00:32:03.191-0400] {processor.py:161} INFO - Started process (PID=433374) to work on /home/ironbong_jr/mlops/project/project/lib/python3.10/site-packages/airflow/example_dags/example_bash_operator.py
[2024-03-13T00:32:03.241-0400] {processor.py:830} INFO - Processing file /home/ironbong_jr/mlops/project/project/lib/python3.10/site-packages/airflow/example_dags/example_bash_operator.py for tasks to queue
[2024-03-13T00:32:03.244-0400] {logging_mixin.py:188} INFO - [2024-03-13T00:32:03.243-0400] {dagbag.py:540} INFO - Filling up the DagBag from /home/ironbong_jr/mlops/project/project/lib/python3.10/site-packages/airflow/example_dags/example_bash_operator.py
[2024-03-13T00:32:03.264-0400] {processor.py:840} INFO - DAG(s) 'example_bash_operator' retrieved from /home/ironbong_jr/mlops/project/project/lib/python3.10/site-packages/airflow/example_dags/example_bash_operator.py
[2024-03-13T00:32:03.314-0400] {logging_mixin.py:188} INFO - [2024-03-13T00:32:03.313-0400] {dag.py:3047} INFO - Sync 1 DAGs
[2024-03-13T00:32:03.514-0400] {logging_mixin.py:188} INFO - [2024-03-13T00:32:03.514-0400] {dag.py:3834} INFO - Setting next_dagrun for example_bash_operator to 2024-03-12 00:00:00+00:00, run_after=2024-03-13 00:00:00+00:00
[2024-03-13T00:32:03.604-0400] {processor.py:183} INFO - Processing /home/ironbong_jr/mlops/project/project/lib/python3.10/site-packages/airflow/example_dags/example_bash_operator.py took 0.417 seconds
[2024-03-13T00:35:58.094-0400] {processor.py:161} INFO - Started process (PID=434338) to work on /home/ironbong_jr/mlops/project/project/lib/python3.10/site-packages/airflow/example_dags/example_bash_operator.py
[2024-03-13T00:35:58.148-0400] {processor.py:830} INFO - Processing file /home/ironbong_jr/mlops/project/project/lib/python3.10/site-packages/airflow/example_dags/example_bash_operator.py for tasks to queue
[2024-03-13T00:35:58.151-0400] {logging_mixin.py:188} INFO - [2024-03-13T00:35:58.150-0400] {dagbag.py:540} INFO - Filling up the DagBag from /home/ironbong_jr/mlops/project/project/lib/python3.10/site-packages/airflow/example_dags/example_bash_operator.py
[2024-03-13T00:35:58.175-0400] {processor.py:840} INFO - DAG(s) 'example_bash_operator' retrieved from /home/ironbong_jr/mlops/project/project/lib/python3.10/site-packages/airflow/example_dags/example_bash_operator.py
[2024-03-13T00:35:58.243-0400] {logging_mixin.py:188} INFO - [2024-03-13T00:35:58.242-0400] {dag.py:3047} INFO - Sync 1 DAGs
[2024-03-13T00:35:58.287-0400] {logging_mixin.py:188} INFO - [2024-03-13T00:35:58.286-0400] {dag.py:3834} INFO - Setting next_dagrun for example_bash_operator to 2024-03-12 00:00:00+00:00, run_after=2024-03-13 00:00:00+00:00
[2024-03-13T00:35:58.386-0400] {processor.py:183} INFO - Processing /home/ironbong_jr/mlops/project/project/lib/python3.10/site-packages/airflow/example_dags/example_bash_operator.py took 0.297 seconds
[2024-03-13T00:38:09.600-0400] {processor.py:161} INFO - Started process (PID=434985) to work on /home/ironbong_jr/mlops/project/project/lib/python3.10/site-packages/airflow/example_dags/example_bash_operator.py
[2024-03-13T00:38:09.608-0400] {processor.py:830} INFO - Processing file /home/ironbong_jr/mlops/project/project/lib/python3.10/site-packages/airflow/example_dags/example_bash_operator.py for tasks to queue
[2024-03-13T00:38:09.610-0400] {logging_mixin.py:188} INFO - [2024-03-13T00:38:09.609-0400] {dagbag.py:540} INFO - Filling up the DagBag from /home/ironbong_jr/mlops/project/project/lib/python3.10/site-packages/airflow/example_dags/example_bash_operator.py
[2024-03-13T00:38:09.630-0400] {processor.py:840} INFO - DAG(s) 'example_bash_operator' retrieved from /home/ironbong_jr/mlops/project/project/lib/python3.10/site-packages/airflow/example_dags/example_bash_operator.py
[2024-03-13T00:38:09.686-0400] {logging_mixin.py:188} INFO - [2024-03-13T00:38:09.686-0400] {dag.py:3047} INFO - Sync 1 DAGs
[2024-03-13T00:38:09.721-0400] {logging_mixin.py:188} INFO - [2024-03-13T00:38:09.720-0400] {dag.py:3834} INFO - Setting next_dagrun for example_bash_operator to 2024-03-12 00:00:00+00:00, run_after=2024-03-13 00:00:00+00:00
[2024-03-13T00:38:09.812-0400] {processor.py:183} INFO - Processing /home/ironbong_jr/mlops/project/project/lib/python3.10/site-packages/airflow/example_dags/example_bash_operator.py took 0.219 seconds
[2024-03-13T00:39:46.117-0400] {processor.py:161} INFO - Started process (PID=435409) to work on /home/ironbong_jr/mlops/project/project/lib/python3.10/site-packages/airflow/example_dags/example_bash_operator.py
[2024-03-13T00:39:46.120-0400] {processor.py:830} INFO - Processing file /home/ironbong_jr/mlops/project/project/lib/python3.10/site-packages/airflow/example_dags/example_bash_operator.py for tasks to queue
[2024-03-13T00:39:46.121-0400] {logging_mixin.py:188} INFO - [2024-03-13T00:39:46.120-0400] {dagbag.py:540} INFO - Filling up the DagBag from /home/ironbong_jr/mlops/project/project/lib/python3.10/site-packages/airflow/example_dags/example_bash_operator.py
[2024-03-13T00:39:46.141-0400] {processor.py:840} INFO - DAG(s) 'example_bash_operator' retrieved from /home/ironbong_jr/mlops/project/project/lib/python3.10/site-packages/airflow/example_dags/example_bash_operator.py
[2024-03-13T00:39:46.192-0400] {logging_mixin.py:188} INFO - [2024-03-13T00:39:46.191-0400] {dag.py:3047} INFO - Sync 1 DAGs
[2024-03-13T00:39:46.230-0400] {logging_mixin.py:188} INFO - [2024-03-13T00:39:46.229-0400] {dag.py:3834} INFO - Setting next_dagrun for example_bash_operator to 2024-03-12 00:00:00+00:00, run_after=2024-03-13 00:00:00+00:00
[2024-03-13T00:39:46.281-0400] {processor.py:183} INFO - Processing /home/ironbong_jr/mlops/project/project/lib/python3.10/site-packages/airflow/example_dags/example_bash_operator.py took 0.169 seconds
[2024-03-13T00:41:11.379-0400] {processor.py:161} INFO - Started process (PID=435797) to work on /home/ironbong_jr/mlops/project/project/lib/python3.10/site-packages/airflow/example_dags/example_bash_operator.py
[2024-03-13T00:41:11.430-0400] {processor.py:830} INFO - Processing file /home/ironbong_jr/mlops/project/project/lib/python3.10/site-packages/airflow/example_dags/example_bash_operator.py for tasks to queue
[2024-03-13T00:41:11.433-0400] {logging_mixin.py:188} INFO - [2024-03-13T00:41:11.432-0400] {dagbag.py:540} INFO - Filling up the DagBag from /home/ironbong_jr/mlops/project/project/lib/python3.10/site-packages/airflow/example_dags/example_bash_operator.py
[2024-03-13T00:41:11.450-0400] {processor.py:840} INFO - DAG(s) 'example_bash_operator' retrieved from /home/ironbong_jr/mlops/project/project/lib/python3.10/site-packages/airflow/example_dags/example_bash_operator.py
[2024-03-13T00:41:11.495-0400] {logging_mixin.py:188} INFO - [2024-03-13T00:41:11.494-0400] {dag.py:3047} INFO - Sync 1 DAGs
[2024-03-13T00:41:11.526-0400] {logging_mixin.py:188} INFO - [2024-03-13T00:41:11.526-0400] {dag.py:3834} INFO - Setting next_dagrun for example_bash_operator to 2024-03-12 00:00:00+00:00, run_after=2024-03-13 00:00:00+00:00
[2024-03-13T00:41:11.573-0400] {processor.py:183} INFO - Processing /home/ironbong_jr/mlops/project/project/lib/python3.10/site-packages/airflow/example_dags/example_bash_operator.py took 0.204 seconds
[2024-03-13T00:44:16.035-0400] {processor.py:161} INFO - Started process (PID=436641) to work on /home/ironbong_jr/mlops/project/project/lib/python3.10/site-packages/airflow/example_dags/example_bash_operator.py
[2024-03-13T00:44:16.096-0400] {processor.py:830} INFO - Processing file /home/ironbong_jr/mlops/project/project/lib/python3.10/site-packages/airflow/example_dags/example_bash_operator.py for tasks to queue
[2024-03-13T00:44:16.099-0400] {logging_mixin.py:188} INFO - [2024-03-13T00:44:16.098-0400] {dagbag.py:540} INFO - Filling up the DagBag from /home/ironbong_jr/mlops/project/project/lib/python3.10/site-packages/airflow/example_dags/example_bash_operator.py
[2024-03-13T00:44:16.118-0400] {processor.py:840} INFO - DAG(s) 'example_bash_operator' retrieved from /home/ironbong_jr/mlops/project/project/lib/python3.10/site-packages/airflow/example_dags/example_bash_operator.py
[2024-03-13T00:44:16.148-0400] {logging_mixin.py:188} INFO - [2024-03-13T00:44:16.147-0400] {dag.py:3047} INFO - Sync 1 DAGs
[2024-03-13T00:44:16.169-0400] {logging_mixin.py:188} INFO - [2024-03-13T00:44:16.168-0400] {dag.py:3834} INFO - Setting next_dagrun for example_bash_operator to 2024-03-12 00:00:00+00:00, run_after=2024-03-13 00:00:00+00:00
[2024-03-13T00:44:16.207-0400] {processor.py:183} INFO - Processing /home/ironbong_jr/mlops/project/project/lib/python3.10/site-packages/airflow/example_dags/example_bash_operator.py took 0.177 seconds
[2024-03-13T00:45:38.045-0400] {processor.py:161} INFO - Started process (PID=436994) to work on /home/ironbong_jr/mlops/project/project/lib/python3.10/site-packages/airflow/example_dags/example_bash_operator.py
[2024-03-13T00:45:38.102-0400] {processor.py:830} INFO - Processing file /home/ironbong_jr/mlops/project/project/lib/python3.10/site-packages/airflow/example_dags/example_bash_operator.py for tasks to queue
[2024-03-13T00:45:38.105-0400] {logging_mixin.py:188} INFO - [2024-03-13T00:45:38.103-0400] {dagbag.py:540} INFO - Filling up the DagBag from /home/ironbong_jr/mlops/project/project/lib/python3.10/site-packages/airflow/example_dags/example_bash_operator.py
[2024-03-13T00:45:38.123-0400] {processor.py:840} INFO - DAG(s) 'example_bash_operator' retrieved from /home/ironbong_jr/mlops/project/project/lib/python3.10/site-packages/airflow/example_dags/example_bash_operator.py
[2024-03-13T00:45:38.155-0400] {logging_mixin.py:188} INFO - [2024-03-13T00:45:38.155-0400] {dag.py:3047} INFO - Sync 1 DAGs
[2024-03-13T00:45:38.177-0400] {logging_mixin.py:188} INFO - [2024-03-13T00:45:38.177-0400] {dag.py:3834} INFO - Setting next_dagrun for example_bash_operator to 2024-03-12 00:00:00+00:00, run_after=2024-03-13 00:00:00+00:00
[2024-03-13T00:45:38.210-0400] {processor.py:183} INFO - Processing /home/ironbong_jr/mlops/project/project/lib/python3.10/site-packages/airflow/example_dags/example_bash_operator.py took 0.183 seconds
[2024-03-13T15:49:22.532-0400] {processor.py:161} INFO - Started process (PID=453774) to work on /home/ironbong_jr/mlops/project/project/lib/python3.10/site-packages/airflow/example_dags/example_bash_operator.py
[2024-03-13T15:49:22.534-0400] {processor.py:830} INFO - Processing file /home/ironbong_jr/mlops/project/project/lib/python3.10/site-packages/airflow/example_dags/example_bash_operator.py for tasks to queue
[2024-03-13T15:49:22.535-0400] {logging_mixin.py:188} INFO - [2024-03-13T15:49:22.534-0400] {dagbag.py:540} INFO - Filling up the DagBag from /home/ironbong_jr/mlops/project/project/lib/python3.10/site-packages/airflow/example_dags/example_bash_operator.py
[2024-03-13T15:49:22.543-0400] {processor.py:840} INFO - DAG(s) 'example_bash_operator' retrieved from /home/ironbong_jr/mlops/project/project/lib/python3.10/site-packages/airflow/example_dags/example_bash_operator.py
[2024-03-13T15:49:22.647-0400] {logging_mixin.py:188} INFO - [2024-03-13T15:49:22.647-0400] {dag.py:3047} INFO - Sync 1 DAGs
[2024-03-13T15:49:22.657-0400] {logging_mixin.py:188} INFO - [2024-03-13T15:49:22.657-0400] {dag.py:3834} INFO - Setting next_dagrun for example_bash_operator to 2024-03-12 00:00:00+00:00, run_after=2024-03-13 00:00:00+00:00
[2024-03-13T15:49:22.678-0400] {processor.py:183} INFO - Processing /home/ironbong_jr/mlops/project/project/lib/python3.10/site-packages/airflow/example_dags/example_bash_operator.py took 0.148 seconds
[2024-03-13T15:51:31.043-0400] {processor.py:161} INFO - Started process (PID=454503) to work on /home/ironbong_jr/mlops/project/project/lib/python3.10/site-packages/airflow/example_dags/example_bash_operator.py
[2024-03-13T15:51:31.046-0400] {processor.py:830} INFO - Processing file /home/ironbong_jr/mlops/project/project/lib/python3.10/site-packages/airflow/example_dags/example_bash_operator.py for tasks to queue
[2024-03-13T15:51:31.047-0400] {logging_mixin.py:188} INFO - [2024-03-13T15:51:31.047-0400] {dagbag.py:540} INFO - Filling up the DagBag from /home/ironbong_jr/mlops/project/project/lib/python3.10/site-packages/airflow/example_dags/example_bash_operator.py
[2024-03-13T15:51:31.057-0400] {processor.py:840} INFO - DAG(s) 'example_bash_operator' retrieved from /home/ironbong_jr/mlops/project/project/lib/python3.10/site-packages/airflow/example_dags/example_bash_operator.py
[2024-03-13T15:51:31.077-0400] {logging_mixin.py:188} INFO - [2024-03-13T15:51:31.077-0400] {dag.py:3047} INFO - Sync 1 DAGs
[2024-03-13T15:51:31.088-0400] {logging_mixin.py:188} INFO - [2024-03-13T15:51:31.088-0400] {dag.py:3834} INFO - Setting next_dagrun for example_bash_operator to 2024-03-12 00:00:00+00:00, run_after=2024-03-13 00:00:00+00:00
[2024-03-13T15:51:31.112-0400] {processor.py:183} INFO - Processing /home/ironbong_jr/mlops/project/project/lib/python3.10/site-packages/airflow/example_dags/example_bash_operator.py took 0.071 seconds
[2024-03-13T15:52:27.076-0400] {processor.py:161} INFO - Started process (PID=454794) to work on /home/ironbong_jr/mlops/project/project/lib/python3.10/site-packages/airflow/example_dags/example_bash_operator.py
[2024-03-13T15:52:27.080-0400] {processor.py:830} INFO - Processing file /home/ironbong_jr/mlops/project/project/lib/python3.10/site-packages/airflow/example_dags/example_bash_operator.py for tasks to queue
[2024-03-13T15:52:27.081-0400] {logging_mixin.py:188} INFO - [2024-03-13T15:52:27.080-0400] {dagbag.py:540} INFO - Filling up the DagBag from /home/ironbong_jr/mlops/project/project/lib/python3.10/site-packages/airflow/example_dags/example_bash_operator.py
[2024-03-13T15:52:27.088-0400] {processor.py:840} INFO - DAG(s) 'example_bash_operator' retrieved from /home/ironbong_jr/mlops/project/project/lib/python3.10/site-packages/airflow/example_dags/example_bash_operator.py
[2024-03-13T15:52:27.100-0400] {logging_mixin.py:188} INFO - [2024-03-13T15:52:27.100-0400] {dag.py:3047} INFO - Sync 1 DAGs
[2024-03-13T15:52:27.113-0400] {logging_mixin.py:188} INFO - [2024-03-13T15:52:27.113-0400] {dag.py:3834} INFO - Setting next_dagrun for example_bash_operator to 2024-03-12 00:00:00+00:00, run_after=2024-03-13 00:00:00+00:00
[2024-03-13T15:52:27.134-0400] {processor.py:183} INFO - Processing /home/ironbong_jr/mlops/project/project/lib/python3.10/site-packages/airflow/example_dags/example_bash_operator.py took 0.060 seconds
[2024-03-13T15:53:20.207-0400] {processor.py:161} INFO - Started process (PID=455083) to work on /home/ironbong_jr/mlops/project/project/lib/python3.10/site-packages/airflow/example_dags/example_bash_operator.py
[2024-03-13T15:53:20.209-0400] {processor.py:830} INFO - Processing file /home/ironbong_jr/mlops/project/project/lib/python3.10/site-packages/airflow/example_dags/example_bash_operator.py for tasks to queue
[2024-03-13T15:53:20.210-0400] {logging_mixin.py:188} INFO - [2024-03-13T15:53:20.209-0400] {dagbag.py:540} INFO - Filling up the DagBag from /home/ironbong_jr/mlops/project/project/lib/python3.10/site-packages/airflow/example_dags/example_bash_operator.py
[2024-03-13T15:53:20.217-0400] {processor.py:840} INFO - DAG(s) 'example_bash_operator' retrieved from /home/ironbong_jr/mlops/project/project/lib/python3.10/site-packages/airflow/example_dags/example_bash_operator.py
[2024-03-13T15:53:20.230-0400] {logging_mixin.py:188} INFO - [2024-03-13T15:53:20.230-0400] {dag.py:3047} INFO - Sync 1 DAGs
[2024-03-13T15:53:20.241-0400] {logging_mixin.py:188} INFO - [2024-03-13T15:53:20.241-0400] {dag.py:3834} INFO - Setting next_dagrun for example_bash_operator to 2024-03-12 00:00:00+00:00, run_after=2024-03-13 00:00:00+00:00
[2024-03-13T15:53:20.263-0400] {processor.py:183} INFO - Processing /home/ironbong_jr/mlops/project/project/lib/python3.10/site-packages/airflow/example_dags/example_bash_operator.py took 0.058 seconds
[2024-03-13T15:54:14.515-0400] {processor.py:161} INFO - Started process (PID=455335) to work on /home/ironbong_jr/mlops/project/project/lib/python3.10/site-packages/airflow/example_dags/example_bash_operator.py
[2024-03-13T15:54:14.518-0400] {processor.py:830} INFO - Processing file /home/ironbong_jr/mlops/project/project/lib/python3.10/site-packages/airflow/example_dags/example_bash_operator.py for tasks to queue
[2024-03-13T15:54:14.519-0400] {logging_mixin.py:188} INFO - [2024-03-13T15:54:14.519-0400] {dagbag.py:540} INFO - Filling up the DagBag from /home/ironbong_jr/mlops/project/project/lib/python3.10/site-packages/airflow/example_dags/example_bash_operator.py
[2024-03-13T15:54:14.530-0400] {processor.py:840} INFO - DAG(s) 'example_bash_operator' retrieved from /home/ironbong_jr/mlops/project/project/lib/python3.10/site-packages/airflow/example_dags/example_bash_operator.py
[2024-03-13T15:54:14.545-0400] {logging_mixin.py:188} INFO - [2024-03-13T15:54:14.544-0400] {dag.py:3047} INFO - Sync 1 DAGs
[2024-03-13T15:54:14.561-0400] {logging_mixin.py:188} INFO - [2024-03-13T15:54:14.560-0400] {dag.py:3834} INFO - Setting next_dagrun for example_bash_operator to 2024-03-12 00:00:00+00:00, run_after=2024-03-13 00:00:00+00:00
[2024-03-13T15:54:14.587-0400] {processor.py:183} INFO - Processing /home/ironbong_jr/mlops/project/project/lib/python3.10/site-packages/airflow/example_dags/example_bash_operator.py took 0.074 seconds
[2024-03-13T15:55:07.139-0400] {processor.py:161} INFO - Started process (PID=455600) to work on /home/ironbong_jr/mlops/project/project/lib/python3.10/site-packages/airflow/example_dags/example_bash_operator.py
[2024-03-13T15:55:07.142-0400] {processor.py:830} INFO - Processing file /home/ironbong_jr/mlops/project/project/lib/python3.10/site-packages/airflow/example_dags/example_bash_operator.py for tasks to queue
[2024-03-13T15:55:07.143-0400] {logging_mixin.py:188} INFO - [2024-03-13T15:55:07.143-0400] {dagbag.py:540} INFO - Filling up the DagBag from /home/ironbong_jr/mlops/project/project/lib/python3.10/site-packages/airflow/example_dags/example_bash_operator.py
[2024-03-13T15:55:07.150-0400] {processor.py:840} INFO - DAG(s) 'example_bash_operator' retrieved from /home/ironbong_jr/mlops/project/project/lib/python3.10/site-packages/airflow/example_dags/example_bash_operator.py
[2024-03-13T15:55:07.163-0400] {logging_mixin.py:188} INFO - [2024-03-13T15:55:07.163-0400] {dag.py:3047} INFO - Sync 1 DAGs
[2024-03-13T15:55:07.178-0400] {logging_mixin.py:188} INFO - [2024-03-13T15:55:07.177-0400] {dag.py:3834} INFO - Setting next_dagrun for example_bash_operator to 2024-03-12 00:00:00+00:00, run_after=2024-03-13 00:00:00+00:00
[2024-03-13T15:55:07.208-0400] {processor.py:183} INFO - Processing /home/ironbong_jr/mlops/project/project/lib/python3.10/site-packages/airflow/example_dags/example_bash_operator.py took 0.071 seconds
[2024-03-13T15:55:57.448-0400] {processor.py:161} INFO - Started process (PID=455864) to work on /home/ironbong_jr/mlops/project/project/lib/python3.10/site-packages/airflow/example_dags/example_bash_operator.py
[2024-03-13T15:55:57.452-0400] {processor.py:830} INFO - Processing file /home/ironbong_jr/mlops/project/project/lib/python3.10/site-packages/airflow/example_dags/example_bash_operator.py for tasks to queue
[2024-03-13T15:55:57.453-0400] {logging_mixin.py:188} INFO - [2024-03-13T15:55:57.452-0400] {dagbag.py:540} INFO - Filling up the DagBag from /home/ironbong_jr/mlops/project/project/lib/python3.10/site-packages/airflow/example_dags/example_bash_operator.py
[2024-03-13T15:55:57.467-0400] {processor.py:840} INFO - DAG(s) 'example_bash_operator' retrieved from /home/ironbong_jr/mlops/project/project/lib/python3.10/site-packages/airflow/example_dags/example_bash_operator.py
[2024-03-13T15:55:57.489-0400] {logging_mixin.py:188} INFO - [2024-03-13T15:55:57.489-0400] {dag.py:3047} INFO - Sync 1 DAGs
[2024-03-13T15:55:57.507-0400] {logging_mixin.py:188} INFO - [2024-03-13T15:55:57.506-0400] {dag.py:3834} INFO - Setting next_dagrun for example_bash_operator to 2024-03-12 00:00:00+00:00, run_after=2024-03-13 00:00:00+00:00
[2024-03-13T15:55:57.537-0400] {processor.py:183} INFO - Processing /home/ironbong_jr/mlops/project/project/lib/python3.10/site-packages/airflow/example_dags/example_bash_operator.py took 0.091 seconds
[2024-03-13T15:56:48.614-0400] {processor.py:161} INFO - Started process (PID=456122) to work on /home/ironbong_jr/mlops/project/project/lib/python3.10/site-packages/airflow/example_dags/example_bash_operator.py
[2024-03-13T15:56:48.618-0400] {processor.py:830} INFO - Processing file /home/ironbong_jr/mlops/project/project/lib/python3.10/site-packages/airflow/example_dags/example_bash_operator.py for tasks to queue
[2024-03-13T15:56:48.619-0400] {logging_mixin.py:188} INFO - [2024-03-13T15:56:48.619-0400] {dagbag.py:540} INFO - Filling up the DagBag from /home/ironbong_jr/mlops/project/project/lib/python3.10/site-packages/airflow/example_dags/example_bash_operator.py
[2024-03-13T15:56:48.628-0400] {processor.py:840} INFO - DAG(s) 'example_bash_operator' retrieved from /home/ironbong_jr/mlops/project/project/lib/python3.10/site-packages/airflow/example_dags/example_bash_operator.py
[2024-03-13T15:56:48.644-0400] {logging_mixin.py:188} INFO - [2024-03-13T15:56:48.644-0400] {dag.py:3047} INFO - Sync 1 DAGs
[2024-03-13T15:56:48.657-0400] {logging_mixin.py:188} INFO - [2024-03-13T15:56:48.657-0400] {dag.py:3834} INFO - Setting next_dagrun for example_bash_operator to 2024-03-12 00:00:00+00:00, run_after=2024-03-13 00:00:00+00:00
[2024-03-13T15:56:48.679-0400] {processor.py:183} INFO - Processing /home/ironbong_jr/mlops/project/project/lib/python3.10/site-packages/airflow/example_dags/example_bash_operator.py took 0.068 seconds
[2024-03-13T15:58:02.491-0400] {processor.py:161} INFO - Started process (PID=456562) to work on /home/ironbong_jr/mlops/project/project/lib/python3.10/site-packages/airflow/example_dags/example_bash_operator.py
[2024-03-13T15:58:02.494-0400] {processor.py:830} INFO - Processing file /home/ironbong_jr/mlops/project/project/lib/python3.10/site-packages/airflow/example_dags/example_bash_operator.py for tasks to queue
[2024-03-13T15:58:02.495-0400] {logging_mixin.py:188} INFO - [2024-03-13T15:58:02.495-0400] {dagbag.py:540} INFO - Filling up the DagBag from /home/ironbong_jr/mlops/project/project/lib/python3.10/site-packages/airflow/example_dags/example_bash_operator.py
[2024-03-13T15:58:02.504-0400] {processor.py:840} INFO - DAG(s) 'example_bash_operator' retrieved from /home/ironbong_jr/mlops/project/project/lib/python3.10/site-packages/airflow/example_dags/example_bash_operator.py
[2024-03-13T15:58:02.520-0400] {logging_mixin.py:188} INFO - [2024-03-13T15:58:02.520-0400] {dag.py:3047} INFO - Sync 1 DAGs
[2024-03-13T15:58:02.537-0400] {logging_mixin.py:188} INFO - [2024-03-13T15:58:02.537-0400] {dag.py:3834} INFO - Setting next_dagrun for example_bash_operator to 2024-03-12 00:00:00+00:00, run_after=2024-03-13 00:00:00+00:00
[2024-03-13T15:58:02.566-0400] {processor.py:183} INFO - Processing /home/ironbong_jr/mlops/project/project/lib/python3.10/site-packages/airflow/example_dags/example_bash_operator.py took 0.079 seconds
[2024-03-13T15:58:54.062-0400] {processor.py:161} INFO - Started process (PID=456818) to work on /home/ironbong_jr/mlops/project/project/lib/python3.10/site-packages/airflow/example_dags/example_bash_operator.py
[2024-03-13T15:58:54.065-0400] {processor.py:830} INFO - Processing file /home/ironbong_jr/mlops/project/project/lib/python3.10/site-packages/airflow/example_dags/example_bash_operator.py for tasks to queue
[2024-03-13T15:58:54.066-0400] {logging_mixin.py:188} INFO - [2024-03-13T15:58:54.066-0400] {dagbag.py:540} INFO - Filling up the DagBag from /home/ironbong_jr/mlops/project/project/lib/python3.10/site-packages/airflow/example_dags/example_bash_operator.py
[2024-03-13T15:58:54.074-0400] {processor.py:840} INFO - DAG(s) 'example_bash_operator' retrieved from /home/ironbong_jr/mlops/project/project/lib/python3.10/site-packages/airflow/example_dags/example_bash_operator.py
[2024-03-13T15:58:54.088-0400] {logging_mixin.py:188} INFO - [2024-03-13T15:58:54.087-0400] {dag.py:3047} INFO - Sync 1 DAGs
[2024-03-13T15:58:54.100-0400] {logging_mixin.py:188} INFO - [2024-03-13T15:58:54.100-0400] {dag.py:3834} INFO - Setting next_dagrun for example_bash_operator to 2024-03-12 00:00:00+00:00, run_after=2024-03-13 00:00:00+00:00
[2024-03-13T15:58:54.122-0400] {processor.py:183} INFO - Processing /home/ironbong_jr/mlops/project/project/lib/python3.10/site-packages/airflow/example_dags/example_bash_operator.py took 0.062 seconds
[2024-03-13T15:59:45.671-0400] {processor.py:161} INFO - Started process (PID=457074) to work on /home/ironbong_jr/mlops/project/project/lib/python3.10/site-packages/airflow/example_dags/example_bash_operator.py
[2024-03-13T15:59:45.676-0400] {processor.py:830} INFO - Processing file /home/ironbong_jr/mlops/project/project/lib/python3.10/site-packages/airflow/example_dags/example_bash_operator.py for tasks to queue
[2024-03-13T15:59:45.677-0400] {logging_mixin.py:188} INFO - [2024-03-13T15:59:45.676-0400] {dagbag.py:540} INFO - Filling up the DagBag from /home/ironbong_jr/mlops/project/project/lib/python3.10/site-packages/airflow/example_dags/example_bash_operator.py
[2024-03-13T15:59:45.685-0400] {processor.py:840} INFO - DAG(s) 'example_bash_operator' retrieved from /home/ironbong_jr/mlops/project/project/lib/python3.10/site-packages/airflow/example_dags/example_bash_operator.py
[2024-03-13T15:59:45.699-0400] {logging_mixin.py:188} INFO - [2024-03-13T15:59:45.699-0400] {dag.py:3047} INFO - Sync 1 DAGs
[2024-03-13T15:59:45.715-0400] {logging_mixin.py:188} INFO - [2024-03-13T15:59:45.715-0400] {dag.py:3834} INFO - Setting next_dagrun for example_bash_operator to 2024-03-12 00:00:00+00:00, run_after=2024-03-13 00:00:00+00:00
[2024-03-13T15:59:45.738-0400] {processor.py:183} INFO - Processing /home/ironbong_jr/mlops/project/project/lib/python3.10/site-packages/airflow/example_dags/example_bash_operator.py took 0.069 seconds
[2024-03-13T16:00:37.502-0400] {processor.py:161} INFO - Started process (PID=457325) to work on /home/ironbong_jr/mlops/project/project/lib/python3.10/site-packages/airflow/example_dags/example_bash_operator.py
[2024-03-13T16:00:37.505-0400] {processor.py:830} INFO - Processing file /home/ironbong_jr/mlops/project/project/lib/python3.10/site-packages/airflow/example_dags/example_bash_operator.py for tasks to queue
[2024-03-13T16:00:37.506-0400] {logging_mixin.py:188} INFO - [2024-03-13T16:00:37.506-0400] {dagbag.py:540} INFO - Filling up the DagBag from /home/ironbong_jr/mlops/project/project/lib/python3.10/site-packages/airflow/example_dags/example_bash_operator.py
[2024-03-13T16:00:37.515-0400] {processor.py:840} INFO - DAG(s) 'example_bash_operator' retrieved from /home/ironbong_jr/mlops/project/project/lib/python3.10/site-packages/airflow/example_dags/example_bash_operator.py
[2024-03-13T16:00:37.527-0400] {logging_mixin.py:188} INFO - [2024-03-13T16:00:37.527-0400] {dag.py:3047} INFO - Sync 1 DAGs
[2024-03-13T16:00:37.539-0400] {logging_mixin.py:188} INFO - [2024-03-13T16:00:37.539-0400] {dag.py:3834} INFO - Setting next_dagrun for example_bash_operator to 2024-03-12 00:00:00+00:00, run_after=2024-03-13 00:00:00+00:00
[2024-03-13T16:00:37.561-0400] {processor.py:183} INFO - Processing /home/ironbong_jr/mlops/project/project/lib/python3.10/site-packages/airflow/example_dags/example_bash_operator.py took 0.061 seconds
[2024-03-13T16:01:27.061-0400] {processor.py:161} INFO - Started process (PID=457586) to work on /home/ironbong_jr/mlops/project/project/lib/python3.10/site-packages/airflow/example_dags/example_bash_operator.py
[2024-03-13T16:01:27.065-0400] {processor.py:830} INFO - Processing file /home/ironbong_jr/mlops/project/project/lib/python3.10/site-packages/airflow/example_dags/example_bash_operator.py for tasks to queue
[2024-03-13T16:01:27.066-0400] {logging_mixin.py:188} INFO - [2024-03-13T16:01:27.066-0400] {dagbag.py:540} INFO - Filling up the DagBag from /home/ironbong_jr/mlops/project/project/lib/python3.10/site-packages/airflow/example_dags/example_bash_operator.py
[2024-03-13T16:01:27.073-0400] {processor.py:840} INFO - DAG(s) 'example_bash_operator' retrieved from /home/ironbong_jr/mlops/project/project/lib/python3.10/site-packages/airflow/example_dags/example_bash_operator.py
[2024-03-13T16:01:27.087-0400] {logging_mixin.py:188} INFO - [2024-03-13T16:01:27.086-0400] {dag.py:3047} INFO - Sync 1 DAGs
[2024-03-13T16:01:27.099-0400] {logging_mixin.py:188} INFO - [2024-03-13T16:01:27.099-0400] {dag.py:3834} INFO - Setting next_dagrun for example_bash_operator to 2024-03-12 00:00:00+00:00, run_after=2024-03-13 00:00:00+00:00
[2024-03-13T16:01:27.121-0400] {processor.py:183} INFO - Processing /home/ironbong_jr/mlops/project/project/lib/python3.10/site-packages/airflow/example_dags/example_bash_operator.py took 0.061 seconds
[2024-03-13T16:02:18.976-0400] {processor.py:161} INFO - Started process (PID=457871) to work on /home/ironbong_jr/mlops/project/project/lib/python3.10/site-packages/airflow/example_dags/example_bash_operator.py
[2024-03-13T16:02:18.980-0400] {processor.py:830} INFO - Processing file /home/ironbong_jr/mlops/project/project/lib/python3.10/site-packages/airflow/example_dags/example_bash_operator.py for tasks to queue
[2024-03-13T16:02:18.981-0400] {logging_mixin.py:188} INFO - [2024-03-13T16:02:18.980-0400] {dagbag.py:540} INFO - Filling up the DagBag from /home/ironbong_jr/mlops/project/project/lib/python3.10/site-packages/airflow/example_dags/example_bash_operator.py
[2024-03-13T16:02:18.988-0400] {processor.py:840} INFO - DAG(s) 'example_bash_operator' retrieved from /home/ironbong_jr/mlops/project/project/lib/python3.10/site-packages/airflow/example_dags/example_bash_operator.py
[2024-03-13T16:02:19.004-0400] {logging_mixin.py:188} INFO - [2024-03-13T16:02:19.003-0400] {dag.py:3047} INFO - Sync 1 DAGs
[2024-03-13T16:02:19.019-0400] {logging_mixin.py:188} INFO - [2024-03-13T16:02:19.019-0400] {dag.py:3834} INFO - Setting next_dagrun for example_bash_operator to 2024-03-12 00:00:00+00:00, run_after=2024-03-13 00:00:00+00:00
[2024-03-13T16:02:19.045-0400] {processor.py:183} INFO - Processing /home/ironbong_jr/mlops/project/project/lib/python3.10/site-packages/airflow/example_dags/example_bash_operator.py took 0.071 seconds
[2024-03-13T16:03:08.129-0400] {processor.py:161} INFO - Started process (PID=458114) to work on /home/ironbong_jr/mlops/project/project/lib/python3.10/site-packages/airflow/example_dags/example_bash_operator.py
[2024-03-13T16:03:08.133-0400] {processor.py:830} INFO - Processing file /home/ironbong_jr/mlops/project/project/lib/python3.10/site-packages/airflow/example_dags/example_bash_operator.py for tasks to queue
[2024-03-13T16:03:08.134-0400] {logging_mixin.py:188} INFO - [2024-03-13T16:03:08.134-0400] {dagbag.py:540} INFO - Filling up the DagBag from /home/ironbong_jr/mlops/project/project/lib/python3.10/site-packages/airflow/example_dags/example_bash_operator.py
[2024-03-13T16:03:08.141-0400] {processor.py:840} INFO - DAG(s) 'example_bash_operator' retrieved from /home/ironbong_jr/mlops/project/project/lib/python3.10/site-packages/airflow/example_dags/example_bash_operator.py
[2024-03-13T16:03:08.155-0400] {logging_mixin.py:188} INFO - [2024-03-13T16:03:08.154-0400] {dag.py:3047} INFO - Sync 1 DAGs
[2024-03-13T16:03:08.166-0400] {logging_mixin.py:188} INFO - [2024-03-13T16:03:08.166-0400] {dag.py:3834} INFO - Setting next_dagrun for example_bash_operator to 2024-03-12 00:00:00+00:00, run_after=2024-03-13 00:00:00+00:00
[2024-03-13T16:03:08.187-0400] {processor.py:183} INFO - Processing /home/ironbong_jr/mlops/project/project/lib/python3.10/site-packages/airflow/example_dags/example_bash_operator.py took 0.060 seconds
[2024-03-13T16:04:11.325-0400] {processor.py:161} INFO - Started process (PID=458510) to work on /home/ironbong_jr/mlops/project/project/lib/python3.10/site-packages/airflow/example_dags/example_bash_operator.py
[2024-03-13T16:04:11.329-0400] {processor.py:830} INFO - Processing file /home/ironbong_jr/mlops/project/project/lib/python3.10/site-packages/airflow/example_dags/example_bash_operator.py for tasks to queue
[2024-03-13T16:04:11.330-0400] {logging_mixin.py:188} INFO - [2024-03-13T16:04:11.329-0400] {dagbag.py:540} INFO - Filling up the DagBag from /home/ironbong_jr/mlops/project/project/lib/python3.10/site-packages/airflow/example_dags/example_bash_operator.py
[2024-03-13T16:04:11.337-0400] {processor.py:840} INFO - DAG(s) 'example_bash_operator' retrieved from /home/ironbong_jr/mlops/project/project/lib/python3.10/site-packages/airflow/example_dags/example_bash_operator.py
[2024-03-13T16:04:11.350-0400] {logging_mixin.py:188} INFO - [2024-03-13T16:04:11.350-0400] {dag.py:3047} INFO - Sync 1 DAGs
[2024-03-13T16:04:11.362-0400] {logging_mixin.py:188} INFO - [2024-03-13T16:04:11.362-0400] {dag.py:3834} INFO - Setting next_dagrun for example_bash_operator to 2024-03-12 00:00:00+00:00, run_after=2024-03-13 00:00:00+00:00
[2024-03-13T16:04:11.384-0400] {processor.py:183} INFO - Processing /home/ironbong_jr/mlops/project/project/lib/python3.10/site-packages/airflow/example_dags/example_bash_operator.py took 0.060 seconds
[2024-03-13T16:05:06.540-0400] {processor.py:161} INFO - Started process (PID=458787) to work on /home/ironbong_jr/mlops/project/project/lib/python3.10/site-packages/airflow/example_dags/example_bash_operator.py
[2024-03-13T16:05:06.544-0400] {processor.py:830} INFO - Processing file /home/ironbong_jr/mlops/project/project/lib/python3.10/site-packages/airflow/example_dags/example_bash_operator.py for tasks to queue
[2024-03-13T16:05:06.544-0400] {logging_mixin.py:188} INFO - [2024-03-13T16:05:06.544-0400] {dagbag.py:540} INFO - Filling up the DagBag from /home/ironbong_jr/mlops/project/project/lib/python3.10/site-packages/airflow/example_dags/example_bash_operator.py
[2024-03-13T16:05:06.553-0400] {processor.py:840} INFO - DAG(s) 'example_bash_operator' retrieved from /home/ironbong_jr/mlops/project/project/lib/python3.10/site-packages/airflow/example_dags/example_bash_operator.py
[2024-03-13T16:05:06.566-0400] {logging_mixin.py:188} INFO - [2024-03-13T16:05:06.566-0400] {dag.py:3047} INFO - Sync 1 DAGs
[2024-03-13T16:05:06.577-0400] {logging_mixin.py:188} INFO - [2024-03-13T16:05:06.577-0400] {dag.py:3834} INFO - Setting next_dagrun for example_bash_operator to 2024-03-12 00:00:00+00:00, run_after=2024-03-13 00:00:00+00:00
[2024-03-13T16:05:06.600-0400] {processor.py:183} INFO - Processing /home/ironbong_jr/mlops/project/project/lib/python3.10/site-packages/airflow/example_dags/example_bash_operator.py took 0.062 seconds
[2024-03-13T16:05:52.433-0400] {processor.py:161} INFO - Started process (PID=459013) to work on /home/ironbong_jr/mlops/project/project/lib/python3.10/site-packages/airflow/example_dags/example_bash_operator.py
[2024-03-13T16:05:52.438-0400] {processor.py:830} INFO - Processing file /home/ironbong_jr/mlops/project/project/lib/python3.10/site-packages/airflow/example_dags/example_bash_operator.py for tasks to queue
[2024-03-13T16:05:52.439-0400] {logging_mixin.py:188} INFO - [2024-03-13T16:05:52.438-0400] {dagbag.py:540} INFO - Filling up the DagBag from /home/ironbong_jr/mlops/project/project/lib/python3.10/site-packages/airflow/example_dags/example_bash_operator.py
[2024-03-13T16:05:52.448-0400] {processor.py:840} INFO - DAG(s) 'example_bash_operator' retrieved from /home/ironbong_jr/mlops/project/project/lib/python3.10/site-packages/airflow/example_dags/example_bash_operator.py
[2024-03-13T16:05:52.465-0400] {logging_mixin.py:188} INFO - [2024-03-13T16:05:52.465-0400] {dag.py:3047} INFO - Sync 1 DAGs
[2024-03-13T16:05:52.479-0400] {logging_mixin.py:188} INFO - [2024-03-13T16:05:52.478-0400] {dag.py:3834} INFO - Setting next_dagrun for example_bash_operator to 2024-03-12 00:00:00+00:00, run_after=2024-03-13 00:00:00+00:00
[2024-03-13T16:05:52.514-0400] {processor.py:183} INFO - Processing /home/ironbong_jr/mlops/project/project/lib/python3.10/site-packages/airflow/example_dags/example_bash_operator.py took 0.084 seconds
[2024-03-13T16:06:46.899-0400] {processor.py:161} INFO - Started process (PID=459287) to work on /home/ironbong_jr/mlops/project/project/lib/python3.10/site-packages/airflow/example_dags/example_bash_operator.py
[2024-03-13T16:06:46.900-0400] {processor.py:830} INFO - Processing file /home/ironbong_jr/mlops/project/project/lib/python3.10/site-packages/airflow/example_dags/example_bash_operator.py for tasks to queue
[2024-03-13T16:06:46.902-0400] {logging_mixin.py:188} INFO - [2024-03-13T16:06:46.901-0400] {dagbag.py:540} INFO - Filling up the DagBag from /home/ironbong_jr/mlops/project/project/lib/python3.10/site-packages/airflow/example_dags/example_bash_operator.py
[2024-03-13T16:06:46.912-0400] {processor.py:840} INFO - DAG(s) 'example_bash_operator' retrieved from /home/ironbong_jr/mlops/project/project/lib/python3.10/site-packages/airflow/example_dags/example_bash_operator.py
[2024-03-13T16:06:46.930-0400] {logging_mixin.py:188} INFO - [2024-03-13T16:06:46.930-0400] {dag.py:3047} INFO - Sync 1 DAGs
[2024-03-13T16:06:46.945-0400] {logging_mixin.py:188} INFO - [2024-03-13T16:06:46.945-0400] {dag.py:3834} INFO - Setting next_dagrun for example_bash_operator to 2024-03-12 00:00:00+00:00, run_after=2024-03-13 00:00:00+00:00
[2024-03-13T16:06:46.968-0400] {processor.py:183} INFO - Processing /home/ironbong_jr/mlops/project/project/lib/python3.10/site-packages/airflow/example_dags/example_bash_operator.py took 0.071 seconds
[2024-03-13T16:07:39.673-0400] {processor.py:161} INFO - Started process (PID=459548) to work on /home/ironbong_jr/mlops/project/project/lib/python3.10/site-packages/airflow/example_dags/example_bash_operator.py
[2024-03-13T16:07:39.676-0400] {processor.py:830} INFO - Processing file /home/ironbong_jr/mlops/project/project/lib/python3.10/site-packages/airflow/example_dags/example_bash_operator.py for tasks to queue
[2024-03-13T16:07:39.677-0400] {logging_mixin.py:188} INFO - [2024-03-13T16:07:39.677-0400] {dagbag.py:540} INFO - Filling up the DagBag from /home/ironbong_jr/mlops/project/project/lib/python3.10/site-packages/airflow/example_dags/example_bash_operator.py
[2024-03-13T16:07:39.684-0400] {processor.py:840} INFO - DAG(s) 'example_bash_operator' retrieved from /home/ironbong_jr/mlops/project/project/lib/python3.10/site-packages/airflow/example_dags/example_bash_operator.py
[2024-03-13T16:07:39.696-0400] {logging_mixin.py:188} INFO - [2024-03-13T16:07:39.696-0400] {dag.py:3047} INFO - Sync 1 DAGs
[2024-03-13T16:07:39.713-0400] {logging_mixin.py:188} INFO - [2024-03-13T16:07:39.713-0400] {dag.py:3834} INFO - Setting next_dagrun for example_bash_operator to 2024-03-12 00:00:00+00:00, run_after=2024-03-13 00:00:00+00:00
[2024-03-13T16:07:39.737-0400] {processor.py:183} INFO - Processing /home/ironbong_jr/mlops/project/project/lib/python3.10/site-packages/airflow/example_dags/example_bash_operator.py took 0.066 seconds
[2024-03-13T16:08:32.103-0400] {processor.py:161} INFO - Started process (PID=459801) to work on /home/ironbong_jr/mlops/project/project/lib/python3.10/site-packages/airflow/example_dags/example_bash_operator.py
[2024-03-13T16:08:32.109-0400] {processor.py:830} INFO - Processing file /home/ironbong_jr/mlops/project/project/lib/python3.10/site-packages/airflow/example_dags/example_bash_operator.py for tasks to queue
[2024-03-13T16:08:32.109-0400] {logging_mixin.py:188} INFO - [2024-03-13T16:08:32.109-0400] {dagbag.py:540} INFO - Filling up the DagBag from /home/ironbong_jr/mlops/project/project/lib/python3.10/site-packages/airflow/example_dags/example_bash_operator.py
[2024-03-13T16:08:32.135-0400] {processor.py:840} INFO - DAG(s) 'example_bash_operator' retrieved from /home/ironbong_jr/mlops/project/project/lib/python3.10/site-packages/airflow/example_dags/example_bash_operator.py
[2024-03-13T16:08:32.195-0400] {logging_mixin.py:188} INFO - [2024-03-13T16:08:32.194-0400] {dag.py:3047} INFO - Sync 1 DAGs
[2024-03-13T16:08:32.234-0400] {logging_mixin.py:188} INFO - [2024-03-13T16:08:32.234-0400] {dag.py:3834} INFO - Setting next_dagrun for example_bash_operator to 2024-03-12 00:00:00+00:00, run_after=2024-03-13 00:00:00+00:00
[2024-03-13T16:08:32.278-0400] {processor.py:183} INFO - Processing /home/ironbong_jr/mlops/project/project/lib/python3.10/site-packages/airflow/example_dags/example_bash_operator.py took 0.182 seconds
[2024-03-13T16:09:22.205-0400] {processor.py:161} INFO - Started process (PID=460050) to work on /home/ironbong_jr/mlops/project/project/lib/python3.10/site-packages/airflow/example_dags/example_bash_operator.py
[2024-03-13T16:09:22.208-0400] {processor.py:830} INFO - Processing file /home/ironbong_jr/mlops/project/project/lib/python3.10/site-packages/airflow/example_dags/example_bash_operator.py for tasks to queue
[2024-03-13T16:09:22.209-0400] {logging_mixin.py:188} INFO - [2024-03-13T16:09:22.208-0400] {dagbag.py:540} INFO - Filling up the DagBag from /home/ironbong_jr/mlops/project/project/lib/python3.10/site-packages/airflow/example_dags/example_bash_operator.py
[2024-03-13T16:09:22.216-0400] {processor.py:840} INFO - DAG(s) 'example_bash_operator' retrieved from /home/ironbong_jr/mlops/project/project/lib/python3.10/site-packages/airflow/example_dags/example_bash_operator.py
[2024-03-13T16:09:22.228-0400] {logging_mixin.py:188} INFO - [2024-03-13T16:09:22.228-0400] {dag.py:3047} INFO - Sync 1 DAGs
[2024-03-13T16:09:22.240-0400] {logging_mixin.py:188} INFO - [2024-03-13T16:09:22.240-0400] {dag.py:3834} INFO - Setting next_dagrun for example_bash_operator to 2024-03-12 00:00:00+00:00, run_after=2024-03-13 00:00:00+00:00
[2024-03-13T16:09:22.261-0400] {processor.py:183} INFO - Processing /home/ironbong_jr/mlops/project/project/lib/python3.10/site-packages/airflow/example_dags/example_bash_operator.py took 0.059 seconds
[2024-03-13T16:10:10.989-0400] {processor.py:161} INFO - Started process (PID=460299) to work on /home/ironbong_jr/mlops/project/project/lib/python3.10/site-packages/airflow/example_dags/example_bash_operator.py
[2024-03-13T16:10:10.991-0400] {processor.py:830} INFO - Processing file /home/ironbong_jr/mlops/project/project/lib/python3.10/site-packages/airflow/example_dags/example_bash_operator.py for tasks to queue
[2024-03-13T16:10:10.992-0400] {logging_mixin.py:188} INFO - [2024-03-13T16:10:10.991-0400] {dagbag.py:540} INFO - Filling up the DagBag from /home/ironbong_jr/mlops/project/project/lib/python3.10/site-packages/airflow/example_dags/example_bash_operator.py
[2024-03-13T16:10:10.999-0400] {processor.py:840} INFO - DAG(s) 'example_bash_operator' retrieved from /home/ironbong_jr/mlops/project/project/lib/python3.10/site-packages/airflow/example_dags/example_bash_operator.py
[2024-03-13T16:10:11.011-0400] {logging_mixin.py:188} INFO - [2024-03-13T16:10:11.011-0400] {dag.py:3047} INFO - Sync 1 DAGs
[2024-03-13T16:10:11.023-0400] {logging_mixin.py:188} INFO - [2024-03-13T16:10:11.023-0400] {dag.py:3834} INFO - Setting next_dagrun for example_bash_operator to 2024-03-12 00:00:00+00:00, run_after=2024-03-13 00:00:00+00:00
[2024-03-13T16:10:11.043-0400] {processor.py:183} INFO - Processing /home/ironbong_jr/mlops/project/project/lib/python3.10/site-packages/airflow/example_dags/example_bash_operator.py took 0.055 seconds
[2024-03-13T16:10:59.176-0400] {processor.py:161} INFO - Started process (PID=460530) to work on /home/ironbong_jr/mlops/project/project/lib/python3.10/site-packages/airflow/example_dags/example_bash_operator.py
[2024-03-13T16:10:59.180-0400] {processor.py:830} INFO - Processing file /home/ironbong_jr/mlops/project/project/lib/python3.10/site-packages/airflow/example_dags/example_bash_operator.py for tasks to queue
[2024-03-13T16:10:59.180-0400] {logging_mixin.py:188} INFO - [2024-03-13T16:10:59.180-0400] {dagbag.py:540} INFO - Filling up the DagBag from /home/ironbong_jr/mlops/project/project/lib/python3.10/site-packages/airflow/example_dags/example_bash_operator.py
[2024-03-13T16:10:59.187-0400] {processor.py:840} INFO - DAG(s) 'example_bash_operator' retrieved from /home/ironbong_jr/mlops/project/project/lib/python3.10/site-packages/airflow/example_dags/example_bash_operator.py
[2024-03-13T16:10:59.200-0400] {logging_mixin.py:188} INFO - [2024-03-13T16:10:59.199-0400] {dag.py:3047} INFO - Sync 1 DAGs
[2024-03-13T16:10:59.211-0400] {logging_mixin.py:188} INFO - [2024-03-13T16:10:59.211-0400] {dag.py:3834} INFO - Setting next_dagrun for example_bash_operator to 2024-03-12 00:00:00+00:00, run_after=2024-03-13 00:00:00+00:00
[2024-03-13T16:10:59.233-0400] {processor.py:183} INFO - Processing /home/ironbong_jr/mlops/project/project/lib/python3.10/site-packages/airflow/example_dags/example_bash_operator.py took 0.058 seconds
[2024-03-13T16:11:49.996-0400] {processor.py:161} INFO - Started process (PID=460786) to work on /home/ironbong_jr/mlops/project/project/lib/python3.10/site-packages/airflow/example_dags/example_bash_operator.py
[2024-03-13T16:11:49.998-0400] {processor.py:830} INFO - Processing file /home/ironbong_jr/mlops/project/project/lib/python3.10/site-packages/airflow/example_dags/example_bash_operator.py for tasks to queue
[2024-03-13T16:11:49.999-0400] {logging_mixin.py:188} INFO - [2024-03-13T16:11:49.999-0400] {dagbag.py:540} INFO - Filling up the DagBag from /home/ironbong_jr/mlops/project/project/lib/python3.10/site-packages/airflow/example_dags/example_bash_operator.py
[2024-03-13T16:11:50.012-0400] {processor.py:840} INFO - DAG(s) 'example_bash_operator' retrieved from /home/ironbong_jr/mlops/project/project/lib/python3.10/site-packages/airflow/example_dags/example_bash_operator.py
[2024-03-13T16:11:50.031-0400] {logging_mixin.py:188} INFO - [2024-03-13T16:11:50.031-0400] {dag.py:3047} INFO - Sync 1 DAGs
[2024-03-13T16:11:50.047-0400] {logging_mixin.py:188} INFO - [2024-03-13T16:11:50.047-0400] {dag.py:3834} INFO - Setting next_dagrun for example_bash_operator to 2024-03-12 00:00:00+00:00, run_after=2024-03-13 00:00:00+00:00
[2024-03-13T16:11:50.070-0400] {processor.py:183} INFO - Processing /home/ironbong_jr/mlops/project/project/lib/python3.10/site-packages/airflow/example_dags/example_bash_operator.py took 0.076 seconds
[2024-03-13T16:12:40.372-0400] {processor.py:161} INFO - Started process (PID=461035) to work on /home/ironbong_jr/mlops/project/project/lib/python3.10/site-packages/airflow/example_dags/example_bash_operator.py
[2024-03-13T16:12:40.376-0400] {processor.py:830} INFO - Processing file /home/ironbong_jr/mlops/project/project/lib/python3.10/site-packages/airflow/example_dags/example_bash_operator.py for tasks to queue
[2024-03-13T16:12:40.377-0400] {logging_mixin.py:188} INFO - [2024-03-13T16:12:40.376-0400] {dagbag.py:540} INFO - Filling up the DagBag from /home/ironbong_jr/mlops/project/project/lib/python3.10/site-packages/airflow/example_dags/example_bash_operator.py
[2024-03-13T16:12:40.391-0400] {processor.py:840} INFO - DAG(s) 'example_bash_operator' retrieved from /home/ironbong_jr/mlops/project/project/lib/python3.10/site-packages/airflow/example_dags/example_bash_operator.py
[2024-03-13T16:12:40.417-0400] {logging_mixin.py:188} INFO - [2024-03-13T16:12:40.416-0400] {dag.py:3047} INFO - Sync 1 DAGs
[2024-03-13T16:12:40.434-0400] {logging_mixin.py:188} INFO - [2024-03-13T16:12:40.433-0400] {dag.py:3834} INFO - Setting next_dagrun for example_bash_operator to 2024-03-12 00:00:00+00:00, run_after=2024-03-13 00:00:00+00:00
[2024-03-13T16:12:40.458-0400] {processor.py:183} INFO - Processing /home/ironbong_jr/mlops/project/project/lib/python3.10/site-packages/airflow/example_dags/example_bash_operator.py took 0.090 seconds
