[2024-03-12T21:21:27.788-0400] {processor.py:161} INFO - Started process (PID=406910) to work on /home/ironbong_jr/mlops/project/project/lib/python3.10/site-packages/airflow/example_dags/example_branch_labels.py
[2024-03-12T21:21:27.790-0400] {processor.py:830} INFO - Processing file /home/ironbong_jr/mlops/project/project/lib/python3.10/site-packages/airflow/example_dags/example_branch_labels.py for tasks to queue
[2024-03-12T21:21:27.793-0400] {logging_mixin.py:188} INFO - [2024-03-12T21:21:27.792-0400] {dagbag.py:540} INFO - Filling up the DagBag from /home/ironbong_jr/mlops/project/project/lib/python3.10/site-packages/airflow/example_dags/example_branch_labels.py
[2024-03-12T21:21:27.823-0400] {processor.py:840} INFO - DAG(s) 'example_branch_labels' retrieved from /home/ironbong_jr/mlops/project/project/lib/python3.10/site-packages/airflow/example_dags/example_branch_labels.py
[2024-03-12T21:21:28.033-0400] {logging_mixin.py:188} INFO - [2024-03-12T21:21:28.032-0400] {dag.py:3047} INFO - Sync 1 DAGs
[2024-03-12T21:21:28.089-0400] {logging_mixin.py:188} INFO - [2024-03-12T21:21:28.088-0400] {dag.py:3834} INFO - Setting next_dagrun for example_branch_labels to 2024-03-12 00:00:00+00:00, run_after=2024-03-13 00:00:00+00:00
[2024-03-12T21:21:28.188-0400] {processor.py:183} INFO - Processing /home/ironbong_jr/mlops/project/project/lib/python3.10/site-packages/airflow/example_dags/example_branch_labels.py took 0.408 seconds
[2024-03-12T21:22:55.226-0400] {processor.py:161} INFO - Started process (PID=407281) to work on /home/ironbong_jr/mlops/project/project/lib/python3.10/site-packages/airflow/example_dags/example_branch_labels.py
[2024-03-12T21:22:55.230-0400] {processor.py:830} INFO - Processing file /home/ironbong_jr/mlops/project/project/lib/python3.10/site-packages/airflow/example_dags/example_branch_labels.py for tasks to queue
[2024-03-12T21:22:55.232-0400] {logging_mixin.py:188} INFO - [2024-03-12T21:22:55.231-0400] {dagbag.py:540} INFO - Filling up the DagBag from /home/ironbong_jr/mlops/project/project/lib/python3.10/site-packages/airflow/example_dags/example_branch_labels.py
[2024-03-12T21:22:55.247-0400] {processor.py:840} INFO - DAG(s) 'example_branch_labels' retrieved from /home/ironbong_jr/mlops/project/project/lib/python3.10/site-packages/airflow/example_dags/example_branch_labels.py
[2024-03-12T21:22:55.302-0400] {logging_mixin.py:188} INFO - [2024-03-12T21:22:55.301-0400] {dag.py:3047} INFO - Sync 1 DAGs
[2024-03-12T21:22:55.336-0400] {logging_mixin.py:188} INFO - [2024-03-12T21:22:55.336-0400] {dag.py:3834} INFO - Setting next_dagrun for example_branch_labels to 2024-03-12 00:00:00+00:00, run_after=2024-03-13 00:00:00+00:00
[2024-03-12T21:22:55.478-0400] {processor.py:183} INFO - Processing /home/ironbong_jr/mlops/project/project/lib/python3.10/site-packages/airflow/example_dags/example_branch_labels.py took 0.257 seconds
[2024-03-12T21:26:21.335-0400] {processor.py:161} INFO - Started process (PID=408211) to work on /home/ironbong_jr/mlops/project/project/lib/python3.10/site-packages/airflow/example_dags/example_branch_labels.py
[2024-03-12T21:26:21.382-0400] {processor.py:830} INFO - Processing file /home/ironbong_jr/mlops/project/project/lib/python3.10/site-packages/airflow/example_dags/example_branch_labels.py for tasks to queue
[2024-03-12T21:26:21.385-0400] {logging_mixin.py:188} INFO - [2024-03-12T21:26:21.384-0400] {dagbag.py:540} INFO - Filling up the DagBag from /home/ironbong_jr/mlops/project/project/lib/python3.10/site-packages/airflow/example_dags/example_branch_labels.py
[2024-03-12T21:26:21.402-0400] {processor.py:840} INFO - DAG(s) 'example_branch_labels' retrieved from /home/ironbong_jr/mlops/project/project/lib/python3.10/site-packages/airflow/example_dags/example_branch_labels.py
[2024-03-12T21:26:21.442-0400] {logging_mixin.py:188} INFO - [2024-03-12T21:26:21.441-0400] {dag.py:3047} INFO - Sync 1 DAGs
[2024-03-12T21:26:21.494-0400] {logging_mixin.py:188} INFO - [2024-03-12T21:26:21.493-0400] {dag.py:3834} INFO - Setting next_dagrun for example_branch_labels to 2024-03-12 00:00:00+00:00, run_after=2024-03-13 00:00:00+00:00
[2024-03-12T21:26:21.569-0400] {processor.py:183} INFO - Processing /home/ironbong_jr/mlops/project/project/lib/python3.10/site-packages/airflow/example_dags/example_branch_labels.py took 0.247 seconds
[2024-03-12T21:27:34.123-0400] {processor.py:161} INFO - Started process (PID=408530) to work on /home/ironbong_jr/mlops/project/project/lib/python3.10/site-packages/airflow/example_dags/example_branch_labels.py
[2024-03-12T21:27:34.174-0400] {processor.py:830} INFO - Processing file /home/ironbong_jr/mlops/project/project/lib/python3.10/site-packages/airflow/example_dags/example_branch_labels.py for tasks to queue
[2024-03-12T21:27:34.176-0400] {logging_mixin.py:188} INFO - [2024-03-12T21:27:34.175-0400] {dagbag.py:540} INFO - Filling up the DagBag from /home/ironbong_jr/mlops/project/project/lib/python3.10/site-packages/airflow/example_dags/example_branch_labels.py
[2024-03-12T21:27:34.195-0400] {processor.py:840} INFO - DAG(s) 'example_branch_labels' retrieved from /home/ironbong_jr/mlops/project/project/lib/python3.10/site-packages/airflow/example_dags/example_branch_labels.py
[2024-03-12T21:27:34.226-0400] {logging_mixin.py:188} INFO - [2024-03-12T21:27:34.226-0400] {dag.py:3047} INFO - Sync 1 DAGs
[2024-03-12T21:27:34.268-0400] {logging_mixin.py:188} INFO - [2024-03-12T21:27:34.268-0400] {dag.py:3834} INFO - Setting next_dagrun for example_branch_labels to 2024-03-12 00:00:00+00:00, run_after=2024-03-13 00:00:00+00:00
[2024-03-12T21:27:34.326-0400] {processor.py:183} INFO - Processing /home/ironbong_jr/mlops/project/project/lib/python3.10/site-packages/airflow/example_dags/example_branch_labels.py took 0.212 seconds
[2024-03-12T21:29:13.612-0400] {processor.py:161} INFO - Started process (PID=409002) to work on /home/ironbong_jr/mlops/project/project/lib/python3.10/site-packages/airflow/example_dags/example_branch_labels.py
[2024-03-12T21:29:13.616-0400] {processor.py:830} INFO - Processing file /home/ironbong_jr/mlops/project/project/lib/python3.10/site-packages/airflow/example_dags/example_branch_labels.py for tasks to queue
[2024-03-12T21:29:13.618-0400] {logging_mixin.py:188} INFO - [2024-03-12T21:29:13.617-0400] {dagbag.py:540} INFO - Filling up the DagBag from /home/ironbong_jr/mlops/project/project/lib/python3.10/site-packages/airflow/example_dags/example_branch_labels.py
[2024-03-12T21:29:13.637-0400] {processor.py:840} INFO - DAG(s) 'example_branch_labels' retrieved from /home/ironbong_jr/mlops/project/project/lib/python3.10/site-packages/airflow/example_dags/example_branch_labels.py
[2024-03-12T21:29:13.692-0400] {logging_mixin.py:188} INFO - [2024-03-12T21:29:13.690-0400] {dag.py:3047} INFO - Sync 1 DAGs
[2024-03-12T21:29:13.751-0400] {logging_mixin.py:188} INFO - [2024-03-12T21:29:13.750-0400] {dag.py:3834} INFO - Setting next_dagrun for example_branch_labels to 2024-03-12 00:00:00+00:00, run_after=2024-03-13 00:00:00+00:00
[2024-03-12T21:29:13.858-0400] {processor.py:183} INFO - Processing /home/ironbong_jr/mlops/project/project/lib/python3.10/site-packages/airflow/example_dags/example_branch_labels.py took 0.253 seconds
[2024-03-12T21:30:41.021-0400] {processor.py:161} INFO - Started process (PID=409441) to work on /home/ironbong_jr/mlops/project/project/lib/python3.10/site-packages/airflow/example_dags/example_branch_labels.py
[2024-03-12T21:30:41.046-0400] {processor.py:830} INFO - Processing file /home/ironbong_jr/mlops/project/project/lib/python3.10/site-packages/airflow/example_dags/example_branch_labels.py for tasks to queue
[2024-03-12T21:30:41.049-0400] {logging_mixin.py:188} INFO - [2024-03-12T21:30:41.048-0400] {dagbag.py:540} INFO - Filling up the DagBag from /home/ironbong_jr/mlops/project/project/lib/python3.10/site-packages/airflow/example_dags/example_branch_labels.py
[2024-03-12T21:30:41.079-0400] {processor.py:840} INFO - DAG(s) 'example_branch_labels' retrieved from /home/ironbong_jr/mlops/project/project/lib/python3.10/site-packages/airflow/example_dags/example_branch_labels.py
[2024-03-12T21:30:41.125-0400] {logging_mixin.py:188} INFO - [2024-03-12T21:30:41.124-0400] {dag.py:3047} INFO - Sync 1 DAGs
[2024-03-12T21:30:41.185-0400] {logging_mixin.py:188} INFO - [2024-03-12T21:30:41.184-0400] {dag.py:3834} INFO - Setting next_dagrun for example_branch_labels to 2024-03-12 00:00:00+00:00, run_after=2024-03-13 00:00:00+00:00
[2024-03-12T21:30:41.325-0400] {processor.py:183} INFO - Processing /home/ironbong_jr/mlops/project/project/lib/python3.10/site-packages/airflow/example_dags/example_branch_labels.py took 0.311 seconds
[2024-03-12T21:32:21.184-0400] {processor.py:161} INFO - Started process (PID=409938) to work on /home/ironbong_jr/mlops/project/project/lib/python3.10/site-packages/airflow/example_dags/example_branch_labels.py
[2024-03-12T21:32:21.233-0400] {processor.py:830} INFO - Processing file /home/ironbong_jr/mlops/project/project/lib/python3.10/site-packages/airflow/example_dags/example_branch_labels.py for tasks to queue
[2024-03-12T21:32:21.236-0400] {logging_mixin.py:188} INFO - [2024-03-12T21:32:21.235-0400] {dagbag.py:540} INFO - Filling up the DagBag from /home/ironbong_jr/mlops/project/project/lib/python3.10/site-packages/airflow/example_dags/example_branch_labels.py
[2024-03-12T21:32:21.251-0400] {processor.py:840} INFO - DAG(s) 'example_branch_labels' retrieved from /home/ironbong_jr/mlops/project/project/lib/python3.10/site-packages/airflow/example_dags/example_branch_labels.py
[2024-03-12T21:32:21.286-0400] {logging_mixin.py:188} INFO - [2024-03-12T21:32:21.285-0400] {dag.py:3047} INFO - Sync 1 DAGs
[2024-03-12T21:32:21.322-0400] {logging_mixin.py:188} INFO - [2024-03-12T21:32:21.322-0400] {dag.py:3834} INFO - Setting next_dagrun for example_branch_labels to 2024-03-12 00:00:00+00:00, run_after=2024-03-13 00:00:00+00:00
[2024-03-12T21:32:21.469-0400] {processor.py:183} INFO - Processing /home/ironbong_jr/mlops/project/project/lib/python3.10/site-packages/airflow/example_dags/example_branch_labels.py took 0.291 seconds
[2024-03-12T21:34:01.920-0400] {processor.py:161} INFO - Started process (PID=410483) to work on /home/ironbong_jr/mlops/project/project/lib/python3.10/site-packages/airflow/example_dags/example_branch_labels.py
[2024-03-12T21:34:01.966-0400] {processor.py:830} INFO - Processing file /home/ironbong_jr/mlops/project/project/lib/python3.10/site-packages/airflow/example_dags/example_branch_labels.py for tasks to queue
[2024-03-12T21:34:01.969-0400] {logging_mixin.py:188} INFO - [2024-03-12T21:34:01.968-0400] {dagbag.py:540} INFO - Filling up the DagBag from /home/ironbong_jr/mlops/project/project/lib/python3.10/site-packages/airflow/example_dags/example_branch_labels.py
[2024-03-12T21:34:01.986-0400] {processor.py:840} INFO - DAG(s) 'example_branch_labels' retrieved from /home/ironbong_jr/mlops/project/project/lib/python3.10/site-packages/airflow/example_dags/example_branch_labels.py
[2024-03-12T21:34:02.020-0400] {logging_mixin.py:188} INFO - [2024-03-12T21:34:02.019-0400] {dag.py:3047} INFO - Sync 1 DAGs
[2024-03-12T21:34:02.055-0400] {logging_mixin.py:188} INFO - [2024-03-12T21:34:02.055-0400] {dag.py:3834} INFO - Setting next_dagrun for example_branch_labels to 2024-03-12 00:00:00+00:00, run_after=2024-03-13 00:00:00+00:00
[2024-03-12T21:34:02.098-0400] {processor.py:183} INFO - Processing /home/ironbong_jr/mlops/project/project/lib/python3.10/site-packages/airflow/example_dags/example_branch_labels.py took 0.185 seconds
[2024-03-12T23:25:45.378-0400] {processor.py:161} INFO - Started process (PID=417590) to work on /home/ironbong_jr/mlops/project/project/lib/python3.10/site-packages/airflow/example_dags/example_branch_labels.py
[2024-03-12T23:25:45.429-0400] {processor.py:830} INFO - Processing file /home/ironbong_jr/mlops/project/project/lib/python3.10/site-packages/airflow/example_dags/example_branch_labels.py for tasks to queue
[2024-03-12T23:25:45.432-0400] {logging_mixin.py:188} INFO - [2024-03-12T23:25:45.431-0400] {dagbag.py:540} INFO - Filling up the DagBag from /home/ironbong_jr/mlops/project/project/lib/python3.10/site-packages/airflow/example_dags/example_branch_labels.py
[2024-03-12T23:25:45.468-0400] {processor.py:840} INFO - DAG(s) 'example_branch_labels' retrieved from /home/ironbong_jr/mlops/project/project/lib/python3.10/site-packages/airflow/example_dags/example_branch_labels.py
[2024-03-12T23:25:45.626-0400] {logging_mixin.py:188} INFO - [2024-03-12T23:25:45.625-0400] {dag.py:3047} INFO - Sync 1 DAGs
[2024-03-12T23:25:45.657-0400] {logging_mixin.py:188} INFO - [2024-03-12T23:25:45.656-0400] {dag.py:3834} INFO - Setting next_dagrun for example_branch_labels to 2024-03-12 00:00:00+00:00, run_after=2024-03-13 00:00:00+00:00
[2024-03-12T23:25:45.702-0400] {processor.py:183} INFO - Processing /home/ironbong_jr/mlops/project/project/lib/python3.10/site-packages/airflow/example_dags/example_branch_labels.py took 0.329 seconds
[2024-03-12T23:29:08.840-0400] {processor.py:161} INFO - Started process (PID=418413) to work on /home/ironbong_jr/mlops/project/project/lib/python3.10/site-packages/airflow/example_dags/example_branch_labels.py
[2024-03-12T23:29:08.891-0400] {processor.py:830} INFO - Processing file /home/ironbong_jr/mlops/project/project/lib/python3.10/site-packages/airflow/example_dags/example_branch_labels.py for tasks to queue
[2024-03-12T23:29:08.894-0400] {logging_mixin.py:188} INFO - [2024-03-12T23:29:08.892-0400] {dagbag.py:540} INFO - Filling up the DagBag from /home/ironbong_jr/mlops/project/project/lib/python3.10/site-packages/airflow/example_dags/example_branch_labels.py
[2024-03-12T23:29:08.909-0400] {processor.py:840} INFO - DAG(s) 'example_branch_labels' retrieved from /home/ironbong_jr/mlops/project/project/lib/python3.10/site-packages/airflow/example_dags/example_branch_labels.py
[2024-03-12T23:29:08.953-0400] {logging_mixin.py:188} INFO - [2024-03-12T23:29:08.952-0400] {dag.py:3047} INFO - Sync 1 DAGs
[2024-03-12T23:29:08.983-0400] {logging_mixin.py:188} INFO - [2024-03-12T23:29:08.982-0400] {dag.py:3834} INFO - Setting next_dagrun for example_branch_labels to 2024-03-12 00:00:00+00:00, run_after=2024-03-13 00:00:00+00:00
[2024-03-12T23:29:09.094-0400] {processor.py:183} INFO - Processing /home/ironbong_jr/mlops/project/project/lib/python3.10/site-packages/airflow/example_dags/example_branch_labels.py took 0.261 seconds
[2024-03-12T23:30:31.594-0400] {processor.py:161} INFO - Started process (PID=418750) to work on /home/ironbong_jr/mlops/project/project/lib/python3.10/site-packages/airflow/example_dags/example_branch_labels.py
[2024-03-12T23:30:31.597-0400] {processor.py:830} INFO - Processing file /home/ironbong_jr/mlops/project/project/lib/python3.10/site-packages/airflow/example_dags/example_branch_labels.py for tasks to queue
[2024-03-12T23:30:31.599-0400] {logging_mixin.py:188} INFO - [2024-03-12T23:30:31.598-0400] {dagbag.py:540} INFO - Filling up the DagBag from /home/ironbong_jr/mlops/project/project/lib/python3.10/site-packages/airflow/example_dags/example_branch_labels.py
[2024-03-12T23:30:31.615-0400] {processor.py:840} INFO - DAG(s) 'example_branch_labels' retrieved from /home/ironbong_jr/mlops/project/project/lib/python3.10/site-packages/airflow/example_dags/example_branch_labels.py
[2024-03-12T23:30:31.649-0400] {logging_mixin.py:188} INFO - [2024-03-12T23:30:31.649-0400] {dag.py:3047} INFO - Sync 1 DAGs
[2024-03-12T23:30:31.685-0400] {logging_mixin.py:188} INFO - [2024-03-12T23:30:31.684-0400] {dag.py:3834} INFO - Setting next_dagrun for example_branch_labels to 2024-03-12 00:00:00+00:00, run_after=2024-03-13 00:00:00+00:00
[2024-03-12T23:30:31.791-0400] {processor.py:183} INFO - Processing /home/ironbong_jr/mlops/project/project/lib/python3.10/site-packages/airflow/example_dags/example_branch_labels.py took 0.205 seconds
[2024-03-12T23:40:11.827-0400] {processor.py:161} INFO - Started process (PID=420787) to work on /home/ironbong_jr/mlops/project/project/lib/python3.10/site-packages/airflow/example_dags/example_branch_labels.py
[2024-03-12T23:40:11.830-0400] {processor.py:830} INFO - Processing file /home/ironbong_jr/mlops/project/project/lib/python3.10/site-packages/airflow/example_dags/example_branch_labels.py for tasks to queue
[2024-03-12T23:40:11.832-0400] {logging_mixin.py:188} INFO - [2024-03-12T23:40:11.831-0400] {dagbag.py:540} INFO - Filling up the DagBag from /home/ironbong_jr/mlops/project/project/lib/python3.10/site-packages/airflow/example_dags/example_branch_labels.py
[2024-03-12T23:40:11.848-0400] {processor.py:840} INFO - DAG(s) 'example_branch_labels' retrieved from /home/ironbong_jr/mlops/project/project/lib/python3.10/site-packages/airflow/example_dags/example_branch_labels.py
[2024-03-12T23:40:11.990-0400] {logging_mixin.py:188} INFO - [2024-03-12T23:40:11.989-0400] {dag.py:3047} INFO - Sync 1 DAGs
[2024-03-12T23:40:12.018-0400] {logging_mixin.py:188} INFO - [2024-03-12T23:40:12.017-0400] {dag.py:3834} INFO - Setting next_dagrun for example_branch_labels to 2024-03-12 00:00:00+00:00, run_after=2024-03-13 00:00:00+00:00
[2024-03-12T23:40:12.056-0400] {processor.py:183} INFO - Processing /home/ironbong_jr/mlops/project/project/lib/python3.10/site-packages/airflow/example_dags/example_branch_labels.py took 0.235 seconds
[2024-03-12T23:43:18.931-0400] {processor.py:161} INFO - Started process (PID=421842) to work on /home/ironbong_jr/mlops/project/project/lib/python3.10/site-packages/airflow/example_dags/example_branch_labels.py
[2024-03-12T23:43:18.986-0400] {processor.py:830} INFO - Processing file /home/ironbong_jr/mlops/project/project/lib/python3.10/site-packages/airflow/example_dags/example_branch_labels.py for tasks to queue
[2024-03-12T23:43:18.989-0400] {logging_mixin.py:188} INFO - [2024-03-12T23:43:18.988-0400] {dagbag.py:540} INFO - Filling up the DagBag from /home/ironbong_jr/mlops/project/project/lib/python3.10/site-packages/airflow/example_dags/example_branch_labels.py
[2024-03-12T23:43:19.021-0400] {processor.py:840} INFO - DAG(s) 'example_branch_labels' retrieved from /home/ironbong_jr/mlops/project/project/lib/python3.10/site-packages/airflow/example_dags/example_branch_labels.py
[2024-03-12T23:43:19.065-0400] {logging_mixin.py:188} INFO - [2024-03-12T23:43:19.064-0400] {dag.py:3047} INFO - Sync 1 DAGs
[2024-03-12T23:43:19.098-0400] {logging_mixin.py:188} INFO - [2024-03-12T23:43:19.097-0400] {dag.py:3834} INFO - Setting next_dagrun for example_branch_labels to 2024-03-12 00:00:00+00:00, run_after=2024-03-13 00:00:00+00:00
[2024-03-12T23:43:19.150-0400] {processor.py:183} INFO - Processing /home/ironbong_jr/mlops/project/project/lib/python3.10/site-packages/airflow/example_dags/example_branch_labels.py took 0.226 seconds
[2024-03-12T23:44:18.608-0400] {processor.py:161} INFO - Started process (PID=422088) to work on /home/ironbong_jr/mlops/project/project/lib/python3.10/site-packages/airflow/example_dags/example_branch_labels.py
[2024-03-12T23:44:18.613-0400] {processor.py:830} INFO - Processing file /home/ironbong_jr/mlops/project/project/lib/python3.10/site-packages/airflow/example_dags/example_branch_labels.py for tasks to queue
[2024-03-12T23:44:18.619-0400] {logging_mixin.py:188} INFO - [2024-03-12T23:44:18.615-0400] {dagbag.py:540} INFO - Filling up the DagBag from /home/ironbong_jr/mlops/project/project/lib/python3.10/site-packages/airflow/example_dags/example_branch_labels.py
[2024-03-12T23:44:18.648-0400] {processor.py:840} INFO - DAG(s) 'example_branch_labels' retrieved from /home/ironbong_jr/mlops/project/project/lib/python3.10/site-packages/airflow/example_dags/example_branch_labels.py
[2024-03-12T23:44:18.918-0400] {logging_mixin.py:188} INFO - [2024-03-12T23:44:18.918-0400] {dag.py:3047} INFO - Sync 1 DAGs
[2024-03-12T23:44:18.956-0400] {logging_mixin.py:188} INFO - [2024-03-12T23:44:18.955-0400] {dag.py:3834} INFO - Setting next_dagrun for example_branch_labels to 2024-03-12 00:00:00+00:00, run_after=2024-03-13 00:00:00+00:00
[2024-03-12T23:44:19.062-0400] {processor.py:183} INFO - Processing /home/ironbong_jr/mlops/project/project/lib/python3.10/site-packages/airflow/example_dags/example_branch_labels.py took 0.467 seconds
[2024-03-12T23:45:59.721-0400] {processor.py:161} INFO - Started process (PID=422671) to work on /home/ironbong_jr/mlops/project/project/lib/python3.10/site-packages/airflow/example_dags/example_branch_labels.py
[2024-03-12T23:45:59.724-0400] {processor.py:830} INFO - Processing file /home/ironbong_jr/mlops/project/project/lib/python3.10/site-packages/airflow/example_dags/example_branch_labels.py for tasks to queue
[2024-03-12T23:45:59.727-0400] {logging_mixin.py:188} INFO - [2024-03-12T23:45:59.726-0400] {dagbag.py:540} INFO - Filling up the DagBag from /home/ironbong_jr/mlops/project/project/lib/python3.10/site-packages/airflow/example_dags/example_branch_labels.py
[2024-03-12T23:45:59.744-0400] {processor.py:840} INFO - DAG(s) 'example_branch_labels' retrieved from /home/ironbong_jr/mlops/project/project/lib/python3.10/site-packages/airflow/example_dags/example_branch_labels.py
[2024-03-12T23:45:59.782-0400] {logging_mixin.py:188} INFO - [2024-03-12T23:45:59.781-0400] {dag.py:3047} INFO - Sync 1 DAGs
[2024-03-12T23:45:59.832-0400] {logging_mixin.py:188} INFO - [2024-03-12T23:45:59.832-0400] {dag.py:3834} INFO - Setting next_dagrun for example_branch_labels to 2024-03-12 00:00:00+00:00, run_after=2024-03-13 00:00:00+00:00
[2024-03-12T23:45:59.879-0400] {processor.py:183} INFO - Processing /home/ironbong_jr/mlops/project/project/lib/python3.10/site-packages/airflow/example_dags/example_branch_labels.py took 0.163 seconds
[2024-03-12T23:48:03.061-0400] {processor.py:161} INFO - Started process (PID=423259) to work on /home/ironbong_jr/mlops/project/project/lib/python3.10/site-packages/airflow/example_dags/example_branch_labels.py
[2024-03-12T23:48:03.107-0400] {processor.py:830} INFO - Processing file /home/ironbong_jr/mlops/project/project/lib/python3.10/site-packages/airflow/example_dags/example_branch_labels.py for tasks to queue
[2024-03-12T23:48:03.110-0400] {logging_mixin.py:188} INFO - [2024-03-12T23:48:03.109-0400] {dagbag.py:540} INFO - Filling up the DagBag from /home/ironbong_jr/mlops/project/project/lib/python3.10/site-packages/airflow/example_dags/example_branch_labels.py
[2024-03-12T23:48:03.123-0400] {processor.py:840} INFO - DAG(s) 'example_branch_labels' retrieved from /home/ironbong_jr/mlops/project/project/lib/python3.10/site-packages/airflow/example_dags/example_branch_labels.py
[2024-03-12T23:48:03.150-0400] {logging_mixin.py:188} INFO - [2024-03-12T23:48:03.149-0400] {dag.py:3047} INFO - Sync 1 DAGs
[2024-03-12T23:48:03.188-0400] {logging_mixin.py:188} INFO - [2024-03-12T23:48:03.187-0400] {dag.py:3834} INFO - Setting next_dagrun for example_branch_labels to 2024-03-12 00:00:00+00:00, run_after=2024-03-13 00:00:00+00:00
[2024-03-12T23:48:03.290-0400] {processor.py:183} INFO - Processing /home/ironbong_jr/mlops/project/project/lib/python3.10/site-packages/airflow/example_dags/example_branch_labels.py took 0.234 seconds
[2024-03-12T23:49:03.506-0400] {processor.py:161} INFO - Started process (PID=423526) to work on /home/ironbong_jr/mlops/project/project/lib/python3.10/site-packages/airflow/example_dags/example_branch_labels.py
[2024-03-12T23:49:03.557-0400] {processor.py:830} INFO - Processing file /home/ironbong_jr/mlops/project/project/lib/python3.10/site-packages/airflow/example_dags/example_branch_labels.py for tasks to queue
[2024-03-12T23:49:03.560-0400] {logging_mixin.py:188} INFO - [2024-03-12T23:49:03.559-0400] {dagbag.py:540} INFO - Filling up the DagBag from /home/ironbong_jr/mlops/project/project/lib/python3.10/site-packages/airflow/example_dags/example_branch_labels.py
[2024-03-12T23:49:03.580-0400] {processor.py:840} INFO - DAG(s) 'example_branch_labels' retrieved from /home/ironbong_jr/mlops/project/project/lib/python3.10/site-packages/airflow/example_dags/example_branch_labels.py
[2024-03-12T23:49:03.625-0400] {logging_mixin.py:188} INFO - [2024-03-12T23:49:03.625-0400] {dag.py:3047} INFO - Sync 1 DAGs
[2024-03-12T23:49:03.677-0400] {logging_mixin.py:188} INFO - [2024-03-12T23:49:03.677-0400] {dag.py:3834} INFO - Setting next_dagrun for example_branch_labels to 2024-03-12 00:00:00+00:00, run_after=2024-03-13 00:00:00+00:00
[2024-03-12T23:49:03.755-0400] {processor.py:183} INFO - Processing /home/ironbong_jr/mlops/project/project/lib/python3.10/site-packages/airflow/example_dags/example_branch_labels.py took 0.257 seconds
[2024-03-12T23:50:30.400-0400] {processor.py:161} INFO - Started process (PID=423994) to work on /home/ironbong_jr/mlops/project/project/lib/python3.10/site-packages/airflow/example_dags/example_branch_labels.py
[2024-03-12T23:50:30.426-0400] {processor.py:830} INFO - Processing file /home/ironbong_jr/mlops/project/project/lib/python3.10/site-packages/airflow/example_dags/example_branch_labels.py for tasks to queue
[2024-03-12T23:50:30.429-0400] {logging_mixin.py:188} INFO - [2024-03-12T23:50:30.428-0400] {dagbag.py:540} INFO - Filling up the DagBag from /home/ironbong_jr/mlops/project/project/lib/python3.10/site-packages/airflow/example_dags/example_branch_labels.py
[2024-03-12T23:50:30.445-0400] {processor.py:840} INFO - DAG(s) 'example_branch_labels' retrieved from /home/ironbong_jr/mlops/project/project/lib/python3.10/site-packages/airflow/example_dags/example_branch_labels.py
[2024-03-12T23:50:30.482-0400] {logging_mixin.py:188} INFO - [2024-03-12T23:50:30.482-0400] {dag.py:3047} INFO - Sync 1 DAGs
[2024-03-12T23:50:30.520-0400] {logging_mixin.py:188} INFO - [2024-03-12T23:50:30.520-0400] {dag.py:3834} INFO - Setting next_dagrun for example_branch_labels to 2024-03-12 00:00:00+00:00, run_after=2024-03-13 00:00:00+00:00
[2024-03-12T23:50:30.569-0400] {processor.py:183} INFO - Processing /home/ironbong_jr/mlops/project/project/lib/python3.10/site-packages/airflow/example_dags/example_branch_labels.py took 0.176 seconds
[2024-03-12T23:51:55.073-0400] {processor.py:161} INFO - Started process (PID=424378) to work on /home/ironbong_jr/mlops/project/project/lib/python3.10/site-packages/airflow/example_dags/example_branch_labels.py
[2024-03-12T23:51:55.123-0400] {processor.py:830} INFO - Processing file /home/ironbong_jr/mlops/project/project/lib/python3.10/site-packages/airflow/example_dags/example_branch_labels.py for tasks to queue
[2024-03-12T23:51:55.126-0400] {logging_mixin.py:188} INFO - [2024-03-12T23:51:55.125-0400] {dagbag.py:540} INFO - Filling up the DagBag from /home/ironbong_jr/mlops/project/project/lib/python3.10/site-packages/airflow/example_dags/example_branch_labels.py
[2024-03-12T23:51:55.148-0400] {processor.py:840} INFO - DAG(s) 'example_branch_labels' retrieved from /home/ironbong_jr/mlops/project/project/lib/python3.10/site-packages/airflow/example_dags/example_branch_labels.py
[2024-03-12T23:51:55.213-0400] {logging_mixin.py:188} INFO - [2024-03-12T23:51:55.212-0400] {dag.py:3047} INFO - Sync 1 DAGs
[2024-03-12T23:51:55.255-0400] {logging_mixin.py:188} INFO - [2024-03-12T23:51:55.255-0400] {dag.py:3834} INFO - Setting next_dagrun for example_branch_labels to 2024-03-12 00:00:00+00:00, run_after=2024-03-13 00:00:00+00:00
[2024-03-12T23:51:55.302-0400] {processor.py:183} INFO - Processing /home/ironbong_jr/mlops/project/project/lib/python3.10/site-packages/airflow/example_dags/example_branch_labels.py took 0.237 seconds
[2024-03-12T23:53:22.216-0400] {processor.py:161} INFO - Started process (PID=424923) to work on /home/ironbong_jr/mlops/project/project/lib/python3.10/site-packages/airflow/example_dags/example_branch_labels.py
[2024-03-12T23:53:22.263-0400] {processor.py:830} INFO - Processing file /home/ironbong_jr/mlops/project/project/lib/python3.10/site-packages/airflow/example_dags/example_branch_labels.py for tasks to queue
[2024-03-12T23:53:22.266-0400] {logging_mixin.py:188} INFO - [2024-03-12T23:53:22.265-0400] {dagbag.py:540} INFO - Filling up the DagBag from /home/ironbong_jr/mlops/project/project/lib/python3.10/site-packages/airflow/example_dags/example_branch_labels.py
[2024-03-12T23:53:22.288-0400] {processor.py:840} INFO - DAG(s) 'example_branch_labels' retrieved from /home/ironbong_jr/mlops/project/project/lib/python3.10/site-packages/airflow/example_dags/example_branch_labels.py
[2024-03-12T23:53:22.322-0400] {logging_mixin.py:188} INFO - [2024-03-12T23:53:22.322-0400] {dag.py:3047} INFO - Sync 1 DAGs
[2024-03-12T23:53:22.353-0400] {logging_mixin.py:188} INFO - [2024-03-12T23:53:22.352-0400] {dag.py:3834} INFO - Setting next_dagrun for example_branch_labels to 2024-03-12 00:00:00+00:00, run_after=2024-03-13 00:00:00+00:00
[2024-03-12T23:53:22.396-0400] {processor.py:183} INFO - Processing /home/ironbong_jr/mlops/project/project/lib/python3.10/site-packages/airflow/example_dags/example_branch_labels.py took 0.187 seconds
[2024-03-12T23:54:58.460-0400] {processor.py:161} INFO - Started process (PID=425343) to work on /home/ironbong_jr/mlops/project/project/lib/python3.10/site-packages/airflow/example_dags/example_branch_labels.py
[2024-03-12T23:54:58.507-0400] {processor.py:830} INFO - Processing file /home/ironbong_jr/mlops/project/project/lib/python3.10/site-packages/airflow/example_dags/example_branch_labels.py for tasks to queue
[2024-03-12T23:54:58.510-0400] {logging_mixin.py:188} INFO - [2024-03-12T23:54:58.509-0400] {dagbag.py:540} INFO - Filling up the DagBag from /home/ironbong_jr/mlops/project/project/lib/python3.10/site-packages/airflow/example_dags/example_branch_labels.py
[2024-03-12T23:54:58.529-0400] {processor.py:840} INFO - DAG(s) 'example_branch_labels' retrieved from /home/ironbong_jr/mlops/project/project/lib/python3.10/site-packages/airflow/example_dags/example_branch_labels.py
[2024-03-12T23:54:58.565-0400] {logging_mixin.py:188} INFO - [2024-03-12T23:54:58.564-0400] {dag.py:3047} INFO - Sync 1 DAGs
[2024-03-12T23:54:58.600-0400] {logging_mixin.py:188} INFO - [2024-03-12T23:54:58.600-0400] {dag.py:3834} INFO - Setting next_dagrun for example_branch_labels to 2024-03-12 00:00:00+00:00, run_after=2024-03-13 00:00:00+00:00
[2024-03-12T23:54:58.701-0400] {processor.py:183} INFO - Processing /home/ironbong_jr/mlops/project/project/lib/python3.10/site-packages/airflow/example_dags/example_branch_labels.py took 0.249 seconds
[2024-03-13T00:28:41.257-0400] {processor.py:161} INFO - Started process (PID=432484) to work on /home/ironbong_jr/mlops/project/project/lib/python3.10/site-packages/airflow/example_dags/example_branch_labels.py
[2024-03-13T00:28:41.260-0400] {processor.py:830} INFO - Processing file /home/ironbong_jr/mlops/project/project/lib/python3.10/site-packages/airflow/example_dags/example_branch_labels.py for tasks to queue
[2024-03-13T00:28:41.262-0400] {logging_mixin.py:188} INFO - [2024-03-13T00:28:41.261-0400] {dagbag.py:540} INFO - Filling up the DagBag from /home/ironbong_jr/mlops/project/project/lib/python3.10/site-packages/airflow/example_dags/example_branch_labels.py
[2024-03-13T00:28:41.295-0400] {processor.py:840} INFO - DAG(s) 'example_branch_labels' retrieved from /home/ironbong_jr/mlops/project/project/lib/python3.10/site-packages/airflow/example_dags/example_branch_labels.py
[2024-03-13T00:28:41.567-0400] {logging_mixin.py:188} INFO - [2024-03-13T00:28:41.566-0400] {dag.py:3047} INFO - Sync 1 DAGs
[2024-03-13T00:28:41.599-0400] {logging_mixin.py:188} INFO - [2024-03-13T00:28:41.598-0400] {dag.py:3834} INFO - Setting next_dagrun for example_branch_labels to 2024-03-12 00:00:00+00:00, run_after=2024-03-13 00:00:00+00:00
[2024-03-13T00:28:41.686-0400] {processor.py:183} INFO - Processing /home/ironbong_jr/mlops/project/project/lib/python3.10/site-packages/airflow/example_dags/example_branch_labels.py took 0.438 seconds
[2024-03-13T00:31:05.927-0400] {processor.py:161} INFO - Started process (PID=433111) to work on /home/ironbong_jr/mlops/project/project/lib/python3.10/site-packages/airflow/example_dags/example_branch_labels.py
[2024-03-13T00:31:05.982-0400] {processor.py:830} INFO - Processing file /home/ironbong_jr/mlops/project/project/lib/python3.10/site-packages/airflow/example_dags/example_branch_labels.py for tasks to queue
[2024-03-13T00:31:05.985-0400] {logging_mixin.py:188} INFO - [2024-03-13T00:31:05.984-0400] {dagbag.py:540} INFO - Filling up the DagBag from /home/ironbong_jr/mlops/project/project/lib/python3.10/site-packages/airflow/example_dags/example_branch_labels.py
[2024-03-13T00:31:06.006-0400] {processor.py:840} INFO - DAG(s) 'example_branch_labels' retrieved from /home/ironbong_jr/mlops/project/project/lib/python3.10/site-packages/airflow/example_dags/example_branch_labels.py
[2024-03-13T00:31:06.057-0400] {logging_mixin.py:188} INFO - [2024-03-13T00:31:06.056-0400] {dag.py:3047} INFO - Sync 1 DAGs
[2024-03-13T00:31:06.101-0400] {logging_mixin.py:188} INFO - [2024-03-13T00:31:06.100-0400] {dag.py:3834} INFO - Setting next_dagrun for example_branch_labels to 2024-03-12 00:00:00+00:00, run_after=2024-03-13 00:00:00+00:00
[2024-03-13T00:31:06.202-0400] {processor.py:183} INFO - Processing /home/ironbong_jr/mlops/project/project/lib/python3.10/site-packages/airflow/example_dags/example_branch_labels.py took 0.280 seconds
[2024-03-13T00:32:50.577-0400] {processor.py:161} INFO - Started process (PID=433598) to work on /home/ironbong_jr/mlops/project/project/lib/python3.10/site-packages/airflow/example_dags/example_branch_labels.py
[2024-03-13T00:32:50.628-0400] {processor.py:830} INFO - Processing file /home/ironbong_jr/mlops/project/project/lib/python3.10/site-packages/airflow/example_dags/example_branch_labels.py for tasks to queue
[2024-03-13T00:32:50.631-0400] {logging_mixin.py:188} INFO - [2024-03-13T00:32:50.630-0400] {dagbag.py:540} INFO - Filling up the DagBag from /home/ironbong_jr/mlops/project/project/lib/python3.10/site-packages/airflow/example_dags/example_branch_labels.py
[2024-03-13T00:32:50.646-0400] {processor.py:840} INFO - DAG(s) 'example_branch_labels' retrieved from /home/ironbong_jr/mlops/project/project/lib/python3.10/site-packages/airflow/example_dags/example_branch_labels.py
[2024-03-13T00:32:50.679-0400] {logging_mixin.py:188} INFO - [2024-03-13T00:32:50.678-0400] {dag.py:3047} INFO - Sync 1 DAGs
[2024-03-13T00:32:50.757-0400] {logging_mixin.py:188} INFO - [2024-03-13T00:32:50.756-0400] {dag.py:3834} INFO - Setting next_dagrun for example_branch_labels to 2024-03-12 00:00:00+00:00, run_after=2024-03-13 00:00:00+00:00
[2024-03-13T00:32:50.826-0400] {processor.py:183} INFO - Processing /home/ironbong_jr/mlops/project/project/lib/python3.10/site-packages/airflow/example_dags/example_branch_labels.py took 0.266 seconds
[2024-03-13T00:35:27.313-0400] {processor.py:161} INFO - Started process (PID=434230) to work on /home/ironbong_jr/mlops/project/project/lib/python3.10/site-packages/airflow/example_dags/example_branch_labels.py
[2024-03-13T00:35:27.364-0400] {processor.py:830} INFO - Processing file /home/ironbong_jr/mlops/project/project/lib/python3.10/site-packages/airflow/example_dags/example_branch_labels.py for tasks to queue
[2024-03-13T00:35:27.366-0400] {logging_mixin.py:188} INFO - [2024-03-13T00:35:27.365-0400] {dagbag.py:540} INFO - Filling up the DagBag from /home/ironbong_jr/mlops/project/project/lib/python3.10/site-packages/airflow/example_dags/example_branch_labels.py
[2024-03-13T00:35:27.381-0400] {processor.py:840} INFO - DAG(s) 'example_branch_labels' retrieved from /home/ironbong_jr/mlops/project/project/lib/python3.10/site-packages/airflow/example_dags/example_branch_labels.py
[2024-03-13T00:35:27.428-0400] {logging_mixin.py:188} INFO - [2024-03-13T00:35:27.427-0400] {dag.py:3047} INFO - Sync 1 DAGs
[2024-03-13T00:35:27.464-0400] {logging_mixin.py:188} INFO - [2024-03-13T00:35:27.463-0400] {dag.py:3834} INFO - Setting next_dagrun for example_branch_labels to 2024-03-12 00:00:00+00:00, run_after=2024-03-13 00:00:00+00:00
[2024-03-13T00:35:27.561-0400] {processor.py:183} INFO - Processing /home/ironbong_jr/mlops/project/project/lib/python3.10/site-packages/airflow/example_dags/example_branch_labels.py took 0.253 seconds
[2024-03-13T00:36:44.544-0400] {processor.py:161} INFO - Started process (PID=434559) to work on /home/ironbong_jr/mlops/project/project/lib/python3.10/site-packages/airflow/example_dags/example_branch_labels.py
[2024-03-13T00:36:44.594-0400] {processor.py:830} INFO - Processing file /home/ironbong_jr/mlops/project/project/lib/python3.10/site-packages/airflow/example_dags/example_branch_labels.py for tasks to queue
[2024-03-13T00:36:44.596-0400] {logging_mixin.py:188} INFO - [2024-03-13T00:36:44.595-0400] {dagbag.py:540} INFO - Filling up the DagBag from /home/ironbong_jr/mlops/project/project/lib/python3.10/site-packages/airflow/example_dags/example_branch_labels.py
[2024-03-13T00:36:44.610-0400] {processor.py:840} INFO - DAG(s) 'example_branch_labels' retrieved from /home/ironbong_jr/mlops/project/project/lib/python3.10/site-packages/airflow/example_dags/example_branch_labels.py
[2024-03-13T00:36:44.651-0400] {logging_mixin.py:188} INFO - [2024-03-13T00:36:44.651-0400] {dag.py:3047} INFO - Sync 1 DAGs
[2024-03-13T00:36:44.681-0400] {logging_mixin.py:188} INFO - [2024-03-13T00:36:44.680-0400] {dag.py:3834} INFO - Setting next_dagrun for example_branch_labels to 2024-03-12 00:00:00+00:00, run_after=2024-03-13 00:00:00+00:00
[2024-03-13T00:36:44.788-0400] {processor.py:183} INFO - Processing /home/ironbong_jr/mlops/project/project/lib/python3.10/site-packages/airflow/example_dags/example_branch_labels.py took 0.251 seconds
[2024-03-13T00:38:53.458-0400] {processor.py:161} INFO - Started process (PID=435187) to work on /home/ironbong_jr/mlops/project/project/lib/python3.10/site-packages/airflow/example_dags/example_branch_labels.py
[2024-03-13T00:38:53.471-0400] {processor.py:830} INFO - Processing file /home/ironbong_jr/mlops/project/project/lib/python3.10/site-packages/airflow/example_dags/example_branch_labels.py for tasks to queue
[2024-03-13T00:38:53.474-0400] {logging_mixin.py:188} INFO - [2024-03-13T00:38:53.473-0400] {dagbag.py:540} INFO - Filling up the DagBag from /home/ironbong_jr/mlops/project/project/lib/python3.10/site-packages/airflow/example_dags/example_branch_labels.py
[2024-03-13T00:38:53.499-0400] {processor.py:840} INFO - DAG(s) 'example_branch_labels' retrieved from /home/ironbong_jr/mlops/project/project/lib/python3.10/site-packages/airflow/example_dags/example_branch_labels.py
[2024-03-13T00:38:53.547-0400] {logging_mixin.py:188} INFO - [2024-03-13T00:38:53.547-0400] {dag.py:3047} INFO - Sync 1 DAGs
[2024-03-13T00:38:53.602-0400] {logging_mixin.py:188} INFO - [2024-03-13T00:38:53.597-0400] {dag.py:3834} INFO - Setting next_dagrun for example_branch_labels to 2024-03-12 00:00:00+00:00, run_after=2024-03-13 00:00:00+00:00
[2024-03-13T00:38:53.669-0400] {processor.py:183} INFO - Processing /home/ironbong_jr/mlops/project/project/lib/python3.10/site-packages/airflow/example_dags/example_branch_labels.py took 0.220 seconds
[2024-03-13T00:40:30.706-0400] {processor.py:161} INFO - Started process (PID=435617) to work on /home/ironbong_jr/mlops/project/project/lib/python3.10/site-packages/airflow/example_dags/example_branch_labels.py
[2024-03-13T00:40:30.757-0400] {processor.py:830} INFO - Processing file /home/ironbong_jr/mlops/project/project/lib/python3.10/site-packages/airflow/example_dags/example_branch_labels.py for tasks to queue
[2024-03-13T00:40:30.760-0400] {logging_mixin.py:188} INFO - [2024-03-13T00:40:30.759-0400] {dagbag.py:540} INFO - Filling up the DagBag from /home/ironbong_jr/mlops/project/project/lib/python3.10/site-packages/airflow/example_dags/example_branch_labels.py
[2024-03-13T00:40:30.776-0400] {processor.py:840} INFO - DAG(s) 'example_branch_labels' retrieved from /home/ironbong_jr/mlops/project/project/lib/python3.10/site-packages/airflow/example_dags/example_branch_labels.py
[2024-03-13T00:40:30.821-0400] {logging_mixin.py:188} INFO - [2024-03-13T00:40:30.820-0400] {dag.py:3047} INFO - Sync 1 DAGs
[2024-03-13T00:40:30.859-0400] {logging_mixin.py:188} INFO - [2024-03-13T00:40:30.859-0400] {dag.py:3834} INFO - Setting next_dagrun for example_branch_labels to 2024-03-12 00:00:00+00:00, run_after=2024-03-13 00:00:00+00:00
[2024-03-13T00:40:30.948-0400] {processor.py:183} INFO - Processing /home/ironbong_jr/mlops/project/project/lib/python3.10/site-packages/airflow/example_dags/example_branch_labels.py took 0.258 seconds
[2024-03-13T00:43:47.225-0400] {processor.py:161} INFO - Started process (PID=436540) to work on /home/ironbong_jr/mlops/project/project/lib/python3.10/site-packages/airflow/example_dags/example_branch_labels.py
[2024-03-13T00:43:47.228-0400] {processor.py:830} INFO - Processing file /home/ironbong_jr/mlops/project/project/lib/python3.10/site-packages/airflow/example_dags/example_branch_labels.py for tasks to queue
[2024-03-13T00:43:47.229-0400] {logging_mixin.py:188} INFO - [2024-03-13T00:43:47.229-0400] {dagbag.py:540} INFO - Filling up the DagBag from /home/ironbong_jr/mlops/project/project/lib/python3.10/site-packages/airflow/example_dags/example_branch_labels.py
[2024-03-13T00:43:47.241-0400] {processor.py:840} INFO - DAG(s) 'example_branch_labels' retrieved from /home/ironbong_jr/mlops/project/project/lib/python3.10/site-packages/airflow/example_dags/example_branch_labels.py
[2024-03-13T00:43:47.268-0400] {logging_mixin.py:188} INFO - [2024-03-13T00:43:47.267-0400] {dag.py:3047} INFO - Sync 1 DAGs
[2024-03-13T00:43:47.297-0400] {logging_mixin.py:188} INFO - [2024-03-13T00:43:47.297-0400] {dag.py:3834} INFO - Setting next_dagrun for example_branch_labels to 2024-03-12 00:00:00+00:00, run_after=2024-03-13 00:00:00+00:00
[2024-03-13T00:43:47.337-0400] {processor.py:183} INFO - Processing /home/ironbong_jr/mlops/project/project/lib/python3.10/site-packages/airflow/example_dags/example_branch_labels.py took 0.117 seconds
[2024-03-13T00:44:46.817-0400] {processor.py:161} INFO - Started process (PID=436786) to work on /home/ironbong_jr/mlops/project/project/lib/python3.10/site-packages/airflow/example_dags/example_branch_labels.py
[2024-03-13T00:44:46.820-0400] {processor.py:830} INFO - Processing file /home/ironbong_jr/mlops/project/project/lib/python3.10/site-packages/airflow/example_dags/example_branch_labels.py for tasks to queue
[2024-03-13T00:44:46.822-0400] {logging_mixin.py:188} INFO - [2024-03-13T00:44:46.821-0400] {dagbag.py:540} INFO - Filling up the DagBag from /home/ironbong_jr/mlops/project/project/lib/python3.10/site-packages/airflow/example_dags/example_branch_labels.py
[2024-03-13T00:44:46.837-0400] {processor.py:840} INFO - DAG(s) 'example_branch_labels' retrieved from /home/ironbong_jr/mlops/project/project/lib/python3.10/site-packages/airflow/example_dags/example_branch_labels.py
[2024-03-13T00:44:46.864-0400] {logging_mixin.py:188} INFO - [2024-03-13T00:44:46.864-0400] {dag.py:3047} INFO - Sync 1 DAGs
[2024-03-13T00:44:46.888-0400] {logging_mixin.py:188} INFO - [2024-03-13T00:44:46.888-0400] {dag.py:3834} INFO - Setting next_dagrun for example_branch_labels to 2024-03-12 00:00:00+00:00, run_after=2024-03-13 00:00:00+00:00
[2024-03-13T00:44:46.929-0400] {processor.py:183} INFO - Processing /home/ironbong_jr/mlops/project/project/lib/python3.10/site-packages/airflow/example_dags/example_branch_labels.py took 0.118 seconds
[2024-03-13T15:48:56.411-0400] {processor.py:161} INFO - Started process (PID=453662) to work on /home/ironbong_jr/mlops/project/project/lib/python3.10/site-packages/airflow/example_dags/example_branch_labels.py
[2024-03-13T15:48:56.415-0400] {processor.py:830} INFO - Processing file /home/ironbong_jr/mlops/project/project/lib/python3.10/site-packages/airflow/example_dags/example_branch_labels.py for tasks to queue
[2024-03-13T15:48:56.415-0400] {logging_mixin.py:188} INFO - [2024-03-13T15:48:56.415-0400] {dagbag.py:540} INFO - Filling up the DagBag from /home/ironbong_jr/mlops/project/project/lib/python3.10/site-packages/airflow/example_dags/example_branch_labels.py
[2024-03-13T15:48:56.422-0400] {processor.py:840} INFO - DAG(s) 'example_branch_labels' retrieved from /home/ironbong_jr/mlops/project/project/lib/python3.10/site-packages/airflow/example_dags/example_branch_labels.py
[2024-03-13T15:48:56.426-0400] {logging_mixin.py:188} INFO - [2024-03-13T15:48:56.426-0400] {dag.py:3047} INFO - Sync 1 DAGs
[2024-03-13T15:48:56.439-0400] {logging_mixin.py:188} INFO - [2024-03-13T15:48:56.439-0400] {dag.py:3834} INFO - Setting next_dagrun for example_branch_labels to 2024-03-12 00:00:00+00:00, run_after=2024-03-13 00:00:00+00:00
[2024-03-13T15:48:56.459-0400] {processor.py:183} INFO - Processing /home/ironbong_jr/mlops/project/project/lib/python3.10/site-packages/airflow/example_dags/example_branch_labels.py took 0.050 seconds
[2024-03-13T15:49:57.129-0400] {processor.py:161} INFO - Started process (PID=453975) to work on /home/ironbong_jr/mlops/project/project/lib/python3.10/site-packages/airflow/example_dags/example_branch_labels.py
[2024-03-13T15:49:57.130-0400] {processor.py:830} INFO - Processing file /home/ironbong_jr/mlops/project/project/lib/python3.10/site-packages/airflow/example_dags/example_branch_labels.py for tasks to queue
[2024-03-13T15:49:57.131-0400] {logging_mixin.py:188} INFO - [2024-03-13T15:49:57.131-0400] {dagbag.py:540} INFO - Filling up the DagBag from /home/ironbong_jr/mlops/project/project/lib/python3.10/site-packages/airflow/example_dags/example_branch_labels.py
[2024-03-13T15:49:57.140-0400] {processor.py:840} INFO - DAG(s) 'example_branch_labels' retrieved from /home/ironbong_jr/mlops/project/project/lib/python3.10/site-packages/airflow/example_dags/example_branch_labels.py
[2024-03-13T15:49:57.289-0400] {logging_mixin.py:188} INFO - [2024-03-13T15:49:57.289-0400] {dag.py:3047} INFO - Sync 1 DAGs
[2024-03-13T15:49:57.300-0400] {logging_mixin.py:188} INFO - [2024-03-13T15:49:57.300-0400] {dag.py:3834} INFO - Setting next_dagrun for example_branch_labels to 2024-03-12 00:00:00+00:00, run_after=2024-03-13 00:00:00+00:00
[2024-03-13T15:49:57.325-0400] {processor.py:183} INFO - Processing /home/ironbong_jr/mlops/project/project/lib/python3.10/site-packages/airflow/example_dags/example_branch_labels.py took 0.198 seconds
[2024-03-13T15:51:07.202-0400] {processor.py:161} INFO - Started process (PID=454393) to work on /home/ironbong_jr/mlops/project/project/lib/python3.10/site-packages/airflow/example_dags/example_branch_labels.py
[2024-03-13T15:51:07.207-0400] {processor.py:830} INFO - Processing file /home/ironbong_jr/mlops/project/project/lib/python3.10/site-packages/airflow/example_dags/example_branch_labels.py for tasks to queue
[2024-03-13T15:51:07.208-0400] {logging_mixin.py:188} INFO - [2024-03-13T15:51:07.207-0400] {dagbag.py:540} INFO - Filling up the DagBag from /home/ironbong_jr/mlops/project/project/lib/python3.10/site-packages/airflow/example_dags/example_branch_labels.py
[2024-03-13T15:51:07.214-0400] {processor.py:840} INFO - DAG(s) 'example_branch_labels' retrieved from /home/ironbong_jr/mlops/project/project/lib/python3.10/site-packages/airflow/example_dags/example_branch_labels.py
[2024-03-13T15:51:07.229-0400] {logging_mixin.py:188} INFO - [2024-03-13T15:51:07.229-0400] {dag.py:3047} INFO - Sync 1 DAGs
[2024-03-13T15:51:07.322-0400] {logging_mixin.py:188} INFO - [2024-03-13T15:51:07.322-0400] {dag.py:3834} INFO - Setting next_dagrun for example_branch_labels to 2024-03-12 00:00:00+00:00, run_after=2024-03-13 00:00:00+00:00
[2024-03-13T15:51:07.345-0400] {processor.py:183} INFO - Processing /home/ironbong_jr/mlops/project/project/lib/python3.10/site-packages/airflow/example_dags/example_branch_labels.py took 0.145 seconds
[2024-03-13T15:52:02.683-0400] {processor.py:161} INFO - Started process (PID=454680) to work on /home/ironbong_jr/mlops/project/project/lib/python3.10/site-packages/airflow/example_dags/example_branch_labels.py
[2024-03-13T15:52:02.686-0400] {processor.py:830} INFO - Processing file /home/ironbong_jr/mlops/project/project/lib/python3.10/site-packages/airflow/example_dags/example_branch_labels.py for tasks to queue
[2024-03-13T15:52:02.687-0400] {logging_mixin.py:188} INFO - [2024-03-13T15:52:02.686-0400] {dagbag.py:540} INFO - Filling up the DagBag from /home/ironbong_jr/mlops/project/project/lib/python3.10/site-packages/airflow/example_dags/example_branch_labels.py
[2024-03-13T15:52:02.691-0400] {processor.py:840} INFO - DAG(s) 'example_branch_labels' retrieved from /home/ironbong_jr/mlops/project/project/lib/python3.10/site-packages/airflow/example_dags/example_branch_labels.py
[2024-03-13T15:52:02.701-0400] {logging_mixin.py:188} INFO - [2024-03-13T15:52:02.701-0400] {dag.py:3047} INFO - Sync 1 DAGs
[2024-03-13T15:52:02.714-0400] {logging_mixin.py:188} INFO - [2024-03-13T15:52:02.714-0400] {dag.py:3834} INFO - Setting next_dagrun for example_branch_labels to 2024-03-12 00:00:00+00:00, run_after=2024-03-13 00:00:00+00:00
[2024-03-13T15:52:02.737-0400] {processor.py:183} INFO - Processing /home/ironbong_jr/mlops/project/project/lib/python3.10/site-packages/airflow/example_dags/example_branch_labels.py took 0.057 seconds
[2024-03-13T15:52:56.219-0400] {processor.py:161} INFO - Started process (PID=454962) to work on /home/ironbong_jr/mlops/project/project/lib/python3.10/site-packages/airflow/example_dags/example_branch_labels.py
[2024-03-13T15:52:56.223-0400] {processor.py:830} INFO - Processing file /home/ironbong_jr/mlops/project/project/lib/python3.10/site-packages/airflow/example_dags/example_branch_labels.py for tasks to queue
[2024-03-13T15:52:56.224-0400] {logging_mixin.py:188} INFO - [2024-03-13T15:52:56.224-0400] {dagbag.py:540} INFO - Filling up the DagBag from /home/ironbong_jr/mlops/project/project/lib/python3.10/site-packages/airflow/example_dags/example_branch_labels.py
[2024-03-13T15:52:56.229-0400] {processor.py:840} INFO - DAG(s) 'example_branch_labels' retrieved from /home/ironbong_jr/mlops/project/project/lib/python3.10/site-packages/airflow/example_dags/example_branch_labels.py
[2024-03-13T15:52:56.243-0400] {logging_mixin.py:188} INFO - [2024-03-13T15:52:56.242-0400] {dag.py:3047} INFO - Sync 1 DAGs
[2024-03-13T15:52:56.256-0400] {logging_mixin.py:188} INFO - [2024-03-13T15:52:56.256-0400] {dag.py:3834} INFO - Setting next_dagrun for example_branch_labels to 2024-03-12 00:00:00+00:00, run_after=2024-03-13 00:00:00+00:00
[2024-03-13T15:52:56.279-0400] {processor.py:183} INFO - Processing /home/ironbong_jr/mlops/project/project/lib/python3.10/site-packages/airflow/example_dags/example_branch_labels.py took 0.063 seconds
[2024-03-13T15:53:45.631-0400] {processor.py:161} INFO - Started process (PID=455222) to work on /home/ironbong_jr/mlops/project/project/lib/python3.10/site-packages/airflow/example_dags/example_branch_labels.py
[2024-03-13T15:53:45.635-0400] {processor.py:830} INFO - Processing file /home/ironbong_jr/mlops/project/project/lib/python3.10/site-packages/airflow/example_dags/example_branch_labels.py for tasks to queue
[2024-03-13T15:53:45.636-0400] {logging_mixin.py:188} INFO - [2024-03-13T15:53:45.635-0400] {dagbag.py:540} INFO - Filling up the DagBag from /home/ironbong_jr/mlops/project/project/lib/python3.10/site-packages/airflow/example_dags/example_branch_labels.py
[2024-03-13T15:53:45.643-0400] {processor.py:840} INFO - DAG(s) 'example_branch_labels' retrieved from /home/ironbong_jr/mlops/project/project/lib/python3.10/site-packages/airflow/example_dags/example_branch_labels.py
[2024-03-13T15:53:45.658-0400] {logging_mixin.py:188} INFO - [2024-03-13T15:53:45.658-0400] {dag.py:3047} INFO - Sync 1 DAGs
[2024-03-13T15:53:45.676-0400] {logging_mixin.py:188} INFO - [2024-03-13T15:53:45.675-0400] {dag.py:3834} INFO - Setting next_dagrun for example_branch_labels to 2024-03-12 00:00:00+00:00, run_after=2024-03-13 00:00:00+00:00
[2024-03-13T15:53:45.700-0400] {processor.py:183} INFO - Processing /home/ironbong_jr/mlops/project/project/lib/python3.10/site-packages/airflow/example_dags/example_branch_labels.py took 0.071 seconds
[2024-03-13T15:54:35.141-0400] {processor.py:161} INFO - Started process (PID=455471) to work on /home/ironbong_jr/mlops/project/project/lib/python3.10/site-packages/airflow/example_dags/example_branch_labels.py
[2024-03-13T15:54:35.142-0400] {processor.py:830} INFO - Processing file /home/ironbong_jr/mlops/project/project/lib/python3.10/site-packages/airflow/example_dags/example_branch_labels.py for tasks to queue
[2024-03-13T15:54:35.145-0400] {logging_mixin.py:188} INFO - [2024-03-13T15:54:35.144-0400] {dagbag.py:540} INFO - Filling up the DagBag from /home/ironbong_jr/mlops/project/project/lib/python3.10/site-packages/airflow/example_dags/example_branch_labels.py
[2024-03-13T15:54:35.150-0400] {processor.py:840} INFO - DAG(s) 'example_branch_labels' retrieved from /home/ironbong_jr/mlops/project/project/lib/python3.10/site-packages/airflow/example_dags/example_branch_labels.py
[2024-03-13T15:54:35.162-0400] {logging_mixin.py:188} INFO - [2024-03-13T15:54:35.162-0400] {dag.py:3047} INFO - Sync 1 DAGs
[2024-03-13T15:54:35.176-0400] {logging_mixin.py:188} INFO - [2024-03-13T15:54:35.176-0400] {dag.py:3834} INFO - Setting next_dagrun for example_branch_labels to 2024-03-12 00:00:00+00:00, run_after=2024-03-13 00:00:00+00:00
[2024-03-13T15:54:35.200-0400] {processor.py:183} INFO - Processing /home/ironbong_jr/mlops/project/project/lib/python3.10/site-packages/airflow/example_dags/example_branch_labels.py took 0.062 seconds
[2024-03-13T15:55:29.009-0400] {processor.py:161} INFO - Started process (PID=455733) to work on /home/ironbong_jr/mlops/project/project/lib/python3.10/site-packages/airflow/example_dags/example_branch_labels.py
[2024-03-13T15:55:29.013-0400] {processor.py:830} INFO - Processing file /home/ironbong_jr/mlops/project/project/lib/python3.10/site-packages/airflow/example_dags/example_branch_labels.py for tasks to queue
[2024-03-13T15:55:29.014-0400] {logging_mixin.py:188} INFO - [2024-03-13T15:55:29.014-0400] {dagbag.py:540} INFO - Filling up the DagBag from /home/ironbong_jr/mlops/project/project/lib/python3.10/site-packages/airflow/example_dags/example_branch_labels.py
[2024-03-13T15:55:29.021-0400] {processor.py:840} INFO - DAG(s) 'example_branch_labels' retrieved from /home/ironbong_jr/mlops/project/project/lib/python3.10/site-packages/airflow/example_dags/example_branch_labels.py
[2024-03-13T15:55:29.038-0400] {logging_mixin.py:188} INFO - [2024-03-13T15:55:29.037-0400] {dag.py:3047} INFO - Sync 1 DAGs
[2024-03-13T15:55:29.058-0400] {logging_mixin.py:188} INFO - [2024-03-13T15:55:29.058-0400] {dag.py:3834} INFO - Setting next_dagrun for example_branch_labels to 2024-03-12 00:00:00+00:00, run_after=2024-03-13 00:00:00+00:00
[2024-03-13T15:55:29.084-0400] {processor.py:183} INFO - Processing /home/ironbong_jr/mlops/project/project/lib/python3.10/site-packages/airflow/example_dags/example_branch_labels.py took 0.078 seconds
[2024-03-13T15:56:18.082-0400] {processor.py:161} INFO - Started process (PID=455992) to work on /home/ironbong_jr/mlops/project/project/lib/python3.10/site-packages/airflow/example_dags/example_branch_labels.py
[2024-03-13T15:56:18.083-0400] {processor.py:830} INFO - Processing file /home/ironbong_jr/mlops/project/project/lib/python3.10/site-packages/airflow/example_dags/example_branch_labels.py for tasks to queue
[2024-03-13T15:56:18.084-0400] {logging_mixin.py:188} INFO - [2024-03-13T15:56:18.084-0400] {dagbag.py:540} INFO - Filling up the DagBag from /home/ironbong_jr/mlops/project/project/lib/python3.10/site-packages/airflow/example_dags/example_branch_labels.py
[2024-03-13T15:56:18.089-0400] {processor.py:840} INFO - DAG(s) 'example_branch_labels' retrieved from /home/ironbong_jr/mlops/project/project/lib/python3.10/site-packages/airflow/example_dags/example_branch_labels.py
[2024-03-13T15:56:18.099-0400] {logging_mixin.py:188} INFO - [2024-03-13T15:56:18.098-0400] {dag.py:3047} INFO - Sync 1 DAGs
[2024-03-13T15:56:18.109-0400] {logging_mixin.py:188} INFO - [2024-03-13T15:56:18.109-0400] {dag.py:3834} INFO - Setting next_dagrun for example_branch_labels to 2024-03-12 00:00:00+00:00, run_after=2024-03-13 00:00:00+00:00
[2024-03-13T15:56:18.131-0400] {processor.py:183} INFO - Processing /home/ironbong_jr/mlops/project/project/lib/python3.10/site-packages/airflow/example_dags/example_branch_labels.py took 0.051 seconds
[2024-03-13T15:57:06.681-0400] {processor.py:161} INFO - Started process (PID=456245) to work on /home/ironbong_jr/mlops/project/project/lib/python3.10/site-packages/airflow/example_dags/example_branch_labels.py
[2024-03-13T15:57:06.684-0400] {processor.py:830} INFO - Processing file /home/ironbong_jr/mlops/project/project/lib/python3.10/site-packages/airflow/example_dags/example_branch_labels.py for tasks to queue
[2024-03-13T15:57:06.685-0400] {logging_mixin.py:188} INFO - [2024-03-13T15:57:06.685-0400] {dagbag.py:540} INFO - Filling up the DagBag from /home/ironbong_jr/mlops/project/project/lib/python3.10/site-packages/airflow/example_dags/example_branch_labels.py
[2024-03-13T15:57:06.690-0400] {processor.py:840} INFO - DAG(s) 'example_branch_labels' retrieved from /home/ironbong_jr/mlops/project/project/lib/python3.10/site-packages/airflow/example_dags/example_branch_labels.py
[2024-03-13T15:57:06.702-0400] {logging_mixin.py:188} INFO - [2024-03-13T15:57:06.702-0400] {dag.py:3047} INFO - Sync 1 DAGs
[2024-03-13T15:57:06.715-0400] {logging_mixin.py:188} INFO - [2024-03-13T15:57:06.715-0400] {dag.py:3834} INFO - Setting next_dagrun for example_branch_labels to 2024-03-12 00:00:00+00:00, run_after=2024-03-13 00:00:00+00:00
[2024-03-13T15:57:06.736-0400] {processor.py:183} INFO - Processing /home/ironbong_jr/mlops/project/project/lib/python3.10/site-packages/airflow/example_dags/example_branch_labels.py took 0.057 seconds
[2024-03-13T15:57:58.455-0400] {processor.py:161} INFO - Started process (PID=456545) to work on /home/ironbong_jr/mlops/project/project/lib/python3.10/site-packages/airflow/example_dags/example_branch_labels.py
[2024-03-13T15:57:58.460-0400] {processor.py:830} INFO - Processing file /home/ironbong_jr/mlops/project/project/lib/python3.10/site-packages/airflow/example_dags/example_branch_labels.py for tasks to queue
[2024-03-13T15:57:58.461-0400] {logging_mixin.py:188} INFO - [2024-03-13T15:57:58.461-0400] {dagbag.py:540} INFO - Filling up the DagBag from /home/ironbong_jr/mlops/project/project/lib/python3.10/site-packages/airflow/example_dags/example_branch_labels.py
[2024-03-13T15:57:58.465-0400] {processor.py:840} INFO - DAG(s) 'example_branch_labels' retrieved from /home/ironbong_jr/mlops/project/project/lib/python3.10/site-packages/airflow/example_dags/example_branch_labels.py
[2024-03-13T15:57:58.476-0400] {logging_mixin.py:188} INFO - [2024-03-13T15:57:58.476-0400] {dag.py:3047} INFO - Sync 1 DAGs
[2024-03-13T15:57:58.490-0400] {logging_mixin.py:188} INFO - [2024-03-13T15:57:58.490-0400] {dag.py:3834} INFO - Setting next_dagrun for example_branch_labels to 2024-03-12 00:00:00+00:00, run_after=2024-03-13 00:00:00+00:00
[2024-03-13T15:57:58.515-0400] {processor.py:183} INFO - Processing /home/ironbong_jr/mlops/project/project/lib/python3.10/site-packages/airflow/example_dags/example_branch_labels.py took 0.061 seconds
[2024-03-13T15:58:51.009-0400] {processor.py:161} INFO - Started process (PID=456808) to work on /home/ironbong_jr/mlops/project/project/lib/python3.10/site-packages/airflow/example_dags/example_branch_labels.py
[2024-03-13T15:58:51.013-0400] {processor.py:830} INFO - Processing file /home/ironbong_jr/mlops/project/project/lib/python3.10/site-packages/airflow/example_dags/example_branch_labels.py for tasks to queue
[2024-03-13T15:58:51.014-0400] {logging_mixin.py:188} INFO - [2024-03-13T15:58:51.014-0400] {dagbag.py:540} INFO - Filling up the DagBag from /home/ironbong_jr/mlops/project/project/lib/python3.10/site-packages/airflow/example_dags/example_branch_labels.py
[2024-03-13T15:58:51.019-0400] {processor.py:840} INFO - DAG(s) 'example_branch_labels' retrieved from /home/ironbong_jr/mlops/project/project/lib/python3.10/site-packages/airflow/example_dags/example_branch_labels.py
[2024-03-13T15:58:51.034-0400] {logging_mixin.py:188} INFO - [2024-03-13T15:58:51.034-0400] {dag.py:3047} INFO - Sync 1 DAGs
[2024-03-13T15:58:51.054-0400] {logging_mixin.py:188} INFO - [2024-03-13T15:58:51.054-0400] {dag.py:3834} INFO - Setting next_dagrun for example_branch_labels to 2024-03-12 00:00:00+00:00, run_after=2024-03-13 00:00:00+00:00
[2024-03-13T15:58:51.083-0400] {processor.py:183} INFO - Processing /home/ironbong_jr/mlops/project/project/lib/python3.10/site-packages/airflow/example_dags/example_branch_labels.py took 0.078 seconds
[2024-03-13T15:59:42.043-0400] {processor.py:161} INFO - Started process (PID=457064) to work on /home/ironbong_jr/mlops/project/project/lib/python3.10/site-packages/airflow/example_dags/example_branch_labels.py
[2024-03-13T15:59:42.046-0400] {processor.py:830} INFO - Processing file /home/ironbong_jr/mlops/project/project/lib/python3.10/site-packages/airflow/example_dags/example_branch_labels.py for tasks to queue
[2024-03-13T15:59:42.047-0400] {logging_mixin.py:188} INFO - [2024-03-13T15:59:42.047-0400] {dagbag.py:540} INFO - Filling up the DagBag from /home/ironbong_jr/mlops/project/project/lib/python3.10/site-packages/airflow/example_dags/example_branch_labels.py
[2024-03-13T15:59:42.052-0400] {processor.py:840} INFO - DAG(s) 'example_branch_labels' retrieved from /home/ironbong_jr/mlops/project/project/lib/python3.10/site-packages/airflow/example_dags/example_branch_labels.py
[2024-03-13T15:59:42.063-0400] {logging_mixin.py:188} INFO - [2024-03-13T15:59:42.063-0400] {dag.py:3047} INFO - Sync 1 DAGs
[2024-03-13T15:59:42.074-0400] {logging_mixin.py:188} INFO - [2024-03-13T15:59:42.074-0400] {dag.py:3834} INFO - Setting next_dagrun for example_branch_labels to 2024-03-12 00:00:00+00:00, run_after=2024-03-13 00:00:00+00:00
[2024-03-13T15:59:42.096-0400] {processor.py:183} INFO - Processing /home/ironbong_jr/mlops/project/project/lib/python3.10/site-packages/airflow/example_dags/example_branch_labels.py took 0.055 seconds
[2024-03-13T16:00:33.177-0400] {processor.py:161} INFO - Started process (PID=457309) to work on /home/ironbong_jr/mlops/project/project/lib/python3.10/site-packages/airflow/example_dags/example_branch_labels.py
[2024-03-13T16:00:33.178-0400] {processor.py:830} INFO - Processing file /home/ironbong_jr/mlops/project/project/lib/python3.10/site-packages/airflow/example_dags/example_branch_labels.py for tasks to queue
[2024-03-13T16:00:33.179-0400] {logging_mixin.py:188} INFO - [2024-03-13T16:00:33.179-0400] {dagbag.py:540} INFO - Filling up the DagBag from /home/ironbong_jr/mlops/project/project/lib/python3.10/site-packages/airflow/example_dags/example_branch_labels.py
[2024-03-13T16:00:33.184-0400] {processor.py:840} INFO - DAG(s) 'example_branch_labels' retrieved from /home/ironbong_jr/mlops/project/project/lib/python3.10/site-packages/airflow/example_dags/example_branch_labels.py
[2024-03-13T16:00:33.194-0400] {logging_mixin.py:188} INFO - [2024-03-13T16:00:33.194-0400] {dag.py:3047} INFO - Sync 1 DAGs
[2024-03-13T16:00:33.218-0400] {logging_mixin.py:188} INFO - [2024-03-13T16:00:33.217-0400] {dag.py:3834} INFO - Setting next_dagrun for example_branch_labels to 2024-03-12 00:00:00+00:00, run_after=2024-03-13 00:00:00+00:00
[2024-03-13T16:00:33.239-0400] {processor.py:183} INFO - Processing /home/ironbong_jr/mlops/project/project/lib/python3.10/site-packages/airflow/example_dags/example_branch_labels.py took 0.064 seconds
[2024-03-13T16:01:23.420-0400] {processor.py:161} INFO - Started process (PID=457567) to work on /home/ironbong_jr/mlops/project/project/lib/python3.10/site-packages/airflow/example_dags/example_branch_labels.py
[2024-03-13T16:01:23.424-0400] {processor.py:830} INFO - Processing file /home/ironbong_jr/mlops/project/project/lib/python3.10/site-packages/airflow/example_dags/example_branch_labels.py for tasks to queue
[2024-03-13T16:01:23.425-0400] {logging_mixin.py:188} INFO - [2024-03-13T16:01:23.424-0400] {dagbag.py:540} INFO - Filling up the DagBag from /home/ironbong_jr/mlops/project/project/lib/python3.10/site-packages/airflow/example_dags/example_branch_labels.py
[2024-03-13T16:01:23.430-0400] {processor.py:840} INFO - DAG(s) 'example_branch_labels' retrieved from /home/ironbong_jr/mlops/project/project/lib/python3.10/site-packages/airflow/example_dags/example_branch_labels.py
[2024-03-13T16:01:23.440-0400] {logging_mixin.py:188} INFO - [2024-03-13T16:01:23.440-0400] {dag.py:3047} INFO - Sync 1 DAGs
[2024-03-13T16:01:23.452-0400] {logging_mixin.py:188} INFO - [2024-03-13T16:01:23.452-0400] {dag.py:3834} INFO - Setting next_dagrun for example_branch_labels to 2024-03-12 00:00:00+00:00, run_after=2024-03-13 00:00:00+00:00
[2024-03-13T16:01:23.483-0400] {processor.py:183} INFO - Processing /home/ironbong_jr/mlops/project/project/lib/python3.10/site-packages/airflow/example_dags/example_branch_labels.py took 0.064 seconds
[2024-03-13T16:02:15.284-0400] {processor.py:161} INFO - Started process (PID=457855) to work on /home/ironbong_jr/mlops/project/project/lib/python3.10/site-packages/airflow/example_dags/example_branch_labels.py
[2024-03-13T16:02:15.288-0400] {processor.py:830} INFO - Processing file /home/ironbong_jr/mlops/project/project/lib/python3.10/site-packages/airflow/example_dags/example_branch_labels.py for tasks to queue
[2024-03-13T16:02:15.288-0400] {logging_mixin.py:188} INFO - [2024-03-13T16:02:15.288-0400] {dagbag.py:540} INFO - Filling up the DagBag from /home/ironbong_jr/mlops/project/project/lib/python3.10/site-packages/airflow/example_dags/example_branch_labels.py
[2024-03-13T16:02:15.293-0400] {processor.py:840} INFO - DAG(s) 'example_branch_labels' retrieved from /home/ironbong_jr/mlops/project/project/lib/python3.10/site-packages/airflow/example_dags/example_branch_labels.py
[2024-03-13T16:02:15.303-0400] {logging_mixin.py:188} INFO - [2024-03-13T16:02:15.303-0400] {dag.py:3047} INFO - Sync 1 DAGs
[2024-03-13T16:02:15.314-0400] {logging_mixin.py:188} INFO - [2024-03-13T16:02:15.314-0400] {dag.py:3834} INFO - Setting next_dagrun for example_branch_labels to 2024-03-12 00:00:00+00:00, run_after=2024-03-13 00:00:00+00:00
[2024-03-13T16:02:15.337-0400] {processor.py:183} INFO - Processing /home/ironbong_jr/mlops/project/project/lib/python3.10/site-packages/airflow/example_dags/example_branch_labels.py took 0.055 seconds
[2024-03-13T16:03:03.598-0400] {processor.py:161} INFO - Started process (PID=458089) to work on /home/ironbong_jr/mlops/project/project/lib/python3.10/site-packages/airflow/example_dags/example_branch_labels.py
[2024-03-13T16:03:03.600-0400] {processor.py:830} INFO - Processing file /home/ironbong_jr/mlops/project/project/lib/python3.10/site-packages/airflow/example_dags/example_branch_labels.py for tasks to queue
[2024-03-13T16:03:03.601-0400] {logging_mixin.py:188} INFO - [2024-03-13T16:03:03.600-0400] {dagbag.py:540} INFO - Filling up the DagBag from /home/ironbong_jr/mlops/project/project/lib/python3.10/site-packages/airflow/example_dags/example_branch_labels.py
[2024-03-13T16:03:03.606-0400] {processor.py:840} INFO - DAG(s) 'example_branch_labels' retrieved from /home/ironbong_jr/mlops/project/project/lib/python3.10/site-packages/airflow/example_dags/example_branch_labels.py
[2024-03-13T16:03:03.623-0400] {logging_mixin.py:188} INFO - [2024-03-13T16:03:03.622-0400] {dag.py:3047} INFO - Sync 1 DAGs
[2024-03-13T16:03:03.636-0400] {logging_mixin.py:188} INFO - [2024-03-13T16:03:03.636-0400] {dag.py:3834} INFO - Setting next_dagrun for example_branch_labels to 2024-03-12 00:00:00+00:00, run_after=2024-03-13 00:00:00+00:00
[2024-03-13T16:03:03.660-0400] {processor.py:183} INFO - Processing /home/ironbong_jr/mlops/project/project/lib/python3.10/site-packages/airflow/example_dags/example_branch_labels.py took 0.063 seconds
[2024-03-13T16:04:06.033-0400] {processor.py:161} INFO - Started process (PID=458490) to work on /home/ironbong_jr/mlops/project/project/lib/python3.10/site-packages/airflow/example_dags/example_branch_labels.py
[2024-03-13T16:04:06.036-0400] {processor.py:830} INFO - Processing file /home/ironbong_jr/mlops/project/project/lib/python3.10/site-packages/airflow/example_dags/example_branch_labels.py for tasks to queue
[2024-03-13T16:04:06.037-0400] {logging_mixin.py:188} INFO - [2024-03-13T16:04:06.037-0400] {dagbag.py:540} INFO - Filling up the DagBag from /home/ironbong_jr/mlops/project/project/lib/python3.10/site-packages/airflow/example_dags/example_branch_labels.py
[2024-03-13T16:04:06.043-0400] {processor.py:840} INFO - DAG(s) 'example_branch_labels' retrieved from /home/ironbong_jr/mlops/project/project/lib/python3.10/site-packages/airflow/example_dags/example_branch_labels.py
[2024-03-13T16:04:06.055-0400] {logging_mixin.py:188} INFO - [2024-03-13T16:04:06.055-0400] {dag.py:3047} INFO - Sync 1 DAGs
[2024-03-13T16:04:06.068-0400] {logging_mixin.py:188} INFO - [2024-03-13T16:04:06.068-0400] {dag.py:3834} INFO - Setting next_dagrun for example_branch_labels to 2024-03-12 00:00:00+00:00, run_after=2024-03-13 00:00:00+00:00
[2024-03-13T16:04:06.090-0400] {processor.py:183} INFO - Processing /home/ironbong_jr/mlops/project/project/lib/python3.10/site-packages/airflow/example_dags/example_branch_labels.py took 0.059 seconds
[2024-03-13T16:05:02.199-0400] {processor.py:161} INFO - Started process (PID=458770) to work on /home/ironbong_jr/mlops/project/project/lib/python3.10/site-packages/airflow/example_dags/example_branch_labels.py
[2024-03-13T16:05:02.201-0400] {processor.py:830} INFO - Processing file /home/ironbong_jr/mlops/project/project/lib/python3.10/site-packages/airflow/example_dags/example_branch_labels.py for tasks to queue
[2024-03-13T16:05:02.201-0400] {logging_mixin.py:188} INFO - [2024-03-13T16:05:02.201-0400] {dagbag.py:540} INFO - Filling up the DagBag from /home/ironbong_jr/mlops/project/project/lib/python3.10/site-packages/airflow/example_dags/example_branch_labels.py
[2024-03-13T16:05:02.209-0400] {processor.py:840} INFO - DAG(s) 'example_branch_labels' retrieved from /home/ironbong_jr/mlops/project/project/lib/python3.10/site-packages/airflow/example_dags/example_branch_labels.py
[2024-03-13T16:05:02.224-0400] {logging_mixin.py:188} INFO - [2024-03-13T16:05:02.223-0400] {dag.py:3047} INFO - Sync 1 DAGs
[2024-03-13T16:05:02.237-0400] {logging_mixin.py:188} INFO - [2024-03-13T16:05:02.237-0400] {dag.py:3834} INFO - Setting next_dagrun for example_branch_labels to 2024-03-12 00:00:00+00:00, run_after=2024-03-13 00:00:00+00:00
[2024-03-13T16:05:02.258-0400] {processor.py:183} INFO - Processing /home/ironbong_jr/mlops/project/project/lib/python3.10/site-packages/airflow/example_dags/example_branch_labels.py took 0.061 seconds
[2024-03-13T16:05:47.482-0400] {processor.py:161} INFO - Started process (PID=458996) to work on /home/ironbong_jr/mlops/project/project/lib/python3.10/site-packages/airflow/example_dags/example_branch_labels.py
[2024-03-13T16:05:47.484-0400] {processor.py:830} INFO - Processing file /home/ironbong_jr/mlops/project/project/lib/python3.10/site-packages/airflow/example_dags/example_branch_labels.py for tasks to queue
[2024-03-13T16:05:47.485-0400] {logging_mixin.py:188} INFO - [2024-03-13T16:05:47.484-0400] {dagbag.py:540} INFO - Filling up the DagBag from /home/ironbong_jr/mlops/project/project/lib/python3.10/site-packages/airflow/example_dags/example_branch_labels.py
[2024-03-13T16:05:47.490-0400] {processor.py:840} INFO - DAG(s) 'example_branch_labels' retrieved from /home/ironbong_jr/mlops/project/project/lib/python3.10/site-packages/airflow/example_dags/example_branch_labels.py
[2024-03-13T16:05:47.500-0400] {logging_mixin.py:188} INFO - [2024-03-13T16:05:47.500-0400] {dag.py:3047} INFO - Sync 1 DAGs
[2024-03-13T16:05:47.515-0400] {logging_mixin.py:188} INFO - [2024-03-13T16:05:47.514-0400] {dag.py:3834} INFO - Setting next_dagrun for example_branch_labels to 2024-03-12 00:00:00+00:00, run_after=2024-03-13 00:00:00+00:00
[2024-03-13T16:05:47.535-0400] {processor.py:183} INFO - Processing /home/ironbong_jr/mlops/project/project/lib/python3.10/site-packages/airflow/example_dags/example_branch_labels.py took 0.055 seconds
[2024-03-13T16:06:39.036-0400] {processor.py:161} INFO - Started process (PID=459256) to work on /home/ironbong_jr/mlops/project/project/lib/python3.10/site-packages/airflow/example_dags/example_branch_labels.py
[2024-03-13T16:06:39.040-0400] {processor.py:830} INFO - Processing file /home/ironbong_jr/mlops/project/project/lib/python3.10/site-packages/airflow/example_dags/example_branch_labels.py for tasks to queue
[2024-03-13T16:06:39.041-0400] {logging_mixin.py:188} INFO - [2024-03-13T16:06:39.040-0400] {dagbag.py:540} INFO - Filling up the DagBag from /home/ironbong_jr/mlops/project/project/lib/python3.10/site-packages/airflow/example_dags/example_branch_labels.py
[2024-03-13T16:06:39.046-0400] {processor.py:840} INFO - DAG(s) 'example_branch_labels' retrieved from /home/ironbong_jr/mlops/project/project/lib/python3.10/site-packages/airflow/example_dags/example_branch_labels.py
[2024-03-13T16:06:39.057-0400] {logging_mixin.py:188} INFO - [2024-03-13T16:06:39.057-0400] {dag.py:3047} INFO - Sync 1 DAGs
[2024-03-13T16:06:39.068-0400] {logging_mixin.py:188} INFO - [2024-03-13T16:06:39.068-0400] {dag.py:3834} INFO - Setting next_dagrun for example_branch_labels to 2024-03-12 00:00:00+00:00, run_after=2024-03-13 00:00:00+00:00
[2024-03-13T16:06:39.091-0400] {processor.py:183} INFO - Processing /home/ironbong_jr/mlops/project/project/lib/python3.10/site-packages/airflow/example_dags/example_branch_labels.py took 0.057 seconds
[2024-03-13T16:07:31.774-0400] {processor.py:161} INFO - Started process (PID=459516) to work on /home/ironbong_jr/mlops/project/project/lib/python3.10/site-packages/airflow/example_dags/example_branch_labels.py
[2024-03-13T16:07:31.776-0400] {processor.py:830} INFO - Processing file /home/ironbong_jr/mlops/project/project/lib/python3.10/site-packages/airflow/example_dags/example_branch_labels.py for tasks to queue
[2024-03-13T16:07:31.777-0400] {logging_mixin.py:188} INFO - [2024-03-13T16:07:31.777-0400] {dagbag.py:540} INFO - Filling up the DagBag from /home/ironbong_jr/mlops/project/project/lib/python3.10/site-packages/airflow/example_dags/example_branch_labels.py
[2024-03-13T16:07:31.783-0400] {processor.py:840} INFO - DAG(s) 'example_branch_labels' retrieved from /home/ironbong_jr/mlops/project/project/lib/python3.10/site-packages/airflow/example_dags/example_branch_labels.py
[2024-03-13T16:07:31.798-0400] {logging_mixin.py:188} INFO - [2024-03-13T16:07:31.797-0400] {dag.py:3047} INFO - Sync 1 DAGs
[2024-03-13T16:07:31.816-0400] {logging_mixin.py:188} INFO - [2024-03-13T16:07:31.815-0400] {dag.py:3834} INFO - Setting next_dagrun for example_branch_labels to 2024-03-12 00:00:00+00:00, run_after=2024-03-13 00:00:00+00:00
[2024-03-13T16:07:31.840-0400] {processor.py:183} INFO - Processing /home/ironbong_jr/mlops/project/project/lib/python3.10/site-packages/airflow/example_dags/example_branch_labels.py took 0.069 seconds
[2024-03-13T16:08:24.475-0400] {processor.py:161} INFO - Started process (PID=459769) to work on /home/ironbong_jr/mlops/project/project/lib/python3.10/site-packages/airflow/example_dags/example_branch_labels.py
[2024-03-13T16:08:24.478-0400] {processor.py:830} INFO - Processing file /home/ironbong_jr/mlops/project/project/lib/python3.10/site-packages/airflow/example_dags/example_branch_labels.py for tasks to queue
[2024-03-13T16:08:24.479-0400] {logging_mixin.py:188} INFO - [2024-03-13T16:08:24.479-0400] {dagbag.py:540} INFO - Filling up the DagBag from /home/ironbong_jr/mlops/project/project/lib/python3.10/site-packages/airflow/example_dags/example_branch_labels.py
[2024-03-13T16:08:24.484-0400] {processor.py:840} INFO - DAG(s) 'example_branch_labels' retrieved from /home/ironbong_jr/mlops/project/project/lib/python3.10/site-packages/airflow/example_dags/example_branch_labels.py
[2024-03-13T16:08:24.496-0400] {logging_mixin.py:188} INFO - [2024-03-13T16:08:24.496-0400] {dag.py:3047} INFO - Sync 1 DAGs
[2024-03-13T16:08:24.509-0400] {logging_mixin.py:188} INFO - [2024-03-13T16:08:24.509-0400] {dag.py:3834} INFO - Setting next_dagrun for example_branch_labels to 2024-03-12 00:00:00+00:00, run_after=2024-03-13 00:00:00+00:00
[2024-03-13T16:08:24.532-0400] {processor.py:183} INFO - Processing /home/ironbong_jr/mlops/project/project/lib/python3.10/site-packages/airflow/example_dags/example_branch_labels.py took 0.059 seconds
[2024-03-13T16:09:14.482-0400] {processor.py:161} INFO - Started process (PID=460018) to work on /home/ironbong_jr/mlops/project/project/lib/python3.10/site-packages/airflow/example_dags/example_branch_labels.py
[2024-03-13T16:09:14.485-0400] {processor.py:830} INFO - Processing file /home/ironbong_jr/mlops/project/project/lib/python3.10/site-packages/airflow/example_dags/example_branch_labels.py for tasks to queue
[2024-03-13T16:09:14.486-0400] {logging_mixin.py:188} INFO - [2024-03-13T16:09:14.486-0400] {dagbag.py:540} INFO - Filling up the DagBag from /home/ironbong_jr/mlops/project/project/lib/python3.10/site-packages/airflow/example_dags/example_branch_labels.py
[2024-03-13T16:09:14.492-0400] {processor.py:840} INFO - DAG(s) 'example_branch_labels' retrieved from /home/ironbong_jr/mlops/project/project/lib/python3.10/site-packages/airflow/example_dags/example_branch_labels.py
[2024-03-13T16:09:14.503-0400] {logging_mixin.py:188} INFO - [2024-03-13T16:09:14.503-0400] {dag.py:3047} INFO - Sync 1 DAGs
[2024-03-13T16:09:14.515-0400] {logging_mixin.py:188} INFO - [2024-03-13T16:09:14.514-0400] {dag.py:3834} INFO - Setting next_dagrun for example_branch_labels to 2024-03-12 00:00:00+00:00, run_after=2024-03-13 00:00:00+00:00
[2024-03-13T16:09:14.536-0400] {processor.py:183} INFO - Processing /home/ironbong_jr/mlops/project/project/lib/python3.10/site-packages/airflow/example_dags/example_branch_labels.py took 0.056 seconds
[2024-03-13T16:10:03.420-0400] {processor.py:161} INFO - Started process (PID=460267) to work on /home/ironbong_jr/mlops/project/project/lib/python3.10/site-packages/airflow/example_dags/example_branch_labels.py
[2024-03-13T16:10:03.424-0400] {processor.py:830} INFO - Processing file /home/ironbong_jr/mlops/project/project/lib/python3.10/site-packages/airflow/example_dags/example_branch_labels.py for tasks to queue
[2024-03-13T16:10:03.425-0400] {logging_mixin.py:188} INFO - [2024-03-13T16:10:03.425-0400] {dagbag.py:540} INFO - Filling up the DagBag from /home/ironbong_jr/mlops/project/project/lib/python3.10/site-packages/airflow/example_dags/example_branch_labels.py
[2024-03-13T16:10:03.430-0400] {processor.py:840} INFO - DAG(s) 'example_branch_labels' retrieved from /home/ironbong_jr/mlops/project/project/lib/python3.10/site-packages/airflow/example_dags/example_branch_labels.py
[2024-03-13T16:10:03.440-0400] {logging_mixin.py:188} INFO - [2024-03-13T16:10:03.440-0400] {dag.py:3047} INFO - Sync 1 DAGs
[2024-03-13T16:10:03.458-0400] {logging_mixin.py:188} INFO - [2024-03-13T16:10:03.458-0400] {dag.py:3834} INFO - Setting next_dagrun for example_branch_labels to 2024-03-12 00:00:00+00:00, run_after=2024-03-13 00:00:00+00:00
[2024-03-13T16:10:03.480-0400] {processor.py:183} INFO - Processing /home/ironbong_jr/mlops/project/project/lib/python3.10/site-packages/airflow/example_dags/example_branch_labels.py took 0.061 seconds
[2024-03-13T16:10:51.931-0400] {processor.py:161} INFO - Started process (PID=460504) to work on /home/ironbong_jr/mlops/project/project/lib/python3.10/site-packages/airflow/example_dags/example_branch_labels.py
[2024-03-13T16:10:51.934-0400] {processor.py:830} INFO - Processing file /home/ironbong_jr/mlops/project/project/lib/python3.10/site-packages/airflow/example_dags/example_branch_labels.py for tasks to queue
[2024-03-13T16:10:51.935-0400] {logging_mixin.py:188} INFO - [2024-03-13T16:10:51.935-0400] {dagbag.py:540} INFO - Filling up the DagBag from /home/ironbong_jr/mlops/project/project/lib/python3.10/site-packages/airflow/example_dags/example_branch_labels.py
[2024-03-13T16:10:51.940-0400] {processor.py:840} INFO - DAG(s) 'example_branch_labels' retrieved from /home/ironbong_jr/mlops/project/project/lib/python3.10/site-packages/airflow/example_dags/example_branch_labels.py
[2024-03-13T16:10:51.950-0400] {logging_mixin.py:188} INFO - [2024-03-13T16:10:51.950-0400] {dag.py:3047} INFO - Sync 1 DAGs
[2024-03-13T16:10:51.962-0400] {logging_mixin.py:188} INFO - [2024-03-13T16:10:51.961-0400] {dag.py:3834} INFO - Setting next_dagrun for example_branch_labels to 2024-03-12 00:00:00+00:00, run_after=2024-03-13 00:00:00+00:00
[2024-03-13T16:10:51.982-0400] {processor.py:183} INFO - Processing /home/ironbong_jr/mlops/project/project/lib/python3.10/site-packages/airflow/example_dags/example_branch_labels.py took 0.053 seconds
[2024-03-13T16:11:42.574-0400] {processor.py:161} INFO - Started process (PID=460754) to work on /home/ironbong_jr/mlops/project/project/lib/python3.10/site-packages/airflow/example_dags/example_branch_labels.py
[2024-03-13T16:11:42.575-0400] {processor.py:830} INFO - Processing file /home/ironbong_jr/mlops/project/project/lib/python3.10/site-packages/airflow/example_dags/example_branch_labels.py for tasks to queue
[2024-03-13T16:11:42.576-0400] {logging_mixin.py:188} INFO - [2024-03-13T16:11:42.576-0400] {dagbag.py:540} INFO - Filling up the DagBag from /home/ironbong_jr/mlops/project/project/lib/python3.10/site-packages/airflow/example_dags/example_branch_labels.py
[2024-03-13T16:11:42.581-0400] {processor.py:840} INFO - DAG(s) 'example_branch_labels' retrieved from /home/ironbong_jr/mlops/project/project/lib/python3.10/site-packages/airflow/example_dags/example_branch_labels.py
[2024-03-13T16:11:42.591-0400] {logging_mixin.py:188} INFO - [2024-03-13T16:11:42.591-0400] {dag.py:3047} INFO - Sync 1 DAGs
[2024-03-13T16:11:42.602-0400] {logging_mixin.py:188} INFO - [2024-03-13T16:11:42.602-0400] {dag.py:3834} INFO - Setting next_dagrun for example_branch_labels to 2024-03-12 00:00:00+00:00, run_after=2024-03-13 00:00:00+00:00
[2024-03-13T16:11:42.624-0400] {processor.py:183} INFO - Processing /home/ironbong_jr/mlops/project/project/lib/python3.10/site-packages/airflow/example_dags/example_branch_labels.py took 0.052 seconds
[2024-03-13T16:12:32.621-0400] {processor.py:161} INFO - Started process (PID=461009) to work on /home/ironbong_jr/mlops/project/project/lib/python3.10/site-packages/airflow/example_dags/example_branch_labels.py
[2024-03-13T16:12:32.624-0400] {processor.py:830} INFO - Processing file /home/ironbong_jr/mlops/project/project/lib/python3.10/site-packages/airflow/example_dags/example_branch_labels.py for tasks to queue
[2024-03-13T16:12:32.625-0400] {logging_mixin.py:188} INFO - [2024-03-13T16:12:32.625-0400] {dagbag.py:540} INFO - Filling up the DagBag from /home/ironbong_jr/mlops/project/project/lib/python3.10/site-packages/airflow/example_dags/example_branch_labels.py
[2024-03-13T16:12:32.632-0400] {processor.py:840} INFO - DAG(s) 'example_branch_labels' retrieved from /home/ironbong_jr/mlops/project/project/lib/python3.10/site-packages/airflow/example_dags/example_branch_labels.py
[2024-03-13T16:12:32.643-0400] {logging_mixin.py:188} INFO - [2024-03-13T16:12:32.643-0400] {dag.py:3047} INFO - Sync 1 DAGs
[2024-03-13T16:12:32.657-0400] {logging_mixin.py:188} INFO - [2024-03-13T16:12:32.657-0400] {dag.py:3834} INFO - Setting next_dagrun for example_branch_labels to 2024-03-12 00:00:00+00:00, run_after=2024-03-13 00:00:00+00:00
[2024-03-13T16:12:32.681-0400] {processor.py:183} INFO - Processing /home/ironbong_jr/mlops/project/project/lib/python3.10/site-packages/airflow/example_dags/example_branch_labels.py took 0.062 seconds
