[2024-03-12T21:22:23.159-0400] {processor.py:161} INFO - Started process (PID=407109) to work on /home/ironbong_jr/mlops/project/project/lib/python3.10/site-packages/airflow/example_dags/example_xcomargs.py
[2024-03-12T21:22:23.161-0400] {processor.py:830} INFO - Processing file /home/ironbong_jr/mlops/project/project/lib/python3.10/site-packages/airflow/example_dags/example_xcomargs.py for tasks to queue
[2024-03-12T21:22:23.163-0400] {logging_mixin.py:188} INFO - [2024-03-12T21:22:23.162-0400] {dagbag.py:540} INFO - Filling up the DagBag from /home/ironbong_jr/mlops/project/project/lib/python3.10/site-packages/airflow/example_dags/example_xcomargs.py
[2024-03-12T21:22:23.186-0400] {processor.py:840} INFO - DAG(s) 'example_xcom_args', 'example_xcom_args_with_operators' retrieved from /home/ironbong_jr/mlops/project/project/lib/python3.10/site-packages/airflow/example_dags/example_xcomargs.py
[2024-03-12T21:22:23.543-0400] {logging_mixin.py:188} INFO - [2024-03-12T21:22:23.542-0400] {dag.py:3047} INFO - Sync 2 DAGs
[2024-03-12T21:22:23.555-0400] {logging_mixin.py:188} INFO - [2024-03-12T21:22:23.554-0400] {dag.py:3834} INFO - Setting next_dagrun for example_xcom_args to None, run_after=None
[2024-03-12T21:22:23.559-0400] {logging_mixin.py:188} INFO - [2024-03-12T21:22:23.558-0400] {dag.py:3834} INFO - Setting next_dagrun for example_xcom_args_with_operators to None, run_after=None
[2024-03-12T21:22:23.663-0400] {processor.py:183} INFO - Processing /home/ironbong_jr/mlops/project/project/lib/python3.10/site-packages/airflow/example_dags/example_xcomargs.py took 0.528 seconds
[2024-03-12T21:25:34.108-0400] {processor.py:161} INFO - Started process (PID=407961) to work on /home/ironbong_jr/mlops/project/project/lib/python3.10/site-packages/airflow/example_dags/example_xcomargs.py
[2024-03-12T21:25:34.111-0400] {processor.py:830} INFO - Processing file /home/ironbong_jr/mlops/project/project/lib/python3.10/site-packages/airflow/example_dags/example_xcomargs.py for tasks to queue
[2024-03-12T21:25:34.113-0400] {logging_mixin.py:188} INFO - [2024-03-12T21:25:34.112-0400] {dagbag.py:540} INFO - Filling up the DagBag from /home/ironbong_jr/mlops/project/project/lib/python3.10/site-packages/airflow/example_dags/example_xcomargs.py
[2024-03-12T21:25:34.127-0400] {processor.py:840} INFO - DAG(s) 'example_xcom_args_with_operators', 'example_xcom_args' retrieved from /home/ironbong_jr/mlops/project/project/lib/python3.10/site-packages/airflow/example_dags/example_xcomargs.py
[2024-03-12T21:25:34.169-0400] {logging_mixin.py:188} INFO - [2024-03-12T21:25:34.168-0400] {dag.py:3047} INFO - Sync 2 DAGs
[2024-03-12T21:25:34.199-0400] {logging_mixin.py:188} INFO - [2024-03-12T21:25:34.199-0400] {dag.py:3834} INFO - Setting next_dagrun for example_xcom_args to None, run_after=None
[2024-03-12T21:25:34.206-0400] {logging_mixin.py:188} INFO - [2024-03-12T21:25:34.205-0400] {dag.py:3834} INFO - Setting next_dagrun for example_xcom_args_with_operators to None, run_after=None
[2024-03-12T21:25:34.282-0400] {processor.py:183} INFO - Processing /home/ironbong_jr/mlops/project/project/lib/python3.10/site-packages/airflow/example_dags/example_xcomargs.py took 0.178 seconds
[2024-03-12T21:27:51.042-0400] {processor.py:161} INFO - Started process (PID=408597) to work on /home/ironbong_jr/mlops/project/project/lib/python3.10/site-packages/airflow/example_dags/example_xcomargs.py
[2024-03-12T21:27:51.046-0400] {processor.py:830} INFO - Processing file /home/ironbong_jr/mlops/project/project/lib/python3.10/site-packages/airflow/example_dags/example_xcomargs.py for tasks to queue
[2024-03-12T21:27:51.049-0400] {logging_mixin.py:188} INFO - [2024-03-12T21:27:51.048-0400] {dagbag.py:540} INFO - Filling up the DagBag from /home/ironbong_jr/mlops/project/project/lib/python3.10/site-packages/airflow/example_dags/example_xcomargs.py
[2024-03-12T21:27:51.080-0400] {processor.py:840} INFO - DAG(s) 'example_xcom_args', 'example_xcom_args_with_operators' retrieved from /home/ironbong_jr/mlops/project/project/lib/python3.10/site-packages/airflow/example_dags/example_xcomargs.py
[2024-03-12T21:27:51.114-0400] {logging_mixin.py:188} INFO - [2024-03-12T21:27:51.114-0400] {dag.py:3047} INFO - Sync 2 DAGs
[2024-03-12T21:27:51.136-0400] {logging_mixin.py:188} INFO - [2024-03-12T21:27:51.135-0400] {dag.py:3834} INFO - Setting next_dagrun for example_xcom_args to None, run_after=None
[2024-03-12T21:27:51.142-0400] {logging_mixin.py:188} INFO - [2024-03-12T21:27:51.142-0400] {dag.py:3834} INFO - Setting next_dagrun for example_xcom_args_with_operators to None, run_after=None
[2024-03-12T21:27:51.248-0400] {processor.py:183} INFO - Processing /home/ironbong_jr/mlops/project/project/lib/python3.10/site-packages/airflow/example_dags/example_xcomargs.py took 0.217 seconds
[2024-03-12T21:29:28.911-0400] {processor.py:161} INFO - Started process (PID=409068) to work on /home/ironbong_jr/mlops/project/project/lib/python3.10/site-packages/airflow/example_dags/example_xcomargs.py
[2024-03-12T21:29:28.963-0400] {processor.py:830} INFO - Processing file /home/ironbong_jr/mlops/project/project/lib/python3.10/site-packages/airflow/example_dags/example_xcomargs.py for tasks to queue
[2024-03-12T21:29:28.967-0400] {logging_mixin.py:188} INFO - [2024-03-12T21:29:28.966-0400] {dagbag.py:540} INFO - Filling up the DagBag from /home/ironbong_jr/mlops/project/project/lib/python3.10/site-packages/airflow/example_dags/example_xcomargs.py
[2024-03-12T21:29:28.983-0400] {processor.py:840} INFO - DAG(s) 'example_xcom_args', 'example_xcom_args_with_operators' retrieved from /home/ironbong_jr/mlops/project/project/lib/python3.10/site-packages/airflow/example_dags/example_xcomargs.py
[2024-03-12T21:29:29.015-0400] {logging_mixin.py:188} INFO - [2024-03-12T21:29:29.014-0400] {dag.py:3047} INFO - Sync 2 DAGs
[2024-03-12T21:29:29.036-0400] {logging_mixin.py:188} INFO - [2024-03-12T21:29:29.035-0400] {dag.py:3834} INFO - Setting next_dagrun for example_xcom_args to None, run_after=None
[2024-03-12T21:29:29.042-0400] {logging_mixin.py:188} INFO - [2024-03-12T21:29:29.042-0400] {dag.py:3834} INFO - Setting next_dagrun for example_xcom_args_with_operators to None, run_after=None
[2024-03-12T21:29:29.131-0400] {processor.py:183} INFO - Processing /home/ironbong_jr/mlops/project/project/lib/python3.10/site-packages/airflow/example_dags/example_xcomargs.py took 0.233 seconds
[2024-03-12T21:30:57.676-0400] {processor.py:161} INFO - Started process (PID=409513) to work on /home/ironbong_jr/mlops/project/project/lib/python3.10/site-packages/airflow/example_dags/example_xcomargs.py
[2024-03-12T21:30:57.726-0400] {processor.py:830} INFO - Processing file /home/ironbong_jr/mlops/project/project/lib/python3.10/site-packages/airflow/example_dags/example_xcomargs.py for tasks to queue
[2024-03-12T21:30:57.729-0400] {logging_mixin.py:188} INFO - [2024-03-12T21:30:57.728-0400] {dagbag.py:540} INFO - Filling up the DagBag from /home/ironbong_jr/mlops/project/project/lib/python3.10/site-packages/airflow/example_dags/example_xcomargs.py
[2024-03-12T21:30:57.747-0400] {processor.py:840} INFO - DAG(s) 'example_xcom_args_with_operators', 'example_xcom_args' retrieved from /home/ironbong_jr/mlops/project/project/lib/python3.10/site-packages/airflow/example_dags/example_xcomargs.py
[2024-03-12T21:30:57.789-0400] {logging_mixin.py:188} INFO - [2024-03-12T21:30:57.788-0400] {dag.py:3047} INFO - Sync 2 DAGs
[2024-03-12T21:30:57.812-0400] {logging_mixin.py:188} INFO - [2024-03-12T21:30:57.811-0400] {dag.py:3834} INFO - Setting next_dagrun for example_xcom_args to None, run_after=None
[2024-03-12T21:30:57.819-0400] {logging_mixin.py:188} INFO - [2024-03-12T21:30:57.818-0400] {dag.py:3834} INFO - Setting next_dagrun for example_xcom_args_with_operators to None, run_after=None
[2024-03-12T21:30:57.878-0400] {processor.py:183} INFO - Processing /home/ironbong_jr/mlops/project/project/lib/python3.10/site-packages/airflow/example_dags/example_xcomargs.py took 0.208 seconds
[2024-03-12T21:32:37.530-0400] {processor.py:161} INFO - Started process (PID=410040) to work on /home/ironbong_jr/mlops/project/project/lib/python3.10/site-packages/airflow/example_dags/example_xcomargs.py
[2024-03-12T21:32:37.576-0400] {processor.py:830} INFO - Processing file /home/ironbong_jr/mlops/project/project/lib/python3.10/site-packages/airflow/example_dags/example_xcomargs.py for tasks to queue
[2024-03-12T21:32:37.579-0400] {logging_mixin.py:188} INFO - [2024-03-12T21:32:37.578-0400] {dagbag.py:540} INFO - Filling up the DagBag from /home/ironbong_jr/mlops/project/project/lib/python3.10/site-packages/airflow/example_dags/example_xcomargs.py
[2024-03-12T21:32:37.599-0400] {processor.py:840} INFO - DAG(s) 'example_xcom_args', 'example_xcom_args_with_operators' retrieved from /home/ironbong_jr/mlops/project/project/lib/python3.10/site-packages/airflow/example_dags/example_xcomargs.py
[2024-03-12T21:32:37.646-0400] {logging_mixin.py:188} INFO - [2024-03-12T21:32:37.646-0400] {dag.py:3047} INFO - Sync 2 DAGs
[2024-03-12T21:32:37.688-0400] {logging_mixin.py:188} INFO - [2024-03-12T21:32:37.688-0400] {dag.py:3834} INFO - Setting next_dagrun for example_xcom_args to None, run_after=None
[2024-03-12T21:32:37.695-0400] {logging_mixin.py:188} INFO - [2024-03-12T21:32:37.694-0400] {dag.py:3834} INFO - Setting next_dagrun for example_xcom_args_with_operators to None, run_after=None
[2024-03-12T21:32:37.747-0400] {processor.py:183} INFO - Processing /home/ironbong_jr/mlops/project/project/lib/python3.10/site-packages/airflow/example_dags/example_xcomargs.py took 0.227 seconds
[2024-03-12T21:34:17.617-0400] {processor.py:161} INFO - Started process (PID=410541) to work on /home/ironbong_jr/mlops/project/project/lib/python3.10/site-packages/airflow/example_dags/example_xcomargs.py
[2024-03-12T21:34:17.663-0400] {processor.py:830} INFO - Processing file /home/ironbong_jr/mlops/project/project/lib/python3.10/site-packages/airflow/example_dags/example_xcomargs.py for tasks to queue
[2024-03-12T21:34:17.666-0400] {logging_mixin.py:188} INFO - [2024-03-12T21:34:17.665-0400] {dagbag.py:540} INFO - Filling up the DagBag from /home/ironbong_jr/mlops/project/project/lib/python3.10/site-packages/airflow/example_dags/example_xcomargs.py
[2024-03-12T21:34:17.688-0400] {processor.py:840} INFO - DAG(s) 'example_xcom_args', 'example_xcom_args_with_operators' retrieved from /home/ironbong_jr/mlops/project/project/lib/python3.10/site-packages/airflow/example_dags/example_xcomargs.py
[2024-03-12T21:34:17.771-0400] {logging_mixin.py:188} INFO - [2024-03-12T21:34:17.770-0400] {dag.py:3047} INFO - Sync 2 DAGs
[2024-03-12T21:34:17.793-0400] {logging_mixin.py:188} INFO - [2024-03-12T21:34:17.792-0400] {dag.py:3834} INFO - Setting next_dagrun for example_xcom_args to None, run_after=None
[2024-03-12T21:34:17.798-0400] {logging_mixin.py:188} INFO - [2024-03-12T21:34:17.798-0400] {dag.py:3834} INFO - Setting next_dagrun for example_xcom_args_with_operators to None, run_after=None
[2024-03-12T21:34:17.843-0400] {processor.py:183} INFO - Processing /home/ironbong_jr/mlops/project/project/lib/python3.10/site-packages/airflow/example_dags/example_xcomargs.py took 0.232 seconds
[2024-03-12T23:29:56.443-0400] {processor.py:161} INFO - Started process (PID=418578) to work on /home/ironbong_jr/mlops/project/project/lib/python3.10/site-packages/airflow/example_dags/example_xcomargs.py
[2024-03-12T23:29:56.495-0400] {processor.py:830} INFO - Processing file /home/ironbong_jr/mlops/project/project/lib/python3.10/site-packages/airflow/example_dags/example_xcomargs.py for tasks to queue
[2024-03-12T23:29:56.497-0400] {logging_mixin.py:188} INFO - [2024-03-12T23:29:56.496-0400] {dagbag.py:540} INFO - Filling up the DagBag from /home/ironbong_jr/mlops/project/project/lib/python3.10/site-packages/airflow/example_dags/example_xcomargs.py
[2024-03-12T23:29:56.533-0400] {processor.py:840} INFO - DAG(s) 'example_xcom_args_with_operators', 'example_xcom_args' retrieved from /home/ironbong_jr/mlops/project/project/lib/python3.10/site-packages/airflow/example_dags/example_xcomargs.py
[2024-03-12T23:29:56.668-0400] {logging_mixin.py:188} INFO - [2024-03-12T23:29:56.667-0400] {dag.py:3047} INFO - Sync 2 DAGs
[2024-03-12T23:29:56.681-0400] {logging_mixin.py:188} INFO - [2024-03-12T23:29:56.681-0400] {dag.py:3834} INFO - Setting next_dagrun for example_xcom_args to None, run_after=None
[2024-03-12T23:29:56.689-0400] {logging_mixin.py:188} INFO - [2024-03-12T23:29:56.689-0400] {dag.py:3834} INFO - Setting next_dagrun for example_xcom_args_with_operators to None, run_after=None
[2024-03-12T23:29:56.797-0400] {processor.py:183} INFO - Processing /home/ironbong_jr/mlops/project/project/lib/python3.10/site-packages/airflow/example_dags/example_xcomargs.py took 0.370 seconds
[2024-03-12T23:31:44.394-0400] {processor.py:161} INFO - Started process (PID=419049) to work on /home/ironbong_jr/mlops/project/project/lib/python3.10/site-packages/airflow/example_dags/example_xcomargs.py
[2024-03-12T23:31:44.446-0400] {processor.py:830} INFO - Processing file /home/ironbong_jr/mlops/project/project/lib/python3.10/site-packages/airflow/example_dags/example_xcomargs.py for tasks to queue
[2024-03-12T23:31:44.448-0400] {logging_mixin.py:188} INFO - [2024-03-12T23:31:44.448-0400] {dagbag.py:540} INFO - Filling up the DagBag from /home/ironbong_jr/mlops/project/project/lib/python3.10/site-packages/airflow/example_dags/example_xcomargs.py
[2024-03-12T23:31:44.470-0400] {processor.py:840} INFO - DAG(s) 'example_xcom_args_with_operators', 'example_xcom_args' retrieved from /home/ironbong_jr/mlops/project/project/lib/python3.10/site-packages/airflow/example_dags/example_xcomargs.py
[2024-03-12T23:31:44.512-0400] {logging_mixin.py:188} INFO - [2024-03-12T23:31:44.512-0400] {dag.py:3047} INFO - Sync 2 DAGs
[2024-03-12T23:31:44.531-0400] {logging_mixin.py:188} INFO - [2024-03-12T23:31:44.530-0400] {dag.py:3834} INFO - Setting next_dagrun for example_xcom_args to None, run_after=None
[2024-03-12T23:31:44.536-0400] {logging_mixin.py:188} INFO - [2024-03-12T23:31:44.536-0400] {dag.py:3834} INFO - Setting next_dagrun for example_xcom_args_with_operators to None, run_after=None
[2024-03-12T23:31:44.573-0400] {processor.py:183} INFO - Processing /home/ironbong_jr/mlops/project/project/lib/python3.10/site-packages/airflow/example_dags/example_xcomargs.py took 0.187 seconds
[2024-03-12T23:42:42.463-0400] {processor.py:161} INFO - Started process (PID=421667) to work on /home/ironbong_jr/mlops/project/project/lib/python3.10/site-packages/airflow/example_dags/example_xcomargs.py
[2024-03-12T23:42:42.514-0400] {processor.py:830} INFO - Processing file /home/ironbong_jr/mlops/project/project/lib/python3.10/site-packages/airflow/example_dags/example_xcomargs.py for tasks to queue
[2024-03-12T23:42:42.516-0400] {logging_mixin.py:188} INFO - [2024-03-12T23:42:42.515-0400] {dagbag.py:540} INFO - Filling up the DagBag from /home/ironbong_jr/mlops/project/project/lib/python3.10/site-packages/airflow/example_dags/example_xcomargs.py
[2024-03-12T23:42:42.548-0400] {processor.py:840} INFO - DAG(s) 'example_xcom_args', 'example_xcom_args_with_operators' retrieved from /home/ironbong_jr/mlops/project/project/lib/python3.10/site-packages/airflow/example_dags/example_xcomargs.py
[2024-03-12T23:42:42.972-0400] {logging_mixin.py:188} INFO - [2024-03-12T23:42:42.972-0400] {dag.py:3047} INFO - Sync 2 DAGs
[2024-03-12T23:42:43.041-0400] {logging_mixin.py:188} INFO - [2024-03-12T23:42:43.041-0400] {dag.py:3834} INFO - Setting next_dagrun for example_xcom_args to None, run_after=None
[2024-03-12T23:42:43.045-0400] {logging_mixin.py:188} INFO - [2024-03-12T23:42:43.045-0400] {dag.py:3834} INFO - Setting next_dagrun for example_xcom_args_with_operators to None, run_after=None
[2024-03-12T23:42:43.081-0400] {processor.py:183} INFO - Processing /home/ironbong_jr/mlops/project/project/lib/python3.10/site-packages/airflow/example_dags/example_xcomargs.py took 0.623 seconds
[2024-03-12T23:44:41.254-0400] {processor.py:161} INFO - Started process (PID=422167) to work on /home/ironbong_jr/mlops/project/project/lib/python3.10/site-packages/airflow/example_dags/example_xcomargs.py
[2024-03-12T23:44:41.258-0400] {processor.py:830} INFO - Processing file /home/ironbong_jr/mlops/project/project/lib/python3.10/site-packages/airflow/example_dags/example_xcomargs.py for tasks to queue
[2024-03-12T23:44:41.261-0400] {logging_mixin.py:188} INFO - [2024-03-12T23:44:41.260-0400] {dagbag.py:540} INFO - Filling up the DagBag from /home/ironbong_jr/mlops/project/project/lib/python3.10/site-packages/airflow/example_dags/example_xcomargs.py
[2024-03-12T23:44:41.482-0400] {processor.py:840} INFO - DAG(s) 'example_xcom_args', 'example_xcom_args_with_operators' retrieved from /home/ironbong_jr/mlops/project/project/lib/python3.10/site-packages/airflow/example_dags/example_xcomargs.py
[2024-03-12T23:44:41.518-0400] {logging_mixin.py:188} INFO - [2024-03-12T23:44:41.517-0400] {dag.py:3047} INFO - Sync 2 DAGs
[2024-03-12T23:44:41.537-0400] {logging_mixin.py:188} INFO - [2024-03-12T23:44:41.536-0400] {dag.py:3834} INFO - Setting next_dagrun for example_xcom_args to None, run_after=None
[2024-03-12T23:44:41.546-0400] {logging_mixin.py:188} INFO - [2024-03-12T23:44:41.546-0400] {dag.py:3834} INFO - Setting next_dagrun for example_xcom_args_with_operators to None, run_after=None
[2024-03-12T23:44:41.655-0400] {processor.py:183} INFO - Processing /home/ironbong_jr/mlops/project/project/lib/python3.10/site-packages/airflow/example_dags/example_xcomargs.py took 0.406 seconds
[2024-03-12T23:46:19.174-0400] {processor.py:161} INFO - Started process (PID=422746) to work on /home/ironbong_jr/mlops/project/project/lib/python3.10/site-packages/airflow/example_dags/example_xcomargs.py
[2024-03-12T23:46:19.222-0400] {processor.py:830} INFO - Processing file /home/ironbong_jr/mlops/project/project/lib/python3.10/site-packages/airflow/example_dags/example_xcomargs.py for tasks to queue
[2024-03-12T23:46:19.225-0400] {logging_mixin.py:188} INFO - [2024-03-12T23:46:19.224-0400] {dagbag.py:540} INFO - Filling up the DagBag from /home/ironbong_jr/mlops/project/project/lib/python3.10/site-packages/airflow/example_dags/example_xcomargs.py
[2024-03-12T23:46:19.248-0400] {processor.py:840} INFO - DAG(s) 'example_xcom_args_with_operators', 'example_xcom_args' retrieved from /home/ironbong_jr/mlops/project/project/lib/python3.10/site-packages/airflow/example_dags/example_xcomargs.py
[2024-03-12T23:46:19.278-0400] {logging_mixin.py:188} INFO - [2024-03-12T23:46:19.277-0400] {dag.py:3047} INFO - Sync 2 DAGs
[2024-03-12T23:46:19.295-0400] {logging_mixin.py:188} INFO - [2024-03-12T23:46:19.294-0400] {dag.py:3834} INFO - Setting next_dagrun for example_xcom_args to None, run_after=None
[2024-03-12T23:46:19.299-0400] {logging_mixin.py:188} INFO - [2024-03-12T23:46:19.299-0400] {dag.py:3834} INFO - Setting next_dagrun for example_xcom_args_with_operators to None, run_after=None
[2024-03-12T23:46:19.349-0400] {processor.py:183} INFO - Processing /home/ironbong_jr/mlops/project/project/lib/python3.10/site-packages/airflow/example_dags/example_xcomargs.py took 0.181 seconds
[2024-03-12T23:48:29.876-0400] {processor.py:161} INFO - Started process (PID=423361) to work on /home/ironbong_jr/mlops/project/project/lib/python3.10/site-packages/airflow/example_dags/example_xcomargs.py
[2024-03-12T23:48:29.928-0400] {processor.py:830} INFO - Processing file /home/ironbong_jr/mlops/project/project/lib/python3.10/site-packages/airflow/example_dags/example_xcomargs.py for tasks to queue
[2024-03-12T23:48:29.930-0400] {logging_mixin.py:188} INFO - [2024-03-12T23:48:29.929-0400] {dagbag.py:540} INFO - Filling up the DagBag from /home/ironbong_jr/mlops/project/project/lib/python3.10/site-packages/airflow/example_dags/example_xcomargs.py
[2024-03-12T23:48:29.950-0400] {processor.py:840} INFO - DAG(s) 'example_xcom_args', 'example_xcom_args_with_operators' retrieved from /home/ironbong_jr/mlops/project/project/lib/python3.10/site-packages/airflow/example_dags/example_xcomargs.py
[2024-03-12T23:48:29.984-0400] {logging_mixin.py:188} INFO - [2024-03-12T23:48:29.983-0400] {dag.py:3047} INFO - Sync 2 DAGs
[2024-03-12T23:48:30.008-0400] {logging_mixin.py:188} INFO - [2024-03-12T23:48:30.007-0400] {dag.py:3834} INFO - Setting next_dagrun for example_xcom_args to None, run_after=None
[2024-03-12T23:48:30.012-0400] {logging_mixin.py:188} INFO - [2024-03-12T23:48:30.012-0400] {dag.py:3834} INFO - Setting next_dagrun for example_xcom_args_with_operators to None, run_after=None
[2024-03-12T23:48:30.060-0400] {processor.py:183} INFO - Processing /home/ironbong_jr/mlops/project/project/lib/python3.10/site-packages/airflow/example_dags/example_xcomargs.py took 0.196 seconds
[2024-03-12T23:49:57.970-0400] {processor.py:161} INFO - Started process (PID=423764) to work on /home/ironbong_jr/mlops/project/project/lib/python3.10/site-packages/airflow/example_dags/example_xcomargs.py
[2024-03-12T23:49:58.025-0400] {processor.py:830} INFO - Processing file /home/ironbong_jr/mlops/project/project/lib/python3.10/site-packages/airflow/example_dags/example_xcomargs.py for tasks to queue
[2024-03-12T23:49:58.027-0400] {logging_mixin.py:188} INFO - [2024-03-12T23:49:58.026-0400] {dagbag.py:540} INFO - Filling up the DagBag from /home/ironbong_jr/mlops/project/project/lib/python3.10/site-packages/airflow/example_dags/example_xcomargs.py
[2024-03-12T23:49:58.046-0400] {processor.py:840} INFO - DAG(s) 'example_xcom_args', 'example_xcom_args_with_operators' retrieved from /home/ironbong_jr/mlops/project/project/lib/python3.10/site-packages/airflow/example_dags/example_xcomargs.py
[2024-03-12T23:49:58.081-0400] {logging_mixin.py:188} INFO - [2024-03-12T23:49:58.079-0400] {dag.py:3047} INFO - Sync 2 DAGs
[2024-03-12T23:49:58.106-0400] {logging_mixin.py:188} INFO - [2024-03-12T23:49:58.105-0400] {dag.py:3834} INFO - Setting next_dagrun for example_xcom_args to None, run_after=None
[2024-03-12T23:49:58.116-0400] {logging_mixin.py:188} INFO - [2024-03-12T23:49:58.116-0400] {dag.py:3834} INFO - Setting next_dagrun for example_xcom_args_with_operators to None, run_after=None
[2024-03-12T23:49:58.172-0400] {processor.py:183} INFO - Processing /home/ironbong_jr/mlops/project/project/lib/python3.10/site-packages/airflow/example_dags/example_xcomargs.py took 0.210 seconds
[2024-03-12T23:51:23.616-0400] {processor.py:161} INFO - Started process (PID=424209) to work on /home/ironbong_jr/mlops/project/project/lib/python3.10/site-packages/airflow/example_dags/example_xcomargs.py
[2024-03-12T23:51:23.666-0400] {processor.py:830} INFO - Processing file /home/ironbong_jr/mlops/project/project/lib/python3.10/site-packages/airflow/example_dags/example_xcomargs.py for tasks to queue
[2024-03-12T23:51:23.670-0400] {logging_mixin.py:188} INFO - [2024-03-12T23:51:23.667-0400] {dagbag.py:540} INFO - Filling up the DagBag from /home/ironbong_jr/mlops/project/project/lib/python3.10/site-packages/airflow/example_dags/example_xcomargs.py
[2024-03-12T23:51:23.693-0400] {processor.py:840} INFO - DAG(s) 'example_xcom_args', 'example_xcom_args_with_operators' retrieved from /home/ironbong_jr/mlops/project/project/lib/python3.10/site-packages/airflow/example_dags/example_xcomargs.py
[2024-03-12T23:51:23.746-0400] {logging_mixin.py:188} INFO - [2024-03-12T23:51:23.745-0400] {dag.py:3047} INFO - Sync 2 DAGs
[2024-03-12T23:51:23.766-0400] {logging_mixin.py:188} INFO - [2024-03-12T23:51:23.766-0400] {dag.py:3834} INFO - Setting next_dagrun for example_xcom_args to None, run_after=None
[2024-03-12T23:51:23.773-0400] {logging_mixin.py:188} INFO - [2024-03-12T23:51:23.772-0400] {dag.py:3834} INFO - Setting next_dagrun for example_xcom_args_with_operators to None, run_after=None
[2024-03-12T23:51:23.870-0400] {processor.py:183} INFO - Processing /home/ironbong_jr/mlops/project/project/lib/python3.10/site-packages/airflow/example_dags/example_xcomargs.py took 0.261 seconds
[2024-03-12T23:52:50.877-0400] {processor.py:161} INFO - Started process (PID=424758) to work on /home/ironbong_jr/mlops/project/project/lib/python3.10/site-packages/airflow/example_dags/example_xcomargs.py
[2024-03-12T23:52:50.924-0400] {processor.py:830} INFO - Processing file /home/ironbong_jr/mlops/project/project/lib/python3.10/site-packages/airflow/example_dags/example_xcomargs.py for tasks to queue
[2024-03-12T23:52:50.926-0400] {logging_mixin.py:188} INFO - [2024-03-12T23:52:50.925-0400] {dagbag.py:540} INFO - Filling up the DagBag from /home/ironbong_jr/mlops/project/project/lib/python3.10/site-packages/airflow/example_dags/example_xcomargs.py
[2024-03-12T23:52:50.946-0400] {processor.py:840} INFO - DAG(s) 'example_xcom_args_with_operators', 'example_xcom_args' retrieved from /home/ironbong_jr/mlops/project/project/lib/python3.10/site-packages/airflow/example_dags/example_xcomargs.py
[2024-03-12T23:52:51.027-0400] {logging_mixin.py:188} INFO - [2024-03-12T23:52:51.026-0400] {dag.py:3047} INFO - Sync 2 DAGs
[2024-03-12T23:52:51.056-0400] {logging_mixin.py:188} INFO - [2024-03-12T23:52:51.055-0400] {dag.py:3834} INFO - Setting next_dagrun for example_xcom_args to None, run_after=None
[2024-03-12T23:52:51.061-0400] {logging_mixin.py:188} INFO - [2024-03-12T23:52:51.061-0400] {dag.py:3834} INFO - Setting next_dagrun for example_xcom_args_with_operators to None, run_after=None
[2024-03-12T23:52:51.185-0400] {processor.py:183} INFO - Processing /home/ironbong_jr/mlops/project/project/lib/python3.10/site-packages/airflow/example_dags/example_xcomargs.py took 0.314 seconds
[2024-03-12T23:54:25.559-0400] {processor.py:161} INFO - Started process (PID=425180) to work on /home/ironbong_jr/mlops/project/project/lib/python3.10/site-packages/airflow/example_dags/example_xcomargs.py
[2024-03-12T23:54:25.562-0400] {processor.py:830} INFO - Processing file /home/ironbong_jr/mlops/project/project/lib/python3.10/site-packages/airflow/example_dags/example_xcomargs.py for tasks to queue
[2024-03-12T23:54:25.566-0400] {logging_mixin.py:188} INFO - [2024-03-12T23:54:25.564-0400] {dagbag.py:540} INFO - Filling up the DagBag from /home/ironbong_jr/mlops/project/project/lib/python3.10/site-packages/airflow/example_dags/example_xcomargs.py
[2024-03-12T23:54:25.593-0400] {processor.py:840} INFO - DAG(s) 'example_xcom_args', 'example_xcom_args_with_operators' retrieved from /home/ironbong_jr/mlops/project/project/lib/python3.10/site-packages/airflow/example_dags/example_xcomargs.py
[2024-03-12T23:54:25.653-0400] {logging_mixin.py:188} INFO - [2024-03-12T23:54:25.652-0400] {dag.py:3047} INFO - Sync 2 DAGs
[2024-03-12T23:54:25.691-0400] {logging_mixin.py:188} INFO - [2024-03-12T23:54:25.690-0400] {dag.py:3834} INFO - Setting next_dagrun for example_xcom_args to None, run_after=None
[2024-03-12T23:54:25.697-0400] {logging_mixin.py:188} INFO - [2024-03-12T23:54:25.697-0400] {dag.py:3834} INFO - Setting next_dagrun for example_xcom_args_with_operators to None, run_after=None
[2024-03-12T23:54:25.761-0400] {processor.py:183} INFO - Processing /home/ironbong_jr/mlops/project/project/lib/python3.10/site-packages/airflow/example_dags/example_xcomargs.py took 0.208 seconds
[2024-03-12T23:56:02.682-0400] {processor.py:161} INFO - Started process (PID=425608) to work on /home/ironbong_jr/mlops/project/project/lib/python3.10/site-packages/airflow/example_dags/example_xcomargs.py
[2024-03-12T23:56:02.696-0400] {processor.py:830} INFO - Processing file /home/ironbong_jr/mlops/project/project/lib/python3.10/site-packages/airflow/example_dags/example_xcomargs.py for tasks to queue
[2024-03-12T23:56:02.699-0400] {logging_mixin.py:188} INFO - [2024-03-12T23:56:02.698-0400] {dagbag.py:540} INFO - Filling up the DagBag from /home/ironbong_jr/mlops/project/project/lib/python3.10/site-packages/airflow/example_dags/example_xcomargs.py
[2024-03-12T23:56:02.729-0400] {processor.py:840} INFO - DAG(s) 'example_xcom_args', 'example_xcom_args_with_operators' retrieved from /home/ironbong_jr/mlops/project/project/lib/python3.10/site-packages/airflow/example_dags/example_xcomargs.py
[2024-03-12T23:56:02.794-0400] {logging_mixin.py:188} INFO - [2024-03-12T23:56:02.792-0400] {dag.py:3047} INFO - Sync 2 DAGs
[2024-03-12T23:56:02.845-0400] {logging_mixin.py:188} INFO - [2024-03-12T23:56:02.844-0400] {dag.py:3834} INFO - Setting next_dagrun for example_xcom_args to None, run_after=None
[2024-03-12T23:56:02.856-0400] {logging_mixin.py:188} INFO - [2024-03-12T23:56:02.855-0400] {dag.py:3834} INFO - Setting next_dagrun for example_xcom_args_with_operators to None, run_after=None
[2024-03-12T23:56:02.987-0400] {processor.py:183} INFO - Processing /home/ironbong_jr/mlops/project/project/lib/python3.10/site-packages/airflow/example_dags/example_xcomargs.py took 0.323 seconds
[2024-03-13T00:30:30.721-0400] {processor.py:161} INFO - Started process (PID=432927) to work on /home/ironbong_jr/mlops/project/project/lib/python3.10/site-packages/airflow/example_dags/example_xcomargs.py
[2024-03-13T00:30:30.724-0400] {processor.py:830} INFO - Processing file /home/ironbong_jr/mlops/project/project/lib/python3.10/site-packages/airflow/example_dags/example_xcomargs.py for tasks to queue
[2024-03-13T00:30:30.726-0400] {logging_mixin.py:188} INFO - [2024-03-13T00:30:30.725-0400] {dagbag.py:540} INFO - Filling up the DagBag from /home/ironbong_jr/mlops/project/project/lib/python3.10/site-packages/airflow/example_dags/example_xcomargs.py
[2024-03-13T00:30:30.740-0400] {processor.py:840} INFO - DAG(s) 'example_xcom_args_with_operators', 'example_xcom_args' retrieved from /home/ironbong_jr/mlops/project/project/lib/python3.10/site-packages/airflow/example_dags/example_xcomargs.py
[2024-03-13T00:30:31.063-0400] {logging_mixin.py:188} INFO - [2024-03-13T00:30:31.062-0400] {dag.py:3047} INFO - Sync 2 DAGs
[2024-03-13T00:30:31.073-0400] {logging_mixin.py:188} INFO - [2024-03-13T00:30:31.072-0400] {dag.py:3834} INFO - Setting next_dagrun for example_xcom_args to None, run_after=None
[2024-03-13T00:30:31.076-0400] {logging_mixin.py:188} INFO - [2024-03-13T00:30:31.075-0400] {dag.py:3834} INFO - Setting next_dagrun for example_xcom_args_with_operators to None, run_after=None
[2024-03-13T00:30:31.173-0400] {processor.py:183} INFO - Processing /home/ironbong_jr/mlops/project/project/lib/python3.10/site-packages/airflow/example_dags/example_xcomargs.py took 0.457 seconds
[2024-03-13T00:32:20.080-0400] {processor.py:161} INFO - Started process (PID=433438) to work on /home/ironbong_jr/mlops/project/project/lib/python3.10/site-packages/airflow/example_dags/example_xcomargs.py
[2024-03-13T00:32:20.131-0400] {processor.py:830} INFO - Processing file /home/ironbong_jr/mlops/project/project/lib/python3.10/site-packages/airflow/example_dags/example_xcomargs.py for tasks to queue
[2024-03-13T00:32:20.134-0400] {logging_mixin.py:188} INFO - [2024-03-13T00:32:20.133-0400] {dagbag.py:540} INFO - Filling up the DagBag from /home/ironbong_jr/mlops/project/project/lib/python3.10/site-packages/airflow/example_dags/example_xcomargs.py
[2024-03-13T00:32:20.148-0400] {processor.py:840} INFO - DAG(s) 'example_xcom_args', 'example_xcom_args_with_operators' retrieved from /home/ironbong_jr/mlops/project/project/lib/python3.10/site-packages/airflow/example_dags/example_xcomargs.py
[2024-03-13T00:32:20.382-0400] {logging_mixin.py:188} INFO - [2024-03-13T00:32:20.381-0400] {dag.py:3047} INFO - Sync 2 DAGs
[2024-03-13T00:32:20.399-0400] {logging_mixin.py:188} INFO - [2024-03-13T00:32:20.399-0400] {dag.py:3834} INFO - Setting next_dagrun for example_xcom_args to None, run_after=None
[2024-03-13T00:32:20.404-0400] {logging_mixin.py:188} INFO - [2024-03-13T00:32:20.403-0400] {dag.py:3834} INFO - Setting next_dagrun for example_xcom_args_with_operators to None, run_after=None
[2024-03-13T00:32:20.514-0400] {processor.py:183} INFO - Processing /home/ironbong_jr/mlops/project/project/lib/python3.10/site-packages/airflow/example_dags/example_xcomargs.py took 0.450 seconds
[2024-03-13T00:36:13.592-0400] {processor.py:161} INFO - Started process (PID=434393) to work on /home/ironbong_jr/mlops/project/project/lib/python3.10/site-packages/airflow/example_dags/example_xcomargs.py
[2024-03-13T00:36:13.598-0400] {processor.py:830} INFO - Processing file /home/ironbong_jr/mlops/project/project/lib/python3.10/site-packages/airflow/example_dags/example_xcomargs.py for tasks to queue
[2024-03-13T00:36:13.602-0400] {logging_mixin.py:188} INFO - [2024-03-13T00:36:13.601-0400] {dagbag.py:540} INFO - Filling up the DagBag from /home/ironbong_jr/mlops/project/project/lib/python3.10/site-packages/airflow/example_dags/example_xcomargs.py
[2024-03-13T00:36:13.619-0400] {processor.py:840} INFO - DAG(s) 'example_xcom_args_with_operators', 'example_xcom_args' retrieved from /home/ironbong_jr/mlops/project/project/lib/python3.10/site-packages/airflow/example_dags/example_xcomargs.py
[2024-03-13T00:36:13.652-0400] {logging_mixin.py:188} INFO - [2024-03-13T00:36:13.652-0400] {dag.py:3047} INFO - Sync 2 DAGs
[2024-03-13T00:36:13.680-0400] {logging_mixin.py:188} INFO - [2024-03-13T00:36:13.674-0400] {dag.py:3834} INFO - Setting next_dagrun for example_xcom_args to None, run_after=None
[2024-03-13T00:36:13.687-0400] {logging_mixin.py:188} INFO - [2024-03-13T00:36:13.686-0400] {dag.py:3834} INFO - Setting next_dagrun for example_xcom_args_with_operators to None, run_after=None
[2024-03-13T00:36:13.751-0400] {processor.py:183} INFO - Processing /home/ironbong_jr/mlops/project/project/lib/python3.10/site-packages/airflow/example_dags/example_xcomargs.py took 0.165 seconds
[2024-03-13T00:38:23.295-0400] {processor.py:161} INFO - Started process (PID=435040) to work on /home/ironbong_jr/mlops/project/project/lib/python3.10/site-packages/airflow/example_dags/example_xcomargs.py
[2024-03-13T00:38:23.298-0400] {processor.py:830} INFO - Processing file /home/ironbong_jr/mlops/project/project/lib/python3.10/site-packages/airflow/example_dags/example_xcomargs.py for tasks to queue
[2024-03-13T00:38:23.300-0400] {logging_mixin.py:188} INFO - [2024-03-13T00:38:23.299-0400] {dagbag.py:540} INFO - Filling up the DagBag from /home/ironbong_jr/mlops/project/project/lib/python3.10/site-packages/airflow/example_dags/example_xcomargs.py
[2024-03-13T00:38:23.315-0400] {processor.py:840} INFO - DAG(s) 'example_xcom_args', 'example_xcom_args_with_operators' retrieved from /home/ironbong_jr/mlops/project/project/lib/python3.10/site-packages/airflow/example_dags/example_xcomargs.py
[2024-03-13T00:38:23.341-0400] {logging_mixin.py:188} INFO - [2024-03-13T00:38:23.341-0400] {dag.py:3047} INFO - Sync 2 DAGs
[2024-03-13T00:38:23.356-0400] {logging_mixin.py:188} INFO - [2024-03-13T00:38:23.356-0400] {dag.py:3834} INFO - Setting next_dagrun for example_xcom_args to None, run_after=None
[2024-03-13T00:38:23.360-0400] {logging_mixin.py:188} INFO - [2024-03-13T00:38:23.360-0400] {dag.py:3834} INFO - Setting next_dagrun for example_xcom_args_with_operators to None, run_after=None
[2024-03-13T00:38:23.398-0400] {processor.py:183} INFO - Processing /home/ironbong_jr/mlops/project/project/lib/python3.10/site-packages/airflow/example_dags/example_xcomargs.py took 0.107 seconds
[2024-03-13T00:40:01.740-0400] {processor.py:161} INFO - Started process (PID=435467) to work on /home/ironbong_jr/mlops/project/project/lib/python3.10/site-packages/airflow/example_dags/example_xcomargs.py
[2024-03-13T00:40:01.791-0400] {processor.py:830} INFO - Processing file /home/ironbong_jr/mlops/project/project/lib/python3.10/site-packages/airflow/example_dags/example_xcomargs.py for tasks to queue
[2024-03-13T00:40:01.793-0400] {logging_mixin.py:188} INFO - [2024-03-13T00:40:01.792-0400] {dagbag.py:540} INFO - Filling up the DagBag from /home/ironbong_jr/mlops/project/project/lib/python3.10/site-packages/airflow/example_dags/example_xcomargs.py
[2024-03-13T00:40:01.810-0400] {processor.py:840} INFO - DAG(s) 'example_xcom_args_with_operators', 'example_xcom_args' retrieved from /home/ironbong_jr/mlops/project/project/lib/python3.10/site-packages/airflow/example_dags/example_xcomargs.py
[2024-03-13T00:40:01.843-0400] {logging_mixin.py:188} INFO - [2024-03-13T00:40:01.843-0400] {dag.py:3047} INFO - Sync 2 DAGs
[2024-03-13T00:40:01.860-0400] {logging_mixin.py:188} INFO - [2024-03-13T00:40:01.859-0400] {dag.py:3834} INFO - Setting next_dagrun for example_xcom_args to None, run_after=None
[2024-03-13T00:40:01.864-0400] {logging_mixin.py:188} INFO - [2024-03-13T00:40:01.864-0400] {dag.py:3834} INFO - Setting next_dagrun for example_xcom_args_with_operators to None, run_after=None
[2024-03-13T00:40:01.906-0400] {processor.py:183} INFO - Processing /home/ironbong_jr/mlops/project/project/lib/python3.10/site-packages/airflow/example_dags/example_xcomargs.py took 0.172 seconds
[2024-03-13T00:42:49.642-0400] {processor.py:161} INFO - Started process (PID=436221) to work on /home/ironbong_jr/mlops/project/project/lib/python3.10/site-packages/airflow/example_dags/example_xcomargs.py
[2024-03-13T00:42:49.698-0400] {processor.py:830} INFO - Processing file /home/ironbong_jr/mlops/project/project/lib/python3.10/site-packages/airflow/example_dags/example_xcomargs.py for tasks to queue
[2024-03-13T00:42:49.700-0400] {logging_mixin.py:188} INFO - [2024-03-13T00:42:49.700-0400] {dagbag.py:540} INFO - Filling up the DagBag from /home/ironbong_jr/mlops/project/project/lib/python3.10/site-packages/airflow/example_dags/example_xcomargs.py
[2024-03-13T00:42:49.735-0400] {processor.py:840} INFO - DAG(s) 'example_xcom_args', 'example_xcom_args_with_operators' retrieved from /home/ironbong_jr/mlops/project/project/lib/python3.10/site-packages/airflow/example_dags/example_xcomargs.py
[2024-03-13T00:42:49.809-0400] {logging_mixin.py:188} INFO - [2024-03-13T00:42:49.808-0400] {dag.py:3047} INFO - Sync 2 DAGs
[2024-03-13T00:42:49.840-0400] {logging_mixin.py:188} INFO - [2024-03-13T00:42:49.839-0400] {dag.py:3834} INFO - Setting next_dagrun for example_xcom_args to None, run_after=None
[2024-03-13T00:42:49.845-0400] {logging_mixin.py:188} INFO - [2024-03-13T00:42:49.845-0400] {dag.py:3834} INFO - Setting next_dagrun for example_xcom_args_with_operators to None, run_after=None
[2024-03-13T00:42:49.891-0400] {processor.py:183} INFO - Processing /home/ironbong_jr/mlops/project/project/lib/python3.10/site-packages/airflow/example_dags/example_xcomargs.py took 0.254 seconds
[2024-03-13T00:44:58.358-0400] {processor.py:161} INFO - Started process (PID=436827) to work on /home/ironbong_jr/mlops/project/project/lib/python3.10/site-packages/airflow/example_dags/example_xcomargs.py
[2024-03-13T00:44:58.409-0400] {processor.py:830} INFO - Processing file /home/ironbong_jr/mlops/project/project/lib/python3.10/site-packages/airflow/example_dags/example_xcomargs.py for tasks to queue
[2024-03-13T00:44:58.410-0400] {logging_mixin.py:188} INFO - [2024-03-13T00:44:58.410-0400] {dagbag.py:540} INFO - Filling up the DagBag from /home/ironbong_jr/mlops/project/project/lib/python3.10/site-packages/airflow/example_dags/example_xcomargs.py
[2024-03-13T00:44:58.422-0400] {processor.py:840} INFO - DAG(s) 'example_xcom_args_with_operators', 'example_xcom_args' retrieved from /home/ironbong_jr/mlops/project/project/lib/python3.10/site-packages/airflow/example_dags/example_xcomargs.py
[2024-03-13T00:44:58.449-0400] {logging_mixin.py:188} INFO - [2024-03-13T00:44:58.448-0400] {dag.py:3047} INFO - Sync 2 DAGs
[2024-03-13T00:44:58.464-0400] {logging_mixin.py:188} INFO - [2024-03-13T00:44:58.464-0400] {dag.py:3834} INFO - Setting next_dagrun for example_xcom_args to None, run_after=None
[2024-03-13T00:44:58.468-0400] {logging_mixin.py:188} INFO - [2024-03-13T00:44:58.467-0400] {dag.py:3834} INFO - Setting next_dagrun for example_xcom_args_with_operators to None, run_after=None
[2024-03-13T00:44:58.502-0400] {processor.py:183} INFO - Processing /home/ironbong_jr/mlops/project/project/lib/python3.10/site-packages/airflow/example_dags/example_xcomargs.py took 0.156 seconds
[2024-03-13T15:49:34.406-0400] {processor.py:161} INFO - Started process (PID=453831) to work on /home/ironbong_jr/mlops/project/project/lib/python3.10/site-packages/airflow/example_dags/example_xcomargs.py
[2024-03-13T15:49:34.410-0400] {processor.py:830} INFO - Processing file /home/ironbong_jr/mlops/project/project/lib/python3.10/site-packages/airflow/example_dags/example_xcomargs.py for tasks to queue
[2024-03-13T15:49:34.411-0400] {logging_mixin.py:188} INFO - [2024-03-13T15:49:34.410-0400] {dagbag.py:540} INFO - Filling up the DagBag from /home/ironbong_jr/mlops/project/project/lib/python3.10/site-packages/airflow/example_dags/example_xcomargs.py
[2024-03-13T15:49:34.418-0400] {processor.py:840} INFO - DAG(s) 'example_xcom_args_with_operators', 'example_xcom_args' retrieved from /home/ironbong_jr/mlops/project/project/lib/python3.10/site-packages/airflow/example_dags/example_xcomargs.py
[2024-03-13T15:49:34.563-0400] {logging_mixin.py:188} INFO - [2024-03-13T15:49:34.562-0400] {dag.py:3047} INFO - Sync 2 DAGs
[2024-03-13T15:49:34.568-0400] {logging_mixin.py:188} INFO - [2024-03-13T15:49:34.568-0400] {dag.py:3834} INFO - Setting next_dagrun for example_xcom_args to None, run_after=None
[2024-03-13T15:49:34.569-0400] {logging_mixin.py:188} INFO - [2024-03-13T15:49:34.569-0400] {dag.py:3834} INFO - Setting next_dagrun for example_xcom_args_with_operators to None, run_after=None
[2024-03-13T15:49:34.591-0400] {processor.py:183} INFO - Processing /home/ironbong_jr/mlops/project/project/lib/python3.10/site-packages/airflow/example_dags/example_xcomargs.py took 0.187 seconds
[2024-03-13T15:51:43.236-0400] {processor.py:161} INFO - Started process (PID=454552) to work on /home/ironbong_jr/mlops/project/project/lib/python3.10/site-packages/airflow/example_dags/example_xcomargs.py
[2024-03-13T15:51:43.238-0400] {processor.py:830} INFO - Processing file /home/ironbong_jr/mlops/project/project/lib/python3.10/site-packages/airflow/example_dags/example_xcomargs.py for tasks to queue
[2024-03-13T15:51:43.239-0400] {logging_mixin.py:188} INFO - [2024-03-13T15:51:43.239-0400] {dagbag.py:540} INFO - Filling up the DagBag from /home/ironbong_jr/mlops/project/project/lib/python3.10/site-packages/airflow/example_dags/example_xcomargs.py
[2024-03-13T15:51:43.245-0400] {processor.py:840} INFO - DAG(s) 'example_xcom_args', 'example_xcom_args_with_operators' retrieved from /home/ironbong_jr/mlops/project/project/lib/python3.10/site-packages/airflow/example_dags/example_xcomargs.py
[2024-03-13T15:51:43.256-0400] {logging_mixin.py:188} INFO - [2024-03-13T15:51:43.256-0400] {dag.py:3047} INFO - Sync 2 DAGs
[2024-03-13T15:51:43.263-0400] {logging_mixin.py:188} INFO - [2024-03-13T15:51:43.263-0400] {dag.py:3834} INFO - Setting next_dagrun for example_xcom_args to None, run_after=None
[2024-03-13T15:51:43.265-0400] {logging_mixin.py:188} INFO - [2024-03-13T15:51:43.265-0400] {dag.py:3834} INFO - Setting next_dagrun for example_xcom_args_with_operators to None, run_after=None
[2024-03-13T15:51:43.286-0400] {processor.py:183} INFO - Processing /home/ironbong_jr/mlops/project/project/lib/python3.10/site-packages/airflow/example_dags/example_xcomargs.py took 0.052 seconds
[2024-03-13T15:52:38.337-0400] {processor.py:161} INFO - Started process (PID=454846) to work on /home/ironbong_jr/mlops/project/project/lib/python3.10/site-packages/airflow/example_dags/example_xcomargs.py
[2024-03-13T15:52:38.339-0400] {processor.py:830} INFO - Processing file /home/ironbong_jr/mlops/project/project/lib/python3.10/site-packages/airflow/example_dags/example_xcomargs.py for tasks to queue
[2024-03-13T15:52:38.340-0400] {logging_mixin.py:188} INFO - [2024-03-13T15:52:38.339-0400] {dagbag.py:540} INFO - Filling up the DagBag from /home/ironbong_jr/mlops/project/project/lib/python3.10/site-packages/airflow/example_dags/example_xcomargs.py
[2024-03-13T15:52:38.345-0400] {processor.py:840} INFO - DAG(s) 'example_xcom_args_with_operators', 'example_xcom_args' retrieved from /home/ironbong_jr/mlops/project/project/lib/python3.10/site-packages/airflow/example_dags/example_xcomargs.py
[2024-03-13T15:52:38.356-0400] {logging_mixin.py:188} INFO - [2024-03-13T15:52:38.356-0400] {dag.py:3047} INFO - Sync 2 DAGs
[2024-03-13T15:52:38.362-0400] {logging_mixin.py:188} INFO - [2024-03-13T15:52:38.362-0400] {dag.py:3834} INFO - Setting next_dagrun for example_xcom_args to None, run_after=None
[2024-03-13T15:52:38.364-0400] {logging_mixin.py:188} INFO - [2024-03-13T15:52:38.364-0400] {dag.py:3834} INFO - Setting next_dagrun for example_xcom_args_with_operators to None, run_after=None
[2024-03-13T15:52:38.385-0400] {processor.py:183} INFO - Processing /home/ironbong_jr/mlops/project/project/lib/python3.10/site-packages/airflow/example_dags/example_xcomargs.py took 0.050 seconds
[2024-03-13T15:53:50.728-0400] {processor.py:161} INFO - Started process (PID=455239) to work on /home/ironbong_jr/mlops/project/project/lib/python3.10/site-packages/airflow/example_dags/example_xcomargs.py
[2024-03-13T15:53:50.731-0400] {processor.py:830} INFO - Processing file /home/ironbong_jr/mlops/project/project/lib/python3.10/site-packages/airflow/example_dags/example_xcomargs.py for tasks to queue
[2024-03-13T15:53:50.732-0400] {logging_mixin.py:188} INFO - [2024-03-13T15:53:50.732-0400] {dagbag.py:540} INFO - Filling up the DagBag from /home/ironbong_jr/mlops/project/project/lib/python3.10/site-packages/airflow/example_dags/example_xcomargs.py
[2024-03-13T15:53:50.737-0400] {processor.py:840} INFO - DAG(s) 'example_xcom_args', 'example_xcom_args_with_operators' retrieved from /home/ironbong_jr/mlops/project/project/lib/python3.10/site-packages/airflow/example_dags/example_xcomargs.py
[2024-03-13T15:53:50.748-0400] {logging_mixin.py:188} INFO - [2024-03-13T15:53:50.748-0400] {dag.py:3047} INFO - Sync 2 DAGs
[2024-03-13T15:53:50.755-0400] {logging_mixin.py:188} INFO - [2024-03-13T15:53:50.754-0400] {dag.py:3834} INFO - Setting next_dagrun for example_xcom_args to None, run_after=None
[2024-03-13T15:53:50.756-0400] {logging_mixin.py:188} INFO - [2024-03-13T15:53:50.756-0400] {dag.py:3834} INFO - Setting next_dagrun for example_xcom_args_with_operators to None, run_after=None
[2024-03-13T15:53:50.776-0400] {processor.py:183} INFO - Processing /home/ironbong_jr/mlops/project/project/lib/python3.10/site-packages/airflow/example_dags/example_xcomargs.py took 0.050 seconds
[2024-03-13T15:55:10.527-0400] {processor.py:161} INFO - Started process (PID=455616) to work on /home/ironbong_jr/mlops/project/project/lib/python3.10/site-packages/airflow/example_dags/example_xcomargs.py
[2024-03-13T15:55:10.532-0400] {processor.py:830} INFO - Processing file /home/ironbong_jr/mlops/project/project/lib/python3.10/site-packages/airflow/example_dags/example_xcomargs.py for tasks to queue
[2024-03-13T15:55:10.533-0400] {logging_mixin.py:188} INFO - [2024-03-13T15:55:10.532-0400] {dagbag.py:540} INFO - Filling up the DagBag from /home/ironbong_jr/mlops/project/project/lib/python3.10/site-packages/airflow/example_dags/example_xcomargs.py
[2024-03-13T15:55:10.539-0400] {processor.py:840} INFO - DAG(s) 'example_xcom_args', 'example_xcom_args_with_operators' retrieved from /home/ironbong_jr/mlops/project/project/lib/python3.10/site-packages/airflow/example_dags/example_xcomargs.py
[2024-03-13T15:55:10.553-0400] {logging_mixin.py:188} INFO - [2024-03-13T15:55:10.553-0400] {dag.py:3047} INFO - Sync 2 DAGs
[2024-03-13T15:55:10.561-0400] {logging_mixin.py:188} INFO - [2024-03-13T15:55:10.560-0400] {dag.py:3834} INFO - Setting next_dagrun for example_xcom_args to None, run_after=None
[2024-03-13T15:55:10.563-0400] {logging_mixin.py:188} INFO - [2024-03-13T15:55:10.563-0400] {dag.py:3834} INFO - Setting next_dagrun for example_xcom_args_with_operators to None, run_after=None
[2024-03-13T15:55:10.591-0400] {processor.py:183} INFO - Processing /home/ironbong_jr/mlops/project/project/lib/python3.10/site-packages/airflow/example_dags/example_xcomargs.py took 0.066 seconds
[2024-03-13T15:56:25.497-0400] {processor.py:161} INFO - Started process (PID=456024) to work on /home/ironbong_jr/mlops/project/project/lib/python3.10/site-packages/airflow/example_dags/example_xcomargs.py
[2024-03-13T15:56:25.500-0400] {processor.py:830} INFO - Processing file /home/ironbong_jr/mlops/project/project/lib/python3.10/site-packages/airflow/example_dags/example_xcomargs.py for tasks to queue
[2024-03-13T15:56:25.501-0400] {logging_mixin.py:188} INFO - [2024-03-13T15:56:25.500-0400] {dagbag.py:540} INFO - Filling up the DagBag from /home/ironbong_jr/mlops/project/project/lib/python3.10/site-packages/airflow/example_dags/example_xcomargs.py
[2024-03-13T15:56:25.508-0400] {processor.py:840} INFO - DAG(s) 'example_xcom_args', 'example_xcom_args_with_operators' retrieved from /home/ironbong_jr/mlops/project/project/lib/python3.10/site-packages/airflow/example_dags/example_xcomargs.py
[2024-03-13T15:56:25.523-0400] {logging_mixin.py:188} INFO - [2024-03-13T15:56:25.523-0400] {dag.py:3047} INFO - Sync 2 DAGs
[2024-03-13T15:56:25.530-0400] {logging_mixin.py:188} INFO - [2024-03-13T15:56:25.530-0400] {dag.py:3834} INFO - Setting next_dagrun for example_xcom_args to None, run_after=None
[2024-03-13T15:56:25.532-0400] {logging_mixin.py:188} INFO - [2024-03-13T15:56:25.532-0400] {dag.py:3834} INFO - Setting next_dagrun for example_xcom_args_with_operators to None, run_after=None
[2024-03-13T15:56:25.555-0400] {processor.py:183} INFO - Processing /home/ironbong_jr/mlops/project/project/lib/python3.10/site-packages/airflow/example_dags/example_xcomargs.py took 0.061 seconds
[2024-03-13T15:57:41.997-0400] {processor.py:161} INFO - Started process (PID=456438) to work on /home/ironbong_jr/mlops/project/project/lib/python3.10/site-packages/airflow/example_dags/example_xcomargs.py
[2024-03-13T15:57:41.998-0400] {processor.py:830} INFO - Processing file /home/ironbong_jr/mlops/project/project/lib/python3.10/site-packages/airflow/example_dags/example_xcomargs.py for tasks to queue
[2024-03-13T15:57:41.999-0400] {logging_mixin.py:188} INFO - [2024-03-13T15:57:41.999-0400] {dagbag.py:540} INFO - Filling up the DagBag from /home/ironbong_jr/mlops/project/project/lib/python3.10/site-packages/airflow/example_dags/example_xcomargs.py
[2024-03-13T15:57:42.005-0400] {processor.py:840} INFO - DAG(s) 'example_xcom_args_with_operators', 'example_xcom_args' retrieved from /home/ironbong_jr/mlops/project/project/lib/python3.10/site-packages/airflow/example_dags/example_xcomargs.py
[2024-03-13T15:57:42.015-0400] {logging_mixin.py:188} INFO - [2024-03-13T15:57:42.015-0400] {dag.py:3047} INFO - Sync 2 DAGs
[2024-03-13T15:57:42.022-0400] {logging_mixin.py:188} INFO - [2024-03-13T15:57:42.022-0400] {dag.py:3834} INFO - Setting next_dagrun for example_xcom_args to None, run_after=None
[2024-03-13T15:57:42.024-0400] {logging_mixin.py:188} INFO - [2024-03-13T15:57:42.024-0400] {dag.py:3834} INFO - Setting next_dagrun for example_xcom_args_with_operators to None, run_after=None
[2024-03-13T15:57:42.045-0400] {processor.py:183} INFO - Processing /home/ironbong_jr/mlops/project/project/lib/python3.10/site-packages/airflow/example_dags/example_xcomargs.py took 0.050 seconds
[2024-03-13T15:58:58.649-0400] {processor.py:161} INFO - Started process (PID=456841) to work on /home/ironbong_jr/mlops/project/project/lib/python3.10/site-packages/airflow/example_dags/example_xcomargs.py
[2024-03-13T15:58:58.651-0400] {processor.py:830} INFO - Processing file /home/ironbong_jr/mlops/project/project/lib/python3.10/site-packages/airflow/example_dags/example_xcomargs.py for tasks to queue
[2024-03-13T15:58:58.651-0400] {logging_mixin.py:188} INFO - [2024-03-13T15:58:58.651-0400] {dagbag.py:540} INFO - Filling up the DagBag from /home/ironbong_jr/mlops/project/project/lib/python3.10/site-packages/airflow/example_dags/example_xcomargs.py
[2024-03-13T15:58:58.657-0400] {processor.py:840} INFO - DAG(s) 'example_xcom_args', 'example_xcom_args_with_operators' retrieved from /home/ironbong_jr/mlops/project/project/lib/python3.10/site-packages/airflow/example_dags/example_xcomargs.py
[2024-03-13T15:58:58.667-0400] {logging_mixin.py:188} INFO - [2024-03-13T15:58:58.667-0400] {dag.py:3047} INFO - Sync 2 DAGs
[2024-03-13T15:58:58.674-0400] {logging_mixin.py:188} INFO - [2024-03-13T15:58:58.674-0400] {dag.py:3834} INFO - Setting next_dagrun for example_xcom_args to None, run_after=None
[2024-03-13T15:58:58.676-0400] {logging_mixin.py:188} INFO - [2024-03-13T15:58:58.676-0400] {dag.py:3834} INFO - Setting next_dagrun for example_xcom_args_with_operators to None, run_after=None
[2024-03-13T15:58:58.697-0400] {processor.py:183} INFO - Processing /home/ironbong_jr/mlops/project/project/lib/python3.10/site-packages/airflow/example_dags/example_xcomargs.py took 0.050 seconds
[2024-03-13T16:00:16.062-0400] {processor.py:161} INFO - Started process (PID=457196) to work on /home/ironbong_jr/mlops/project/project/lib/python3.10/site-packages/airflow/example_dags/example_xcomargs.py
[2024-03-13T16:00:16.064-0400] {processor.py:830} INFO - Processing file /home/ironbong_jr/mlops/project/project/lib/python3.10/site-packages/airflow/example_dags/example_xcomargs.py for tasks to queue
[2024-03-13T16:00:16.064-0400] {logging_mixin.py:188} INFO - [2024-03-13T16:00:16.064-0400] {dagbag.py:540} INFO - Filling up the DagBag from /home/ironbong_jr/mlops/project/project/lib/python3.10/site-packages/airflow/example_dags/example_xcomargs.py
[2024-03-13T16:00:16.070-0400] {processor.py:840} INFO - DAG(s) 'example_xcom_args', 'example_xcom_args_with_operators' retrieved from /home/ironbong_jr/mlops/project/project/lib/python3.10/site-packages/airflow/example_dags/example_xcomargs.py
[2024-03-13T16:00:16.080-0400] {logging_mixin.py:188} INFO - [2024-03-13T16:00:16.080-0400] {dag.py:3047} INFO - Sync 2 DAGs
[2024-03-13T16:00:16.088-0400] {logging_mixin.py:188} INFO - [2024-03-13T16:00:16.088-0400] {dag.py:3834} INFO - Setting next_dagrun for example_xcom_args to None, run_after=None
[2024-03-13T16:00:16.090-0400] {logging_mixin.py:188} INFO - [2024-03-13T16:00:16.089-0400] {dag.py:3834} INFO - Setting next_dagrun for example_xcom_args_with_operators to None, run_after=None
[2024-03-13T16:00:16.111-0400] {processor.py:183} INFO - Processing /home/ironbong_jr/mlops/project/project/lib/python3.10/site-packages/airflow/example_dags/example_xcomargs.py took 0.052 seconds
[2024-03-13T16:01:32.206-0400] {processor.py:161} INFO - Started process (PID=457606) to work on /home/ironbong_jr/mlops/project/project/lib/python3.10/site-packages/airflow/example_dags/example_xcomargs.py
[2024-03-13T16:01:32.210-0400] {processor.py:830} INFO - Processing file /home/ironbong_jr/mlops/project/project/lib/python3.10/site-packages/airflow/example_dags/example_xcomargs.py for tasks to queue
[2024-03-13T16:01:32.211-0400] {logging_mixin.py:188} INFO - [2024-03-13T16:01:32.210-0400] {dagbag.py:540} INFO - Filling up the DagBag from /home/ironbong_jr/mlops/project/project/lib/python3.10/site-packages/airflow/example_dags/example_xcomargs.py
[2024-03-13T16:01:32.216-0400] {processor.py:840} INFO - DAG(s) 'example_xcom_args', 'example_xcom_args_with_operators' retrieved from /home/ironbong_jr/mlops/project/project/lib/python3.10/site-packages/airflow/example_dags/example_xcomargs.py
[2024-03-13T16:01:32.227-0400] {logging_mixin.py:188} INFO - [2024-03-13T16:01:32.227-0400] {dag.py:3047} INFO - Sync 2 DAGs
[2024-03-13T16:01:32.233-0400] {logging_mixin.py:188} INFO - [2024-03-13T16:01:32.233-0400] {dag.py:3834} INFO - Setting next_dagrun for example_xcom_args to None, run_after=None
[2024-03-13T16:01:32.235-0400] {logging_mixin.py:188} INFO - [2024-03-13T16:01:32.235-0400] {dag.py:3834} INFO - Setting next_dagrun for example_xcom_args_with_operators to None, run_after=None
[2024-03-13T16:01:32.256-0400] {processor.py:183} INFO - Processing /home/ironbong_jr/mlops/project/project/lib/python3.10/site-packages/airflow/example_dags/example_xcomargs.py took 0.052 seconds
[2024-03-13T16:02:46.639-0400] {processor.py:161} INFO - Started process (PID=457978) to work on /home/ironbong_jr/mlops/project/project/lib/python3.10/site-packages/airflow/example_dags/example_xcomargs.py
[2024-03-13T16:02:46.643-0400] {processor.py:830} INFO - Processing file /home/ironbong_jr/mlops/project/project/lib/python3.10/site-packages/airflow/example_dags/example_xcomargs.py for tasks to queue
[2024-03-13T16:02:46.644-0400] {logging_mixin.py:188} INFO - [2024-03-13T16:02:46.644-0400] {dagbag.py:540} INFO - Filling up the DagBag from /home/ironbong_jr/mlops/project/project/lib/python3.10/site-packages/airflow/example_dags/example_xcomargs.py
[2024-03-13T16:02:46.652-0400] {processor.py:840} INFO - DAG(s) 'example_xcom_args_with_operators', 'example_xcom_args' retrieved from /home/ironbong_jr/mlops/project/project/lib/python3.10/site-packages/airflow/example_dags/example_xcomargs.py
[2024-03-13T16:02:46.667-0400] {logging_mixin.py:188} INFO - [2024-03-13T16:02:46.666-0400] {dag.py:3047} INFO - Sync 2 DAGs
[2024-03-13T16:02:46.674-0400] {logging_mixin.py:188} INFO - [2024-03-13T16:02:46.674-0400] {dag.py:3834} INFO - Setting next_dagrun for example_xcom_args to None, run_after=None
[2024-03-13T16:02:46.677-0400] {logging_mixin.py:188} INFO - [2024-03-13T16:02:46.677-0400] {dag.py:3834} INFO - Setting next_dagrun for example_xcom_args_with_operators to None, run_after=None
[2024-03-13T16:02:46.699-0400] {processor.py:183} INFO - Processing /home/ironbong_jr/mlops/project/project/lib/python3.10/site-packages/airflow/example_dags/example_xcomargs.py took 0.062 seconds
[2024-03-13T16:04:13.904-0400] {processor.py:161} INFO - Started process (PID=458519) to work on /home/ironbong_jr/mlops/project/project/lib/python3.10/site-packages/airflow/example_dags/example_xcomargs.py
[2024-03-13T16:04:13.906-0400] {processor.py:830} INFO - Processing file /home/ironbong_jr/mlops/project/project/lib/python3.10/site-packages/airflow/example_dags/example_xcomargs.py for tasks to queue
[2024-03-13T16:04:13.906-0400] {logging_mixin.py:188} INFO - [2024-03-13T16:04:13.906-0400] {dagbag.py:540} INFO - Filling up the DagBag from /home/ironbong_jr/mlops/project/project/lib/python3.10/site-packages/airflow/example_dags/example_xcomargs.py
[2024-03-13T16:04:13.913-0400] {processor.py:840} INFO - DAG(s) 'example_xcom_args', 'example_xcom_args_with_operators' retrieved from /home/ironbong_jr/mlops/project/project/lib/python3.10/site-packages/airflow/example_dags/example_xcomargs.py
[2024-03-13T16:04:13.927-0400] {logging_mixin.py:188} INFO - [2024-03-13T16:04:13.926-0400] {dag.py:3047} INFO - Sync 2 DAGs
[2024-03-13T16:04:13.935-0400] {logging_mixin.py:188} INFO - [2024-03-13T16:04:13.934-0400] {dag.py:3834} INFO - Setting next_dagrun for example_xcom_args to None, run_after=None
[2024-03-13T16:04:13.938-0400] {logging_mixin.py:188} INFO - [2024-03-13T16:04:13.938-0400] {dag.py:3834} INFO - Setting next_dagrun for example_xcom_args_with_operators to None, run_after=None
[2024-03-13T16:04:13.960-0400] {processor.py:183} INFO - Processing /home/ironbong_jr/mlops/project/project/lib/python3.10/site-packages/airflow/example_dags/example_xcomargs.py took 0.058 seconds
[2024-03-13T16:05:09.925-0400] {processor.py:161} INFO - Started process (PID=458799) to work on /home/ironbong_jr/mlops/project/project/lib/python3.10/site-packages/airflow/example_dags/example_xcomargs.py
[2024-03-13T16:05:09.928-0400] {processor.py:830} INFO - Processing file /home/ironbong_jr/mlops/project/project/lib/python3.10/site-packages/airflow/example_dags/example_xcomargs.py for tasks to queue
[2024-03-13T16:05:09.929-0400] {logging_mixin.py:188} INFO - [2024-03-13T16:05:09.929-0400] {dagbag.py:540} INFO - Filling up the DagBag from /home/ironbong_jr/mlops/project/project/lib/python3.10/site-packages/airflow/example_dags/example_xcomargs.py
[2024-03-13T16:05:09.935-0400] {processor.py:840} INFO - DAG(s) 'example_xcom_args_with_operators', 'example_xcom_args' retrieved from /home/ironbong_jr/mlops/project/project/lib/python3.10/site-packages/airflow/example_dags/example_xcomargs.py
[2024-03-13T16:05:09.948-0400] {logging_mixin.py:188} INFO - [2024-03-13T16:05:09.948-0400] {dag.py:3047} INFO - Sync 2 DAGs
[2024-03-13T16:05:09.957-0400] {logging_mixin.py:188} INFO - [2024-03-13T16:05:09.957-0400] {dag.py:3834} INFO - Setting next_dagrun for example_xcom_args to None, run_after=None
[2024-03-13T16:05:09.978-0400] {logging_mixin.py:188} INFO - [2024-03-13T16:05:09.977-0400] {dag.py:3834} INFO - Setting next_dagrun for example_xcom_args_with_operators to None, run_after=None
[2024-03-13T16:05:09.999-0400] {processor.py:183} INFO - Processing /home/ironbong_jr/mlops/project/project/lib/python3.10/site-packages/airflow/example_dags/example_xcomargs.py took 0.076 seconds
[2024-03-13T16:06:24.718-0400] {processor.py:161} INFO - Started process (PID=459179) to work on /home/ironbong_jr/mlops/project/project/lib/python3.10/site-packages/airflow/example_dags/example_xcomargs.py
[2024-03-13T16:06:24.722-0400] {processor.py:830} INFO - Processing file /home/ironbong_jr/mlops/project/project/lib/python3.10/site-packages/airflow/example_dags/example_xcomargs.py for tasks to queue
[2024-03-13T16:06:24.723-0400] {logging_mixin.py:188} INFO - [2024-03-13T16:06:24.723-0400] {dagbag.py:540} INFO - Filling up the DagBag from /home/ironbong_jr/mlops/project/project/lib/python3.10/site-packages/airflow/example_dags/example_xcomargs.py
[2024-03-13T16:06:24.729-0400] {processor.py:840} INFO - DAG(s) 'example_xcom_args_with_operators', 'example_xcom_args' retrieved from /home/ironbong_jr/mlops/project/project/lib/python3.10/site-packages/airflow/example_dags/example_xcomargs.py
[2024-03-13T16:06:24.742-0400] {logging_mixin.py:188} INFO - [2024-03-13T16:06:24.742-0400] {dag.py:3047} INFO - Sync 2 DAGs
[2024-03-13T16:06:24.748-0400] {logging_mixin.py:188} INFO - [2024-03-13T16:06:24.748-0400] {dag.py:3834} INFO - Setting next_dagrun for example_xcom_args to None, run_after=None
[2024-03-13T16:06:24.750-0400] {logging_mixin.py:188} INFO - [2024-03-13T16:06:24.750-0400] {dag.py:3834} INFO - Setting next_dagrun for example_xcom_args_with_operators to None, run_after=None
[2024-03-13T16:06:24.785-0400] {processor.py:183} INFO - Processing /home/ironbong_jr/mlops/project/project/lib/python3.10/site-packages/airflow/example_dags/example_xcomargs.py took 0.069 seconds
[2024-03-13T16:07:44.209-0400] {processor.py:161} INFO - Started process (PID=459564) to work on /home/ironbong_jr/mlops/project/project/lib/python3.10/site-packages/airflow/example_dags/example_xcomargs.py
[2024-03-13T16:07:44.213-0400] {processor.py:830} INFO - Processing file /home/ironbong_jr/mlops/project/project/lib/python3.10/site-packages/airflow/example_dags/example_xcomargs.py for tasks to queue
[2024-03-13T16:07:44.215-0400] {logging_mixin.py:188} INFO - [2024-03-13T16:07:44.214-0400] {dagbag.py:540} INFO - Filling up the DagBag from /home/ironbong_jr/mlops/project/project/lib/python3.10/site-packages/airflow/example_dags/example_xcomargs.py
[2024-03-13T16:07:44.223-0400] {processor.py:840} INFO - DAG(s) 'example_xcom_args', 'example_xcom_args_with_operators' retrieved from /home/ironbong_jr/mlops/project/project/lib/python3.10/site-packages/airflow/example_dags/example_xcomargs.py
[2024-03-13T16:07:44.242-0400] {logging_mixin.py:188} INFO - [2024-03-13T16:07:44.242-0400] {dag.py:3047} INFO - Sync 2 DAGs
[2024-03-13T16:07:44.256-0400] {logging_mixin.py:188} INFO - [2024-03-13T16:07:44.256-0400] {dag.py:3834} INFO - Setting next_dagrun for example_xcom_args to None, run_after=None
[2024-03-13T16:07:44.260-0400] {logging_mixin.py:188} INFO - [2024-03-13T16:07:44.260-0400] {dag.py:3834} INFO - Setting next_dagrun for example_xcom_args_with_operators to None, run_after=None
[2024-03-13T16:07:44.288-0400] {processor.py:183} INFO - Processing /home/ironbong_jr/mlops/project/project/lib/python3.10/site-packages/airflow/example_dags/example_xcomargs.py took 0.081 seconds
[2024-03-13T16:09:00.061-0400] {processor.py:161} INFO - Started process (PID=459941) to work on /home/ironbong_jr/mlops/project/project/lib/python3.10/site-packages/airflow/example_dags/example_xcomargs.py
[2024-03-13T16:09:00.062-0400] {processor.py:830} INFO - Processing file /home/ironbong_jr/mlops/project/project/lib/python3.10/site-packages/airflow/example_dags/example_xcomargs.py for tasks to queue
[2024-03-13T16:09:00.063-0400] {logging_mixin.py:188} INFO - [2024-03-13T16:09:00.063-0400] {dagbag.py:540} INFO - Filling up the DagBag from /home/ironbong_jr/mlops/project/project/lib/python3.10/site-packages/airflow/example_dags/example_xcomargs.py
[2024-03-13T16:09:00.068-0400] {processor.py:840} INFO - DAG(s) 'example_xcom_args_with_operators', 'example_xcom_args' retrieved from /home/ironbong_jr/mlops/project/project/lib/python3.10/site-packages/airflow/example_dags/example_xcomargs.py
[2024-03-13T16:09:00.079-0400] {logging_mixin.py:188} INFO - [2024-03-13T16:09:00.079-0400] {dag.py:3047} INFO - Sync 2 DAGs
[2024-03-13T16:09:00.086-0400] {logging_mixin.py:188} INFO - [2024-03-13T16:09:00.085-0400] {dag.py:3834} INFO - Setting next_dagrun for example_xcom_args to None, run_after=None
[2024-03-13T16:09:00.088-0400] {logging_mixin.py:188} INFO - [2024-03-13T16:09:00.087-0400] {dag.py:3834} INFO - Setting next_dagrun for example_xcom_args_with_operators to None, run_after=None
[2024-03-13T16:09:00.109-0400] {processor.py:183} INFO - Processing /home/ironbong_jr/mlops/project/project/lib/python3.10/site-packages/airflow/example_dags/example_xcomargs.py took 0.051 seconds
[2024-03-13T16:10:13.712-0400] {processor.py:161} INFO - Started process (PID=460308) to work on /home/ironbong_jr/mlops/project/project/lib/python3.10/site-packages/airflow/example_dags/example_xcomargs.py
[2024-03-13T16:10:13.715-0400] {processor.py:830} INFO - Processing file /home/ironbong_jr/mlops/project/project/lib/python3.10/site-packages/airflow/example_dags/example_xcomargs.py for tasks to queue
[2024-03-13T16:10:13.716-0400] {logging_mixin.py:188} INFO - [2024-03-13T16:10:13.715-0400] {dagbag.py:540} INFO - Filling up the DagBag from /home/ironbong_jr/mlops/project/project/lib/python3.10/site-packages/airflow/example_dags/example_xcomargs.py
[2024-03-13T16:10:13.722-0400] {processor.py:840} INFO - DAG(s) 'example_xcom_args_with_operators', 'example_xcom_args' retrieved from /home/ironbong_jr/mlops/project/project/lib/python3.10/site-packages/airflow/example_dags/example_xcomargs.py
[2024-03-13T16:10:13.732-0400] {logging_mixin.py:188} INFO - [2024-03-13T16:10:13.732-0400] {dag.py:3047} INFO - Sync 2 DAGs
[2024-03-13T16:10:13.739-0400] {logging_mixin.py:188} INFO - [2024-03-13T16:10:13.739-0400] {dag.py:3834} INFO - Setting next_dagrun for example_xcom_args to None, run_after=None
[2024-03-13T16:10:13.741-0400] {logging_mixin.py:188} INFO - [2024-03-13T16:10:13.741-0400] {dag.py:3834} INFO - Setting next_dagrun for example_xcom_args_with_operators to None, run_after=None
[2024-03-13T16:10:13.763-0400] {processor.py:183} INFO - Processing /home/ironbong_jr/mlops/project/project/lib/python3.10/site-packages/airflow/example_dags/example_xcomargs.py took 0.054 seconds
[2024-03-13T16:11:28.086-0400] {processor.py:161} INFO - Started process (PID=460677) to work on /home/ironbong_jr/mlops/project/project/lib/python3.10/site-packages/airflow/example_dags/example_xcomargs.py
[2024-03-13T16:11:28.090-0400] {processor.py:830} INFO - Processing file /home/ironbong_jr/mlops/project/project/lib/python3.10/site-packages/airflow/example_dags/example_xcomargs.py for tasks to queue
[2024-03-13T16:11:28.091-0400] {logging_mixin.py:188} INFO - [2024-03-13T16:11:28.090-0400] {dagbag.py:540} INFO - Filling up the DagBag from /home/ironbong_jr/mlops/project/project/lib/python3.10/site-packages/airflow/example_dags/example_xcomargs.py
[2024-03-13T16:11:28.096-0400] {processor.py:840} INFO - DAG(s) 'example_xcom_args', 'example_xcom_args_with_operators' retrieved from /home/ironbong_jr/mlops/project/project/lib/python3.10/site-packages/airflow/example_dags/example_xcomargs.py
[2024-03-13T16:11:28.108-0400] {logging_mixin.py:188} INFO - [2024-03-13T16:11:28.108-0400] {dag.py:3047} INFO - Sync 2 DAGs
[2024-03-13T16:11:28.115-0400] {logging_mixin.py:188} INFO - [2024-03-13T16:11:28.115-0400] {dag.py:3834} INFO - Setting next_dagrun for example_xcom_args to None, run_after=None
[2024-03-13T16:11:28.117-0400] {logging_mixin.py:188} INFO - [2024-03-13T16:11:28.117-0400] {dag.py:3834} INFO - Setting next_dagrun for example_xcom_args_with_operators to None, run_after=None
[2024-03-13T16:11:28.140-0400] {processor.py:183} INFO - Processing /home/ironbong_jr/mlops/project/project/lib/python3.10/site-packages/airflow/example_dags/example_xcomargs.py took 0.055 seconds
[2024-03-13T16:12:42.904-0400] {processor.py:161} INFO - Started process (PID=461050) to work on /home/ironbong_jr/mlops/project/project/lib/python3.10/site-packages/airflow/example_dags/example_xcomargs.py
[2024-03-13T16:12:42.906-0400] {processor.py:830} INFO - Processing file /home/ironbong_jr/mlops/project/project/lib/python3.10/site-packages/airflow/example_dags/example_xcomargs.py for tasks to queue
[2024-03-13T16:12:42.907-0400] {logging_mixin.py:188} INFO - [2024-03-13T16:12:42.907-0400] {dagbag.py:540} INFO - Filling up the DagBag from /home/ironbong_jr/mlops/project/project/lib/python3.10/site-packages/airflow/example_dags/example_xcomargs.py
[2024-03-13T16:12:42.913-0400] {processor.py:840} INFO - DAG(s) 'example_xcom_args_with_operators', 'example_xcom_args' retrieved from /home/ironbong_jr/mlops/project/project/lib/python3.10/site-packages/airflow/example_dags/example_xcomargs.py
[2024-03-13T16:12:42.925-0400] {logging_mixin.py:188} INFO - [2024-03-13T16:12:42.925-0400] {dag.py:3047} INFO - Sync 2 DAGs
[2024-03-13T16:12:42.932-0400] {logging_mixin.py:188} INFO - [2024-03-13T16:12:42.932-0400] {dag.py:3834} INFO - Setting next_dagrun for example_xcom_args to None, run_after=None
[2024-03-13T16:12:42.934-0400] {logging_mixin.py:188} INFO - [2024-03-13T16:12:42.934-0400] {dag.py:3834} INFO - Setting next_dagrun for example_xcom_args_with_operators to None, run_after=None
[2024-03-13T16:12:42.960-0400] {processor.py:183} INFO - Processing /home/ironbong_jr/mlops/project/project/lib/python3.10/site-packages/airflow/example_dags/example_xcomargs.py took 0.058 seconds
