[2024-03-12T21:21:22.094-0400] {processor.py:161} INFO - Started process (PID=406887) to work on /home/ironbong_jr/mlops/project/project/lib/python3.10/site-packages/airflow/example_dags/example_params_ui_tutorial.py
[2024-03-12T21:21:22.097-0400] {processor.py:830} INFO - Processing file /home/ironbong_jr/mlops/project/project/lib/python3.10/site-packages/airflow/example_dags/example_params_ui_tutorial.py for tasks to queue
[2024-03-12T21:21:22.100-0400] {logging_mixin.py:188} INFO - [2024-03-12T21:21:22.099-0400] {dagbag.py:540} INFO - Filling up the DagBag from /home/ironbong_jr/mlops/project/project/lib/python3.10/site-packages/airflow/example_dags/example_params_ui_tutorial.py
[2024-03-12T21:21:22.180-0400] {processor.py:840} INFO - DAG(s) 'example_params_ui_tutorial' retrieved from /home/ironbong_jr/mlops/project/project/lib/python3.10/site-packages/airflow/example_dags/example_params_ui_tutorial.py
[2024-03-12T21:21:22.572-0400] {logging_mixin.py:188} INFO - [2024-03-12T21:21:22.572-0400] {dag.py:3047} INFO - Sync 1 DAGs
[2024-03-12T21:21:22.584-0400] {logging_mixin.py:188} INFO - [2024-03-12T21:21:22.584-0400] {dag.py:3834} INFO - Setting next_dagrun for example_params_ui_tutorial to None, run_after=None
[2024-03-12T21:21:22.693-0400] {processor.py:183} INFO - Processing /home/ironbong_jr/mlops/project/project/lib/python3.10/site-packages/airflow/example_dags/example_params_ui_tutorial.py took 0.610 seconds
[2024-03-12T21:22:50.124-0400] {processor.py:161} INFO - Started process (PID=407264) to work on /home/ironbong_jr/mlops/project/project/lib/python3.10/site-packages/airflow/example_dags/example_params_ui_tutorial.py
[2024-03-12T21:22:50.172-0400] {processor.py:830} INFO - Processing file /home/ironbong_jr/mlops/project/project/lib/python3.10/site-packages/airflow/example_dags/example_params_ui_tutorial.py for tasks to queue
[2024-03-12T21:22:50.174-0400] {logging_mixin.py:188} INFO - [2024-03-12T21:22:50.173-0400] {dagbag.py:540} INFO - Filling up the DagBag from /home/ironbong_jr/mlops/project/project/lib/python3.10/site-packages/airflow/example_dags/example_params_ui_tutorial.py
[2024-03-12T21:22:50.193-0400] {processor.py:840} INFO - DAG(s) 'example_params_ui_tutorial' retrieved from /home/ironbong_jr/mlops/project/project/lib/python3.10/site-packages/airflow/example_dags/example_params_ui_tutorial.py
[2024-03-12T21:22:50.253-0400] {logging_mixin.py:188} INFO - [2024-03-12T21:22:50.252-0400] {dag.py:3047} INFO - Sync 1 DAGs
[2024-03-12T21:22:50.269-0400] {logging_mixin.py:188} INFO - [2024-03-12T21:22:50.269-0400] {dag.py:3834} INFO - Setting next_dagrun for example_params_ui_tutorial to None, run_after=None
[2024-03-12T21:22:50.387-0400] {processor.py:183} INFO - Processing /home/ironbong_jr/mlops/project/project/lib/python3.10/site-packages/airflow/example_dags/example_params_ui_tutorial.py took 0.269 seconds
[2024-03-12T21:23:45.500-0400] {processor.py:161} INFO - Started process (PID=407527) to work on /home/ironbong_jr/mlops/project/project/lib/python3.10/site-packages/airflow/example_dags/example_params_ui_tutorial.py
[2024-03-12T21:23:45.550-0400] {processor.py:830} INFO - Processing file /home/ironbong_jr/mlops/project/project/lib/python3.10/site-packages/airflow/example_dags/example_params_ui_tutorial.py for tasks to queue
[2024-03-12T21:23:45.552-0400] {logging_mixin.py:188} INFO - [2024-03-12T21:23:45.552-0400] {dagbag.py:540} INFO - Filling up the DagBag from /home/ironbong_jr/mlops/project/project/lib/python3.10/site-packages/airflow/example_dags/example_params_ui_tutorial.py
[2024-03-12T21:23:45.573-0400] {processor.py:840} INFO - DAG(s) 'example_params_ui_tutorial' retrieved from /home/ironbong_jr/mlops/project/project/lib/python3.10/site-packages/airflow/example_dags/example_params_ui_tutorial.py
[2024-03-12T21:23:45.810-0400] {logging_mixin.py:188} INFO - [2024-03-12T21:23:45.809-0400] {dag.py:3047} INFO - Sync 1 DAGs
[2024-03-12T21:23:45.827-0400] {logging_mixin.py:188} INFO - [2024-03-12T21:23:45.826-0400] {dag.py:3834} INFO - Setting next_dagrun for example_params_ui_tutorial to None, run_after=None
[2024-03-12T21:23:45.926-0400] {processor.py:183} INFO - Processing /home/ironbong_jr/mlops/project/project/lib/python3.10/site-packages/airflow/example_dags/example_params_ui_tutorial.py took 0.434 seconds
[2024-03-12T21:26:14.890-0400] {processor.py:161} INFO - Started process (PID=408188) to work on /home/ironbong_jr/mlops/project/project/lib/python3.10/site-packages/airflow/example_dags/example_params_ui_tutorial.py
[2024-03-12T21:26:14.941-0400] {processor.py:830} INFO - Processing file /home/ironbong_jr/mlops/project/project/lib/python3.10/site-packages/airflow/example_dags/example_params_ui_tutorial.py for tasks to queue
[2024-03-12T21:26:14.944-0400] {logging_mixin.py:188} INFO - [2024-03-12T21:26:14.943-0400] {dagbag.py:540} INFO - Filling up the DagBag from /home/ironbong_jr/mlops/project/project/lib/python3.10/site-packages/airflow/example_dags/example_params_ui_tutorial.py
[2024-03-12T21:26:14.967-0400] {processor.py:840} INFO - DAG(s) 'example_params_ui_tutorial' retrieved from /home/ironbong_jr/mlops/project/project/lib/python3.10/site-packages/airflow/example_dags/example_params_ui_tutorial.py
[2024-03-12T21:26:15.041-0400] {logging_mixin.py:188} INFO - [2024-03-12T21:26:15.040-0400] {dag.py:3047} INFO - Sync 1 DAGs
[2024-03-12T21:26:15.058-0400] {logging_mixin.py:188} INFO - [2024-03-12T21:26:15.057-0400] {dag.py:3834} INFO - Setting next_dagrun for example_params_ui_tutorial to None, run_after=None
[2024-03-12T21:26:15.107-0400] {processor.py:183} INFO - Processing /home/ironbong_jr/mlops/project/project/lib/python3.10/site-packages/airflow/example_dags/example_params_ui_tutorial.py took 0.223 seconds
[2024-03-12T21:27:28.474-0400] {processor.py:161} INFO - Started process (PID=408510) to work on /home/ironbong_jr/mlops/project/project/lib/python3.10/site-packages/airflow/example_dags/example_params_ui_tutorial.py
[2024-03-12T21:27:28.485-0400] {processor.py:830} INFO - Processing file /home/ironbong_jr/mlops/project/project/lib/python3.10/site-packages/airflow/example_dags/example_params_ui_tutorial.py for tasks to queue
[2024-03-12T21:27:28.487-0400] {logging_mixin.py:188} INFO - [2024-03-12T21:27:28.486-0400] {dagbag.py:540} INFO - Filling up the DagBag from /home/ironbong_jr/mlops/project/project/lib/python3.10/site-packages/airflow/example_dags/example_params_ui_tutorial.py
[2024-03-12T21:27:28.508-0400] {processor.py:840} INFO - DAG(s) 'example_params_ui_tutorial' retrieved from /home/ironbong_jr/mlops/project/project/lib/python3.10/site-packages/airflow/example_dags/example_params_ui_tutorial.py
[2024-03-12T21:27:28.637-0400] {logging_mixin.py:188} INFO - [2024-03-12T21:27:28.636-0400] {dag.py:3047} INFO - Sync 1 DAGs
[2024-03-12T21:27:28.662-0400] {logging_mixin.py:188} INFO - [2024-03-12T21:27:28.661-0400] {dag.py:3834} INFO - Setting next_dagrun for example_params_ui_tutorial to None, run_after=None
[2024-03-12T21:27:28.767-0400] {processor.py:183} INFO - Processing /home/ironbong_jr/mlops/project/project/lib/python3.10/site-packages/airflow/example_dags/example_params_ui_tutorial.py took 0.297 seconds
[2024-03-12T21:29:07.788-0400] {processor.py:161} INFO - Started process (PID=408982) to work on /home/ironbong_jr/mlops/project/project/lib/python3.10/site-packages/airflow/example_dags/example_params_ui_tutorial.py
[2024-03-12T21:29:07.834-0400] {processor.py:830} INFO - Processing file /home/ironbong_jr/mlops/project/project/lib/python3.10/site-packages/airflow/example_dags/example_params_ui_tutorial.py for tasks to queue
[2024-03-12T21:29:07.837-0400] {logging_mixin.py:188} INFO - [2024-03-12T21:29:07.835-0400] {dagbag.py:540} INFO - Filling up the DagBag from /home/ironbong_jr/mlops/project/project/lib/python3.10/site-packages/airflow/example_dags/example_params_ui_tutorial.py
[2024-03-12T21:29:07.867-0400] {processor.py:840} INFO - DAG(s) 'example_params_ui_tutorial' retrieved from /home/ironbong_jr/mlops/project/project/lib/python3.10/site-packages/airflow/example_dags/example_params_ui_tutorial.py
[2024-03-12T21:29:07.940-0400] {logging_mixin.py:188} INFO - [2024-03-12T21:29:07.938-0400] {dag.py:3047} INFO - Sync 1 DAGs
[2024-03-12T21:29:07.966-0400] {logging_mixin.py:188} INFO - [2024-03-12T21:29:07.964-0400] {dag.py:3834} INFO - Setting next_dagrun for example_params_ui_tutorial to None, run_after=None
[2024-03-12T21:29:08.086-0400] {processor.py:183} INFO - Processing /home/ironbong_jr/mlops/project/project/lib/python3.10/site-packages/airflow/example_dags/example_params_ui_tutorial.py took 0.307 seconds
[2024-03-12T21:30:34.821-0400] {processor.py:161} INFO - Started process (PID=409415) to work on /home/ironbong_jr/mlops/project/project/lib/python3.10/site-packages/airflow/example_dags/example_params_ui_tutorial.py
[2024-03-12T21:30:34.856-0400] {processor.py:830} INFO - Processing file /home/ironbong_jr/mlops/project/project/lib/python3.10/site-packages/airflow/example_dags/example_params_ui_tutorial.py for tasks to queue
[2024-03-12T21:30:34.859-0400] {logging_mixin.py:188} INFO - [2024-03-12T21:30:34.858-0400] {dagbag.py:540} INFO - Filling up the DagBag from /home/ironbong_jr/mlops/project/project/lib/python3.10/site-packages/airflow/example_dags/example_params_ui_tutorial.py
[2024-03-12T21:30:34.884-0400] {processor.py:840} INFO - DAG(s) 'example_params_ui_tutorial' retrieved from /home/ironbong_jr/mlops/project/project/lib/python3.10/site-packages/airflow/example_dags/example_params_ui_tutorial.py
[2024-03-12T21:30:34.950-0400] {logging_mixin.py:188} INFO - [2024-03-12T21:30:34.949-0400] {dag.py:3047} INFO - Sync 1 DAGs
[2024-03-12T21:30:34.971-0400] {logging_mixin.py:188} INFO - [2024-03-12T21:30:34.970-0400] {dag.py:3834} INFO - Setting next_dagrun for example_params_ui_tutorial to None, run_after=None
[2024-03-12T21:30:35.083-0400] {processor.py:183} INFO - Processing /home/ironbong_jr/mlops/project/project/lib/python3.10/site-packages/airflow/example_dags/example_params_ui_tutorial.py took 0.269 seconds
[2024-03-12T21:32:14.491-0400] {processor.py:161} INFO - Started process (PID=409908) to work on /home/ironbong_jr/mlops/project/project/lib/python3.10/site-packages/airflow/example_dags/example_params_ui_tutorial.py
[2024-03-12T21:32:14.541-0400] {processor.py:830} INFO - Processing file /home/ironbong_jr/mlops/project/project/lib/python3.10/site-packages/airflow/example_dags/example_params_ui_tutorial.py for tasks to queue
[2024-03-12T21:32:14.543-0400] {logging_mixin.py:188} INFO - [2024-03-12T21:32:14.542-0400] {dagbag.py:540} INFO - Filling up the DagBag from /home/ironbong_jr/mlops/project/project/lib/python3.10/site-packages/airflow/example_dags/example_params_ui_tutorial.py
[2024-03-12T21:32:14.580-0400] {processor.py:840} INFO - DAG(s) 'example_params_ui_tutorial' retrieved from /home/ironbong_jr/mlops/project/project/lib/python3.10/site-packages/airflow/example_dags/example_params_ui_tutorial.py
[2024-03-12T21:32:14.697-0400] {logging_mixin.py:188} INFO - [2024-03-12T21:32:14.696-0400] {dag.py:3047} INFO - Sync 1 DAGs
[2024-03-12T21:32:14.724-0400] {logging_mixin.py:188} INFO - [2024-03-12T21:32:14.723-0400] {dag.py:3834} INFO - Setting next_dagrun for example_params_ui_tutorial to None, run_after=None
[2024-03-12T21:32:14.823-0400] {processor.py:183} INFO - Processing /home/ironbong_jr/mlops/project/project/lib/python3.10/site-packages/airflow/example_dags/example_params_ui_tutorial.py took 0.338 seconds
[2024-03-12T21:33:55.474-0400] {processor.py:161} INFO - Started process (PID=410460) to work on /home/ironbong_jr/mlops/project/project/lib/python3.10/site-packages/airflow/example_dags/example_params_ui_tutorial.py
[2024-03-12T21:33:55.478-0400] {processor.py:830} INFO - Processing file /home/ironbong_jr/mlops/project/project/lib/python3.10/site-packages/airflow/example_dags/example_params_ui_tutorial.py for tasks to queue
[2024-03-12T21:33:55.480-0400] {logging_mixin.py:188} INFO - [2024-03-12T21:33:55.479-0400] {dagbag.py:540} INFO - Filling up the DagBag from /home/ironbong_jr/mlops/project/project/lib/python3.10/site-packages/airflow/example_dags/example_params_ui_tutorial.py
[2024-03-12T21:33:55.496-0400] {processor.py:840} INFO - DAG(s) 'example_params_ui_tutorial' retrieved from /home/ironbong_jr/mlops/project/project/lib/python3.10/site-packages/airflow/example_dags/example_params_ui_tutorial.py
[2024-03-12T21:33:55.563-0400] {logging_mixin.py:188} INFO - [2024-03-12T21:33:55.562-0400] {dag.py:3047} INFO - Sync 1 DAGs
[2024-03-12T21:33:55.581-0400] {logging_mixin.py:188} INFO - [2024-03-12T21:33:55.580-0400] {dag.py:3834} INFO - Setting next_dagrun for example_params_ui_tutorial to None, run_after=None
[2024-03-12T21:33:55.697-0400] {processor.py:183} INFO - Processing /home/ironbong_jr/mlops/project/project/lib/python3.10/site-packages/airflow/example_dags/example_params_ui_tutorial.py took 0.228 seconds
[2024-03-12T23:25:38.271-0400] {processor.py:161} INFO - Started process (PID=417567) to work on /home/ironbong_jr/mlops/project/project/lib/python3.10/site-packages/airflow/example_dags/example_params_ui_tutorial.py
[2024-03-12T23:25:38.275-0400] {processor.py:830} INFO - Processing file /home/ironbong_jr/mlops/project/project/lib/python3.10/site-packages/airflow/example_dags/example_params_ui_tutorial.py for tasks to queue
[2024-03-12T23:25:38.278-0400] {logging_mixin.py:188} INFO - [2024-03-12T23:25:38.277-0400] {dagbag.py:540} INFO - Filling up the DagBag from /home/ironbong_jr/mlops/project/project/lib/python3.10/site-packages/airflow/example_dags/example_params_ui_tutorial.py
[2024-03-12T23:25:38.308-0400] {processor.py:840} INFO - DAG(s) 'example_params_ui_tutorial' retrieved from /home/ironbong_jr/mlops/project/project/lib/python3.10/site-packages/airflow/example_dags/example_params_ui_tutorial.py
[2024-03-12T23:25:38.535-0400] {logging_mixin.py:188} INFO - [2024-03-12T23:25:38.535-0400] {dag.py:3047} INFO - Sync 1 DAGs
[2024-03-12T23:25:38.553-0400] {logging_mixin.py:188} INFO - [2024-03-12T23:25:38.553-0400] {dag.py:3834} INFO - Setting next_dagrun for example_params_ui_tutorial to None, run_after=None
[2024-03-12T23:25:38.606-0400] {processor.py:183} INFO - Processing /home/ironbong_jr/mlops/project/project/lib/python3.10/site-packages/airflow/example_dags/example_params_ui_tutorial.py took 0.344 seconds
[2024-03-12T23:29:02.639-0400] {processor.py:161} INFO - Started process (PID=418390) to work on /home/ironbong_jr/mlops/project/project/lib/python3.10/site-packages/airflow/example_dags/example_params_ui_tutorial.py
[2024-03-12T23:29:02.692-0400] {processor.py:830} INFO - Processing file /home/ironbong_jr/mlops/project/project/lib/python3.10/site-packages/airflow/example_dags/example_params_ui_tutorial.py for tasks to queue
[2024-03-12T23:29:02.694-0400] {logging_mixin.py:188} INFO - [2024-03-12T23:29:02.693-0400] {dagbag.py:540} INFO - Filling up the DagBag from /home/ironbong_jr/mlops/project/project/lib/python3.10/site-packages/airflow/example_dags/example_params_ui_tutorial.py
[2024-03-12T23:29:02.717-0400] {processor.py:840} INFO - DAG(s) 'example_params_ui_tutorial' retrieved from /home/ironbong_jr/mlops/project/project/lib/python3.10/site-packages/airflow/example_dags/example_params_ui_tutorial.py
[2024-03-12T23:29:02.808-0400] {logging_mixin.py:188} INFO - [2024-03-12T23:29:02.808-0400] {dag.py:3047} INFO - Sync 1 DAGs
[2024-03-12T23:29:02.826-0400] {logging_mixin.py:188} INFO - [2024-03-12T23:29:02.825-0400] {dag.py:3834} INFO - Setting next_dagrun for example_params_ui_tutorial to None, run_after=None
[2024-03-12T23:29:02.931-0400] {processor.py:183} INFO - Processing /home/ironbong_jr/mlops/project/project/lib/python3.10/site-packages/airflow/example_dags/example_params_ui_tutorial.py took 0.301 seconds
[2024-03-12T23:30:25.586-0400] {processor.py:161} INFO - Started process (PID=418730) to work on /home/ironbong_jr/mlops/project/project/lib/python3.10/site-packages/airflow/example_dags/example_params_ui_tutorial.py
[2024-03-12T23:30:25.590-0400] {processor.py:830} INFO - Processing file /home/ironbong_jr/mlops/project/project/lib/python3.10/site-packages/airflow/example_dags/example_params_ui_tutorial.py for tasks to queue
[2024-03-12T23:30:25.592-0400] {logging_mixin.py:188} INFO - [2024-03-12T23:30:25.591-0400] {dagbag.py:540} INFO - Filling up the DagBag from /home/ironbong_jr/mlops/project/project/lib/python3.10/site-packages/airflow/example_dags/example_params_ui_tutorial.py
[2024-03-12T23:30:25.633-0400] {processor.py:840} INFO - DAG(s) 'example_params_ui_tutorial' retrieved from /home/ironbong_jr/mlops/project/project/lib/python3.10/site-packages/airflow/example_dags/example_params_ui_tutorial.py
[2024-03-12T23:30:25.719-0400] {logging_mixin.py:188} INFO - [2024-03-12T23:30:25.719-0400] {dag.py:3047} INFO - Sync 1 DAGs
[2024-03-12T23:30:25.740-0400] {logging_mixin.py:188} INFO - [2024-03-12T23:30:25.739-0400] {dag.py:3834} INFO - Setting next_dagrun for example_params_ui_tutorial to None, run_after=None
[2024-03-12T23:30:25.854-0400] {processor.py:183} INFO - Processing /home/ironbong_jr/mlops/project/project/lib/python3.10/site-packages/airflow/example_dags/example_params_ui_tutorial.py took 0.276 seconds
[2024-03-12T23:31:20.791-0400] {processor.py:161} INFO - Started process (PID=418962) to work on /home/ironbong_jr/mlops/project/project/lib/python3.10/site-packages/airflow/example_dags/example_params_ui_tutorial.py
[2024-03-12T23:31:20.843-0400] {processor.py:830} INFO - Processing file /home/ironbong_jr/mlops/project/project/lib/python3.10/site-packages/airflow/example_dags/example_params_ui_tutorial.py for tasks to queue
[2024-03-12T23:31:20.846-0400] {logging_mixin.py:188} INFO - [2024-03-12T23:31:20.845-0400] {dagbag.py:540} INFO - Filling up the DagBag from /home/ironbong_jr/mlops/project/project/lib/python3.10/site-packages/airflow/example_dags/example_params_ui_tutorial.py
[2024-03-12T23:31:20.884-0400] {processor.py:840} INFO - DAG(s) 'example_params_ui_tutorial' retrieved from /home/ironbong_jr/mlops/project/project/lib/python3.10/site-packages/airflow/example_dags/example_params_ui_tutorial.py
[2024-03-12T23:31:20.952-0400] {logging_mixin.py:188} INFO - [2024-03-12T23:31:20.952-0400] {dag.py:3047} INFO - Sync 1 DAGs
[2024-03-12T23:31:20.970-0400] {logging_mixin.py:188} INFO - [2024-03-12T23:31:20.970-0400] {dag.py:3834} INFO - Setting next_dagrun for example_params_ui_tutorial to None, run_after=None
[2024-03-12T23:31:21.015-0400] {processor.py:183} INFO - Processing /home/ironbong_jr/mlops/project/project/lib/python3.10/site-packages/airflow/example_dags/example_params_ui_tutorial.py took 0.230 seconds
[2024-03-12T23:40:05.680-0400] {processor.py:161} INFO - Started process (PID=420763) to work on /home/ironbong_jr/mlops/project/project/lib/python3.10/site-packages/airflow/example_dags/example_params_ui_tutorial.py
[2024-03-12T23:40:05.731-0400] {processor.py:830} INFO - Processing file /home/ironbong_jr/mlops/project/project/lib/python3.10/site-packages/airflow/example_dags/example_params_ui_tutorial.py for tasks to queue
[2024-03-12T23:40:05.733-0400] {logging_mixin.py:188} INFO - [2024-03-12T23:40:05.732-0400] {dagbag.py:540} INFO - Filling up the DagBag from /home/ironbong_jr/mlops/project/project/lib/python3.10/site-packages/airflow/example_dags/example_params_ui_tutorial.py
[2024-03-12T23:40:05.760-0400] {processor.py:840} INFO - DAG(s) 'example_params_ui_tutorial' retrieved from /home/ironbong_jr/mlops/project/project/lib/python3.10/site-packages/airflow/example_dags/example_params_ui_tutorial.py
[2024-03-12T23:40:05.780-0400] {logging_mixin.py:188} INFO - [2024-03-12T23:40:05.779-0400] {dag.py:3047} INFO - Sync 1 DAGs
[2024-03-12T23:40:05.814-0400] {logging_mixin.py:188} INFO - [2024-03-12T23:40:05.814-0400] {dag.py:3834} INFO - Setting next_dagrun for example_params_ui_tutorial to None, run_after=None
[2024-03-12T23:40:05.876-0400] {processor.py:183} INFO - Processing /home/ironbong_jr/mlops/project/project/lib/python3.10/site-packages/airflow/example_dags/example_params_ui_tutorial.py took 0.204 seconds
[2024-03-12T23:43:11.423-0400] {processor.py:161} INFO - Started process (PID=421819) to work on /home/ironbong_jr/mlops/project/project/lib/python3.10/site-packages/airflow/example_dags/example_params_ui_tutorial.py
[2024-03-12T23:43:11.472-0400] {processor.py:830} INFO - Processing file /home/ironbong_jr/mlops/project/project/lib/python3.10/site-packages/airflow/example_dags/example_params_ui_tutorial.py for tasks to queue
[2024-03-12T23:43:11.475-0400] {logging_mixin.py:188} INFO - [2024-03-12T23:43:11.474-0400] {dagbag.py:540} INFO - Filling up the DagBag from /home/ironbong_jr/mlops/project/project/lib/python3.10/site-packages/airflow/example_dags/example_params_ui_tutorial.py
[2024-03-12T23:43:11.495-0400] {processor.py:840} INFO - DAG(s) 'example_params_ui_tutorial' retrieved from /home/ironbong_jr/mlops/project/project/lib/python3.10/site-packages/airflow/example_dags/example_params_ui_tutorial.py
[2024-03-12T23:43:11.858-0400] {logging_mixin.py:188} INFO - [2024-03-12T23:43:11.858-0400] {dag.py:3047} INFO - Sync 1 DAGs
[2024-03-12T23:43:11.877-0400] {logging_mixin.py:188} INFO - [2024-03-12T23:43:11.876-0400] {dag.py:3834} INFO - Setting next_dagrun for example_params_ui_tutorial to None, run_after=None
[2024-03-12T23:43:11.931-0400] {processor.py:183} INFO - Processing /home/ironbong_jr/mlops/project/project/lib/python3.10/site-packages/airflow/example_dags/example_params_ui_tutorial.py took 0.519 seconds
[2024-03-12T23:44:11.903-0400] {processor.py:161} INFO - Started process (PID=422062) to work on /home/ironbong_jr/mlops/project/project/lib/python3.10/site-packages/airflow/example_dags/example_params_ui_tutorial.py
[2024-03-12T23:44:11.955-0400] {processor.py:830} INFO - Processing file /home/ironbong_jr/mlops/project/project/lib/python3.10/site-packages/airflow/example_dags/example_params_ui_tutorial.py for tasks to queue
[2024-03-12T23:44:11.958-0400] {logging_mixin.py:188} INFO - [2024-03-12T23:44:11.957-0400] {dagbag.py:540} INFO - Filling up the DagBag from /home/ironbong_jr/mlops/project/project/lib/python3.10/site-packages/airflow/example_dags/example_params_ui_tutorial.py
[2024-03-12T23:44:11.984-0400] {processor.py:840} INFO - DAG(s) 'example_params_ui_tutorial' retrieved from /home/ironbong_jr/mlops/project/project/lib/python3.10/site-packages/airflow/example_dags/example_params_ui_tutorial.py
[2024-03-12T23:44:12.257-0400] {logging_mixin.py:188} INFO - [2024-03-12T23:44:12.257-0400] {dag.py:3047} INFO - Sync 1 DAGs
[2024-03-12T23:44:12.277-0400] {logging_mixin.py:188} INFO - [2024-03-12T23:44:12.276-0400] {dag.py:3834} INFO - Setting next_dagrun for example_params_ui_tutorial to None, run_after=None
[2024-03-12T23:44:12.399-0400] {processor.py:183} INFO - Processing /home/ironbong_jr/mlops/project/project/lib/python3.10/site-packages/airflow/example_dags/example_params_ui_tutorial.py took 0.502 seconds
[2024-03-12T23:45:07.247-0400] {processor.py:161} INFO - Started process (PID=422308) to work on /home/ironbong_jr/mlops/project/project/lib/python3.10/site-packages/airflow/example_dags/example_params_ui_tutorial.py
[2024-03-12T23:45:07.298-0400] {processor.py:830} INFO - Processing file /home/ironbong_jr/mlops/project/project/lib/python3.10/site-packages/airflow/example_dags/example_params_ui_tutorial.py for tasks to queue
[2024-03-12T23:45:07.301-0400] {logging_mixin.py:188} INFO - [2024-03-12T23:45:07.300-0400] {dagbag.py:540} INFO - Filling up the DagBag from /home/ironbong_jr/mlops/project/project/lib/python3.10/site-packages/airflow/example_dags/example_params_ui_tutorial.py
[2024-03-12T23:45:07.321-0400] {processor.py:840} INFO - DAG(s) 'example_params_ui_tutorial' retrieved from /home/ironbong_jr/mlops/project/project/lib/python3.10/site-packages/airflow/example_dags/example_params_ui_tutorial.py
[2024-03-12T23:45:07.377-0400] {logging_mixin.py:188} INFO - [2024-03-12T23:45:07.376-0400] {dag.py:3047} INFO - Sync 1 DAGs
[2024-03-12T23:45:07.397-0400] {logging_mixin.py:188} INFO - [2024-03-12T23:45:07.396-0400] {dag.py:3834} INFO - Setting next_dagrun for example_params_ui_tutorial to None, run_after=None
[2024-03-12T23:45:07.499-0400] {processor.py:183} INFO - Processing /home/ironbong_jr/mlops/project/project/lib/python3.10/site-packages/airflow/example_dags/example_params_ui_tutorial.py took 0.257 seconds
[2024-03-12T23:45:58.445-0400] {processor.py:161} INFO - Started process (PID=422662) to work on /home/ironbong_jr/mlops/project/project/lib/python3.10/site-packages/airflow/example_dags/example_params_ui_tutorial.py
[2024-03-12T23:45:58.447-0400] {processor.py:830} INFO - Processing file /home/ironbong_jr/mlops/project/project/lib/python3.10/site-packages/airflow/example_dags/example_params_ui_tutorial.py for tasks to queue
[2024-03-12T23:45:58.449-0400] {logging_mixin.py:188} INFO - [2024-03-12T23:45:58.448-0400] {dagbag.py:540} INFO - Filling up the DagBag from /home/ironbong_jr/mlops/project/project/lib/python3.10/site-packages/airflow/example_dags/example_params_ui_tutorial.py
[2024-03-12T23:45:58.474-0400] {processor.py:840} INFO - DAG(s) 'example_params_ui_tutorial' retrieved from /home/ironbong_jr/mlops/project/project/lib/python3.10/site-packages/airflow/example_dags/example_params_ui_tutorial.py
[2024-03-12T23:45:58.550-0400] {logging_mixin.py:188} INFO - [2024-03-12T23:45:58.550-0400] {dag.py:3047} INFO - Sync 1 DAGs
[2024-03-12T23:45:58.572-0400] {logging_mixin.py:188} INFO - [2024-03-12T23:45:58.572-0400] {dag.py:3834} INFO - Setting next_dagrun for example_params_ui_tutorial to None, run_after=None
[2024-03-12T23:45:58.623-0400] {processor.py:183} INFO - Processing /home/ironbong_jr/mlops/project/project/lib/python3.10/site-packages/airflow/example_dags/example_params_ui_tutorial.py took 0.191 seconds
[2024-03-12T23:47:58.231-0400] {processor.py:161} INFO - Started process (PID=423242) to work on /home/ironbong_jr/mlops/project/project/lib/python3.10/site-packages/airflow/example_dags/example_params_ui_tutorial.py
[2024-03-12T23:47:58.243-0400] {processor.py:830} INFO - Processing file /home/ironbong_jr/mlops/project/project/lib/python3.10/site-packages/airflow/example_dags/example_params_ui_tutorial.py for tasks to queue
[2024-03-12T23:47:58.244-0400] {logging_mixin.py:188} INFO - [2024-03-12T23:47:58.244-0400] {dagbag.py:540} INFO - Filling up the DagBag from /home/ironbong_jr/mlops/project/project/lib/python3.10/site-packages/airflow/example_dags/example_params_ui_tutorial.py
[2024-03-12T23:47:58.268-0400] {processor.py:840} INFO - DAG(s) 'example_params_ui_tutorial' retrieved from /home/ironbong_jr/mlops/project/project/lib/python3.10/site-packages/airflow/example_dags/example_params_ui_tutorial.py
[2024-03-12T23:47:58.359-0400] {logging_mixin.py:188} INFO - [2024-03-12T23:47:58.359-0400] {dag.py:3047} INFO - Sync 1 DAGs
[2024-03-12T23:47:58.387-0400] {logging_mixin.py:188} INFO - [2024-03-12T23:47:58.386-0400] {dag.py:3834} INFO - Setting next_dagrun for example_params_ui_tutorial to None, run_after=None
[2024-03-12T23:47:58.499-0400] {processor.py:183} INFO - Processing /home/ironbong_jr/mlops/project/project/lib/python3.10/site-packages/airflow/example_dags/example_params_ui_tutorial.py took 0.273 seconds
[2024-03-12T23:48:57.627-0400] {processor.py:161} INFO - Started process (PID=423503) to work on /home/ironbong_jr/mlops/project/project/lib/python3.10/site-packages/airflow/example_dags/example_params_ui_tutorial.py
[2024-03-12T23:48:57.642-0400] {processor.py:830} INFO - Processing file /home/ironbong_jr/mlops/project/project/lib/python3.10/site-packages/airflow/example_dags/example_params_ui_tutorial.py for tasks to queue
[2024-03-12T23:48:57.645-0400] {logging_mixin.py:188} INFO - [2024-03-12T23:48:57.643-0400] {dagbag.py:540} INFO - Filling up the DagBag from /home/ironbong_jr/mlops/project/project/lib/python3.10/site-packages/airflow/example_dags/example_params_ui_tutorial.py
[2024-03-12T23:48:57.670-0400] {processor.py:840} INFO - DAG(s) 'example_params_ui_tutorial' retrieved from /home/ironbong_jr/mlops/project/project/lib/python3.10/site-packages/airflow/example_dags/example_params_ui_tutorial.py
[2024-03-12T23:48:57.781-0400] {logging_mixin.py:188} INFO - [2024-03-12T23:48:57.781-0400] {dag.py:3047} INFO - Sync 1 DAGs
[2024-03-12T23:48:57.812-0400] {logging_mixin.py:188} INFO - [2024-03-12T23:48:57.812-0400] {dag.py:3834} INFO - Setting next_dagrun for example_params_ui_tutorial to None, run_after=None
[2024-03-12T23:48:57.862-0400] {processor.py:183} INFO - Processing /home/ironbong_jr/mlops/project/project/lib/python3.10/site-packages/airflow/example_dags/example_params_ui_tutorial.py took 0.244 seconds
[2024-03-12T23:50:23.957-0400] {processor.py:161} INFO - Started process (PID=423958) to work on /home/ironbong_jr/mlops/project/project/lib/python3.10/site-packages/airflow/example_dags/example_params_ui_tutorial.py
[2024-03-12T23:50:23.995-0400] {processor.py:830} INFO - Processing file /home/ironbong_jr/mlops/project/project/lib/python3.10/site-packages/airflow/example_dags/example_params_ui_tutorial.py for tasks to queue
[2024-03-12T23:50:23.999-0400] {logging_mixin.py:188} INFO - [2024-03-12T23:50:23.998-0400] {dagbag.py:540} INFO - Filling up the DagBag from /home/ironbong_jr/mlops/project/project/lib/python3.10/site-packages/airflow/example_dags/example_params_ui_tutorial.py
[2024-03-12T23:50:24.023-0400] {processor.py:840} INFO - DAG(s) 'example_params_ui_tutorial' retrieved from /home/ironbong_jr/mlops/project/project/lib/python3.10/site-packages/airflow/example_dags/example_params_ui_tutorial.py
[2024-03-12T23:50:24.108-0400] {logging_mixin.py:188} INFO - [2024-03-12T23:50:24.107-0400] {dag.py:3047} INFO - Sync 1 DAGs
[2024-03-12T23:50:24.130-0400] {logging_mixin.py:188} INFO - [2024-03-12T23:50:24.130-0400] {dag.py:3834} INFO - Setting next_dagrun for example_params_ui_tutorial to None, run_after=None
[2024-03-12T23:50:24.240-0400] {processor.py:183} INFO - Processing /home/ironbong_jr/mlops/project/project/lib/python3.10/site-packages/airflow/example_dags/example_params_ui_tutorial.py took 0.299 seconds
[2024-03-12T23:51:49.300-0400] {processor.py:161} INFO - Started process (PID=424352) to work on /home/ironbong_jr/mlops/project/project/lib/python3.10/site-packages/airflow/example_dags/example_params_ui_tutorial.py
[2024-03-12T23:51:49.346-0400] {processor.py:830} INFO - Processing file /home/ironbong_jr/mlops/project/project/lib/python3.10/site-packages/airflow/example_dags/example_params_ui_tutorial.py for tasks to queue
[2024-03-12T23:51:49.349-0400] {logging_mixin.py:188} INFO - [2024-03-12T23:51:49.348-0400] {dagbag.py:540} INFO - Filling up the DagBag from /home/ironbong_jr/mlops/project/project/lib/python3.10/site-packages/airflow/example_dags/example_params_ui_tutorial.py
[2024-03-12T23:51:49.375-0400] {processor.py:840} INFO - DAG(s) 'example_params_ui_tutorial' retrieved from /home/ironbong_jr/mlops/project/project/lib/python3.10/site-packages/airflow/example_dags/example_params_ui_tutorial.py
[2024-03-12T23:51:49.437-0400] {logging_mixin.py:188} INFO - [2024-03-12T23:51:49.436-0400] {dag.py:3047} INFO - Sync 1 DAGs
[2024-03-12T23:51:49.457-0400] {logging_mixin.py:188} INFO - [2024-03-12T23:51:49.456-0400] {dag.py:3834} INFO - Setting next_dagrun for example_params_ui_tutorial to None, run_after=None
[2024-03-12T23:51:49.536-0400] {processor.py:183} INFO - Processing /home/ironbong_jr/mlops/project/project/lib/python3.10/site-packages/airflow/example_dags/example_params_ui_tutorial.py took 0.250 seconds
[2024-03-12T23:53:15.680-0400] {processor.py:161} INFO - Started process (PID=424903) to work on /home/ironbong_jr/mlops/project/project/lib/python3.10/site-packages/airflow/example_dags/example_params_ui_tutorial.py
[2024-03-12T23:53:15.730-0400] {processor.py:830} INFO - Processing file /home/ironbong_jr/mlops/project/project/lib/python3.10/site-packages/airflow/example_dags/example_params_ui_tutorial.py for tasks to queue
[2024-03-12T23:53:15.733-0400] {logging_mixin.py:188} INFO - [2024-03-12T23:53:15.732-0400] {dagbag.py:540} INFO - Filling up the DagBag from /home/ironbong_jr/mlops/project/project/lib/python3.10/site-packages/airflow/example_dags/example_params_ui_tutorial.py
[2024-03-12T23:53:15.758-0400] {processor.py:840} INFO - DAG(s) 'example_params_ui_tutorial' retrieved from /home/ironbong_jr/mlops/project/project/lib/python3.10/site-packages/airflow/example_dags/example_params_ui_tutorial.py
[2024-03-12T23:53:15.864-0400] {logging_mixin.py:188} INFO - [2024-03-12T23:53:15.863-0400] {dag.py:3047} INFO - Sync 1 DAGs
[2024-03-12T23:53:15.886-0400] {logging_mixin.py:188} INFO - [2024-03-12T23:53:15.885-0400] {dag.py:3834} INFO - Setting next_dagrun for example_params_ui_tutorial to None, run_after=None
[2024-03-12T23:53:15.995-0400] {processor.py:183} INFO - Processing /home/ironbong_jr/mlops/project/project/lib/python3.10/site-packages/airflow/example_dags/example_params_ui_tutorial.py took 0.321 seconds
[2024-03-12T23:54:52.263-0400] {processor.py:161} INFO - Started process (PID=425320) to work on /home/ironbong_jr/mlops/project/project/lib/python3.10/site-packages/airflow/example_dags/example_params_ui_tutorial.py
[2024-03-12T23:54:52.312-0400] {processor.py:830} INFO - Processing file /home/ironbong_jr/mlops/project/project/lib/python3.10/site-packages/airflow/example_dags/example_params_ui_tutorial.py for tasks to queue
[2024-03-12T23:54:52.315-0400] {logging_mixin.py:188} INFO - [2024-03-12T23:54:52.314-0400] {dagbag.py:540} INFO - Filling up the DagBag from /home/ironbong_jr/mlops/project/project/lib/python3.10/site-packages/airflow/example_dags/example_params_ui_tutorial.py
[2024-03-12T23:54:52.342-0400] {processor.py:840} INFO - DAG(s) 'example_params_ui_tutorial' retrieved from /home/ironbong_jr/mlops/project/project/lib/python3.10/site-packages/airflow/example_dags/example_params_ui_tutorial.py
[2024-03-12T23:54:52.433-0400] {logging_mixin.py:188} INFO - [2024-03-12T23:54:52.432-0400] {dag.py:3047} INFO - Sync 1 DAGs
[2024-03-12T23:54:52.466-0400] {logging_mixin.py:188} INFO - [2024-03-12T23:54:52.465-0400] {dag.py:3834} INFO - Setting next_dagrun for example_params_ui_tutorial to None, run_after=None
[2024-03-12T23:54:52.585-0400] {processor.py:183} INFO - Processing /home/ironbong_jr/mlops/project/project/lib/python3.10/site-packages/airflow/example_dags/example_params_ui_tutorial.py took 0.346 seconds
[2024-03-13T00:28:34.869-0400] {processor.py:161} INFO - Started process (PID=432458) to work on /home/ironbong_jr/mlops/project/project/lib/python3.10/site-packages/airflow/example_dags/example_params_ui_tutorial.py
[2024-03-13T00:28:34.877-0400] {processor.py:830} INFO - Processing file /home/ironbong_jr/mlops/project/project/lib/python3.10/site-packages/airflow/example_dags/example_params_ui_tutorial.py for tasks to queue
[2024-03-13T00:28:34.880-0400] {logging_mixin.py:188} INFO - [2024-03-13T00:28:34.878-0400] {dagbag.py:540} INFO - Filling up the DagBag from /home/ironbong_jr/mlops/project/project/lib/python3.10/site-packages/airflow/example_dags/example_params_ui_tutorial.py
[2024-03-13T00:28:34.910-0400] {processor.py:840} INFO - DAG(s) 'example_params_ui_tutorial' retrieved from /home/ironbong_jr/mlops/project/project/lib/python3.10/site-packages/airflow/example_dags/example_params_ui_tutorial.py
[2024-03-13T00:28:34.923-0400] {logging_mixin.py:188} INFO - [2024-03-13T00:28:34.922-0400] {dag.py:3047} INFO - Sync 1 DAGs
[2024-03-13T00:28:34.948-0400] {logging_mixin.py:188} INFO - [2024-03-13T00:28:34.948-0400] {dag.py:3834} INFO - Setting next_dagrun for example_params_ui_tutorial to None, run_after=None
[2024-03-13T00:28:35.000-0400] {processor.py:183} INFO - Processing /home/ironbong_jr/mlops/project/project/lib/python3.10/site-packages/airflow/example_dags/example_params_ui_tutorial.py took 0.135 seconds
[2024-03-13T00:30:58.583-0400] {processor.py:161} INFO - Started process (PID=433082) to work on /home/ironbong_jr/mlops/project/project/lib/python3.10/site-packages/airflow/example_dags/example_params_ui_tutorial.py
[2024-03-13T00:30:58.630-0400] {processor.py:830} INFO - Processing file /home/ironbong_jr/mlops/project/project/lib/python3.10/site-packages/airflow/example_dags/example_params_ui_tutorial.py for tasks to queue
[2024-03-13T00:30:58.633-0400] {logging_mixin.py:188} INFO - [2024-03-13T00:30:58.632-0400] {dagbag.py:540} INFO - Filling up the DagBag from /home/ironbong_jr/mlops/project/project/lib/python3.10/site-packages/airflow/example_dags/example_params_ui_tutorial.py
[2024-03-13T00:30:58.652-0400] {processor.py:840} INFO - DAG(s) 'example_params_ui_tutorial' retrieved from /home/ironbong_jr/mlops/project/project/lib/python3.10/site-packages/airflow/example_dags/example_params_ui_tutorial.py
[2024-03-13T00:30:58.972-0400] {logging_mixin.py:188} INFO - [2024-03-13T00:30:58.972-0400] {dag.py:3047} INFO - Sync 1 DAGs
[2024-03-13T00:30:58.985-0400] {logging_mixin.py:188} INFO - [2024-03-13T00:30:58.985-0400] {dag.py:3834} INFO - Setting next_dagrun for example_params_ui_tutorial to None, run_after=None
[2024-03-13T00:30:59.102-0400] {processor.py:183} INFO - Processing /home/ironbong_jr/mlops/project/project/lib/python3.10/site-packages/airflow/example_dags/example_params_ui_tutorial.py took 0.527 seconds
[2024-03-13T00:31:54.100-0400] {processor.py:161} INFO - Started process (PID=433335) to work on /home/ironbong_jr/mlops/project/project/lib/python3.10/site-packages/airflow/example_dags/example_params_ui_tutorial.py
[2024-03-13T00:31:54.103-0400] {processor.py:830} INFO - Processing file /home/ironbong_jr/mlops/project/project/lib/python3.10/site-packages/airflow/example_dags/example_params_ui_tutorial.py for tasks to queue
[2024-03-13T00:31:54.105-0400] {logging_mixin.py:188} INFO - [2024-03-13T00:31:54.104-0400] {dagbag.py:540} INFO - Filling up the DagBag from /home/ironbong_jr/mlops/project/project/lib/python3.10/site-packages/airflow/example_dags/example_params_ui_tutorial.py
[2024-03-13T00:31:54.130-0400] {processor.py:840} INFO - DAG(s) 'example_params_ui_tutorial' retrieved from /home/ironbong_jr/mlops/project/project/lib/python3.10/site-packages/airflow/example_dags/example_params_ui_tutorial.py
[2024-03-13T00:31:54.226-0400] {logging_mixin.py:188} INFO - [2024-03-13T00:31:54.225-0400] {dag.py:3047} INFO - Sync 1 DAGs
[2024-03-13T00:31:54.574-0400] {logging_mixin.py:188} INFO - [2024-03-13T00:31:54.573-0400] {dag.py:3834} INFO - Setting next_dagrun for example_params_ui_tutorial to None, run_after=None
[2024-03-13T00:31:54.701-0400] {processor.py:183} INFO - Processing /home/ironbong_jr/mlops/project/project/lib/python3.10/site-packages/airflow/example_dags/example_params_ui_tutorial.py took 0.609 seconds
[2024-03-13T00:32:46.976-0400] {processor.py:161} INFO - Started process (PID=433589) to work on /home/ironbong_jr/mlops/project/project/lib/python3.10/site-packages/airflow/example_dags/example_params_ui_tutorial.py
[2024-03-13T00:32:47.031-0400] {processor.py:830} INFO - Processing file /home/ironbong_jr/mlops/project/project/lib/python3.10/site-packages/airflow/example_dags/example_params_ui_tutorial.py for tasks to queue
[2024-03-13T00:32:47.034-0400] {logging_mixin.py:188} INFO - [2024-03-13T00:32:47.033-0400] {dagbag.py:540} INFO - Filling up the DagBag from /home/ironbong_jr/mlops/project/project/lib/python3.10/site-packages/airflow/example_dags/example_params_ui_tutorial.py
[2024-03-13T00:32:47.332-0400] {processor.py:840} INFO - DAG(s) 'example_params_ui_tutorial' retrieved from /home/ironbong_jr/mlops/project/project/lib/python3.10/site-packages/airflow/example_dags/example_params_ui_tutorial.py
[2024-03-13T00:32:47.420-0400] {logging_mixin.py:188} INFO - [2024-03-13T00:32:47.420-0400] {dag.py:3047} INFO - Sync 1 DAGs
[2024-03-13T00:32:47.437-0400] {logging_mixin.py:188} INFO - [2024-03-13T00:32:47.436-0400] {dag.py:3834} INFO - Setting next_dagrun for example_params_ui_tutorial to None, run_after=None
[2024-03-13T00:32:47.523-0400] {processor.py:183} INFO - Processing /home/ironbong_jr/mlops/project/project/lib/python3.10/site-packages/airflow/example_dags/example_params_ui_tutorial.py took 0.553 seconds
[2024-03-13T00:35:09.926-0400] {processor.py:161} INFO - Started process (PID=434150) to work on /home/ironbong_jr/mlops/project/project/lib/python3.10/site-packages/airflow/example_dags/example_params_ui_tutorial.py
[2024-03-13T00:35:09.930-0400] {processor.py:830} INFO - Processing file /home/ironbong_jr/mlops/project/project/lib/python3.10/site-packages/airflow/example_dags/example_params_ui_tutorial.py for tasks to queue
[2024-03-13T00:35:09.932-0400] {logging_mixin.py:188} INFO - [2024-03-13T00:35:09.931-0400] {dagbag.py:540} INFO - Filling up the DagBag from /home/ironbong_jr/mlops/project/project/lib/python3.10/site-packages/airflow/example_dags/example_params_ui_tutorial.py
[2024-03-13T00:35:09.974-0400] {processor.py:840} INFO - DAG(s) 'example_params_ui_tutorial' retrieved from /home/ironbong_jr/mlops/project/project/lib/python3.10/site-packages/airflow/example_dags/example_params_ui_tutorial.py
[2024-03-13T00:35:10.074-0400] {logging_mixin.py:188} INFO - [2024-03-13T00:35:10.073-0400] {dag.py:3047} INFO - Sync 1 DAGs
[2024-03-13T00:35:10.094-0400] {logging_mixin.py:188} INFO - [2024-03-13T00:35:10.093-0400] {dag.py:3834} INFO - Setting next_dagrun for example_params_ui_tutorial to None, run_after=None
[2024-03-13T00:35:10.214-0400] {processor.py:183} INFO - Processing /home/ironbong_jr/mlops/project/project/lib/python3.10/site-packages/airflow/example_dags/example_params_ui_tutorial.py took 0.293 seconds
[2024-03-13T00:36:39.530-0400] {processor.py:161} INFO - Started process (PID=434539) to work on /home/ironbong_jr/mlops/project/project/lib/python3.10/site-packages/airflow/example_dags/example_params_ui_tutorial.py
[2024-03-13T00:36:39.580-0400] {processor.py:830} INFO - Processing file /home/ironbong_jr/mlops/project/project/lib/python3.10/site-packages/airflow/example_dags/example_params_ui_tutorial.py for tasks to queue
[2024-03-13T00:36:39.582-0400] {logging_mixin.py:188} INFO - [2024-03-13T00:36:39.581-0400] {dagbag.py:540} INFO - Filling up the DagBag from /home/ironbong_jr/mlops/project/project/lib/python3.10/site-packages/airflow/example_dags/example_params_ui_tutorial.py
[2024-03-13T00:36:39.606-0400] {processor.py:840} INFO - DAG(s) 'example_params_ui_tutorial' retrieved from /home/ironbong_jr/mlops/project/project/lib/python3.10/site-packages/airflow/example_dags/example_params_ui_tutorial.py
[2024-03-13T00:36:39.677-0400] {logging_mixin.py:188} INFO - [2024-03-13T00:36:39.677-0400] {dag.py:3047} INFO - Sync 1 DAGs
[2024-03-13T00:36:39.703-0400] {logging_mixin.py:188} INFO - [2024-03-13T00:36:39.703-0400] {dag.py:3834} INFO - Setting next_dagrun for example_params_ui_tutorial to None, run_after=None
[2024-03-13T00:36:39.827-0400] {processor.py:183} INFO - Processing /home/ironbong_jr/mlops/project/project/lib/python3.10/site-packages/airflow/example_dags/example_params_ui_tutorial.py took 0.303 seconds
[2024-03-13T00:38:48.271-0400] {processor.py:161} INFO - Started process (PID=435170) to work on /home/ironbong_jr/mlops/project/project/lib/python3.10/site-packages/airflow/example_dags/example_params_ui_tutorial.py
[2024-03-13T00:38:48.277-0400] {processor.py:830} INFO - Processing file /home/ironbong_jr/mlops/project/project/lib/python3.10/site-packages/airflow/example_dags/example_params_ui_tutorial.py for tasks to queue
[2024-03-13T00:38:48.278-0400] {logging_mixin.py:188} INFO - [2024-03-13T00:38:48.278-0400] {dagbag.py:540} INFO - Filling up the DagBag from /home/ironbong_jr/mlops/project/project/lib/python3.10/site-packages/airflow/example_dags/example_params_ui_tutorial.py
[2024-03-13T00:38:48.314-0400] {processor.py:840} INFO - DAG(s) 'example_params_ui_tutorial' retrieved from /home/ironbong_jr/mlops/project/project/lib/python3.10/site-packages/airflow/example_dags/example_params_ui_tutorial.py
[2024-03-13T00:38:48.388-0400] {logging_mixin.py:188} INFO - [2024-03-13T00:38:48.387-0400] {dag.py:3047} INFO - Sync 1 DAGs
[2024-03-13T00:38:48.408-0400] {logging_mixin.py:188} INFO - [2024-03-13T00:38:48.408-0400] {dag.py:3834} INFO - Setting next_dagrun for example_params_ui_tutorial to None, run_after=None
[2024-03-13T00:38:48.456-0400] {processor.py:183} INFO - Processing /home/ironbong_jr/mlops/project/project/lib/python3.10/site-packages/airflow/example_dags/example_params_ui_tutorial.py took 0.193 seconds
[2024-03-13T00:39:38.701-0400] {processor.py:161} INFO - Started process (PID=435385) to work on /home/ironbong_jr/mlops/project/project/lib/python3.10/site-packages/airflow/example_dags/example_params_ui_tutorial.py
[2024-03-13T00:39:38.768-0400] {processor.py:830} INFO - Processing file /home/ironbong_jr/mlops/project/project/lib/python3.10/site-packages/airflow/example_dags/example_params_ui_tutorial.py for tasks to queue
[2024-03-13T00:39:38.770-0400] {logging_mixin.py:188} INFO - [2024-03-13T00:39:38.769-0400] {dagbag.py:540} INFO - Filling up the DagBag from /home/ironbong_jr/mlops/project/project/lib/python3.10/site-packages/airflow/example_dags/example_params_ui_tutorial.py
[2024-03-13T00:39:38.803-0400] {processor.py:840} INFO - DAG(s) 'example_params_ui_tutorial' retrieved from /home/ironbong_jr/mlops/project/project/lib/python3.10/site-packages/airflow/example_dags/example_params_ui_tutorial.py
[2024-03-13T00:39:38.869-0400] {logging_mixin.py:188} INFO - [2024-03-13T00:39:38.868-0400] {dag.py:3047} INFO - Sync 1 DAGs
[2024-03-13T00:39:38.888-0400] {logging_mixin.py:188} INFO - [2024-03-13T00:39:38.887-0400] {dag.py:3834} INFO - Setting next_dagrun for example_params_ui_tutorial to None, run_after=None
[2024-03-13T00:39:38.960-0400] {processor.py:183} INFO - Processing /home/ironbong_jr/mlops/project/project/lib/python3.10/site-packages/airflow/example_dags/example_params_ui_tutorial.py took 0.270 seconds
[2024-03-13T00:41:03.984-0400] {processor.py:161} INFO - Started process (PID=435770) to work on /home/ironbong_jr/mlops/project/project/lib/python3.10/site-packages/airflow/example_dags/example_params_ui_tutorial.py
[2024-03-13T00:41:04.030-0400] {processor.py:830} INFO - Processing file /home/ironbong_jr/mlops/project/project/lib/python3.10/site-packages/airflow/example_dags/example_params_ui_tutorial.py for tasks to queue
[2024-03-13T00:41:04.033-0400] {logging_mixin.py:188} INFO - [2024-03-13T00:41:04.032-0400] {dagbag.py:540} INFO - Filling up the DagBag from /home/ironbong_jr/mlops/project/project/lib/python3.10/site-packages/airflow/example_dags/example_params_ui_tutorial.py
[2024-03-13T00:41:04.058-0400] {processor.py:840} INFO - DAG(s) 'example_params_ui_tutorial' retrieved from /home/ironbong_jr/mlops/project/project/lib/python3.10/site-packages/airflow/example_dags/example_params_ui_tutorial.py
[2024-03-13T00:41:04.122-0400] {logging_mixin.py:188} INFO - [2024-03-13T00:41:04.122-0400] {dag.py:3047} INFO - Sync 1 DAGs
[2024-03-13T00:41:04.141-0400] {logging_mixin.py:188} INFO - [2024-03-13T00:41:04.140-0400] {dag.py:3834} INFO - Setting next_dagrun for example_params_ui_tutorial to None, run_after=None
[2024-03-13T00:41:04.185-0400] {processor.py:183} INFO - Processing /home/ironbong_jr/mlops/project/project/lib/python3.10/site-packages/airflow/example_dags/example_params_ui_tutorial.py took 0.210 seconds
[2024-03-13T00:43:41.798-0400] {processor.py:161} INFO - Started process (PID=436517) to work on /home/ironbong_jr/mlops/project/project/lib/python3.10/site-packages/airflow/example_dags/example_params_ui_tutorial.py
[2024-03-13T00:43:41.801-0400] {processor.py:830} INFO - Processing file /home/ironbong_jr/mlops/project/project/lib/python3.10/site-packages/airflow/example_dags/example_params_ui_tutorial.py for tasks to queue
[2024-03-13T00:43:41.803-0400] {logging_mixin.py:188} INFO - [2024-03-13T00:43:41.802-0400] {dagbag.py:540} INFO - Filling up the DagBag from /home/ironbong_jr/mlops/project/project/lib/python3.10/site-packages/airflow/example_dags/example_params_ui_tutorial.py
[2024-03-13T00:43:41.823-0400] {processor.py:840} INFO - DAG(s) 'example_params_ui_tutorial' retrieved from /home/ironbong_jr/mlops/project/project/lib/python3.10/site-packages/airflow/example_dags/example_params_ui_tutorial.py
[2024-03-13T00:43:41.884-0400] {logging_mixin.py:188} INFO - [2024-03-13T00:43:41.884-0400] {dag.py:3047} INFO - Sync 1 DAGs
[2024-03-13T00:43:41.902-0400] {logging_mixin.py:188} INFO - [2024-03-13T00:43:41.901-0400] {dag.py:3834} INFO - Setting next_dagrun for example_params_ui_tutorial to None, run_after=None
[2024-03-13T00:43:41.943-0400] {processor.py:183} INFO - Processing /home/ironbong_jr/mlops/project/project/lib/python3.10/site-packages/airflow/example_dags/example_params_ui_tutorial.py took 0.152 seconds
[2024-03-13T00:44:40.414-0400] {processor.py:161} INFO - Started process (PID=436763) to work on /home/ironbong_jr/mlops/project/project/lib/python3.10/site-packages/airflow/example_dags/example_params_ui_tutorial.py
[2024-03-13T00:44:40.465-0400] {processor.py:830} INFO - Processing file /home/ironbong_jr/mlops/project/project/lib/python3.10/site-packages/airflow/example_dags/example_params_ui_tutorial.py for tasks to queue
[2024-03-13T00:44:40.467-0400] {logging_mixin.py:188} INFO - [2024-03-13T00:44:40.466-0400] {dagbag.py:540} INFO - Filling up the DagBag from /home/ironbong_jr/mlops/project/project/lib/python3.10/site-packages/airflow/example_dags/example_params_ui_tutorial.py
[2024-03-13T00:44:40.487-0400] {processor.py:840} INFO - DAG(s) 'example_params_ui_tutorial' retrieved from /home/ironbong_jr/mlops/project/project/lib/python3.10/site-packages/airflow/example_dags/example_params_ui_tutorial.py
[2024-03-13T00:44:40.543-0400] {logging_mixin.py:188} INFO - [2024-03-13T00:44:40.543-0400] {dag.py:3047} INFO - Sync 1 DAGs
[2024-03-13T00:44:40.557-0400] {logging_mixin.py:188} INFO - [2024-03-13T00:44:40.557-0400] {dag.py:3834} INFO - Setting next_dagrun for example_params_ui_tutorial to None, run_after=None
[2024-03-13T00:44:40.658-0400] {processor.py:183} INFO - Processing /home/ironbong_jr/mlops/project/project/lib/python3.10/site-packages/airflow/example_dags/example_params_ui_tutorial.py took 0.252 seconds
[2024-03-13T15:48:52.403-0400] {processor.py:161} INFO - Started process (PID=453642) to work on /home/ironbong_jr/mlops/project/project/lib/python3.10/site-packages/airflow/example_dags/example_params_ui_tutorial.py
[2024-03-13T15:48:52.406-0400] {processor.py:830} INFO - Processing file /home/ironbong_jr/mlops/project/project/lib/python3.10/site-packages/airflow/example_dags/example_params_ui_tutorial.py for tasks to queue
[2024-03-13T15:48:52.407-0400] {logging_mixin.py:188} INFO - [2024-03-13T15:48:52.407-0400] {dagbag.py:540} INFO - Filling up the DagBag from /home/ironbong_jr/mlops/project/project/lib/python3.10/site-packages/airflow/example_dags/example_params_ui_tutorial.py
[2024-03-13T15:48:52.415-0400] {processor.py:840} INFO - DAG(s) 'example_params_ui_tutorial' retrieved from /home/ironbong_jr/mlops/project/project/lib/python3.10/site-packages/airflow/example_dags/example_params_ui_tutorial.py
[2024-03-13T15:48:52.419-0400] {logging_mixin.py:188} INFO - [2024-03-13T15:48:52.419-0400] {dag.py:3047} INFO - Sync 1 DAGs
[2024-03-13T15:48:52.427-0400] {logging_mixin.py:188} INFO - [2024-03-13T15:48:52.427-0400] {dag.py:3834} INFO - Setting next_dagrun for example_params_ui_tutorial to None, run_after=None
[2024-03-13T15:48:52.448-0400] {processor.py:183} INFO - Processing /home/ironbong_jr/mlops/project/project/lib/python3.10/site-packages/airflow/example_dags/example_params_ui_tutorial.py took 0.047 seconds
[2024-03-13T15:49:51.383-0400] {processor.py:161} INFO - Started process (PID=453950) to work on /home/ironbong_jr/mlops/project/project/lib/python3.10/site-packages/airflow/example_dags/example_params_ui_tutorial.py
[2024-03-13T15:49:51.385-0400] {processor.py:830} INFO - Processing file /home/ironbong_jr/mlops/project/project/lib/python3.10/site-packages/airflow/example_dags/example_params_ui_tutorial.py for tasks to queue
[2024-03-13T15:49:51.387-0400] {logging_mixin.py:188} INFO - [2024-03-13T15:49:51.386-0400] {dagbag.py:540} INFO - Filling up the DagBag from /home/ironbong_jr/mlops/project/project/lib/python3.10/site-packages/airflow/example_dags/example_params_ui_tutorial.py
[2024-03-13T15:49:51.398-0400] {processor.py:840} INFO - DAG(s) 'example_params_ui_tutorial' retrieved from /home/ironbong_jr/mlops/project/project/lib/python3.10/site-packages/airflow/example_dags/example_params_ui_tutorial.py
[2024-03-13T15:49:51.562-0400] {logging_mixin.py:188} INFO - [2024-03-13T15:49:51.562-0400] {dag.py:3047} INFO - Sync 1 DAGs
[2024-03-13T15:49:51.569-0400] {logging_mixin.py:188} INFO - [2024-03-13T15:49:51.569-0400] {dag.py:3834} INFO - Setting next_dagrun for example_params_ui_tutorial to None, run_after=None
[2024-03-13T15:49:51.597-0400] {processor.py:183} INFO - Processing /home/ironbong_jr/mlops/project/project/lib/python3.10/site-packages/airflow/example_dags/example_params_ui_tutorial.py took 0.217 seconds
[2024-03-13T15:51:02.157-0400] {processor.py:161} INFO - Started process (PID=454372) to work on /home/ironbong_jr/mlops/project/project/lib/python3.10/site-packages/airflow/example_dags/example_params_ui_tutorial.py
[2024-03-13T15:51:02.158-0400] {processor.py:830} INFO - Processing file /home/ironbong_jr/mlops/project/project/lib/python3.10/site-packages/airflow/example_dags/example_params_ui_tutorial.py for tasks to queue
[2024-03-13T15:51:02.159-0400] {logging_mixin.py:188} INFO - [2024-03-13T15:51:02.159-0400] {dagbag.py:540} INFO - Filling up the DagBag from /home/ironbong_jr/mlops/project/project/lib/python3.10/site-packages/airflow/example_dags/example_params_ui_tutorial.py
[2024-03-13T15:51:02.167-0400] {processor.py:840} INFO - DAG(s) 'example_params_ui_tutorial' retrieved from /home/ironbong_jr/mlops/project/project/lib/python3.10/site-packages/airflow/example_dags/example_params_ui_tutorial.py
[2024-03-13T15:51:02.198-0400] {logging_mixin.py:188} INFO - [2024-03-13T15:51:02.198-0400] {dag.py:3047} INFO - Sync 1 DAGs
[2024-03-13T15:51:02.301-0400] {logging_mixin.py:188} INFO - [2024-03-13T15:51:02.301-0400] {dag.py:3834} INFO - Setting next_dagrun for example_params_ui_tutorial to None, run_after=None
[2024-03-13T15:51:02.324-0400] {processor.py:183} INFO - Processing /home/ironbong_jr/mlops/project/project/lib/python3.10/site-packages/airflow/example_dags/example_params_ui_tutorial.py took 0.169 seconds
[2024-03-13T15:51:57.838-0400] {processor.py:161} INFO - Started process (PID=454663) to work on /home/ironbong_jr/mlops/project/project/lib/python3.10/site-packages/airflow/example_dags/example_params_ui_tutorial.py
[2024-03-13T15:51:57.839-0400] {processor.py:830} INFO - Processing file /home/ironbong_jr/mlops/project/project/lib/python3.10/site-packages/airflow/example_dags/example_params_ui_tutorial.py for tasks to queue
[2024-03-13T15:51:57.840-0400] {logging_mixin.py:188} INFO - [2024-03-13T15:51:57.840-0400] {dagbag.py:540} INFO - Filling up the DagBag from /home/ironbong_jr/mlops/project/project/lib/python3.10/site-packages/airflow/example_dags/example_params_ui_tutorial.py
[2024-03-13T15:51:57.848-0400] {processor.py:840} INFO - DAG(s) 'example_params_ui_tutorial' retrieved from /home/ironbong_jr/mlops/project/project/lib/python3.10/site-packages/airflow/example_dags/example_params_ui_tutorial.py
[2024-03-13T15:51:57.872-0400] {logging_mixin.py:188} INFO - [2024-03-13T15:51:57.872-0400] {dag.py:3047} INFO - Sync 1 DAGs
[2024-03-13T15:51:57.879-0400] {logging_mixin.py:188} INFO - [2024-03-13T15:51:57.879-0400] {dag.py:3834} INFO - Setting next_dagrun for example_params_ui_tutorial to None, run_after=None
[2024-03-13T15:51:57.902-0400] {processor.py:183} INFO - Processing /home/ironbong_jr/mlops/project/project/lib/python3.10/site-packages/airflow/example_dags/example_params_ui_tutorial.py took 0.067 seconds
[2024-03-13T15:52:51.216-0400] {processor.py:161} INFO - Started process (PID=454942) to work on /home/ironbong_jr/mlops/project/project/lib/python3.10/site-packages/airflow/example_dags/example_params_ui_tutorial.py
[2024-03-13T15:52:51.217-0400] {processor.py:830} INFO - Processing file /home/ironbong_jr/mlops/project/project/lib/python3.10/site-packages/airflow/example_dags/example_params_ui_tutorial.py for tasks to queue
[2024-03-13T15:52:51.218-0400] {logging_mixin.py:188} INFO - [2024-03-13T15:52:51.218-0400] {dagbag.py:540} INFO - Filling up the DagBag from /home/ironbong_jr/mlops/project/project/lib/python3.10/site-packages/airflow/example_dags/example_params_ui_tutorial.py
[2024-03-13T15:52:51.227-0400] {processor.py:840} INFO - DAG(s) 'example_params_ui_tutorial' retrieved from /home/ironbong_jr/mlops/project/project/lib/python3.10/site-packages/airflow/example_dags/example_params_ui_tutorial.py
[2024-03-13T15:52:51.252-0400] {logging_mixin.py:188} INFO - [2024-03-13T15:52:51.251-0400] {dag.py:3047} INFO - Sync 1 DAGs
[2024-03-13T15:52:51.258-0400] {logging_mixin.py:188} INFO - [2024-03-13T15:52:51.258-0400] {dag.py:3834} INFO - Setting next_dagrun for example_params_ui_tutorial to None, run_after=None
[2024-03-13T15:52:51.282-0400] {processor.py:183} INFO - Processing /home/ironbong_jr/mlops/project/project/lib/python3.10/site-packages/airflow/example_dags/example_params_ui_tutorial.py took 0.069 seconds
[2024-03-13T15:53:40.489-0400] {processor.py:161} INFO - Started process (PID=455199) to work on /home/ironbong_jr/mlops/project/project/lib/python3.10/site-packages/airflow/example_dags/example_params_ui_tutorial.py
[2024-03-13T15:53:40.493-0400] {processor.py:830} INFO - Processing file /home/ironbong_jr/mlops/project/project/lib/python3.10/site-packages/airflow/example_dags/example_params_ui_tutorial.py for tasks to queue
[2024-03-13T15:53:40.494-0400] {logging_mixin.py:188} INFO - [2024-03-13T15:53:40.493-0400] {dagbag.py:540} INFO - Filling up the DagBag from /home/ironbong_jr/mlops/project/project/lib/python3.10/site-packages/airflow/example_dags/example_params_ui_tutorial.py
[2024-03-13T15:53:40.503-0400] {processor.py:840} INFO - DAG(s) 'example_params_ui_tutorial' retrieved from /home/ironbong_jr/mlops/project/project/lib/python3.10/site-packages/airflow/example_dags/example_params_ui_tutorial.py
[2024-03-13T15:53:40.531-0400] {logging_mixin.py:188} INFO - [2024-03-13T15:53:40.531-0400] {dag.py:3047} INFO - Sync 1 DAGs
[2024-03-13T15:53:40.539-0400] {logging_mixin.py:188} INFO - [2024-03-13T15:53:40.538-0400] {dag.py:3834} INFO - Setting next_dagrun for example_params_ui_tutorial to None, run_after=None
[2024-03-13T15:53:40.560-0400] {processor.py:183} INFO - Processing /home/ironbong_jr/mlops/project/project/lib/python3.10/site-packages/airflow/example_dags/example_params_ui_tutorial.py took 0.073 seconds
[2024-03-13T15:54:30.002-0400] {processor.py:161} INFO - Started process (PID=455448) to work on /home/ironbong_jr/mlops/project/project/lib/python3.10/site-packages/airflow/example_dags/example_params_ui_tutorial.py
[2024-03-13T15:54:30.006-0400] {processor.py:830} INFO - Processing file /home/ironbong_jr/mlops/project/project/lib/python3.10/site-packages/airflow/example_dags/example_params_ui_tutorial.py for tasks to queue
[2024-03-13T15:54:30.006-0400] {logging_mixin.py:188} INFO - [2024-03-13T15:54:30.006-0400] {dagbag.py:540} INFO - Filling up the DagBag from /home/ironbong_jr/mlops/project/project/lib/python3.10/site-packages/airflow/example_dags/example_params_ui_tutorial.py
[2024-03-13T15:54:30.014-0400] {processor.py:840} INFO - DAG(s) 'example_params_ui_tutorial' retrieved from /home/ironbong_jr/mlops/project/project/lib/python3.10/site-packages/airflow/example_dags/example_params_ui_tutorial.py
[2024-03-13T15:54:30.041-0400] {logging_mixin.py:188} INFO - [2024-03-13T15:54:30.041-0400] {dag.py:3047} INFO - Sync 1 DAGs
[2024-03-13T15:54:30.052-0400] {logging_mixin.py:188} INFO - [2024-03-13T15:54:30.052-0400] {dag.py:3834} INFO - Setting next_dagrun for example_params_ui_tutorial to None, run_after=None
[2024-03-13T15:54:30.077-0400] {processor.py:183} INFO - Processing /home/ironbong_jr/mlops/project/project/lib/python3.10/site-packages/airflow/example_dags/example_params_ui_tutorial.py took 0.076 seconds
[2024-03-13T15:55:23.857-0400] {processor.py:161} INFO - Started process (PID=455714) to work on /home/ironbong_jr/mlops/project/project/lib/python3.10/site-packages/airflow/example_dags/example_params_ui_tutorial.py
[2024-03-13T15:55:23.859-0400] {processor.py:830} INFO - Processing file /home/ironbong_jr/mlops/project/project/lib/python3.10/site-packages/airflow/example_dags/example_params_ui_tutorial.py for tasks to queue
[2024-03-13T15:55:23.860-0400] {logging_mixin.py:188} INFO - [2024-03-13T15:55:23.860-0400] {dagbag.py:540} INFO - Filling up the DagBag from /home/ironbong_jr/mlops/project/project/lib/python3.10/site-packages/airflow/example_dags/example_params_ui_tutorial.py
[2024-03-13T15:55:23.869-0400] {processor.py:840} INFO - DAG(s) 'example_params_ui_tutorial' retrieved from /home/ironbong_jr/mlops/project/project/lib/python3.10/site-packages/airflow/example_dags/example_params_ui_tutorial.py
[2024-03-13T15:55:23.893-0400] {logging_mixin.py:188} INFO - [2024-03-13T15:55:23.893-0400] {dag.py:3047} INFO - Sync 1 DAGs
[2024-03-13T15:55:23.899-0400] {logging_mixin.py:188} INFO - [2024-03-13T15:55:23.899-0400] {dag.py:3834} INFO - Setting next_dagrun for example_params_ui_tutorial to None, run_after=None
[2024-03-13T15:55:23.920-0400] {processor.py:183} INFO - Processing /home/ironbong_jr/mlops/project/project/lib/python3.10/site-packages/airflow/example_dags/example_params_ui_tutorial.py took 0.065 seconds
[2024-03-13T15:56:12.935-0400] {processor.py:161} INFO - Started process (PID=455966) to work on /home/ironbong_jr/mlops/project/project/lib/python3.10/site-packages/airflow/example_dags/example_params_ui_tutorial.py
[2024-03-13T15:56:12.937-0400] {processor.py:830} INFO - Processing file /home/ironbong_jr/mlops/project/project/lib/python3.10/site-packages/airflow/example_dags/example_params_ui_tutorial.py for tasks to queue
[2024-03-13T15:56:12.938-0400] {logging_mixin.py:188} INFO - [2024-03-13T15:56:12.937-0400] {dagbag.py:540} INFO - Filling up the DagBag from /home/ironbong_jr/mlops/project/project/lib/python3.10/site-packages/airflow/example_dags/example_params_ui_tutorial.py
[2024-03-13T15:56:12.945-0400] {processor.py:840} INFO - DAG(s) 'example_params_ui_tutorial' retrieved from /home/ironbong_jr/mlops/project/project/lib/python3.10/site-packages/airflow/example_dags/example_params_ui_tutorial.py
[2024-03-13T15:56:12.967-0400] {logging_mixin.py:188} INFO - [2024-03-13T15:56:12.967-0400] {dag.py:3047} INFO - Sync 1 DAGs
[2024-03-13T15:56:12.973-0400] {logging_mixin.py:188} INFO - [2024-03-13T15:56:12.973-0400] {dag.py:3834} INFO - Setting next_dagrun for example_params_ui_tutorial to None, run_after=None
[2024-03-13T15:56:12.993-0400] {processor.py:183} INFO - Processing /home/ironbong_jr/mlops/project/project/lib/python3.10/site-packages/airflow/example_dags/example_params_ui_tutorial.py took 0.061 seconds
[2024-03-13T15:57:01.539-0400] {processor.py:161} INFO - Started process (PID=456228) to work on /home/ironbong_jr/mlops/project/project/lib/python3.10/site-packages/airflow/example_dags/example_params_ui_tutorial.py
[2024-03-13T15:57:01.542-0400] {processor.py:830} INFO - Processing file /home/ironbong_jr/mlops/project/project/lib/python3.10/site-packages/airflow/example_dags/example_params_ui_tutorial.py for tasks to queue
[2024-03-13T15:57:01.543-0400] {logging_mixin.py:188} INFO - [2024-03-13T15:57:01.543-0400] {dagbag.py:540} INFO - Filling up the DagBag from /home/ironbong_jr/mlops/project/project/lib/python3.10/site-packages/airflow/example_dags/example_params_ui_tutorial.py
[2024-03-13T15:57:01.551-0400] {processor.py:840} INFO - DAG(s) 'example_params_ui_tutorial' retrieved from /home/ironbong_jr/mlops/project/project/lib/python3.10/site-packages/airflow/example_dags/example_params_ui_tutorial.py
[2024-03-13T15:57:01.574-0400] {logging_mixin.py:188} INFO - [2024-03-13T15:57:01.574-0400] {dag.py:3047} INFO - Sync 1 DAGs
[2024-03-13T15:57:01.580-0400] {logging_mixin.py:188} INFO - [2024-03-13T15:57:01.580-0400] {dag.py:3834} INFO - Setting next_dagrun for example_params_ui_tutorial to None, run_after=None
[2024-03-13T15:57:01.603-0400] {processor.py:183} INFO - Processing /home/ironbong_jr/mlops/project/project/lib/python3.10/site-packages/airflow/example_dags/example_params_ui_tutorial.py took 0.066 seconds
[2024-03-13T15:57:53.334-0400] {processor.py:161} INFO - Started process (PID=456528) to work on /home/ironbong_jr/mlops/project/project/lib/python3.10/site-packages/airflow/example_dags/example_params_ui_tutorial.py
[2024-03-13T15:57:53.337-0400] {processor.py:830} INFO - Processing file /home/ironbong_jr/mlops/project/project/lib/python3.10/site-packages/airflow/example_dags/example_params_ui_tutorial.py for tasks to queue
[2024-03-13T15:57:53.339-0400] {logging_mixin.py:188} INFO - [2024-03-13T15:57:53.338-0400] {dagbag.py:540} INFO - Filling up the DagBag from /home/ironbong_jr/mlops/project/project/lib/python3.10/site-packages/airflow/example_dags/example_params_ui_tutorial.py
[2024-03-13T15:57:53.348-0400] {processor.py:840} INFO - DAG(s) 'example_params_ui_tutorial' retrieved from /home/ironbong_jr/mlops/project/project/lib/python3.10/site-packages/airflow/example_dags/example_params_ui_tutorial.py
[2024-03-13T15:57:53.377-0400] {logging_mixin.py:188} INFO - [2024-03-13T15:57:53.377-0400] {dag.py:3047} INFO - Sync 1 DAGs
[2024-03-13T15:57:53.385-0400] {logging_mixin.py:188} INFO - [2024-03-13T15:57:53.385-0400] {dag.py:3834} INFO - Setting next_dagrun for example_params_ui_tutorial to None, run_after=None
[2024-03-13T15:57:53.408-0400] {processor.py:183} INFO - Processing /home/ironbong_jr/mlops/project/project/lib/python3.10/site-packages/airflow/example_dags/example_params_ui_tutorial.py took 0.077 seconds
[2024-03-13T15:58:46.088-0400] {processor.py:161} INFO - Started process (PID=456788) to work on /home/ironbong_jr/mlops/project/project/lib/python3.10/site-packages/airflow/example_dags/example_params_ui_tutorial.py
[2024-03-13T15:58:46.090-0400] {processor.py:830} INFO - Processing file /home/ironbong_jr/mlops/project/project/lib/python3.10/site-packages/airflow/example_dags/example_params_ui_tutorial.py for tasks to queue
[2024-03-13T15:58:46.091-0400] {logging_mixin.py:188} INFO - [2024-03-13T15:58:46.091-0400] {dagbag.py:540} INFO - Filling up the DagBag from /home/ironbong_jr/mlops/project/project/lib/python3.10/site-packages/airflow/example_dags/example_params_ui_tutorial.py
[2024-03-13T15:58:46.105-0400] {processor.py:840} INFO - DAG(s) 'example_params_ui_tutorial' retrieved from /home/ironbong_jr/mlops/project/project/lib/python3.10/site-packages/airflow/example_dags/example_params_ui_tutorial.py
[2024-03-13T15:58:46.139-0400] {logging_mixin.py:188} INFO - [2024-03-13T15:58:46.138-0400] {dag.py:3047} INFO - Sync 1 DAGs
[2024-03-13T15:58:46.146-0400] {logging_mixin.py:188} INFO - [2024-03-13T15:58:46.146-0400] {dag.py:3834} INFO - Setting next_dagrun for example_params_ui_tutorial to None, run_after=None
[2024-03-13T15:58:46.167-0400] {processor.py:183} INFO - Processing /home/ironbong_jr/mlops/project/project/lib/python3.10/site-packages/airflow/example_dags/example_params_ui_tutorial.py took 0.082 seconds
[2024-03-13T15:59:36.673-0400] {processor.py:161} INFO - Started process (PID=457041) to work on /home/ironbong_jr/mlops/project/project/lib/python3.10/site-packages/airflow/example_dags/example_params_ui_tutorial.py
[2024-03-13T15:59:36.677-0400] {processor.py:830} INFO - Processing file /home/ironbong_jr/mlops/project/project/lib/python3.10/site-packages/airflow/example_dags/example_params_ui_tutorial.py for tasks to queue
[2024-03-13T15:59:36.677-0400] {logging_mixin.py:188} INFO - [2024-03-13T15:59:36.677-0400] {dagbag.py:540} INFO - Filling up the DagBag from /home/ironbong_jr/mlops/project/project/lib/python3.10/site-packages/airflow/example_dags/example_params_ui_tutorial.py
[2024-03-13T15:59:36.685-0400] {processor.py:840} INFO - DAG(s) 'example_params_ui_tutorial' retrieved from /home/ironbong_jr/mlops/project/project/lib/python3.10/site-packages/airflow/example_dags/example_params_ui_tutorial.py
[2024-03-13T15:59:36.709-0400] {logging_mixin.py:188} INFO - [2024-03-13T15:59:36.709-0400] {dag.py:3047} INFO - Sync 1 DAGs
[2024-03-13T15:59:36.715-0400] {logging_mixin.py:188} INFO - [2024-03-13T15:59:36.715-0400] {dag.py:3834} INFO - Setting next_dagrun for example_params_ui_tutorial to None, run_after=None
[2024-03-13T15:59:36.737-0400] {processor.py:183} INFO - Processing /home/ironbong_jr/mlops/project/project/lib/python3.10/site-packages/airflow/example_dags/example_params_ui_tutorial.py took 0.066 seconds
[2024-03-13T16:00:28.034-0400] {processor.py:161} INFO - Started process (PID=457286) to work on /home/ironbong_jr/mlops/project/project/lib/python3.10/site-packages/airflow/example_dags/example_params_ui_tutorial.py
[2024-03-13T16:00:28.037-0400] {processor.py:830} INFO - Processing file /home/ironbong_jr/mlops/project/project/lib/python3.10/site-packages/airflow/example_dags/example_params_ui_tutorial.py for tasks to queue
[2024-03-13T16:00:28.038-0400] {logging_mixin.py:188} INFO - [2024-03-13T16:00:28.038-0400] {dagbag.py:540} INFO - Filling up the DagBag from /home/ironbong_jr/mlops/project/project/lib/python3.10/site-packages/airflow/example_dags/example_params_ui_tutorial.py
[2024-03-13T16:00:28.045-0400] {processor.py:840} INFO - DAG(s) 'example_params_ui_tutorial' retrieved from /home/ironbong_jr/mlops/project/project/lib/python3.10/site-packages/airflow/example_dags/example_params_ui_tutorial.py
[2024-03-13T16:00:28.068-0400] {logging_mixin.py:188} INFO - [2024-03-13T16:00:28.068-0400] {dag.py:3047} INFO - Sync 1 DAGs
[2024-03-13T16:00:28.074-0400] {logging_mixin.py:188} INFO - [2024-03-13T16:00:28.074-0400] {dag.py:3834} INFO - Setting next_dagrun for example_params_ui_tutorial to None, run_after=None
[2024-03-13T16:00:28.103-0400] {processor.py:183} INFO - Processing /home/ironbong_jr/mlops/project/project/lib/python3.10/site-packages/airflow/example_dags/example_params_ui_tutorial.py took 0.071 seconds
[2024-03-13T16:01:19.049-0400] {processor.py:161} INFO - Started process (PID=457547) to work on /home/ironbong_jr/mlops/project/project/lib/python3.10/site-packages/airflow/example_dags/example_params_ui_tutorial.py
[2024-03-13T16:01:19.052-0400] {processor.py:830} INFO - Processing file /home/ironbong_jr/mlops/project/project/lib/python3.10/site-packages/airflow/example_dags/example_params_ui_tutorial.py for tasks to queue
[2024-03-13T16:01:19.053-0400] {logging_mixin.py:188} INFO - [2024-03-13T16:01:19.052-0400] {dagbag.py:540} INFO - Filling up the DagBag from /home/ironbong_jr/mlops/project/project/lib/python3.10/site-packages/airflow/example_dags/example_params_ui_tutorial.py
[2024-03-13T16:01:19.064-0400] {processor.py:840} INFO - DAG(s) 'example_params_ui_tutorial' retrieved from /home/ironbong_jr/mlops/project/project/lib/python3.10/site-packages/airflow/example_dags/example_params_ui_tutorial.py
[2024-03-13T16:01:19.094-0400] {logging_mixin.py:188} INFO - [2024-03-13T16:01:19.093-0400] {dag.py:3047} INFO - Sync 1 DAGs
[2024-03-13T16:01:19.103-0400] {logging_mixin.py:188} INFO - [2024-03-13T16:01:19.102-0400] {dag.py:3834} INFO - Setting next_dagrun for example_params_ui_tutorial to None, run_after=None
[2024-03-13T16:01:19.125-0400] {processor.py:183} INFO - Processing /home/ironbong_jr/mlops/project/project/lib/python3.10/site-packages/airflow/example_dags/example_params_ui_tutorial.py took 0.079 seconds
[2024-03-13T16:02:10.139-0400] {processor.py:161} INFO - Started process (PID=457832) to work on /home/ironbong_jr/mlops/project/project/lib/python3.10/site-packages/airflow/example_dags/example_params_ui_tutorial.py
[2024-03-13T16:02:10.141-0400] {processor.py:830} INFO - Processing file /home/ironbong_jr/mlops/project/project/lib/python3.10/site-packages/airflow/example_dags/example_params_ui_tutorial.py for tasks to queue
[2024-03-13T16:02:10.142-0400] {logging_mixin.py:188} INFO - [2024-03-13T16:02:10.142-0400] {dagbag.py:540} INFO - Filling up the DagBag from /home/ironbong_jr/mlops/project/project/lib/python3.10/site-packages/airflow/example_dags/example_params_ui_tutorial.py
[2024-03-13T16:02:10.156-0400] {processor.py:840} INFO - DAG(s) 'example_params_ui_tutorial' retrieved from /home/ironbong_jr/mlops/project/project/lib/python3.10/site-packages/airflow/example_dags/example_params_ui_tutorial.py
[2024-03-13T16:02:10.193-0400] {logging_mixin.py:188} INFO - [2024-03-13T16:02:10.193-0400] {dag.py:3047} INFO - Sync 1 DAGs
[2024-03-13T16:02:10.202-0400] {logging_mixin.py:188} INFO - [2024-03-13T16:02:10.201-0400] {dag.py:3834} INFO - Setting next_dagrun for example_params_ui_tutorial to None, run_after=None
[2024-03-13T16:02:10.227-0400] {processor.py:183} INFO - Processing /home/ironbong_jr/mlops/project/project/lib/python3.10/site-packages/airflow/example_dags/example_params_ui_tutorial.py took 0.092 seconds
[2024-03-13T16:02:58.449-0400] {processor.py:161} INFO - Started process (PID=458068) to work on /home/ironbong_jr/mlops/project/project/lib/python3.10/site-packages/airflow/example_dags/example_params_ui_tutorial.py
[2024-03-13T16:02:58.450-0400] {processor.py:830} INFO - Processing file /home/ironbong_jr/mlops/project/project/lib/python3.10/site-packages/airflow/example_dags/example_params_ui_tutorial.py for tasks to queue
[2024-03-13T16:02:58.451-0400] {logging_mixin.py:188} INFO - [2024-03-13T16:02:58.451-0400] {dagbag.py:540} INFO - Filling up the DagBag from /home/ironbong_jr/mlops/project/project/lib/python3.10/site-packages/airflow/example_dags/example_params_ui_tutorial.py
[2024-03-13T16:02:58.459-0400] {processor.py:840} INFO - DAG(s) 'example_params_ui_tutorial' retrieved from /home/ironbong_jr/mlops/project/project/lib/python3.10/site-packages/airflow/example_dags/example_params_ui_tutorial.py
[2024-03-13T16:02:58.483-0400] {logging_mixin.py:188} INFO - [2024-03-13T16:02:58.483-0400] {dag.py:3047} INFO - Sync 1 DAGs
[2024-03-13T16:02:58.490-0400] {logging_mixin.py:188} INFO - [2024-03-13T16:02:58.490-0400] {dag.py:3834} INFO - Setting next_dagrun for example_params_ui_tutorial to None, run_after=None
[2024-03-13T16:02:58.515-0400] {processor.py:183} INFO - Processing /home/ironbong_jr/mlops/project/project/lib/python3.10/site-packages/airflow/example_dags/example_params_ui_tutorial.py took 0.069 seconds
[2024-03-13T16:03:57.160-0400] {processor.py:161} INFO - Started process (PID=458412) to work on /home/ironbong_jr/mlops/project/project/lib/python3.10/site-packages/airflow/example_dags/example_params_ui_tutorial.py
[2024-03-13T16:03:57.163-0400] {processor.py:830} INFO - Processing file /home/ironbong_jr/mlops/project/project/lib/python3.10/site-packages/airflow/example_dags/example_params_ui_tutorial.py for tasks to queue
[2024-03-13T16:03:57.164-0400] {logging_mixin.py:188} INFO - [2024-03-13T16:03:57.164-0400] {dagbag.py:540} INFO - Filling up the DagBag from /home/ironbong_jr/mlops/project/project/lib/python3.10/site-packages/airflow/example_dags/example_params_ui_tutorial.py
[2024-03-13T16:03:57.173-0400] {processor.py:840} INFO - DAG(s) 'example_params_ui_tutorial' retrieved from /home/ironbong_jr/mlops/project/project/lib/python3.10/site-packages/airflow/example_dags/example_params_ui_tutorial.py
[2024-03-13T16:03:57.198-0400] {logging_mixin.py:188} INFO - [2024-03-13T16:03:57.197-0400] {dag.py:3047} INFO - Sync 1 DAGs
[2024-03-13T16:03:57.204-0400] {logging_mixin.py:188} INFO - [2024-03-13T16:03:57.204-0400] {dag.py:3834} INFO - Setting next_dagrun for example_params_ui_tutorial to None, run_after=None
[2024-03-13T16:03:57.229-0400] {processor.py:183} INFO - Processing /home/ironbong_jr/mlops/project/project/lib/python3.10/site-packages/airflow/example_dags/example_params_ui_tutorial.py took 0.072 seconds
[2024-03-13T16:04:57.154-0400] {processor.py:161} INFO - Started process (PID=458747) to work on /home/ironbong_jr/mlops/project/project/lib/python3.10/site-packages/airflow/example_dags/example_params_ui_tutorial.py
[2024-03-13T16:04:57.157-0400] {processor.py:830} INFO - Processing file /home/ironbong_jr/mlops/project/project/lib/python3.10/site-packages/airflow/example_dags/example_params_ui_tutorial.py for tasks to queue
[2024-03-13T16:04:57.158-0400] {logging_mixin.py:188} INFO - [2024-03-13T16:04:57.158-0400] {dagbag.py:540} INFO - Filling up the DagBag from /home/ironbong_jr/mlops/project/project/lib/python3.10/site-packages/airflow/example_dags/example_params_ui_tutorial.py
[2024-03-13T16:04:57.166-0400] {processor.py:840} INFO - DAG(s) 'example_params_ui_tutorial' retrieved from /home/ironbong_jr/mlops/project/project/lib/python3.10/site-packages/airflow/example_dags/example_params_ui_tutorial.py
[2024-03-13T16:04:57.188-0400] {logging_mixin.py:188} INFO - [2024-03-13T16:04:57.188-0400] {dag.py:3047} INFO - Sync 1 DAGs
[2024-03-13T16:04:57.195-0400] {logging_mixin.py:188} INFO - [2024-03-13T16:04:57.195-0400] {dag.py:3834} INFO - Setting next_dagrun for example_params_ui_tutorial to None, run_after=None
[2024-03-13T16:04:57.221-0400] {processor.py:183} INFO - Processing /home/ironbong_jr/mlops/project/project/lib/python3.10/site-packages/airflow/example_dags/example_params_ui_tutorial.py took 0.069 seconds
[2024-03-13T16:05:44.411-0400] {processor.py:161} INFO - Started process (PID=458979) to work on /home/ironbong_jr/mlops/project/project/lib/python3.10/site-packages/airflow/example_dags/example_params_ui_tutorial.py
[2024-03-13T16:05:44.413-0400] {processor.py:830} INFO - Processing file /home/ironbong_jr/mlops/project/project/lib/python3.10/site-packages/airflow/example_dags/example_params_ui_tutorial.py for tasks to queue
[2024-03-13T16:05:44.414-0400] {logging_mixin.py:188} INFO - [2024-03-13T16:05:44.414-0400] {dagbag.py:540} INFO - Filling up the DagBag from /home/ironbong_jr/mlops/project/project/lib/python3.10/site-packages/airflow/example_dags/example_params_ui_tutorial.py
[2024-03-13T16:05:44.421-0400] {processor.py:840} INFO - DAG(s) 'example_params_ui_tutorial' retrieved from /home/ironbong_jr/mlops/project/project/lib/python3.10/site-packages/airflow/example_dags/example_params_ui_tutorial.py
[2024-03-13T16:05:44.451-0400] {logging_mixin.py:188} INFO - [2024-03-13T16:05:44.451-0400] {dag.py:3047} INFO - Sync 1 DAGs
[2024-03-13T16:05:44.457-0400] {logging_mixin.py:188} INFO - [2024-03-13T16:05:44.457-0400] {dag.py:3834} INFO - Setting next_dagrun for example_params_ui_tutorial to None, run_after=None
[2024-03-13T16:05:44.478-0400] {processor.py:183} INFO - Processing /home/ironbong_jr/mlops/project/project/lib/python3.10/site-packages/airflow/example_dags/example_params_ui_tutorial.py took 0.069 seconds
[2024-03-13T16:06:35.032-0400] {processor.py:161} INFO - Started process (PID=459239) to work on /home/ironbong_jr/mlops/project/project/lib/python3.10/site-packages/airflow/example_dags/example_params_ui_tutorial.py
[2024-03-13T16:06:35.033-0400] {processor.py:830} INFO - Processing file /home/ironbong_jr/mlops/project/project/lib/python3.10/site-packages/airflow/example_dags/example_params_ui_tutorial.py for tasks to queue
[2024-03-13T16:06:35.034-0400] {logging_mixin.py:188} INFO - [2024-03-13T16:06:35.034-0400] {dagbag.py:540} INFO - Filling up the DagBag from /home/ironbong_jr/mlops/project/project/lib/python3.10/site-packages/airflow/example_dags/example_params_ui_tutorial.py
[2024-03-13T16:06:35.054-0400] {processor.py:840} INFO - DAG(s) 'example_params_ui_tutorial' retrieved from /home/ironbong_jr/mlops/project/project/lib/python3.10/site-packages/airflow/example_dags/example_params_ui_tutorial.py
[2024-03-13T16:06:35.140-0400] {logging_mixin.py:188} INFO - [2024-03-13T16:06:35.139-0400] {dag.py:3047} INFO - Sync 1 DAGs
[2024-03-13T16:06:35.169-0400] {logging_mixin.py:188} INFO - [2024-03-13T16:06:35.169-0400] {dag.py:3834} INFO - Setting next_dagrun for example_params_ui_tutorial to None, run_after=None
[2024-03-13T16:06:35.211-0400] {processor.py:183} INFO - Processing /home/ironbong_jr/mlops/project/project/lib/python3.10/site-packages/airflow/example_dags/example_params_ui_tutorial.py took 0.185 seconds
[2024-03-13T16:07:26.623-0400] {processor.py:161} INFO - Started process (PID=459499) to work on /home/ironbong_jr/mlops/project/project/lib/python3.10/site-packages/airflow/example_dags/example_params_ui_tutorial.py
[2024-03-13T16:07:26.628-0400] {processor.py:830} INFO - Processing file /home/ironbong_jr/mlops/project/project/lib/python3.10/site-packages/airflow/example_dags/example_params_ui_tutorial.py for tasks to queue
[2024-03-13T16:07:26.629-0400] {logging_mixin.py:188} INFO - [2024-03-13T16:07:26.629-0400] {dagbag.py:540} INFO - Filling up the DagBag from /home/ironbong_jr/mlops/project/project/lib/python3.10/site-packages/airflow/example_dags/example_params_ui_tutorial.py
[2024-03-13T16:07:26.641-0400] {processor.py:840} INFO - DAG(s) 'example_params_ui_tutorial' retrieved from /home/ironbong_jr/mlops/project/project/lib/python3.10/site-packages/airflow/example_dags/example_params_ui_tutorial.py
[2024-03-13T16:07:26.674-0400] {logging_mixin.py:188} INFO - [2024-03-13T16:07:26.673-0400] {dag.py:3047} INFO - Sync 1 DAGs
[2024-03-13T16:07:26.685-0400] {logging_mixin.py:188} INFO - [2024-03-13T16:07:26.685-0400] {dag.py:3834} INFO - Setting next_dagrun for example_params_ui_tutorial to None, run_after=None
[2024-03-13T16:07:26.713-0400] {processor.py:183} INFO - Processing /home/ironbong_jr/mlops/project/project/lib/python3.10/site-packages/airflow/example_dags/example_params_ui_tutorial.py took 0.093 seconds
[2024-03-13T16:08:19.684-0400] {processor.py:161} INFO - Started process (PID=459752) to work on /home/ironbong_jr/mlops/project/project/lib/python3.10/site-packages/airflow/example_dags/example_params_ui_tutorial.py
[2024-03-13T16:08:19.685-0400] {processor.py:830} INFO - Processing file /home/ironbong_jr/mlops/project/project/lib/python3.10/site-packages/airflow/example_dags/example_params_ui_tutorial.py for tasks to queue
[2024-03-13T16:08:19.686-0400] {logging_mixin.py:188} INFO - [2024-03-13T16:08:19.686-0400] {dagbag.py:540} INFO - Filling up the DagBag from /home/ironbong_jr/mlops/project/project/lib/python3.10/site-packages/airflow/example_dags/example_params_ui_tutorial.py
[2024-03-13T16:08:19.693-0400] {processor.py:840} INFO - DAG(s) 'example_params_ui_tutorial' retrieved from /home/ironbong_jr/mlops/project/project/lib/python3.10/site-packages/airflow/example_dags/example_params_ui_tutorial.py
[2024-03-13T16:08:19.721-0400] {logging_mixin.py:188} INFO - [2024-03-13T16:08:19.721-0400] {dag.py:3047} INFO - Sync 1 DAGs
[2024-03-13T16:08:19.727-0400] {logging_mixin.py:188} INFO - [2024-03-13T16:08:19.727-0400] {dag.py:3834} INFO - Setting next_dagrun for example_params_ui_tutorial to None, run_after=None
[2024-03-13T16:08:19.752-0400] {processor.py:183} INFO - Processing /home/ironbong_jr/mlops/project/project/lib/python3.10/site-packages/airflow/example_dags/example_params_ui_tutorial.py took 0.070 seconds
[2024-03-13T16:09:09.337-0400] {processor.py:161} INFO - Started process (PID=460001) to work on /home/ironbong_jr/mlops/project/project/lib/python3.10/site-packages/airflow/example_dags/example_params_ui_tutorial.py
[2024-03-13T16:09:09.341-0400] {processor.py:830} INFO - Processing file /home/ironbong_jr/mlops/project/project/lib/python3.10/site-packages/airflow/example_dags/example_params_ui_tutorial.py for tasks to queue
[2024-03-13T16:09:09.342-0400] {logging_mixin.py:188} INFO - [2024-03-13T16:09:09.341-0400] {dagbag.py:540} INFO - Filling up the DagBag from /home/ironbong_jr/mlops/project/project/lib/python3.10/site-packages/airflow/example_dags/example_params_ui_tutorial.py
[2024-03-13T16:09:09.349-0400] {processor.py:840} INFO - DAG(s) 'example_params_ui_tutorial' retrieved from /home/ironbong_jr/mlops/project/project/lib/python3.10/site-packages/airflow/example_dags/example_params_ui_tutorial.py
[2024-03-13T16:09:09.371-0400] {logging_mixin.py:188} INFO - [2024-03-13T16:09:09.371-0400] {dag.py:3047} INFO - Sync 1 DAGs
[2024-03-13T16:09:09.377-0400] {logging_mixin.py:188} INFO - [2024-03-13T16:09:09.377-0400] {dag.py:3834} INFO - Setting next_dagrun for example_params_ui_tutorial to None, run_after=None
[2024-03-13T16:09:09.399-0400] {processor.py:183} INFO - Processing /home/ironbong_jr/mlops/project/project/lib/python3.10/site-packages/airflow/example_dags/example_params_ui_tutorial.py took 0.064 seconds
[2024-03-13T16:09:59.049-0400] {processor.py:161} INFO - Started process (PID=460250) to work on /home/ironbong_jr/mlops/project/project/lib/python3.10/site-packages/airflow/example_dags/example_params_ui_tutorial.py
[2024-03-13T16:09:59.052-0400] {processor.py:830} INFO - Processing file /home/ironbong_jr/mlops/project/project/lib/python3.10/site-packages/airflow/example_dags/example_params_ui_tutorial.py for tasks to queue
[2024-03-13T16:09:59.053-0400] {logging_mixin.py:188} INFO - [2024-03-13T16:09:59.053-0400] {dagbag.py:540} INFO - Filling up the DagBag from /home/ironbong_jr/mlops/project/project/lib/python3.10/site-packages/airflow/example_dags/example_params_ui_tutorial.py
[2024-03-13T16:09:59.060-0400] {processor.py:840} INFO - DAG(s) 'example_params_ui_tutorial' retrieved from /home/ironbong_jr/mlops/project/project/lib/python3.10/site-packages/airflow/example_dags/example_params_ui_tutorial.py
[2024-03-13T16:09:59.082-0400] {logging_mixin.py:188} INFO - [2024-03-13T16:09:59.082-0400] {dag.py:3047} INFO - Sync 1 DAGs
[2024-03-13T16:09:59.089-0400] {logging_mixin.py:188} INFO - [2024-03-13T16:09:59.089-0400] {dag.py:3834} INFO - Setting next_dagrun for example_params_ui_tutorial to None, run_after=None
[2024-03-13T16:09:59.110-0400] {processor.py:183} INFO - Processing /home/ironbong_jr/mlops/project/project/lib/python3.10/site-packages/airflow/example_dags/example_params_ui_tutorial.py took 0.064 seconds
[2024-03-13T16:10:47.078-0400] {processor.py:161} INFO - Started process (PID=460481) to work on /home/ironbong_jr/mlops/project/project/lib/python3.10/site-packages/airflow/example_dags/example_params_ui_tutorial.py
[2024-03-13T16:10:47.082-0400] {processor.py:830} INFO - Processing file /home/ironbong_jr/mlops/project/project/lib/python3.10/site-packages/airflow/example_dags/example_params_ui_tutorial.py for tasks to queue
[2024-03-13T16:10:47.083-0400] {logging_mixin.py:188} INFO - [2024-03-13T16:10:47.083-0400] {dagbag.py:540} INFO - Filling up the DagBag from /home/ironbong_jr/mlops/project/project/lib/python3.10/site-packages/airflow/example_dags/example_params_ui_tutorial.py
[2024-03-13T16:10:47.090-0400] {processor.py:840} INFO - DAG(s) 'example_params_ui_tutorial' retrieved from /home/ironbong_jr/mlops/project/project/lib/python3.10/site-packages/airflow/example_dags/example_params_ui_tutorial.py
[2024-03-13T16:10:47.112-0400] {logging_mixin.py:188} INFO - [2024-03-13T16:10:47.112-0400] {dag.py:3047} INFO - Sync 1 DAGs
[2024-03-13T16:10:47.119-0400] {logging_mixin.py:188} INFO - [2024-03-13T16:10:47.118-0400] {dag.py:3834} INFO - Setting next_dagrun for example_params_ui_tutorial to None, run_after=None
[2024-03-13T16:10:47.141-0400] {processor.py:183} INFO - Processing /home/ironbong_jr/mlops/project/project/lib/python3.10/site-packages/airflow/example_dags/example_params_ui_tutorial.py took 0.064 seconds
[2024-03-13T16:11:37.435-0400] {processor.py:161} INFO - Started process (PID=460737) to work on /home/ironbong_jr/mlops/project/project/lib/python3.10/site-packages/airflow/example_dags/example_params_ui_tutorial.py
[2024-03-13T16:11:37.438-0400] {processor.py:830} INFO - Processing file /home/ironbong_jr/mlops/project/project/lib/python3.10/site-packages/airflow/example_dags/example_params_ui_tutorial.py for tasks to queue
[2024-03-13T16:11:37.439-0400] {logging_mixin.py:188} INFO - [2024-03-13T16:11:37.438-0400] {dagbag.py:540} INFO - Filling up the DagBag from /home/ironbong_jr/mlops/project/project/lib/python3.10/site-packages/airflow/example_dags/example_params_ui_tutorial.py
[2024-03-13T16:11:37.446-0400] {processor.py:840} INFO - DAG(s) 'example_params_ui_tutorial' retrieved from /home/ironbong_jr/mlops/project/project/lib/python3.10/site-packages/airflow/example_dags/example_params_ui_tutorial.py
[2024-03-13T16:11:37.468-0400] {logging_mixin.py:188} INFO - [2024-03-13T16:11:37.468-0400] {dag.py:3047} INFO - Sync 1 DAGs
[2024-03-13T16:11:37.474-0400] {logging_mixin.py:188} INFO - [2024-03-13T16:11:37.474-0400] {dag.py:3834} INFO - Setting next_dagrun for example_params_ui_tutorial to None, run_after=None
[2024-03-13T16:11:37.497-0400] {processor.py:183} INFO - Processing /home/ironbong_jr/mlops/project/project/lib/python3.10/site-packages/airflow/example_dags/example_params_ui_tutorial.py took 0.064 seconds
[2024-03-13T16:12:26.954-0400] {processor.py:161} INFO - Started process (PID=460986) to work on /home/ironbong_jr/mlops/project/project/lib/python3.10/site-packages/airflow/example_dags/example_params_ui_tutorial.py
[2024-03-13T16:12:26.957-0400] {processor.py:830} INFO - Processing file /home/ironbong_jr/mlops/project/project/lib/python3.10/site-packages/airflow/example_dags/example_params_ui_tutorial.py for tasks to queue
[2024-03-13T16:12:26.958-0400] {logging_mixin.py:188} INFO - [2024-03-13T16:12:26.958-0400] {dagbag.py:540} INFO - Filling up the DagBag from /home/ironbong_jr/mlops/project/project/lib/python3.10/site-packages/airflow/example_dags/example_params_ui_tutorial.py
[2024-03-13T16:12:26.967-0400] {processor.py:840} INFO - DAG(s) 'example_params_ui_tutorial' retrieved from /home/ironbong_jr/mlops/project/project/lib/python3.10/site-packages/airflow/example_dags/example_params_ui_tutorial.py
[2024-03-13T16:12:26.991-0400] {logging_mixin.py:188} INFO - [2024-03-13T16:12:26.991-0400] {dag.py:3047} INFO - Sync 1 DAGs
[2024-03-13T16:12:26.997-0400] {logging_mixin.py:188} INFO - [2024-03-13T16:12:26.997-0400] {dag.py:3834} INFO - Setting next_dagrun for example_params_ui_tutorial to None, run_after=None
[2024-03-13T16:12:27.021-0400] {processor.py:183} INFO - Processing /home/ironbong_jr/mlops/project/project/lib/python3.10/site-packages/airflow/example_dags/example_params_ui_tutorial.py took 0.069 seconds
