[2024-03-12T21:21:33.499-0400] {processor.py:161} INFO - Started process (PID=406932) to work on /home/ironbong_jr/mlops/project/project/lib/python3.10/site-packages/airflow/example_dags/example_dag_decorator.py
[2024-03-12T21:21:33.502-0400] {processor.py:830} INFO - Processing file /home/ironbong_jr/mlops/project/project/lib/python3.10/site-packages/airflow/example_dags/example_dag_decorator.py for tasks to queue
[2024-03-12T21:21:33.505-0400] {logging_mixin.py:188} INFO - [2024-03-12T21:21:33.504-0400] {dagbag.py:540} INFO - Filling up the DagBag from /home/ironbong_jr/mlops/project/project/lib/python3.10/site-packages/airflow/example_dags/example_dag_decorator.py
[2024-03-12T21:21:33.667-0400] {processor.py:840} INFO - DAG(s) 'example_dag_decorator' retrieved from /home/ironbong_jr/mlops/project/project/lib/python3.10/site-packages/airflow/example_dags/example_dag_decorator.py
[2024-03-12T21:21:34.070-0400] {logging_mixin.py:188} INFO - [2024-03-12T21:21:34.069-0400] {dag.py:3047} INFO - Sync 1 DAGs
[2024-03-12T21:21:34.086-0400] {logging_mixin.py:188} INFO - [2024-03-12T21:21:34.085-0400] {dag.py:3834} INFO - Setting next_dagrun for example_dag_decorator to None, run_after=None
[2024-03-12T21:21:34.202-0400] {processor.py:183} INFO - Processing /home/ironbong_jr/mlops/project/project/lib/python3.10/site-packages/airflow/example_dags/example_dag_decorator.py took 0.712 seconds
[2024-03-12T21:23:00.814-0400] {processor.py:161} INFO - Started process (PID=407308) to work on /home/ironbong_jr/mlops/project/project/lib/python3.10/site-packages/airflow/example_dags/example_dag_decorator.py
[2024-03-12T21:23:00.862-0400] {processor.py:830} INFO - Processing file /home/ironbong_jr/mlops/project/project/lib/python3.10/site-packages/airflow/example_dags/example_dag_decorator.py for tasks to queue
[2024-03-12T21:23:00.866-0400] {logging_mixin.py:188} INFO - [2024-03-12T21:23:00.864-0400] {dagbag.py:540} INFO - Filling up the DagBag from /home/ironbong_jr/mlops/project/project/lib/python3.10/site-packages/airflow/example_dags/example_dag_decorator.py
[2024-03-12T21:23:01.202-0400] {processor.py:840} INFO - DAG(s) 'example_dag_decorator' retrieved from /home/ironbong_jr/mlops/project/project/lib/python3.10/site-packages/airflow/example_dags/example_dag_decorator.py
[2024-03-12T21:23:01.367-0400] {logging_mixin.py:188} INFO - [2024-03-12T21:23:01.365-0400] {dag.py:3047} INFO - Sync 1 DAGs
[2024-03-12T21:23:01.384-0400] {logging_mixin.py:188} INFO - [2024-03-12T21:23:01.383-0400] {dag.py:3834} INFO - Setting next_dagrun for example_dag_decorator to None, run_after=None
[2024-03-12T21:23:01.477-0400] {processor.py:183} INFO - Processing /home/ironbong_jr/mlops/project/project/lib/python3.10/site-packages/airflow/example_dags/example_dag_decorator.py took 0.671 seconds
[2024-03-12T21:26:26.580-0400] {processor.py:161} INFO - Started process (PID=408230) to work on /home/ironbong_jr/mlops/project/project/lib/python3.10/site-packages/airflow/example_dags/example_dag_decorator.py
[2024-03-12T21:26:26.631-0400] {processor.py:830} INFO - Processing file /home/ironbong_jr/mlops/project/project/lib/python3.10/site-packages/airflow/example_dags/example_dag_decorator.py for tasks to queue
[2024-03-12T21:26:26.635-0400] {logging_mixin.py:188} INFO - [2024-03-12T21:26:26.634-0400] {dagbag.py:540} INFO - Filling up the DagBag from /home/ironbong_jr/mlops/project/project/lib/python3.10/site-packages/airflow/example_dags/example_dag_decorator.py
[2024-03-12T21:26:26.757-0400] {processor.py:840} INFO - DAG(s) 'example_dag_decorator' retrieved from /home/ironbong_jr/mlops/project/project/lib/python3.10/site-packages/airflow/example_dags/example_dag_decorator.py
[2024-03-12T21:26:26.902-0400] {logging_mixin.py:188} INFO - [2024-03-12T21:26:26.902-0400] {dag.py:3047} INFO - Sync 1 DAGs
[2024-03-12T21:26:26.920-0400] {logging_mixin.py:188} INFO - [2024-03-12T21:26:26.920-0400] {dag.py:3834} INFO - Setting next_dagrun for example_dag_decorator to None, run_after=None
[2024-03-12T21:26:26.988-0400] {processor.py:183} INFO - Processing /home/ironbong_jr/mlops/project/project/lib/python3.10/site-packages/airflow/example_dags/example_dag_decorator.py took 0.426 seconds
[2024-03-12T21:27:38.987-0400] {processor.py:161} INFO - Started process (PID=408552) to work on /home/ironbong_jr/mlops/project/project/lib/python3.10/site-packages/airflow/example_dags/example_dag_decorator.py
[2024-03-12T21:27:39.016-0400] {processor.py:830} INFO - Processing file /home/ironbong_jr/mlops/project/project/lib/python3.10/site-packages/airflow/example_dags/example_dag_decorator.py for tasks to queue
[2024-03-12T21:27:39.019-0400] {logging_mixin.py:188} INFO - [2024-03-12T21:27:39.018-0400] {dagbag.py:540} INFO - Filling up the DagBag from /home/ironbong_jr/mlops/project/project/lib/python3.10/site-packages/airflow/example_dags/example_dag_decorator.py
[2024-03-12T21:27:39.171-0400] {processor.py:840} INFO - DAG(s) 'example_dag_decorator' retrieved from /home/ironbong_jr/mlops/project/project/lib/python3.10/site-packages/airflow/example_dags/example_dag_decorator.py
[2024-03-12T21:27:39.309-0400] {logging_mixin.py:188} INFO - [2024-03-12T21:27:39.309-0400] {dag.py:3047} INFO - Sync 1 DAGs
[2024-03-12T21:27:39.322-0400] {logging_mixin.py:188} INFO - [2024-03-12T21:27:39.322-0400] {dag.py:3834} INFO - Setting next_dagrun for example_dag_decorator to None, run_after=None
[2024-03-12T21:27:39.428-0400] {processor.py:183} INFO - Processing /home/ironbong_jr/mlops/project/project/lib/python3.10/site-packages/airflow/example_dags/example_dag_decorator.py took 0.449 seconds
[2024-03-12T21:29:17.306-0400] {processor.py:161} INFO - Started process (PID=409021) to work on /home/ironbong_jr/mlops/project/project/lib/python3.10/site-packages/airflow/example_dags/example_dag_decorator.py
[2024-03-12T21:29:17.309-0400] {processor.py:830} INFO - Processing file /home/ironbong_jr/mlops/project/project/lib/python3.10/site-packages/airflow/example_dags/example_dag_decorator.py for tasks to queue
[2024-03-12T21:29:17.312-0400] {logging_mixin.py:188} INFO - [2024-03-12T21:29:17.311-0400] {dagbag.py:540} INFO - Filling up the DagBag from /home/ironbong_jr/mlops/project/project/lib/python3.10/site-packages/airflow/example_dags/example_dag_decorator.py
[2024-03-12T21:29:17.483-0400] {processor.py:840} INFO - DAG(s) 'example_dag_decorator' retrieved from /home/ironbong_jr/mlops/project/project/lib/python3.10/site-packages/airflow/example_dags/example_dag_decorator.py
[2024-03-12T21:29:17.683-0400] {logging_mixin.py:188} INFO - [2024-03-12T21:29:17.682-0400] {dag.py:3047} INFO - Sync 1 DAGs
[2024-03-12T21:29:17.696-0400] {logging_mixin.py:188} INFO - [2024-03-12T21:29:17.696-0400] {dag.py:3834} INFO - Setting next_dagrun for example_dag_decorator to None, run_after=None
[2024-03-12T21:29:17.805-0400] {processor.py:183} INFO - Processing /home/ironbong_jr/mlops/project/project/lib/python3.10/site-packages/airflow/example_dags/example_dag_decorator.py took 0.510 seconds
[2024-03-12T21:30:46.448-0400] {processor.py:161} INFO - Started process (PID=409462) to work on /home/ironbong_jr/mlops/project/project/lib/python3.10/site-packages/airflow/example_dags/example_dag_decorator.py
[2024-03-12T21:30:46.500-0400] {processor.py:830} INFO - Processing file /home/ironbong_jr/mlops/project/project/lib/python3.10/site-packages/airflow/example_dags/example_dag_decorator.py for tasks to queue
[2024-03-12T21:30:46.502-0400] {logging_mixin.py:188} INFO - [2024-03-12T21:30:46.501-0400] {dagbag.py:540} INFO - Filling up the DagBag from /home/ironbong_jr/mlops/project/project/lib/python3.10/site-packages/airflow/example_dags/example_dag_decorator.py
[2024-03-12T21:30:46.667-0400] {processor.py:840} INFO - DAG(s) 'example_dag_decorator' retrieved from /home/ironbong_jr/mlops/project/project/lib/python3.10/site-packages/airflow/example_dags/example_dag_decorator.py
[2024-03-12T21:30:46.837-0400] {logging_mixin.py:188} INFO - [2024-03-12T21:30:46.837-0400] {dag.py:3047} INFO - Sync 1 DAGs
[2024-03-12T21:30:46.852-0400] {logging_mixin.py:188} INFO - [2024-03-12T21:30:46.851-0400] {dag.py:3834} INFO - Setting next_dagrun for example_dag_decorator to None, run_after=None
[2024-03-12T21:30:46.909-0400] {processor.py:183} INFO - Processing /home/ironbong_jr/mlops/project/project/lib/python3.10/site-packages/airflow/example_dags/example_dag_decorator.py took 0.468 seconds
[2024-03-12T21:32:26.145-0400] {processor.py:161} INFO - Started process (PID=409957) to work on /home/ironbong_jr/mlops/project/project/lib/python3.10/site-packages/airflow/example_dags/example_dag_decorator.py
[2024-03-12T21:32:26.149-0400] {processor.py:830} INFO - Processing file /home/ironbong_jr/mlops/project/project/lib/python3.10/site-packages/airflow/example_dags/example_dag_decorator.py for tasks to queue
[2024-03-12T21:32:26.151-0400] {logging_mixin.py:188} INFO - [2024-03-12T21:32:26.151-0400] {dagbag.py:540} INFO - Filling up the DagBag from /home/ironbong_jr/mlops/project/project/lib/python3.10/site-packages/airflow/example_dags/example_dag_decorator.py
[2024-03-12T21:32:26.359-0400] {processor.py:840} INFO - DAG(s) 'example_dag_decorator' retrieved from /home/ironbong_jr/mlops/project/project/lib/python3.10/site-packages/airflow/example_dags/example_dag_decorator.py
[2024-03-12T21:32:26.412-0400] {logging_mixin.py:188} INFO - [2024-03-12T21:32:26.410-0400] {dag.py:3047} INFO - Sync 1 DAGs
[2024-03-12T21:32:26.436-0400] {logging_mixin.py:188} INFO - [2024-03-12T21:32:26.436-0400] {dag.py:3834} INFO - Setting next_dagrun for example_dag_decorator to None, run_after=None
[2024-03-12T21:32:26.477-0400] {processor.py:183} INFO - Processing /home/ironbong_jr/mlops/project/project/lib/python3.10/site-packages/airflow/example_dags/example_dag_decorator.py took 0.339 seconds
[2024-03-12T21:34:05.933-0400] {processor.py:161} INFO - Started process (PID=410499) to work on /home/ironbong_jr/mlops/project/project/lib/python3.10/site-packages/airflow/example_dags/example_dag_decorator.py
[2024-03-12T21:34:05.936-0400] {processor.py:830} INFO - Processing file /home/ironbong_jr/mlops/project/project/lib/python3.10/site-packages/airflow/example_dags/example_dag_decorator.py for tasks to queue
[2024-03-12T21:34:05.938-0400] {logging_mixin.py:188} INFO - [2024-03-12T21:34:05.937-0400] {dagbag.py:540} INFO - Filling up the DagBag from /home/ironbong_jr/mlops/project/project/lib/python3.10/site-packages/airflow/example_dags/example_dag_decorator.py
[2024-03-12T21:34:06.107-0400] {processor.py:840} INFO - DAG(s) 'example_dag_decorator' retrieved from /home/ironbong_jr/mlops/project/project/lib/python3.10/site-packages/airflow/example_dags/example_dag_decorator.py
[2024-03-12T21:34:06.153-0400] {logging_mixin.py:188} INFO - [2024-03-12T21:34:06.152-0400] {dag.py:3047} INFO - Sync 1 DAGs
[2024-03-12T21:34:06.176-0400] {logging_mixin.py:188} INFO - [2024-03-12T21:34:06.174-0400] {dag.py:3834} INFO - Setting next_dagrun for example_dag_decorator to None, run_after=None
[2024-03-12T21:34:06.280-0400] {processor.py:183} INFO - Processing /home/ironbong_jr/mlops/project/project/lib/python3.10/site-packages/airflow/example_dags/example_dag_decorator.py took 0.356 seconds
[2024-03-12T23:25:52.083-0400] {processor.py:161} INFO - Started process (PID=417615) to work on /home/ironbong_jr/mlops/project/project/lib/python3.10/site-packages/airflow/example_dags/example_dag_decorator.py
[2024-03-12T23:25:52.087-0400] {processor.py:830} INFO - Processing file /home/ironbong_jr/mlops/project/project/lib/python3.10/site-packages/airflow/example_dags/example_dag_decorator.py for tasks to queue
[2024-03-12T23:25:52.091-0400] {logging_mixin.py:188} INFO - [2024-03-12T23:25:52.090-0400] {dagbag.py:540} INFO - Filling up the DagBag from /home/ironbong_jr/mlops/project/project/lib/python3.10/site-packages/airflow/example_dags/example_dag_decorator.py
[2024-03-12T23:25:52.329-0400] {processor.py:840} INFO - DAG(s) 'example_dag_decorator' retrieved from /home/ironbong_jr/mlops/project/project/lib/python3.10/site-packages/airflow/example_dags/example_dag_decorator.py
[2024-03-12T23:25:52.706-0400] {logging_mixin.py:188} INFO - [2024-03-12T23:25:52.705-0400] {dag.py:3047} INFO - Sync 1 DAGs
[2024-03-12T23:25:52.729-0400] {logging_mixin.py:188} INFO - [2024-03-12T23:25:52.728-0400] {dag.py:3834} INFO - Setting next_dagrun for example_dag_decorator to None, run_after=None
[2024-03-12T23:25:52.837-0400] {processor.py:183} INFO - Processing /home/ironbong_jr/mlops/project/project/lib/python3.10/site-packages/airflow/example_dags/example_dag_decorator.py took 0.762 seconds
[2024-03-12T23:29:14.389-0400] {processor.py:161} INFO - Started process (PID=418429) to work on /home/ironbong_jr/mlops/project/project/lib/python3.10/site-packages/airflow/example_dags/example_dag_decorator.py
[2024-03-12T23:29:14.437-0400] {processor.py:830} INFO - Processing file /home/ironbong_jr/mlops/project/project/lib/python3.10/site-packages/airflow/example_dags/example_dag_decorator.py for tasks to queue
[2024-03-12T23:29:14.440-0400] {logging_mixin.py:188} INFO - [2024-03-12T23:29:14.439-0400] {dagbag.py:540} INFO - Filling up the DagBag from /home/ironbong_jr/mlops/project/project/lib/python3.10/site-packages/airflow/example_dags/example_dag_decorator.py
[2024-03-12T23:29:14.629-0400] {processor.py:840} INFO - DAG(s) 'example_dag_decorator' retrieved from /home/ironbong_jr/mlops/project/project/lib/python3.10/site-packages/airflow/example_dags/example_dag_decorator.py
[2024-03-12T23:29:14.929-0400] {logging_mixin.py:188} INFO - [2024-03-12T23:29:14.928-0400] {dag.py:3047} INFO - Sync 1 DAGs
[2024-03-12T23:29:14.955-0400] {logging_mixin.py:188} INFO - [2024-03-12T23:29:14.954-0400] {dag.py:3834} INFO - Setting next_dagrun for example_dag_decorator to None, run_after=None
[2024-03-12T23:29:15.017-0400] {processor.py:183} INFO - Processing /home/ironbong_jr/mlops/project/project/lib/python3.10/site-packages/airflow/example_dags/example_dag_decorator.py took 0.637 seconds
[2024-03-12T23:30:36.028-0400] {processor.py:161} INFO - Started process (PID=418767) to work on /home/ironbong_jr/mlops/project/project/lib/python3.10/site-packages/airflow/example_dags/example_dag_decorator.py
[2024-03-12T23:30:36.079-0400] {processor.py:830} INFO - Processing file /home/ironbong_jr/mlops/project/project/lib/python3.10/site-packages/airflow/example_dags/example_dag_decorator.py for tasks to queue
[2024-03-12T23:30:36.082-0400] {logging_mixin.py:188} INFO - [2024-03-12T23:30:36.081-0400] {dagbag.py:540} INFO - Filling up the DagBag from /home/ironbong_jr/mlops/project/project/lib/python3.10/site-packages/airflow/example_dags/example_dag_decorator.py
[2024-03-12T23:30:36.308-0400] {processor.py:840} INFO - DAG(s) 'example_dag_decorator' retrieved from /home/ironbong_jr/mlops/project/project/lib/python3.10/site-packages/airflow/example_dags/example_dag_decorator.py
[2024-03-12T23:30:36.498-0400] {logging_mixin.py:188} INFO - [2024-03-12T23:30:36.498-0400] {dag.py:3047} INFO - Sync 1 DAGs
[2024-03-12T23:30:36.522-0400] {logging_mixin.py:188} INFO - [2024-03-12T23:30:36.521-0400] {dag.py:3834} INFO - Setting next_dagrun for example_dag_decorator to None, run_after=None
[2024-03-12T23:30:36.625-0400] {processor.py:183} INFO - Processing /home/ironbong_jr/mlops/project/project/lib/python3.10/site-packages/airflow/example_dags/example_dag_decorator.py took 0.605 seconds
[2024-03-12T23:40:17.797-0400] {processor.py:161} INFO - Started process (PID=420812) to work on /home/ironbong_jr/mlops/project/project/lib/python3.10/site-packages/airflow/example_dags/example_dag_decorator.py
[2024-03-12T23:40:17.801-0400] {processor.py:830} INFO - Processing file /home/ironbong_jr/mlops/project/project/lib/python3.10/site-packages/airflow/example_dags/example_dag_decorator.py for tasks to queue
[2024-03-12T23:40:17.803-0400] {logging_mixin.py:188} INFO - [2024-03-12T23:40:17.802-0400] {dagbag.py:540} INFO - Filling up the DagBag from /home/ironbong_jr/mlops/project/project/lib/python3.10/site-packages/airflow/example_dags/example_dag_decorator.py
[2024-03-12T23:40:17.963-0400] {processor.py:840} INFO - DAG(s) 'example_dag_decorator' retrieved from /home/ironbong_jr/mlops/project/project/lib/python3.10/site-packages/airflow/example_dags/example_dag_decorator.py
[2024-03-12T23:40:18.397-0400] {logging_mixin.py:188} INFO - [2024-03-12T23:40:18.396-0400] {dag.py:3047} INFO - Sync 1 DAGs
[2024-03-12T23:40:18.409-0400] {logging_mixin.py:188} INFO - [2024-03-12T23:40:18.408-0400] {dag.py:3834} INFO - Setting next_dagrun for example_dag_decorator to None, run_after=None
[2024-03-12T23:40:18.521-0400] {processor.py:183} INFO - Processing /home/ironbong_jr/mlops/project/project/lib/python3.10/site-packages/airflow/example_dags/example_dag_decorator.py took 0.729 seconds
[2024-03-12T23:43:24.422-0400] {processor.py:161} INFO - Started process (PID=421864) to work on /home/ironbong_jr/mlops/project/project/lib/python3.10/site-packages/airflow/example_dags/example_dag_decorator.py
[2024-03-12T23:43:24.474-0400] {processor.py:830} INFO - Processing file /home/ironbong_jr/mlops/project/project/lib/python3.10/site-packages/airflow/example_dags/example_dag_decorator.py for tasks to queue
[2024-03-12T23:43:24.477-0400] {logging_mixin.py:188} INFO - [2024-03-12T23:43:24.476-0400] {dagbag.py:540} INFO - Filling up the DagBag from /home/ironbong_jr/mlops/project/project/lib/python3.10/site-packages/airflow/example_dags/example_dag_decorator.py
[2024-03-12T23:43:24.837-0400] {processor.py:840} INFO - DAG(s) 'example_dag_decorator' retrieved from /home/ironbong_jr/mlops/project/project/lib/python3.10/site-packages/airflow/example_dags/example_dag_decorator.py
[2024-03-12T23:43:24.972-0400] {logging_mixin.py:188} INFO - [2024-03-12T23:43:24.970-0400] {dag.py:3047} INFO - Sync 1 DAGs
[2024-03-12T23:43:24.986-0400] {logging_mixin.py:188} INFO - [2024-03-12T23:43:24.986-0400] {dag.py:3834} INFO - Setting next_dagrun for example_dag_decorator to None, run_after=None
[2024-03-12T23:43:25.112-0400] {processor.py:183} INFO - Processing /home/ironbong_jr/mlops/project/project/lib/python3.10/site-packages/airflow/example_dags/example_dag_decorator.py took 0.700 seconds
[2024-03-12T23:45:15.145-0400] {processor.py:161} INFO - Started process (PID=422343) to work on /home/ironbong_jr/mlops/project/project/lib/python3.10/site-packages/airflow/example_dags/example_dag_decorator.py
[2024-03-12T23:45:15.197-0400] {processor.py:830} INFO - Processing file /home/ironbong_jr/mlops/project/project/lib/python3.10/site-packages/airflow/example_dags/example_dag_decorator.py for tasks to queue
[2024-03-12T23:45:15.201-0400] {logging_mixin.py:188} INFO - [2024-03-12T23:45:15.199-0400] {dagbag.py:540} INFO - Filling up the DagBag from /home/ironbong_jr/mlops/project/project/lib/python3.10/site-packages/airflow/example_dags/example_dag_decorator.py
[2024-03-12T23:45:15.328-0400] {processor.py:840} INFO - DAG(s) 'example_dag_decorator' retrieved from /home/ironbong_jr/mlops/project/project/lib/python3.10/site-packages/airflow/example_dags/example_dag_decorator.py
[2024-03-12T23:45:15.489-0400] {logging_mixin.py:188} INFO - [2024-03-12T23:45:15.489-0400] {dag.py:3047} INFO - Sync 1 DAGs
[2024-03-12T23:45:15.504-0400] {logging_mixin.py:188} INFO - [2024-03-12T23:45:15.503-0400] {dag.py:3834} INFO - Setting next_dagrun for example_dag_decorator to None, run_after=None
[2024-03-12T23:45:15.556-0400] {processor.py:183} INFO - Processing /home/ironbong_jr/mlops/project/project/lib/python3.10/site-packages/airflow/example_dags/example_dag_decorator.py took 0.415 seconds
[2024-03-12T23:46:54.094-0400] {processor.py:161} INFO - Started process (PID=422936) to work on /home/ironbong_jr/mlops/project/project/lib/python3.10/site-packages/airflow/example_dags/example_dag_decorator.py
[2024-03-12T23:46:54.097-0400] {processor.py:830} INFO - Processing file /home/ironbong_jr/mlops/project/project/lib/python3.10/site-packages/airflow/example_dags/example_dag_decorator.py for tasks to queue
[2024-03-12T23:46:54.099-0400] {logging_mixin.py:188} INFO - [2024-03-12T23:46:54.098-0400] {dagbag.py:540} INFO - Filling up the DagBag from /home/ironbong_jr/mlops/project/project/lib/python3.10/site-packages/airflow/example_dags/example_dag_decorator.py
[2024-03-12T23:46:54.246-0400] {processor.py:840} INFO - DAG(s) 'example_dag_decorator' retrieved from /home/ironbong_jr/mlops/project/project/lib/python3.10/site-packages/airflow/example_dags/example_dag_decorator.py
[2024-03-12T23:46:54.387-0400] {logging_mixin.py:188} INFO - [2024-03-12T23:46:54.387-0400] {dag.py:3047} INFO - Sync 1 DAGs
[2024-03-12T23:46:54.406-0400] {logging_mixin.py:188} INFO - [2024-03-12T23:46:54.405-0400] {dag.py:3834} INFO - Setting next_dagrun for example_dag_decorator to None, run_after=None
[2024-03-12T23:46:54.448-0400] {processor.py:183} INFO - Processing /home/ironbong_jr/mlops/project/project/lib/python3.10/site-packages/airflow/example_dags/example_dag_decorator.py took 0.360 seconds
[2024-03-12T23:48:08.238-0400] {processor.py:161} INFO - Started process (PID=423281) to work on /home/ironbong_jr/mlops/project/project/lib/python3.10/site-packages/airflow/example_dags/example_dag_decorator.py
[2024-03-12T23:48:08.241-0400] {processor.py:830} INFO - Processing file /home/ironbong_jr/mlops/project/project/lib/python3.10/site-packages/airflow/example_dags/example_dag_decorator.py for tasks to queue
[2024-03-12T23:48:08.243-0400] {logging_mixin.py:188} INFO - [2024-03-12T23:48:08.243-0400] {dagbag.py:540} INFO - Filling up the DagBag from /home/ironbong_jr/mlops/project/project/lib/python3.10/site-packages/airflow/example_dags/example_dag_decorator.py
[2024-03-12T23:48:08.358-0400] {processor.py:840} INFO - DAG(s) 'example_dag_decorator' retrieved from /home/ironbong_jr/mlops/project/project/lib/python3.10/site-packages/airflow/example_dags/example_dag_decorator.py
[2024-03-12T23:48:08.500-0400] {logging_mixin.py:188} INFO - [2024-03-12T23:48:08.500-0400] {dag.py:3047} INFO - Sync 1 DAGs
[2024-03-12T23:48:08.514-0400] {logging_mixin.py:188} INFO - [2024-03-12T23:48:08.513-0400] {dag.py:3834} INFO - Setting next_dagrun for example_dag_decorator to None, run_after=None
[2024-03-12T23:48:08.603-0400] {processor.py:183} INFO - Processing /home/ironbong_jr/mlops/project/project/lib/python3.10/site-packages/airflow/example_dags/example_dag_decorator.py took 0.370 seconds
[2024-03-12T23:49:35.585-0400] {processor.py:161} INFO - Started process (PID=423677) to work on /home/ironbong_jr/mlops/project/project/lib/python3.10/site-packages/airflow/example_dags/example_dag_decorator.py
[2024-03-12T23:49:35.640-0400] {processor.py:830} INFO - Processing file /home/ironbong_jr/mlops/project/project/lib/python3.10/site-packages/airflow/example_dags/example_dag_decorator.py for tasks to queue
[2024-03-12T23:49:35.643-0400] {logging_mixin.py:188} INFO - [2024-03-12T23:49:35.642-0400] {dagbag.py:540} INFO - Filling up the DagBag from /home/ironbong_jr/mlops/project/project/lib/python3.10/site-packages/airflow/example_dags/example_dag_decorator.py
[2024-03-12T23:49:35.773-0400] {processor.py:840} INFO - DAG(s) 'example_dag_decorator' retrieved from /home/ironbong_jr/mlops/project/project/lib/python3.10/site-packages/airflow/example_dags/example_dag_decorator.py
[2024-03-12T23:49:35.925-0400] {logging_mixin.py:188} INFO - [2024-03-12T23:49:35.924-0400] {dag.py:3047} INFO - Sync 1 DAGs
[2024-03-12T23:49:35.941-0400] {logging_mixin.py:188} INFO - [2024-03-12T23:49:35.940-0400] {dag.py:3834} INFO - Setting next_dagrun for example_dag_decorator to None, run_after=None
[2024-03-12T23:49:36.047-0400] {processor.py:183} INFO - Processing /home/ironbong_jr/mlops/project/project/lib/python3.10/site-packages/airflow/example_dags/example_dag_decorator.py took 0.472 seconds
[2024-03-12T23:51:01.389-0400] {processor.py:161} INFO - Started process (PID=424126) to work on /home/ironbong_jr/mlops/project/project/lib/python3.10/site-packages/airflow/example_dags/example_dag_decorator.py
[2024-03-12T23:51:01.440-0400] {processor.py:830} INFO - Processing file /home/ironbong_jr/mlops/project/project/lib/python3.10/site-packages/airflow/example_dags/example_dag_decorator.py for tasks to queue
[2024-03-12T23:51:01.444-0400] {logging_mixin.py:188} INFO - [2024-03-12T23:51:01.443-0400] {dagbag.py:540} INFO - Filling up the DagBag from /home/ironbong_jr/mlops/project/project/lib/python3.10/site-packages/airflow/example_dags/example_dag_decorator.py
[2024-03-12T23:51:01.583-0400] {processor.py:840} INFO - DAG(s) 'example_dag_decorator' retrieved from /home/ironbong_jr/mlops/project/project/lib/python3.10/site-packages/airflow/example_dags/example_dag_decorator.py
[2024-03-12T23:51:01.736-0400] {logging_mixin.py:188} INFO - [2024-03-12T23:51:01.736-0400] {dag.py:3047} INFO - Sync 1 DAGs
[2024-03-12T23:51:01.748-0400] {logging_mixin.py:188} INFO - [2024-03-12T23:51:01.748-0400] {dag.py:3834} INFO - Setting next_dagrun for example_dag_decorator to None, run_after=None
[2024-03-12T23:51:01.856-0400] {processor.py:183} INFO - Processing /home/ironbong_jr/mlops/project/project/lib/python3.10/site-packages/airflow/example_dags/example_dag_decorator.py took 0.475 seconds
[2024-03-12T23:52:28.564-0400] {processor.py:161} INFO - Started process (PID=424596) to work on /home/ironbong_jr/mlops/project/project/lib/python3.10/site-packages/airflow/example_dags/example_dag_decorator.py
[2024-03-12T23:52:28.567-0400] {processor.py:830} INFO - Processing file /home/ironbong_jr/mlops/project/project/lib/python3.10/site-packages/airflow/example_dags/example_dag_decorator.py for tasks to queue
[2024-03-12T23:52:28.569-0400] {logging_mixin.py:188} INFO - [2024-03-12T23:52:28.569-0400] {dagbag.py:540} INFO - Filling up the DagBag from /home/ironbong_jr/mlops/project/project/lib/python3.10/site-packages/airflow/example_dags/example_dag_decorator.py
[2024-03-12T23:52:28.675-0400] {processor.py:840} INFO - DAG(s) 'example_dag_decorator' retrieved from /home/ironbong_jr/mlops/project/project/lib/python3.10/site-packages/airflow/example_dags/example_dag_decorator.py
[2024-03-12T23:52:28.814-0400] {logging_mixin.py:188} INFO - [2024-03-12T23:52:28.814-0400] {dag.py:3047} INFO - Sync 1 DAGs
[2024-03-12T23:52:28.826-0400] {logging_mixin.py:188} INFO - [2024-03-12T23:52:28.826-0400] {dag.py:3834} INFO - Setting next_dagrun for example_dag_decorator to None, run_after=None
[2024-03-12T23:52:28.928-0400] {processor.py:183} INFO - Processing /home/ironbong_jr/mlops/project/project/lib/python3.10/site-packages/airflow/example_dags/example_dag_decorator.py took 0.370 seconds
[2024-03-12T23:54:02.831-0400] {processor.py:161} INFO - Started process (PID=425100) to work on /home/ironbong_jr/mlops/project/project/lib/python3.10/site-packages/airflow/example_dags/example_dag_decorator.py
[2024-03-12T23:54:02.878-0400] {processor.py:830} INFO - Processing file /home/ironbong_jr/mlops/project/project/lib/python3.10/site-packages/airflow/example_dags/example_dag_decorator.py for tasks to queue
[2024-03-12T23:54:02.879-0400] {logging_mixin.py:188} INFO - [2024-03-12T23:54:02.879-0400] {dagbag.py:540} INFO - Filling up the DagBag from /home/ironbong_jr/mlops/project/project/lib/python3.10/site-packages/airflow/example_dags/example_dag_decorator.py
[2024-03-12T23:54:03.093-0400] {processor.py:840} INFO - DAG(s) 'example_dag_decorator' retrieved from /home/ironbong_jr/mlops/project/project/lib/python3.10/site-packages/airflow/example_dags/example_dag_decorator.py
[2024-03-12T23:54:03.120-0400] {logging_mixin.py:188} INFO - [2024-03-12T23:54:03.119-0400] {dag.py:3047} INFO - Sync 1 DAGs
[2024-03-12T23:54:03.139-0400] {logging_mixin.py:188} INFO - [2024-03-12T23:54:03.138-0400] {dag.py:3834} INFO - Setting next_dagrun for example_dag_decorator to None, run_after=None
[2024-03-12T23:54:03.192-0400] {processor.py:183} INFO - Processing /home/ironbong_jr/mlops/project/project/lib/python3.10/site-packages/airflow/example_dags/example_dag_decorator.py took 0.368 seconds
[2024-03-12T23:55:41.396-0400] {processor.py:161} INFO - Started process (PID=425534) to work on /home/ironbong_jr/mlops/project/project/lib/python3.10/site-packages/airflow/example_dags/example_dag_decorator.py
[2024-03-12T23:55:41.447-0400] {processor.py:830} INFO - Processing file /home/ironbong_jr/mlops/project/project/lib/python3.10/site-packages/airflow/example_dags/example_dag_decorator.py for tasks to queue
[2024-03-12T23:55:41.450-0400] {logging_mixin.py:188} INFO - [2024-03-12T23:55:41.448-0400] {dagbag.py:540} INFO - Filling up the DagBag from /home/ironbong_jr/mlops/project/project/lib/python3.10/site-packages/airflow/example_dags/example_dag_decorator.py
[2024-03-12T23:55:41.602-0400] {processor.py:840} INFO - DAG(s) 'example_dag_decorator' retrieved from /home/ironbong_jr/mlops/project/project/lib/python3.10/site-packages/airflow/example_dags/example_dag_decorator.py
[2024-03-12T23:55:41.901-0400] {logging_mixin.py:188} INFO - [2024-03-12T23:55:41.900-0400] {dag.py:3047} INFO - Sync 1 DAGs
[2024-03-12T23:55:41.923-0400] {logging_mixin.py:188} INFO - [2024-03-12T23:55:41.923-0400] {dag.py:3834} INFO - Setting next_dagrun for example_dag_decorator to None, run_after=None
[2024-03-12T23:55:42.039-0400] {processor.py:183} INFO - Processing /home/ironbong_jr/mlops/project/project/lib/python3.10/site-packages/airflow/example_dags/example_dag_decorator.py took 0.653 seconds
[2024-03-13T00:28:47.465-0400] {processor.py:161} INFO - Started process (PID=432506) to work on /home/ironbong_jr/mlops/project/project/lib/python3.10/site-packages/airflow/example_dags/example_dag_decorator.py
[2024-03-13T00:28:47.470-0400] {processor.py:830} INFO - Processing file /home/ironbong_jr/mlops/project/project/lib/python3.10/site-packages/airflow/example_dags/example_dag_decorator.py for tasks to queue
[2024-03-13T00:28:47.472-0400] {logging_mixin.py:188} INFO - [2024-03-13T00:28:47.471-0400] {dagbag.py:540} INFO - Filling up the DagBag from /home/ironbong_jr/mlops/project/project/lib/python3.10/site-packages/airflow/example_dags/example_dag_decorator.py
[2024-03-13T00:28:47.627-0400] {processor.py:840} INFO - DAG(s) 'example_dag_decorator' retrieved from /home/ironbong_jr/mlops/project/project/lib/python3.10/site-packages/airflow/example_dags/example_dag_decorator.py
[2024-03-13T00:28:48.044-0400] {logging_mixin.py:188} INFO - [2024-03-13T00:28:48.043-0400] {dag.py:3047} INFO - Sync 1 DAGs
[2024-03-13T00:28:48.058-0400] {logging_mixin.py:188} INFO - [2024-03-13T00:28:48.057-0400] {dag.py:3834} INFO - Setting next_dagrun for example_dag_decorator to None, run_after=None
[2024-03-13T00:28:48.161-0400] {processor.py:183} INFO - Processing /home/ironbong_jr/mlops/project/project/lib/python3.10/site-packages/airflow/example_dags/example_dag_decorator.py took 0.710 seconds
[2024-03-13T00:31:11.359-0400] {processor.py:161} INFO - Started process (PID=433133) to work on /home/ironbong_jr/mlops/project/project/lib/python3.10/site-packages/airflow/example_dags/example_dag_decorator.py
[2024-03-13T00:31:11.411-0400] {processor.py:830} INFO - Processing file /home/ironbong_jr/mlops/project/project/lib/python3.10/site-packages/airflow/example_dags/example_dag_decorator.py for tasks to queue
[2024-03-13T00:31:11.413-0400] {logging_mixin.py:188} INFO - [2024-03-13T00:31:11.412-0400] {dagbag.py:540} INFO - Filling up the DagBag from /home/ironbong_jr/mlops/project/project/lib/python3.10/site-packages/airflow/example_dags/example_dag_decorator.py
[2024-03-13T00:31:11.771-0400] {processor.py:840} INFO - DAG(s) 'example_dag_decorator' retrieved from /home/ironbong_jr/mlops/project/project/lib/python3.10/site-packages/airflow/example_dags/example_dag_decorator.py
[2024-03-13T00:31:11.887-0400] {logging_mixin.py:188} INFO - [2024-03-13T00:31:11.886-0400] {dag.py:3047} INFO - Sync 1 DAGs
[2024-03-13T00:31:11.902-0400] {logging_mixin.py:188} INFO - [2024-03-13T00:31:11.902-0400] {dag.py:3834} INFO - Setting next_dagrun for example_dag_decorator to None, run_after=None
[2024-03-13T00:31:12.002-0400] {processor.py:183} INFO - Processing /home/ironbong_jr/mlops/project/project/lib/python3.10/site-packages/airflow/example_dags/example_dag_decorator.py took 0.648 seconds
[2024-03-13T00:35:32.343-0400] {processor.py:161} INFO - Started process (PID=434246) to work on /home/ironbong_jr/mlops/project/project/lib/python3.10/site-packages/airflow/example_dags/example_dag_decorator.py
[2024-03-13T00:35:32.396-0400] {processor.py:830} INFO - Processing file /home/ironbong_jr/mlops/project/project/lib/python3.10/site-packages/airflow/example_dags/example_dag_decorator.py for tasks to queue
[2024-03-13T00:35:32.400-0400] {logging_mixin.py:188} INFO - [2024-03-13T00:35:32.398-0400] {dagbag.py:540} INFO - Filling up the DagBag from /home/ironbong_jr/mlops/project/project/lib/python3.10/site-packages/airflow/example_dags/example_dag_decorator.py
[2024-03-13T00:35:32.556-0400] {processor.py:840} INFO - DAG(s) 'example_dag_decorator' retrieved from /home/ironbong_jr/mlops/project/project/lib/python3.10/site-packages/airflow/example_dags/example_dag_decorator.py
[2024-03-13T00:35:33.050-0400] {logging_mixin.py:188} INFO - [2024-03-13T00:35:33.050-0400] {dag.py:3047} INFO - Sync 1 DAGs
[2024-03-13T00:35:33.067-0400] {logging_mixin.py:188} INFO - [2024-03-13T00:35:33.067-0400] {dag.py:3834} INFO - Setting next_dagrun for example_dag_decorator to None, run_after=None
[2024-03-13T00:35:33.119-0400] {processor.py:183} INFO - Processing /home/ironbong_jr/mlops/project/project/lib/python3.10/site-packages/airflow/example_dags/example_dag_decorator.py took 0.783 seconds
[2024-03-13T00:36:49.093-0400] {processor.py:161} INFO - Started process (PID=434578) to work on /home/ironbong_jr/mlops/project/project/lib/python3.10/site-packages/airflow/example_dags/example_dag_decorator.py
[2024-03-13T00:36:49.145-0400] {processor.py:830} INFO - Processing file /home/ironbong_jr/mlops/project/project/lib/python3.10/site-packages/airflow/example_dags/example_dag_decorator.py for tasks to queue
[2024-03-13T00:36:49.147-0400] {logging_mixin.py:188} INFO - [2024-03-13T00:36:49.147-0400] {dagbag.py:540} INFO - Filling up the DagBag from /home/ironbong_jr/mlops/project/project/lib/python3.10/site-packages/airflow/example_dags/example_dag_decorator.py
[2024-03-13T00:36:49.288-0400] {processor.py:840} INFO - DAG(s) 'example_dag_decorator' retrieved from /home/ironbong_jr/mlops/project/project/lib/python3.10/site-packages/airflow/example_dags/example_dag_decorator.py
[2024-03-13T00:36:49.446-0400] {logging_mixin.py:188} INFO - [2024-03-13T00:36:49.445-0400] {dag.py:3047} INFO - Sync 1 DAGs
[2024-03-13T00:36:49.457-0400] {logging_mixin.py:188} INFO - [2024-03-13T00:36:49.457-0400] {dag.py:3834} INFO - Setting next_dagrun for example_dag_decorator to None, run_after=None
[2024-03-13T00:36:49.550-0400] {processor.py:183} INFO - Processing /home/ironbong_jr/mlops/project/project/lib/python3.10/site-packages/airflow/example_dags/example_dag_decorator.py took 0.464 seconds
[2024-03-13T00:38:58.661-0400] {processor.py:161} INFO - Started process (PID=435206) to work on /home/ironbong_jr/mlops/project/project/lib/python3.10/site-packages/airflow/example_dags/example_dag_decorator.py
[2024-03-13T00:38:58.712-0400] {processor.py:830} INFO - Processing file /home/ironbong_jr/mlops/project/project/lib/python3.10/site-packages/airflow/example_dags/example_dag_decorator.py for tasks to queue
[2024-03-13T00:38:58.714-0400] {logging_mixin.py:188} INFO - [2024-03-13T00:38:58.713-0400] {dagbag.py:540} INFO - Filling up the DagBag from /home/ironbong_jr/mlops/project/project/lib/python3.10/site-packages/airflow/example_dags/example_dag_decorator.py
[2024-03-13T00:38:58.870-0400] {processor.py:840} INFO - DAG(s) 'example_dag_decorator' retrieved from /home/ironbong_jr/mlops/project/project/lib/python3.10/site-packages/airflow/example_dags/example_dag_decorator.py
[2024-03-13T00:38:59.007-0400] {logging_mixin.py:188} INFO - [2024-03-13T00:38:59.006-0400] {dag.py:3047} INFO - Sync 1 DAGs
[2024-03-13T00:38:59.024-0400] {logging_mixin.py:188} INFO - [2024-03-13T00:38:59.023-0400] {dag.py:3834} INFO - Setting next_dagrun for example_dag_decorator to None, run_after=None
[2024-03-13T00:38:59.140-0400] {processor.py:183} INFO - Processing /home/ironbong_jr/mlops/project/project/lib/python3.10/site-packages/airflow/example_dags/example_dag_decorator.py took 0.486 seconds
[2024-03-13T00:40:35.688-0400] {processor.py:161} INFO - Started process (PID=435637) to work on /home/ironbong_jr/mlops/project/project/lib/python3.10/site-packages/airflow/example_dags/example_dag_decorator.py
[2024-03-13T00:40:35.691-0400] {processor.py:830} INFO - Processing file /home/ironbong_jr/mlops/project/project/lib/python3.10/site-packages/airflow/example_dags/example_dag_decorator.py for tasks to queue
[2024-03-13T00:40:35.692-0400] {logging_mixin.py:188} INFO - [2024-03-13T00:40:35.692-0400] {dagbag.py:540} INFO - Filling up the DagBag from /home/ironbong_jr/mlops/project/project/lib/python3.10/site-packages/airflow/example_dags/example_dag_decorator.py
[2024-03-13T00:40:35.841-0400] {processor.py:840} INFO - DAG(s) 'example_dag_decorator' retrieved from /home/ironbong_jr/mlops/project/project/lib/python3.10/site-packages/airflow/example_dags/example_dag_decorator.py
[2024-03-13T00:40:35.956-0400] {logging_mixin.py:188} INFO - [2024-03-13T00:40:35.956-0400] {dag.py:3047} INFO - Sync 1 DAGs
[2024-03-13T00:40:35.968-0400] {logging_mixin.py:188} INFO - [2024-03-13T00:40:35.968-0400] {dag.py:3834} INFO - Setting next_dagrun for example_dag_decorator to None, run_after=None
[2024-03-13T00:40:36.064-0400] {processor.py:183} INFO - Processing /home/ironbong_jr/mlops/project/project/lib/python3.10/site-packages/airflow/example_dags/example_dag_decorator.py took 0.383 seconds
[2024-03-13T00:43:51.804-0400] {processor.py:161} INFO - Started process (PID=436558) to work on /home/ironbong_jr/mlops/project/project/lib/python3.10/site-packages/airflow/example_dags/example_dag_decorator.py
[2024-03-13T00:43:51.807-0400] {processor.py:830} INFO - Processing file /home/ironbong_jr/mlops/project/project/lib/python3.10/site-packages/airflow/example_dags/example_dag_decorator.py for tasks to queue
[2024-03-13T00:43:51.809-0400] {logging_mixin.py:188} INFO - [2024-03-13T00:43:51.808-0400] {dagbag.py:540} INFO - Filling up the DagBag from /home/ironbong_jr/mlops/project/project/lib/python3.10/site-packages/airflow/example_dags/example_dag_decorator.py
[2024-03-13T00:43:51.938-0400] {processor.py:840} INFO - DAG(s) 'example_dag_decorator' retrieved from /home/ironbong_jr/mlops/project/project/lib/python3.10/site-packages/airflow/example_dags/example_dag_decorator.py
[2024-03-13T00:43:52.238-0400] {logging_mixin.py:188} INFO - [2024-03-13T00:43:52.237-0400] {dag.py:3047} INFO - Sync 1 DAGs
[2024-03-13T00:43:52.254-0400] {logging_mixin.py:188} INFO - [2024-03-13T00:43:52.254-0400] {dag.py:3834} INFO - Setting next_dagrun for example_dag_decorator to None, run_after=None
[2024-03-13T00:43:52.309-0400] {processor.py:183} INFO - Processing /home/ironbong_jr/mlops/project/project/lib/python3.10/site-packages/airflow/example_dags/example_dag_decorator.py took 0.512 seconds
[2024-03-13T00:44:50.992-0400] {processor.py:161} INFO - Started process (PID=436802) to work on /home/ironbong_jr/mlops/project/project/lib/python3.10/site-packages/airflow/example_dags/example_dag_decorator.py
[2024-03-13T00:44:51.043-0400] {processor.py:830} INFO - Processing file /home/ironbong_jr/mlops/project/project/lib/python3.10/site-packages/airflow/example_dags/example_dag_decorator.py for tasks to queue
[2024-03-13T00:44:51.044-0400] {logging_mixin.py:188} INFO - [2024-03-13T00:44:51.044-0400] {dagbag.py:540} INFO - Filling up the DagBag from /home/ironbong_jr/mlops/project/project/lib/python3.10/site-packages/airflow/example_dags/example_dag_decorator.py
[2024-03-13T00:44:51.130-0400] {processor.py:840} INFO - DAG(s) 'example_dag_decorator' retrieved from /home/ironbong_jr/mlops/project/project/lib/python3.10/site-packages/airflow/example_dags/example_dag_decorator.py
[2024-03-13T00:44:51.233-0400] {logging_mixin.py:188} INFO - [2024-03-13T00:44:51.233-0400] {dag.py:3047} INFO - Sync 1 DAGs
[2024-03-13T00:44:51.249-0400] {logging_mixin.py:188} INFO - [2024-03-13T00:44:51.248-0400] {dag.py:3834} INFO - Setting next_dagrun for example_dag_decorator to None, run_after=None
[2024-03-13T00:44:51.340-0400] {processor.py:183} INFO - Processing /home/ironbong_jr/mlops/project/project/lib/python3.10/site-packages/airflow/example_dags/example_dag_decorator.py took 0.355 seconds
[2024-03-13T15:49:00.412-0400] {processor.py:161} INFO - Started process (PID=453675) to work on /home/ironbong_jr/mlops/project/project/lib/python3.10/site-packages/airflow/example_dags/example_dag_decorator.py
[2024-03-13T15:49:00.416-0400] {processor.py:830} INFO - Processing file /home/ironbong_jr/mlops/project/project/lib/python3.10/site-packages/airflow/example_dags/example_dag_decorator.py for tasks to queue
[2024-03-13T15:49:00.416-0400] {logging_mixin.py:188} INFO - [2024-03-13T15:49:00.416-0400] {dagbag.py:540} INFO - Filling up the DagBag from /home/ironbong_jr/mlops/project/project/lib/python3.10/site-packages/airflow/example_dags/example_dag_decorator.py
[2024-03-13T15:49:00.461-0400] {processor.py:840} INFO - DAG(s) 'example_dag_decorator' retrieved from /home/ironbong_jr/mlops/project/project/lib/python3.10/site-packages/airflow/example_dags/example_dag_decorator.py
[2024-03-13T15:49:00.468-0400] {logging_mixin.py:188} INFO - [2024-03-13T15:49:00.467-0400] {dag.py:3047} INFO - Sync 1 DAGs
[2024-03-13T15:49:00.548-0400] {logging_mixin.py:188} INFO - [2024-03-13T15:49:00.548-0400] {dag.py:3834} INFO - Setting next_dagrun for example_dag_decorator to None, run_after=None
[2024-03-13T15:49:00.571-0400] {processor.py:183} INFO - Processing /home/ironbong_jr/mlops/project/project/lib/python3.10/site-packages/airflow/example_dags/example_dag_decorator.py took 0.160 seconds
[2024-03-13T15:50:01.104-0400] {processor.py:161} INFO - Started process (PID=453992) to work on /home/ironbong_jr/mlops/project/project/lib/python3.10/site-packages/airflow/example_dags/example_dag_decorator.py
[2024-03-13T15:50:01.106-0400] {processor.py:830} INFO - Processing file /home/ironbong_jr/mlops/project/project/lib/python3.10/site-packages/airflow/example_dags/example_dag_decorator.py for tasks to queue
[2024-03-13T15:50:01.107-0400] {logging_mixin.py:188} INFO - [2024-03-13T15:50:01.106-0400] {dagbag.py:540} INFO - Filling up the DagBag from /home/ironbong_jr/mlops/project/project/lib/python3.10/site-packages/airflow/example_dags/example_dag_decorator.py
[2024-03-13T15:50:01.245-0400] {processor.py:840} INFO - DAG(s) 'example_dag_decorator' retrieved from /home/ironbong_jr/mlops/project/project/lib/python3.10/site-packages/airflow/example_dags/example_dag_decorator.py
[2024-03-13T15:50:01.297-0400] {logging_mixin.py:188} INFO - [2024-03-13T15:50:01.297-0400] {dag.py:3047} INFO - Sync 1 DAGs
[2024-03-13T15:50:01.302-0400] {logging_mixin.py:188} INFO - [2024-03-13T15:50:01.302-0400] {dag.py:3834} INFO - Setting next_dagrun for example_dag_decorator to None, run_after=None
[2024-03-13T15:50:01.323-0400] {processor.py:183} INFO - Processing /home/ironbong_jr/mlops/project/project/lib/python3.10/site-packages/airflow/example_dags/example_dag_decorator.py took 0.222 seconds
[2024-03-13T15:51:11.314-0400] {processor.py:161} INFO - Started process (PID=454412) to work on /home/ironbong_jr/mlops/project/project/lib/python3.10/site-packages/airflow/example_dags/example_dag_decorator.py
[2024-03-13T15:51:11.317-0400] {processor.py:830} INFO - Processing file /home/ironbong_jr/mlops/project/project/lib/python3.10/site-packages/airflow/example_dags/example_dag_decorator.py for tasks to queue
[2024-03-13T15:51:11.318-0400] {logging_mixin.py:188} INFO - [2024-03-13T15:51:11.318-0400] {dagbag.py:540} INFO - Filling up the DagBag from /home/ironbong_jr/mlops/project/project/lib/python3.10/site-packages/airflow/example_dags/example_dag_decorator.py
[2024-03-13T15:51:11.442-0400] {processor.py:840} INFO - DAG(s) 'example_dag_decorator' retrieved from /home/ironbong_jr/mlops/project/project/lib/python3.10/site-packages/airflow/example_dags/example_dag_decorator.py
[2024-03-13T15:51:11.503-0400] {logging_mixin.py:188} INFO - [2024-03-13T15:51:11.503-0400] {dag.py:3047} INFO - Sync 1 DAGs
[2024-03-13T15:51:11.509-0400] {logging_mixin.py:188} INFO - [2024-03-13T15:51:11.508-0400] {dag.py:3834} INFO - Setting next_dagrun for example_dag_decorator to None, run_after=None
[2024-03-13T15:51:11.541-0400] {processor.py:183} INFO - Processing /home/ironbong_jr/mlops/project/project/lib/python3.10/site-packages/airflow/example_dags/example_dag_decorator.py took 0.230 seconds
[2024-03-13T15:52:06.811-0400] {processor.py:161} INFO - Started process (PID=454701) to work on /home/ironbong_jr/mlops/project/project/lib/python3.10/site-packages/airflow/example_dags/example_dag_decorator.py
[2024-03-13T15:52:06.816-0400] {processor.py:830} INFO - Processing file /home/ironbong_jr/mlops/project/project/lib/python3.10/site-packages/airflow/example_dags/example_dag_decorator.py for tasks to queue
[2024-03-13T15:52:06.817-0400] {logging_mixin.py:188} INFO - [2024-03-13T15:52:06.816-0400] {dagbag.py:540} INFO - Filling up the DagBag from /home/ironbong_jr/mlops/project/project/lib/python3.10/site-packages/airflow/example_dags/example_dag_decorator.py
[2024-03-13T15:52:06.881-0400] {processor.py:840} INFO - DAG(s) 'example_dag_decorator' retrieved from /home/ironbong_jr/mlops/project/project/lib/python3.10/site-packages/airflow/example_dags/example_dag_decorator.py
[2024-03-13T15:52:06.946-0400] {logging_mixin.py:188} INFO - [2024-03-13T15:52:06.946-0400] {dag.py:3047} INFO - Sync 1 DAGs
[2024-03-13T15:52:06.953-0400] {logging_mixin.py:188} INFO - [2024-03-13T15:52:06.953-0400] {dag.py:3834} INFO - Setting next_dagrun for example_dag_decorator to None, run_after=None
[2024-03-13T15:52:06.978-0400] {processor.py:183} INFO - Processing /home/ironbong_jr/mlops/project/project/lib/python3.10/site-packages/airflow/example_dags/example_dag_decorator.py took 0.169 seconds
[2024-03-13T15:53:00.764-0400] {processor.py:161} INFO - Started process (PID=454982) to work on /home/ironbong_jr/mlops/project/project/lib/python3.10/site-packages/airflow/example_dags/example_dag_decorator.py
[2024-03-13T15:53:00.767-0400] {processor.py:830} INFO - Processing file /home/ironbong_jr/mlops/project/project/lib/python3.10/site-packages/airflow/example_dags/example_dag_decorator.py for tasks to queue
[2024-03-13T15:53:00.768-0400] {logging_mixin.py:188} INFO - [2024-03-13T15:53:00.767-0400] {dagbag.py:540} INFO - Filling up the DagBag from /home/ironbong_jr/mlops/project/project/lib/python3.10/site-packages/airflow/example_dags/example_dag_decorator.py
[2024-03-13T15:53:00.808-0400] {processor.py:840} INFO - DAG(s) 'example_dag_decorator' retrieved from /home/ironbong_jr/mlops/project/project/lib/python3.10/site-packages/airflow/example_dags/example_dag_decorator.py
[2024-03-13T15:53:00.858-0400] {logging_mixin.py:188} INFO - [2024-03-13T15:53:00.857-0400] {dag.py:3047} INFO - Sync 1 DAGs
[2024-03-13T15:53:00.863-0400] {logging_mixin.py:188} INFO - [2024-03-13T15:53:00.862-0400] {dag.py:3834} INFO - Setting next_dagrun for example_dag_decorator to None, run_after=None
[2024-03-13T15:53:00.889-0400] {processor.py:183} INFO - Processing /home/ironbong_jr/mlops/project/project/lib/python3.10/site-packages/airflow/example_dags/example_dag_decorator.py took 0.128 seconds
[2024-03-13T15:53:53.400-0400] {processor.py:161} INFO - Started process (PID=455254) to work on /home/ironbong_jr/mlops/project/project/lib/python3.10/site-packages/airflow/example_dags/example_dag_decorator.py
[2024-03-13T15:53:53.404-0400] {processor.py:830} INFO - Processing file /home/ironbong_jr/mlops/project/project/lib/python3.10/site-packages/airflow/example_dags/example_dag_decorator.py for tasks to queue
[2024-03-13T15:53:53.405-0400] {logging_mixin.py:188} INFO - [2024-03-13T15:53:53.404-0400] {dagbag.py:540} INFO - Filling up the DagBag from /home/ironbong_jr/mlops/project/project/lib/python3.10/site-packages/airflow/example_dags/example_dag_decorator.py
[2024-03-13T15:53:53.447-0400] {processor.py:840} INFO - DAG(s) 'example_dag_decorator' retrieved from /home/ironbong_jr/mlops/project/project/lib/python3.10/site-packages/airflow/example_dags/example_dag_decorator.py
[2024-03-13T15:53:53.500-0400] {logging_mixin.py:188} INFO - [2024-03-13T15:53:53.500-0400] {dag.py:3047} INFO - Sync 1 DAGs
[2024-03-13T15:53:53.507-0400] {logging_mixin.py:188} INFO - [2024-03-13T15:53:53.506-0400] {dag.py:3834} INFO - Setting next_dagrun for example_dag_decorator to None, run_after=None
[2024-03-13T15:53:53.527-0400] {processor.py:183} INFO - Processing /home/ironbong_jr/mlops/project/project/lib/python3.10/site-packages/airflow/example_dags/example_dag_decorator.py took 0.130 seconds
[2024-03-13T15:54:47.204-0400] {processor.py:161} INFO - Started process (PID=455519) to work on /home/ironbong_jr/mlops/project/project/lib/python3.10/site-packages/airflow/example_dags/example_dag_decorator.py
[2024-03-13T15:54:47.207-0400] {processor.py:830} INFO - Processing file /home/ironbong_jr/mlops/project/project/lib/python3.10/site-packages/airflow/example_dags/example_dag_decorator.py for tasks to queue
[2024-03-13T15:54:47.208-0400] {logging_mixin.py:188} INFO - [2024-03-13T15:54:47.207-0400] {dagbag.py:540} INFO - Filling up the DagBag from /home/ironbong_jr/mlops/project/project/lib/python3.10/site-packages/airflow/example_dags/example_dag_decorator.py
[2024-03-13T15:54:47.250-0400] {processor.py:840} INFO - DAG(s) 'example_dag_decorator' retrieved from /home/ironbong_jr/mlops/project/project/lib/python3.10/site-packages/airflow/example_dags/example_dag_decorator.py
[2024-03-13T15:54:47.307-0400] {logging_mixin.py:188} INFO - [2024-03-13T15:54:47.306-0400] {dag.py:3047} INFO - Sync 1 DAGs
[2024-03-13T15:54:47.312-0400] {logging_mixin.py:188} INFO - [2024-03-13T15:54:47.312-0400] {dag.py:3834} INFO - Setting next_dagrun for example_dag_decorator to None, run_after=None
[2024-03-13T15:54:47.334-0400] {processor.py:183} INFO - Processing /home/ironbong_jr/mlops/project/project/lib/python3.10/site-packages/airflow/example_dags/example_dag_decorator.py took 0.132 seconds
[2024-03-13T15:55:39.151-0400] {processor.py:161} INFO - Started process (PID=455786) to work on /home/ironbong_jr/mlops/project/project/lib/python3.10/site-packages/airflow/example_dags/example_dag_decorator.py
[2024-03-13T15:55:39.152-0400] {processor.py:830} INFO - Processing file /home/ironbong_jr/mlops/project/project/lib/python3.10/site-packages/airflow/example_dags/example_dag_decorator.py for tasks to queue
[2024-03-13T15:55:39.153-0400] {logging_mixin.py:188} INFO - [2024-03-13T15:55:39.153-0400] {dagbag.py:540} INFO - Filling up the DagBag from /home/ironbong_jr/mlops/project/project/lib/python3.10/site-packages/airflow/example_dags/example_dag_decorator.py
[2024-03-13T15:55:39.195-0400] {processor.py:840} INFO - DAG(s) 'example_dag_decorator' retrieved from /home/ironbong_jr/mlops/project/project/lib/python3.10/site-packages/airflow/example_dags/example_dag_decorator.py
[2024-03-13T15:55:39.248-0400] {logging_mixin.py:188} INFO - [2024-03-13T15:55:39.248-0400] {dag.py:3047} INFO - Sync 1 DAGs
[2024-03-13T15:55:39.253-0400] {logging_mixin.py:188} INFO - [2024-03-13T15:55:39.253-0400] {dag.py:3834} INFO - Setting next_dagrun for example_dag_decorator to None, run_after=None
[2024-03-13T15:55:39.274-0400] {processor.py:183} INFO - Processing /home/ironbong_jr/mlops/project/project/lib/python3.10/site-packages/airflow/example_dags/example_dag_decorator.py took 0.125 seconds
[2024-03-13T15:56:28.366-0400] {processor.py:161} INFO - Started process (PID=456039) to work on /home/ironbong_jr/mlops/project/project/lib/python3.10/site-packages/airflow/example_dags/example_dag_decorator.py
[2024-03-13T15:56:28.369-0400] {processor.py:830} INFO - Processing file /home/ironbong_jr/mlops/project/project/lib/python3.10/site-packages/airflow/example_dags/example_dag_decorator.py for tasks to queue
[2024-03-13T15:56:28.370-0400] {logging_mixin.py:188} INFO - [2024-03-13T15:56:28.370-0400] {dagbag.py:540} INFO - Filling up the DagBag from /home/ironbong_jr/mlops/project/project/lib/python3.10/site-packages/airflow/example_dags/example_dag_decorator.py
[2024-03-13T15:56:28.426-0400] {processor.py:840} INFO - DAG(s) 'example_dag_decorator' retrieved from /home/ironbong_jr/mlops/project/project/lib/python3.10/site-packages/airflow/example_dags/example_dag_decorator.py
[2024-03-13T15:56:28.439-0400] {logging_mixin.py:188} INFO - [2024-03-13T15:56:28.439-0400] {dag.py:3047} INFO - Sync 1 DAGs
[2024-03-13T15:56:28.446-0400] {logging_mixin.py:188} INFO - [2024-03-13T15:56:28.445-0400] {dag.py:3834} INFO - Setting next_dagrun for example_dag_decorator to None, run_after=None
[2024-03-13T15:56:28.471-0400] {processor.py:183} INFO - Processing /home/ironbong_jr/mlops/project/project/lib/python3.10/site-packages/airflow/example_dags/example_dag_decorator.py took 0.107 seconds
[2024-03-13T15:57:18.113-0400] {processor.py:161} INFO - Started process (PID=456292) to work on /home/ironbong_jr/mlops/project/project/lib/python3.10/site-packages/airflow/example_dags/example_dag_decorator.py
[2024-03-13T15:57:18.117-0400] {processor.py:830} INFO - Processing file /home/ironbong_jr/mlops/project/project/lib/python3.10/site-packages/airflow/example_dags/example_dag_decorator.py for tasks to queue
[2024-03-13T15:57:18.118-0400] {logging_mixin.py:188} INFO - [2024-03-13T15:57:18.117-0400] {dagbag.py:540} INFO - Filling up the DagBag from /home/ironbong_jr/mlops/project/project/lib/python3.10/site-packages/airflow/example_dags/example_dag_decorator.py
[2024-03-13T15:57:18.158-0400] {processor.py:840} INFO - DAG(s) 'example_dag_decorator' retrieved from /home/ironbong_jr/mlops/project/project/lib/python3.10/site-packages/airflow/example_dags/example_dag_decorator.py
[2024-03-13T15:57:18.168-0400] {logging_mixin.py:188} INFO - [2024-03-13T15:57:18.168-0400] {dag.py:3047} INFO - Sync 1 DAGs
[2024-03-13T15:57:18.175-0400] {logging_mixin.py:188} INFO - [2024-03-13T15:57:18.175-0400] {dag.py:3834} INFO - Setting next_dagrun for example_dag_decorator to None, run_after=None
[2024-03-13T15:57:18.199-0400] {processor.py:183} INFO - Processing /home/ironbong_jr/mlops/project/project/lib/python3.10/site-packages/airflow/example_dags/example_dag_decorator.py took 0.087 seconds
[2024-03-13T15:58:10.501-0400] {processor.py:161} INFO - Started process (PID=456607) to work on /home/ironbong_jr/mlops/project/project/lib/python3.10/site-packages/airflow/example_dags/example_dag_decorator.py
[2024-03-13T15:58:10.505-0400] {processor.py:830} INFO - Processing file /home/ironbong_jr/mlops/project/project/lib/python3.10/site-packages/airflow/example_dags/example_dag_decorator.py for tasks to queue
[2024-03-13T15:58:10.505-0400] {logging_mixin.py:188} INFO - [2024-03-13T15:58:10.505-0400] {dagbag.py:540} INFO - Filling up the DagBag from /home/ironbong_jr/mlops/project/project/lib/python3.10/site-packages/airflow/example_dags/example_dag_decorator.py
[2024-03-13T15:58:10.568-0400] {processor.py:840} INFO - DAG(s) 'example_dag_decorator' retrieved from /home/ironbong_jr/mlops/project/project/lib/python3.10/site-packages/airflow/example_dags/example_dag_decorator.py
[2024-03-13T15:58:10.634-0400] {logging_mixin.py:188} INFO - [2024-03-13T15:58:10.633-0400] {dag.py:3047} INFO - Sync 1 DAGs
[2024-03-13T15:58:10.640-0400] {logging_mixin.py:188} INFO - [2024-03-13T15:58:10.640-0400] {dag.py:3834} INFO - Setting next_dagrun for example_dag_decorator to None, run_after=None
[2024-03-13T15:58:10.662-0400] {processor.py:183} INFO - Processing /home/ironbong_jr/mlops/project/project/lib/python3.10/site-packages/airflow/example_dags/example_dag_decorator.py took 0.163 seconds
[2024-03-13T15:59:01.520-0400] {processor.py:161} INFO - Started process (PID=456850) to work on /home/ironbong_jr/mlops/project/project/lib/python3.10/site-packages/airflow/example_dags/example_dag_decorator.py
[2024-03-13T15:59:01.523-0400] {processor.py:830} INFO - Processing file /home/ironbong_jr/mlops/project/project/lib/python3.10/site-packages/airflow/example_dags/example_dag_decorator.py for tasks to queue
[2024-03-13T15:59:01.523-0400] {logging_mixin.py:188} INFO - [2024-03-13T15:59:01.523-0400] {dagbag.py:540} INFO - Filling up the DagBag from /home/ironbong_jr/mlops/project/project/lib/python3.10/site-packages/airflow/example_dags/example_dag_decorator.py
[2024-03-13T15:59:01.570-0400] {processor.py:840} INFO - DAG(s) 'example_dag_decorator' retrieved from /home/ironbong_jr/mlops/project/project/lib/python3.10/site-packages/airflow/example_dags/example_dag_decorator.py
[2024-03-13T15:59:01.619-0400] {logging_mixin.py:188} INFO - [2024-03-13T15:59:01.618-0400] {dag.py:3047} INFO - Sync 1 DAGs
[2024-03-13T15:59:01.624-0400] {logging_mixin.py:188} INFO - [2024-03-13T15:59:01.623-0400] {dag.py:3834} INFO - Setting next_dagrun for example_dag_decorator to None, run_after=None
[2024-03-13T15:59:01.645-0400] {processor.py:183} INFO - Processing /home/ironbong_jr/mlops/project/project/lib/python3.10/site-packages/airflow/example_dags/example_dag_decorator.py took 0.128 seconds
[2024-03-13T15:59:53.774-0400] {processor.py:161} INFO - Started process (PID=457106) to work on /home/ironbong_jr/mlops/project/project/lib/python3.10/site-packages/airflow/example_dags/example_dag_decorator.py
[2024-03-13T15:59:53.778-0400] {processor.py:830} INFO - Processing file /home/ironbong_jr/mlops/project/project/lib/python3.10/site-packages/airflow/example_dags/example_dag_decorator.py for tasks to queue
[2024-03-13T15:59:53.779-0400] {logging_mixin.py:188} INFO - [2024-03-13T15:59:53.778-0400] {dagbag.py:540} INFO - Filling up the DagBag from /home/ironbong_jr/mlops/project/project/lib/python3.10/site-packages/airflow/example_dags/example_dag_decorator.py
[2024-03-13T15:59:53.820-0400] {processor.py:840} INFO - DAG(s) 'example_dag_decorator' retrieved from /home/ironbong_jr/mlops/project/project/lib/python3.10/site-packages/airflow/example_dags/example_dag_decorator.py
[2024-03-13T15:59:53.868-0400] {logging_mixin.py:188} INFO - [2024-03-13T15:59:53.868-0400] {dag.py:3047} INFO - Sync 1 DAGs
[2024-03-13T15:59:53.874-0400] {logging_mixin.py:188} INFO - [2024-03-13T15:59:53.874-0400] {dag.py:3834} INFO - Setting next_dagrun for example_dag_decorator to None, run_after=None
[2024-03-13T15:59:53.898-0400] {processor.py:183} INFO - Processing /home/ironbong_jr/mlops/project/project/lib/python3.10/site-packages/airflow/example_dags/example_dag_decorator.py took 0.125 seconds
[2024-03-13T16:00:43.466-0400] {processor.py:161} INFO - Started process (PID=457362) to work on /home/ironbong_jr/mlops/project/project/lib/python3.10/site-packages/airflow/example_dags/example_dag_decorator.py
[2024-03-13T16:00:43.469-0400] {processor.py:830} INFO - Processing file /home/ironbong_jr/mlops/project/project/lib/python3.10/site-packages/airflow/example_dags/example_dag_decorator.py for tasks to queue
[2024-03-13T16:00:43.470-0400] {logging_mixin.py:188} INFO - [2024-03-13T16:00:43.470-0400] {dagbag.py:540} INFO - Filling up the DagBag from /home/ironbong_jr/mlops/project/project/lib/python3.10/site-packages/airflow/example_dags/example_dag_decorator.py
[2024-03-13T16:00:43.516-0400] {processor.py:840} INFO - DAG(s) 'example_dag_decorator' retrieved from /home/ironbong_jr/mlops/project/project/lib/python3.10/site-packages/airflow/example_dags/example_dag_decorator.py
[2024-03-13T16:00:43.526-0400] {logging_mixin.py:188} INFO - [2024-03-13T16:00:43.526-0400] {dag.py:3047} INFO - Sync 1 DAGs
[2024-03-13T16:00:43.533-0400] {logging_mixin.py:188} INFO - [2024-03-13T16:00:43.533-0400] {dag.py:3834} INFO - Setting next_dagrun for example_dag_decorator to None, run_after=None
[2024-03-13T16:00:43.554-0400] {processor.py:183} INFO - Processing /home/ironbong_jr/mlops/project/project/lib/python3.10/site-packages/airflow/example_dags/example_dag_decorator.py took 0.091 seconds
[2024-03-13T16:01:35.616-0400] {processor.py:161} INFO - Started process (PID=457621) to work on /home/ironbong_jr/mlops/project/project/lib/python3.10/site-packages/airflow/example_dags/example_dag_decorator.py
[2024-03-13T16:01:35.617-0400] {processor.py:830} INFO - Processing file /home/ironbong_jr/mlops/project/project/lib/python3.10/site-packages/airflow/example_dags/example_dag_decorator.py for tasks to queue
[2024-03-13T16:01:35.619-0400] {logging_mixin.py:188} INFO - [2024-03-13T16:01:35.618-0400] {dagbag.py:540} INFO - Filling up the DagBag from /home/ironbong_jr/mlops/project/project/lib/python3.10/site-packages/airflow/example_dags/example_dag_decorator.py
[2024-03-13T16:01:35.668-0400] {processor.py:840} INFO - DAG(s) 'example_dag_decorator' retrieved from /home/ironbong_jr/mlops/project/project/lib/python3.10/site-packages/airflow/example_dags/example_dag_decorator.py
[2024-03-13T16:01:35.681-0400] {logging_mixin.py:188} INFO - [2024-03-13T16:01:35.680-0400] {dag.py:3047} INFO - Sync 1 DAGs
[2024-03-13T16:01:35.687-0400] {logging_mixin.py:188} INFO - [2024-03-13T16:01:35.687-0400] {dag.py:3834} INFO - Setting next_dagrun for example_dag_decorator to None, run_after=None
[2024-03-13T16:01:35.709-0400] {processor.py:183} INFO - Processing /home/ironbong_jr/mlops/project/project/lib/python3.10/site-packages/airflow/example_dags/example_dag_decorator.py took 0.096 seconds
[2024-03-13T16:02:25.109-0400] {processor.py:161} INFO - Started process (PID=457896) to work on /home/ironbong_jr/mlops/project/project/lib/python3.10/site-packages/airflow/example_dags/example_dag_decorator.py
[2024-03-13T16:02:25.113-0400] {processor.py:830} INFO - Processing file /home/ironbong_jr/mlops/project/project/lib/python3.10/site-packages/airflow/example_dags/example_dag_decorator.py for tasks to queue
[2024-03-13T16:02:25.114-0400] {logging_mixin.py:188} INFO - [2024-03-13T16:02:25.113-0400] {dagbag.py:540} INFO - Filling up the DagBag from /home/ironbong_jr/mlops/project/project/lib/python3.10/site-packages/airflow/example_dags/example_dag_decorator.py
[2024-03-13T16:02:25.154-0400] {processor.py:840} INFO - DAG(s) 'example_dag_decorator' retrieved from /home/ironbong_jr/mlops/project/project/lib/python3.10/site-packages/airflow/example_dags/example_dag_decorator.py
[2024-03-13T16:02:25.164-0400] {logging_mixin.py:188} INFO - [2024-03-13T16:02:25.164-0400] {dag.py:3047} INFO - Sync 1 DAGs
[2024-03-13T16:02:25.170-0400] {logging_mixin.py:188} INFO - [2024-03-13T16:02:25.169-0400] {dag.py:3834} INFO - Setting next_dagrun for example_dag_decorator to None, run_after=None
[2024-03-13T16:02:25.191-0400] {processor.py:183} INFO - Processing /home/ironbong_jr/mlops/project/project/lib/python3.10/site-packages/airflow/example_dags/example_dag_decorator.py took 0.084 seconds
[2024-03-13T16:03:15.041-0400] {processor.py:161} INFO - Started process (PID=458154) to work on /home/ironbong_jr/mlops/project/project/lib/python3.10/site-packages/airflow/example_dags/example_dag_decorator.py
[2024-03-13T16:03:15.042-0400] {processor.py:830} INFO - Processing file /home/ironbong_jr/mlops/project/project/lib/python3.10/site-packages/airflow/example_dags/example_dag_decorator.py for tasks to queue
[2024-03-13T16:03:15.043-0400] {logging_mixin.py:188} INFO - [2024-03-13T16:03:15.043-0400] {dagbag.py:540} INFO - Filling up the DagBag from /home/ironbong_jr/mlops/project/project/lib/python3.10/site-packages/airflow/example_dags/example_dag_decorator.py
[2024-03-13T16:03:15.085-0400] {processor.py:840} INFO - DAG(s) 'example_dag_decorator' retrieved from /home/ironbong_jr/mlops/project/project/lib/python3.10/site-packages/airflow/example_dags/example_dag_decorator.py
[2024-03-13T16:03:15.095-0400] {logging_mixin.py:188} INFO - [2024-03-13T16:03:15.095-0400] {dag.py:3047} INFO - Sync 1 DAGs
[2024-03-13T16:03:15.102-0400] {logging_mixin.py:188} INFO - [2024-03-13T16:03:15.102-0400] {dag.py:3834} INFO - Setting next_dagrun for example_dag_decorator to None, run_after=None
[2024-03-13T16:03:15.122-0400] {processor.py:183} INFO - Processing /home/ironbong_jr/mlops/project/project/lib/python3.10/site-packages/airflow/example_dags/example_dag_decorator.py took 0.084 seconds
[2024-03-13T16:04:21.948-0400] {processor.py:161} INFO - Started process (PID=458572) to work on /home/ironbong_jr/mlops/project/project/lib/python3.10/site-packages/airflow/example_dags/example_dag_decorator.py
[2024-03-13T16:04:21.951-0400] {processor.py:830} INFO - Processing file /home/ironbong_jr/mlops/project/project/lib/python3.10/site-packages/airflow/example_dags/example_dag_decorator.py for tasks to queue
[2024-03-13T16:04:21.952-0400] {logging_mixin.py:188} INFO - [2024-03-13T16:04:21.952-0400] {dagbag.py:540} INFO - Filling up the DagBag from /home/ironbong_jr/mlops/project/project/lib/python3.10/site-packages/airflow/example_dags/example_dag_decorator.py
[2024-03-13T16:04:22.008-0400] {processor.py:840} INFO - DAG(s) 'example_dag_decorator' retrieved from /home/ironbong_jr/mlops/project/project/lib/python3.10/site-packages/airflow/example_dags/example_dag_decorator.py
[2024-03-13T16:04:22.075-0400] {logging_mixin.py:188} INFO - [2024-03-13T16:04:22.074-0400] {dag.py:3047} INFO - Sync 1 DAGs
[2024-03-13T16:04:22.081-0400] {logging_mixin.py:188} INFO - [2024-03-13T16:04:22.081-0400] {dag.py:3834} INFO - Setting next_dagrun for example_dag_decorator to None, run_after=None
[2024-03-13T16:04:22.105-0400] {processor.py:183} INFO - Processing /home/ironbong_jr/mlops/project/project/lib/python3.10/site-packages/airflow/example_dags/example_dag_decorator.py took 0.160 seconds
[2024-03-13T16:05:15.684-0400] {processor.py:161} INFO - Started process (PID=458846) to work on /home/ironbong_jr/mlops/project/project/lib/python3.10/site-packages/airflow/example_dags/example_dag_decorator.py
[2024-03-13T16:05:15.687-0400] {processor.py:830} INFO - Processing file /home/ironbong_jr/mlops/project/project/lib/python3.10/site-packages/airflow/example_dags/example_dag_decorator.py for tasks to queue
[2024-03-13T16:05:15.688-0400] {logging_mixin.py:188} INFO - [2024-03-13T16:05:15.688-0400] {dagbag.py:540} INFO - Filling up the DagBag from /home/ironbong_jr/mlops/project/project/lib/python3.10/site-packages/airflow/example_dags/example_dag_decorator.py
[2024-03-13T16:05:15.732-0400] {processor.py:840} INFO - DAG(s) 'example_dag_decorator' retrieved from /home/ironbong_jr/mlops/project/project/lib/python3.10/site-packages/airflow/example_dags/example_dag_decorator.py
[2024-03-13T16:05:15.785-0400] {logging_mixin.py:188} INFO - [2024-03-13T16:05:15.785-0400] {dag.py:3047} INFO - Sync 1 DAGs
[2024-03-13T16:05:15.791-0400] {logging_mixin.py:188} INFO - [2024-03-13T16:05:15.790-0400] {dag.py:3834} INFO - Setting next_dagrun for example_dag_decorator to None, run_after=None
[2024-03-13T16:05:15.814-0400] {processor.py:183} INFO - Processing /home/ironbong_jr/mlops/project/project/lib/python3.10/site-packages/airflow/example_dags/example_dag_decorator.py took 0.132 seconds
[2024-03-13T16:06:05.902-0400] {processor.py:161} INFO - Started process (PID=459106) to work on /home/ironbong_jr/mlops/project/project/lib/python3.10/site-packages/airflow/example_dags/example_dag_decorator.py
[2024-03-13T16:06:05.904-0400] {processor.py:830} INFO - Processing file /home/ironbong_jr/mlops/project/project/lib/python3.10/site-packages/airflow/example_dags/example_dag_decorator.py for tasks to queue
[2024-03-13T16:06:05.904-0400] {logging_mixin.py:188} INFO - [2024-03-13T16:06:05.904-0400] {dagbag.py:540} INFO - Filling up the DagBag from /home/ironbong_jr/mlops/project/project/lib/python3.10/site-packages/airflow/example_dags/example_dag_decorator.py
[2024-03-13T16:06:05.946-0400] {processor.py:840} INFO - DAG(s) 'example_dag_decorator' retrieved from /home/ironbong_jr/mlops/project/project/lib/python3.10/site-packages/airflow/example_dags/example_dag_decorator.py
[2024-03-13T16:06:05.996-0400] {logging_mixin.py:188} INFO - [2024-03-13T16:06:05.995-0400] {dag.py:3047} INFO - Sync 1 DAGs
[2024-03-13T16:06:06.003-0400] {logging_mixin.py:188} INFO - [2024-03-13T16:06:06.003-0400] {dag.py:3834} INFO - Setting next_dagrun for example_dag_decorator to None, run_after=None
[2024-03-13T16:06:06.026-0400] {processor.py:183} INFO - Processing /home/ironbong_jr/mlops/project/project/lib/python3.10/site-packages/airflow/example_dags/example_dag_decorator.py took 0.126 seconds
[2024-03-13T16:06:56.599-0400] {processor.py:161} INFO - Started process (PID=459347) to work on /home/ironbong_jr/mlops/project/project/lib/python3.10/site-packages/airflow/example_dags/example_dag_decorator.py
[2024-03-13T16:06:56.601-0400] {processor.py:830} INFO - Processing file /home/ironbong_jr/mlops/project/project/lib/python3.10/site-packages/airflow/example_dags/example_dag_decorator.py for tasks to queue
[2024-03-13T16:06:56.602-0400] {logging_mixin.py:188} INFO - [2024-03-13T16:06:56.601-0400] {dagbag.py:540} INFO - Filling up the DagBag from /home/ironbong_jr/mlops/project/project/lib/python3.10/site-packages/airflow/example_dags/example_dag_decorator.py
[2024-03-13T16:06:56.643-0400] {processor.py:840} INFO - DAG(s) 'example_dag_decorator' retrieved from /home/ironbong_jr/mlops/project/project/lib/python3.10/site-packages/airflow/example_dags/example_dag_decorator.py
[2024-03-13T16:06:56.653-0400] {logging_mixin.py:188} INFO - [2024-03-13T16:06:56.653-0400] {dag.py:3047} INFO - Sync 1 DAGs
[2024-03-13T16:06:56.659-0400] {logging_mixin.py:188} INFO - [2024-03-13T16:06:56.659-0400] {dag.py:3834} INFO - Setting next_dagrun for example_dag_decorator to None, run_after=None
[2024-03-13T16:06:56.681-0400] {processor.py:183} INFO - Processing /home/ironbong_jr/mlops/project/project/lib/python3.10/site-packages/airflow/example_dags/example_dag_decorator.py took 0.084 seconds
[2024-03-13T16:07:49.962-0400] {processor.py:161} INFO - Started process (PID=459609) to work on /home/ironbong_jr/mlops/project/project/lib/python3.10/site-packages/airflow/example_dags/example_dag_decorator.py
[2024-03-13T16:07:49.965-0400] {processor.py:830} INFO - Processing file /home/ironbong_jr/mlops/project/project/lib/python3.10/site-packages/airflow/example_dags/example_dag_decorator.py for tasks to queue
[2024-03-13T16:07:49.966-0400] {logging_mixin.py:188} INFO - [2024-03-13T16:07:49.966-0400] {dagbag.py:540} INFO - Filling up the DagBag from /home/ironbong_jr/mlops/project/project/lib/python3.10/site-packages/airflow/example_dags/example_dag_decorator.py
[2024-03-13T16:07:50.006-0400] {processor.py:840} INFO - DAG(s) 'example_dag_decorator' retrieved from /home/ironbong_jr/mlops/project/project/lib/python3.10/site-packages/airflow/example_dags/example_dag_decorator.py
[2024-03-13T16:07:50.054-0400] {logging_mixin.py:188} INFO - [2024-03-13T16:07:50.053-0400] {dag.py:3047} INFO - Sync 1 DAGs
[2024-03-13T16:07:50.060-0400] {logging_mixin.py:188} INFO - [2024-03-13T16:07:50.060-0400] {dag.py:3834} INFO - Setting next_dagrun for example_dag_decorator to None, run_after=None
[2024-03-13T16:07:50.081-0400] {processor.py:183} INFO - Processing /home/ironbong_jr/mlops/project/project/lib/python3.10/site-packages/airflow/example_dags/example_dag_decorator.py took 0.121 seconds
[2024-03-13T16:08:41.807-0400] {processor.py:161} INFO - Started process (PID=459867) to work on /home/ironbong_jr/mlops/project/project/lib/python3.10/site-packages/airflow/example_dags/example_dag_decorator.py
[2024-03-13T16:08:41.812-0400] {processor.py:830} INFO - Processing file /home/ironbong_jr/mlops/project/project/lib/python3.10/site-packages/airflow/example_dags/example_dag_decorator.py for tasks to queue
[2024-03-13T16:08:41.813-0400] {logging_mixin.py:188} INFO - [2024-03-13T16:08:41.812-0400] {dagbag.py:540} INFO - Filling up the DagBag from /home/ironbong_jr/mlops/project/project/lib/python3.10/site-packages/airflow/example_dags/example_dag_decorator.py
[2024-03-13T16:08:41.853-0400] {processor.py:840} INFO - DAG(s) 'example_dag_decorator' retrieved from /home/ironbong_jr/mlops/project/project/lib/python3.10/site-packages/airflow/example_dags/example_dag_decorator.py
[2024-03-13T16:08:41.901-0400] {logging_mixin.py:188} INFO - [2024-03-13T16:08:41.901-0400] {dag.py:3047} INFO - Sync 1 DAGs
[2024-03-13T16:08:41.906-0400] {logging_mixin.py:188} INFO - [2024-03-13T16:08:41.906-0400] {dag.py:3834} INFO - Setting next_dagrun for example_dag_decorator to None, run_after=None
[2024-03-13T16:08:41.927-0400] {processor.py:183} INFO - Processing /home/ironbong_jr/mlops/project/project/lib/python3.10/site-packages/airflow/example_dags/example_dag_decorator.py took 0.122 seconds
[2024-03-13T16:09:30.786-0400] {processor.py:161} INFO - Started process (PID=460104) to work on /home/ironbong_jr/mlops/project/project/lib/python3.10/site-packages/airflow/example_dags/example_dag_decorator.py
[2024-03-13T16:09:30.790-0400] {processor.py:830} INFO - Processing file /home/ironbong_jr/mlops/project/project/lib/python3.10/site-packages/airflow/example_dags/example_dag_decorator.py for tasks to queue
[2024-03-13T16:09:30.791-0400] {logging_mixin.py:188} INFO - [2024-03-13T16:09:30.790-0400] {dagbag.py:540} INFO - Filling up the DagBag from /home/ironbong_jr/mlops/project/project/lib/python3.10/site-packages/airflow/example_dags/example_dag_decorator.py
[2024-03-13T16:09:30.834-0400] {processor.py:840} INFO - DAG(s) 'example_dag_decorator' retrieved from /home/ironbong_jr/mlops/project/project/lib/python3.10/site-packages/airflow/example_dags/example_dag_decorator.py
[2024-03-13T16:09:30.886-0400] {logging_mixin.py:188} INFO - [2024-03-13T16:09:30.885-0400] {dag.py:3047} INFO - Sync 1 DAGs
[2024-03-13T16:09:30.890-0400] {logging_mixin.py:188} INFO - [2024-03-13T16:09:30.890-0400] {dag.py:3834} INFO - Setting next_dagrun for example_dag_decorator to None, run_after=None
[2024-03-13T16:09:30.911-0400] {processor.py:183} INFO - Processing /home/ironbong_jr/mlops/project/project/lib/python3.10/site-packages/airflow/example_dags/example_dag_decorator.py took 0.127 seconds
[2024-03-13T16:10:20.256-0400] {processor.py:161} INFO - Started process (PID=460353) to work on /home/ironbong_jr/mlops/project/project/lib/python3.10/site-packages/airflow/example_dags/example_dag_decorator.py
[2024-03-13T16:10:20.260-0400] {processor.py:830} INFO - Processing file /home/ironbong_jr/mlops/project/project/lib/python3.10/site-packages/airflow/example_dags/example_dag_decorator.py for tasks to queue
[2024-03-13T16:10:20.261-0400] {logging_mixin.py:188} INFO - [2024-03-13T16:10:20.260-0400] {dagbag.py:540} INFO - Filling up the DagBag from /home/ironbong_jr/mlops/project/project/lib/python3.10/site-packages/airflow/example_dags/example_dag_decorator.py
[2024-03-13T16:10:20.302-0400] {processor.py:840} INFO - DAG(s) 'example_dag_decorator' retrieved from /home/ironbong_jr/mlops/project/project/lib/python3.10/site-packages/airflow/example_dags/example_dag_decorator.py
[2024-03-13T16:10:20.312-0400] {logging_mixin.py:188} INFO - [2024-03-13T16:10:20.312-0400] {dag.py:3047} INFO - Sync 1 DAGs
[2024-03-13T16:10:20.318-0400] {logging_mixin.py:188} INFO - [2024-03-13T16:10:20.318-0400] {dag.py:3834} INFO - Setting next_dagrun for example_dag_decorator to None, run_after=None
[2024-03-13T16:10:20.340-0400] {processor.py:183} INFO - Processing /home/ironbong_jr/mlops/project/project/lib/python3.10/site-packages/airflow/example_dags/example_dag_decorator.py took 0.086 seconds
[2024-03-13T16:11:09.272-0400] {processor.py:161} INFO - Started process (PID=460604) to work on /home/ironbong_jr/mlops/project/project/lib/python3.10/site-packages/airflow/example_dags/example_dag_decorator.py
[2024-03-13T16:11:09.275-0400] {processor.py:830} INFO - Processing file /home/ironbong_jr/mlops/project/project/lib/python3.10/site-packages/airflow/example_dags/example_dag_decorator.py for tasks to queue
[2024-03-13T16:11:09.276-0400] {logging_mixin.py:188} INFO - [2024-03-13T16:11:09.276-0400] {dagbag.py:540} INFO - Filling up the DagBag from /home/ironbong_jr/mlops/project/project/lib/python3.10/site-packages/airflow/example_dags/example_dag_decorator.py
[2024-03-13T16:11:09.318-0400] {processor.py:840} INFO - DAG(s) 'example_dag_decorator' retrieved from /home/ironbong_jr/mlops/project/project/lib/python3.10/site-packages/airflow/example_dags/example_dag_decorator.py
[2024-03-13T16:11:09.366-0400] {logging_mixin.py:188} INFO - [2024-03-13T16:11:09.366-0400] {dag.py:3047} INFO - Sync 1 DAGs
[2024-03-13T16:11:09.371-0400] {logging_mixin.py:188} INFO - [2024-03-13T16:11:09.371-0400] {dag.py:3834} INFO - Setting next_dagrun for example_dag_decorator to None, run_after=None
[2024-03-13T16:11:09.392-0400] {processor.py:183} INFO - Processing /home/ironbong_jr/mlops/project/project/lib/python3.10/site-packages/airflow/example_dags/example_dag_decorator.py took 0.123 seconds
[2024-03-13T16:11:58.179-0400] {processor.py:161} INFO - Started process (PID=460841) to work on /home/ironbong_jr/mlops/project/project/lib/python3.10/site-packages/airflow/example_dags/example_dag_decorator.py
[2024-03-13T16:11:58.183-0400] {processor.py:830} INFO - Processing file /home/ironbong_jr/mlops/project/project/lib/python3.10/site-packages/airflow/example_dags/example_dag_decorator.py for tasks to queue
[2024-03-13T16:11:58.184-0400] {logging_mixin.py:188} INFO - [2024-03-13T16:11:58.183-0400] {dagbag.py:540} INFO - Filling up the DagBag from /home/ironbong_jr/mlops/project/project/lib/python3.10/site-packages/airflow/example_dags/example_dag_decorator.py
[2024-03-13T16:11:58.225-0400] {processor.py:840} INFO - DAG(s) 'example_dag_decorator' retrieved from /home/ironbong_jr/mlops/project/project/lib/python3.10/site-packages/airflow/example_dags/example_dag_decorator.py
[2024-03-13T16:11:58.271-0400] {logging_mixin.py:188} INFO - [2024-03-13T16:11:58.270-0400] {dag.py:3047} INFO - Sync 1 DAGs
[2024-03-13T16:11:58.275-0400] {logging_mixin.py:188} INFO - [2024-03-13T16:11:58.275-0400] {dag.py:3834} INFO - Setting next_dagrun for example_dag_decorator to None, run_after=None
[2024-03-13T16:11:58.296-0400] {processor.py:183} INFO - Processing /home/ironbong_jr/mlops/project/project/lib/python3.10/site-packages/airflow/example_dags/example_dag_decorator.py took 0.119 seconds
[2024-03-13T16:12:49.530-0400] {processor.py:161} INFO - Started process (PID=461098) to work on /home/ironbong_jr/mlops/project/project/lib/python3.10/site-packages/airflow/example_dags/example_dag_decorator.py
[2024-03-13T16:12:49.532-0400] {processor.py:830} INFO - Processing file /home/ironbong_jr/mlops/project/project/lib/python3.10/site-packages/airflow/example_dags/example_dag_decorator.py for tasks to queue
[2024-03-13T16:12:49.533-0400] {logging_mixin.py:188} INFO - [2024-03-13T16:12:49.532-0400] {dagbag.py:540} INFO - Filling up the DagBag from /home/ironbong_jr/mlops/project/project/lib/python3.10/site-packages/airflow/example_dags/example_dag_decorator.py
[2024-03-13T16:12:49.587-0400] {processor.py:840} INFO - DAG(s) 'example_dag_decorator' retrieved from /home/ironbong_jr/mlops/project/project/lib/python3.10/site-packages/airflow/example_dags/example_dag_decorator.py
[2024-03-13T16:12:49.637-0400] {logging_mixin.py:188} INFO - [2024-03-13T16:12:49.637-0400] {dag.py:3047} INFO - Sync 1 DAGs
[2024-03-13T16:12:49.643-0400] {logging_mixin.py:188} INFO - [2024-03-13T16:12:49.642-0400] {dag.py:3834} INFO - Setting next_dagrun for example_dag_decorator to None, run_after=None
[2024-03-13T16:12:49.662-0400] {processor.py:183} INFO - Processing /home/ironbong_jr/mlops/project/project/lib/python3.10/site-packages/airflow/example_dags/example_dag_decorator.py took 0.134 seconds
