[2024-03-12T21:22:15.838-0400] {processor.py:161} INFO - Started process (PID=407084) to work on /home/ironbong_jr/mlops/project/project/lib/python3.10/site-packages/airflow/example_dags/example_latest_only_with_trigger.py
[2024-03-12T21:22:15.840-0400] {processor.py:830} INFO - Processing file /home/ironbong_jr/mlops/project/project/lib/python3.10/site-packages/airflow/example_dags/example_latest_only_with_trigger.py for tasks to queue
[2024-03-12T21:22:15.841-0400] {logging_mixin.py:188} INFO - [2024-03-12T21:22:15.841-0400] {dagbag.py:540} INFO - Filling up the DagBag from /home/ironbong_jr/mlops/project/project/lib/python3.10/site-packages/airflow/example_dags/example_latest_only_with_trigger.py
[2024-03-12T21:22:15.856-0400] {processor.py:840} INFO - DAG(s) 'latest_only_with_trigger' retrieved from /home/ironbong_jr/mlops/project/project/lib/python3.10/site-packages/airflow/example_dags/example_latest_only_with_trigger.py
[2024-03-12T21:22:16.197-0400] {logging_mixin.py:188} INFO - [2024-03-12T21:22:16.197-0400] {dag.py:3047} INFO - Sync 1 DAGs
[2024-03-12T21:22:16.220-0400] {logging_mixin.py:188} INFO - [2024-03-12T21:22:16.220-0400] {dag.py:3834} INFO - Setting next_dagrun for latest_only_with_trigger to 2024-03-12 20:00:00+00:00, run_after=2024-03-13 00:00:00+00:00
[2024-03-12T21:22:16.323-0400] {processor.py:183} INFO - Processing /home/ironbong_jr/mlops/project/project/lib/python3.10/site-packages/airflow/example_dags/example_latest_only_with_trigger.py took 0.490 seconds
[2024-03-12T21:24:07.892-0400] {processor.py:161} INFO - Started process (PID=407616) to work on /home/ironbong_jr/mlops/project/project/lib/python3.10/site-packages/airflow/example_dags/example_latest_only_with_trigger.py
[2024-03-12T21:24:07.896-0400] {processor.py:830} INFO - Processing file /home/ironbong_jr/mlops/project/project/lib/python3.10/site-packages/airflow/example_dags/example_latest_only_with_trigger.py for tasks to queue
[2024-03-12T21:24:07.898-0400] {logging_mixin.py:188} INFO - [2024-03-12T21:24:07.897-0400] {dagbag.py:540} INFO - Filling up the DagBag from /home/ironbong_jr/mlops/project/project/lib/python3.10/site-packages/airflow/example_dags/example_latest_only_with_trigger.py
[2024-03-12T21:24:07.917-0400] {processor.py:840} INFO - DAG(s) 'latest_only_with_trigger' retrieved from /home/ironbong_jr/mlops/project/project/lib/python3.10/site-packages/airflow/example_dags/example_latest_only_with_trigger.py
[2024-03-12T21:24:08.177-0400] {logging_mixin.py:188} INFO - [2024-03-12T21:24:08.176-0400] {dag.py:3047} INFO - Sync 1 DAGs
[2024-03-12T21:24:08.242-0400] {logging_mixin.py:188} INFO - [2024-03-12T21:24:08.241-0400] {dag.py:3834} INFO - Setting next_dagrun for latest_only_with_trigger to 2024-03-12 20:00:00+00:00, run_after=2024-03-13 00:00:00+00:00
[2024-03-12T21:24:08.311-0400] {processor.py:183} INFO - Processing /home/ironbong_jr/mlops/project/project/lib/python3.10/site-packages/airflow/example_dags/example_latest_only_with_trigger.py took 0.425 seconds
[2024-03-12T21:27:01.638-0400] {processor.py:161} INFO - Started process (PID=408365) to work on /home/ironbong_jr/mlops/project/project/lib/python3.10/site-packages/airflow/example_dags/example_latest_only_with_trigger.py
[2024-03-12T21:27:01.689-0400] {processor.py:830} INFO - Processing file /home/ironbong_jr/mlops/project/project/lib/python3.10/site-packages/airflow/example_dags/example_latest_only_with_trigger.py for tasks to queue
[2024-03-12T21:27:01.694-0400] {logging_mixin.py:188} INFO - [2024-03-12T21:27:01.692-0400] {dagbag.py:540} INFO - Filling up the DagBag from /home/ironbong_jr/mlops/project/project/lib/python3.10/site-packages/airflow/example_dags/example_latest_only_with_trigger.py
[2024-03-12T21:27:01.710-0400] {processor.py:840} INFO - DAG(s) 'latest_only_with_trigger' retrieved from /home/ironbong_jr/mlops/project/project/lib/python3.10/site-packages/airflow/example_dags/example_latest_only_with_trigger.py
[2024-03-12T21:27:01.751-0400] {logging_mixin.py:188} INFO - [2024-03-12T21:27:01.751-0400] {dag.py:3047} INFO - Sync 1 DAGs
[2024-03-12T21:27:01.807-0400] {logging_mixin.py:188} INFO - [2024-03-12T21:27:01.807-0400] {dag.py:3834} INFO - Setting next_dagrun for latest_only_with_trigger to 2024-03-12 20:00:00+00:00, run_after=2024-03-13 00:00:00+00:00
[2024-03-12T21:27:01.933-0400] {processor.py:183} INFO - Processing /home/ironbong_jr/mlops/project/project/lib/python3.10/site-packages/airflow/example_dags/example_latest_only_with_trigger.py took 0.305 seconds
[2024-03-12T21:28:40.941-0400] {processor.py:161} INFO - Started process (PID=408846) to work on /home/ironbong_jr/mlops/project/project/lib/python3.10/site-packages/airflow/example_dags/example_latest_only_with_trigger.py
[2024-03-12T21:28:40.992-0400] {processor.py:830} INFO - Processing file /home/ironbong_jr/mlops/project/project/lib/python3.10/site-packages/airflow/example_dags/example_latest_only_with_trigger.py for tasks to queue
[2024-03-12T21:28:40.994-0400] {logging_mixin.py:188} INFO - [2024-03-12T21:28:40.993-0400] {dagbag.py:540} INFO - Filling up the DagBag from /home/ironbong_jr/mlops/project/project/lib/python3.10/site-packages/airflow/example_dags/example_latest_only_with_trigger.py
[2024-03-12T21:28:41.010-0400] {processor.py:840} INFO - DAG(s) 'latest_only_with_trigger' retrieved from /home/ironbong_jr/mlops/project/project/lib/python3.10/site-packages/airflow/example_dags/example_latest_only_with_trigger.py
[2024-03-12T21:28:41.045-0400] {logging_mixin.py:188} INFO - [2024-03-12T21:28:41.045-0400] {dag.py:3047} INFO - Sync 1 DAGs
[2024-03-12T21:28:41.090-0400] {logging_mixin.py:188} INFO - [2024-03-12T21:28:41.089-0400] {dag.py:3834} INFO - Setting next_dagrun for latest_only_with_trigger to 2024-03-12 20:00:00+00:00, run_after=2024-03-13 00:00:00+00:00
[2024-03-12T21:28:41.197-0400] {processor.py:183} INFO - Processing /home/ironbong_jr/mlops/project/project/lib/python3.10/site-packages/airflow/example_dags/example_latest_only_with_trigger.py took 0.264 seconds
[2024-03-12T21:30:08.171-0400] {processor.py:161} INFO - Started process (PID=409270) to work on /home/ironbong_jr/mlops/project/project/lib/python3.10/site-packages/airflow/example_dags/example_latest_only_with_trigger.py
[2024-03-12T21:30:08.223-0400] {processor.py:830} INFO - Processing file /home/ironbong_jr/mlops/project/project/lib/python3.10/site-packages/airflow/example_dags/example_latest_only_with_trigger.py for tasks to queue
[2024-03-12T21:30:08.227-0400] {logging_mixin.py:188} INFO - [2024-03-12T21:30:08.225-0400] {dagbag.py:540} INFO - Filling up the DagBag from /home/ironbong_jr/mlops/project/project/lib/python3.10/site-packages/airflow/example_dags/example_latest_only_with_trigger.py
[2024-03-12T21:30:08.246-0400] {processor.py:840} INFO - DAG(s) 'latest_only_with_trigger' retrieved from /home/ironbong_jr/mlops/project/project/lib/python3.10/site-packages/airflow/example_dags/example_latest_only_with_trigger.py
[2024-03-12T21:30:08.299-0400] {logging_mixin.py:188} INFO - [2024-03-12T21:30:08.298-0400] {dag.py:3047} INFO - Sync 1 DAGs
[2024-03-12T21:30:08.379-0400] {logging_mixin.py:188} INFO - [2024-03-12T21:30:08.379-0400] {dag.py:3834} INFO - Setting next_dagrun for latest_only_with_trigger to 2024-03-12 20:00:00+00:00, run_after=2024-03-13 00:00:00+00:00
[2024-03-12T21:30:08.493-0400] {processor.py:183} INFO - Processing /home/ironbong_jr/mlops/project/project/lib/python3.10/site-packages/airflow/example_dags/example_latest_only_with_trigger.py took 0.329 seconds
[2024-03-12T21:31:47.809-0400] {processor.py:161} INFO - Started process (PID=409763) to work on /home/ironbong_jr/mlops/project/project/lib/python3.10/site-packages/airflow/example_dags/example_latest_only_with_trigger.py
[2024-03-12T21:31:47.841-0400] {processor.py:830} INFO - Processing file /home/ironbong_jr/mlops/project/project/lib/python3.10/site-packages/airflow/example_dags/example_latest_only_with_trigger.py for tasks to queue
[2024-03-12T21:31:47.844-0400] {logging_mixin.py:188} INFO - [2024-03-12T21:31:47.843-0400] {dagbag.py:540} INFO - Filling up the DagBag from /home/ironbong_jr/mlops/project/project/lib/python3.10/site-packages/airflow/example_dags/example_latest_only_with_trigger.py
[2024-03-12T21:31:47.862-0400] {processor.py:840} INFO - DAG(s) 'latest_only_with_trigger' retrieved from /home/ironbong_jr/mlops/project/project/lib/python3.10/site-packages/airflow/example_dags/example_latest_only_with_trigger.py
[2024-03-12T21:31:47.899-0400] {logging_mixin.py:188} INFO - [2024-03-12T21:31:47.899-0400] {dag.py:3047} INFO - Sync 1 DAGs
[2024-03-12T21:31:47.940-0400] {logging_mixin.py:188} INFO - [2024-03-12T21:31:47.939-0400] {dag.py:3834} INFO - Setting next_dagrun for latest_only_with_trigger to 2024-03-12 20:00:00+00:00, run_after=2024-03-13 00:00:00+00:00
[2024-03-12T21:31:47.987-0400] {processor.py:183} INFO - Processing /home/ironbong_jr/mlops/project/project/lib/python3.10/site-packages/airflow/example_dags/example_latest_only_with_trigger.py took 0.184 seconds
[2024-03-12T21:33:29.792-0400] {processor.py:161} INFO - Started process (PID=410325) to work on /home/ironbong_jr/mlops/project/project/lib/python3.10/site-packages/airflow/example_dags/example_latest_only_with_trigger.py
[2024-03-12T21:33:29.839-0400] {processor.py:830} INFO - Processing file /home/ironbong_jr/mlops/project/project/lib/python3.10/site-packages/airflow/example_dags/example_latest_only_with_trigger.py for tasks to queue
[2024-03-12T21:33:29.840-0400] {logging_mixin.py:188} INFO - [2024-03-12T21:33:29.840-0400] {dagbag.py:540} INFO - Filling up the DagBag from /home/ironbong_jr/mlops/project/project/lib/python3.10/site-packages/airflow/example_dags/example_latest_only_with_trigger.py
[2024-03-12T21:33:29.851-0400] {processor.py:840} INFO - DAG(s) 'latest_only_with_trigger' retrieved from /home/ironbong_jr/mlops/project/project/lib/python3.10/site-packages/airflow/example_dags/example_latest_only_with_trigger.py
[2024-03-12T21:33:29.876-0400] {logging_mixin.py:188} INFO - [2024-03-12T21:33:29.875-0400] {dag.py:3047} INFO - Sync 1 DAGs
[2024-03-12T21:33:29.905-0400] {logging_mixin.py:188} INFO - [2024-03-12T21:33:29.904-0400] {dag.py:3834} INFO - Setting next_dagrun for latest_only_with_trigger to 2024-03-12 20:00:00+00:00, run_after=2024-03-13 00:00:00+00:00
[2024-03-12T21:33:29.946-0400] {processor.py:183} INFO - Processing /home/ironbong_jr/mlops/project/project/lib/python3.10/site-packages/airflow/example_dags/example_latest_only_with_trigger.py took 0.159 seconds
[2024-03-12T21:34:58.398-0400] {processor.py:161} INFO - Started process (PID=410736) to work on /home/ironbong_jr/mlops/project/project/lib/python3.10/site-packages/airflow/example_dags/example_latest_only_with_trigger.py
[2024-03-12T21:34:58.448-0400] {processor.py:830} INFO - Processing file /home/ironbong_jr/mlops/project/project/lib/python3.10/site-packages/airflow/example_dags/example_latest_only_with_trigger.py for tasks to queue
[2024-03-12T21:34:58.451-0400] {logging_mixin.py:188} INFO - [2024-03-12T21:34:58.450-0400] {dagbag.py:540} INFO - Filling up the DagBag from /home/ironbong_jr/mlops/project/project/lib/python3.10/site-packages/airflow/example_dags/example_latest_only_with_trigger.py
[2024-03-12T21:34:58.465-0400] {processor.py:840} INFO - DAG(s) 'latest_only_with_trigger' retrieved from /home/ironbong_jr/mlops/project/project/lib/python3.10/site-packages/airflow/example_dags/example_latest_only_with_trigger.py
[2024-03-12T21:34:58.496-0400] {logging_mixin.py:188} INFO - [2024-03-12T21:34:58.495-0400] {dag.py:3047} INFO - Sync 1 DAGs
[2024-03-12T21:34:58.534-0400] {logging_mixin.py:188} INFO - [2024-03-12T21:34:58.534-0400] {dag.py:3834} INFO - Setting next_dagrun for latest_only_with_trigger to 2024-03-12 20:00:00+00:00, run_after=2024-03-13 00:00:00+00:00
[2024-03-12T21:34:58.582-0400] {processor.py:183} INFO - Processing /home/ironbong_jr/mlops/project/project/lib/python3.10/site-packages/airflow/example_dags/example_latest_only_with_trigger.py took 0.189 seconds
[2024-03-12T23:26:36.471-0400] {processor.py:161} INFO - Started process (PID=417785) to work on /home/ironbong_jr/mlops/project/project/lib/python3.10/site-packages/airflow/example_dags/example_latest_only_with_trigger.py
[2024-03-12T23:26:36.522-0400] {processor.py:830} INFO - Processing file /home/ironbong_jr/mlops/project/project/lib/python3.10/site-packages/airflow/example_dags/example_latest_only_with_trigger.py for tasks to queue
[2024-03-12T23:26:36.524-0400] {logging_mixin.py:188} INFO - [2024-03-12T23:26:36.523-0400] {dagbag.py:540} INFO - Filling up the DagBag from /home/ironbong_jr/mlops/project/project/lib/python3.10/site-packages/airflow/example_dags/example_latest_only_with_trigger.py
[2024-03-12T23:26:36.545-0400] {processor.py:840} INFO - DAG(s) 'latest_only_with_trigger' retrieved from /home/ironbong_jr/mlops/project/project/lib/python3.10/site-packages/airflow/example_dags/example_latest_only_with_trigger.py
[2024-03-12T23:26:37.010-0400] {logging_mixin.py:188} INFO - [2024-03-12T23:26:37.009-0400] {dag.py:3047} INFO - Sync 1 DAGs
[2024-03-12T23:26:37.046-0400] {logging_mixin.py:188} INFO - [2024-03-12T23:26:37.045-0400] {dag.py:3834} INFO - Setting next_dagrun for latest_only_with_trigger to 2024-03-12 20:00:00+00:00, run_after=2024-03-13 00:00:00+00:00
[2024-03-12T23:26:37.149-0400] {processor.py:183} INFO - Processing /home/ironbong_jr/mlops/project/project/lib/python3.10/site-packages/airflow/example_dags/example_latest_only_with_trigger.py took 0.688 seconds
[2024-03-12T23:29:49.666-0400] {processor.py:161} INFO - Started process (PID=418555) to work on /home/ironbong_jr/mlops/project/project/lib/python3.10/site-packages/airflow/example_dags/example_latest_only_with_trigger.py
[2024-03-12T23:29:49.713-0400] {processor.py:830} INFO - Processing file /home/ironbong_jr/mlops/project/project/lib/python3.10/site-packages/airflow/example_dags/example_latest_only_with_trigger.py for tasks to queue
[2024-03-12T23:29:49.717-0400] {logging_mixin.py:188} INFO - [2024-03-12T23:29:49.715-0400] {dagbag.py:540} INFO - Filling up the DagBag from /home/ironbong_jr/mlops/project/project/lib/python3.10/site-packages/airflow/example_dags/example_latest_only_with_trigger.py
[2024-03-12T23:29:49.739-0400] {processor.py:840} INFO - DAG(s) 'latest_only_with_trigger' retrieved from /home/ironbong_jr/mlops/project/project/lib/python3.10/site-packages/airflow/example_dags/example_latest_only_with_trigger.py
[2024-03-12T23:29:49.794-0400] {logging_mixin.py:188} INFO - [2024-03-12T23:29:49.793-0400] {dag.py:3047} INFO - Sync 1 DAGs
[2024-03-12T23:29:49.864-0400] {logging_mixin.py:188} INFO - [2024-03-12T23:29:49.864-0400] {dag.py:3834} INFO - Setting next_dagrun for latest_only_with_trigger to 2024-03-12 20:00:00+00:00, run_after=2024-03-13 00:00:00+00:00
[2024-03-12T23:29:49.979-0400] {processor.py:183} INFO - Processing /home/ironbong_jr/mlops/project/project/lib/python3.10/site-packages/airflow/example_dags/example_latest_only_with_trigger.py took 0.323 seconds
[2024-03-12T23:31:38.469-0400] {processor.py:161} INFO - Started process (PID=419026) to work on /home/ironbong_jr/mlops/project/project/lib/python3.10/site-packages/airflow/example_dags/example_latest_only_with_trigger.py
[2024-03-12T23:31:38.520-0400] {processor.py:830} INFO - Processing file /home/ironbong_jr/mlops/project/project/lib/python3.10/site-packages/airflow/example_dags/example_latest_only_with_trigger.py for tasks to queue
[2024-03-12T23:31:38.523-0400] {logging_mixin.py:188} INFO - [2024-03-12T23:31:38.522-0400] {dagbag.py:540} INFO - Filling up the DagBag from /home/ironbong_jr/mlops/project/project/lib/python3.10/site-packages/airflow/example_dags/example_latest_only_with_trigger.py
[2024-03-12T23:31:38.538-0400] {processor.py:840} INFO - DAG(s) 'latest_only_with_trigger' retrieved from /home/ironbong_jr/mlops/project/project/lib/python3.10/site-packages/airflow/example_dags/example_latest_only_with_trigger.py
[2024-03-12T23:31:38.572-0400] {logging_mixin.py:188} INFO - [2024-03-12T23:31:38.571-0400] {dag.py:3047} INFO - Sync 1 DAGs
[2024-03-12T23:31:38.603-0400] {logging_mixin.py:188} INFO - [2024-03-12T23:31:38.603-0400] {dag.py:3834} INFO - Setting next_dagrun for latest_only_with_trigger to 2024-03-12 20:00:00+00:00, run_after=2024-03-13 00:00:00+00:00
[2024-03-12T23:31:38.647-0400] {processor.py:183} INFO - Processing /home/ironbong_jr/mlops/project/project/lib/python3.10/site-packages/airflow/example_dags/example_latest_only_with_trigger.py took 0.184 seconds
[2024-03-12T23:42:33.476-0400] {processor.py:161} INFO - Started process (PID=421638) to work on /home/ironbong_jr/mlops/project/project/lib/python3.10/site-packages/airflow/example_dags/example_latest_only_with_trigger.py
[2024-03-12T23:42:33.531-0400] {processor.py:830} INFO - Processing file /home/ironbong_jr/mlops/project/project/lib/python3.10/site-packages/airflow/example_dags/example_latest_only_with_trigger.py for tasks to queue
[2024-03-12T23:42:33.534-0400] {logging_mixin.py:188} INFO - [2024-03-12T23:42:33.533-0400] {dagbag.py:540} INFO - Filling up the DagBag from /home/ironbong_jr/mlops/project/project/lib/python3.10/site-packages/airflow/example_dags/example_latest_only_with_trigger.py
[2024-03-12T23:42:33.556-0400] {processor.py:840} INFO - DAG(s) 'latest_only_with_trigger' retrieved from /home/ironbong_jr/mlops/project/project/lib/python3.10/site-packages/airflow/example_dags/example_latest_only_with_trigger.py
[2024-03-12T23:42:33.924-0400] {logging_mixin.py:188} INFO - [2024-03-12T23:42:33.924-0400] {dag.py:3047} INFO - Sync 1 DAGs
[2024-03-12T23:42:33.954-0400] {logging_mixin.py:188} INFO - [2024-03-12T23:42:33.954-0400] {dag.py:3834} INFO - Setting next_dagrun for latest_only_with_trigger to 2024-03-12 20:00:00+00:00, run_after=2024-03-13 00:00:00+00:00
[2024-03-12T23:42:34.054-0400] {processor.py:183} INFO - Processing /home/ironbong_jr/mlops/project/project/lib/python3.10/site-packages/airflow/example_dags/example_latest_only_with_trigger.py took 0.585 seconds
[2024-03-12T23:44:34.025-0400] {processor.py:161} INFO - Started process (PID=422144) to work on /home/ironbong_jr/mlops/project/project/lib/python3.10/site-packages/airflow/example_dags/example_latest_only_with_trigger.py
[2024-03-12T23:44:34.078-0400] {processor.py:830} INFO - Processing file /home/ironbong_jr/mlops/project/project/lib/python3.10/site-packages/airflow/example_dags/example_latest_only_with_trigger.py for tasks to queue
[2024-03-12T23:44:34.082-0400] {logging_mixin.py:188} INFO - [2024-03-12T23:44:34.080-0400] {dagbag.py:540} INFO - Filling up the DagBag from /home/ironbong_jr/mlops/project/project/lib/python3.10/site-packages/airflow/example_dags/example_latest_only_with_trigger.py
[2024-03-12T23:44:34.098-0400] {processor.py:840} INFO - DAG(s) 'latest_only_with_trigger' retrieved from /home/ironbong_jr/mlops/project/project/lib/python3.10/site-packages/airflow/example_dags/example_latest_only_with_trigger.py
[2024-03-12T23:44:34.298-0400] {logging_mixin.py:188} INFO - [2024-03-12T23:44:34.297-0400] {dag.py:3047} INFO - Sync 1 DAGs
[2024-03-12T23:44:34.327-0400] {logging_mixin.py:188} INFO - [2024-03-12T23:44:34.326-0400] {dag.py:3834} INFO - Setting next_dagrun for latest_only_with_trigger to 2024-03-12 20:00:00+00:00, run_after=2024-03-13 00:00:00+00:00
[2024-03-12T23:44:34.412-0400] {processor.py:183} INFO - Processing /home/ironbong_jr/mlops/project/project/lib/python3.10/site-packages/airflow/example_dags/example_latest_only_with_trigger.py took 0.392 seconds
[2024-03-12T23:46:12.773-0400] {processor.py:161} INFO - Started process (PID=422721) to work on /home/ironbong_jr/mlops/project/project/lib/python3.10/site-packages/airflow/example_dags/example_latest_only_with_trigger.py
[2024-03-12T23:46:12.777-0400] {processor.py:830} INFO - Processing file /home/ironbong_jr/mlops/project/project/lib/python3.10/site-packages/airflow/example_dags/example_latest_only_with_trigger.py for tasks to queue
[2024-03-12T23:46:12.787-0400] {logging_mixin.py:188} INFO - [2024-03-12T23:46:12.778-0400] {dagbag.py:540} INFO - Filling up the DagBag from /home/ironbong_jr/mlops/project/project/lib/python3.10/site-packages/airflow/example_dags/example_latest_only_with_trigger.py
[2024-03-12T23:46:12.811-0400] {processor.py:840} INFO - DAG(s) 'latest_only_with_trigger' retrieved from /home/ironbong_jr/mlops/project/project/lib/python3.10/site-packages/airflow/example_dags/example_latest_only_with_trigger.py
[2024-03-12T23:46:12.887-0400] {logging_mixin.py:188} INFO - [2024-03-12T23:46:12.886-0400] {dag.py:3047} INFO - Sync 1 DAGs
[2024-03-12T23:46:12.956-0400] {logging_mixin.py:188} INFO - [2024-03-12T23:46:12.956-0400] {dag.py:3834} INFO - Setting next_dagrun for latest_only_with_trigger to 2024-03-12 20:00:00+00:00, run_after=2024-03-13 00:00:00+00:00
[2024-03-12T23:46:13.021-0400] {processor.py:183} INFO - Processing /home/ironbong_jr/mlops/project/project/lib/python3.10/site-packages/airflow/example_dags/example_latest_only_with_trigger.py took 0.275 seconds
[2024-03-12T23:48:23.120-0400] {processor.py:161} INFO - Started process (PID=423338) to work on /home/ironbong_jr/mlops/project/project/lib/python3.10/site-packages/airflow/example_dags/example_latest_only_with_trigger.py
[2024-03-12T23:48:23.123-0400] {processor.py:830} INFO - Processing file /home/ironbong_jr/mlops/project/project/lib/python3.10/site-packages/airflow/example_dags/example_latest_only_with_trigger.py for tasks to queue
[2024-03-12T23:48:23.127-0400] {logging_mixin.py:188} INFO - [2024-03-12T23:48:23.124-0400] {dagbag.py:540} INFO - Filling up the DagBag from /home/ironbong_jr/mlops/project/project/lib/python3.10/site-packages/airflow/example_dags/example_latest_only_with_trigger.py
[2024-03-12T23:48:23.140-0400] {processor.py:840} INFO - DAG(s) 'latest_only_with_trigger' retrieved from /home/ironbong_jr/mlops/project/project/lib/python3.10/site-packages/airflow/example_dags/example_latest_only_with_trigger.py
[2024-03-12T23:48:23.181-0400] {logging_mixin.py:188} INFO - [2024-03-12T23:48:23.180-0400] {dag.py:3047} INFO - Sync 1 DAGs
[2024-03-12T23:48:23.228-0400] {logging_mixin.py:188} INFO - [2024-03-12T23:48:23.227-0400] {dag.py:3834} INFO - Setting next_dagrun for latest_only_with_trigger to 2024-03-12 20:00:00+00:00, run_after=2024-03-13 00:00:00+00:00
[2024-03-12T23:48:23.337-0400] {processor.py:183} INFO - Processing /home/ironbong_jr/mlops/project/project/lib/python3.10/site-packages/airflow/example_dags/example_latest_only_with_trigger.py took 0.222 seconds
[2024-03-12T23:49:51.323-0400] {processor.py:161} INFO - Started process (PID=423739) to work on /home/ironbong_jr/mlops/project/project/lib/python3.10/site-packages/airflow/example_dags/example_latest_only_with_trigger.py
[2024-03-12T23:49:51.375-0400] {processor.py:830} INFO - Processing file /home/ironbong_jr/mlops/project/project/lib/python3.10/site-packages/airflow/example_dags/example_latest_only_with_trigger.py for tasks to queue
[2024-03-12T23:49:51.378-0400] {logging_mixin.py:188} INFO - [2024-03-12T23:49:51.377-0400] {dagbag.py:540} INFO - Filling up the DagBag from /home/ironbong_jr/mlops/project/project/lib/python3.10/site-packages/airflow/example_dags/example_latest_only_with_trigger.py
[2024-03-12T23:49:51.391-0400] {processor.py:840} INFO - DAG(s) 'latest_only_with_trigger' retrieved from /home/ironbong_jr/mlops/project/project/lib/python3.10/site-packages/airflow/example_dags/example_latest_only_with_trigger.py
[2024-03-12T23:49:51.425-0400] {logging_mixin.py:188} INFO - [2024-03-12T23:49:51.424-0400] {dag.py:3047} INFO - Sync 1 DAGs
[2024-03-12T23:49:51.473-0400] {logging_mixin.py:188} INFO - [2024-03-12T23:49:51.472-0400] {dag.py:3834} INFO - Setting next_dagrun for latest_only_with_trigger to 2024-03-12 20:00:00+00:00, run_after=2024-03-13 00:00:00+00:00
[2024-03-12T23:49:51.565-0400] {processor.py:183} INFO - Processing /home/ironbong_jr/mlops/project/project/lib/python3.10/site-packages/airflow/example_dags/example_latest_only_with_trigger.py took 0.247 seconds
[2024-03-12T23:51:17.831-0400] {processor.py:161} INFO - Started process (PID=424192) to work on /home/ironbong_jr/mlops/project/project/lib/python3.10/site-packages/airflow/example_dags/example_latest_only_with_trigger.py
[2024-03-12T23:51:17.835-0400] {processor.py:830} INFO - Processing file /home/ironbong_jr/mlops/project/project/lib/python3.10/site-packages/airflow/example_dags/example_latest_only_with_trigger.py for tasks to queue
[2024-03-12T23:51:17.836-0400] {logging_mixin.py:188} INFO - [2024-03-12T23:51:17.835-0400] {dagbag.py:540} INFO - Filling up the DagBag from /home/ironbong_jr/mlops/project/project/lib/python3.10/site-packages/airflow/example_dags/example_latest_only_with_trigger.py
[2024-03-12T23:51:17.854-0400] {processor.py:840} INFO - DAG(s) 'latest_only_with_trigger' retrieved from /home/ironbong_jr/mlops/project/project/lib/python3.10/site-packages/airflow/example_dags/example_latest_only_with_trigger.py
[2024-03-12T23:51:17.888-0400] {logging_mixin.py:188} INFO - [2024-03-12T23:51:17.888-0400] {dag.py:3047} INFO - Sync 1 DAGs
[2024-03-12T23:51:17.966-0400] {logging_mixin.py:188} INFO - [2024-03-12T23:51:17.966-0400] {dag.py:3834} INFO - Setting next_dagrun for latest_only_with_trigger to 2024-03-12 20:00:00+00:00, run_after=2024-03-13 00:00:00+00:00
[2024-03-12T23:51:18.074-0400] {processor.py:183} INFO - Processing /home/ironbong_jr/mlops/project/project/lib/python3.10/site-packages/airflow/example_dags/example_latest_only_with_trigger.py took 0.254 seconds
[2024-03-12T23:52:44.661-0400] {processor.py:161} INFO - Started process (PID=424683) to work on /home/ironbong_jr/mlops/project/project/lib/python3.10/site-packages/airflow/example_dags/example_latest_only_with_trigger.py
[2024-03-12T23:52:44.712-0400] {processor.py:830} INFO - Processing file /home/ironbong_jr/mlops/project/project/lib/python3.10/site-packages/airflow/example_dags/example_latest_only_with_trigger.py for tasks to queue
[2024-03-12T23:52:44.714-0400] {logging_mixin.py:188} INFO - [2024-03-12T23:52:44.713-0400] {dagbag.py:540} INFO - Filling up the DagBag from /home/ironbong_jr/mlops/project/project/lib/python3.10/site-packages/airflow/example_dags/example_latest_only_with_trigger.py
[2024-03-12T23:52:44.726-0400] {processor.py:840} INFO - DAG(s) 'latest_only_with_trigger' retrieved from /home/ironbong_jr/mlops/project/project/lib/python3.10/site-packages/airflow/example_dags/example_latest_only_with_trigger.py
[2024-03-12T23:52:44.755-0400] {logging_mixin.py:188} INFO - [2024-03-12T23:52:44.755-0400] {dag.py:3047} INFO - Sync 1 DAGs
[2024-03-12T23:52:44.796-0400] {logging_mixin.py:188} INFO - [2024-03-12T23:52:44.795-0400] {dag.py:3834} INFO - Setting next_dagrun for latest_only_with_trigger to 2024-03-12 20:00:00+00:00, run_after=2024-03-13 00:00:00+00:00
[2024-03-12T23:52:44.892-0400] {processor.py:183} INFO - Processing /home/ironbong_jr/mlops/project/project/lib/python3.10/site-packages/airflow/example_dags/example_latest_only_with_trigger.py took 0.237 seconds
[2024-03-12T23:54:19.002-0400] {processor.py:161} INFO - Started process (PID=425157) to work on /home/ironbong_jr/mlops/project/project/lib/python3.10/site-packages/airflow/example_dags/example_latest_only_with_trigger.py
[2024-03-12T23:54:19.053-0400] {processor.py:830} INFO - Processing file /home/ironbong_jr/mlops/project/project/lib/python3.10/site-packages/airflow/example_dags/example_latest_only_with_trigger.py for tasks to queue
[2024-03-12T23:54:19.056-0400] {logging_mixin.py:188} INFO - [2024-03-12T23:54:19.054-0400] {dagbag.py:540} INFO - Filling up the DagBag from /home/ironbong_jr/mlops/project/project/lib/python3.10/site-packages/airflow/example_dags/example_latest_only_with_trigger.py
[2024-03-12T23:54:19.070-0400] {processor.py:840} INFO - DAG(s) 'latest_only_with_trigger' retrieved from /home/ironbong_jr/mlops/project/project/lib/python3.10/site-packages/airflow/example_dags/example_latest_only_with_trigger.py
[2024-03-12T23:54:19.110-0400] {logging_mixin.py:188} INFO - [2024-03-12T23:54:19.109-0400] {dag.py:3047} INFO - Sync 1 DAGs
[2024-03-12T23:54:19.175-0400] {logging_mixin.py:188} INFO - [2024-03-12T23:54:19.175-0400] {dag.py:3834} INFO - Setting next_dagrun for latest_only_with_trigger to 2024-03-12 20:00:00+00:00, run_after=2024-03-13 00:00:00+00:00
[2024-03-12T23:54:19.292-0400] {processor.py:183} INFO - Processing /home/ironbong_jr/mlops/project/project/lib/python3.10/site-packages/airflow/example_dags/example_latest_only_with_trigger.py took 0.296 seconds
[2024-03-12T23:55:57.026-0400] {processor.py:161} INFO - Started process (PID=425588) to work on /home/ironbong_jr/mlops/project/project/lib/python3.10/site-packages/airflow/example_dags/example_latest_only_with_trigger.py
[2024-03-12T23:55:57.076-0400] {processor.py:830} INFO - Processing file /home/ironbong_jr/mlops/project/project/lib/python3.10/site-packages/airflow/example_dags/example_latest_only_with_trigger.py for tasks to queue
[2024-03-12T23:55:57.078-0400] {logging_mixin.py:188} INFO - [2024-03-12T23:55:57.077-0400] {dagbag.py:540} INFO - Filling up the DagBag from /home/ironbong_jr/mlops/project/project/lib/python3.10/site-packages/airflow/example_dags/example_latest_only_with_trigger.py
[2024-03-12T23:55:57.090-0400] {processor.py:840} INFO - DAG(s) 'latest_only_with_trigger' retrieved from /home/ironbong_jr/mlops/project/project/lib/python3.10/site-packages/airflow/example_dags/example_latest_only_with_trigger.py
[2024-03-12T23:55:57.120-0400] {logging_mixin.py:188} INFO - [2024-03-12T23:55:57.120-0400] {dag.py:3047} INFO - Sync 1 DAGs
[2024-03-12T23:55:57.154-0400] {logging_mixin.py:188} INFO - [2024-03-12T23:55:57.154-0400] {dag.py:3834} INFO - Setting next_dagrun for latest_only_with_trigger to 2024-03-12 20:00:00+00:00, run_after=2024-03-13 00:00:00+00:00
[2024-03-12T23:55:57.187-0400] {processor.py:183} INFO - Processing /home/ironbong_jr/mlops/project/project/lib/python3.10/site-packages/airflow/example_dags/example_latest_only_with_trigger.py took 0.166 seconds
[2024-03-13T00:30:23.248-0400] {processor.py:161} INFO - Started process (PID=432895) to work on /home/ironbong_jr/mlops/project/project/lib/python3.10/site-packages/airflow/example_dags/example_latest_only_with_trigger.py
[2024-03-13T00:30:23.253-0400] {processor.py:830} INFO - Processing file /home/ironbong_jr/mlops/project/project/lib/python3.10/site-packages/airflow/example_dags/example_latest_only_with_trigger.py for tasks to queue
[2024-03-13T00:30:23.255-0400] {logging_mixin.py:188} INFO - [2024-03-13T00:30:23.254-0400] {dagbag.py:540} INFO - Filling up the DagBag from /home/ironbong_jr/mlops/project/project/lib/python3.10/site-packages/airflow/example_dags/example_latest_only_with_trigger.py
[2024-03-13T00:30:23.274-0400] {processor.py:840} INFO - DAG(s) 'latest_only_with_trigger' retrieved from /home/ironbong_jr/mlops/project/project/lib/python3.10/site-packages/airflow/example_dags/example_latest_only_with_trigger.py
[2024-03-13T00:30:23.656-0400] {logging_mixin.py:188} INFO - [2024-03-13T00:30:23.656-0400] {dag.py:3047} INFO - Sync 1 DAGs
[2024-03-13T00:30:23.683-0400] {logging_mixin.py:188} INFO - [2024-03-13T00:30:23.682-0400] {dag.py:3834} INFO - Setting next_dagrun for latest_only_with_trigger to 2024-03-13 00:00:00+00:00, run_after=2024-03-13 04:00:00+00:00
[2024-03-13T00:30:23.776-0400] {processor.py:183} INFO - Processing /home/ironbong_jr/mlops/project/project/lib/python3.10/site-packages/airflow/example_dags/example_latest_only_with_trigger.py took 0.533 seconds
[2024-03-13T00:32:12.942-0400] {processor.py:161} INFO - Started process (PID=433416) to work on /home/ironbong_jr/mlops/project/project/lib/python3.10/site-packages/airflow/example_dags/example_latest_only_with_trigger.py
[2024-03-13T00:32:12.957-0400] {processor.py:830} INFO - Processing file /home/ironbong_jr/mlops/project/project/lib/python3.10/site-packages/airflow/example_dags/example_latest_only_with_trigger.py for tasks to queue
[2024-03-13T00:32:12.960-0400] {logging_mixin.py:188} INFO - [2024-03-13T00:32:12.959-0400] {dagbag.py:540} INFO - Filling up the DagBag from /home/ironbong_jr/mlops/project/project/lib/python3.10/site-packages/airflow/example_dags/example_latest_only_with_trigger.py
[2024-03-13T00:32:13.006-0400] {processor.py:840} INFO - DAG(s) 'latest_only_with_trigger' retrieved from /home/ironbong_jr/mlops/project/project/lib/python3.10/site-packages/airflow/example_dags/example_latest_only_with_trigger.py
[2024-03-13T00:32:13.070-0400] {logging_mixin.py:188} INFO - [2024-03-13T00:32:13.069-0400] {dag.py:3047} INFO - Sync 1 DAGs
[2024-03-13T00:32:13.254-0400] {logging_mixin.py:188} INFO - [2024-03-13T00:32:13.254-0400] {dag.py:3834} INFO - Setting next_dagrun for latest_only_with_trigger to 2024-03-13 00:00:00+00:00, run_after=2024-03-13 04:00:00+00:00
[2024-03-13T00:32:13.341-0400] {processor.py:183} INFO - Processing /home/ironbong_jr/mlops/project/project/lib/python3.10/site-packages/airflow/example_dags/example_latest_only_with_trigger.py took 0.409 seconds
[2024-03-13T00:36:06.912-0400] {processor.py:161} INFO - Started process (PID=434368) to work on /home/ironbong_jr/mlops/project/project/lib/python3.10/site-packages/airflow/example_dags/example_latest_only_with_trigger.py
[2024-03-13T00:36:06.965-0400] {processor.py:830} INFO - Processing file /home/ironbong_jr/mlops/project/project/lib/python3.10/site-packages/airflow/example_dags/example_latest_only_with_trigger.py for tasks to queue
[2024-03-13T00:36:06.968-0400] {logging_mixin.py:188} INFO - [2024-03-13T00:36:06.967-0400] {dagbag.py:540} INFO - Filling up the DagBag from /home/ironbong_jr/mlops/project/project/lib/python3.10/site-packages/airflow/example_dags/example_latest_only_with_trigger.py
[2024-03-13T00:36:06.983-0400] {processor.py:840} INFO - DAG(s) 'latest_only_with_trigger' retrieved from /home/ironbong_jr/mlops/project/project/lib/python3.10/site-packages/airflow/example_dags/example_latest_only_with_trigger.py
[2024-03-13T00:36:07.022-0400] {logging_mixin.py:188} INFO - [2024-03-13T00:36:07.022-0400] {dag.py:3047} INFO - Sync 1 DAGs
[2024-03-13T00:36:07.056-0400] {logging_mixin.py:188} INFO - [2024-03-13T00:36:07.055-0400] {dag.py:3834} INFO - Setting next_dagrun for latest_only_with_trigger to 2024-03-13 00:00:00+00:00, run_after=2024-03-13 04:00:00+00:00
[2024-03-13T00:36:07.165-0400] {processor.py:183} INFO - Processing /home/ironbong_jr/mlops/project/project/lib/python3.10/site-packages/airflow/example_dags/example_latest_only_with_trigger.py took 0.259 seconds
[2024-03-13T00:38:17.625-0400] {processor.py:161} INFO - Started process (PID=435015) to work on /home/ironbong_jr/mlops/project/project/lib/python3.10/site-packages/airflow/example_dags/example_latest_only_with_trigger.py
[2024-03-13T00:38:17.672-0400] {processor.py:830} INFO - Processing file /home/ironbong_jr/mlops/project/project/lib/python3.10/site-packages/airflow/example_dags/example_latest_only_with_trigger.py for tasks to queue
[2024-03-13T00:38:17.676-0400] {logging_mixin.py:188} INFO - [2024-03-13T00:38:17.674-0400] {dagbag.py:540} INFO - Filling up the DagBag from /home/ironbong_jr/mlops/project/project/lib/python3.10/site-packages/airflow/example_dags/example_latest_only_with_trigger.py
[2024-03-13T00:38:17.690-0400] {processor.py:840} INFO - DAG(s) 'latest_only_with_trigger' retrieved from /home/ironbong_jr/mlops/project/project/lib/python3.10/site-packages/airflow/example_dags/example_latest_only_with_trigger.py
[2024-03-13T00:38:17.719-0400] {logging_mixin.py:188} INFO - [2024-03-13T00:38:17.718-0400] {dag.py:3047} INFO - Sync 1 DAGs
[2024-03-13T00:38:17.751-0400] {logging_mixin.py:188} INFO - [2024-03-13T00:38:17.751-0400] {dag.py:3834} INFO - Setting next_dagrun for latest_only_with_trigger to 2024-03-13 00:00:00+00:00, run_after=2024-03-13 04:00:00+00:00
[2024-03-13T00:38:17.837-0400] {processor.py:183} INFO - Processing /home/ironbong_jr/mlops/project/project/lib/python3.10/site-packages/airflow/example_dags/example_latest_only_with_trigger.py took 0.219 seconds
[2024-03-13T00:39:55.091-0400] {processor.py:161} INFO - Started process (PID=435444) to work on /home/ironbong_jr/mlops/project/project/lib/python3.10/site-packages/airflow/example_dags/example_latest_only_with_trigger.py
[2024-03-13T00:39:55.144-0400] {processor.py:830} INFO - Processing file /home/ironbong_jr/mlops/project/project/lib/python3.10/site-packages/airflow/example_dags/example_latest_only_with_trigger.py for tasks to queue
[2024-03-13T00:39:55.147-0400] {logging_mixin.py:188} INFO - [2024-03-13T00:39:55.146-0400] {dagbag.py:540} INFO - Filling up the DagBag from /home/ironbong_jr/mlops/project/project/lib/python3.10/site-packages/airflow/example_dags/example_latest_only_with_trigger.py
[2024-03-13T00:39:55.168-0400] {processor.py:840} INFO - DAG(s) 'latest_only_with_trigger' retrieved from /home/ironbong_jr/mlops/project/project/lib/python3.10/site-packages/airflow/example_dags/example_latest_only_with_trigger.py
[2024-03-13T00:39:55.204-0400] {logging_mixin.py:188} INFO - [2024-03-13T00:39:55.203-0400] {dag.py:3047} INFO - Sync 1 DAGs
[2024-03-13T00:39:55.242-0400] {logging_mixin.py:188} INFO - [2024-03-13T00:39:55.241-0400] {dag.py:3834} INFO - Setting next_dagrun for latest_only_with_trigger to 2024-03-13 00:00:00+00:00, run_after=2024-03-13 04:00:00+00:00
[2024-03-13T00:39:55.343-0400] {processor.py:183} INFO - Processing /home/ironbong_jr/mlops/project/project/lib/python3.10/site-packages/airflow/example_dags/example_latest_only_with_trigger.py took 0.261 seconds
[2024-03-13T00:42:28.419-0400] {processor.py:161} INFO - Started process (PID=436098) to work on /home/ironbong_jr/mlops/project/project/lib/python3.10/site-packages/airflow/example_dags/example_latest_only_with_trigger.py
[2024-03-13T00:42:28.423-0400] {processor.py:830} INFO - Processing file /home/ironbong_jr/mlops/project/project/lib/python3.10/site-packages/airflow/example_dags/example_latest_only_with_trigger.py for tasks to queue
[2024-03-13T00:42:28.425-0400] {logging_mixin.py:188} INFO - [2024-03-13T00:42:28.424-0400] {dagbag.py:540} INFO - Filling up the DagBag from /home/ironbong_jr/mlops/project/project/lib/python3.10/site-packages/airflow/example_dags/example_latest_only_with_trigger.py
[2024-03-13T00:42:28.435-0400] {processor.py:840} INFO - DAG(s) 'latest_only_with_trigger' retrieved from /home/ironbong_jr/mlops/project/project/lib/python3.10/site-packages/airflow/example_dags/example_latest_only_with_trigger.py
[2024-03-13T00:42:28.459-0400] {logging_mixin.py:188} INFO - [2024-03-13T00:42:28.459-0400] {dag.py:3047} INFO - Sync 1 DAGs
[2024-03-13T00:42:28.481-0400] {logging_mixin.py:188} INFO - [2024-03-13T00:42:28.480-0400] {dag.py:3834} INFO - Setting next_dagrun for latest_only_with_trigger to 2024-03-13 00:00:00+00:00, run_after=2024-03-13 04:00:00+00:00
[2024-03-13T00:42:28.518-0400] {processor.py:183} INFO - Processing /home/ironbong_jr/mlops/project/project/lib/python3.10/site-packages/airflow/example_dags/example_latest_only_with_trigger.py took 0.114 seconds
[2024-03-13T00:44:53.155-0400] {processor.py:161} INFO - Started process (PID=436810) to work on /home/ironbong_jr/mlops/project/project/lib/python3.10/site-packages/airflow/example_dags/example_latest_only_with_trigger.py
[2024-03-13T00:44:53.202-0400] {processor.py:830} INFO - Processing file /home/ironbong_jr/mlops/project/project/lib/python3.10/site-packages/airflow/example_dags/example_latest_only_with_trigger.py for tasks to queue
[2024-03-13T00:44:53.205-0400] {logging_mixin.py:188} INFO - [2024-03-13T00:44:53.203-0400] {dagbag.py:540} INFO - Filling up the DagBag from /home/ironbong_jr/mlops/project/project/lib/python3.10/site-packages/airflow/example_dags/example_latest_only_with_trigger.py
[2024-03-13T00:44:53.217-0400] {processor.py:840} INFO - DAG(s) 'latest_only_with_trigger' retrieved from /home/ironbong_jr/mlops/project/project/lib/python3.10/site-packages/airflow/example_dags/example_latest_only_with_trigger.py
[2024-03-13T00:44:53.242-0400] {logging_mixin.py:188} INFO - [2024-03-13T00:44:53.242-0400] {dag.py:3047} INFO - Sync 1 DAGs
[2024-03-13T00:44:53.264-0400] {logging_mixin.py:188} INFO - [2024-03-13T00:44:53.264-0400] {dag.py:3834} INFO - Setting next_dagrun for latest_only_with_trigger to 2024-03-13 00:00:00+00:00, run_after=2024-03-13 04:00:00+00:00
[2024-03-13T00:44:53.307-0400] {processor.py:183} INFO - Processing /home/ironbong_jr/mlops/project/project/lib/python3.10/site-packages/airflow/example_dags/example_latest_only_with_trigger.py took 0.158 seconds
[2024-03-13T15:49:29.154-0400] {processor.py:161} INFO - Started process (PID=453805) to work on /home/ironbong_jr/mlops/project/project/lib/python3.10/site-packages/airflow/example_dags/example_latest_only_with_trigger.py
[2024-03-13T15:49:29.157-0400] {processor.py:830} INFO - Processing file /home/ironbong_jr/mlops/project/project/lib/python3.10/site-packages/airflow/example_dags/example_latest_only_with_trigger.py for tasks to queue
[2024-03-13T15:49:29.158-0400] {logging_mixin.py:188} INFO - [2024-03-13T15:49:29.158-0400] {dagbag.py:540} INFO - Filling up the DagBag from /home/ironbong_jr/mlops/project/project/lib/python3.10/site-packages/airflow/example_dags/example_latest_only_with_trigger.py
[2024-03-13T15:49:29.164-0400] {processor.py:840} INFO - DAG(s) 'latest_only_with_trigger' retrieved from /home/ironbong_jr/mlops/project/project/lib/python3.10/site-packages/airflow/example_dags/example_latest_only_with_trigger.py
[2024-03-13T15:49:29.271-0400] {logging_mixin.py:188} INFO - [2024-03-13T15:49:29.271-0400] {dag.py:3047} INFO - Sync 1 DAGs
[2024-03-13T15:49:29.279-0400] {logging_mixin.py:188} INFO - [2024-03-13T15:49:29.279-0400] {dag.py:3834} INFO - Setting next_dagrun for latest_only_with_trigger to 2024-03-13 12:00:00+00:00, run_after=2024-03-13 16:00:00+00:00
[2024-03-13T15:49:29.300-0400] {processor.py:183} INFO - Processing /home/ironbong_jr/mlops/project/project/lib/python3.10/site-packages/airflow/example_dags/example_latest_only_with_trigger.py took 0.148 seconds
[2024-03-13T15:51:38.452-0400] {processor.py:161} INFO - Started process (PID=454534) to work on /home/ironbong_jr/mlops/project/project/lib/python3.10/site-packages/airflow/example_dags/example_latest_only_with_trigger.py
[2024-03-13T15:51:38.456-0400] {processor.py:830} INFO - Processing file /home/ironbong_jr/mlops/project/project/lib/python3.10/site-packages/airflow/example_dags/example_latest_only_with_trigger.py for tasks to queue
[2024-03-13T15:51:38.457-0400] {logging_mixin.py:188} INFO - [2024-03-13T15:51:38.456-0400] {dagbag.py:540} INFO - Filling up the DagBag from /home/ironbong_jr/mlops/project/project/lib/python3.10/site-packages/airflow/example_dags/example_latest_only_with_trigger.py
[2024-03-13T15:51:38.461-0400] {processor.py:840} INFO - DAG(s) 'latest_only_with_trigger' retrieved from /home/ironbong_jr/mlops/project/project/lib/python3.10/site-packages/airflow/example_dags/example_latest_only_with_trigger.py
[2024-03-13T15:51:38.471-0400] {logging_mixin.py:188} INFO - [2024-03-13T15:51:38.471-0400] {dag.py:3047} INFO - Sync 1 DAGs
[2024-03-13T15:51:38.482-0400] {logging_mixin.py:188} INFO - [2024-03-13T15:51:38.482-0400] {dag.py:3834} INFO - Setting next_dagrun for latest_only_with_trigger to 2024-03-13 12:00:00+00:00, run_after=2024-03-13 16:00:00+00:00
[2024-03-13T15:51:38.503-0400] {processor.py:183} INFO - Processing /home/ironbong_jr/mlops/project/project/lib/python3.10/site-packages/airflow/example_dags/example_latest_only_with_trigger.py took 0.053 seconds
[2024-03-13T15:52:34.072-0400] {processor.py:161} INFO - Started process (PID=454822) to work on /home/ironbong_jr/mlops/project/project/lib/python3.10/site-packages/airflow/example_dags/example_latest_only_with_trigger.py
[2024-03-13T15:52:34.074-0400] {processor.py:830} INFO - Processing file /home/ironbong_jr/mlops/project/project/lib/python3.10/site-packages/airflow/example_dags/example_latest_only_with_trigger.py for tasks to queue
[2024-03-13T15:52:34.074-0400] {logging_mixin.py:188} INFO - [2024-03-13T15:52:34.074-0400] {dagbag.py:540} INFO - Filling up the DagBag from /home/ironbong_jr/mlops/project/project/lib/python3.10/site-packages/airflow/example_dags/example_latest_only_with_trigger.py
[2024-03-13T15:52:34.079-0400] {processor.py:840} INFO - DAG(s) 'latest_only_with_trigger' retrieved from /home/ironbong_jr/mlops/project/project/lib/python3.10/site-packages/airflow/example_dags/example_latest_only_with_trigger.py
[2024-03-13T15:52:34.091-0400] {logging_mixin.py:188} INFO - [2024-03-13T15:52:34.091-0400] {dag.py:3047} INFO - Sync 1 DAGs
[2024-03-13T15:52:34.104-0400] {logging_mixin.py:188} INFO - [2024-03-13T15:52:34.104-0400] {dag.py:3834} INFO - Setting next_dagrun for latest_only_with_trigger to 2024-03-13 12:00:00+00:00, run_after=2024-03-13 16:00:00+00:00
[2024-03-13T15:52:34.124-0400] {processor.py:183} INFO - Processing /home/ironbong_jr/mlops/project/project/lib/python3.10/site-packages/airflow/example_dags/example_latest_only_with_trigger.py took 0.054 seconds
[2024-03-13T15:53:26.626-0400] {processor.py:161} INFO - Started process (PID=455108) to work on /home/ironbong_jr/mlops/project/project/lib/python3.10/site-packages/airflow/example_dags/example_latest_only_with_trigger.py
[2024-03-13T15:53:26.628-0400] {processor.py:830} INFO - Processing file /home/ironbong_jr/mlops/project/project/lib/python3.10/site-packages/airflow/example_dags/example_latest_only_with_trigger.py for tasks to queue
[2024-03-13T15:53:26.629-0400] {logging_mixin.py:188} INFO - [2024-03-13T15:53:26.628-0400] {dagbag.py:540} INFO - Filling up the DagBag from /home/ironbong_jr/mlops/project/project/lib/python3.10/site-packages/airflow/example_dags/example_latest_only_with_trigger.py
[2024-03-13T15:53:26.633-0400] {processor.py:840} INFO - DAG(s) 'latest_only_with_trigger' retrieved from /home/ironbong_jr/mlops/project/project/lib/python3.10/site-packages/airflow/example_dags/example_latest_only_with_trigger.py
[2024-03-13T15:53:26.643-0400] {logging_mixin.py:188} INFO - [2024-03-13T15:53:26.643-0400] {dag.py:3047} INFO - Sync 1 DAGs
[2024-03-13T15:53:26.654-0400] {logging_mixin.py:188} INFO - [2024-03-13T15:53:26.654-0400] {dag.py:3834} INFO - Setting next_dagrun for latest_only_with_trigger to 2024-03-13 12:00:00+00:00, run_after=2024-03-13 16:00:00+00:00
[2024-03-13T15:53:26.676-0400] {processor.py:183} INFO - Processing /home/ironbong_jr/mlops/project/project/lib/python3.10/site-packages/airflow/example_dags/example_latest_only_with_trigger.py took 0.052 seconds
[2024-03-13T15:54:42.393-0400] {processor.py:161} INFO - Started process (PID=455496) to work on /home/ironbong_jr/mlops/project/project/lib/python3.10/site-packages/airflow/example_dags/example_latest_only_with_trigger.py
[2024-03-13T15:54:42.396-0400] {processor.py:830} INFO - Processing file /home/ironbong_jr/mlops/project/project/lib/python3.10/site-packages/airflow/example_dags/example_latest_only_with_trigger.py for tasks to queue
[2024-03-13T15:54:42.397-0400] {logging_mixin.py:188} INFO - [2024-03-13T15:54:42.396-0400] {dagbag.py:540} INFO - Filling up the DagBag from /home/ironbong_jr/mlops/project/project/lib/python3.10/site-packages/airflow/example_dags/example_latest_only_with_trigger.py
[2024-03-13T15:54:42.402-0400] {processor.py:840} INFO - DAG(s) 'latest_only_with_trigger' retrieved from /home/ironbong_jr/mlops/project/project/lib/python3.10/site-packages/airflow/example_dags/example_latest_only_with_trigger.py
[2024-03-13T15:54:42.415-0400] {logging_mixin.py:188} INFO - [2024-03-13T15:54:42.414-0400] {dag.py:3047} INFO - Sync 1 DAGs
[2024-03-13T15:54:42.433-0400] {logging_mixin.py:188} INFO - [2024-03-13T15:54:42.433-0400] {dag.py:3834} INFO - Setting next_dagrun for latest_only_with_trigger to 2024-03-13 12:00:00+00:00, run_after=2024-03-13 16:00:00+00:00
[2024-03-13T15:54:42.463-0400] {processor.py:183} INFO - Processing /home/ironbong_jr/mlops/project/project/lib/python3.10/site-packages/airflow/example_dags/example_latest_only_with_trigger.py took 0.072 seconds
[2024-03-13T15:55:34.429-0400] {processor.py:161} INFO - Started process (PID=455758) to work on /home/ironbong_jr/mlops/project/project/lib/python3.10/site-packages/airflow/example_dags/example_latest_only_with_trigger.py
[2024-03-13T15:55:34.433-0400] {processor.py:830} INFO - Processing file /home/ironbong_jr/mlops/project/project/lib/python3.10/site-packages/airflow/example_dags/example_latest_only_with_trigger.py for tasks to queue
[2024-03-13T15:55:34.434-0400] {logging_mixin.py:188} INFO - [2024-03-13T15:55:34.434-0400] {dagbag.py:540} INFO - Filling up the DagBag from /home/ironbong_jr/mlops/project/project/lib/python3.10/site-packages/airflow/example_dags/example_latest_only_with_trigger.py
[2024-03-13T15:55:34.439-0400] {processor.py:840} INFO - DAG(s) 'latest_only_with_trigger' retrieved from /home/ironbong_jr/mlops/project/project/lib/python3.10/site-packages/airflow/example_dags/example_latest_only_with_trigger.py
[2024-03-13T15:55:34.448-0400] {logging_mixin.py:188} INFO - [2024-03-13T15:55:34.448-0400] {dag.py:3047} INFO - Sync 1 DAGs
[2024-03-13T15:55:34.459-0400] {logging_mixin.py:188} INFO - [2024-03-13T15:55:34.459-0400] {dag.py:3834} INFO - Setting next_dagrun for latest_only_with_trigger to 2024-03-13 12:00:00+00:00, run_after=2024-03-13 16:00:00+00:00
[2024-03-13T15:55:34.482-0400] {processor.py:183} INFO - Processing /home/ironbong_jr/mlops/project/project/lib/python3.10/site-packages/airflow/example_dags/example_latest_only_with_trigger.py took 0.055 seconds
[2024-03-13T15:56:48.755-0400] {processor.py:161} INFO - Started process (PID=456123) to work on /home/ironbong_jr/mlops/project/project/lib/python3.10/site-packages/airflow/example_dags/example_latest_only_with_trigger.py
[2024-03-13T15:56:48.757-0400] {processor.py:830} INFO - Processing file /home/ironbong_jr/mlops/project/project/lib/python3.10/site-packages/airflow/example_dags/example_latest_only_with_trigger.py for tasks to queue
[2024-03-13T15:56:48.757-0400] {logging_mixin.py:188} INFO - [2024-03-13T15:56:48.757-0400] {dagbag.py:540} INFO - Filling up the DagBag from /home/ironbong_jr/mlops/project/project/lib/python3.10/site-packages/airflow/example_dags/example_latest_only_with_trigger.py
[2024-03-13T15:56:48.761-0400] {processor.py:840} INFO - DAG(s) 'latest_only_with_trigger' retrieved from /home/ironbong_jr/mlops/project/project/lib/python3.10/site-packages/airflow/example_dags/example_latest_only_with_trigger.py
[2024-03-13T15:56:48.772-0400] {logging_mixin.py:188} INFO - [2024-03-13T15:56:48.771-0400] {dag.py:3047} INFO - Sync 1 DAGs
[2024-03-13T15:56:48.783-0400] {logging_mixin.py:188} INFO - [2024-03-13T15:56:48.782-0400] {dag.py:3834} INFO - Setting next_dagrun for latest_only_with_trigger to 2024-03-13 12:00:00+00:00, run_after=2024-03-13 16:00:00+00:00
[2024-03-13T15:56:48.803-0400] {processor.py:183} INFO - Processing /home/ironbong_jr/mlops/project/project/lib/python3.10/site-packages/airflow/example_dags/example_latest_only_with_trigger.py took 0.050 seconds
[2024-03-13T15:58:06.643-0400] {processor.py:161} INFO - Started process (PID=456579) to work on /home/ironbong_jr/mlops/project/project/lib/python3.10/site-packages/airflow/example_dags/example_latest_only_with_trigger.py
[2024-03-13T15:58:06.645-0400] {processor.py:830} INFO - Processing file /home/ironbong_jr/mlops/project/project/lib/python3.10/site-packages/airflow/example_dags/example_latest_only_with_trigger.py for tasks to queue
[2024-03-13T15:58:06.646-0400] {logging_mixin.py:188} INFO - [2024-03-13T15:58:06.645-0400] {dagbag.py:540} INFO - Filling up the DagBag from /home/ironbong_jr/mlops/project/project/lib/python3.10/site-packages/airflow/example_dags/example_latest_only_with_trigger.py
[2024-03-13T15:58:06.650-0400] {processor.py:840} INFO - DAG(s) 'latest_only_with_trigger' retrieved from /home/ironbong_jr/mlops/project/project/lib/python3.10/site-packages/airflow/example_dags/example_latest_only_with_trigger.py
[2024-03-13T15:58:06.659-0400] {logging_mixin.py:188} INFO - [2024-03-13T15:58:06.659-0400] {dag.py:3047} INFO - Sync 1 DAGs
[2024-03-13T15:58:06.670-0400] {logging_mixin.py:188} INFO - [2024-03-13T15:58:06.670-0400] {dag.py:3834} INFO - Setting next_dagrun for latest_only_with_trigger to 2024-03-13 12:00:00+00:00, run_after=2024-03-13 16:00:00+00:00
[2024-03-13T15:58:06.692-0400] {processor.py:183} INFO - Processing /home/ironbong_jr/mlops/project/project/lib/python3.10/site-packages/airflow/example_dags/example_latest_only_with_trigger.py took 0.050 seconds
[2024-03-13T15:59:23.516-0400] {processor.py:161} INFO - Started process (PID=456938) to work on /home/ironbong_jr/mlops/project/project/lib/python3.10/site-packages/airflow/example_dags/example_latest_only_with_trigger.py
[2024-03-13T15:59:23.519-0400] {processor.py:830} INFO - Processing file /home/ironbong_jr/mlops/project/project/lib/python3.10/site-packages/airflow/example_dags/example_latest_only_with_trigger.py for tasks to queue
[2024-03-13T15:59:23.520-0400] {logging_mixin.py:188} INFO - [2024-03-13T15:59:23.519-0400] {dagbag.py:540} INFO - Filling up the DagBag from /home/ironbong_jr/mlops/project/project/lib/python3.10/site-packages/airflow/example_dags/example_latest_only_with_trigger.py
[2024-03-13T15:59:23.524-0400] {processor.py:840} INFO - DAG(s) 'latest_only_with_trigger' retrieved from /home/ironbong_jr/mlops/project/project/lib/python3.10/site-packages/airflow/example_dags/example_latest_only_with_trigger.py
[2024-03-13T15:59:23.535-0400] {logging_mixin.py:188} INFO - [2024-03-13T15:59:23.534-0400] {dag.py:3047} INFO - Sync 1 DAGs
[2024-03-13T15:59:23.551-0400] {logging_mixin.py:188} INFO - [2024-03-13T15:59:23.551-0400] {dag.py:3834} INFO - Setting next_dagrun for latest_only_with_trigger to 2024-03-13 12:00:00+00:00, run_after=2024-03-13 16:00:00+00:00
[2024-03-13T15:59:23.575-0400] {processor.py:183} INFO - Processing /home/ironbong_jr/mlops/project/project/lib/python3.10/site-packages/airflow/example_dags/example_latest_only_with_trigger.py took 0.062 seconds
[2024-03-13T16:00:15.741-0400] {processor.py:161} INFO - Started process (PID=457195) to work on /home/ironbong_jr/mlops/project/project/lib/python3.10/site-packages/airflow/example_dags/example_latest_only_with_trigger.py
[2024-03-13T16:00:15.744-0400] {processor.py:830} INFO - Processing file /home/ironbong_jr/mlops/project/project/lib/python3.10/site-packages/airflow/example_dags/example_latest_only_with_trigger.py for tasks to queue
[2024-03-13T16:00:15.745-0400] {logging_mixin.py:188} INFO - [2024-03-13T16:00:15.745-0400] {dagbag.py:540} INFO - Filling up the DagBag from /home/ironbong_jr/mlops/project/project/lib/python3.10/site-packages/airflow/example_dags/example_latest_only_with_trigger.py
[2024-03-13T16:00:15.749-0400] {processor.py:840} INFO - DAG(s) 'latest_only_with_trigger' retrieved from /home/ironbong_jr/mlops/project/project/lib/python3.10/site-packages/airflow/example_dags/example_latest_only_with_trigger.py
[2024-03-13T16:00:15.759-0400] {logging_mixin.py:188} INFO - [2024-03-13T16:00:15.759-0400] {dag.py:3047} INFO - Sync 1 DAGs
[2024-03-13T16:00:15.783-0400] {logging_mixin.py:188} INFO - [2024-03-13T16:00:15.782-0400] {dag.py:3834} INFO - Setting next_dagrun for latest_only_with_trigger to 2024-03-13 16:00:00+00:00, run_after=2024-03-13 20:00:00+00:00
[2024-03-13T16:00:15.804-0400] {processor.py:183} INFO - Processing /home/ironbong_jr/mlops/project/project/lib/python3.10/site-packages/airflow/example_dags/example_latest_only_with_trigger.py took 0.065 seconds
[2024-03-13T16:01:31.594-0400] {processor.py:161} INFO - Started process (PID=457602) to work on /home/ironbong_jr/mlops/project/project/lib/python3.10/site-packages/airflow/example_dags/example_latest_only_with_trigger.py
[2024-03-13T16:01:31.597-0400] {processor.py:830} INFO - Processing file /home/ironbong_jr/mlops/project/project/lib/python3.10/site-packages/airflow/example_dags/example_latest_only_with_trigger.py for tasks to queue
[2024-03-13T16:01:31.599-0400] {logging_mixin.py:188} INFO - [2024-03-13T16:01:31.598-0400] {dagbag.py:540} INFO - Filling up the DagBag from /home/ironbong_jr/mlops/project/project/lib/python3.10/site-packages/airflow/example_dags/example_latest_only_with_trigger.py
[2024-03-13T16:01:31.604-0400] {processor.py:840} INFO - DAG(s) 'latest_only_with_trigger' retrieved from /home/ironbong_jr/mlops/project/project/lib/python3.10/site-packages/airflow/example_dags/example_latest_only_with_trigger.py
[2024-03-13T16:01:31.614-0400] {logging_mixin.py:188} INFO - [2024-03-13T16:01:31.614-0400] {dag.py:3047} INFO - Sync 1 DAGs
[2024-03-13T16:01:31.626-0400] {logging_mixin.py:188} INFO - [2024-03-13T16:01:31.626-0400] {dag.py:3834} INFO - Setting next_dagrun for latest_only_with_trigger to 2024-03-13 16:00:00+00:00, run_after=2024-03-13 20:00:00+00:00
[2024-03-13T16:01:31.653-0400] {processor.py:183} INFO - Processing /home/ironbong_jr/mlops/project/project/lib/python3.10/site-packages/airflow/example_dags/example_latest_only_with_trigger.py took 0.061 seconds
[2024-03-13T16:02:46.150-0400] {processor.py:161} INFO - Started process (PID=457977) to work on /home/ironbong_jr/mlops/project/project/lib/python3.10/site-packages/airflow/example_dags/example_latest_only_with_trigger.py
[2024-03-13T16:02:46.155-0400] {processor.py:830} INFO - Processing file /home/ironbong_jr/mlops/project/project/lib/python3.10/site-packages/airflow/example_dags/example_latest_only_with_trigger.py for tasks to queue
[2024-03-13T16:02:46.156-0400] {logging_mixin.py:188} INFO - [2024-03-13T16:02:46.156-0400] {dagbag.py:540} INFO - Filling up the DagBag from /home/ironbong_jr/mlops/project/project/lib/python3.10/site-packages/airflow/example_dags/example_latest_only_with_trigger.py
[2024-03-13T16:02:46.161-0400] {processor.py:840} INFO - DAG(s) 'latest_only_with_trigger' retrieved from /home/ironbong_jr/mlops/project/project/lib/python3.10/site-packages/airflow/example_dags/example_latest_only_with_trigger.py
[2024-03-13T16:02:46.172-0400] {logging_mixin.py:188} INFO - [2024-03-13T16:02:46.172-0400] {dag.py:3047} INFO - Sync 1 DAGs
[2024-03-13T16:02:46.187-0400] {logging_mixin.py:188} INFO - [2024-03-13T16:02:46.187-0400] {dag.py:3834} INFO - Setting next_dagrun for latest_only_with_trigger to 2024-03-13 16:00:00+00:00, run_after=2024-03-13 20:00:00+00:00
[2024-03-13T16:02:46.215-0400] {processor.py:183} INFO - Processing /home/ironbong_jr/mlops/project/project/lib/python3.10/site-packages/airflow/example_dags/example_latest_only_with_trigger.py took 0.067 seconds
[2024-03-13T16:04:12.773-0400] {processor.py:161} INFO - Started process (PID=458518) to work on /home/ironbong_jr/mlops/project/project/lib/python3.10/site-packages/airflow/example_dags/example_latest_only_with_trigger.py
[2024-03-13T16:04:12.776-0400] {processor.py:830} INFO - Processing file /home/ironbong_jr/mlops/project/project/lib/python3.10/site-packages/airflow/example_dags/example_latest_only_with_trigger.py for tasks to queue
[2024-03-13T16:04:12.777-0400] {logging_mixin.py:188} INFO - [2024-03-13T16:04:12.777-0400] {dagbag.py:540} INFO - Filling up the DagBag from /home/ironbong_jr/mlops/project/project/lib/python3.10/site-packages/airflow/example_dags/example_latest_only_with_trigger.py
[2024-03-13T16:04:12.782-0400] {processor.py:840} INFO - DAG(s) 'latest_only_with_trigger' retrieved from /home/ironbong_jr/mlops/project/project/lib/python3.10/site-packages/airflow/example_dags/example_latest_only_with_trigger.py
[2024-03-13T16:04:12.795-0400] {logging_mixin.py:188} INFO - [2024-03-13T16:04:12.795-0400] {dag.py:3047} INFO - Sync 1 DAGs
[2024-03-13T16:04:12.810-0400] {logging_mixin.py:188} INFO - [2024-03-13T16:04:12.810-0400] {dag.py:3834} INFO - Setting next_dagrun for latest_only_with_trigger to 2024-03-13 16:00:00+00:00, run_after=2024-03-13 20:00:00+00:00
[2024-03-13T16:04:12.836-0400] {processor.py:183} INFO - Processing /home/ironbong_jr/mlops/project/project/lib/python3.10/site-packages/airflow/example_dags/example_latest_only_with_trigger.py took 0.066 seconds
[2024-03-13T16:05:08.796-0400] {processor.py:161} INFO - Started process (PID=458795) to work on /home/ironbong_jr/mlops/project/project/lib/python3.10/site-packages/airflow/example_dags/example_latest_only_with_trigger.py
[2024-03-13T16:05:08.800-0400] {processor.py:830} INFO - Processing file /home/ironbong_jr/mlops/project/project/lib/python3.10/site-packages/airflow/example_dags/example_latest_only_with_trigger.py for tasks to queue
[2024-03-13T16:05:08.800-0400] {logging_mixin.py:188} INFO - [2024-03-13T16:05:08.800-0400] {dagbag.py:540} INFO - Filling up the DagBag from /home/ironbong_jr/mlops/project/project/lib/python3.10/site-packages/airflow/example_dags/example_latest_only_with_trigger.py
[2024-03-13T16:05:08.805-0400] {processor.py:840} INFO - DAG(s) 'latest_only_with_trigger' retrieved from /home/ironbong_jr/mlops/project/project/lib/python3.10/site-packages/airflow/example_dags/example_latest_only_with_trigger.py
[2024-03-13T16:05:08.815-0400] {logging_mixin.py:188} INFO - [2024-03-13T16:05:08.815-0400] {dag.py:3047} INFO - Sync 1 DAGs
[2024-03-13T16:05:08.826-0400] {logging_mixin.py:188} INFO - [2024-03-13T16:05:08.826-0400] {dag.py:3834} INFO - Setting next_dagrun for latest_only_with_trigger to 2024-03-13 16:00:00+00:00, run_after=2024-03-13 20:00:00+00:00
[2024-03-13T16:05:08.848-0400] {processor.py:183} INFO - Processing /home/ironbong_jr/mlops/project/project/lib/python3.10/site-packages/airflow/example_dags/example_latest_only_with_trigger.py took 0.054 seconds
[2024-03-13T16:06:23.590-0400] {processor.py:161} INFO - Started process (PID=459172) to work on /home/ironbong_jr/mlops/project/project/lib/python3.10/site-packages/airflow/example_dags/example_latest_only_with_trigger.py
[2024-03-13T16:06:23.594-0400] {processor.py:830} INFO - Processing file /home/ironbong_jr/mlops/project/project/lib/python3.10/site-packages/airflow/example_dags/example_latest_only_with_trigger.py for tasks to queue
[2024-03-13T16:06:23.594-0400] {logging_mixin.py:188} INFO - [2024-03-13T16:06:23.594-0400] {dagbag.py:540} INFO - Filling up the DagBag from /home/ironbong_jr/mlops/project/project/lib/python3.10/site-packages/airflow/example_dags/example_latest_only_with_trigger.py
[2024-03-13T16:06:23.598-0400] {processor.py:840} INFO - DAG(s) 'latest_only_with_trigger' retrieved from /home/ironbong_jr/mlops/project/project/lib/python3.10/site-packages/airflow/example_dags/example_latest_only_with_trigger.py
[2024-03-13T16:06:23.608-0400] {logging_mixin.py:188} INFO - [2024-03-13T16:06:23.608-0400] {dag.py:3047} INFO - Sync 1 DAGs
[2024-03-13T16:06:23.618-0400] {logging_mixin.py:188} INFO - [2024-03-13T16:06:23.618-0400] {dag.py:3834} INFO - Setting next_dagrun for latest_only_with_trigger to 2024-03-13 16:00:00+00:00, run_after=2024-03-13 20:00:00+00:00
[2024-03-13T16:06:23.640-0400] {processor.py:183} INFO - Processing /home/ironbong_jr/mlops/project/project/lib/python3.10/site-packages/airflow/example_dags/example_latest_only_with_trigger.py took 0.051 seconds
[2024-03-13T16:07:43.079-0400] {processor.py:161} INFO - Started process (PID=459563) to work on /home/ironbong_jr/mlops/project/project/lib/python3.10/site-packages/airflow/example_dags/example_latest_only_with_trigger.py
[2024-03-13T16:07:43.083-0400] {processor.py:830} INFO - Processing file /home/ironbong_jr/mlops/project/project/lib/python3.10/site-packages/airflow/example_dags/example_latest_only_with_trigger.py for tasks to queue
[2024-03-13T16:07:43.084-0400] {logging_mixin.py:188} INFO - [2024-03-13T16:07:43.083-0400] {dagbag.py:540} INFO - Filling up the DagBag from /home/ironbong_jr/mlops/project/project/lib/python3.10/site-packages/airflow/example_dags/example_latest_only_with_trigger.py
[2024-03-13T16:07:43.088-0400] {processor.py:840} INFO - DAG(s) 'latest_only_with_trigger' retrieved from /home/ironbong_jr/mlops/project/project/lib/python3.10/site-packages/airflow/example_dags/example_latest_only_with_trigger.py
[2024-03-13T16:07:43.097-0400] {logging_mixin.py:188} INFO - [2024-03-13T16:07:43.097-0400] {dag.py:3047} INFO - Sync 1 DAGs
[2024-03-13T16:07:43.108-0400] {logging_mixin.py:188} INFO - [2024-03-13T16:07:43.108-0400] {dag.py:3834} INFO - Setting next_dagrun for latest_only_with_trigger to 2024-03-13 16:00:00+00:00, run_after=2024-03-13 20:00:00+00:00
[2024-03-13T16:07:43.131-0400] {processor.py:183} INFO - Processing /home/ironbong_jr/mlops/project/project/lib/python3.10/site-packages/airflow/example_dags/example_latest_only_with_trigger.py took 0.054 seconds
[2024-03-13T16:08:34.763-0400] {processor.py:161} INFO - Started process (PID=459810) to work on /home/ironbong_jr/mlops/project/project/lib/python3.10/site-packages/airflow/example_dags/example_latest_only_with_trigger.py
[2024-03-13T16:08:34.765-0400] {processor.py:830} INFO - Processing file /home/ironbong_jr/mlops/project/project/lib/python3.10/site-packages/airflow/example_dags/example_latest_only_with_trigger.py for tasks to queue
[2024-03-13T16:08:34.766-0400] {logging_mixin.py:188} INFO - [2024-03-13T16:08:34.766-0400] {dagbag.py:540} INFO - Filling up the DagBag from /home/ironbong_jr/mlops/project/project/lib/python3.10/site-packages/airflow/example_dags/example_latest_only_with_trigger.py
[2024-03-13T16:08:34.770-0400] {processor.py:840} INFO - DAG(s) 'latest_only_with_trigger' retrieved from /home/ironbong_jr/mlops/project/project/lib/python3.10/site-packages/airflow/example_dags/example_latest_only_with_trigger.py
[2024-03-13T16:08:34.780-0400] {logging_mixin.py:188} INFO - [2024-03-13T16:08:34.780-0400] {dag.py:3047} INFO - Sync 1 DAGs
[2024-03-13T16:08:34.791-0400] {logging_mixin.py:188} INFO - [2024-03-13T16:08:34.791-0400] {dag.py:3834} INFO - Setting next_dagrun for latest_only_with_trigger to 2024-03-13 16:00:00+00:00, run_after=2024-03-13 20:00:00+00:00
[2024-03-13T16:08:34.814-0400] {processor.py:183} INFO - Processing /home/ironbong_jr/mlops/project/project/lib/python3.10/site-packages/airflow/example_dags/example_latest_only_with_trigger.py took 0.052 seconds
[2024-03-13T16:09:49.542-0400] {processor.py:161} INFO - Started process (PID=460178) to work on /home/ironbong_jr/mlops/project/project/lib/python3.10/site-packages/airflow/example_dags/example_latest_only_with_trigger.py
[2024-03-13T16:09:49.546-0400] {processor.py:830} INFO - Processing file /home/ironbong_jr/mlops/project/project/lib/python3.10/site-packages/airflow/example_dags/example_latest_only_with_trigger.py for tasks to queue
[2024-03-13T16:09:49.546-0400] {logging_mixin.py:188} INFO - [2024-03-13T16:09:49.546-0400] {dagbag.py:540} INFO - Filling up the DagBag from /home/ironbong_jr/mlops/project/project/lib/python3.10/site-packages/airflow/example_dags/example_latest_only_with_trigger.py
[2024-03-13T16:09:49.550-0400] {processor.py:840} INFO - DAG(s) 'latest_only_with_trigger' retrieved from /home/ironbong_jr/mlops/project/project/lib/python3.10/site-packages/airflow/example_dags/example_latest_only_with_trigger.py
[2024-03-13T16:09:49.561-0400] {logging_mixin.py:188} INFO - [2024-03-13T16:09:49.561-0400] {dag.py:3047} INFO - Sync 1 DAGs
[2024-03-13T16:09:49.573-0400] {logging_mixin.py:188} INFO - [2024-03-13T16:09:49.572-0400] {dag.py:3834} INFO - Setting next_dagrun for latest_only_with_trigger to 2024-03-13 16:00:00+00:00, run_after=2024-03-13 20:00:00+00:00
[2024-03-13T16:09:49.595-0400] {processor.py:183} INFO - Processing /home/ironbong_jr/mlops/project/project/lib/python3.10/site-packages/airflow/example_dags/example_latest_only_with_trigger.py took 0.055 seconds
[2024-03-13T16:11:02.563-0400] {processor.py:161} INFO - Started process (PID=460547) to work on /home/ironbong_jr/mlops/project/project/lib/python3.10/site-packages/airflow/example_dags/example_latest_only_with_trigger.py
[2024-03-13T16:11:02.566-0400] {processor.py:830} INFO - Processing file /home/ironbong_jr/mlops/project/project/lib/python3.10/site-packages/airflow/example_dags/example_latest_only_with_trigger.py for tasks to queue
[2024-03-13T16:11:02.567-0400] {logging_mixin.py:188} INFO - [2024-03-13T16:11:02.567-0400] {dagbag.py:540} INFO - Filling up the DagBag from /home/ironbong_jr/mlops/project/project/lib/python3.10/site-packages/airflow/example_dags/example_latest_only_with_trigger.py
[2024-03-13T16:11:02.571-0400] {processor.py:840} INFO - DAG(s) 'latest_only_with_trigger' retrieved from /home/ironbong_jr/mlops/project/project/lib/python3.10/site-packages/airflow/example_dags/example_latest_only_with_trigger.py
[2024-03-13T16:11:02.581-0400] {logging_mixin.py:188} INFO - [2024-03-13T16:11:02.581-0400] {dag.py:3047} INFO - Sync 1 DAGs
[2024-03-13T16:11:02.592-0400] {logging_mixin.py:188} INFO - [2024-03-13T16:11:02.592-0400] {dag.py:3834} INFO - Setting next_dagrun for latest_only_with_trigger to 2024-03-13 16:00:00+00:00, run_after=2024-03-13 20:00:00+00:00
[2024-03-13T16:11:02.613-0400] {processor.py:183} INFO - Processing /home/ironbong_jr/mlops/project/project/lib/python3.10/site-packages/airflow/example_dags/example_latest_only_with_trigger.py took 0.053 seconds
[2024-03-13T16:12:17.952-0400] {processor.py:161} INFO - Started process (PID=460920) to work on /home/ironbong_jr/mlops/project/project/lib/python3.10/site-packages/airflow/example_dags/example_latest_only_with_trigger.py
[2024-03-13T16:12:17.956-0400] {processor.py:830} INFO - Processing file /home/ironbong_jr/mlops/project/project/lib/python3.10/site-packages/airflow/example_dags/example_latest_only_with_trigger.py for tasks to queue
[2024-03-13T16:12:17.956-0400] {logging_mixin.py:188} INFO - [2024-03-13T16:12:17.956-0400] {dagbag.py:540} INFO - Filling up the DagBag from /home/ironbong_jr/mlops/project/project/lib/python3.10/site-packages/airflow/example_dags/example_latest_only_with_trigger.py
[2024-03-13T16:12:17.960-0400] {processor.py:840} INFO - DAG(s) 'latest_only_with_trigger' retrieved from /home/ironbong_jr/mlops/project/project/lib/python3.10/site-packages/airflow/example_dags/example_latest_only_with_trigger.py
[2024-03-13T16:12:17.970-0400] {logging_mixin.py:188} INFO - [2024-03-13T16:12:17.970-0400] {dag.py:3047} INFO - Sync 1 DAGs
[2024-03-13T16:12:17.981-0400] {logging_mixin.py:188} INFO - [2024-03-13T16:12:17.980-0400] {dag.py:3834} INFO - Setting next_dagrun for latest_only_with_trigger to 2024-03-13 16:00:00+00:00, run_after=2024-03-13 20:00:00+00:00
[2024-03-13T16:12:18.003-0400] {processor.py:183} INFO - Processing /home/ironbong_jr/mlops/project/project/lib/python3.10/site-packages/airflow/example_dags/example_latest_only_with_trigger.py took 0.053 seconds
