[2024-03-12T21:21:53.121-0400] {processor.py:161} INFO - Started process (PID=407006) to work on /home/ironbong_jr/mlops/project/project/lib/python3.10/site-packages/airflow/example_dags/example_short_circuit_decorator.py
[2024-03-12T21:21:53.123-0400] {processor.py:830} INFO - Processing file /home/ironbong_jr/mlops/project/project/lib/python3.10/site-packages/airflow/example_dags/example_short_circuit_decorator.py for tasks to queue
[2024-03-12T21:21:53.125-0400] {logging_mixin.py:188} INFO - [2024-03-12T21:21:53.124-0400] {dagbag.py:540} INFO - Filling up the DagBag from /home/ironbong_jr/mlops/project/project/lib/python3.10/site-packages/airflow/example_dags/example_short_circuit_decorator.py
[2024-03-12T21:21:53.148-0400] {processor.py:840} INFO - DAG(s) 'example_short_circuit_decorator' retrieved from /home/ironbong_jr/mlops/project/project/lib/python3.10/site-packages/airflow/example_dags/example_short_circuit_decorator.py
[2024-03-12T21:21:53.504-0400] {logging_mixin.py:188} INFO - [2024-03-12T21:21:53.504-0400] {dag.py:3047} INFO - Sync 1 DAGs
[2024-03-12T21:21:53.530-0400] {logging_mixin.py:188} INFO - [2024-03-12T21:21:53.529-0400] {dag.py:3834} INFO - Setting next_dagrun for example_short_circuit_decorator to 2024-03-12 00:00:00+00:00, run_after=2024-03-13 00:00:00+00:00
[2024-03-12T21:21:53.567-0400] {processor.py:183} INFO - Processing /home/ironbong_jr/mlops/project/project/lib/python3.10/site-packages/airflow/example_dags/example_short_circuit_decorator.py took 0.453 seconds
[2024-03-12T21:23:18.783-0400] {processor.py:161} INFO - Started process (PID=407384) to work on /home/ironbong_jr/mlops/project/project/lib/python3.10/site-packages/airflow/example_dags/example_short_circuit_decorator.py
[2024-03-12T21:23:18.823-0400] {processor.py:830} INFO - Processing file /home/ironbong_jr/mlops/project/project/lib/python3.10/site-packages/airflow/example_dags/example_short_circuit_decorator.py for tasks to queue
[2024-03-12T21:23:18.826-0400] {logging_mixin.py:188} INFO - [2024-03-12T21:23:18.825-0400] {dagbag.py:540} INFO - Filling up the DagBag from /home/ironbong_jr/mlops/project/project/lib/python3.10/site-packages/airflow/example_dags/example_short_circuit_decorator.py
[2024-03-12T21:23:18.845-0400] {processor.py:840} INFO - DAG(s) 'example_short_circuit_decorator' retrieved from /home/ironbong_jr/mlops/project/project/lib/python3.10/site-packages/airflow/example_dags/example_short_circuit_decorator.py
[2024-03-12T21:23:18.880-0400] {logging_mixin.py:188} INFO - [2024-03-12T21:23:18.880-0400] {dag.py:3047} INFO - Sync 1 DAGs
[2024-03-12T21:23:19.087-0400] {logging_mixin.py:188} INFO - [2024-03-12T21:23:19.086-0400] {dag.py:3834} INFO - Setting next_dagrun for example_short_circuit_decorator to 2024-03-12 00:00:00+00:00, run_after=2024-03-13 00:00:00+00:00
[2024-03-12T21:23:19.187-0400] {processor.py:183} INFO - Processing /home/ironbong_jr/mlops/project/project/lib/python3.10/site-packages/airflow/example_dags/example_short_circuit_decorator.py took 0.411 seconds
[2024-03-12T21:26:42.003-0400] {processor.py:161} INFO - Started process (PID=408289) to work on /home/ironbong_jr/mlops/project/project/lib/python3.10/site-packages/airflow/example_dags/example_short_circuit_decorator.py
[2024-03-12T21:26:42.007-0400] {processor.py:830} INFO - Processing file /home/ironbong_jr/mlops/project/project/lib/python3.10/site-packages/airflow/example_dags/example_short_circuit_decorator.py for tasks to queue
[2024-03-12T21:26:42.010-0400] {logging_mixin.py:188} INFO - [2024-03-12T21:26:42.008-0400] {dagbag.py:540} INFO - Filling up the DagBag from /home/ironbong_jr/mlops/project/project/lib/python3.10/site-packages/airflow/example_dags/example_short_circuit_decorator.py
[2024-03-12T21:26:42.030-0400] {processor.py:840} INFO - DAG(s) 'example_short_circuit_decorator' retrieved from /home/ironbong_jr/mlops/project/project/lib/python3.10/site-packages/airflow/example_dags/example_short_circuit_decorator.py
[2024-03-12T21:26:42.070-0400] {logging_mixin.py:188} INFO - [2024-03-12T21:26:42.069-0400] {dag.py:3047} INFO - Sync 1 DAGs
[2024-03-12T21:26:42.116-0400] {logging_mixin.py:188} INFO - [2024-03-12T21:26:42.116-0400] {dag.py:3834} INFO - Setting next_dagrun for example_short_circuit_decorator to 2024-03-12 00:00:00+00:00, run_after=2024-03-13 00:00:00+00:00
[2024-03-12T21:26:42.241-0400] {processor.py:183} INFO - Processing /home/ironbong_jr/mlops/project/project/lib/python3.10/site-packages/airflow/example_dags/example_short_circuit_decorator.py took 0.246 seconds
[2024-03-12T21:28:21.464-0400] {processor.py:161} INFO - Started process (PID=408773) to work on /home/ironbong_jr/mlops/project/project/lib/python3.10/site-packages/airflow/example_dags/example_short_circuit_decorator.py
[2024-03-12T21:28:21.490-0400] {processor.py:830} INFO - Processing file /home/ironbong_jr/mlops/project/project/lib/python3.10/site-packages/airflow/example_dags/example_short_circuit_decorator.py for tasks to queue
[2024-03-12T21:28:21.495-0400] {logging_mixin.py:188} INFO - [2024-03-12T21:28:21.491-0400] {dagbag.py:540} INFO - Filling up the DagBag from /home/ironbong_jr/mlops/project/project/lib/python3.10/site-packages/airflow/example_dags/example_short_circuit_decorator.py
[2024-03-12T21:28:21.527-0400] {processor.py:840} INFO - DAG(s) 'example_short_circuit_decorator' retrieved from /home/ironbong_jr/mlops/project/project/lib/python3.10/site-packages/airflow/example_dags/example_short_circuit_decorator.py
[2024-03-12T21:28:21.586-0400] {logging_mixin.py:188} INFO - [2024-03-12T21:28:21.585-0400] {dag.py:3047} INFO - Sync 1 DAGs
[2024-03-12T21:28:21.660-0400] {logging_mixin.py:188} INFO - [2024-03-12T21:28:21.660-0400] {dag.py:3834} INFO - Setting next_dagrun for example_short_circuit_decorator to 2024-03-12 00:00:00+00:00, run_after=2024-03-13 00:00:00+00:00
[2024-03-12T21:28:21.732-0400] {processor.py:183} INFO - Processing /home/ironbong_jr/mlops/project/project/lib/python3.10/site-packages/airflow/example_dags/example_short_circuit_decorator.py took 0.279 seconds
[2024-03-12T21:29:48.792-0400] {processor.py:161} INFO - Started process (PID=409182) to work on /home/ironbong_jr/mlops/project/project/lib/python3.10/site-packages/airflow/example_dags/example_short_circuit_decorator.py
[2024-03-12T21:29:48.825-0400] {processor.py:830} INFO - Processing file /home/ironbong_jr/mlops/project/project/lib/python3.10/site-packages/airflow/example_dags/example_short_circuit_decorator.py for tasks to queue
[2024-03-12T21:29:48.829-0400] {logging_mixin.py:188} INFO - [2024-03-12T21:29:48.827-0400] {dagbag.py:540} INFO - Filling up the DagBag from /home/ironbong_jr/mlops/project/project/lib/python3.10/site-packages/airflow/example_dags/example_short_circuit_decorator.py
[2024-03-12T21:29:48.849-0400] {processor.py:840} INFO - DAG(s) 'example_short_circuit_decorator' retrieved from /home/ironbong_jr/mlops/project/project/lib/python3.10/site-packages/airflow/example_dags/example_short_circuit_decorator.py
[2024-03-12T21:29:48.879-0400] {logging_mixin.py:188} INFO - [2024-03-12T21:29:48.877-0400] {dag.py:3047} INFO - Sync 1 DAGs
[2024-03-12T21:29:48.913-0400] {logging_mixin.py:188} INFO - [2024-03-12T21:29:48.912-0400] {dag.py:3834} INFO - Setting next_dagrun for example_short_circuit_decorator to 2024-03-12 00:00:00+00:00, run_after=2024-03-13 00:00:00+00:00
[2024-03-12T21:29:48.972-0400] {processor.py:183} INFO - Processing /home/ironbong_jr/mlops/project/project/lib/python3.10/site-packages/airflow/example_dags/example_short_circuit_decorator.py took 0.188 seconds
[2024-03-12T21:31:28.312-0400] {processor.py:161} INFO - Started process (PID=409685) to work on /home/ironbong_jr/mlops/project/project/lib/python3.10/site-packages/airflow/example_dags/example_short_circuit_decorator.py
[2024-03-12T21:31:28.315-0400] {processor.py:830} INFO - Processing file /home/ironbong_jr/mlops/project/project/lib/python3.10/site-packages/airflow/example_dags/example_short_circuit_decorator.py for tasks to queue
[2024-03-12T21:31:28.318-0400] {logging_mixin.py:188} INFO - [2024-03-12T21:31:28.317-0400] {dagbag.py:540} INFO - Filling up the DagBag from /home/ironbong_jr/mlops/project/project/lib/python3.10/site-packages/airflow/example_dags/example_short_circuit_decorator.py
[2024-03-12T21:31:28.357-0400] {processor.py:840} INFO - DAG(s) 'example_short_circuit_decorator' retrieved from /home/ironbong_jr/mlops/project/project/lib/python3.10/site-packages/airflow/example_dags/example_short_circuit_decorator.py
[2024-03-12T21:31:28.387-0400] {logging_mixin.py:188} INFO - [2024-03-12T21:31:28.387-0400] {dag.py:3047} INFO - Sync 1 DAGs
[2024-03-12T21:31:28.457-0400] {logging_mixin.py:188} INFO - [2024-03-12T21:31:28.456-0400] {dag.py:3834} INFO - Setting next_dagrun for example_short_circuit_decorator to 2024-03-12 00:00:00+00:00, run_after=2024-03-13 00:00:00+00:00
[2024-03-12T21:31:28.570-0400] {processor.py:183} INFO - Processing /home/ironbong_jr/mlops/project/project/lib/python3.10/site-packages/airflow/example_dags/example_short_circuit_decorator.py took 0.264 seconds
[2024-03-12T21:33:10.397-0400] {processor.py:161} INFO - Started process (PID=410243) to work on /home/ironbong_jr/mlops/project/project/lib/python3.10/site-packages/airflow/example_dags/example_short_circuit_decorator.py
[2024-03-12T21:33:10.403-0400] {processor.py:830} INFO - Processing file /home/ironbong_jr/mlops/project/project/lib/python3.10/site-packages/airflow/example_dags/example_short_circuit_decorator.py for tasks to queue
[2024-03-12T21:33:10.406-0400] {logging_mixin.py:188} INFO - [2024-03-12T21:33:10.405-0400] {dagbag.py:540} INFO - Filling up the DagBag from /home/ironbong_jr/mlops/project/project/lib/python3.10/site-packages/airflow/example_dags/example_short_circuit_decorator.py
[2024-03-12T21:33:10.434-0400] {processor.py:840} INFO - DAG(s) 'example_short_circuit_decorator' retrieved from /home/ironbong_jr/mlops/project/project/lib/python3.10/site-packages/airflow/example_dags/example_short_circuit_decorator.py
[2024-03-12T21:33:10.470-0400] {logging_mixin.py:188} INFO - [2024-03-12T21:33:10.470-0400] {dag.py:3047} INFO - Sync 1 DAGs
[2024-03-12T21:33:10.514-0400] {logging_mixin.py:188} INFO - [2024-03-12T21:33:10.513-0400] {dag.py:3834} INFO - Setting next_dagrun for example_short_circuit_decorator to 2024-03-12 00:00:00+00:00, run_after=2024-03-13 00:00:00+00:00
[2024-03-12T21:33:10.604-0400] {processor.py:183} INFO - Processing /home/ironbong_jr/mlops/project/project/lib/python3.10/site-packages/airflow/example_dags/example_short_circuit_decorator.py took 0.222 seconds
[2024-03-12T21:34:39.507-0400] {processor.py:161} INFO - Started process (PID=410663) to work on /home/ironbong_jr/mlops/project/project/lib/python3.10/site-packages/airflow/example_dags/example_short_circuit_decorator.py
[2024-03-12T21:34:39.558-0400] {processor.py:830} INFO - Processing file /home/ironbong_jr/mlops/project/project/lib/python3.10/site-packages/airflow/example_dags/example_short_circuit_decorator.py for tasks to queue
[2024-03-12T21:34:39.561-0400] {logging_mixin.py:188} INFO - [2024-03-12T21:34:39.560-0400] {dagbag.py:540} INFO - Filling up the DagBag from /home/ironbong_jr/mlops/project/project/lib/python3.10/site-packages/airflow/example_dags/example_short_circuit_decorator.py
[2024-03-12T21:34:39.580-0400] {processor.py:840} INFO - DAG(s) 'example_short_circuit_decorator' retrieved from /home/ironbong_jr/mlops/project/project/lib/python3.10/site-packages/airflow/example_dags/example_short_circuit_decorator.py
[2024-03-12T21:34:39.615-0400] {logging_mixin.py:188} INFO - [2024-03-12T21:34:39.614-0400] {dag.py:3047} INFO - Sync 1 DAGs
[2024-03-12T21:34:39.651-0400] {logging_mixin.py:188} INFO - [2024-03-12T21:34:39.650-0400] {dag.py:3834} INFO - Setting next_dagrun for example_short_circuit_decorator to 2024-03-12 00:00:00+00:00, run_after=2024-03-13 00:00:00+00:00
[2024-03-12T21:34:39.715-0400] {processor.py:183} INFO - Processing /home/ironbong_jr/mlops/project/project/lib/python3.10/site-packages/airflow/example_dags/example_short_circuit_decorator.py took 0.214 seconds
[2024-03-12T23:26:12.202-0400] {processor.py:161} INFO - Started process (PID=417691) to work on /home/ironbong_jr/mlops/project/project/lib/python3.10/site-packages/airflow/example_dags/example_short_circuit_decorator.py
[2024-03-12T23:26:12.253-0400] {processor.py:830} INFO - Processing file /home/ironbong_jr/mlops/project/project/lib/python3.10/site-packages/airflow/example_dags/example_short_circuit_decorator.py for tasks to queue
[2024-03-12T23:26:12.256-0400] {logging_mixin.py:188} INFO - [2024-03-12T23:26:12.255-0400] {dagbag.py:540} INFO - Filling up the DagBag from /home/ironbong_jr/mlops/project/project/lib/python3.10/site-packages/airflow/example_dags/example_short_circuit_decorator.py
[2024-03-12T23:26:12.292-0400] {processor.py:840} INFO - DAG(s) 'example_short_circuit_decorator' retrieved from /home/ironbong_jr/mlops/project/project/lib/python3.10/site-packages/airflow/example_dags/example_short_circuit_decorator.py
[2024-03-12T23:26:12.702-0400] {logging_mixin.py:188} INFO - [2024-03-12T23:26:12.701-0400] {dag.py:3047} INFO - Sync 1 DAGs
[2024-03-12T23:26:12.761-0400] {logging_mixin.py:188} INFO - [2024-03-12T23:26:12.760-0400] {dag.py:3834} INFO - Setting next_dagrun for example_short_circuit_decorator to 2024-03-12 00:00:00+00:00, run_after=2024-03-13 00:00:00+00:00
[2024-03-12T23:26:12.867-0400] {processor.py:183} INFO - Processing /home/ironbong_jr/mlops/project/project/lib/python3.10/site-packages/airflow/example_dags/example_short_circuit_decorator.py took 0.671 seconds
[2024-03-12T23:29:29.427-0400] {processor.py:161} INFO - Started process (PID=418485) to work on /home/ironbong_jr/mlops/project/project/lib/python3.10/site-packages/airflow/example_dags/example_short_circuit_decorator.py
[2024-03-12T23:29:29.431-0400] {processor.py:830} INFO - Processing file /home/ironbong_jr/mlops/project/project/lib/python3.10/site-packages/airflow/example_dags/example_short_circuit_decorator.py for tasks to queue
[2024-03-12T23:29:29.433-0400] {logging_mixin.py:188} INFO - [2024-03-12T23:29:29.432-0400] {dagbag.py:540} INFO - Filling up the DagBag from /home/ironbong_jr/mlops/project/project/lib/python3.10/site-packages/airflow/example_dags/example_short_circuit_decorator.py
[2024-03-12T23:29:29.451-0400] {processor.py:840} INFO - DAG(s) 'example_short_circuit_decorator' retrieved from /home/ironbong_jr/mlops/project/project/lib/python3.10/site-packages/airflow/example_dags/example_short_circuit_decorator.py
[2024-03-12T23:29:29.510-0400] {logging_mixin.py:188} INFO - [2024-03-12T23:29:29.508-0400] {dag.py:3047} INFO - Sync 1 DAGs
[2024-03-12T23:29:29.559-0400] {logging_mixin.py:188} INFO - [2024-03-12T23:29:29.559-0400] {dag.py:3834} INFO - Setting next_dagrun for example_short_circuit_decorator to 2024-03-12 00:00:00+00:00, run_after=2024-03-13 00:00:00+00:00
[2024-03-12T23:29:29.675-0400] {processor.py:183} INFO - Processing /home/ironbong_jr/mlops/project/project/lib/python3.10/site-packages/airflow/example_dags/example_short_circuit_decorator.py took 0.255 seconds
[2024-03-12T23:30:52.896-0400] {processor.py:161} INFO - Started process (PID=418827) to work on /home/ironbong_jr/mlops/project/project/lib/python3.10/site-packages/airflow/example_dags/example_short_circuit_decorator.py
[2024-03-12T23:30:52.933-0400] {processor.py:830} INFO - Processing file /home/ironbong_jr/mlops/project/project/lib/python3.10/site-packages/airflow/example_dags/example_short_circuit_decorator.py for tasks to queue
[2024-03-12T23:30:52.937-0400] {logging_mixin.py:188} INFO - [2024-03-12T23:30:52.935-0400] {dagbag.py:540} INFO - Filling up the DagBag from /home/ironbong_jr/mlops/project/project/lib/python3.10/site-packages/airflow/example_dags/example_short_circuit_decorator.py
[2024-03-12T23:30:52.954-0400] {processor.py:840} INFO - DAG(s) 'example_short_circuit_decorator' retrieved from /home/ironbong_jr/mlops/project/project/lib/python3.10/site-packages/airflow/example_dags/example_short_circuit_decorator.py
[2024-03-12T23:30:52.989-0400] {logging_mixin.py:188} INFO - [2024-03-12T23:30:52.988-0400] {dag.py:3047} INFO - Sync 1 DAGs
[2024-03-12T23:30:53.019-0400] {logging_mixin.py:188} INFO - [2024-03-12T23:30:53.019-0400] {dag.py:3834} INFO - Setting next_dagrun for example_short_circuit_decorator to 2024-03-12 00:00:00+00:00, run_after=2024-03-13 00:00:00+00:00
[2024-03-12T23:30:53.122-0400] {processor.py:183} INFO - Processing /home/ironbong_jr/mlops/project/project/lib/python3.10/site-packages/airflow/example_dags/example_short_circuit_decorator.py took 0.235 seconds
[2024-03-12T23:42:08.184-0400] {processor.py:161} INFO - Started process (PID=421553) to work on /home/ironbong_jr/mlops/project/project/lib/python3.10/site-packages/airflow/example_dags/example_short_circuit_decorator.py
[2024-03-12T23:42:08.192-0400] {processor.py:830} INFO - Processing file /home/ironbong_jr/mlops/project/project/lib/python3.10/site-packages/airflow/example_dags/example_short_circuit_decorator.py for tasks to queue
[2024-03-12T23:42:08.194-0400] {logging_mixin.py:188} INFO - [2024-03-12T23:42:08.194-0400] {dagbag.py:540} INFO - Filling up the DagBag from /home/ironbong_jr/mlops/project/project/lib/python3.10/site-packages/airflow/example_dags/example_short_circuit_decorator.py
[2024-03-12T23:42:08.221-0400] {processor.py:840} INFO - DAG(s) 'example_short_circuit_decorator' retrieved from /home/ironbong_jr/mlops/project/project/lib/python3.10/site-packages/airflow/example_dags/example_short_circuit_decorator.py
[2024-03-12T23:42:08.698-0400] {logging_mixin.py:188} INFO - [2024-03-12T23:42:08.698-0400] {dag.py:3047} INFO - Sync 1 DAGs
[2024-03-12T23:42:08.724-0400] {logging_mixin.py:188} INFO - [2024-03-12T23:42:08.724-0400] {dag.py:3834} INFO - Setting next_dagrun for example_short_circuit_decorator to 2024-03-12 00:00:00+00:00, run_after=2024-03-13 00:00:00+00:00
[2024-03-12T23:42:08.999-0400] {processor.py:183} INFO - Processing /home/ironbong_jr/mlops/project/project/lib/python3.10/site-packages/airflow/example_dags/example_short_circuit_decorator.py took 0.823 seconds
[2024-03-12T23:43:41.710-0400] {processor.py:161} INFO - Started process (PID=421926) to work on /home/ironbong_jr/mlops/project/project/lib/python3.10/site-packages/airflow/example_dags/example_short_circuit_decorator.py
[2024-03-12T23:43:41.760-0400] {processor.py:830} INFO - Processing file /home/ironbong_jr/mlops/project/project/lib/python3.10/site-packages/airflow/example_dags/example_short_circuit_decorator.py for tasks to queue
[2024-03-12T23:43:41.763-0400] {logging_mixin.py:188} INFO - [2024-03-12T23:43:41.762-0400] {dagbag.py:540} INFO - Filling up the DagBag from /home/ironbong_jr/mlops/project/project/lib/python3.10/site-packages/airflow/example_dags/example_short_circuit_decorator.py
[2024-03-12T23:43:41.794-0400] {processor.py:840} INFO - DAG(s) 'example_short_circuit_decorator' retrieved from /home/ironbong_jr/mlops/project/project/lib/python3.10/site-packages/airflow/example_dags/example_short_circuit_decorator.py
[2024-03-12T23:43:41.827-0400] {logging_mixin.py:188} INFO - [2024-03-12T23:43:41.826-0400] {dag.py:3047} INFO - Sync 1 DAGs
[2024-03-12T23:43:42.015-0400] {logging_mixin.py:188} INFO - [2024-03-12T23:43:42.014-0400] {dag.py:3834} INFO - Setting next_dagrun for example_short_circuit_decorator to 2024-03-12 00:00:00+00:00, run_after=2024-03-13 00:00:00+00:00
[2024-03-12T23:43:42.099-0400] {processor.py:183} INFO - Processing /home/ironbong_jr/mlops/project/project/lib/python3.10/site-packages/airflow/example_dags/example_short_circuit_decorator.py took 0.395 seconds
[2024-03-12T23:45:29.457-0400] {processor.py:161} INFO - Started process (PID=422517) to work on /home/ironbong_jr/mlops/project/project/lib/python3.10/site-packages/airflow/example_dags/example_short_circuit_decorator.py
[2024-03-12T23:45:29.461-0400] {processor.py:830} INFO - Processing file /home/ironbong_jr/mlops/project/project/lib/python3.10/site-packages/airflow/example_dags/example_short_circuit_decorator.py for tasks to queue
[2024-03-12T23:45:29.463-0400] {logging_mixin.py:188} INFO - [2024-03-12T23:45:29.462-0400] {dagbag.py:540} INFO - Filling up the DagBag from /home/ironbong_jr/mlops/project/project/lib/python3.10/site-packages/airflow/example_dags/example_short_circuit_decorator.py
[2024-03-12T23:45:29.485-0400] {processor.py:840} INFO - DAG(s) 'example_short_circuit_decorator' retrieved from /home/ironbong_jr/mlops/project/project/lib/python3.10/site-packages/airflow/example_dags/example_short_circuit_decorator.py
[2024-03-12T23:45:29.517-0400] {logging_mixin.py:188} INFO - [2024-03-12T23:45:29.517-0400] {dag.py:3047} INFO - Sync 1 DAGs
[2024-03-12T23:45:29.551-0400] {logging_mixin.py:188} INFO - [2024-03-12T23:45:29.550-0400] {dag.py:3834} INFO - Setting next_dagrun for example_short_circuit_decorator to 2024-03-12 00:00:00+00:00, run_after=2024-03-13 00:00:00+00:00
[2024-03-12T23:45:29.603-0400] {processor.py:183} INFO - Processing /home/ironbong_jr/mlops/project/project/lib/python3.10/site-packages/airflow/example_dags/example_short_circuit_decorator.py took 0.150 seconds
[2024-03-12T23:47:27.875-0400] {processor.py:161} INFO - Started process (PID=423104) to work on /home/ironbong_jr/mlops/project/project/lib/python3.10/site-packages/airflow/example_dags/example_short_circuit_decorator.py
[2024-03-12T23:47:27.925-0400] {processor.py:830} INFO - Processing file /home/ironbong_jr/mlops/project/project/lib/python3.10/site-packages/airflow/example_dags/example_short_circuit_decorator.py for tasks to queue
[2024-03-12T23:47:27.928-0400] {logging_mixin.py:188} INFO - [2024-03-12T23:47:27.927-0400] {dagbag.py:540} INFO - Filling up the DagBag from /home/ironbong_jr/mlops/project/project/lib/python3.10/site-packages/airflow/example_dags/example_short_circuit_decorator.py
[2024-03-12T23:47:27.949-0400] {processor.py:840} INFO - DAG(s) 'example_short_circuit_decorator' retrieved from /home/ironbong_jr/mlops/project/project/lib/python3.10/site-packages/airflow/example_dags/example_short_circuit_decorator.py
[2024-03-12T23:47:27.977-0400] {logging_mixin.py:188} INFO - [2024-03-12T23:47:27.976-0400] {dag.py:3047} INFO - Sync 1 DAGs
[2024-03-12T23:47:28.007-0400] {logging_mixin.py:188} INFO - [2024-03-12T23:47:28.007-0400] {dag.py:3834} INFO - Setting next_dagrun for example_short_circuit_decorator to 2024-03-12 00:00:00+00:00, run_after=2024-03-13 00:00:00+00:00
[2024-03-12T23:47:28.091-0400] {processor.py:183} INFO - Processing /home/ironbong_jr/mlops/project/project/lib/python3.10/site-packages/airflow/example_dags/example_short_circuit_decorator.py took 0.215 seconds
[2024-03-12T23:49:15.400-0400] {processor.py:161} INFO - Started process (PID=423577) to work on /home/ironbong_jr/mlops/project/project/lib/python3.10/site-packages/airflow/example_dags/example_short_circuit_decorator.py
[2024-03-12T23:49:15.403-0400] {processor.py:830} INFO - Processing file /home/ironbong_jr/mlops/project/project/lib/python3.10/site-packages/airflow/example_dags/example_short_circuit_decorator.py for tasks to queue
[2024-03-12T23:49:15.405-0400] {logging_mixin.py:188} INFO - [2024-03-12T23:49:15.404-0400] {dagbag.py:540} INFO - Filling up the DagBag from /home/ironbong_jr/mlops/project/project/lib/python3.10/site-packages/airflow/example_dags/example_short_circuit_decorator.py
[2024-03-12T23:49:15.422-0400] {processor.py:840} INFO - DAG(s) 'example_short_circuit_decorator' retrieved from /home/ironbong_jr/mlops/project/project/lib/python3.10/site-packages/airflow/example_dags/example_short_circuit_decorator.py
[2024-03-12T23:49:15.449-0400] {logging_mixin.py:188} INFO - [2024-03-12T23:49:15.449-0400] {dag.py:3047} INFO - Sync 1 DAGs
[2024-03-12T23:49:15.514-0400] {logging_mixin.py:188} INFO - [2024-03-12T23:49:15.514-0400] {dag.py:3834} INFO - Setting next_dagrun for example_short_circuit_decorator to 2024-03-12 00:00:00+00:00, run_after=2024-03-13 00:00:00+00:00
[2024-03-12T23:49:15.621-0400] {processor.py:183} INFO - Processing /home/ironbong_jr/mlops/project/project/lib/python3.10/site-packages/airflow/example_dags/example_short_circuit_decorator.py took 0.226 seconds
[2024-03-12T23:50:41.762-0400] {processor.py:161} INFO - Started process (PID=424039) to work on /home/ironbong_jr/mlops/project/project/lib/python3.10/site-packages/airflow/example_dags/example_short_circuit_decorator.py
[2024-03-12T23:50:41.765-0400] {processor.py:830} INFO - Processing file /home/ironbong_jr/mlops/project/project/lib/python3.10/site-packages/airflow/example_dags/example_short_circuit_decorator.py for tasks to queue
[2024-03-12T23:50:41.767-0400] {logging_mixin.py:188} INFO - [2024-03-12T23:50:41.766-0400] {dagbag.py:540} INFO - Filling up the DagBag from /home/ironbong_jr/mlops/project/project/lib/python3.10/site-packages/airflow/example_dags/example_short_circuit_decorator.py
[2024-03-12T23:50:41.788-0400] {processor.py:840} INFO - DAG(s) 'example_short_circuit_decorator' retrieved from /home/ironbong_jr/mlops/project/project/lib/python3.10/site-packages/airflow/example_dags/example_short_circuit_decorator.py
[2024-03-12T23:50:41.818-0400] {logging_mixin.py:188} INFO - [2024-03-12T23:50:41.817-0400] {dag.py:3047} INFO - Sync 1 DAGs
[2024-03-12T23:50:41.852-0400] {logging_mixin.py:188} INFO - [2024-03-12T23:50:41.852-0400] {dag.py:3834} INFO - Setting next_dagrun for example_short_circuit_decorator to 2024-03-12 00:00:00+00:00, run_after=2024-03-13 00:00:00+00:00
[2024-03-12T23:50:41.975-0400] {processor.py:183} INFO - Processing /home/ironbong_jr/mlops/project/project/lib/python3.10/site-packages/airflow/example_dags/example_short_circuit_decorator.py took 0.220 seconds
[2024-03-12T23:52:07.066-0400] {processor.py:161} INFO - Started process (PID=424428) to work on /home/ironbong_jr/mlops/project/project/lib/python3.10/site-packages/airflow/example_dags/example_short_circuit_decorator.py
[2024-03-12T23:52:07.117-0400] {processor.py:830} INFO - Processing file /home/ironbong_jr/mlops/project/project/lib/python3.10/site-packages/airflow/example_dags/example_short_circuit_decorator.py for tasks to queue
[2024-03-12T23:52:07.119-0400] {logging_mixin.py:188} INFO - [2024-03-12T23:52:07.118-0400] {dagbag.py:540} INFO - Filling up the DagBag from /home/ironbong_jr/mlops/project/project/lib/python3.10/site-packages/airflow/example_dags/example_short_circuit_decorator.py
[2024-03-12T23:52:07.136-0400] {processor.py:840} INFO - DAG(s) 'example_short_circuit_decorator' retrieved from /home/ironbong_jr/mlops/project/project/lib/python3.10/site-packages/airflow/example_dags/example_short_circuit_decorator.py
[2024-03-12T23:52:07.170-0400] {logging_mixin.py:188} INFO - [2024-03-12T23:52:07.169-0400] {dag.py:3047} INFO - Sync 1 DAGs
[2024-03-12T23:52:07.205-0400] {logging_mixin.py:188} INFO - [2024-03-12T23:52:07.205-0400] {dag.py:3834} INFO - Setting next_dagrun for example_short_circuit_decorator to 2024-03-12 00:00:00+00:00, run_after=2024-03-13 00:00:00+00:00
[2024-03-12T23:52:07.299-0400] {processor.py:183} INFO - Processing /home/ironbong_jr/mlops/project/project/lib/python3.10/site-packages/airflow/example_dags/example_short_circuit_decorator.py took 0.238 seconds
[2024-03-12T23:53:34.236-0400] {processor.py:161} INFO - Started process (PID=424967) to work on /home/ironbong_jr/mlops/project/project/lib/python3.10/site-packages/airflow/example_dags/example_short_circuit_decorator.py
[2024-03-12T23:53:34.239-0400] {processor.py:830} INFO - Processing file /home/ironbong_jr/mlops/project/project/lib/python3.10/site-packages/airflow/example_dags/example_short_circuit_decorator.py for tasks to queue
[2024-03-12T23:53:34.243-0400] {logging_mixin.py:188} INFO - [2024-03-12T23:53:34.241-0400] {dagbag.py:540} INFO - Filling up the DagBag from /home/ironbong_jr/mlops/project/project/lib/python3.10/site-packages/airflow/example_dags/example_short_circuit_decorator.py
[2024-03-12T23:53:34.257-0400] {processor.py:840} INFO - DAG(s) 'example_short_circuit_decorator' retrieved from /home/ironbong_jr/mlops/project/project/lib/python3.10/site-packages/airflow/example_dags/example_short_circuit_decorator.py
[2024-03-12T23:53:34.287-0400] {logging_mixin.py:188} INFO - [2024-03-12T23:53:34.286-0400] {dag.py:3047} INFO - Sync 1 DAGs
[2024-03-12T23:53:34.322-0400] {logging_mixin.py:188} INFO - [2024-03-12T23:53:34.321-0400] {dag.py:3834} INFO - Setting next_dagrun for example_short_circuit_decorator to 2024-03-12 00:00:00+00:00, run_after=2024-03-13 00:00:00+00:00
[2024-03-12T23:53:34.370-0400] {processor.py:183} INFO - Processing /home/ironbong_jr/mlops/project/project/lib/python3.10/site-packages/airflow/example_dags/example_short_circuit_decorator.py took 0.140 seconds
[2024-03-12T23:55:11.374-0400] {processor.py:161} INFO - Started process (PID=425386) to work on /home/ironbong_jr/mlops/project/project/lib/python3.10/site-packages/airflow/example_dags/example_short_circuit_decorator.py
[2024-03-12T23:55:11.431-0400] {processor.py:830} INFO - Processing file /home/ironbong_jr/mlops/project/project/lib/python3.10/site-packages/airflow/example_dags/example_short_circuit_decorator.py for tasks to queue
[2024-03-12T23:55:11.434-0400] {logging_mixin.py:188} INFO - [2024-03-12T23:55:11.433-0400] {dagbag.py:540} INFO - Filling up the DagBag from /home/ironbong_jr/mlops/project/project/lib/python3.10/site-packages/airflow/example_dags/example_short_circuit_decorator.py
[2024-03-12T23:55:11.488-0400] {processor.py:840} INFO - DAG(s) 'example_short_circuit_decorator' retrieved from /home/ironbong_jr/mlops/project/project/lib/python3.10/site-packages/airflow/example_dags/example_short_circuit_decorator.py
[2024-03-12T23:55:11.565-0400] {logging_mixin.py:188} INFO - [2024-03-12T23:55:11.564-0400] {dag.py:3047} INFO - Sync 1 DAGs
[2024-03-12T23:55:11.652-0400] {logging_mixin.py:188} INFO - [2024-03-12T23:55:11.652-0400] {dag.py:3834} INFO - Setting next_dagrun for example_short_circuit_decorator to 2024-03-12 00:00:00+00:00, run_after=2024-03-13 00:00:00+00:00
[2024-03-12T23:55:11.781-0400] {processor.py:183} INFO - Processing /home/ironbong_jr/mlops/project/project/lib/python3.10/site-packages/airflow/example_dags/example_short_circuit_decorator.py took 0.415 seconds
[2024-03-13T00:29:59.311-0400] {processor.py:161} INFO - Started process (PID=432808) to work on /home/ironbong_jr/mlops/project/project/lib/python3.10/site-packages/airflow/example_dags/example_short_circuit_decorator.py
[2024-03-13T00:29:59.314-0400] {processor.py:830} INFO - Processing file /home/ironbong_jr/mlops/project/project/lib/python3.10/site-packages/airflow/example_dags/example_short_circuit_decorator.py for tasks to queue
[2024-03-13T00:29:59.316-0400] {logging_mixin.py:188} INFO - [2024-03-13T00:29:59.315-0400] {dagbag.py:540} INFO - Filling up the DagBag from /home/ironbong_jr/mlops/project/project/lib/python3.10/site-packages/airflow/example_dags/example_short_circuit_decorator.py
[2024-03-13T00:29:59.343-0400] {processor.py:840} INFO - DAG(s) 'example_short_circuit_decorator' retrieved from /home/ironbong_jr/mlops/project/project/lib/python3.10/site-packages/airflow/example_dags/example_short_circuit_decorator.py
[2024-03-13T00:29:59.732-0400] {logging_mixin.py:188} INFO - [2024-03-13T00:29:59.732-0400] {dag.py:3047} INFO - Sync 1 DAGs
[2024-03-13T00:29:59.775-0400] {logging_mixin.py:188} INFO - [2024-03-13T00:29:59.775-0400] {dag.py:3834} INFO - Setting next_dagrun for example_short_circuit_decorator to 2024-03-12 00:00:00+00:00, run_after=2024-03-13 00:00:00+00:00
[2024-03-13T00:29:59.834-0400] {processor.py:183} INFO - Processing /home/ironbong_jr/mlops/project/project/lib/python3.10/site-packages/airflow/example_dags/example_short_circuit_decorator.py took 0.530 seconds
[2024-03-13T00:31:26.685-0400] {processor.py:161} INFO - Started process (PID=433189) to work on /home/ironbong_jr/mlops/project/project/lib/python3.10/site-packages/airflow/example_dags/example_short_circuit_decorator.py
[2024-03-13T00:31:26.738-0400] {processor.py:830} INFO - Processing file /home/ironbong_jr/mlops/project/project/lib/python3.10/site-packages/airflow/example_dags/example_short_circuit_decorator.py for tasks to queue
[2024-03-13T00:31:26.740-0400] {logging_mixin.py:188} INFO - [2024-03-13T00:31:26.739-0400] {dagbag.py:540} INFO - Filling up the DagBag from /home/ironbong_jr/mlops/project/project/lib/python3.10/site-packages/airflow/example_dags/example_short_circuit_decorator.py
[2024-03-13T00:31:26.765-0400] {processor.py:840} INFO - DAG(s) 'example_short_circuit_decorator' retrieved from /home/ironbong_jr/mlops/project/project/lib/python3.10/site-packages/airflow/example_dags/example_short_circuit_decorator.py
[2024-03-13T00:31:26.803-0400] {logging_mixin.py:188} INFO - [2024-03-13T00:31:26.803-0400] {dag.py:3047} INFO - Sync 1 DAGs
[2024-03-13T00:31:26.991-0400] {logging_mixin.py:188} INFO - [2024-03-13T00:31:26.991-0400] {dag.py:3834} INFO - Setting next_dagrun for example_short_circuit_decorator to 2024-03-12 00:00:00+00:00, run_after=2024-03-13 00:00:00+00:00
[2024-03-13T00:31:27.090-0400] {processor.py:183} INFO - Processing /home/ironbong_jr/mlops/project/project/lib/python3.10/site-packages/airflow/example_dags/example_short_circuit_decorator.py took 0.411 seconds
[2024-03-13T00:35:47.324-0400] {processor.py:161} INFO - Started process (PID=434299) to work on /home/ironbong_jr/mlops/project/project/lib/python3.10/site-packages/airflow/example_dags/example_short_circuit_decorator.py
[2024-03-13T00:35:47.377-0400] {processor.py:830} INFO - Processing file /home/ironbong_jr/mlops/project/project/lib/python3.10/site-packages/airflow/example_dags/example_short_circuit_decorator.py for tasks to queue
[2024-03-13T00:35:47.380-0400] {logging_mixin.py:188} INFO - [2024-03-13T00:35:47.379-0400] {dagbag.py:540} INFO - Filling up the DagBag from /home/ironbong_jr/mlops/project/project/lib/python3.10/site-packages/airflow/example_dags/example_short_circuit_decorator.py
[2024-03-13T00:35:47.399-0400] {processor.py:840} INFO - DAG(s) 'example_short_circuit_decorator' retrieved from /home/ironbong_jr/mlops/project/project/lib/python3.10/site-packages/airflow/example_dags/example_short_circuit_decorator.py
[2024-03-13T00:35:47.443-0400] {logging_mixin.py:188} INFO - [2024-03-13T00:35:47.442-0400] {dag.py:3047} INFO - Sync 1 DAGs
[2024-03-13T00:35:47.474-0400] {logging_mixin.py:188} INFO - [2024-03-13T00:35:47.474-0400] {dag.py:3834} INFO - Setting next_dagrun for example_short_circuit_decorator to 2024-03-12 00:00:00+00:00, run_after=2024-03-13 00:00:00+00:00
[2024-03-13T00:35:47.600-0400] {processor.py:183} INFO - Processing /home/ironbong_jr/mlops/project/project/lib/python3.10/site-packages/airflow/example_dags/example_short_circuit_decorator.py took 0.283 seconds
[2024-03-13T00:37:03.757-0400] {processor.py:161} INFO - Started process (PID=434632) to work on /home/ironbong_jr/mlops/project/project/lib/python3.10/site-packages/airflow/example_dags/example_short_circuit_decorator.py
[2024-03-13T00:37:03.810-0400] {processor.py:830} INFO - Processing file /home/ironbong_jr/mlops/project/project/lib/python3.10/site-packages/airflow/example_dags/example_short_circuit_decorator.py for tasks to queue
[2024-03-13T00:37:03.812-0400] {logging_mixin.py:188} INFO - [2024-03-13T00:37:03.811-0400] {dagbag.py:540} INFO - Filling up the DagBag from /home/ironbong_jr/mlops/project/project/lib/python3.10/site-packages/airflow/example_dags/example_short_circuit_decorator.py
[2024-03-13T00:37:03.831-0400] {processor.py:840} INFO - DAG(s) 'example_short_circuit_decorator' retrieved from /home/ironbong_jr/mlops/project/project/lib/python3.10/site-packages/airflow/example_dags/example_short_circuit_decorator.py
[2024-03-13T00:37:03.858-0400] {logging_mixin.py:188} INFO - [2024-03-13T00:37:03.858-0400] {dag.py:3047} INFO - Sync 1 DAGs
[2024-03-13T00:37:03.885-0400] {logging_mixin.py:188} INFO - [2024-03-13T00:37:03.884-0400] {dag.py:3834} INFO - Setting next_dagrun for example_short_circuit_decorator to 2024-03-12 00:00:00+00:00, run_after=2024-03-13 00:00:00+00:00
[2024-03-13T00:37:03.931-0400] {processor.py:183} INFO - Processing /home/ironbong_jr/mlops/project/project/lib/python3.10/site-packages/airflow/example_dags/example_short_circuit_decorator.py took 0.181 seconds
[2024-03-13T00:39:14.482-0400] {processor.py:161} INFO - Started process (PID=435265) to work on /home/ironbong_jr/mlops/project/project/lib/python3.10/site-packages/airflow/example_dags/example_short_circuit_decorator.py
[2024-03-13T00:39:14.532-0400] {processor.py:830} INFO - Processing file /home/ironbong_jr/mlops/project/project/lib/python3.10/site-packages/airflow/example_dags/example_short_circuit_decorator.py for tasks to queue
[2024-03-13T00:39:14.534-0400] {logging_mixin.py:188} INFO - [2024-03-13T00:39:14.533-0400] {dagbag.py:540} INFO - Filling up the DagBag from /home/ironbong_jr/mlops/project/project/lib/python3.10/site-packages/airflow/example_dags/example_short_circuit_decorator.py
[2024-03-13T00:39:14.554-0400] {processor.py:840} INFO - DAG(s) 'example_short_circuit_decorator' retrieved from /home/ironbong_jr/mlops/project/project/lib/python3.10/site-packages/airflow/example_dags/example_short_circuit_decorator.py
[2024-03-13T00:39:14.610-0400] {logging_mixin.py:188} INFO - [2024-03-13T00:39:14.609-0400] {dag.py:3047} INFO - Sync 1 DAGs
[2024-03-13T00:39:14.661-0400] {logging_mixin.py:188} INFO - [2024-03-13T00:39:14.660-0400] {dag.py:3834} INFO - Setting next_dagrun for example_short_circuit_decorator to 2024-03-12 00:00:00+00:00, run_after=2024-03-13 00:00:00+00:00
[2024-03-13T00:39:14.792-0400] {processor.py:183} INFO - Processing /home/ironbong_jr/mlops/project/project/lib/python3.10/site-packages/airflow/example_dags/example_short_circuit_decorator.py took 0.322 seconds
[2024-03-13T00:40:49.061-0400] {processor.py:161} INFO - Started process (PID=435694) to work on /home/ironbong_jr/mlops/project/project/lib/python3.10/site-packages/airflow/example_dags/example_short_circuit_decorator.py
[2024-03-13T00:40:49.110-0400] {processor.py:830} INFO - Processing file /home/ironbong_jr/mlops/project/project/lib/python3.10/site-packages/airflow/example_dags/example_short_circuit_decorator.py for tasks to queue
[2024-03-13T00:40:49.117-0400] {logging_mixin.py:188} INFO - [2024-03-13T00:40:49.114-0400] {dagbag.py:540} INFO - Filling up the DagBag from /home/ironbong_jr/mlops/project/project/lib/python3.10/site-packages/airflow/example_dags/example_short_circuit_decorator.py
[2024-03-13T00:40:49.142-0400] {processor.py:840} INFO - DAG(s) 'example_short_circuit_decorator' retrieved from /home/ironbong_jr/mlops/project/project/lib/python3.10/site-packages/airflow/example_dags/example_short_circuit_decorator.py
[2024-03-13T00:40:49.197-0400] {logging_mixin.py:188} INFO - [2024-03-13T00:40:49.194-0400] {dag.py:3047} INFO - Sync 1 DAGs
[2024-03-13T00:40:49.231-0400] {logging_mixin.py:188} INFO - [2024-03-13T00:40:49.230-0400] {dag.py:3834} INFO - Setting next_dagrun for example_short_circuit_decorator to 2024-03-12 00:00:00+00:00, run_after=2024-03-13 00:00:00+00:00
[2024-03-13T00:40:49.331-0400] {processor.py:183} INFO - Processing /home/ironbong_jr/mlops/project/project/lib/python3.10/site-packages/airflow/example_dags/example_short_circuit_decorator.py took 0.287 seconds
[2024-03-13T00:44:05.570-0400] {processor.py:161} INFO - Started process (PID=436606) to work on /home/ironbong_jr/mlops/project/project/lib/python3.10/site-packages/airflow/example_dags/example_short_circuit_decorator.py
[2024-03-13T00:44:05.608-0400] {processor.py:830} INFO - Processing file /home/ironbong_jr/mlops/project/project/lib/python3.10/site-packages/airflow/example_dags/example_short_circuit_decorator.py for tasks to queue
[2024-03-13T00:44:05.611-0400] {logging_mixin.py:188} INFO - [2024-03-13T00:44:05.610-0400] {dagbag.py:540} INFO - Filling up the DagBag from /home/ironbong_jr/mlops/project/project/lib/python3.10/site-packages/airflow/example_dags/example_short_circuit_decorator.py
[2024-03-13T00:44:05.630-0400] {processor.py:840} INFO - DAG(s) 'example_short_circuit_decorator' retrieved from /home/ironbong_jr/mlops/project/project/lib/python3.10/site-packages/airflow/example_dags/example_short_circuit_decorator.py
[2024-03-13T00:44:05.662-0400] {logging_mixin.py:188} INFO - [2024-03-13T00:44:05.662-0400] {dag.py:3047} INFO - Sync 1 DAGs
[2024-03-13T00:44:05.697-0400] {logging_mixin.py:188} INFO - [2024-03-13T00:44:05.697-0400] {dag.py:3834} INFO - Setting next_dagrun for example_short_circuit_decorator to 2024-03-12 00:00:00+00:00, run_after=2024-03-13 00:00:00+00:00
[2024-03-13T00:44:05.752-0400] {processor.py:183} INFO - Processing /home/ironbong_jr/mlops/project/project/lib/python3.10/site-packages/airflow/example_dags/example_short_circuit_decorator.py took 0.188 seconds
[2024-03-13T00:45:26.505-0400] {processor.py:161} INFO - Started process (PID=436954) to work on /home/ironbong_jr/mlops/project/project/lib/python3.10/site-packages/airflow/example_dags/example_short_circuit_decorator.py
[2024-03-13T00:45:26.557-0400] {processor.py:830} INFO - Processing file /home/ironbong_jr/mlops/project/project/lib/python3.10/site-packages/airflow/example_dags/example_short_circuit_decorator.py for tasks to queue
[2024-03-13T00:45:26.560-0400] {logging_mixin.py:188} INFO - [2024-03-13T00:45:26.559-0400] {dagbag.py:540} INFO - Filling up the DagBag from /home/ironbong_jr/mlops/project/project/lib/python3.10/site-packages/airflow/example_dags/example_short_circuit_decorator.py
[2024-03-13T00:45:26.577-0400] {processor.py:840} INFO - DAG(s) 'example_short_circuit_decorator' retrieved from /home/ironbong_jr/mlops/project/project/lib/python3.10/site-packages/airflow/example_dags/example_short_circuit_decorator.py
[2024-03-13T00:45:26.602-0400] {logging_mixin.py:188} INFO - [2024-03-13T00:45:26.602-0400] {dag.py:3047} INFO - Sync 1 DAGs
[2024-03-13T00:45:26.625-0400] {logging_mixin.py:188} INFO - [2024-03-13T00:45:26.625-0400] {dag.py:3834} INFO - Setting next_dagrun for example_short_circuit_decorator to 2024-03-12 00:00:00+00:00, run_after=2024-03-13 00:00:00+00:00
[2024-03-13T00:45:26.661-0400] {processor.py:183} INFO - Processing /home/ironbong_jr/mlops/project/project/lib/python3.10/site-packages/airflow/example_dags/example_short_circuit_decorator.py took 0.163 seconds
[2024-03-13T15:49:12.689-0400] {processor.py:161} INFO - Started process (PID=453729) to work on /home/ironbong_jr/mlops/project/project/lib/python3.10/site-packages/airflow/example_dags/example_short_circuit_decorator.py
[2024-03-13T15:49:12.692-0400] {processor.py:830} INFO - Processing file /home/ironbong_jr/mlops/project/project/lib/python3.10/site-packages/airflow/example_dags/example_short_circuit_decorator.py for tasks to queue
[2024-03-13T15:49:12.693-0400] {logging_mixin.py:188} INFO - [2024-03-13T15:49:12.693-0400] {dagbag.py:540} INFO - Filling up the DagBag from /home/ironbong_jr/mlops/project/project/lib/python3.10/site-packages/airflow/example_dags/example_short_circuit_decorator.py
[2024-03-13T15:49:12.700-0400] {processor.py:840} INFO - DAG(s) 'example_short_circuit_decorator' retrieved from /home/ironbong_jr/mlops/project/project/lib/python3.10/site-packages/airflow/example_dags/example_short_circuit_decorator.py
[2024-03-13T15:49:12.803-0400] {logging_mixin.py:188} INFO - [2024-03-13T15:49:12.802-0400] {dag.py:3047} INFO - Sync 1 DAGs
[2024-03-13T15:49:12.810-0400] {logging_mixin.py:188} INFO - [2024-03-13T15:49:12.810-0400] {dag.py:3834} INFO - Setting next_dagrun for example_short_circuit_decorator to 2024-03-12 00:00:00+00:00, run_after=2024-03-13 00:00:00+00:00
[2024-03-13T15:49:12.830-0400] {processor.py:183} INFO - Processing /home/ironbong_jr/mlops/project/project/lib/python3.10/site-packages/airflow/example_dags/example_short_circuit_decorator.py took 0.143 seconds
[2024-03-13T15:51:21.801-0400] {processor.py:161} INFO - Started process (PID=454460) to work on /home/ironbong_jr/mlops/project/project/lib/python3.10/site-packages/airflow/example_dags/example_short_circuit_decorator.py
[2024-03-13T15:51:21.803-0400] {processor.py:830} INFO - Processing file /home/ironbong_jr/mlops/project/project/lib/python3.10/site-packages/airflow/example_dags/example_short_circuit_decorator.py for tasks to queue
[2024-03-13T15:51:21.803-0400] {logging_mixin.py:188} INFO - [2024-03-13T15:51:21.803-0400] {dagbag.py:540} INFO - Filling up the DagBag from /home/ironbong_jr/mlops/project/project/lib/python3.10/site-packages/airflow/example_dags/example_short_circuit_decorator.py
[2024-03-13T15:51:21.810-0400] {processor.py:840} INFO - DAG(s) 'example_short_circuit_decorator' retrieved from /home/ironbong_jr/mlops/project/project/lib/python3.10/site-packages/airflow/example_dags/example_short_circuit_decorator.py
[2024-03-13T15:51:21.892-0400] {logging_mixin.py:188} INFO - [2024-03-13T15:51:21.891-0400] {dag.py:3047} INFO - Sync 1 DAGs
[2024-03-13T15:51:21.902-0400] {logging_mixin.py:188} INFO - [2024-03-13T15:51:21.901-0400] {dag.py:3834} INFO - Setting next_dagrun for example_short_circuit_decorator to 2024-03-12 00:00:00+00:00, run_after=2024-03-13 00:00:00+00:00
[2024-03-13T15:51:21.921-0400] {processor.py:183} INFO - Processing /home/ironbong_jr/mlops/project/project/lib/python3.10/site-packages/airflow/example_dags/example_short_circuit_decorator.py took 0.122 seconds
[2024-03-13T15:52:18.081-0400] {processor.py:161} INFO - Started process (PID=454758) to work on /home/ironbong_jr/mlops/project/project/lib/python3.10/site-packages/airflow/example_dags/example_short_circuit_decorator.py
[2024-03-13T15:52:18.085-0400] {processor.py:830} INFO - Processing file /home/ironbong_jr/mlops/project/project/lib/python3.10/site-packages/airflow/example_dags/example_short_circuit_decorator.py for tasks to queue
[2024-03-13T15:52:18.086-0400] {logging_mixin.py:188} INFO - [2024-03-13T15:52:18.086-0400] {dagbag.py:540} INFO - Filling up the DagBag from /home/ironbong_jr/mlops/project/project/lib/python3.10/site-packages/airflow/example_dags/example_short_circuit_decorator.py
[2024-03-13T15:52:18.100-0400] {processor.py:840} INFO - DAG(s) 'example_short_circuit_decorator' retrieved from /home/ironbong_jr/mlops/project/project/lib/python3.10/site-packages/airflow/example_dags/example_short_circuit_decorator.py
[2024-03-13T15:52:18.119-0400] {logging_mixin.py:188} INFO - [2024-03-13T15:52:18.119-0400] {dag.py:3047} INFO - Sync 1 DAGs
[2024-03-13T15:52:18.141-0400] {logging_mixin.py:188} INFO - [2024-03-13T15:52:18.140-0400] {dag.py:3834} INFO - Setting next_dagrun for example_short_circuit_decorator to 2024-03-12 00:00:00+00:00, run_after=2024-03-13 00:00:00+00:00
[2024-03-13T15:52:18.185-0400] {processor.py:183} INFO - Processing /home/ironbong_jr/mlops/project/project/lib/python3.10/site-packages/airflow/example_dags/example_short_circuit_decorator.py took 0.108 seconds
[2024-03-13T15:53:12.804-0400] {processor.py:161} INFO - Started process (PID=455050) to work on /home/ironbong_jr/mlops/project/project/lib/python3.10/site-packages/airflow/example_dags/example_short_circuit_decorator.py
[2024-03-13T15:53:12.806-0400] {processor.py:830} INFO - Processing file /home/ironbong_jr/mlops/project/project/lib/python3.10/site-packages/airflow/example_dags/example_short_circuit_decorator.py for tasks to queue
[2024-03-13T15:53:12.807-0400] {logging_mixin.py:188} INFO - [2024-03-13T15:53:12.806-0400] {dagbag.py:540} INFO - Filling up the DagBag from /home/ironbong_jr/mlops/project/project/lib/python3.10/site-packages/airflow/example_dags/example_short_circuit_decorator.py
[2024-03-13T15:53:12.813-0400] {processor.py:840} INFO - DAG(s) 'example_short_circuit_decorator' retrieved from /home/ironbong_jr/mlops/project/project/lib/python3.10/site-packages/airflow/example_dags/example_short_circuit_decorator.py
[2024-03-13T15:53:12.827-0400] {logging_mixin.py:188} INFO - [2024-03-13T15:53:12.827-0400] {dag.py:3047} INFO - Sync 1 DAGs
[2024-03-13T15:53:12.840-0400] {logging_mixin.py:188} INFO - [2024-03-13T15:53:12.839-0400] {dag.py:3834} INFO - Setting next_dagrun for example_short_circuit_decorator to 2024-03-12 00:00:00+00:00, run_after=2024-03-13 00:00:00+00:00
[2024-03-13T15:53:12.860-0400] {processor.py:183} INFO - Processing /home/ironbong_jr/mlops/project/project/lib/python3.10/site-packages/airflow/example_dags/example_short_circuit_decorator.py took 0.058 seconds
[2024-03-13T15:54:05.986-0400] {processor.py:161} INFO - Started process (PID=455302) to work on /home/ironbong_jr/mlops/project/project/lib/python3.10/site-packages/airflow/example_dags/example_short_circuit_decorator.py
[2024-03-13T15:54:05.991-0400] {processor.py:830} INFO - Processing file /home/ironbong_jr/mlops/project/project/lib/python3.10/site-packages/airflow/example_dags/example_short_circuit_decorator.py for tasks to queue
[2024-03-13T15:54:05.992-0400] {logging_mixin.py:188} INFO - [2024-03-13T15:54:05.991-0400] {dagbag.py:540} INFO - Filling up the DagBag from /home/ironbong_jr/mlops/project/project/lib/python3.10/site-packages/airflow/example_dags/example_short_circuit_decorator.py
[2024-03-13T15:54:06.005-0400] {processor.py:840} INFO - DAG(s) 'example_short_circuit_decorator' retrieved from /home/ironbong_jr/mlops/project/project/lib/python3.10/site-packages/airflow/example_dags/example_short_circuit_decorator.py
[2024-03-13T15:54:06.043-0400] {logging_mixin.py:188} INFO - [2024-03-13T15:54:06.043-0400] {dag.py:3047} INFO - Sync 1 DAGs
[2024-03-13T15:54:06.056-0400] {logging_mixin.py:188} INFO - [2024-03-13T15:54:06.056-0400] {dag.py:3834} INFO - Setting next_dagrun for example_short_circuit_decorator to 2024-03-12 00:00:00+00:00, run_after=2024-03-13 00:00:00+00:00
[2024-03-13T15:54:06.081-0400] {processor.py:183} INFO - Processing /home/ironbong_jr/mlops/project/project/lib/python3.10/site-packages/airflow/example_dags/example_short_circuit_decorator.py took 0.097 seconds
[2024-03-13T15:54:58.591-0400] {processor.py:161} INFO - Started process (PID=455561) to work on /home/ironbong_jr/mlops/project/project/lib/python3.10/site-packages/airflow/example_dags/example_short_circuit_decorator.py
[2024-03-13T15:54:58.594-0400] {processor.py:830} INFO - Processing file /home/ironbong_jr/mlops/project/project/lib/python3.10/site-packages/airflow/example_dags/example_short_circuit_decorator.py for tasks to queue
[2024-03-13T15:54:58.595-0400] {logging_mixin.py:188} INFO - [2024-03-13T15:54:58.595-0400] {dagbag.py:540} INFO - Filling up the DagBag from /home/ironbong_jr/mlops/project/project/lib/python3.10/site-packages/airflow/example_dags/example_short_circuit_decorator.py
[2024-03-13T15:54:58.604-0400] {processor.py:840} INFO - DAG(s) 'example_short_circuit_decorator' retrieved from /home/ironbong_jr/mlops/project/project/lib/python3.10/site-packages/airflow/example_dags/example_short_circuit_decorator.py
[2024-03-13T15:54:58.615-0400] {logging_mixin.py:188} INFO - [2024-03-13T15:54:58.614-0400] {dag.py:3047} INFO - Sync 1 DAGs
[2024-03-13T15:54:58.630-0400] {logging_mixin.py:188} INFO - [2024-03-13T15:54:58.629-0400] {dag.py:3834} INFO - Setting next_dagrun for example_short_circuit_decorator to 2024-03-12 00:00:00+00:00, run_after=2024-03-13 00:00:00+00:00
[2024-03-13T15:54:58.656-0400] {processor.py:183} INFO - Processing /home/ironbong_jr/mlops/project/project/lib/python3.10/site-packages/airflow/example_dags/example_short_circuit_decorator.py took 0.067 seconds
[2024-03-13T15:55:50.560-0400] {processor.py:161} INFO - Started process (PID=455834) to work on /home/ironbong_jr/mlops/project/project/lib/python3.10/site-packages/airflow/example_dags/example_short_circuit_decorator.py
[2024-03-13T15:55:50.563-0400] {processor.py:830} INFO - Processing file /home/ironbong_jr/mlops/project/project/lib/python3.10/site-packages/airflow/example_dags/example_short_circuit_decorator.py for tasks to queue
[2024-03-13T15:55:50.564-0400] {logging_mixin.py:188} INFO - [2024-03-13T15:55:50.564-0400] {dagbag.py:540} INFO - Filling up the DagBag from /home/ironbong_jr/mlops/project/project/lib/python3.10/site-packages/airflow/example_dags/example_short_circuit_decorator.py
[2024-03-13T15:55:50.571-0400] {processor.py:840} INFO - DAG(s) 'example_short_circuit_decorator' retrieved from /home/ironbong_jr/mlops/project/project/lib/python3.10/site-packages/airflow/example_dags/example_short_circuit_decorator.py
[2024-03-13T15:55:50.583-0400] {logging_mixin.py:188} INFO - [2024-03-13T15:55:50.583-0400] {dag.py:3047} INFO - Sync 1 DAGs
[2024-03-13T15:55:50.596-0400] {logging_mixin.py:188} INFO - [2024-03-13T15:55:50.596-0400] {dag.py:3834} INFO - Setting next_dagrun for example_short_circuit_decorator to 2024-03-12 00:00:00+00:00, run_after=2024-03-13 00:00:00+00:00
[2024-03-13T15:55:50.618-0400] {processor.py:183} INFO - Processing /home/ironbong_jr/mlops/project/project/lib/python3.10/site-packages/airflow/example_dags/example_short_circuit_decorator.py took 0.060 seconds
[2024-03-13T15:56:41.027-0400] {processor.py:161} INFO - Started process (PID=456087) to work on /home/ironbong_jr/mlops/project/project/lib/python3.10/site-packages/airflow/example_dags/example_short_circuit_decorator.py
[2024-03-13T15:56:41.031-0400] {processor.py:830} INFO - Processing file /home/ironbong_jr/mlops/project/project/lib/python3.10/site-packages/airflow/example_dags/example_short_circuit_decorator.py for tasks to queue
[2024-03-13T15:56:41.032-0400] {logging_mixin.py:188} INFO - [2024-03-13T15:56:41.031-0400] {dagbag.py:540} INFO - Filling up the DagBag from /home/ironbong_jr/mlops/project/project/lib/python3.10/site-packages/airflow/example_dags/example_short_circuit_decorator.py
[2024-03-13T15:56:41.038-0400] {processor.py:840} INFO - DAG(s) 'example_short_circuit_decorator' retrieved from /home/ironbong_jr/mlops/project/project/lib/python3.10/site-packages/airflow/example_dags/example_short_circuit_decorator.py
[2024-03-13T15:56:41.049-0400] {logging_mixin.py:188} INFO - [2024-03-13T15:56:41.049-0400] {dag.py:3047} INFO - Sync 1 DAGs
[2024-03-13T15:56:41.061-0400] {logging_mixin.py:188} INFO - [2024-03-13T15:56:41.061-0400] {dag.py:3834} INFO - Setting next_dagrun for example_short_circuit_decorator to 2024-03-12 00:00:00+00:00, run_after=2024-03-13 00:00:00+00:00
[2024-03-13T15:56:41.084-0400] {processor.py:183} INFO - Processing /home/ironbong_jr/mlops/project/project/lib/python3.10/site-packages/airflow/example_dags/example_short_circuit_decorator.py took 0.058 seconds
[2024-03-13T15:57:30.668-0400] {processor.py:161} INFO - Started process (PID=456370) to work on /home/ironbong_jr/mlops/project/project/lib/python3.10/site-packages/airflow/example_dags/example_short_circuit_decorator.py
[2024-03-13T15:57:30.672-0400] {processor.py:830} INFO - Processing file /home/ironbong_jr/mlops/project/project/lib/python3.10/site-packages/airflow/example_dags/example_short_circuit_decorator.py for tasks to queue
[2024-03-13T15:57:30.672-0400] {logging_mixin.py:188} INFO - [2024-03-13T15:57:30.672-0400] {dagbag.py:540} INFO - Filling up the DagBag from /home/ironbong_jr/mlops/project/project/lib/python3.10/site-packages/airflow/example_dags/example_short_circuit_decorator.py
[2024-03-13T15:57:30.679-0400] {processor.py:840} INFO - DAG(s) 'example_short_circuit_decorator' retrieved from /home/ironbong_jr/mlops/project/project/lib/python3.10/site-packages/airflow/example_dags/example_short_circuit_decorator.py
[2024-03-13T15:57:30.696-0400] {logging_mixin.py:188} INFO - [2024-03-13T15:57:30.696-0400] {dag.py:3047} INFO - Sync 1 DAGs
[2024-03-13T15:57:30.709-0400] {logging_mixin.py:188} INFO - [2024-03-13T15:57:30.709-0400] {dag.py:3834} INFO - Setting next_dagrun for example_short_circuit_decorator to 2024-03-12 00:00:00+00:00, run_after=2024-03-13 00:00:00+00:00
[2024-03-13T15:57:30.733-0400] {processor.py:183} INFO - Processing /home/ironbong_jr/mlops/project/project/lib/python3.10/site-packages/airflow/example_dags/example_short_circuit_decorator.py took 0.067 seconds
[2024-03-13T15:58:22.911-0400] {processor.py:161} INFO - Started process (PID=456655) to work on /home/ironbong_jr/mlops/project/project/lib/python3.10/site-packages/airflow/example_dags/example_short_circuit_decorator.py
[2024-03-13T15:58:22.915-0400] {processor.py:830} INFO - Processing file /home/ironbong_jr/mlops/project/project/lib/python3.10/site-packages/airflow/example_dags/example_short_circuit_decorator.py for tasks to queue
[2024-03-13T15:58:22.916-0400] {logging_mixin.py:188} INFO - [2024-03-13T15:58:22.915-0400] {dagbag.py:540} INFO - Filling up the DagBag from /home/ironbong_jr/mlops/project/project/lib/python3.10/site-packages/airflow/example_dags/example_short_circuit_decorator.py
[2024-03-13T15:58:22.922-0400] {processor.py:840} INFO - DAG(s) 'example_short_circuit_decorator' retrieved from /home/ironbong_jr/mlops/project/project/lib/python3.10/site-packages/airflow/example_dags/example_short_circuit_decorator.py
[2024-03-13T15:58:22.933-0400] {logging_mixin.py:188} INFO - [2024-03-13T15:58:22.933-0400] {dag.py:3047} INFO - Sync 1 DAGs
[2024-03-13T15:58:22.946-0400] {logging_mixin.py:188} INFO - [2024-03-13T15:58:22.946-0400] {dag.py:3834} INFO - Setting next_dagrun for example_short_circuit_decorator to 2024-03-12 00:00:00+00:00, run_after=2024-03-13 00:00:00+00:00
[2024-03-13T15:58:22.969-0400] {processor.py:183} INFO - Processing /home/ironbong_jr/mlops/project/project/lib/python3.10/site-packages/airflow/example_dags/example_short_circuit_decorator.py took 0.060 seconds
[2024-03-13T15:59:14.041-0400] {processor.py:161} INFO - Started process (PID=456898) to work on /home/ironbong_jr/mlops/project/project/lib/python3.10/site-packages/airflow/example_dags/example_short_circuit_decorator.py
[2024-03-13T15:59:14.045-0400] {processor.py:830} INFO - Processing file /home/ironbong_jr/mlops/project/project/lib/python3.10/site-packages/airflow/example_dags/example_short_circuit_decorator.py for tasks to queue
[2024-03-13T15:59:14.046-0400] {logging_mixin.py:188} INFO - [2024-03-13T15:59:14.046-0400] {dagbag.py:540} INFO - Filling up the DagBag from /home/ironbong_jr/mlops/project/project/lib/python3.10/site-packages/airflow/example_dags/example_short_circuit_decorator.py
[2024-03-13T15:59:14.055-0400] {processor.py:840} INFO - DAG(s) 'example_short_circuit_decorator' retrieved from /home/ironbong_jr/mlops/project/project/lib/python3.10/site-packages/airflow/example_dags/example_short_circuit_decorator.py
[2024-03-13T15:59:14.069-0400] {logging_mixin.py:188} INFO - [2024-03-13T15:59:14.069-0400] {dag.py:3047} INFO - Sync 1 DAGs
[2024-03-13T15:59:14.080-0400] {logging_mixin.py:188} INFO - [2024-03-13T15:59:14.080-0400] {dag.py:3834} INFO - Setting next_dagrun for example_short_circuit_decorator to 2024-03-12 00:00:00+00:00, run_after=2024-03-13 00:00:00+00:00
[2024-03-13T15:59:14.103-0400] {processor.py:183} INFO - Processing /home/ironbong_jr/mlops/project/project/lib/python3.10/site-packages/airflow/example_dags/example_short_circuit_decorator.py took 0.064 seconds
[2024-03-13T16:00:05.455-0400] {processor.py:161} INFO - Started process (PID=457154) to work on /home/ironbong_jr/mlops/project/project/lib/python3.10/site-packages/airflow/example_dags/example_short_circuit_decorator.py
[2024-03-13T16:00:05.458-0400] {processor.py:830} INFO - Processing file /home/ironbong_jr/mlops/project/project/lib/python3.10/site-packages/airflow/example_dags/example_short_circuit_decorator.py for tasks to queue
[2024-03-13T16:00:05.459-0400] {logging_mixin.py:188} INFO - [2024-03-13T16:00:05.459-0400] {dagbag.py:540} INFO - Filling up the DagBag from /home/ironbong_jr/mlops/project/project/lib/python3.10/site-packages/airflow/example_dags/example_short_circuit_decorator.py
[2024-03-13T16:00:05.465-0400] {processor.py:840} INFO - DAG(s) 'example_short_circuit_decorator' retrieved from /home/ironbong_jr/mlops/project/project/lib/python3.10/site-packages/airflow/example_dags/example_short_circuit_decorator.py
[2024-03-13T16:00:05.476-0400] {logging_mixin.py:188} INFO - [2024-03-13T16:00:05.476-0400] {dag.py:3047} INFO - Sync 1 DAGs
[2024-03-13T16:00:05.488-0400] {logging_mixin.py:188} INFO - [2024-03-13T16:00:05.487-0400] {dag.py:3834} INFO - Setting next_dagrun for example_short_circuit_decorator to 2024-03-12 00:00:00+00:00, run_after=2024-03-13 00:00:00+00:00
[2024-03-13T16:00:05.511-0400] {processor.py:183} INFO - Processing /home/ironbong_jr/mlops/project/project/lib/python3.10/site-packages/airflow/example_dags/example_short_circuit_decorator.py took 0.058 seconds
[2024-03-13T16:00:55.448-0400] {processor.py:161} INFO - Started process (PID=457404) to work on /home/ironbong_jr/mlops/project/project/lib/python3.10/site-packages/airflow/example_dags/example_short_circuit_decorator.py
[2024-03-13T16:00:55.450-0400] {processor.py:830} INFO - Processing file /home/ironbong_jr/mlops/project/project/lib/python3.10/site-packages/airflow/example_dags/example_short_circuit_decorator.py for tasks to queue
[2024-03-13T16:00:55.451-0400] {logging_mixin.py:188} INFO - [2024-03-13T16:00:55.450-0400] {dagbag.py:540} INFO - Filling up the DagBag from /home/ironbong_jr/mlops/project/project/lib/python3.10/site-packages/airflow/example_dags/example_short_circuit_decorator.py
[2024-03-13T16:00:55.457-0400] {processor.py:840} INFO - DAG(s) 'example_short_circuit_decorator' retrieved from /home/ironbong_jr/mlops/project/project/lib/python3.10/site-packages/airflow/example_dags/example_short_circuit_decorator.py
[2024-03-13T16:00:55.467-0400] {logging_mixin.py:188} INFO - [2024-03-13T16:00:55.467-0400] {dag.py:3047} INFO - Sync 1 DAGs
[2024-03-13T16:00:55.478-0400] {logging_mixin.py:188} INFO - [2024-03-13T16:00:55.478-0400] {dag.py:3834} INFO - Setting next_dagrun for example_short_circuit_decorator to 2024-03-12 00:00:00+00:00, run_after=2024-03-13 00:00:00+00:00
[2024-03-13T16:00:55.500-0400] {processor.py:183} INFO - Processing /home/ironbong_jr/mlops/project/project/lib/python3.10/site-packages/airflow/example_dags/example_short_circuit_decorator.py took 0.054 seconds
[2024-03-13T16:01:47.032-0400] {processor.py:161} INFO - Started process (PID=457674) to work on /home/ironbong_jr/mlops/project/project/lib/python3.10/site-packages/airflow/example_dags/example_short_circuit_decorator.py
[2024-03-13T16:01:47.036-0400] {processor.py:830} INFO - Processing file /home/ironbong_jr/mlops/project/project/lib/python3.10/site-packages/airflow/example_dags/example_short_circuit_decorator.py for tasks to queue
[2024-03-13T16:01:47.036-0400] {logging_mixin.py:188} INFO - [2024-03-13T16:01:47.036-0400] {dagbag.py:540} INFO - Filling up the DagBag from /home/ironbong_jr/mlops/project/project/lib/python3.10/site-packages/airflow/example_dags/example_short_circuit_decorator.py
[2024-03-13T16:01:47.042-0400] {processor.py:840} INFO - DAG(s) 'example_short_circuit_decorator' retrieved from /home/ironbong_jr/mlops/project/project/lib/python3.10/site-packages/airflow/example_dags/example_short_circuit_decorator.py
[2024-03-13T16:01:47.053-0400] {logging_mixin.py:188} INFO - [2024-03-13T16:01:47.052-0400] {dag.py:3047} INFO - Sync 1 DAGs
[2024-03-13T16:01:47.063-0400] {logging_mixin.py:188} INFO - [2024-03-13T16:01:47.063-0400] {dag.py:3834} INFO - Setting next_dagrun for example_short_circuit_decorator to 2024-03-12 00:00:00+00:00, run_after=2024-03-13 00:00:00+00:00
[2024-03-13T16:01:47.086-0400] {processor.py:183} INFO - Processing /home/ironbong_jr/mlops/project/project/lib/python3.10/site-packages/airflow/example_dags/example_short_circuit_decorator.py took 0.056 seconds
[2024-03-13T16:02:37.010-0400] {processor.py:161} INFO - Started process (PID=457938) to work on /home/ironbong_jr/mlops/project/project/lib/python3.10/site-packages/airflow/example_dags/example_short_circuit_decorator.py
[2024-03-13T16:02:37.013-0400] {processor.py:830} INFO - Processing file /home/ironbong_jr/mlops/project/project/lib/python3.10/site-packages/airflow/example_dags/example_short_circuit_decorator.py for tasks to queue
[2024-03-13T16:02:37.014-0400] {logging_mixin.py:188} INFO - [2024-03-13T16:02:37.014-0400] {dagbag.py:540} INFO - Filling up the DagBag from /home/ironbong_jr/mlops/project/project/lib/python3.10/site-packages/airflow/example_dags/example_short_circuit_decorator.py
[2024-03-13T16:02:37.020-0400] {processor.py:840} INFO - DAG(s) 'example_short_circuit_decorator' retrieved from /home/ironbong_jr/mlops/project/project/lib/python3.10/site-packages/airflow/example_dags/example_short_circuit_decorator.py
[2024-03-13T16:02:37.030-0400] {logging_mixin.py:188} INFO - [2024-03-13T16:02:37.030-0400] {dag.py:3047} INFO - Sync 1 DAGs
[2024-03-13T16:02:37.042-0400] {logging_mixin.py:188} INFO - [2024-03-13T16:02:37.042-0400] {dag.py:3834} INFO - Setting next_dagrun for example_short_circuit_decorator to 2024-03-12 00:00:00+00:00, run_after=2024-03-13 00:00:00+00:00
[2024-03-13T16:02:37.064-0400] {processor.py:183} INFO - Processing /home/ironbong_jr/mlops/project/project/lib/python3.10/site-packages/airflow/example_dags/example_short_circuit_decorator.py took 0.056 seconds
[2024-03-13T16:03:26.711-0400] {processor.py:161} INFO - Started process (PID=458205) to work on /home/ironbong_jr/mlops/project/project/lib/python3.10/site-packages/airflow/example_dags/example_short_circuit_decorator.py
[2024-03-13T16:03:26.715-0400] {processor.py:830} INFO - Processing file /home/ironbong_jr/mlops/project/project/lib/python3.10/site-packages/airflow/example_dags/example_short_circuit_decorator.py for tasks to queue
[2024-03-13T16:03:26.715-0400] {logging_mixin.py:188} INFO - [2024-03-13T16:03:26.715-0400] {dagbag.py:540} INFO - Filling up the DagBag from /home/ironbong_jr/mlops/project/project/lib/python3.10/site-packages/airflow/example_dags/example_short_circuit_decorator.py
[2024-03-13T16:03:26.723-0400] {processor.py:840} INFO - DAG(s) 'example_short_circuit_decorator' retrieved from /home/ironbong_jr/mlops/project/project/lib/python3.10/site-packages/airflow/example_dags/example_short_circuit_decorator.py
[2024-03-13T16:03:26.735-0400] {logging_mixin.py:188} INFO - [2024-03-13T16:03:26.735-0400] {dag.py:3047} INFO - Sync 1 DAGs
[2024-03-13T16:03:26.747-0400] {logging_mixin.py:188} INFO - [2024-03-13T16:03:26.747-0400] {dag.py:3834} INFO - Setting next_dagrun for example_short_circuit_decorator to 2024-03-12 00:00:00+00:00, run_after=2024-03-13 00:00:00+00:00
[2024-03-13T16:03:26.767-0400] {processor.py:183} INFO - Processing /home/ironbong_jr/mlops/project/project/lib/python3.10/site-packages/airflow/example_dags/example_short_circuit_decorator.py took 0.059 seconds
[2024-03-13T16:04:33.034-0400] {processor.py:161} INFO - Started process (PID=458620) to work on /home/ironbong_jr/mlops/project/project/lib/python3.10/site-packages/airflow/example_dags/example_short_circuit_decorator.py
[2024-03-13T16:04:33.039-0400] {processor.py:830} INFO - Processing file /home/ironbong_jr/mlops/project/project/lib/python3.10/site-packages/airflow/example_dags/example_short_circuit_decorator.py for tasks to queue
[2024-03-13T16:04:33.039-0400] {logging_mixin.py:188} INFO - [2024-03-13T16:04:33.039-0400] {dagbag.py:540} INFO - Filling up the DagBag from /home/ironbong_jr/mlops/project/project/lib/python3.10/site-packages/airflow/example_dags/example_short_circuit_decorator.py
[2024-03-13T16:04:33.046-0400] {processor.py:840} INFO - DAG(s) 'example_short_circuit_decorator' retrieved from /home/ironbong_jr/mlops/project/project/lib/python3.10/site-packages/airflow/example_dags/example_short_circuit_decorator.py
[2024-03-13T16:04:33.057-0400] {logging_mixin.py:188} INFO - [2024-03-13T16:04:33.057-0400] {dag.py:3047} INFO - Sync 1 DAGs
[2024-03-13T16:04:33.069-0400] {logging_mixin.py:188} INFO - [2024-03-13T16:04:33.069-0400] {dag.py:3834} INFO - Setting next_dagrun for example_short_circuit_decorator to 2024-03-12 00:00:00+00:00, run_after=2024-03-13 00:00:00+00:00
[2024-03-13T16:04:33.096-0400] {processor.py:183} INFO - Processing /home/ironbong_jr/mlops/project/project/lib/python3.10/site-packages/airflow/example_dags/example_short_circuit_decorator.py took 0.064 seconds
[2024-03-13T16:05:27.210-0400] {processor.py:161} INFO - Started process (PID=458894) to work on /home/ironbong_jr/mlops/project/project/lib/python3.10/site-packages/airflow/example_dags/example_short_circuit_decorator.py
[2024-03-13T16:05:27.214-0400] {processor.py:830} INFO - Processing file /home/ironbong_jr/mlops/project/project/lib/python3.10/site-packages/airflow/example_dags/example_short_circuit_decorator.py for tasks to queue
[2024-03-13T16:05:27.214-0400] {logging_mixin.py:188} INFO - [2024-03-13T16:05:27.214-0400] {dagbag.py:540} INFO - Filling up the DagBag from /home/ironbong_jr/mlops/project/project/lib/python3.10/site-packages/airflow/example_dags/example_short_circuit_decorator.py
[2024-03-13T16:05:27.223-0400] {processor.py:840} INFO - DAG(s) 'example_short_circuit_decorator' retrieved from /home/ironbong_jr/mlops/project/project/lib/python3.10/site-packages/airflow/example_dags/example_short_circuit_decorator.py
[2024-03-13T16:05:27.237-0400] {logging_mixin.py:188} INFO - [2024-03-13T16:05:27.236-0400] {dag.py:3047} INFO - Sync 1 DAGs
[2024-03-13T16:05:27.251-0400] {logging_mixin.py:188} INFO - [2024-03-13T16:05:27.251-0400] {dag.py:3834} INFO - Setting next_dagrun for example_short_circuit_decorator to 2024-03-12 00:00:00+00:00, run_after=2024-03-13 00:00:00+00:00
[2024-03-13T16:05:27.277-0400] {processor.py:183} INFO - Processing /home/ironbong_jr/mlops/project/project/lib/python3.10/site-packages/airflow/example_dags/example_short_circuit_decorator.py took 0.070 seconds
[2024-03-13T16:06:18.400-0400] {processor.py:161} INFO - Started process (PID=459154) to work on /home/ironbong_jr/mlops/project/project/lib/python3.10/site-packages/airflow/example_dags/example_short_circuit_decorator.py
[2024-03-13T16:06:18.402-0400] {processor.py:830} INFO - Processing file /home/ironbong_jr/mlops/project/project/lib/python3.10/site-packages/airflow/example_dags/example_short_circuit_decorator.py for tasks to queue
[2024-03-13T16:06:18.403-0400] {logging_mixin.py:188} INFO - [2024-03-13T16:06:18.402-0400] {dagbag.py:540} INFO - Filling up the DagBag from /home/ironbong_jr/mlops/project/project/lib/python3.10/site-packages/airflow/example_dags/example_short_circuit_decorator.py
[2024-03-13T16:06:18.410-0400] {processor.py:840} INFO - DAG(s) 'example_short_circuit_decorator' retrieved from /home/ironbong_jr/mlops/project/project/lib/python3.10/site-packages/airflow/example_dags/example_short_circuit_decorator.py
[2024-03-13T16:06:18.424-0400] {logging_mixin.py:188} INFO - [2024-03-13T16:06:18.423-0400] {dag.py:3047} INFO - Sync 1 DAGs
[2024-03-13T16:06:18.438-0400] {logging_mixin.py:188} INFO - [2024-03-13T16:06:18.438-0400] {dag.py:3834} INFO - Setting next_dagrun for example_short_circuit_decorator to 2024-03-12 00:00:00+00:00, run_after=2024-03-13 00:00:00+00:00
[2024-03-13T16:06:18.464-0400] {processor.py:183} INFO - Processing /home/ironbong_jr/mlops/project/project/lib/python3.10/site-packages/airflow/example_dags/example_short_circuit_decorator.py took 0.066 seconds
[2024-03-13T16:07:07.861-0400] {processor.py:161} INFO - Started process (PID=459395) to work on /home/ironbong_jr/mlops/project/project/lib/python3.10/site-packages/airflow/example_dags/example_short_circuit_decorator.py
[2024-03-13T16:07:07.863-0400] {processor.py:830} INFO - Processing file /home/ironbong_jr/mlops/project/project/lib/python3.10/site-packages/airflow/example_dags/example_short_circuit_decorator.py for tasks to queue
[2024-03-13T16:07:07.864-0400] {logging_mixin.py:188} INFO - [2024-03-13T16:07:07.863-0400] {dagbag.py:540} INFO - Filling up the DagBag from /home/ironbong_jr/mlops/project/project/lib/python3.10/site-packages/airflow/example_dags/example_short_circuit_decorator.py
[2024-03-13T16:07:07.871-0400] {processor.py:840} INFO - DAG(s) 'example_short_circuit_decorator' retrieved from /home/ironbong_jr/mlops/project/project/lib/python3.10/site-packages/airflow/example_dags/example_short_circuit_decorator.py
[2024-03-13T16:07:07.885-0400] {logging_mixin.py:188} INFO - [2024-03-13T16:07:07.885-0400] {dag.py:3047} INFO - Sync 1 DAGs
[2024-03-13T16:07:07.898-0400] {logging_mixin.py:188} INFO - [2024-03-13T16:07:07.898-0400] {dag.py:3834} INFO - Setting next_dagrun for example_short_circuit_decorator to 2024-03-12 00:00:00+00:00, run_after=2024-03-13 00:00:00+00:00
[2024-03-13T16:07:07.923-0400] {processor.py:183} INFO - Processing /home/ironbong_jr/mlops/project/project/lib/python3.10/site-packages/airflow/example_dags/example_short_circuit_decorator.py took 0.064 seconds
[2024-03-13T16:08:01.486-0400] {processor.py:161} INFO - Started process (PID=459658) to work on /home/ironbong_jr/mlops/project/project/lib/python3.10/site-packages/airflow/example_dags/example_short_circuit_decorator.py
[2024-03-13T16:08:01.490-0400] {processor.py:830} INFO - Processing file /home/ironbong_jr/mlops/project/project/lib/python3.10/site-packages/airflow/example_dags/example_short_circuit_decorator.py for tasks to queue
[2024-03-13T16:08:01.491-0400] {logging_mixin.py:188} INFO - [2024-03-13T16:08:01.491-0400] {dagbag.py:540} INFO - Filling up the DagBag from /home/ironbong_jr/mlops/project/project/lib/python3.10/site-packages/airflow/example_dags/example_short_circuit_decorator.py
[2024-03-13T16:08:01.498-0400] {processor.py:840} INFO - DAG(s) 'example_short_circuit_decorator' retrieved from /home/ironbong_jr/mlops/project/project/lib/python3.10/site-packages/airflow/example_dags/example_short_circuit_decorator.py
[2024-03-13T16:08:01.508-0400] {logging_mixin.py:188} INFO - [2024-03-13T16:08:01.508-0400] {dag.py:3047} INFO - Sync 1 DAGs
[2024-03-13T16:08:01.518-0400] {logging_mixin.py:188} INFO - [2024-03-13T16:08:01.518-0400] {dag.py:3834} INFO - Setting next_dagrun for example_short_circuit_decorator to 2024-03-12 00:00:00+00:00, run_after=2024-03-13 00:00:00+00:00
[2024-03-13T16:08:01.540-0400] {processor.py:183} INFO - Processing /home/ironbong_jr/mlops/project/project/lib/python3.10/site-packages/airflow/example_dags/example_short_circuit_decorator.py took 0.055 seconds
[2024-03-13T16:08:52.457-0400] {processor.py:161} INFO - Started process (PID=459909) to work on /home/ironbong_jr/mlops/project/project/lib/python3.10/site-packages/airflow/example_dags/example_short_circuit_decorator.py
[2024-03-13T16:08:52.460-0400] {processor.py:830} INFO - Processing file /home/ironbong_jr/mlops/project/project/lib/python3.10/site-packages/airflow/example_dags/example_short_circuit_decorator.py for tasks to queue
[2024-03-13T16:08:52.461-0400] {logging_mixin.py:188} INFO - [2024-03-13T16:08:52.460-0400] {dagbag.py:540} INFO - Filling up the DagBag from /home/ironbong_jr/mlops/project/project/lib/python3.10/site-packages/airflow/example_dags/example_short_circuit_decorator.py
[2024-03-13T16:08:52.467-0400] {processor.py:840} INFO - DAG(s) 'example_short_circuit_decorator' retrieved from /home/ironbong_jr/mlops/project/project/lib/python3.10/site-packages/airflow/example_dags/example_short_circuit_decorator.py
[2024-03-13T16:08:52.477-0400] {logging_mixin.py:188} INFO - [2024-03-13T16:08:52.477-0400] {dag.py:3047} INFO - Sync 1 DAGs
[2024-03-13T16:08:52.488-0400] {logging_mixin.py:188} INFO - [2024-03-13T16:08:52.488-0400] {dag.py:3834} INFO - Setting next_dagrun for example_short_circuit_decorator to 2024-03-12 00:00:00+00:00, run_after=2024-03-13 00:00:00+00:00
[2024-03-13T16:08:52.511-0400] {processor.py:183} INFO - Processing /home/ironbong_jr/mlops/project/project/lib/python3.10/site-packages/airflow/example_dags/example_short_circuit_decorator.py took 0.056 seconds
[2024-03-13T16:09:41.468-0400] {processor.py:161} INFO - Started process (PID=460146) to work on /home/ironbong_jr/mlops/project/project/lib/python3.10/site-packages/airflow/example_dags/example_short_circuit_decorator.py
[2024-03-13T16:09:41.472-0400] {processor.py:830} INFO - Processing file /home/ironbong_jr/mlops/project/project/lib/python3.10/site-packages/airflow/example_dags/example_short_circuit_decorator.py for tasks to queue
[2024-03-13T16:09:41.472-0400] {logging_mixin.py:188} INFO - [2024-03-13T16:09:41.472-0400] {dagbag.py:540} INFO - Filling up the DagBag from /home/ironbong_jr/mlops/project/project/lib/python3.10/site-packages/airflow/example_dags/example_short_circuit_decorator.py
[2024-03-13T16:09:41.479-0400] {processor.py:840} INFO - DAG(s) 'example_short_circuit_decorator' retrieved from /home/ironbong_jr/mlops/project/project/lib/python3.10/site-packages/airflow/example_dags/example_short_circuit_decorator.py
[2024-03-13T16:09:41.491-0400] {logging_mixin.py:188} INFO - [2024-03-13T16:09:41.490-0400] {dag.py:3047} INFO - Sync 1 DAGs
[2024-03-13T16:09:41.503-0400] {logging_mixin.py:188} INFO - [2024-03-13T16:09:41.503-0400] {dag.py:3834} INFO - Setting next_dagrun for example_short_circuit_decorator to 2024-03-12 00:00:00+00:00, run_after=2024-03-13 00:00:00+00:00
[2024-03-13T16:09:41.527-0400] {processor.py:183} INFO - Processing /home/ironbong_jr/mlops/project/project/lib/python3.10/site-packages/airflow/example_dags/example_short_circuit_decorator.py took 0.061 seconds
[2024-03-13T16:10:31.679-0400] {processor.py:161} INFO - Started process (PID=460401) to work on /home/ironbong_jr/mlops/project/project/lib/python3.10/site-packages/airflow/example_dags/example_short_circuit_decorator.py
[2024-03-13T16:10:31.681-0400] {processor.py:830} INFO - Processing file /home/ironbong_jr/mlops/project/project/lib/python3.10/site-packages/airflow/example_dags/example_short_circuit_decorator.py for tasks to queue
[2024-03-13T16:10:31.681-0400] {logging_mixin.py:188} INFO - [2024-03-13T16:10:31.681-0400] {dagbag.py:540} INFO - Filling up the DagBag from /home/ironbong_jr/mlops/project/project/lib/python3.10/site-packages/airflow/example_dags/example_short_circuit_decorator.py
[2024-03-13T16:10:31.687-0400] {processor.py:840} INFO - DAG(s) 'example_short_circuit_decorator' retrieved from /home/ironbong_jr/mlops/project/project/lib/python3.10/site-packages/airflow/example_dags/example_short_circuit_decorator.py
[2024-03-13T16:10:31.698-0400] {logging_mixin.py:188} INFO - [2024-03-13T16:10:31.697-0400] {dag.py:3047} INFO - Sync 1 DAGs
[2024-03-13T16:10:31.709-0400] {logging_mixin.py:188} INFO - [2024-03-13T16:10:31.708-0400] {dag.py:3834} INFO - Setting next_dagrun for example_short_circuit_decorator to 2024-03-12 00:00:00+00:00, run_after=2024-03-13 00:00:00+00:00
[2024-03-13T16:10:31.733-0400] {processor.py:183} INFO - Processing /home/ironbong_jr/mlops/project/project/lib/python3.10/site-packages/airflow/example_dags/example_short_circuit_decorator.py took 0.056 seconds
[2024-03-13T16:11:21.817-0400] {processor.py:161} INFO - Started process (PID=460652) to work on /home/ironbong_jr/mlops/project/project/lib/python3.10/site-packages/airflow/example_dags/example_short_circuit_decorator.py
[2024-03-13T16:11:21.819-0400] {processor.py:830} INFO - Processing file /home/ironbong_jr/mlops/project/project/lib/python3.10/site-packages/airflow/example_dags/example_short_circuit_decorator.py for tasks to queue
[2024-03-13T16:11:21.819-0400] {logging_mixin.py:188} INFO - [2024-03-13T16:11:21.819-0400] {dagbag.py:540} INFO - Filling up the DagBag from /home/ironbong_jr/mlops/project/project/lib/python3.10/site-packages/airflow/example_dags/example_short_circuit_decorator.py
[2024-03-13T16:11:21.826-0400] {processor.py:840} INFO - DAG(s) 'example_short_circuit_decorator' retrieved from /home/ironbong_jr/mlops/project/project/lib/python3.10/site-packages/airflow/example_dags/example_short_circuit_decorator.py
[2024-03-13T16:11:21.836-0400] {logging_mixin.py:188} INFO - [2024-03-13T16:11:21.835-0400] {dag.py:3047} INFO - Sync 1 DAGs
[2024-03-13T16:11:21.847-0400] {logging_mixin.py:188} INFO - [2024-03-13T16:11:21.846-0400] {dag.py:3834} INFO - Setting next_dagrun for example_short_circuit_decorator to 2024-03-12 00:00:00+00:00, run_after=2024-03-13 00:00:00+00:00
[2024-03-13T16:11:21.869-0400] {processor.py:183} INFO - Processing /home/ironbong_jr/mlops/project/project/lib/python3.10/site-packages/airflow/example_dags/example_short_circuit_decorator.py took 0.053 seconds
[2024-03-13T16:12:10.929-0400] {processor.py:161} INFO - Started process (PID=460889) to work on /home/ironbong_jr/mlops/project/project/lib/python3.10/site-packages/airflow/example_dags/example_short_circuit_decorator.py
[2024-03-13T16:12:10.934-0400] {processor.py:830} INFO - Processing file /home/ironbong_jr/mlops/project/project/lib/python3.10/site-packages/airflow/example_dags/example_short_circuit_decorator.py for tasks to queue
[2024-03-13T16:12:10.934-0400] {logging_mixin.py:188} INFO - [2024-03-13T16:12:10.934-0400] {dagbag.py:540} INFO - Filling up the DagBag from /home/ironbong_jr/mlops/project/project/lib/python3.10/site-packages/airflow/example_dags/example_short_circuit_decorator.py
[2024-03-13T16:12:10.941-0400] {processor.py:840} INFO - DAG(s) 'example_short_circuit_decorator' retrieved from /home/ironbong_jr/mlops/project/project/lib/python3.10/site-packages/airflow/example_dags/example_short_circuit_decorator.py
[2024-03-13T16:12:10.950-0400] {logging_mixin.py:188} INFO - [2024-03-13T16:12:10.950-0400] {dag.py:3047} INFO - Sync 1 DAGs
[2024-03-13T16:12:10.961-0400] {logging_mixin.py:188} INFO - [2024-03-13T16:12:10.961-0400] {dag.py:3834} INFO - Setting next_dagrun for example_short_circuit_decorator to 2024-03-12 00:00:00+00:00, run_after=2024-03-13 00:00:00+00:00
[2024-03-13T16:12:10.984-0400] {processor.py:183} INFO - Processing /home/ironbong_jr/mlops/project/project/lib/python3.10/site-packages/airflow/example_dags/example_short_circuit_decorator.py took 0.056 seconds
