[2024-03-12T21:21:24.721-0400] {processor.py:161} INFO - Started process (PID=406901) to work on /home/ironbong_jr/mlops/project/project/lib/python3.10/site-packages/airflow/example_dags/example_xcom.py
[2024-03-12T21:21:24.723-0400] {processor.py:830} INFO - Processing file /home/ironbong_jr/mlops/project/project/lib/python3.10/site-packages/airflow/example_dags/example_xcom.py for tasks to queue
[2024-03-12T21:21:24.724-0400] {logging_mixin.py:188} INFO - [2024-03-12T21:21:24.724-0400] {dagbag.py:540} INFO - Filling up the DagBag from /home/ironbong_jr/mlops/project/project/lib/python3.10/site-packages/airflow/example_dags/example_xcom.py
[2024-03-12T21:21:24.739-0400] {processor.py:840} INFO - DAG(s) 'example_xcom' retrieved from /home/ironbong_jr/mlops/project/project/lib/python3.10/site-packages/airflow/example_dags/example_xcom.py
[2024-03-12T21:21:24.856-0400] {logging_mixin.py:188} INFO - [2024-03-12T21:21:24.855-0400] {dag.py:3047} INFO - Sync 1 DAGs
[2024-03-12T21:21:24.880-0400] {logging_mixin.py:188} INFO - [2024-03-12T21:21:24.879-0400] {dag.py:3834} INFO - Setting next_dagrun for example_xcom to 2021-01-01 00:00:00+00:00, run_after=2021-01-01 00:00:00+00:00
[2024-03-12T21:21:24.928-0400] {processor.py:183} INFO - Processing /home/ironbong_jr/mlops/project/project/lib/python3.10/site-packages/airflow/example_dags/example_xcom.py took 0.219 seconds
[2024-03-12T21:22:52.112-0400] {processor.py:161} INFO - Started process (PID=407272) to work on /home/ironbong_jr/mlops/project/project/lib/python3.10/site-packages/airflow/example_dags/example_xcom.py
[2024-03-12T21:22:52.162-0400] {processor.py:830} INFO - Processing file /home/ironbong_jr/mlops/project/project/lib/python3.10/site-packages/airflow/example_dags/example_xcom.py for tasks to queue
[2024-03-12T21:22:52.165-0400] {logging_mixin.py:188} INFO - [2024-03-12T21:22:52.164-0400] {dagbag.py:540} INFO - Filling up the DagBag from /home/ironbong_jr/mlops/project/project/lib/python3.10/site-packages/airflow/example_dags/example_xcom.py
[2024-03-12T21:22:52.180-0400] {processor.py:840} INFO - DAG(s) 'example_xcom' retrieved from /home/ironbong_jr/mlops/project/project/lib/python3.10/site-packages/airflow/example_dags/example_xcom.py
[2024-03-12T21:22:52.213-0400] {logging_mixin.py:188} INFO - [2024-03-12T21:22:52.212-0400] {dag.py:3047} INFO - Sync 1 DAGs
[2024-03-12T21:22:52.247-0400] {logging_mixin.py:188} INFO - [2024-03-12T21:22:52.246-0400] {dag.py:3834} INFO - Setting next_dagrun for example_xcom to 2021-01-01 00:00:00+00:00, run_after=2021-01-01 00:00:00+00:00
[2024-03-12T21:22:52.289-0400] {processor.py:183} INFO - Processing /home/ironbong_jr/mlops/project/project/lib/python3.10/site-packages/airflow/example_dags/example_xcom.py took 0.186 seconds
[2024-03-12T21:23:48.132-0400] {processor.py:161} INFO - Started process (PID=407535) to work on /home/ironbong_jr/mlops/project/project/lib/python3.10/site-packages/airflow/example_dags/example_xcom.py
[2024-03-12T21:23:48.182-0400] {processor.py:830} INFO - Processing file /home/ironbong_jr/mlops/project/project/lib/python3.10/site-packages/airflow/example_dags/example_xcom.py for tasks to queue
[2024-03-12T21:23:48.185-0400] {logging_mixin.py:188} INFO - [2024-03-12T21:23:48.184-0400] {dagbag.py:540} INFO - Filling up the DagBag from /home/ironbong_jr/mlops/project/project/lib/python3.10/site-packages/airflow/example_dags/example_xcom.py
[2024-03-12T21:23:48.204-0400] {processor.py:840} INFO - DAG(s) 'example_xcom' retrieved from /home/ironbong_jr/mlops/project/project/lib/python3.10/site-packages/airflow/example_dags/example_xcom.py
[2024-03-12T21:23:48.241-0400] {logging_mixin.py:188} INFO - [2024-03-12T21:23:48.240-0400] {dag.py:3047} INFO - Sync 1 DAGs
[2024-03-12T21:23:48.487-0400] {logging_mixin.py:188} INFO - [2024-03-12T21:23:48.486-0400] {dag.py:3834} INFO - Setting next_dagrun for example_xcom to 2021-01-01 00:00:00+00:00, run_after=2021-01-01 00:00:00+00:00
[2024-03-12T21:23:48.595-0400] {processor.py:183} INFO - Processing /home/ironbong_jr/mlops/project/project/lib/python3.10/site-packages/airflow/example_dags/example_xcom.py took 0.473 seconds
[2024-03-12T21:26:17.530-0400] {processor.py:161} INFO - Started process (PID=408196) to work on /home/ironbong_jr/mlops/project/project/lib/python3.10/site-packages/airflow/example_dags/example_xcom.py
[2024-03-12T21:26:17.575-0400] {processor.py:830} INFO - Processing file /home/ironbong_jr/mlops/project/project/lib/python3.10/site-packages/airflow/example_dags/example_xcom.py for tasks to queue
[2024-03-12T21:26:17.577-0400] {logging_mixin.py:188} INFO - [2024-03-12T21:26:17.576-0400] {dagbag.py:540} INFO - Filling up the DagBag from /home/ironbong_jr/mlops/project/project/lib/python3.10/site-packages/airflow/example_dags/example_xcom.py
[2024-03-12T21:26:17.592-0400] {processor.py:840} INFO - DAG(s) 'example_xcom' retrieved from /home/ironbong_jr/mlops/project/project/lib/python3.10/site-packages/airflow/example_dags/example_xcom.py
[2024-03-12T21:26:17.620-0400] {logging_mixin.py:188} INFO - [2024-03-12T21:26:17.619-0400] {dag.py:3047} INFO - Sync 1 DAGs
[2024-03-12T21:26:17.645-0400] {logging_mixin.py:188} INFO - [2024-03-12T21:26:17.645-0400] {dag.py:3834} INFO - Setting next_dagrun for example_xcom to 2021-01-01 00:00:00+00:00, run_after=2021-01-01 00:00:00+00:00
[2024-03-12T21:26:17.689-0400] {processor.py:183} INFO - Processing /home/ironbong_jr/mlops/project/project/lib/python3.10/site-packages/airflow/example_dags/example_xcom.py took 0.164 seconds
[2024-03-12T21:27:31.337-0400] {processor.py:161} INFO - Started process (PID=408521) to work on /home/ironbong_jr/mlops/project/project/lib/python3.10/site-packages/airflow/example_dags/example_xcom.py
[2024-03-12T21:27:31.390-0400] {processor.py:830} INFO - Processing file /home/ironbong_jr/mlops/project/project/lib/python3.10/site-packages/airflow/example_dags/example_xcom.py for tasks to queue
[2024-03-12T21:27:31.395-0400] {logging_mixin.py:188} INFO - [2024-03-12T21:27:31.392-0400] {dagbag.py:540} INFO - Filling up the DagBag from /home/ironbong_jr/mlops/project/project/lib/python3.10/site-packages/airflow/example_dags/example_xcom.py
[2024-03-12T21:27:31.424-0400] {processor.py:840} INFO - DAG(s) 'example_xcom' retrieved from /home/ironbong_jr/mlops/project/project/lib/python3.10/site-packages/airflow/example_dags/example_xcom.py
[2024-03-12T21:27:31.461-0400] {logging_mixin.py:188} INFO - [2024-03-12T21:27:31.461-0400] {dag.py:3047} INFO - Sync 1 DAGs
[2024-03-12T21:27:31.506-0400] {logging_mixin.py:188} INFO - [2024-03-12T21:27:31.505-0400] {dag.py:3834} INFO - Setting next_dagrun for example_xcom to 2021-01-01 00:00:00+00:00, run_after=2021-01-01 00:00:00+00:00
[2024-03-12T21:27:31.626-0400] {processor.py:183} INFO - Processing /home/ironbong_jr/mlops/project/project/lib/python3.10/site-packages/airflow/example_dags/example_xcom.py took 0.308 seconds
[2024-03-12T21:29:10.415-0400] {processor.py:161} INFO - Started process (PID=408990) to work on /home/ironbong_jr/mlops/project/project/lib/python3.10/site-packages/airflow/example_dags/example_xcom.py
[2024-03-12T21:29:10.462-0400] {processor.py:830} INFO - Processing file /home/ironbong_jr/mlops/project/project/lib/python3.10/site-packages/airflow/example_dags/example_xcom.py for tasks to queue
[2024-03-12T21:29:10.464-0400] {logging_mixin.py:188} INFO - [2024-03-12T21:29:10.463-0400] {dagbag.py:540} INFO - Filling up the DagBag from /home/ironbong_jr/mlops/project/project/lib/python3.10/site-packages/airflow/example_dags/example_xcom.py
[2024-03-12T21:29:10.480-0400] {processor.py:840} INFO - DAG(s) 'example_xcom' retrieved from /home/ironbong_jr/mlops/project/project/lib/python3.10/site-packages/airflow/example_dags/example_xcom.py
[2024-03-12T21:29:10.512-0400] {logging_mixin.py:188} INFO - [2024-03-12T21:29:10.511-0400] {dag.py:3047} INFO - Sync 1 DAGs
[2024-03-12T21:29:10.544-0400] {logging_mixin.py:188} INFO - [2024-03-12T21:29:10.544-0400] {dag.py:3834} INFO - Setting next_dagrun for example_xcom to 2021-01-01 00:00:00+00:00, run_after=2021-01-01 00:00:00+00:00
[2024-03-12T21:29:10.601-0400] {processor.py:183} INFO - Processing /home/ironbong_jr/mlops/project/project/lib/python3.10/site-packages/airflow/example_dags/example_xcom.py took 0.199 seconds
[2024-03-12T21:30:37.460-0400] {processor.py:161} INFO - Started process (PID=409426) to work on /home/ironbong_jr/mlops/project/project/lib/python3.10/site-packages/airflow/example_dags/example_xcom.py
[2024-03-12T21:30:37.464-0400] {processor.py:830} INFO - Processing file /home/ironbong_jr/mlops/project/project/lib/python3.10/site-packages/airflow/example_dags/example_xcom.py for tasks to queue
[2024-03-12T21:30:37.466-0400] {logging_mixin.py:188} INFO - [2024-03-12T21:30:37.465-0400] {dagbag.py:540} INFO - Filling up the DagBag from /home/ironbong_jr/mlops/project/project/lib/python3.10/site-packages/airflow/example_dags/example_xcom.py
[2024-03-12T21:30:37.482-0400] {processor.py:840} INFO - DAG(s) 'example_xcom' retrieved from /home/ironbong_jr/mlops/project/project/lib/python3.10/site-packages/airflow/example_dags/example_xcom.py
[2024-03-12T21:30:37.514-0400] {logging_mixin.py:188} INFO - [2024-03-12T21:30:37.513-0400] {dag.py:3047} INFO - Sync 1 DAGs
[2024-03-12T21:30:37.563-0400] {logging_mixin.py:188} INFO - [2024-03-12T21:30:37.561-0400] {dag.py:3834} INFO - Setting next_dagrun for example_xcom to 2021-01-01 00:00:00+00:00, run_after=2021-01-01 00:00:00+00:00
[2024-03-12T21:30:37.706-0400] {processor.py:183} INFO - Processing /home/ironbong_jr/mlops/project/project/lib/python3.10/site-packages/airflow/example_dags/example_xcom.py took 0.252 seconds
[2024-03-12T21:32:17.321-0400] {processor.py:161} INFO - Started process (PID=409920) to work on /home/ironbong_jr/mlops/project/project/lib/python3.10/site-packages/airflow/example_dags/example_xcom.py
[2024-03-12T21:32:17.373-0400] {processor.py:830} INFO - Processing file /home/ironbong_jr/mlops/project/project/lib/python3.10/site-packages/airflow/example_dags/example_xcom.py for tasks to queue
[2024-03-12T21:32:17.380-0400] {logging_mixin.py:188} INFO - [2024-03-12T21:32:17.377-0400] {dagbag.py:540} INFO - Filling up the DagBag from /home/ironbong_jr/mlops/project/project/lib/python3.10/site-packages/airflow/example_dags/example_xcom.py
[2024-03-12T21:32:17.405-0400] {processor.py:840} INFO - DAG(s) 'example_xcom' retrieved from /home/ironbong_jr/mlops/project/project/lib/python3.10/site-packages/airflow/example_dags/example_xcom.py
[2024-03-12T21:32:17.432-0400] {logging_mixin.py:188} INFO - [2024-03-12T21:32:17.432-0400] {dag.py:3047} INFO - Sync 1 DAGs
[2024-03-12T21:32:17.466-0400] {logging_mixin.py:188} INFO - [2024-03-12T21:32:17.466-0400] {dag.py:3834} INFO - Setting next_dagrun for example_xcom to 2021-01-01 00:00:00+00:00, run_after=2021-01-01 00:00:00+00:00
[2024-03-12T21:32:17.573-0400] {processor.py:183} INFO - Processing /home/ironbong_jr/mlops/project/project/lib/python3.10/site-packages/airflow/example_dags/example_xcom.py took 0.258 seconds
[2024-03-12T21:33:58.109-0400] {processor.py:161} INFO - Started process (PID=410468) to work on /home/ironbong_jr/mlops/project/project/lib/python3.10/site-packages/airflow/example_dags/example_xcom.py
[2024-03-12T21:33:58.162-0400] {processor.py:830} INFO - Processing file /home/ironbong_jr/mlops/project/project/lib/python3.10/site-packages/airflow/example_dags/example_xcom.py for tasks to queue
[2024-03-12T21:33:58.165-0400] {logging_mixin.py:188} INFO - [2024-03-12T21:33:58.164-0400] {dagbag.py:540} INFO - Filling up the DagBag from /home/ironbong_jr/mlops/project/project/lib/python3.10/site-packages/airflow/example_dags/example_xcom.py
[2024-03-12T21:33:58.204-0400] {processor.py:840} INFO - DAG(s) 'example_xcom' retrieved from /home/ironbong_jr/mlops/project/project/lib/python3.10/site-packages/airflow/example_dags/example_xcom.py
[2024-03-12T21:33:58.251-0400] {logging_mixin.py:188} INFO - [2024-03-12T21:33:58.250-0400] {dag.py:3047} INFO - Sync 1 DAGs
[2024-03-12T21:33:58.282-0400] {logging_mixin.py:188} INFO - [2024-03-12T21:33:58.281-0400] {dag.py:3834} INFO - Setting next_dagrun for example_xcom to 2021-01-01 00:00:00+00:00, run_after=2021-01-01 00:00:00+00:00
[2024-03-12T21:33:58.370-0400] {processor.py:183} INFO - Processing /home/ironbong_jr/mlops/project/project/lib/python3.10/site-packages/airflow/example_dags/example_xcom.py took 0.275 seconds
[2024-03-12T23:25:41.524-0400] {processor.py:161} INFO - Started process (PID=417575) to work on /home/ironbong_jr/mlops/project/project/lib/python3.10/site-packages/airflow/example_dags/example_xcom.py
[2024-03-12T23:25:41.528-0400] {processor.py:830} INFO - Processing file /home/ironbong_jr/mlops/project/project/lib/python3.10/site-packages/airflow/example_dags/example_xcom.py for tasks to queue
[2024-03-12T23:25:41.530-0400] {logging_mixin.py:188} INFO - [2024-03-12T23:25:41.529-0400] {dagbag.py:540} INFO - Filling up the DagBag from /home/ironbong_jr/mlops/project/project/lib/python3.10/site-packages/airflow/example_dags/example_xcom.py
[2024-03-12T23:25:41.548-0400] {processor.py:840} INFO - DAG(s) 'example_xcom' retrieved from /home/ironbong_jr/mlops/project/project/lib/python3.10/site-packages/airflow/example_dags/example_xcom.py
[2024-03-12T23:25:41.698-0400] {logging_mixin.py:188} INFO - [2024-03-12T23:25:41.698-0400] {dag.py:3047} INFO - Sync 1 DAGs
[2024-03-12T23:25:41.724-0400] {logging_mixin.py:188} INFO - [2024-03-12T23:25:41.723-0400] {dag.py:3834} INFO - Setting next_dagrun for example_xcom to 2021-01-01 00:00:00+00:00, run_after=2021-01-01 00:00:00+00:00
[2024-03-12T23:25:41.770-0400] {processor.py:183} INFO - Processing /home/ironbong_jr/mlops/project/project/lib/python3.10/site-packages/airflow/example_dags/example_xcom.py took 0.251 seconds
[2024-03-12T23:29:05.039-0400] {processor.py:161} INFO - Started process (PID=418398) to work on /home/ironbong_jr/mlops/project/project/lib/python3.10/site-packages/airflow/example_dags/example_xcom.py
[2024-03-12T23:29:05.090-0400] {processor.py:830} INFO - Processing file /home/ironbong_jr/mlops/project/project/lib/python3.10/site-packages/airflow/example_dags/example_xcom.py for tasks to queue
[2024-03-12T23:29:05.093-0400] {logging_mixin.py:188} INFO - [2024-03-12T23:29:05.091-0400] {dagbag.py:540} INFO - Filling up the DagBag from /home/ironbong_jr/mlops/project/project/lib/python3.10/site-packages/airflow/example_dags/example_xcom.py
[2024-03-12T23:29:05.127-0400] {processor.py:840} INFO - DAG(s) 'example_xcom' retrieved from /home/ironbong_jr/mlops/project/project/lib/python3.10/site-packages/airflow/example_dags/example_xcom.py
[2024-03-12T23:29:05.181-0400] {logging_mixin.py:188} INFO - [2024-03-12T23:29:05.180-0400] {dag.py:3047} INFO - Sync 1 DAGs
[2024-03-12T23:29:05.206-0400] {logging_mixin.py:188} INFO - [2024-03-12T23:29:05.205-0400] {dag.py:3834} INFO - Setting next_dagrun for example_xcom to 2021-01-01 00:00:00+00:00, run_after=2021-01-01 00:00:00+00:00
[2024-03-12T23:29:05.253-0400] {processor.py:183} INFO - Processing /home/ironbong_jr/mlops/project/project/lib/python3.10/site-packages/airflow/example_dags/example_xcom.py took 0.228 seconds
[2024-03-12T23:30:28.436-0400] {processor.py:161} INFO - Started process (PID=418738) to work on /home/ironbong_jr/mlops/project/project/lib/python3.10/site-packages/airflow/example_dags/example_xcom.py
[2024-03-12T23:30:28.439-0400] {processor.py:830} INFO - Processing file /home/ironbong_jr/mlops/project/project/lib/python3.10/site-packages/airflow/example_dags/example_xcom.py for tasks to queue
[2024-03-12T23:30:28.440-0400] {logging_mixin.py:188} INFO - [2024-03-12T23:30:28.440-0400] {dagbag.py:540} INFO - Filling up the DagBag from /home/ironbong_jr/mlops/project/project/lib/python3.10/site-packages/airflow/example_dags/example_xcom.py
[2024-03-12T23:30:28.451-0400] {processor.py:840} INFO - DAG(s) 'example_xcom' retrieved from /home/ironbong_jr/mlops/project/project/lib/python3.10/site-packages/airflow/example_dags/example_xcom.py
[2024-03-12T23:30:28.475-0400] {logging_mixin.py:188} INFO - [2024-03-12T23:30:28.474-0400] {dag.py:3047} INFO - Sync 1 DAGs
[2024-03-12T23:30:28.498-0400] {logging_mixin.py:188} INFO - [2024-03-12T23:30:28.498-0400] {dag.py:3834} INFO - Setting next_dagrun for example_xcom to 2021-01-01 00:00:00+00:00, run_after=2021-01-01 00:00:00+00:00
[2024-03-12T23:30:28.533-0400] {processor.py:183} INFO - Processing /home/ironbong_jr/mlops/project/project/lib/python3.10/site-packages/airflow/example_dags/example_xcom.py took 0.102 seconds
[2024-03-12T23:40:08.078-0400] {processor.py:161} INFO - Started process (PID=420774) to work on /home/ironbong_jr/mlops/project/project/lib/python3.10/site-packages/airflow/example_dags/example_xcom.py
[2024-03-12T23:40:08.080-0400] {processor.py:830} INFO - Processing file /home/ironbong_jr/mlops/project/project/lib/python3.10/site-packages/airflow/example_dags/example_xcom.py for tasks to queue
[2024-03-12T23:40:08.083-0400] {logging_mixin.py:188} INFO - [2024-03-12T23:40:08.082-0400] {dagbag.py:540} INFO - Filling up the DagBag from /home/ironbong_jr/mlops/project/project/lib/python3.10/site-packages/airflow/example_dags/example_xcom.py
[2024-03-12T23:40:08.104-0400] {processor.py:840} INFO - DAG(s) 'example_xcom' retrieved from /home/ironbong_jr/mlops/project/project/lib/python3.10/site-packages/airflow/example_dags/example_xcom.py
[2024-03-12T23:40:08.123-0400] {logging_mixin.py:188} INFO - [2024-03-12T23:40:08.122-0400] {dag.py:3047} INFO - Sync 1 DAGs
[2024-03-12T23:40:08.171-0400] {logging_mixin.py:188} INFO - [2024-03-12T23:40:08.169-0400] {dag.py:3834} INFO - Setting next_dagrun for example_xcom to 2021-01-01 00:00:00+00:00, run_after=2021-01-01 00:00:00+00:00
[2024-03-12T23:40:08.228-0400] {processor.py:183} INFO - Processing /home/ironbong_jr/mlops/project/project/lib/python3.10/site-packages/airflow/example_dags/example_xcom.py took 0.158 seconds
[2024-03-12T23:43:14.926-0400] {processor.py:161} INFO - Started process (PID=421827) to work on /home/ironbong_jr/mlops/project/project/lib/python3.10/site-packages/airflow/example_dags/example_xcom.py
[2024-03-12T23:43:14.978-0400] {processor.py:830} INFO - Processing file /home/ironbong_jr/mlops/project/project/lib/python3.10/site-packages/airflow/example_dags/example_xcom.py for tasks to queue
[2024-03-12T23:43:14.981-0400] {logging_mixin.py:188} INFO - [2024-03-12T23:43:14.980-0400] {dagbag.py:540} INFO - Filling up the DagBag from /home/ironbong_jr/mlops/project/project/lib/python3.10/site-packages/airflow/example_dags/example_xcom.py
[2024-03-12T23:43:14.995-0400] {processor.py:840} INFO - DAG(s) 'example_xcom' retrieved from /home/ironbong_jr/mlops/project/project/lib/python3.10/site-packages/airflow/example_dags/example_xcom.py
[2024-03-12T23:43:15.319-0400] {logging_mixin.py:188} INFO - [2024-03-12T23:43:15.318-0400] {dag.py:3047} INFO - Sync 1 DAGs
[2024-03-12T23:43:15.356-0400] {logging_mixin.py:188} INFO - [2024-03-12T23:43:15.356-0400] {dag.py:3834} INFO - Setting next_dagrun for example_xcom to 2021-01-01 00:00:00+00:00, run_after=2021-01-01 00:00:00+00:00
[2024-03-12T23:43:15.466-0400] {processor.py:183} INFO - Processing /home/ironbong_jr/mlops/project/project/lib/python3.10/site-packages/airflow/example_dags/example_xcom.py took 0.546 seconds
[2024-03-12T23:44:14.259-0400] {processor.py:161} INFO - Started process (PID=422073) to work on /home/ironbong_jr/mlops/project/project/lib/python3.10/site-packages/airflow/example_dags/example_xcom.py
[2024-03-12T23:44:14.309-0400] {processor.py:830} INFO - Processing file /home/ironbong_jr/mlops/project/project/lib/python3.10/site-packages/airflow/example_dags/example_xcom.py for tasks to queue
[2024-03-12T23:44:14.311-0400] {logging_mixin.py:188} INFO - [2024-03-12T23:44:14.311-0400] {dagbag.py:540} INFO - Filling up the DagBag from /home/ironbong_jr/mlops/project/project/lib/python3.10/site-packages/airflow/example_dags/example_xcom.py
[2024-03-12T23:44:14.325-0400] {processor.py:840} INFO - DAG(s) 'example_xcom' retrieved from /home/ironbong_jr/mlops/project/project/lib/python3.10/site-packages/airflow/example_dags/example_xcom.py
[2024-03-12T23:44:14.542-0400] {logging_mixin.py:188} INFO - [2024-03-12T23:44:14.541-0400] {dag.py:3047} INFO - Sync 1 DAGs
[2024-03-12T23:44:14.587-0400] {logging_mixin.py:188} INFO - [2024-03-12T23:44:14.577-0400] {dag.py:3834} INFO - Setting next_dagrun for example_xcom to 2021-01-01 00:00:00+00:00, run_after=2021-01-01 00:00:00+00:00
[2024-03-12T23:44:14.703-0400] {processor.py:183} INFO - Processing /home/ironbong_jr/mlops/project/project/lib/python3.10/site-packages/airflow/example_dags/example_xcom.py took 0.457 seconds
[2024-03-12T23:45:09.255-0400] {processor.py:161} INFO - Started process (PID=422319) to work on /home/ironbong_jr/mlops/project/project/lib/python3.10/site-packages/airflow/example_dags/example_xcom.py
[2024-03-12T23:45:09.306-0400] {processor.py:830} INFO - Processing file /home/ironbong_jr/mlops/project/project/lib/python3.10/site-packages/airflow/example_dags/example_xcom.py for tasks to queue
[2024-03-12T23:45:09.310-0400] {logging_mixin.py:188} INFO - [2024-03-12T23:45:09.308-0400] {dagbag.py:540} INFO - Filling up the DagBag from /home/ironbong_jr/mlops/project/project/lib/python3.10/site-packages/airflow/example_dags/example_xcom.py
[2024-03-12T23:45:09.326-0400] {processor.py:840} INFO - DAG(s) 'example_xcom' retrieved from /home/ironbong_jr/mlops/project/project/lib/python3.10/site-packages/airflow/example_dags/example_xcom.py
[2024-03-12T23:45:09.355-0400] {logging_mixin.py:188} INFO - [2024-03-12T23:45:09.355-0400] {dag.py:3047} INFO - Sync 1 DAGs
[2024-03-12T23:45:09.425-0400] {logging_mixin.py:188} INFO - [2024-03-12T23:45:09.424-0400] {dag.py:3834} INFO - Setting next_dagrun for example_xcom to 2021-01-01 00:00:00+00:00, run_after=2021-01-01 00:00:00+00:00
[2024-03-12T23:45:09.491-0400] {processor.py:183} INFO - Processing /home/ironbong_jr/mlops/project/project/lib/python3.10/site-packages/airflow/example_dags/example_xcom.py took 0.241 seconds
[2024-03-12T23:46:47.686-0400] {processor.py:161} INFO - Started process (PID=422911) to work on /home/ironbong_jr/mlops/project/project/lib/python3.10/site-packages/airflow/example_dags/example_xcom.py
[2024-03-12T23:46:47.740-0400] {processor.py:830} INFO - Processing file /home/ironbong_jr/mlops/project/project/lib/python3.10/site-packages/airflow/example_dags/example_xcom.py for tasks to queue
[2024-03-12T23:46:47.744-0400] {logging_mixin.py:188} INFO - [2024-03-12T23:46:47.742-0400] {dagbag.py:540} INFO - Filling up the DagBag from /home/ironbong_jr/mlops/project/project/lib/python3.10/site-packages/airflow/example_dags/example_xcom.py
[2024-03-12T23:46:47.779-0400] {processor.py:840} INFO - DAG(s) 'example_xcom' retrieved from /home/ironbong_jr/mlops/project/project/lib/python3.10/site-packages/airflow/example_dags/example_xcom.py
[2024-03-12T23:46:47.821-0400] {logging_mixin.py:188} INFO - [2024-03-12T23:46:47.820-0400] {dag.py:3047} INFO - Sync 1 DAGs
[2024-03-12T23:46:47.861-0400] {logging_mixin.py:188} INFO - [2024-03-12T23:46:47.860-0400] {dag.py:3834} INFO - Setting next_dagrun for example_xcom to 2021-01-01 00:00:00+00:00, run_after=2021-01-01 00:00:00+00:00
[2024-03-12T23:46:47.978-0400] {processor.py:183} INFO - Processing /home/ironbong_jr/mlops/project/project/lib/python3.10/site-packages/airflow/example_dags/example_xcom.py took 0.300 seconds
[2024-03-12T23:48:00.860-0400] {processor.py:161} INFO - Started process (PID=423250) to work on /home/ironbong_jr/mlops/project/project/lib/python3.10/site-packages/airflow/example_dags/example_xcom.py
[2024-03-12T23:48:00.912-0400] {processor.py:830} INFO - Processing file /home/ironbong_jr/mlops/project/project/lib/python3.10/site-packages/airflow/example_dags/example_xcom.py for tasks to queue
[2024-03-12T23:48:00.915-0400] {logging_mixin.py:188} INFO - [2024-03-12T23:48:00.914-0400] {dagbag.py:540} INFO - Filling up the DagBag from /home/ironbong_jr/mlops/project/project/lib/python3.10/site-packages/airflow/example_dags/example_xcom.py
[2024-03-12T23:48:00.933-0400] {processor.py:840} INFO - DAG(s) 'example_xcom' retrieved from /home/ironbong_jr/mlops/project/project/lib/python3.10/site-packages/airflow/example_dags/example_xcom.py
[2024-03-12T23:48:00.965-0400] {logging_mixin.py:188} INFO - [2024-03-12T23:48:00.965-0400] {dag.py:3047} INFO - Sync 1 DAGs
[2024-03-12T23:48:01.024-0400] {logging_mixin.py:188} INFO - [2024-03-12T23:48:01.023-0400] {dag.py:3834} INFO - Setting next_dagrun for example_xcom to 2021-01-01 00:00:00+00:00, run_after=2021-01-01 00:00:00+00:00
[2024-03-12T23:48:01.119-0400] {processor.py:183} INFO - Processing /home/ironbong_jr/mlops/project/project/lib/python3.10/site-packages/airflow/example_dags/example_xcom.py took 0.271 seconds
[2024-03-12T23:49:00.255-0400] {processor.py:161} INFO - Started process (PID=423511) to work on /home/ironbong_jr/mlops/project/project/lib/python3.10/site-packages/airflow/example_dags/example_xcom.py
[2024-03-12T23:49:00.284-0400] {processor.py:830} INFO - Processing file /home/ironbong_jr/mlops/project/project/lib/python3.10/site-packages/airflow/example_dags/example_xcom.py for tasks to queue
[2024-03-12T23:49:00.287-0400] {logging_mixin.py:188} INFO - [2024-03-12T23:49:00.286-0400] {dagbag.py:540} INFO - Filling up the DagBag from /home/ironbong_jr/mlops/project/project/lib/python3.10/site-packages/airflow/example_dags/example_xcom.py
[2024-03-12T23:49:00.302-0400] {processor.py:840} INFO - DAG(s) 'example_xcom' retrieved from /home/ironbong_jr/mlops/project/project/lib/python3.10/site-packages/airflow/example_dags/example_xcom.py
[2024-03-12T23:49:00.333-0400] {logging_mixin.py:188} INFO - [2024-03-12T23:49:00.332-0400] {dag.py:3047} INFO - Sync 1 DAGs
[2024-03-12T23:49:00.371-0400] {logging_mixin.py:188} INFO - [2024-03-12T23:49:00.371-0400] {dag.py:3834} INFO - Setting next_dagrun for example_xcom to 2021-01-01 00:00:00+00:00, run_after=2021-01-01 00:00:00+00:00
[2024-03-12T23:49:00.425-0400] {processor.py:183} INFO - Processing /home/ironbong_jr/mlops/project/project/lib/python3.10/site-packages/airflow/example_dags/example_xcom.py took 0.176 seconds
[2024-03-12T23:50:26.491-0400] {processor.py:161} INFO - Started process (PID=423973) to work on /home/ironbong_jr/mlops/project/project/lib/python3.10/site-packages/airflow/example_dags/example_xcom.py
[2024-03-12T23:50:26.494-0400] {processor.py:830} INFO - Processing file /home/ironbong_jr/mlops/project/project/lib/python3.10/site-packages/airflow/example_dags/example_xcom.py for tasks to queue
[2024-03-12T23:50:26.497-0400] {logging_mixin.py:188} INFO - [2024-03-12T23:50:26.496-0400] {dagbag.py:540} INFO - Filling up the DagBag from /home/ironbong_jr/mlops/project/project/lib/python3.10/site-packages/airflow/example_dags/example_xcom.py
[2024-03-12T23:50:26.517-0400] {processor.py:840} INFO - DAG(s) 'example_xcom' retrieved from /home/ironbong_jr/mlops/project/project/lib/python3.10/site-packages/airflow/example_dags/example_xcom.py
[2024-03-12T23:50:26.553-0400] {logging_mixin.py:188} INFO - [2024-03-12T23:50:26.553-0400] {dag.py:3047} INFO - Sync 1 DAGs
[2024-03-12T23:50:26.586-0400] {logging_mixin.py:188} INFO - [2024-03-12T23:50:26.586-0400] {dag.py:3834} INFO - Setting next_dagrun for example_xcom to 2021-01-01 00:00:00+00:00, run_after=2021-01-01 00:00:00+00:00
[2024-03-12T23:50:26.730-0400] {processor.py:183} INFO - Processing /home/ironbong_jr/mlops/project/project/lib/python3.10/site-packages/airflow/example_dags/example_xcom.py took 0.246 seconds
[2024-03-12T23:51:51.820-0400] {processor.py:161} INFO - Started process (PID=424363) to work on /home/ironbong_jr/mlops/project/project/lib/python3.10/site-packages/airflow/example_dags/example_xcom.py
[2024-03-12T23:51:51.870-0400] {processor.py:830} INFO - Processing file /home/ironbong_jr/mlops/project/project/lib/python3.10/site-packages/airflow/example_dags/example_xcom.py for tasks to queue
[2024-03-12T23:51:51.873-0400] {logging_mixin.py:188} INFO - [2024-03-12T23:51:51.872-0400] {dagbag.py:540} INFO - Filling up the DagBag from /home/ironbong_jr/mlops/project/project/lib/python3.10/site-packages/airflow/example_dags/example_xcom.py
[2024-03-12T23:51:51.889-0400] {processor.py:840} INFO - DAG(s) 'example_xcom' retrieved from /home/ironbong_jr/mlops/project/project/lib/python3.10/site-packages/airflow/example_dags/example_xcom.py
[2024-03-12T23:51:51.920-0400] {logging_mixin.py:188} INFO - [2024-03-12T23:51:51.920-0400] {dag.py:3047} INFO - Sync 1 DAGs
[2024-03-12T23:51:51.981-0400] {logging_mixin.py:188} INFO - [2024-03-12T23:51:51.981-0400] {dag.py:3834} INFO - Setting next_dagrun for example_xcom to 2021-01-01 00:00:00+00:00, run_after=2021-01-01 00:00:00+00:00
[2024-03-12T23:51:52.079-0400] {processor.py:183} INFO - Processing /home/ironbong_jr/mlops/project/project/lib/python3.10/site-packages/airflow/example_dags/example_xcom.py took 0.265 seconds
[2024-03-12T23:53:18.455-0400] {processor.py:161} INFO - Started process (PID=424914) to work on /home/ironbong_jr/mlops/project/project/lib/python3.10/site-packages/airflow/example_dags/example_xcom.py
[2024-03-12T23:53:18.459-0400] {processor.py:830} INFO - Processing file /home/ironbong_jr/mlops/project/project/lib/python3.10/site-packages/airflow/example_dags/example_xcom.py for tasks to queue
[2024-03-12T23:53:18.461-0400] {logging_mixin.py:188} INFO - [2024-03-12T23:53:18.460-0400] {dagbag.py:540} INFO - Filling up the DagBag from /home/ironbong_jr/mlops/project/project/lib/python3.10/site-packages/airflow/example_dags/example_xcom.py
[2024-03-12T23:53:18.474-0400] {processor.py:840} INFO - DAG(s) 'example_xcom' retrieved from /home/ironbong_jr/mlops/project/project/lib/python3.10/site-packages/airflow/example_dags/example_xcom.py
[2024-03-12T23:53:18.500-0400] {logging_mixin.py:188} INFO - [2024-03-12T23:53:18.500-0400] {dag.py:3047} INFO - Sync 1 DAGs
[2024-03-12T23:53:18.524-0400] {logging_mixin.py:188} INFO - [2024-03-12T23:53:18.523-0400] {dag.py:3834} INFO - Setting next_dagrun for example_xcom to 2021-01-01 00:00:00+00:00, run_after=2021-01-01 00:00:00+00:00
[2024-03-12T23:53:18.562-0400] {processor.py:183} INFO - Processing /home/ironbong_jr/mlops/project/project/lib/python3.10/site-packages/airflow/example_dags/example_xcom.py took 0.113 seconds
[2024-03-12T23:54:54.472-0400] {processor.py:161} INFO - Started process (PID=425328) to work on /home/ironbong_jr/mlops/project/project/lib/python3.10/site-packages/airflow/example_dags/example_xcom.py
[2024-03-12T23:54:54.523-0400] {processor.py:830} INFO - Processing file /home/ironbong_jr/mlops/project/project/lib/python3.10/site-packages/airflow/example_dags/example_xcom.py for tasks to queue
[2024-03-12T23:54:54.526-0400] {logging_mixin.py:188} INFO - [2024-03-12T23:54:54.525-0400] {dagbag.py:540} INFO - Filling up the DagBag from /home/ironbong_jr/mlops/project/project/lib/python3.10/site-packages/airflow/example_dags/example_xcom.py
[2024-03-12T23:54:54.547-0400] {processor.py:840} INFO - DAG(s) 'example_xcom' retrieved from /home/ironbong_jr/mlops/project/project/lib/python3.10/site-packages/airflow/example_dags/example_xcom.py
[2024-03-12T23:54:54.580-0400] {logging_mixin.py:188} INFO - [2024-03-12T23:54:54.580-0400] {dag.py:3047} INFO - Sync 1 DAGs
[2024-03-12T23:54:54.618-0400] {logging_mixin.py:188} INFO - [2024-03-12T23:54:54.617-0400] {dag.py:3834} INFO - Setting next_dagrun for example_xcom to 2021-01-01 00:00:00+00:00, run_after=2021-01-01 00:00:00+00:00
[2024-03-12T23:54:54.739-0400] {processor.py:183} INFO - Processing /home/ironbong_jr/mlops/project/project/lib/python3.10/site-packages/airflow/example_dags/example_xcom.py took 0.274 seconds
[2024-03-13T00:28:37.489-0400] {processor.py:161} INFO - Started process (PID=432466) to work on /home/ironbong_jr/mlops/project/project/lib/python3.10/site-packages/airflow/example_dags/example_xcom.py
[2024-03-13T00:28:37.540-0400] {processor.py:830} INFO - Processing file /home/ironbong_jr/mlops/project/project/lib/python3.10/site-packages/airflow/example_dags/example_xcom.py for tasks to queue
[2024-03-13T00:28:37.542-0400] {logging_mixin.py:188} INFO - [2024-03-13T00:28:37.541-0400] {dagbag.py:540} INFO - Filling up the DagBag from /home/ironbong_jr/mlops/project/project/lib/python3.10/site-packages/airflow/example_dags/example_xcom.py
[2024-03-13T00:28:37.561-0400] {processor.py:840} INFO - DAG(s) 'example_xcom' retrieved from /home/ironbong_jr/mlops/project/project/lib/python3.10/site-packages/airflow/example_dags/example_xcom.py
[2024-03-13T00:28:37.575-0400] {logging_mixin.py:188} INFO - [2024-03-13T00:28:37.575-0400] {dag.py:3047} INFO - Sync 1 DAGs
[2024-03-13T00:28:37.615-0400] {logging_mixin.py:188} INFO - [2024-03-13T00:28:37.615-0400] {dag.py:3834} INFO - Setting next_dagrun for example_xcom to 2021-01-01 00:00:00+00:00, run_after=2021-01-01 00:00:00+00:00
[2024-03-13T00:28:37.659-0400] {processor.py:183} INFO - Processing /home/ironbong_jr/mlops/project/project/lib/python3.10/site-packages/airflow/example_dags/example_xcom.py took 0.175 seconds
[2024-03-13T00:31:02.242-0400] {processor.py:161} INFO - Started process (PID=433096) to work on /home/ironbong_jr/mlops/project/project/lib/python3.10/site-packages/airflow/example_dags/example_xcom.py
[2024-03-13T00:31:02.294-0400] {processor.py:830} INFO - Processing file /home/ironbong_jr/mlops/project/project/lib/python3.10/site-packages/airflow/example_dags/example_xcom.py for tasks to queue
[2024-03-13T00:31:02.297-0400] {logging_mixin.py:188} INFO - [2024-03-13T00:31:02.296-0400] {dagbag.py:540} INFO - Filling up the DagBag from /home/ironbong_jr/mlops/project/project/lib/python3.10/site-packages/airflow/example_dags/example_xcom.py
[2024-03-13T00:31:02.316-0400] {processor.py:840} INFO - DAG(s) 'example_xcom' retrieved from /home/ironbong_jr/mlops/project/project/lib/python3.10/site-packages/airflow/example_dags/example_xcom.py
[2024-03-13T00:31:02.686-0400] {logging_mixin.py:188} INFO - [2024-03-13T00:31:02.686-0400] {dag.py:3047} INFO - Sync 1 DAGs
[2024-03-13T00:31:02.717-0400] {logging_mixin.py:188} INFO - [2024-03-13T00:31:02.717-0400] {dag.py:3834} INFO - Setting next_dagrun for example_xcom to 2021-01-01 00:00:00+00:00, run_after=2021-01-01 00:00:00+00:00
[2024-03-13T00:31:02.814-0400] {processor.py:183} INFO - Processing /home/ironbong_jr/mlops/project/project/lib/python3.10/site-packages/airflow/example_dags/example_xcom.py took 0.578 seconds
[2024-03-13T00:31:56.515-0400] {processor.py:161} INFO - Started process (PID=433343) to work on /home/ironbong_jr/mlops/project/project/lib/python3.10/site-packages/airflow/example_dags/example_xcom.py
[2024-03-13T00:31:56.518-0400] {processor.py:830} INFO - Processing file /home/ironbong_jr/mlops/project/project/lib/python3.10/site-packages/airflow/example_dags/example_xcom.py for tasks to queue
[2024-03-13T00:31:56.521-0400] {logging_mixin.py:188} INFO - [2024-03-13T00:31:56.520-0400] {dagbag.py:540} INFO - Filling up the DagBag from /home/ironbong_jr/mlops/project/project/lib/python3.10/site-packages/airflow/example_dags/example_xcom.py
[2024-03-13T00:31:56.535-0400] {processor.py:840} INFO - DAG(s) 'example_xcom' retrieved from /home/ironbong_jr/mlops/project/project/lib/python3.10/site-packages/airflow/example_dags/example_xcom.py
[2024-03-13T00:31:56.568-0400] {logging_mixin.py:188} INFO - [2024-03-13T00:31:56.567-0400] {dag.py:3047} INFO - Sync 1 DAGs
[2024-03-13T00:31:56.782-0400] {logging_mixin.py:188} INFO - [2024-03-13T00:31:56.782-0400] {dag.py:3834} INFO - Setting next_dagrun for example_xcom to 2021-01-01 00:00:00+00:00, run_after=2021-01-01 00:00:00+00:00
[2024-03-13T00:31:56.881-0400] {processor.py:183} INFO - Processing /home/ironbong_jr/mlops/project/project/lib/python3.10/site-packages/airflow/example_dags/example_xcom.py took 0.371 seconds
[2024-03-13T00:35:23.728-0400] {processor.py:161} INFO - Started process (PID=434215) to work on /home/ironbong_jr/mlops/project/project/lib/python3.10/site-packages/airflow/example_dags/example_xcom.py
[2024-03-13T00:35:23.780-0400] {processor.py:830} INFO - Processing file /home/ironbong_jr/mlops/project/project/lib/python3.10/site-packages/airflow/example_dags/example_xcom.py for tasks to queue
[2024-03-13T00:35:23.782-0400] {logging_mixin.py:188} INFO - [2024-03-13T00:35:23.781-0400] {dagbag.py:540} INFO - Filling up the DagBag from /home/ironbong_jr/mlops/project/project/lib/python3.10/site-packages/airflow/example_dags/example_xcom.py
[2024-03-13T00:35:23.810-0400] {processor.py:840} INFO - DAG(s) 'example_xcom' retrieved from /home/ironbong_jr/mlops/project/project/lib/python3.10/site-packages/airflow/example_dags/example_xcom.py
[2024-03-13T00:35:23.876-0400] {logging_mixin.py:188} INFO - [2024-03-13T00:35:23.874-0400] {dag.py:3047} INFO - Sync 1 DAGs
[2024-03-13T00:35:23.928-0400] {logging_mixin.py:188} INFO - [2024-03-13T00:35:23.927-0400] {dag.py:3834} INFO - Setting next_dagrun for example_xcom to 2021-01-01 00:00:00+00:00, run_after=2021-01-01 00:00:00+00:00
[2024-03-13T00:35:24.049-0400] {processor.py:183} INFO - Processing /home/ironbong_jr/mlops/project/project/lib/python3.10/site-packages/airflow/example_dags/example_xcom.py took 0.330 seconds
[2024-03-13T00:36:42.409-0400] {processor.py:161} INFO - Started process (PID=434547) to work on /home/ironbong_jr/mlops/project/project/lib/python3.10/site-packages/airflow/example_dags/example_xcom.py
[2024-03-13T00:36:42.459-0400] {processor.py:830} INFO - Processing file /home/ironbong_jr/mlops/project/project/lib/python3.10/site-packages/airflow/example_dags/example_xcom.py for tasks to queue
[2024-03-13T00:36:42.461-0400] {logging_mixin.py:188} INFO - [2024-03-13T00:36:42.460-0400] {dagbag.py:540} INFO - Filling up the DagBag from /home/ironbong_jr/mlops/project/project/lib/python3.10/site-packages/airflow/example_dags/example_xcom.py
[2024-03-13T00:36:42.473-0400] {processor.py:840} INFO - DAG(s) 'example_xcom' retrieved from /home/ironbong_jr/mlops/project/project/lib/python3.10/site-packages/airflow/example_dags/example_xcom.py
[2024-03-13T00:36:42.504-0400] {logging_mixin.py:188} INFO - [2024-03-13T00:36:42.503-0400] {dag.py:3047} INFO - Sync 1 DAGs
[2024-03-13T00:36:42.532-0400] {logging_mixin.py:188} INFO - [2024-03-13T00:36:42.532-0400] {dag.py:3834} INFO - Setting next_dagrun for example_xcom to 2021-01-01 00:00:00+00:00, run_after=2021-01-01 00:00:00+00:00
[2024-03-13T00:36:42.573-0400] {processor.py:183} INFO - Processing /home/ironbong_jr/mlops/project/project/lib/python3.10/site-packages/airflow/example_dags/example_xcom.py took 0.173 seconds
[2024-03-13T00:38:50.741-0400] {processor.py:161} INFO - Started process (PID=435178) to work on /home/ironbong_jr/mlops/project/project/lib/python3.10/site-packages/airflow/example_dags/example_xcom.py
[2024-03-13T00:38:50.745-0400] {processor.py:830} INFO - Processing file /home/ironbong_jr/mlops/project/project/lib/python3.10/site-packages/airflow/example_dags/example_xcom.py for tasks to queue
[2024-03-13T00:38:50.749-0400] {logging_mixin.py:188} INFO - [2024-03-13T00:38:50.747-0400] {dagbag.py:540} INFO - Filling up the DagBag from /home/ironbong_jr/mlops/project/project/lib/python3.10/site-packages/airflow/example_dags/example_xcom.py
[2024-03-13T00:38:50.785-0400] {processor.py:840} INFO - DAG(s) 'example_xcom' retrieved from /home/ironbong_jr/mlops/project/project/lib/python3.10/site-packages/airflow/example_dags/example_xcom.py
[2024-03-13T00:38:50.827-0400] {logging_mixin.py:188} INFO - [2024-03-13T00:38:50.827-0400] {dag.py:3047} INFO - Sync 1 DAGs
[2024-03-13T00:38:50.865-0400] {logging_mixin.py:188} INFO - [2024-03-13T00:38:50.864-0400] {dag.py:3834} INFO - Setting next_dagrun for example_xcom to 2021-01-01 00:00:00+00:00, run_after=2021-01-01 00:00:00+00:00
[2024-03-13T00:38:50.926-0400] {processor.py:183} INFO - Processing /home/ironbong_jr/mlops/project/project/lib/python3.10/site-packages/airflow/example_dags/example_xcom.py took 0.202 seconds
[2024-03-13T00:40:27.944-0400] {processor.py:161} INFO - Started process (PID=435608) to work on /home/ironbong_jr/mlops/project/project/lib/python3.10/site-packages/airflow/example_dags/example_xcom.py
[2024-03-13T00:40:27.995-0400] {processor.py:830} INFO - Processing file /home/ironbong_jr/mlops/project/project/lib/python3.10/site-packages/airflow/example_dags/example_xcom.py for tasks to queue
[2024-03-13T00:40:27.998-0400] {logging_mixin.py:188} INFO - [2024-03-13T00:40:27.997-0400] {dagbag.py:540} INFO - Filling up the DagBag from /home/ironbong_jr/mlops/project/project/lib/python3.10/site-packages/airflow/example_dags/example_xcom.py
[2024-03-13T00:40:28.015-0400] {processor.py:840} INFO - DAG(s) 'example_xcom' retrieved from /home/ironbong_jr/mlops/project/project/lib/python3.10/site-packages/airflow/example_dags/example_xcom.py
[2024-03-13T00:40:28.044-0400] {logging_mixin.py:188} INFO - [2024-03-13T00:40:28.044-0400] {dag.py:3047} INFO - Sync 1 DAGs
[2024-03-13T00:40:28.065-0400] {logging_mixin.py:188} INFO - [2024-03-13T00:40:28.064-0400] {dag.py:3834} INFO - Setting next_dagrun for example_xcom to 2021-01-01 00:00:00+00:00, run_after=2021-01-01 00:00:00+00:00
[2024-03-13T00:40:28.101-0400] {processor.py:183} INFO - Processing /home/ironbong_jr/mlops/project/project/lib/python3.10/site-packages/airflow/example_dags/example_xcom.py took 0.165 seconds
[2024-03-13T00:43:44.418-0400] {processor.py:161} INFO - Started process (PID=436528) to work on /home/ironbong_jr/mlops/project/project/lib/python3.10/site-packages/airflow/example_dags/example_xcom.py
[2024-03-13T00:43:44.469-0400] {processor.py:830} INFO - Processing file /home/ironbong_jr/mlops/project/project/lib/python3.10/site-packages/airflow/example_dags/example_xcom.py for tasks to queue
[2024-03-13T00:43:44.471-0400] {logging_mixin.py:188} INFO - [2024-03-13T00:43:44.470-0400] {dagbag.py:540} INFO - Filling up the DagBag from /home/ironbong_jr/mlops/project/project/lib/python3.10/site-packages/airflow/example_dags/example_xcom.py
[2024-03-13T00:43:44.485-0400] {processor.py:840} INFO - DAG(s) 'example_xcom' retrieved from /home/ironbong_jr/mlops/project/project/lib/python3.10/site-packages/airflow/example_dags/example_xcom.py
[2024-03-13T00:43:44.518-0400] {logging_mixin.py:188} INFO - [2024-03-13T00:43:44.517-0400] {dag.py:3047} INFO - Sync 1 DAGs
[2024-03-13T00:43:44.543-0400] {logging_mixin.py:188} INFO - [2024-03-13T00:43:44.543-0400] {dag.py:3834} INFO - Setting next_dagrun for example_xcom to 2021-01-01 00:00:00+00:00, run_after=2021-01-01 00:00:00+00:00
[2024-03-13T00:43:44.585-0400] {processor.py:183} INFO - Processing /home/ironbong_jr/mlops/project/project/lib/python3.10/site-packages/airflow/example_dags/example_xcom.py took 0.176 seconds
[2024-03-13T00:44:43.105-0400] {processor.py:161} INFO - Started process (PID=436774) to work on /home/ironbong_jr/mlops/project/project/lib/python3.10/site-packages/airflow/example_dags/example_xcom.py
[2024-03-13T00:44:43.154-0400] {processor.py:830} INFO - Processing file /home/ironbong_jr/mlops/project/project/lib/python3.10/site-packages/airflow/example_dags/example_xcom.py for tasks to queue
[2024-03-13T00:44:43.156-0400] {logging_mixin.py:188} INFO - [2024-03-13T00:44:43.155-0400] {dagbag.py:540} INFO - Filling up the DagBag from /home/ironbong_jr/mlops/project/project/lib/python3.10/site-packages/airflow/example_dags/example_xcom.py
[2024-03-13T00:44:43.171-0400] {processor.py:840} INFO - DAG(s) 'example_xcom' retrieved from /home/ironbong_jr/mlops/project/project/lib/python3.10/site-packages/airflow/example_dags/example_xcom.py
[2024-03-13T00:44:43.194-0400] {logging_mixin.py:188} INFO - [2024-03-13T00:44:43.193-0400] {dag.py:3047} INFO - Sync 1 DAGs
[2024-03-13T00:44:43.216-0400] {logging_mixin.py:188} INFO - [2024-03-13T00:44:43.215-0400] {dag.py:3834} INFO - Setting next_dagrun for example_xcom to 2021-01-01 00:00:00+00:00, run_after=2021-01-01 00:00:00+00:00
[2024-03-13T00:44:43.253-0400] {processor.py:183} INFO - Processing /home/ironbong_jr/mlops/project/project/lib/python3.10/site-packages/airflow/example_dags/example_xcom.py took 0.151 seconds
[2024-03-13T15:48:53.754-0400] {processor.py:161} INFO - Started process (PID=453647) to work on /home/ironbong_jr/mlops/project/project/lib/python3.10/site-packages/airflow/example_dags/example_xcom.py
[2024-03-13T15:48:53.759-0400] {processor.py:830} INFO - Processing file /home/ironbong_jr/mlops/project/project/lib/python3.10/site-packages/airflow/example_dags/example_xcom.py for tasks to queue
[2024-03-13T15:48:53.760-0400] {logging_mixin.py:188} INFO - [2024-03-13T15:48:53.760-0400] {dagbag.py:540} INFO - Filling up the DagBag from /home/ironbong_jr/mlops/project/project/lib/python3.10/site-packages/airflow/example_dags/example_xcom.py
[2024-03-13T15:48:53.769-0400] {processor.py:840} INFO - DAG(s) 'example_xcom' retrieved from /home/ironbong_jr/mlops/project/project/lib/python3.10/site-packages/airflow/example_dags/example_xcom.py
[2024-03-13T15:48:53.777-0400] {logging_mixin.py:188} INFO - [2024-03-13T15:48:53.777-0400] {dag.py:3047} INFO - Sync 1 DAGs
[2024-03-13T15:48:53.794-0400] {logging_mixin.py:188} INFO - [2024-03-13T15:48:53.794-0400] {dag.py:3834} INFO - Setting next_dagrun for example_xcom to 2021-01-01 00:00:00+00:00, run_after=2021-01-01 00:00:00+00:00
[2024-03-13T15:48:53.820-0400] {processor.py:183} INFO - Processing /home/ironbong_jr/mlops/project/project/lib/python3.10/site-packages/airflow/example_dags/example_xcom.py took 0.070 seconds
[2024-03-13T15:49:53.949-0400] {processor.py:161} INFO - Started process (PID=453958) to work on /home/ironbong_jr/mlops/project/project/lib/python3.10/site-packages/airflow/example_dags/example_xcom.py
[2024-03-13T15:49:53.951-0400] {processor.py:830} INFO - Processing file /home/ironbong_jr/mlops/project/project/lib/python3.10/site-packages/airflow/example_dags/example_xcom.py for tasks to queue
[2024-03-13T15:49:53.952-0400] {logging_mixin.py:188} INFO - [2024-03-13T15:49:53.951-0400] {dagbag.py:540} INFO - Filling up the DagBag from /home/ironbong_jr/mlops/project/project/lib/python3.10/site-packages/airflow/example_dags/example_xcom.py
[2024-03-13T15:49:53.958-0400] {processor.py:840} INFO - DAG(s) 'example_xcom' retrieved from /home/ironbong_jr/mlops/project/project/lib/python3.10/site-packages/airflow/example_dags/example_xcom.py
[2024-03-13T15:49:54.076-0400] {logging_mixin.py:188} INFO - [2024-03-13T15:49:54.076-0400] {dag.py:3047} INFO - Sync 1 DAGs
[2024-03-13T15:49:54.085-0400] {logging_mixin.py:188} INFO - [2024-03-13T15:49:54.085-0400] {dag.py:3834} INFO - Setting next_dagrun for example_xcom to 2021-01-01 00:00:00+00:00, run_after=2021-01-01 00:00:00+00:00
[2024-03-13T15:49:54.105-0400] {processor.py:183} INFO - Processing /home/ironbong_jr/mlops/project/project/lib/python3.10/site-packages/airflow/example_dags/example_xcom.py took 0.158 seconds
[2024-03-13T15:51:03.736-0400] {processor.py:161} INFO - Started process (PID=454384) to work on /home/ironbong_jr/mlops/project/project/lib/python3.10/site-packages/airflow/example_dags/example_xcom.py
[2024-03-13T15:51:03.737-0400] {processor.py:830} INFO - Processing file /home/ironbong_jr/mlops/project/project/lib/python3.10/site-packages/airflow/example_dags/example_xcom.py for tasks to queue
[2024-03-13T15:51:03.738-0400] {logging_mixin.py:188} INFO - [2024-03-13T15:51:03.738-0400] {dagbag.py:540} INFO - Filling up the DagBag from /home/ironbong_jr/mlops/project/project/lib/python3.10/site-packages/airflow/example_dags/example_xcom.py
[2024-03-13T15:51:03.743-0400] {processor.py:840} INFO - DAG(s) 'example_xcom' retrieved from /home/ironbong_jr/mlops/project/project/lib/python3.10/site-packages/airflow/example_dags/example_xcom.py
[2024-03-13T15:51:03.753-0400] {logging_mixin.py:188} INFO - [2024-03-13T15:51:03.753-0400] {dag.py:3047} INFO - Sync 1 DAGs
[2024-03-13T15:51:03.827-0400] {logging_mixin.py:188} INFO - [2024-03-13T15:51:03.827-0400] {dag.py:3834} INFO - Setting next_dagrun for example_xcom to 2021-01-01 00:00:00+00:00, run_after=2021-01-01 00:00:00+00:00
[2024-03-13T15:51:03.849-0400] {processor.py:183} INFO - Processing /home/ironbong_jr/mlops/project/project/lib/python3.10/site-packages/airflow/example_dags/example_xcom.py took 0.116 seconds
[2024-03-13T15:51:59.409-0400] {processor.py:161} INFO - Started process (PID=454671) to work on /home/ironbong_jr/mlops/project/project/lib/python3.10/site-packages/airflow/example_dags/example_xcom.py
[2024-03-13T15:51:59.413-0400] {processor.py:830} INFO - Processing file /home/ironbong_jr/mlops/project/project/lib/python3.10/site-packages/airflow/example_dags/example_xcom.py for tasks to queue
[2024-03-13T15:51:59.414-0400] {logging_mixin.py:188} INFO - [2024-03-13T15:51:59.414-0400] {dagbag.py:540} INFO - Filling up the DagBag from /home/ironbong_jr/mlops/project/project/lib/python3.10/site-packages/airflow/example_dags/example_xcom.py
[2024-03-13T15:51:59.419-0400] {processor.py:840} INFO - DAG(s) 'example_xcom' retrieved from /home/ironbong_jr/mlops/project/project/lib/python3.10/site-packages/airflow/example_dags/example_xcom.py
[2024-03-13T15:51:59.429-0400] {logging_mixin.py:188} INFO - [2024-03-13T15:51:59.429-0400] {dag.py:3047} INFO - Sync 1 DAGs
[2024-03-13T15:51:59.440-0400] {logging_mixin.py:188} INFO - [2024-03-13T15:51:59.440-0400] {dag.py:3834} INFO - Setting next_dagrun for example_xcom to 2021-01-01 00:00:00+00:00, run_after=2021-01-01 00:00:00+00:00
[2024-03-13T15:51:59.462-0400] {processor.py:183} INFO - Processing /home/ironbong_jr/mlops/project/project/lib/python3.10/site-packages/airflow/example_dags/example_xcom.py took 0.055 seconds
[2024-03-13T15:52:53.267-0400] {processor.py:161} INFO - Started process (PID=454953) to work on /home/ironbong_jr/mlops/project/project/lib/python3.10/site-packages/airflow/example_dags/example_xcom.py
[2024-03-13T15:52:53.269-0400] {processor.py:830} INFO - Processing file /home/ironbong_jr/mlops/project/project/lib/python3.10/site-packages/airflow/example_dags/example_xcom.py for tasks to queue
[2024-03-13T15:52:53.269-0400] {logging_mixin.py:188} INFO - [2024-03-13T15:52:53.269-0400] {dagbag.py:540} INFO - Filling up the DagBag from /home/ironbong_jr/mlops/project/project/lib/python3.10/site-packages/airflow/example_dags/example_xcom.py
[2024-03-13T15:52:53.275-0400] {processor.py:840} INFO - DAG(s) 'example_xcom' retrieved from /home/ironbong_jr/mlops/project/project/lib/python3.10/site-packages/airflow/example_dags/example_xcom.py
[2024-03-13T15:52:53.284-0400] {logging_mixin.py:188} INFO - [2024-03-13T15:52:53.284-0400] {dag.py:3047} INFO - Sync 1 DAGs
[2024-03-13T15:52:53.295-0400] {logging_mixin.py:188} INFO - [2024-03-13T15:52:53.295-0400] {dag.py:3834} INFO - Setting next_dagrun for example_xcom to 2021-01-01 00:00:00+00:00, run_after=2021-01-01 00:00:00+00:00
[2024-03-13T15:52:53.318-0400] {processor.py:183} INFO - Processing /home/ironbong_jr/mlops/project/project/lib/python3.10/site-packages/airflow/example_dags/example_xcom.py took 0.052 seconds
[2024-03-13T15:53:42.714-0400] {processor.py:161} INFO - Started process (PID=455213) to work on /home/ironbong_jr/mlops/project/project/lib/python3.10/site-packages/airflow/example_dags/example_xcom.py
[2024-03-13T15:53:42.715-0400] {processor.py:830} INFO - Processing file /home/ironbong_jr/mlops/project/project/lib/python3.10/site-packages/airflow/example_dags/example_xcom.py for tasks to queue
[2024-03-13T15:53:42.716-0400] {logging_mixin.py:188} INFO - [2024-03-13T15:53:42.716-0400] {dagbag.py:540} INFO - Filling up the DagBag from /home/ironbong_jr/mlops/project/project/lib/python3.10/site-packages/airflow/example_dags/example_xcom.py
[2024-03-13T15:53:42.721-0400] {processor.py:840} INFO - DAG(s) 'example_xcom' retrieved from /home/ironbong_jr/mlops/project/project/lib/python3.10/site-packages/airflow/example_dags/example_xcom.py
[2024-03-13T15:53:42.731-0400] {logging_mixin.py:188} INFO - [2024-03-13T15:53:42.731-0400] {dag.py:3047} INFO - Sync 1 DAGs
[2024-03-13T15:53:42.742-0400] {logging_mixin.py:188} INFO - [2024-03-13T15:53:42.742-0400] {dag.py:3834} INFO - Setting next_dagrun for example_xcom to 2021-01-01 00:00:00+00:00, run_after=2021-01-01 00:00:00+00:00
[2024-03-13T15:53:42.764-0400] {processor.py:183} INFO - Processing /home/ironbong_jr/mlops/project/project/lib/python3.10/site-packages/airflow/example_dags/example_xcom.py took 0.052 seconds
[2024-03-13T15:54:32.068-0400] {processor.py:161} INFO - Started process (PID=455456) to work on /home/ironbong_jr/mlops/project/project/lib/python3.10/site-packages/airflow/example_dags/example_xcom.py
[2024-03-13T15:54:32.070-0400] {processor.py:830} INFO - Processing file /home/ironbong_jr/mlops/project/project/lib/python3.10/site-packages/airflow/example_dags/example_xcom.py for tasks to queue
[2024-03-13T15:54:32.072-0400] {logging_mixin.py:188} INFO - [2024-03-13T15:54:32.072-0400] {dagbag.py:540} INFO - Filling up the DagBag from /home/ironbong_jr/mlops/project/project/lib/python3.10/site-packages/airflow/example_dags/example_xcom.py
[2024-03-13T15:54:32.077-0400] {processor.py:840} INFO - DAG(s) 'example_xcom' retrieved from /home/ironbong_jr/mlops/project/project/lib/python3.10/site-packages/airflow/example_dags/example_xcom.py
[2024-03-13T15:54:32.088-0400] {logging_mixin.py:188} INFO - [2024-03-13T15:54:32.088-0400] {dag.py:3047} INFO - Sync 1 DAGs
[2024-03-13T15:54:32.106-0400] {logging_mixin.py:188} INFO - [2024-03-13T15:54:32.106-0400] {dag.py:3834} INFO - Setting next_dagrun for example_xcom to 2021-01-01 00:00:00+00:00, run_after=2021-01-01 00:00:00+00:00
[2024-03-13T15:54:32.135-0400] {processor.py:183} INFO - Processing /home/ironbong_jr/mlops/project/project/lib/python3.10/site-packages/airflow/example_dags/example_xcom.py took 0.069 seconds
[2024-03-13T15:55:26.116-0400] {processor.py:161} INFO - Started process (PID=455724) to work on /home/ironbong_jr/mlops/project/project/lib/python3.10/site-packages/airflow/example_dags/example_xcom.py
[2024-03-13T15:55:26.118-0400] {processor.py:830} INFO - Processing file /home/ironbong_jr/mlops/project/project/lib/python3.10/site-packages/airflow/example_dags/example_xcom.py for tasks to queue
[2024-03-13T15:55:26.118-0400] {logging_mixin.py:188} INFO - [2024-03-13T15:55:26.118-0400] {dagbag.py:540} INFO - Filling up the DagBag from /home/ironbong_jr/mlops/project/project/lib/python3.10/site-packages/airflow/example_dags/example_xcom.py
[2024-03-13T15:55:26.125-0400] {processor.py:840} INFO - DAG(s) 'example_xcom' retrieved from /home/ironbong_jr/mlops/project/project/lib/python3.10/site-packages/airflow/example_dags/example_xcom.py
[2024-03-13T15:55:26.137-0400] {logging_mixin.py:188} INFO - [2024-03-13T15:55:26.137-0400] {dag.py:3047} INFO - Sync 1 DAGs
[2024-03-13T15:55:26.152-0400] {logging_mixin.py:188} INFO - [2024-03-13T15:55:26.151-0400] {dag.py:3834} INFO - Setting next_dagrun for example_xcom to 2021-01-01 00:00:00+00:00, run_after=2021-01-01 00:00:00+00:00
[2024-03-13T15:55:26.175-0400] {processor.py:183} INFO - Processing /home/ironbong_jr/mlops/project/project/lib/python3.10/site-packages/airflow/example_dags/example_xcom.py took 0.062 seconds
[2024-03-13T15:56:15.218-0400] {processor.py:161} INFO - Started process (PID=455977) to work on /home/ironbong_jr/mlops/project/project/lib/python3.10/site-packages/airflow/example_dags/example_xcom.py
[2024-03-13T15:56:15.222-0400] {processor.py:830} INFO - Processing file /home/ironbong_jr/mlops/project/project/lib/python3.10/site-packages/airflow/example_dags/example_xcom.py for tasks to queue
[2024-03-13T15:56:15.222-0400] {logging_mixin.py:188} INFO - [2024-03-13T15:56:15.222-0400] {dagbag.py:540} INFO - Filling up the DagBag from /home/ironbong_jr/mlops/project/project/lib/python3.10/site-packages/airflow/example_dags/example_xcom.py
[2024-03-13T15:56:15.227-0400] {processor.py:840} INFO - DAG(s) 'example_xcom' retrieved from /home/ironbong_jr/mlops/project/project/lib/python3.10/site-packages/airflow/example_dags/example_xcom.py
[2024-03-13T15:56:15.237-0400] {logging_mixin.py:188} INFO - [2024-03-13T15:56:15.237-0400] {dag.py:3047} INFO - Sync 1 DAGs
[2024-03-13T15:56:15.247-0400] {logging_mixin.py:188} INFO - [2024-03-13T15:56:15.247-0400] {dag.py:3834} INFO - Setting next_dagrun for example_xcom to 2021-01-01 00:00:00+00:00, run_after=2021-01-01 00:00:00+00:00
[2024-03-13T15:56:15.269-0400] {processor.py:183} INFO - Processing /home/ironbong_jr/mlops/project/project/lib/python3.10/site-packages/airflow/example_dags/example_xcom.py took 0.053 seconds
[2024-03-13T15:57:03.810-0400] {processor.py:161} INFO - Started process (PID=456236) to work on /home/ironbong_jr/mlops/project/project/lib/python3.10/site-packages/airflow/example_dags/example_xcom.py
[2024-03-13T15:57:03.813-0400] {processor.py:830} INFO - Processing file /home/ironbong_jr/mlops/project/project/lib/python3.10/site-packages/airflow/example_dags/example_xcom.py for tasks to queue
[2024-03-13T15:57:03.814-0400] {logging_mixin.py:188} INFO - [2024-03-13T15:57:03.813-0400] {dagbag.py:540} INFO - Filling up the DagBag from /home/ironbong_jr/mlops/project/project/lib/python3.10/site-packages/airflow/example_dags/example_xcom.py
[2024-03-13T15:57:03.819-0400] {processor.py:840} INFO - DAG(s) 'example_xcom' retrieved from /home/ironbong_jr/mlops/project/project/lib/python3.10/site-packages/airflow/example_dags/example_xcom.py
[2024-03-13T15:57:03.828-0400] {logging_mixin.py:188} INFO - [2024-03-13T15:57:03.828-0400] {dag.py:3047} INFO - Sync 1 DAGs
[2024-03-13T15:57:03.839-0400] {logging_mixin.py:188} INFO - [2024-03-13T15:57:03.839-0400] {dag.py:3834} INFO - Setting next_dagrun for example_xcom to 2021-01-01 00:00:00+00:00, run_after=2021-01-01 00:00:00+00:00
[2024-03-13T15:57:03.861-0400] {processor.py:183} INFO - Processing /home/ironbong_jr/mlops/project/project/lib/python3.10/site-packages/airflow/example_dags/example_xcom.py took 0.053 seconds
[2024-03-13T15:57:55.066-0400] {processor.py:161} INFO - Started process (PID=456536) to work on /home/ironbong_jr/mlops/project/project/lib/python3.10/site-packages/airflow/example_dags/example_xcom.py
[2024-03-13T15:57:55.068-0400] {processor.py:830} INFO - Processing file /home/ironbong_jr/mlops/project/project/lib/python3.10/site-packages/airflow/example_dags/example_xcom.py for tasks to queue
[2024-03-13T15:57:55.070-0400] {logging_mixin.py:188} INFO - [2024-03-13T15:57:55.069-0400] {dagbag.py:540} INFO - Filling up the DagBag from /home/ironbong_jr/mlops/project/project/lib/python3.10/site-packages/airflow/example_dags/example_xcom.py
[2024-03-13T15:57:55.076-0400] {processor.py:840} INFO - DAG(s) 'example_xcom' retrieved from /home/ironbong_jr/mlops/project/project/lib/python3.10/site-packages/airflow/example_dags/example_xcom.py
[2024-03-13T15:57:55.089-0400] {logging_mixin.py:188} INFO - [2024-03-13T15:57:55.089-0400] {dag.py:3047} INFO - Sync 1 DAGs
[2024-03-13T15:57:55.107-0400] {logging_mixin.py:188} INFO - [2024-03-13T15:57:55.107-0400] {dag.py:3834} INFO - Setting next_dagrun for example_xcom to 2021-01-01 00:00:00+00:00, run_after=2021-01-01 00:00:00+00:00
[2024-03-13T15:57:55.136-0400] {processor.py:183} INFO - Processing /home/ironbong_jr/mlops/project/project/lib/python3.10/site-packages/airflow/example_dags/example_xcom.py took 0.073 seconds
[2024-03-13T15:58:47.614-0400] {processor.py:161} INFO - Started process (PID=456793) to work on /home/ironbong_jr/mlops/project/project/lib/python3.10/site-packages/airflow/example_dags/example_xcom.py
[2024-03-13T15:58:47.618-0400] {processor.py:830} INFO - Processing file /home/ironbong_jr/mlops/project/project/lib/python3.10/site-packages/airflow/example_dags/example_xcom.py for tasks to queue
[2024-03-13T15:58:47.619-0400] {logging_mixin.py:188} INFO - [2024-03-13T15:58:47.619-0400] {dagbag.py:540} INFO - Filling up the DagBag from /home/ironbong_jr/mlops/project/project/lib/python3.10/site-packages/airflow/example_dags/example_xcom.py
[2024-03-13T15:58:47.625-0400] {processor.py:840} INFO - DAG(s) 'example_xcom' retrieved from /home/ironbong_jr/mlops/project/project/lib/python3.10/site-packages/airflow/example_dags/example_xcom.py
[2024-03-13T15:58:47.637-0400] {logging_mixin.py:188} INFO - [2024-03-13T15:58:47.636-0400] {dag.py:3047} INFO - Sync 1 DAGs
[2024-03-13T15:58:47.649-0400] {logging_mixin.py:188} INFO - [2024-03-13T15:58:47.649-0400] {dag.py:3834} INFO - Setting next_dagrun for example_xcom to 2021-01-01 00:00:00+00:00, run_after=2021-01-01 00:00:00+00:00
[2024-03-13T15:58:47.674-0400] {processor.py:183} INFO - Processing /home/ironbong_jr/mlops/project/project/lib/python3.10/site-packages/airflow/example_dags/example_xcom.py took 0.062 seconds
[2024-03-13T15:59:38.644-0400] {processor.py:161} INFO - Started process (PID=457049) to work on /home/ironbong_jr/mlops/project/project/lib/python3.10/site-packages/airflow/example_dags/example_xcom.py
[2024-03-13T15:59:38.645-0400] {processor.py:830} INFO - Processing file /home/ironbong_jr/mlops/project/project/lib/python3.10/site-packages/airflow/example_dags/example_xcom.py for tasks to queue
[2024-03-13T15:59:38.646-0400] {logging_mixin.py:188} INFO - [2024-03-13T15:59:38.646-0400] {dagbag.py:540} INFO - Filling up the DagBag from /home/ironbong_jr/mlops/project/project/lib/python3.10/site-packages/airflow/example_dags/example_xcom.py
[2024-03-13T15:59:38.653-0400] {processor.py:840} INFO - DAG(s) 'example_xcom' retrieved from /home/ironbong_jr/mlops/project/project/lib/python3.10/site-packages/airflow/example_dags/example_xcom.py
[2024-03-13T15:59:38.666-0400] {logging_mixin.py:188} INFO - [2024-03-13T15:59:38.666-0400] {dag.py:3047} INFO - Sync 1 DAGs
[2024-03-13T15:59:38.681-0400] {logging_mixin.py:188} INFO - [2024-03-13T15:59:38.680-0400] {dag.py:3834} INFO - Setting next_dagrun for example_xcom to 2021-01-01 00:00:00+00:00, run_after=2021-01-01 00:00:00+00:00
[2024-03-13T15:59:38.704-0400] {processor.py:183} INFO - Processing /home/ironbong_jr/mlops/project/project/lib/python3.10/site-packages/airflow/example_dags/example_xcom.py took 0.063 seconds
[2024-03-13T16:00:30.307-0400] {processor.py:161} INFO - Started process (PID=457294) to work on /home/ironbong_jr/mlops/project/project/lib/python3.10/site-packages/airflow/example_dags/example_xcom.py
[2024-03-13T16:00:30.309-0400] {processor.py:830} INFO - Processing file /home/ironbong_jr/mlops/project/project/lib/python3.10/site-packages/airflow/example_dags/example_xcom.py for tasks to queue
[2024-03-13T16:00:30.309-0400] {logging_mixin.py:188} INFO - [2024-03-13T16:00:30.309-0400] {dagbag.py:540} INFO - Filling up the DagBag from /home/ironbong_jr/mlops/project/project/lib/python3.10/site-packages/airflow/example_dags/example_xcom.py
[2024-03-13T16:00:30.314-0400] {processor.py:840} INFO - DAG(s) 'example_xcom' retrieved from /home/ironbong_jr/mlops/project/project/lib/python3.10/site-packages/airflow/example_dags/example_xcom.py
[2024-03-13T16:00:30.325-0400] {logging_mixin.py:188} INFO - [2024-03-13T16:00:30.325-0400] {dag.py:3047} INFO - Sync 1 DAGs
[2024-03-13T16:00:30.336-0400] {logging_mixin.py:188} INFO - [2024-03-13T16:00:30.336-0400] {dag.py:3834} INFO - Setting next_dagrun for example_xcom to 2021-01-01 00:00:00+00:00, run_after=2021-01-01 00:00:00+00:00
[2024-03-13T16:00:30.358-0400] {processor.py:183} INFO - Processing /home/ironbong_jr/mlops/project/project/lib/python3.10/site-packages/airflow/example_dags/example_xcom.py took 0.054 seconds
[2024-03-13T16:01:21.303-0400] {processor.py:161} INFO - Started process (PID=457555) to work on /home/ironbong_jr/mlops/project/project/lib/python3.10/site-packages/airflow/example_dags/example_xcom.py
[2024-03-13T16:01:21.306-0400] {processor.py:830} INFO - Processing file /home/ironbong_jr/mlops/project/project/lib/python3.10/site-packages/airflow/example_dags/example_xcom.py for tasks to queue
[2024-03-13T16:01:21.306-0400] {logging_mixin.py:188} INFO - [2024-03-13T16:01:21.306-0400] {dagbag.py:540} INFO - Filling up the DagBag from /home/ironbong_jr/mlops/project/project/lib/python3.10/site-packages/airflow/example_dags/example_xcom.py
[2024-03-13T16:01:21.313-0400] {processor.py:840} INFO - DAG(s) 'example_xcom' retrieved from /home/ironbong_jr/mlops/project/project/lib/python3.10/site-packages/airflow/example_dags/example_xcom.py
[2024-03-13T16:01:21.324-0400] {logging_mixin.py:188} INFO - [2024-03-13T16:01:21.323-0400] {dag.py:3047} INFO - Sync 1 DAGs
[2024-03-13T16:01:21.336-0400] {logging_mixin.py:188} INFO - [2024-03-13T16:01:21.336-0400] {dag.py:3834} INFO - Setting next_dagrun for example_xcom to 2021-01-01 00:00:00+00:00, run_after=2021-01-01 00:00:00+00:00
[2024-03-13T16:01:21.364-0400] {processor.py:183} INFO - Processing /home/ironbong_jr/mlops/project/project/lib/python3.10/site-packages/airflow/example_dags/example_xcom.py took 0.064 seconds
[2024-03-13T16:02:12.413-0400] {processor.py:161} INFO - Started process (PID=457843) to work on /home/ironbong_jr/mlops/project/project/lib/python3.10/site-packages/airflow/example_dags/example_xcom.py
[2024-03-13T16:02:12.414-0400] {processor.py:830} INFO - Processing file /home/ironbong_jr/mlops/project/project/lib/python3.10/site-packages/airflow/example_dags/example_xcom.py for tasks to queue
[2024-03-13T16:02:12.415-0400] {logging_mixin.py:188} INFO - [2024-03-13T16:02:12.414-0400] {dagbag.py:540} INFO - Filling up the DagBag from /home/ironbong_jr/mlops/project/project/lib/python3.10/site-packages/airflow/example_dags/example_xcom.py
[2024-03-13T16:02:12.420-0400] {processor.py:840} INFO - DAG(s) 'example_xcom' retrieved from /home/ironbong_jr/mlops/project/project/lib/python3.10/site-packages/airflow/example_dags/example_xcom.py
[2024-03-13T16:02:12.433-0400] {logging_mixin.py:188} INFO - [2024-03-13T16:02:12.432-0400] {dag.py:3047} INFO - Sync 1 DAGs
[2024-03-13T16:02:12.446-0400] {logging_mixin.py:188} INFO - [2024-03-13T16:02:12.446-0400] {dag.py:3834} INFO - Setting next_dagrun for example_xcom to 2021-01-01 00:00:00+00:00, run_after=2021-01-01 00:00:00+00:00
[2024-03-13T16:02:12.471-0400] {processor.py:183} INFO - Processing /home/ironbong_jr/mlops/project/project/lib/python3.10/site-packages/airflow/example_dags/example_xcom.py took 0.061 seconds
[2024-03-13T16:03:00.523-0400] {processor.py:161} INFO - Started process (PID=458080) to work on /home/ironbong_jr/mlops/project/project/lib/python3.10/site-packages/airflow/example_dags/example_xcom.py
[2024-03-13T16:03:00.524-0400] {processor.py:830} INFO - Processing file /home/ironbong_jr/mlops/project/project/lib/python3.10/site-packages/airflow/example_dags/example_xcom.py for tasks to queue
[2024-03-13T16:03:00.525-0400] {logging_mixin.py:188} INFO - [2024-03-13T16:03:00.525-0400] {dagbag.py:540} INFO - Filling up the DagBag from /home/ironbong_jr/mlops/project/project/lib/python3.10/site-packages/airflow/example_dags/example_xcom.py
[2024-03-13T16:03:00.532-0400] {processor.py:840} INFO - DAG(s) 'example_xcom' retrieved from /home/ironbong_jr/mlops/project/project/lib/python3.10/site-packages/airflow/example_dags/example_xcom.py
[2024-03-13T16:03:00.551-0400] {logging_mixin.py:188} INFO - [2024-03-13T16:03:00.550-0400] {dag.py:3047} INFO - Sync 1 DAGs
[2024-03-13T16:03:00.573-0400] {logging_mixin.py:188} INFO - [2024-03-13T16:03:00.573-0400] {dag.py:3834} INFO - Setting next_dagrun for example_xcom to 2021-01-01 00:00:00+00:00, run_after=2021-01-01 00:00:00+00:00
[2024-03-13T16:03:00.603-0400] {processor.py:183} INFO - Processing /home/ironbong_jr/mlops/project/project/lib/python3.10/site-packages/airflow/example_dags/example_xcom.py took 0.083 seconds
[2024-03-13T16:04:02.640-0400] {processor.py:161} INFO - Started process (PID=458476) to work on /home/ironbong_jr/mlops/project/project/lib/python3.10/site-packages/airflow/example_dags/example_xcom.py
[2024-03-13T16:04:02.643-0400] {processor.py:830} INFO - Processing file /home/ironbong_jr/mlops/project/project/lib/python3.10/site-packages/airflow/example_dags/example_xcom.py for tasks to queue
[2024-03-13T16:04:02.644-0400] {logging_mixin.py:188} INFO - [2024-03-13T16:04:02.644-0400] {dagbag.py:540} INFO - Filling up the DagBag from /home/ironbong_jr/mlops/project/project/lib/python3.10/site-packages/airflow/example_dags/example_xcom.py
[2024-03-13T16:04:02.650-0400] {processor.py:840} INFO - DAG(s) 'example_xcom' retrieved from /home/ironbong_jr/mlops/project/project/lib/python3.10/site-packages/airflow/example_dags/example_xcom.py
[2024-03-13T16:04:02.666-0400] {logging_mixin.py:188} INFO - [2024-03-13T16:04:02.666-0400] {dag.py:3047} INFO - Sync 1 DAGs
[2024-03-13T16:04:02.682-0400] {logging_mixin.py:188} INFO - [2024-03-13T16:04:02.681-0400] {dag.py:3834} INFO - Setting next_dagrun for example_xcom to 2021-01-01 00:00:00+00:00, run_after=2021-01-01 00:00:00+00:00
[2024-03-13T16:04:02.706-0400] {processor.py:183} INFO - Processing /home/ironbong_jr/mlops/project/project/lib/python3.10/site-packages/airflow/example_dags/example_xcom.py took 0.068 seconds
[2024-03-13T16:04:59.413-0400] {processor.py:161} INFO - Started process (PID=458755) to work on /home/ironbong_jr/mlops/project/project/lib/python3.10/site-packages/airflow/example_dags/example_xcom.py
[2024-03-13T16:04:59.417-0400] {processor.py:830} INFO - Processing file /home/ironbong_jr/mlops/project/project/lib/python3.10/site-packages/airflow/example_dags/example_xcom.py for tasks to queue
[2024-03-13T16:04:59.417-0400] {logging_mixin.py:188} INFO - [2024-03-13T16:04:59.417-0400] {dagbag.py:540} INFO - Filling up the DagBag from /home/ironbong_jr/mlops/project/project/lib/python3.10/site-packages/airflow/example_dags/example_xcom.py
[2024-03-13T16:04:59.423-0400] {processor.py:840} INFO - DAG(s) 'example_xcom' retrieved from /home/ironbong_jr/mlops/project/project/lib/python3.10/site-packages/airflow/example_dags/example_xcom.py
[2024-03-13T16:04:59.436-0400] {logging_mixin.py:188} INFO - [2024-03-13T16:04:59.436-0400] {dag.py:3047} INFO - Sync 1 DAGs
[2024-03-13T16:04:59.447-0400] {logging_mixin.py:188} INFO - [2024-03-13T16:04:59.447-0400] {dag.py:3834} INFO - Setting next_dagrun for example_xcom to 2021-01-01 00:00:00+00:00, run_after=2021-01-01 00:00:00+00:00
[2024-03-13T16:04:59.470-0400] {processor.py:183} INFO - Processing /home/ironbong_jr/mlops/project/project/lib/python3.10/site-packages/airflow/example_dags/example_xcom.py took 0.059 seconds
[2024-03-13T16:05:45.718-0400] {processor.py:161} INFO - Started process (PID=458987) to work on /home/ironbong_jr/mlops/project/project/lib/python3.10/site-packages/airflow/example_dags/example_xcom.py
[2024-03-13T16:05:45.720-0400] {processor.py:830} INFO - Processing file /home/ironbong_jr/mlops/project/project/lib/python3.10/site-packages/airflow/example_dags/example_xcom.py for tasks to queue
[2024-03-13T16:05:45.721-0400] {logging_mixin.py:188} INFO - [2024-03-13T16:05:45.721-0400] {dagbag.py:540} INFO - Filling up the DagBag from /home/ironbong_jr/mlops/project/project/lib/python3.10/site-packages/airflow/example_dags/example_xcom.py
[2024-03-13T16:05:45.726-0400] {processor.py:840} INFO - DAG(s) 'example_xcom' retrieved from /home/ironbong_jr/mlops/project/project/lib/python3.10/site-packages/airflow/example_dags/example_xcom.py
[2024-03-13T16:05:45.737-0400] {logging_mixin.py:188} INFO - [2024-03-13T16:05:45.737-0400] {dag.py:3047} INFO - Sync 1 DAGs
[2024-03-13T16:05:45.748-0400] {logging_mixin.py:188} INFO - [2024-03-13T16:05:45.748-0400] {dag.py:3834} INFO - Setting next_dagrun for example_xcom to 2021-01-01 00:00:00+00:00, run_after=2021-01-01 00:00:00+00:00
[2024-03-13T16:05:45.770-0400] {processor.py:183} INFO - Processing /home/ironbong_jr/mlops/project/project/lib/python3.10/site-packages/airflow/example_dags/example_xcom.py took 0.053 seconds
[2024-03-13T16:06:36.412-0400] {processor.py:161} INFO - Started process (PID=459241) to work on /home/ironbong_jr/mlops/project/project/lib/python3.10/site-packages/airflow/example_dags/example_xcom.py
[2024-03-13T16:06:36.414-0400] {processor.py:830} INFO - Processing file /home/ironbong_jr/mlops/project/project/lib/python3.10/site-packages/airflow/example_dags/example_xcom.py for tasks to queue
[2024-03-13T16:06:36.415-0400] {logging_mixin.py:188} INFO - [2024-03-13T16:06:36.414-0400] {dagbag.py:540} INFO - Filling up the DagBag from /home/ironbong_jr/mlops/project/project/lib/python3.10/site-packages/airflow/example_dags/example_xcom.py
[2024-03-13T16:06:36.421-0400] {processor.py:840} INFO - DAG(s) 'example_xcom' retrieved from /home/ironbong_jr/mlops/project/project/lib/python3.10/site-packages/airflow/example_dags/example_xcom.py
[2024-03-13T16:06:36.434-0400] {logging_mixin.py:188} INFO - [2024-03-13T16:06:36.434-0400] {dag.py:3047} INFO - Sync 1 DAGs
[2024-03-13T16:06:36.449-0400] {logging_mixin.py:188} INFO - [2024-03-13T16:06:36.449-0400] {dag.py:3834} INFO - Setting next_dagrun for example_xcom to 2021-01-01 00:00:00+00:00, run_after=2021-01-01 00:00:00+00:00
[2024-03-13T16:06:36.471-0400] {processor.py:183} INFO - Processing /home/ironbong_jr/mlops/project/project/lib/python3.10/site-packages/airflow/example_dags/example_xcom.py took 0.062 seconds
[2024-03-13T16:07:28.415-0400] {processor.py:161} INFO - Started process (PID=459507) to work on /home/ironbong_jr/mlops/project/project/lib/python3.10/site-packages/airflow/example_dags/example_xcom.py
[2024-03-13T16:07:28.419-0400] {processor.py:830} INFO - Processing file /home/ironbong_jr/mlops/project/project/lib/python3.10/site-packages/airflow/example_dags/example_xcom.py for tasks to queue
[2024-03-13T16:07:28.420-0400] {logging_mixin.py:188} INFO - [2024-03-13T16:07:28.420-0400] {dagbag.py:540} INFO - Filling up the DagBag from /home/ironbong_jr/mlops/project/project/lib/python3.10/site-packages/airflow/example_dags/example_xcom.py
[2024-03-13T16:07:28.426-0400] {processor.py:840} INFO - DAG(s) 'example_xcom' retrieved from /home/ironbong_jr/mlops/project/project/lib/python3.10/site-packages/airflow/example_dags/example_xcom.py
[2024-03-13T16:07:28.437-0400] {logging_mixin.py:188} INFO - [2024-03-13T16:07:28.437-0400] {dag.py:3047} INFO - Sync 1 DAGs
[2024-03-13T16:07:28.450-0400] {logging_mixin.py:188} INFO - [2024-03-13T16:07:28.449-0400] {dag.py:3834} INFO - Setting next_dagrun for example_xcom to 2021-01-01 00:00:00+00:00, run_after=2021-01-01 00:00:00+00:00
[2024-03-13T16:07:28.473-0400] {processor.py:183} INFO - Processing /home/ironbong_jr/mlops/project/project/lib/python3.10/site-packages/airflow/example_dags/example_xcom.py took 0.060 seconds
[2024-03-13T16:08:21.136-0400] {processor.py:161} INFO - Started process (PID=459754) to work on /home/ironbong_jr/mlops/project/project/lib/python3.10/site-packages/airflow/example_dags/example_xcom.py
[2024-03-13T16:08:21.141-0400] {processor.py:830} INFO - Processing file /home/ironbong_jr/mlops/project/project/lib/python3.10/site-packages/airflow/example_dags/example_xcom.py for tasks to queue
[2024-03-13T16:08:21.141-0400] {logging_mixin.py:188} INFO - [2024-03-13T16:08:21.141-0400] {dagbag.py:540} INFO - Filling up the DagBag from /home/ironbong_jr/mlops/project/project/lib/python3.10/site-packages/airflow/example_dags/example_xcom.py
[2024-03-13T16:08:21.147-0400] {processor.py:840} INFO - DAG(s) 'example_xcom' retrieved from /home/ironbong_jr/mlops/project/project/lib/python3.10/site-packages/airflow/example_dags/example_xcom.py
[2024-03-13T16:08:21.156-0400] {logging_mixin.py:188} INFO - [2024-03-13T16:08:21.156-0400] {dag.py:3047} INFO - Sync 1 DAGs
[2024-03-13T16:08:21.167-0400] {logging_mixin.py:188} INFO - [2024-03-13T16:08:21.167-0400] {dag.py:3834} INFO - Setting next_dagrun for example_xcom to 2021-01-01 00:00:00+00:00, run_after=2021-01-01 00:00:00+00:00
[2024-03-13T16:08:21.192-0400] {processor.py:183} INFO - Processing /home/ironbong_jr/mlops/project/project/lib/python3.10/site-packages/airflow/example_dags/example_xcom.py took 0.058 seconds
[2024-03-13T16:09:11.083-0400] {processor.py:161} INFO - Started process (PID=460009) to work on /home/ironbong_jr/mlops/project/project/lib/python3.10/site-packages/airflow/example_dags/example_xcom.py
[2024-03-13T16:09:11.086-0400] {processor.py:830} INFO - Processing file /home/ironbong_jr/mlops/project/project/lib/python3.10/site-packages/airflow/example_dags/example_xcom.py for tasks to queue
[2024-03-13T16:09:11.087-0400] {logging_mixin.py:188} INFO - [2024-03-13T16:09:11.087-0400] {dagbag.py:540} INFO - Filling up the DagBag from /home/ironbong_jr/mlops/project/project/lib/python3.10/site-packages/airflow/example_dags/example_xcom.py
[2024-03-13T16:09:11.093-0400] {processor.py:840} INFO - DAG(s) 'example_xcom' retrieved from /home/ironbong_jr/mlops/project/project/lib/python3.10/site-packages/airflow/example_dags/example_xcom.py
[2024-03-13T16:09:11.102-0400] {logging_mixin.py:188} INFO - [2024-03-13T16:09:11.102-0400] {dag.py:3047} INFO - Sync 1 DAGs
[2024-03-13T16:09:11.113-0400] {logging_mixin.py:188} INFO - [2024-03-13T16:09:11.113-0400] {dag.py:3834} INFO - Setting next_dagrun for example_xcom to 2021-01-01 00:00:00+00:00, run_after=2021-01-01 00:00:00+00:00
[2024-03-13T16:09:11.134-0400] {processor.py:183} INFO - Processing /home/ironbong_jr/mlops/project/project/lib/python3.10/site-packages/airflow/example_dags/example_xcom.py took 0.053 seconds
[2024-03-13T16:10:01.308-0400] {processor.py:161} INFO - Started process (PID=460258) to work on /home/ironbong_jr/mlops/project/project/lib/python3.10/site-packages/airflow/example_dags/example_xcom.py
[2024-03-13T16:10:01.311-0400] {processor.py:830} INFO - Processing file /home/ironbong_jr/mlops/project/project/lib/python3.10/site-packages/airflow/example_dags/example_xcom.py for tasks to queue
[2024-03-13T16:10:01.312-0400] {logging_mixin.py:188} INFO - [2024-03-13T16:10:01.312-0400] {dagbag.py:540} INFO - Filling up the DagBag from /home/ironbong_jr/mlops/project/project/lib/python3.10/site-packages/airflow/example_dags/example_xcom.py
[2024-03-13T16:10:01.317-0400] {processor.py:840} INFO - DAG(s) 'example_xcom' retrieved from /home/ironbong_jr/mlops/project/project/lib/python3.10/site-packages/airflow/example_dags/example_xcom.py
[2024-03-13T16:10:01.326-0400] {logging_mixin.py:188} INFO - [2024-03-13T16:10:01.326-0400] {dag.py:3047} INFO - Sync 1 DAGs
[2024-03-13T16:10:01.339-0400] {logging_mixin.py:188} INFO - [2024-03-13T16:10:01.338-0400] {dag.py:3834} INFO - Setting next_dagrun for example_xcom to 2021-01-01 00:00:00+00:00, run_after=2021-01-01 00:00:00+00:00
[2024-03-13T16:10:01.363-0400] {processor.py:183} INFO - Processing /home/ironbong_jr/mlops/project/project/lib/python3.10/site-packages/airflow/example_dags/example_xcom.py took 0.057 seconds
[2024-03-13T16:10:49.338-0400] {processor.py:161} INFO - Started process (PID=460489) to work on /home/ironbong_jr/mlops/project/project/lib/python3.10/site-packages/airflow/example_dags/example_xcom.py
[2024-03-13T16:10:49.340-0400] {processor.py:830} INFO - Processing file /home/ironbong_jr/mlops/project/project/lib/python3.10/site-packages/airflow/example_dags/example_xcom.py for tasks to queue
[2024-03-13T16:10:49.340-0400] {logging_mixin.py:188} INFO - [2024-03-13T16:10:49.340-0400] {dagbag.py:540} INFO - Filling up the DagBag from /home/ironbong_jr/mlops/project/project/lib/python3.10/site-packages/airflow/example_dags/example_xcom.py
[2024-03-13T16:10:49.345-0400] {processor.py:840} INFO - DAG(s) 'example_xcom' retrieved from /home/ironbong_jr/mlops/project/project/lib/python3.10/site-packages/airflow/example_dags/example_xcom.py
[2024-03-13T16:10:49.355-0400] {logging_mixin.py:188} INFO - [2024-03-13T16:10:49.355-0400] {dag.py:3047} INFO - Sync 1 DAGs
[2024-03-13T16:10:49.368-0400] {logging_mixin.py:188} INFO - [2024-03-13T16:10:49.368-0400] {dag.py:3834} INFO - Setting next_dagrun for example_xcom to 2021-01-01 00:00:00+00:00, run_after=2021-01-01 00:00:00+00:00
[2024-03-13T16:10:49.390-0400] {processor.py:183} INFO - Processing /home/ironbong_jr/mlops/project/project/lib/python3.10/site-packages/airflow/example_dags/example_xcom.py took 0.054 seconds
[2024-03-13T16:11:39.532-0400] {processor.py:161} INFO - Started process (PID=460745) to work on /home/ironbong_jr/mlops/project/project/lib/python3.10/site-packages/airflow/example_dags/example_xcom.py
[2024-03-13T16:11:39.534-0400] {processor.py:830} INFO - Processing file /home/ironbong_jr/mlops/project/project/lib/python3.10/site-packages/airflow/example_dags/example_xcom.py for tasks to queue
[2024-03-13T16:11:39.534-0400] {logging_mixin.py:188} INFO - [2024-03-13T16:11:39.534-0400] {dagbag.py:540} INFO - Filling up the DagBag from /home/ironbong_jr/mlops/project/project/lib/python3.10/site-packages/airflow/example_dags/example_xcom.py
[2024-03-13T16:11:39.539-0400] {processor.py:840} INFO - DAG(s) 'example_xcom' retrieved from /home/ironbong_jr/mlops/project/project/lib/python3.10/site-packages/airflow/example_dags/example_xcom.py
[2024-03-13T16:11:39.549-0400] {logging_mixin.py:188} INFO - [2024-03-13T16:11:39.549-0400] {dag.py:3047} INFO - Sync 1 DAGs
[2024-03-13T16:11:39.559-0400] {logging_mixin.py:188} INFO - [2024-03-13T16:11:39.559-0400] {dag.py:3834} INFO - Setting next_dagrun for example_xcom to 2021-01-01 00:00:00+00:00, run_after=2021-01-01 00:00:00+00:00
[2024-03-13T16:11:39.581-0400] {processor.py:183} INFO - Processing /home/ironbong_jr/mlops/project/project/lib/python3.10/site-packages/airflow/example_dags/example_xcom.py took 0.052 seconds
[2024-03-13T16:12:29.214-0400] {processor.py:161} INFO - Started process (PID=460994) to work on /home/ironbong_jr/mlops/project/project/lib/python3.10/site-packages/airflow/example_dags/example_xcom.py
[2024-03-13T16:12:29.217-0400] {processor.py:830} INFO - Processing file /home/ironbong_jr/mlops/project/project/lib/python3.10/site-packages/airflow/example_dags/example_xcom.py for tasks to queue
[2024-03-13T16:12:29.218-0400] {logging_mixin.py:188} INFO - [2024-03-13T16:12:29.218-0400] {dagbag.py:540} INFO - Filling up the DagBag from /home/ironbong_jr/mlops/project/project/lib/python3.10/site-packages/airflow/example_dags/example_xcom.py
[2024-03-13T16:12:29.224-0400] {processor.py:840} INFO - DAG(s) 'example_xcom' retrieved from /home/ironbong_jr/mlops/project/project/lib/python3.10/site-packages/airflow/example_dags/example_xcom.py
[2024-03-13T16:12:29.238-0400] {logging_mixin.py:188} INFO - [2024-03-13T16:12:29.238-0400] {dag.py:3047} INFO - Sync 1 DAGs
[2024-03-13T16:12:29.251-0400] {logging_mixin.py:188} INFO - [2024-03-13T16:12:29.250-0400] {dag.py:3834} INFO - Setting next_dagrun for example_xcom to 2021-01-01 00:00:00+00:00, run_after=2021-01-01 00:00:00+00:00
[2024-03-13T16:12:29.276-0400] {processor.py:183} INFO - Processing /home/ironbong_jr/mlops/project/project/lib/python3.10/site-packages/airflow/example_dags/example_xcom.py took 0.064 seconds
