[2024-03-12T21:22:10.140-0400] {processor.py:161} INFO - Started process (PID=407065) to work on /home/ironbong_jr/mlops/project/project/lib/python3.10/site-packages/airflow/example_dags/example_branch_python_dop_operator_3.py
[2024-03-12T21:22:10.142-0400] {processor.py:830} INFO - Processing file /home/ironbong_jr/mlops/project/project/lib/python3.10/site-packages/airflow/example_dags/example_branch_python_dop_operator_3.py for tasks to queue
[2024-03-12T21:22:10.144-0400] {logging_mixin.py:188} INFO - [2024-03-12T21:22:10.144-0400] {dagbag.py:540} INFO - Filling up the DagBag from /home/ironbong_jr/mlops/project/project/lib/python3.10/site-packages/airflow/example_dags/example_branch_python_dop_operator_3.py
[2024-03-12T21:22:10.171-0400] {processor.py:840} INFO - DAG(s) 'example_branch_dop_operator_v3' retrieved from /home/ironbong_jr/mlops/project/project/lib/python3.10/site-packages/airflow/example_dags/example_branch_python_dop_operator_3.py
[2024-03-12T21:22:10.526-0400] {logging_mixin.py:188} INFO - [2024-03-12T21:22:10.525-0400] {dag.py:3047} INFO - Sync 1 DAGs
[2024-03-12T21:22:10.553-0400] {logging_mixin.py:188} INFO - [2024-03-12T21:22:10.552-0400] {dag.py:3834} INFO - Setting next_dagrun for example_branch_dop_operator_v3 to 2024-03-13 01:21:00+00:00, run_after=2024-03-13 01:22:00+00:00
[2024-03-12T21:22:10.650-0400] {processor.py:183} INFO - Processing /home/ironbong_jr/mlops/project/project/lib/python3.10/site-packages/airflow/example_dags/example_branch_python_dop_operator_3.py took 0.516 seconds
[2024-03-12T21:24:02.219-0400] {processor.py:161} INFO - Started process (PID=407592) to work on /home/ironbong_jr/mlops/project/project/lib/python3.10/site-packages/airflow/example_dags/example_branch_python_dop_operator_3.py
[2024-03-12T21:24:02.266-0400] {processor.py:830} INFO - Processing file /home/ironbong_jr/mlops/project/project/lib/python3.10/site-packages/airflow/example_dags/example_branch_python_dop_operator_3.py for tasks to queue
[2024-03-12T21:24:02.269-0400] {logging_mixin.py:188} INFO - [2024-03-12T21:24:02.268-0400] {dagbag.py:540} INFO - Filling up the DagBag from /home/ironbong_jr/mlops/project/project/lib/python3.10/site-packages/airflow/example_dags/example_branch_python_dop_operator_3.py
[2024-03-12T21:24:02.293-0400] {processor.py:840} INFO - DAG(s) 'example_branch_dop_operator_v3' retrieved from /home/ironbong_jr/mlops/project/project/lib/python3.10/site-packages/airflow/example_dags/example_branch_python_dop_operator_3.py
[2024-03-12T21:24:02.504-0400] {logging_mixin.py:188} INFO - [2024-03-12T21:24:02.503-0400] {dag.py:3047} INFO - Sync 1 DAGs
[2024-03-12T21:24:02.554-0400] {logging_mixin.py:188} INFO - [2024-03-12T21:24:02.553-0400] {dag.py:3834} INFO - Setting next_dagrun for example_branch_dop_operator_v3 to 2024-03-13 01:23:00+00:00, run_after=2024-03-13 01:24:00+00:00
[2024-03-12T21:24:02.660-0400] {processor.py:183} INFO - Processing /home/ironbong_jr/mlops/project/project/lib/python3.10/site-packages/airflow/example_dags/example_branch_python_dop_operator_3.py took 0.451 seconds
[2024-03-12T21:26:56.908-0400] {processor.py:161} INFO - Started process (PID=408346) to work on /home/ironbong_jr/mlops/project/project/lib/python3.10/site-packages/airflow/example_dags/example_branch_python_dop_operator_3.py
[2024-03-12T21:26:56.936-0400] {processor.py:830} INFO - Processing file /home/ironbong_jr/mlops/project/project/lib/python3.10/site-packages/airflow/example_dags/example_branch_python_dop_operator_3.py for tasks to queue
[2024-03-12T21:26:56.939-0400] {logging_mixin.py:188} INFO - [2024-03-12T21:26:56.938-0400] {dagbag.py:540} INFO - Filling up the DagBag from /home/ironbong_jr/mlops/project/project/lib/python3.10/site-packages/airflow/example_dags/example_branch_python_dop_operator_3.py
[2024-03-12T21:26:56.959-0400] {processor.py:840} INFO - DAG(s) 'example_branch_dop_operator_v3' retrieved from /home/ironbong_jr/mlops/project/project/lib/python3.10/site-packages/airflow/example_dags/example_branch_python_dop_operator_3.py
[2024-03-12T21:26:56.986-0400] {logging_mixin.py:188} INFO - [2024-03-12T21:26:56.986-0400] {dag.py:3047} INFO - Sync 1 DAGs
[2024-03-12T21:26:57.024-0400] {logging_mixin.py:188} INFO - [2024-03-12T21:26:57.024-0400] {dag.py:3834} INFO - Setting next_dagrun for example_branch_dop_operator_v3 to 2024-03-13 01:25:00+00:00, run_after=2024-03-13 01:26:00+00:00
[2024-03-12T21:26:57.072-0400] {processor.py:183} INFO - Processing /home/ironbong_jr/mlops/project/project/lib/python3.10/site-packages/airflow/example_dags/example_branch_python_dop_operator_3.py took 0.175 seconds
[2024-03-12T21:28:37.190-0400] {processor.py:161} INFO - Started process (PID=408836) to work on /home/ironbong_jr/mlops/project/project/lib/python3.10/site-packages/airflow/example_dags/example_branch_python_dop_operator_3.py
[2024-03-12T21:28:37.192-0400] {processor.py:830} INFO - Processing file /home/ironbong_jr/mlops/project/project/lib/python3.10/site-packages/airflow/example_dags/example_branch_python_dop_operator_3.py for tasks to queue
[2024-03-12T21:28:37.194-0400] {logging_mixin.py:188} INFO - [2024-03-12T21:28:37.194-0400] {dagbag.py:540} INFO - Filling up the DagBag from /home/ironbong_jr/mlops/project/project/lib/python3.10/site-packages/airflow/example_dags/example_branch_python_dop_operator_3.py
[2024-03-12T21:28:37.208-0400] {processor.py:840} INFO - DAG(s) 'example_branch_dop_operator_v3' retrieved from /home/ironbong_jr/mlops/project/project/lib/python3.10/site-packages/airflow/example_dags/example_branch_python_dop_operator_3.py
[2024-03-12T21:28:37.240-0400] {logging_mixin.py:188} INFO - [2024-03-12T21:28:37.239-0400] {dag.py:3047} INFO - Sync 1 DAGs
[2024-03-12T21:28:37.286-0400] {logging_mixin.py:188} INFO - [2024-03-12T21:28:37.286-0400] {dag.py:3834} INFO - Setting next_dagrun for example_branch_dop_operator_v3 to 2024-03-13 01:27:00+00:00, run_after=2024-03-13 01:28:00+00:00
[2024-03-12T21:28:37.332-0400] {processor.py:183} INFO - Processing /home/ironbong_jr/mlops/project/project/lib/python3.10/site-packages/airflow/example_dags/example_branch_python_dop_operator_3.py took 0.146 seconds
[2024-03-12T21:30:03.416-0400] {processor.py:161} INFO - Started process (PID=409251) to work on /home/ironbong_jr/mlops/project/project/lib/python3.10/site-packages/airflow/example_dags/example_branch_python_dop_operator_3.py
[2024-03-12T21:30:03.462-0400] {processor.py:830} INFO - Processing file /home/ironbong_jr/mlops/project/project/lib/python3.10/site-packages/airflow/example_dags/example_branch_python_dop_operator_3.py for tasks to queue
[2024-03-12T21:30:03.465-0400] {logging_mixin.py:188} INFO - [2024-03-12T21:30:03.464-0400] {dagbag.py:540} INFO - Filling up the DagBag from /home/ironbong_jr/mlops/project/project/lib/python3.10/site-packages/airflow/example_dags/example_branch_python_dop_operator_3.py
[2024-03-12T21:30:03.485-0400] {processor.py:840} INFO - DAG(s) 'example_branch_dop_operator_v3' retrieved from /home/ironbong_jr/mlops/project/project/lib/python3.10/site-packages/airflow/example_dags/example_branch_python_dop_operator_3.py
[2024-03-12T21:30:03.517-0400] {logging_mixin.py:188} INFO - [2024-03-12T21:30:03.517-0400] {dag.py:3047} INFO - Sync 1 DAGs
[2024-03-12T21:30:03.566-0400] {logging_mixin.py:188} INFO - [2024-03-12T21:30:03.565-0400] {dag.py:3834} INFO - Setting next_dagrun for example_branch_dop_operator_v3 to 2024-03-13 01:29:00+00:00, run_after=2024-03-13 01:30:00+00:00
[2024-03-12T21:30:03.675-0400] {processor.py:183} INFO - Processing /home/ironbong_jr/mlops/project/project/lib/python3.10/site-packages/airflow/example_dags/example_branch_python_dop_operator_3.py took 0.266 seconds
[2024-03-12T21:31:43.482-0400] {processor.py:161} INFO - Started process (PID=409750) to work on /home/ironbong_jr/mlops/project/project/lib/python3.10/site-packages/airflow/example_dags/example_branch_python_dop_operator_3.py
[2024-03-12T21:31:43.484-0400] {processor.py:830} INFO - Processing file /home/ironbong_jr/mlops/project/project/lib/python3.10/site-packages/airflow/example_dags/example_branch_python_dop_operator_3.py for tasks to queue
[2024-03-12T21:31:43.486-0400] {logging_mixin.py:188} INFO - [2024-03-12T21:31:43.486-0400] {dagbag.py:540} INFO - Filling up the DagBag from /home/ironbong_jr/mlops/project/project/lib/python3.10/site-packages/airflow/example_dags/example_branch_python_dop_operator_3.py
[2024-03-12T21:31:43.504-0400] {processor.py:840} INFO - DAG(s) 'example_branch_dop_operator_v3' retrieved from /home/ironbong_jr/mlops/project/project/lib/python3.10/site-packages/airflow/example_dags/example_branch_python_dop_operator_3.py
[2024-03-12T21:31:43.563-0400] {logging_mixin.py:188} INFO - [2024-03-12T21:31:43.562-0400] {dag.py:3047} INFO - Sync 1 DAGs
[2024-03-12T21:31:43.616-0400] {logging_mixin.py:188} INFO - [2024-03-12T21:31:43.616-0400] {dag.py:3834} INFO - Setting next_dagrun for example_branch_dop_operator_v3 to 2024-03-13 01:30:00+00:00, run_after=2024-03-13 01:31:00+00:00
[2024-03-12T21:31:43.739-0400] {processor.py:183} INFO - Processing /home/ironbong_jr/mlops/project/project/lib/python3.10/site-packages/airflow/example_dags/example_branch_python_dop_operator_3.py took 0.263 seconds
[2024-03-12T21:33:24.998-0400] {processor.py:161} INFO - Started process (PID=410309) to work on /home/ironbong_jr/mlops/project/project/lib/python3.10/site-packages/airflow/example_dags/example_branch_python_dop_operator_3.py
[2024-03-12T21:33:25.054-0400] {processor.py:830} INFO - Processing file /home/ironbong_jr/mlops/project/project/lib/python3.10/site-packages/airflow/example_dags/example_branch_python_dop_operator_3.py for tasks to queue
[2024-03-12T21:33:25.057-0400] {logging_mixin.py:188} INFO - [2024-03-12T21:33:25.056-0400] {dagbag.py:540} INFO - Filling up the DagBag from /home/ironbong_jr/mlops/project/project/lib/python3.10/site-packages/airflow/example_dags/example_branch_python_dop_operator_3.py
[2024-03-12T21:33:25.078-0400] {processor.py:840} INFO - DAG(s) 'example_branch_dop_operator_v3' retrieved from /home/ironbong_jr/mlops/project/project/lib/python3.10/site-packages/airflow/example_dags/example_branch_python_dop_operator_3.py
[2024-03-12T21:33:25.111-0400] {logging_mixin.py:188} INFO - [2024-03-12T21:33:25.110-0400] {dag.py:3047} INFO - Sync 1 DAGs
[2024-03-12T21:33:25.152-0400] {logging_mixin.py:188} INFO - [2024-03-12T21:33:25.151-0400] {dag.py:3834} INFO - Setting next_dagrun for example_branch_dop_operator_v3 to 2024-03-13 01:32:00+00:00, run_after=2024-03-13 01:33:00+00:00
[2024-03-12T21:33:25.309-0400] {processor.py:183} INFO - Processing /home/ironbong_jr/mlops/project/project/lib/python3.10/site-packages/airflow/example_dags/example_branch_python_dop_operator_3.py took 0.317 seconds
[2024-03-12T21:34:53.760-0400] {processor.py:161} INFO - Started process (PID=410714) to work on /home/ironbong_jr/mlops/project/project/lib/python3.10/site-packages/airflow/example_dags/example_branch_python_dop_operator_3.py
[2024-03-12T21:34:53.812-0400] {processor.py:830} INFO - Processing file /home/ironbong_jr/mlops/project/project/lib/python3.10/site-packages/airflow/example_dags/example_branch_python_dop_operator_3.py for tasks to queue
[2024-03-12T21:34:53.814-0400] {logging_mixin.py:188} INFO - [2024-03-12T21:34:53.813-0400] {dagbag.py:540} INFO - Filling up the DagBag from /home/ironbong_jr/mlops/project/project/lib/python3.10/site-packages/airflow/example_dags/example_branch_python_dop_operator_3.py
[2024-03-12T21:34:53.831-0400] {processor.py:840} INFO - DAG(s) 'example_branch_dop_operator_v3' retrieved from /home/ironbong_jr/mlops/project/project/lib/python3.10/site-packages/airflow/example_dags/example_branch_python_dop_operator_3.py
[2024-03-12T21:34:53.863-0400] {logging_mixin.py:188} INFO - [2024-03-12T21:34:53.862-0400] {dag.py:3047} INFO - Sync 1 DAGs
[2024-03-12T21:34:53.908-0400] {logging_mixin.py:188} INFO - [2024-03-12T21:34:53.907-0400] {dag.py:3834} INFO - Setting next_dagrun for example_branch_dop_operator_v3 to 2024-03-13 01:33:00+00:00, run_after=2024-03-13 01:34:00+00:00
[2024-03-12T21:34:54.015-0400] {processor.py:183} INFO - Processing /home/ironbong_jr/mlops/project/project/lib/python3.10/site-packages/airflow/example_dags/example_branch_python_dop_operator_3.py took 0.261 seconds
[2024-03-12T23:26:30.611-0400] {processor.py:161} INFO - Started process (PID=417763) to work on /home/ironbong_jr/mlops/project/project/lib/python3.10/site-packages/airflow/example_dags/example_branch_python_dop_operator_3.py
[2024-03-12T23:26:30.615-0400] {processor.py:830} INFO - Processing file /home/ironbong_jr/mlops/project/project/lib/python3.10/site-packages/airflow/example_dags/example_branch_python_dop_operator_3.py for tasks to queue
[2024-03-12T23:26:30.618-0400] {logging_mixin.py:188} INFO - [2024-03-12T23:26:30.617-0400] {dagbag.py:540} INFO - Filling up the DagBag from /home/ironbong_jr/mlops/project/project/lib/python3.10/site-packages/airflow/example_dags/example_branch_python_dop_operator_3.py
[2024-03-12T23:26:30.644-0400] {processor.py:840} INFO - DAG(s) 'example_branch_dop_operator_v3' retrieved from /home/ironbong_jr/mlops/project/project/lib/python3.10/site-packages/airflow/example_dags/example_branch_python_dop_operator_3.py
[2024-03-12T23:26:30.973-0400] {logging_mixin.py:188} INFO - [2024-03-12T23:26:30.972-0400] {dag.py:3047} INFO - Sync 1 DAGs
[2024-03-12T23:26:31.013-0400] {logging_mixin.py:188} INFO - [2024-03-12T23:26:31.012-0400] {dag.py:3834} INFO - Setting next_dagrun for example_branch_dop_operator_v3 to 2024-03-13 03:25:00+00:00, run_after=2024-03-13 03:26:00+00:00
[2024-03-12T23:26:31.123-0400] {processor.py:183} INFO - Processing /home/ironbong_jr/mlops/project/project/lib/python3.10/site-packages/airflow/example_dags/example_branch_python_dop_operator_3.py took 0.518 seconds
[2024-03-12T23:29:44.149-0400] {processor.py:161} INFO - Started process (PID=418539) to work on /home/ironbong_jr/mlops/project/project/lib/python3.10/site-packages/airflow/example_dags/example_branch_python_dop_operator_3.py
[2024-03-12T23:29:44.196-0400] {processor.py:830} INFO - Processing file /home/ironbong_jr/mlops/project/project/lib/python3.10/site-packages/airflow/example_dags/example_branch_python_dop_operator_3.py for tasks to queue
[2024-03-12T23:29:44.199-0400] {logging_mixin.py:188} INFO - [2024-03-12T23:29:44.198-0400] {dagbag.py:540} INFO - Filling up the DagBag from /home/ironbong_jr/mlops/project/project/lib/python3.10/site-packages/airflow/example_dags/example_branch_python_dop_operator_3.py
[2024-03-12T23:29:44.215-0400] {processor.py:840} INFO - DAG(s) 'example_branch_dop_operator_v3' retrieved from /home/ironbong_jr/mlops/project/project/lib/python3.10/site-packages/airflow/example_dags/example_branch_python_dop_operator_3.py
[2024-03-12T23:29:44.258-0400] {logging_mixin.py:188} INFO - [2024-03-12T23:29:44.257-0400] {dag.py:3047} INFO - Sync 1 DAGs
[2024-03-12T23:29:44.293-0400] {logging_mixin.py:188} INFO - [2024-03-12T23:29:44.293-0400] {dag.py:3834} INFO - Setting next_dagrun for example_branch_dop_operator_v3 to 2024-03-13 03:28:00+00:00, run_after=2024-03-13 03:29:00+00:00
[2024-03-12T23:29:44.417-0400] {processor.py:183} INFO - Processing /home/ironbong_jr/mlops/project/project/lib/python3.10/site-packages/airflow/example_dags/example_branch_python_dop_operator_3.py took 0.275 seconds
[2024-03-12T23:31:33.439-0400] {processor.py:161} INFO - Started process (PID=419010) to work on /home/ironbong_jr/mlops/project/project/lib/python3.10/site-packages/airflow/example_dags/example_branch_python_dop_operator_3.py
[2024-03-12T23:31:33.473-0400] {processor.py:830} INFO - Processing file /home/ironbong_jr/mlops/project/project/lib/python3.10/site-packages/airflow/example_dags/example_branch_python_dop_operator_3.py for tasks to queue
[2024-03-12T23:31:33.476-0400] {logging_mixin.py:188} INFO - [2024-03-12T23:31:33.475-0400] {dagbag.py:540} INFO - Filling up the DagBag from /home/ironbong_jr/mlops/project/project/lib/python3.10/site-packages/airflow/example_dags/example_branch_python_dop_operator_3.py
[2024-03-12T23:31:33.493-0400] {processor.py:840} INFO - DAG(s) 'example_branch_dop_operator_v3' retrieved from /home/ironbong_jr/mlops/project/project/lib/python3.10/site-packages/airflow/example_dags/example_branch_python_dop_operator_3.py
[2024-03-12T23:31:33.519-0400] {logging_mixin.py:188} INFO - [2024-03-12T23:31:33.519-0400] {dag.py:3047} INFO - Sync 1 DAGs
[2024-03-12T23:31:33.549-0400] {logging_mixin.py:188} INFO - [2024-03-12T23:31:33.549-0400] {dag.py:3834} INFO - Setting next_dagrun for example_branch_dop_operator_v3 to 2024-03-13 03:30:00+00:00, run_after=2024-03-13 03:31:00+00:00
[2024-03-12T23:31:33.590-0400] {processor.py:183} INFO - Processing /home/ironbong_jr/mlops/project/project/lib/python3.10/site-packages/airflow/example_dags/example_branch_python_dop_operator_3.py took 0.160 seconds
[2024-03-12T23:42:27.853-0400] {processor.py:161} INFO - Started process (PID=421620) to work on /home/ironbong_jr/mlops/project/project/lib/python3.10/site-packages/airflow/example_dags/example_branch_python_dop_operator_3.py
[2024-03-12T23:42:27.904-0400] {processor.py:830} INFO - Processing file /home/ironbong_jr/mlops/project/project/lib/python3.10/site-packages/airflow/example_dags/example_branch_python_dop_operator_3.py for tasks to queue
[2024-03-12T23:42:27.908-0400] {logging_mixin.py:188} INFO - [2024-03-12T23:42:27.906-0400] {dagbag.py:540} INFO - Filling up the DagBag from /home/ironbong_jr/mlops/project/project/lib/python3.10/site-packages/airflow/example_dags/example_branch_python_dop_operator_3.py
[2024-03-12T23:42:27.941-0400] {processor.py:840} INFO - DAG(s) 'example_branch_dop_operator_v3' retrieved from /home/ironbong_jr/mlops/project/project/lib/python3.10/site-packages/airflow/example_dags/example_branch_python_dop_operator_3.py
[2024-03-12T23:42:28.366-0400] {logging_mixin.py:188} INFO - [2024-03-12T23:42:28.366-0400] {dag.py:3047} INFO - Sync 1 DAGs
[2024-03-12T23:42:28.401-0400] {logging_mixin.py:188} INFO - [2024-03-12T23:42:28.400-0400] {dag.py:3834} INFO - Setting next_dagrun for example_branch_dop_operator_v3 to 2024-03-13 03:41:00+00:00, run_after=2024-03-13 03:42:00+00:00
[2024-03-12T23:42:28.445-0400] {processor.py:183} INFO - Processing /home/ironbong_jr/mlops/project/project/lib/python3.10/site-packages/airflow/example_dags/example_branch_python_dop_operator_3.py took 0.600 seconds
[2024-03-12T23:44:28.286-0400] {processor.py:161} INFO - Started process (PID=422122) to work on /home/ironbong_jr/mlops/project/project/lib/python3.10/site-packages/airflow/example_dags/example_branch_python_dop_operator_3.py
[2024-03-12T23:44:28.339-0400] {processor.py:830} INFO - Processing file /home/ironbong_jr/mlops/project/project/lib/python3.10/site-packages/airflow/example_dags/example_branch_python_dop_operator_3.py for tasks to queue
[2024-03-12T23:44:28.342-0400] {logging_mixin.py:188} INFO - [2024-03-12T23:44:28.340-0400] {dagbag.py:540} INFO - Filling up the DagBag from /home/ironbong_jr/mlops/project/project/lib/python3.10/site-packages/airflow/example_dags/example_branch_python_dop_operator_3.py
[2024-03-12T23:44:28.361-0400] {processor.py:840} INFO - DAG(s) 'example_branch_dop_operator_v3' retrieved from /home/ironbong_jr/mlops/project/project/lib/python3.10/site-packages/airflow/example_dags/example_branch_python_dop_operator_3.py
[2024-03-12T23:44:28.564-0400] {logging_mixin.py:188} INFO - [2024-03-12T23:44:28.563-0400] {dag.py:3047} INFO - Sync 1 DAGs
[2024-03-12T23:44:28.601-0400] {logging_mixin.py:188} INFO - [2024-03-12T23:44:28.601-0400] {dag.py:3834} INFO - Setting next_dagrun for example_branch_dop_operator_v3 to 2024-03-13 03:43:00+00:00, run_after=2024-03-13 03:44:00+00:00
[2024-03-12T23:44:28.766-0400] {processor.py:183} INFO - Processing /home/ironbong_jr/mlops/project/project/lib/python3.10/site-packages/airflow/example_dags/example_branch_python_dop_operator_3.py took 0.485 seconds
[2024-03-12T23:46:08.926-0400] {processor.py:161} INFO - Started process (PID=422708) to work on /home/ironbong_jr/mlops/project/project/lib/python3.10/site-packages/airflow/example_dags/example_branch_python_dop_operator_3.py
[2024-03-12T23:46:08.931-0400] {processor.py:830} INFO - Processing file /home/ironbong_jr/mlops/project/project/lib/python3.10/site-packages/airflow/example_dags/example_branch_python_dop_operator_3.py for tasks to queue
[2024-03-12T23:46:08.933-0400] {logging_mixin.py:188} INFO - [2024-03-12T23:46:08.932-0400] {dagbag.py:540} INFO - Filling up the DagBag from /home/ironbong_jr/mlops/project/project/lib/python3.10/site-packages/airflow/example_dags/example_branch_python_dop_operator_3.py
[2024-03-12T23:46:08.952-0400] {processor.py:840} INFO - DAG(s) 'example_branch_dop_operator_v3' retrieved from /home/ironbong_jr/mlops/project/project/lib/python3.10/site-packages/airflow/example_dags/example_branch_python_dop_operator_3.py
[2024-03-12T23:46:08.990-0400] {logging_mixin.py:188} INFO - [2024-03-12T23:46:08.988-0400] {dag.py:3047} INFO - Sync 1 DAGs
[2024-03-12T23:46:09.040-0400] {logging_mixin.py:188} INFO - [2024-03-12T23:46:09.040-0400] {dag.py:3834} INFO - Setting next_dagrun for example_branch_dop_operator_v3 to 2024-03-13 03:45:00+00:00, run_after=2024-03-13 03:46:00+00:00
[2024-03-12T23:46:09.168-0400] {processor.py:183} INFO - Processing /home/ironbong_jr/mlops/project/project/lib/python3.10/site-packages/airflow/example_dags/example_branch_python_dop_operator_3.py took 0.254 seconds
[2024-03-12T23:48:17.693-0400] {processor.py:161} INFO - Started process (PID=423316) to work on /home/ironbong_jr/mlops/project/project/lib/python3.10/site-packages/airflow/example_dags/example_branch_python_dop_operator_3.py
[2024-03-12T23:48:17.698-0400] {processor.py:830} INFO - Processing file /home/ironbong_jr/mlops/project/project/lib/python3.10/site-packages/airflow/example_dags/example_branch_python_dop_operator_3.py for tasks to queue
[2024-03-12T23:48:17.700-0400] {logging_mixin.py:188} INFO - [2024-03-12T23:48:17.699-0400] {dagbag.py:540} INFO - Filling up the DagBag from /home/ironbong_jr/mlops/project/project/lib/python3.10/site-packages/airflow/example_dags/example_branch_python_dop_operator_3.py
[2024-03-12T23:48:17.717-0400] {processor.py:840} INFO - DAG(s) 'example_branch_dop_operator_v3' retrieved from /home/ironbong_jr/mlops/project/project/lib/python3.10/site-packages/airflow/example_dags/example_branch_python_dop_operator_3.py
[2024-03-12T23:48:17.755-0400] {logging_mixin.py:188} INFO - [2024-03-12T23:48:17.753-0400] {dag.py:3047} INFO - Sync 1 DAGs
[2024-03-12T23:48:17.789-0400] {logging_mixin.py:188} INFO - [2024-03-12T23:48:17.788-0400] {dag.py:3834} INFO - Setting next_dagrun for example_branch_dop_operator_v3 to 2024-03-13 03:47:00+00:00, run_after=2024-03-13 03:48:00+00:00
[2024-03-12T23:48:17.883-0400] {processor.py:183} INFO - Processing /home/ironbong_jr/mlops/project/project/lib/python3.10/site-packages/airflow/example_dags/example_branch_python_dop_operator_3.py took 0.196 seconds
[2024-03-12T23:49:47.577-0400] {processor.py:161} INFO - Started process (PID=423721) to work on /home/ironbong_jr/mlops/project/project/lib/python3.10/site-packages/airflow/example_dags/example_branch_python_dop_operator_3.py
[2024-03-12T23:49:47.628-0400] {processor.py:830} INFO - Processing file /home/ironbong_jr/mlops/project/project/lib/python3.10/site-packages/airflow/example_dags/example_branch_python_dop_operator_3.py for tasks to queue
[2024-03-12T23:49:47.632-0400] {logging_mixin.py:188} INFO - [2024-03-12T23:49:47.631-0400] {dagbag.py:540} INFO - Filling up the DagBag from /home/ironbong_jr/mlops/project/project/lib/python3.10/site-packages/airflow/example_dags/example_branch_python_dop_operator_3.py
[2024-03-12T23:49:47.650-0400] {processor.py:840} INFO - DAG(s) 'example_branch_dop_operator_v3' retrieved from /home/ironbong_jr/mlops/project/project/lib/python3.10/site-packages/airflow/example_dags/example_branch_python_dop_operator_3.py
[2024-03-12T23:49:47.705-0400] {logging_mixin.py:188} INFO - [2024-03-12T23:49:47.704-0400] {dag.py:3047} INFO - Sync 1 DAGs
[2024-03-12T23:49:47.795-0400] {logging_mixin.py:188} INFO - [2024-03-12T23:49:47.795-0400] {dag.py:3834} INFO - Setting next_dagrun for example_branch_dop_operator_v3 to 2024-03-13 03:48:00+00:00, run_after=2024-03-13 03:49:00+00:00
[2024-03-12T23:49:47.923-0400] {processor.py:183} INFO - Processing /home/ironbong_jr/mlops/project/project/lib/python3.10/site-packages/airflow/example_dags/example_branch_python_dop_operator_3.py took 0.353 seconds
[2024-03-12T23:51:12.416-0400] {processor.py:161} INFO - Started process (PID=424168) to work on /home/ironbong_jr/mlops/project/project/lib/python3.10/site-packages/airflow/example_dags/example_branch_python_dop_operator_3.py
[2024-03-12T23:51:12.462-0400] {processor.py:830} INFO - Processing file /home/ironbong_jr/mlops/project/project/lib/python3.10/site-packages/airflow/example_dags/example_branch_python_dop_operator_3.py for tasks to queue
[2024-03-12T23:51:12.465-0400] {logging_mixin.py:188} INFO - [2024-03-12T23:51:12.464-0400] {dagbag.py:540} INFO - Filling up the DagBag from /home/ironbong_jr/mlops/project/project/lib/python3.10/site-packages/airflow/example_dags/example_branch_python_dop_operator_3.py
[2024-03-12T23:51:12.482-0400] {processor.py:840} INFO - DAG(s) 'example_branch_dop_operator_v3' retrieved from /home/ironbong_jr/mlops/project/project/lib/python3.10/site-packages/airflow/example_dags/example_branch_python_dop_operator_3.py
[2024-03-12T23:51:12.523-0400] {logging_mixin.py:188} INFO - [2024-03-12T23:51:12.523-0400] {dag.py:3047} INFO - Sync 1 DAGs
[2024-03-12T23:51:12.573-0400] {logging_mixin.py:188} INFO - [2024-03-12T23:51:12.573-0400] {dag.py:3834} INFO - Setting next_dagrun for example_branch_dop_operator_v3 to 2024-03-13 03:50:00+00:00, run_after=2024-03-13 03:51:00+00:00
[2024-03-12T23:51:12.656-0400] {processor.py:183} INFO - Processing /home/ironbong_jr/mlops/project/project/lib/python3.10/site-packages/airflow/example_dags/example_branch_python_dop_operator_3.py took 0.245 seconds
[2024-03-12T23:52:40.426-0400] {processor.py:161} INFO - Started process (PID=424641) to work on /home/ironbong_jr/mlops/project/project/lib/python3.10/site-packages/airflow/example_dags/example_branch_python_dop_operator_3.py
[2024-03-12T23:52:40.476-0400] {processor.py:830} INFO - Processing file /home/ironbong_jr/mlops/project/project/lib/python3.10/site-packages/airflow/example_dags/example_branch_python_dop_operator_3.py for tasks to queue
[2024-03-12T23:52:40.480-0400] {logging_mixin.py:188} INFO - [2024-03-12T23:52:40.479-0400] {dagbag.py:540} INFO - Filling up the DagBag from /home/ironbong_jr/mlops/project/project/lib/python3.10/site-packages/airflow/example_dags/example_branch_python_dop_operator_3.py
[2024-03-12T23:52:40.530-0400] {processor.py:840} INFO - DAG(s) 'example_branch_dop_operator_v3' retrieved from /home/ironbong_jr/mlops/project/project/lib/python3.10/site-packages/airflow/example_dags/example_branch_python_dop_operator_3.py
[2024-03-12T23:52:40.586-0400] {logging_mixin.py:188} INFO - [2024-03-12T23:52:40.575-0400] {dag.py:3047} INFO - Sync 1 DAGs
[2024-03-12T23:52:40.678-0400] {logging_mixin.py:188} INFO - [2024-03-12T23:52:40.677-0400] {dag.py:3834} INFO - Setting next_dagrun for example_branch_dop_operator_v3 to 2024-03-13 03:51:00+00:00, run_after=2024-03-13 03:52:00+00:00
[2024-03-12T23:52:40.766-0400] {processor.py:183} INFO - Processing /home/ironbong_jr/mlops/project/project/lib/python3.10/site-packages/airflow/example_dags/example_branch_python_dop_operator_3.py took 0.354 seconds
[2024-03-12T23:54:15.317-0400] {processor.py:161} INFO - Started process (PID=425147) to work on /home/ironbong_jr/mlops/project/project/lib/python3.10/site-packages/airflow/example_dags/example_branch_python_dop_operator_3.py
[2024-03-12T23:54:15.368-0400] {processor.py:830} INFO - Processing file /home/ironbong_jr/mlops/project/project/lib/python3.10/site-packages/airflow/example_dags/example_branch_python_dop_operator_3.py for tasks to queue
[2024-03-12T23:54:15.370-0400] {logging_mixin.py:188} INFO - [2024-03-12T23:54:15.369-0400] {dagbag.py:540} INFO - Filling up the DagBag from /home/ironbong_jr/mlops/project/project/lib/python3.10/site-packages/airflow/example_dags/example_branch_python_dop_operator_3.py
[2024-03-12T23:54:15.390-0400] {processor.py:840} INFO - DAG(s) 'example_branch_dop_operator_v3' retrieved from /home/ironbong_jr/mlops/project/project/lib/python3.10/site-packages/airflow/example_dags/example_branch_python_dop_operator_3.py
[2024-03-12T23:54:15.422-0400] {logging_mixin.py:188} INFO - [2024-03-12T23:54:15.421-0400] {dag.py:3047} INFO - Sync 1 DAGs
[2024-03-12T23:54:15.488-0400] {logging_mixin.py:188} INFO - [2024-03-12T23:54:15.488-0400] {dag.py:3834} INFO - Setting next_dagrun for example_branch_dop_operator_v3 to 2024-03-13 03:53:00+00:00, run_after=2024-03-13 03:54:00+00:00
[2024-03-12T23:54:15.544-0400] {processor.py:183} INFO - Processing /home/ironbong_jr/mlops/project/project/lib/python3.10/site-packages/airflow/example_dags/example_branch_python_dop_operator_3.py took 0.232 seconds
[2024-03-12T23:55:53.101-0400] {processor.py:161} INFO - Started process (PID=425573) to work on /home/ironbong_jr/mlops/project/project/lib/python3.10/site-packages/airflow/example_dags/example_branch_python_dop_operator_3.py
[2024-03-12T23:55:53.151-0400] {processor.py:830} INFO - Processing file /home/ironbong_jr/mlops/project/project/lib/python3.10/site-packages/airflow/example_dags/example_branch_python_dop_operator_3.py for tasks to queue
[2024-03-12T23:55:53.153-0400] {logging_mixin.py:188} INFO - [2024-03-12T23:55:53.152-0400] {dagbag.py:540} INFO - Filling up the DagBag from /home/ironbong_jr/mlops/project/project/lib/python3.10/site-packages/airflow/example_dags/example_branch_python_dop_operator_3.py
[2024-03-12T23:55:53.173-0400] {processor.py:840} INFO - DAG(s) 'example_branch_dop_operator_v3' retrieved from /home/ironbong_jr/mlops/project/project/lib/python3.10/site-packages/airflow/example_dags/example_branch_python_dop_operator_3.py
[2024-03-12T23:55:53.201-0400] {logging_mixin.py:188} INFO - [2024-03-12T23:55:53.201-0400] {dag.py:3047} INFO - Sync 1 DAGs
[2024-03-12T23:55:53.236-0400] {logging_mixin.py:188} INFO - [2024-03-12T23:55:53.235-0400] {dag.py:3834} INFO - Setting next_dagrun for example_branch_dop_operator_v3 to 2024-03-13 03:54:00+00:00, run_after=2024-03-13 03:55:00+00:00
[2024-03-12T23:55:53.283-0400] {processor.py:183} INFO - Processing /home/ironbong_jr/mlops/project/project/lib/python3.10/site-packages/airflow/example_dags/example_branch_python_dop_operator_3.py took 0.188 seconds
[2024-03-13T00:30:17.373-0400] {processor.py:161} INFO - Started process (PID=432875) to work on /home/ironbong_jr/mlops/project/project/lib/python3.10/site-packages/airflow/example_dags/example_branch_python_dop_operator_3.py
[2024-03-13T00:30:17.424-0400] {processor.py:830} INFO - Processing file /home/ironbong_jr/mlops/project/project/lib/python3.10/site-packages/airflow/example_dags/example_branch_python_dop_operator_3.py for tasks to queue
[2024-03-13T00:30:17.427-0400] {logging_mixin.py:188} INFO - [2024-03-13T00:30:17.426-0400] {dagbag.py:540} INFO - Filling up the DagBag from /home/ironbong_jr/mlops/project/project/lib/python3.10/site-packages/airflow/example_dags/example_branch_python_dop_operator_3.py
[2024-03-13T00:30:17.498-0400] {processor.py:840} INFO - DAG(s) 'example_branch_dop_operator_v3' retrieved from /home/ironbong_jr/mlops/project/project/lib/python3.10/site-packages/airflow/example_dags/example_branch_python_dop_operator_3.py
[2024-03-13T00:30:17.826-0400] {logging_mixin.py:188} INFO - [2024-03-13T00:30:17.825-0400] {dag.py:3047} INFO - Sync 1 DAGs
[2024-03-13T00:30:17.852-0400] {logging_mixin.py:188} INFO - [2024-03-13T00:30:17.852-0400] {dag.py:3834} INFO - Setting next_dagrun for example_branch_dop_operator_v3 to 2024-03-13 04:29:00+00:00, run_after=2024-03-13 04:30:00+00:00
[2024-03-13T00:30:17.954-0400] {processor.py:183} INFO - Processing /home/ironbong_jr/mlops/project/project/lib/python3.10/site-packages/airflow/example_dags/example_branch_python_dop_operator_3.py took 0.590 seconds
[2024-03-13T00:32:07.175-0400] {processor.py:161} INFO - Started process (PID=433383) to work on /home/ironbong_jr/mlops/project/project/lib/python3.10/site-packages/airflow/example_dags/example_branch_python_dop_operator_3.py
[2024-03-13T00:32:07.227-0400] {processor.py:830} INFO - Processing file /home/ironbong_jr/mlops/project/project/lib/python3.10/site-packages/airflow/example_dags/example_branch_python_dop_operator_3.py for tasks to queue
[2024-03-13T00:32:07.230-0400] {logging_mixin.py:188} INFO - [2024-03-13T00:32:07.229-0400] {dagbag.py:540} INFO - Filling up the DagBag from /home/ironbong_jr/mlops/project/project/lib/python3.10/site-packages/airflow/example_dags/example_branch_python_dop_operator_3.py
[2024-03-13T00:32:07.260-0400] {processor.py:840} INFO - DAG(s) 'example_branch_dop_operator_v3' retrieved from /home/ironbong_jr/mlops/project/project/lib/python3.10/site-packages/airflow/example_dags/example_branch_python_dop_operator_3.py
[2024-03-13T00:32:07.320-0400] {logging_mixin.py:188} INFO - [2024-03-13T00:32:07.319-0400] {dag.py:3047} INFO - Sync 1 DAGs
[2024-03-13T00:32:07.591-0400] {logging_mixin.py:188} INFO - [2024-03-13T00:32:07.590-0400] {dag.py:3834} INFO - Setting next_dagrun for example_branch_dop_operator_v3 to 2024-03-13 04:31:00+00:00, run_after=2024-03-13 04:32:00+00:00
[2024-03-13T00:32:07.700-0400] {processor.py:183} INFO - Processing /home/ironbong_jr/mlops/project/project/lib/python3.10/site-packages/airflow/example_dags/example_branch_python_dop_operator_3.py took 0.537 seconds
[2024-03-13T00:36:01.439-0400] {processor.py:161} INFO - Started process (PID=434347) to work on /home/ironbong_jr/mlops/project/project/lib/python3.10/site-packages/airflow/example_dags/example_branch_python_dop_operator_3.py
[2024-03-13T00:36:01.493-0400] {processor.py:830} INFO - Processing file /home/ironbong_jr/mlops/project/project/lib/python3.10/site-packages/airflow/example_dags/example_branch_python_dop_operator_3.py for tasks to queue
[2024-03-13T00:36:01.496-0400] {logging_mixin.py:188} INFO - [2024-03-13T00:36:01.495-0400] {dagbag.py:540} INFO - Filling up the DagBag from /home/ironbong_jr/mlops/project/project/lib/python3.10/site-packages/airflow/example_dags/example_branch_python_dop_operator_3.py
[2024-03-13T00:36:01.509-0400] {processor.py:840} INFO - DAG(s) 'example_branch_dop_operator_v3' retrieved from /home/ironbong_jr/mlops/project/project/lib/python3.10/site-packages/airflow/example_dags/example_branch_python_dop_operator_3.py
[2024-03-13T00:36:01.545-0400] {logging_mixin.py:188} INFO - [2024-03-13T00:36:01.544-0400] {dag.py:3047} INFO - Sync 1 DAGs
[2024-03-13T00:36:01.593-0400] {logging_mixin.py:188} INFO - [2024-03-13T00:36:01.592-0400] {dag.py:3834} INFO - Setting next_dagrun for example_branch_dop_operator_v3 to 2024-03-13 04:35:00+00:00, run_after=2024-03-13 04:36:00+00:00
[2024-03-13T00:36:01.742-0400] {processor.py:183} INFO - Processing /home/ironbong_jr/mlops/project/project/lib/python3.10/site-packages/airflow/example_dags/example_branch_python_dop_operator_3.py took 0.308 seconds
[2024-03-13T00:38:13.666-0400] {processor.py:161} INFO - Started process (PID=435005) to work on /home/ironbong_jr/mlops/project/project/lib/python3.10/site-packages/airflow/example_dags/example_branch_python_dop_operator_3.py
[2024-03-13T00:38:13.669-0400] {processor.py:830} INFO - Processing file /home/ironbong_jr/mlops/project/project/lib/python3.10/site-packages/airflow/example_dags/example_branch_python_dop_operator_3.py for tasks to queue
[2024-03-13T00:38:13.670-0400] {logging_mixin.py:188} INFO - [2024-03-13T00:38:13.670-0400] {dagbag.py:540} INFO - Filling up the DagBag from /home/ironbong_jr/mlops/project/project/lib/python3.10/site-packages/airflow/example_dags/example_branch_python_dop_operator_3.py
[2024-03-13T00:38:13.683-0400] {processor.py:840} INFO - DAG(s) 'example_branch_dop_operator_v3' retrieved from /home/ironbong_jr/mlops/project/project/lib/python3.10/site-packages/airflow/example_dags/example_branch_python_dop_operator_3.py
[2024-03-13T00:38:13.721-0400] {logging_mixin.py:188} INFO - [2024-03-13T00:38:13.720-0400] {dag.py:3047} INFO - Sync 1 DAGs
[2024-03-13T00:38:13.766-0400] {logging_mixin.py:188} INFO - [2024-03-13T00:38:13.765-0400] {dag.py:3834} INFO - Setting next_dagrun for example_branch_dop_operator_v3 to 2024-03-13 04:37:00+00:00, run_after=2024-03-13 04:38:00+00:00
[2024-03-13T00:38:13.822-0400] {processor.py:183} INFO - Processing /home/ironbong_jr/mlops/project/project/lib/python3.10/site-packages/airflow/example_dags/example_branch_python_dop_operator_3.py took 0.161 seconds
[2024-03-13T00:39:50.148-0400] {processor.py:161} INFO - Started process (PID=435426) to work on /home/ironbong_jr/mlops/project/project/lib/python3.10/site-packages/airflow/example_dags/example_branch_python_dop_operator_3.py
[2024-03-13T00:39:50.198-0400] {processor.py:830} INFO - Processing file /home/ironbong_jr/mlops/project/project/lib/python3.10/site-packages/airflow/example_dags/example_branch_python_dop_operator_3.py for tasks to queue
[2024-03-13T00:39:50.201-0400] {logging_mixin.py:188} INFO - [2024-03-13T00:39:50.200-0400] {dagbag.py:540} INFO - Filling up the DagBag from /home/ironbong_jr/mlops/project/project/lib/python3.10/site-packages/airflow/example_dags/example_branch_python_dop_operator_3.py
[2024-03-13T00:39:50.226-0400] {processor.py:840} INFO - DAG(s) 'example_branch_dop_operator_v3' retrieved from /home/ironbong_jr/mlops/project/project/lib/python3.10/site-packages/airflow/example_dags/example_branch_python_dop_operator_3.py
[2024-03-13T00:39:50.268-0400] {logging_mixin.py:188} INFO - [2024-03-13T00:39:50.268-0400] {dag.py:3047} INFO - Sync 1 DAGs
[2024-03-13T00:39:50.367-0400] {logging_mixin.py:188} INFO - [2024-03-13T00:39:50.366-0400] {dag.py:3834} INFO - Setting next_dagrun for example_branch_dop_operator_v3 to 2024-03-13 04:38:00+00:00, run_after=2024-03-13 04:39:00+00:00
[2024-03-13T00:39:50.432-0400] {processor.py:183} INFO - Processing /home/ironbong_jr/mlops/project/project/lib/python3.10/site-packages/airflow/example_dags/example_branch_python_dop_operator_3.py took 0.290 seconds
[2024-03-13T00:41:14.583-0400] {processor.py:161} INFO - Started process (PID=435814) to work on /home/ironbong_jr/mlops/project/project/lib/python3.10/site-packages/airflow/example_dags/example_branch_python_dop_operator_3.py
[2024-03-13T00:41:14.586-0400] {processor.py:830} INFO - Processing file /home/ironbong_jr/mlops/project/project/lib/python3.10/site-packages/airflow/example_dags/example_branch_python_dop_operator_3.py for tasks to queue
[2024-03-13T00:41:14.589-0400] {logging_mixin.py:188} INFO - [2024-03-13T00:41:14.588-0400] {dagbag.py:540} INFO - Filling up the DagBag from /home/ironbong_jr/mlops/project/project/lib/python3.10/site-packages/airflow/example_dags/example_branch_python_dop_operator_3.py
[2024-03-13T00:41:14.603-0400] {processor.py:840} INFO - DAG(s) 'example_branch_dop_operator_v3' retrieved from /home/ironbong_jr/mlops/project/project/lib/python3.10/site-packages/airflow/example_dags/example_branch_python_dop_operator_3.py
[2024-03-13T00:41:14.625-0400] {logging_mixin.py:188} INFO - [2024-03-13T00:41:14.624-0400] {dag.py:3047} INFO - Sync 1 DAGs
[2024-03-13T00:41:14.663-0400] {logging_mixin.py:188} INFO - [2024-03-13T00:41:14.662-0400] {dag.py:3834} INFO - Setting next_dagrun for example_branch_dop_operator_v3 to 2024-03-13 04:40:00+00:00, run_after=2024-03-13 04:41:00+00:00
[2024-03-13T00:41:14.715-0400] {processor.py:183} INFO - Processing /home/ironbong_jr/mlops/project/project/lib/python3.10/site-packages/airflow/example_dags/example_branch_python_dop_operator_3.py took 0.138 seconds
[2024-03-13T00:44:18.751-0400] {processor.py:161} INFO - Started process (PID=436652) to work on /home/ironbong_jr/mlops/project/project/lib/python3.10/site-packages/airflow/example_dags/example_branch_python_dop_operator_3.py
[2024-03-13T00:44:18.800-0400] {processor.py:830} INFO - Processing file /home/ironbong_jr/mlops/project/project/lib/python3.10/site-packages/airflow/example_dags/example_branch_python_dop_operator_3.py for tasks to queue
[2024-03-13T00:44:18.803-0400] {logging_mixin.py:188} INFO - [2024-03-13T00:44:18.802-0400] {dagbag.py:540} INFO - Filling up the DagBag from /home/ironbong_jr/mlops/project/project/lib/python3.10/site-packages/airflow/example_dags/example_branch_python_dop_operator_3.py
[2024-03-13T00:44:18.818-0400] {processor.py:840} INFO - DAG(s) 'example_branch_dop_operator_v3' retrieved from /home/ironbong_jr/mlops/project/project/lib/python3.10/site-packages/airflow/example_dags/example_branch_python_dop_operator_3.py
[2024-03-13T00:44:18.844-0400] {logging_mixin.py:188} INFO - [2024-03-13T00:44:18.843-0400] {dag.py:3047} INFO - Sync 1 DAGs
[2024-03-13T00:44:18.871-0400] {logging_mixin.py:188} INFO - [2024-03-13T00:44:18.871-0400] {dag.py:3834} INFO - Setting next_dagrun for example_branch_dop_operator_v3 to 2024-03-13 04:43:00+00:00, run_after=2024-03-13 04:44:00+00:00
[2024-03-13T00:44:18.907-0400] {processor.py:183} INFO - Processing /home/ironbong_jr/mlops/project/project/lib/python3.10/site-packages/airflow/example_dags/example_branch_python_dop_operator_3.py took 0.161 seconds
[2024-03-13T00:45:42.114-0400] {processor.py:161} INFO - Started process (PID=437009) to work on /home/ironbong_jr/mlops/project/project/lib/python3.10/site-packages/airflow/example_dags/example_branch_python_dop_operator_3.py
[2024-03-13T00:45:42.166-0400] {processor.py:830} INFO - Processing file /home/ironbong_jr/mlops/project/project/lib/python3.10/site-packages/airflow/example_dags/example_branch_python_dop_operator_3.py for tasks to queue
[2024-03-13T00:45:42.169-0400] {logging_mixin.py:188} INFO - [2024-03-13T00:45:42.168-0400] {dagbag.py:540} INFO - Filling up the DagBag from /home/ironbong_jr/mlops/project/project/lib/python3.10/site-packages/airflow/example_dags/example_branch_python_dop_operator_3.py
[2024-03-13T00:45:42.183-0400] {processor.py:840} INFO - DAG(s) 'example_branch_dop_operator_v3' retrieved from /home/ironbong_jr/mlops/project/project/lib/python3.10/site-packages/airflow/example_dags/example_branch_python_dop_operator_3.py
[2024-03-13T00:45:42.207-0400] {logging_mixin.py:188} INFO - [2024-03-13T00:45:42.207-0400] {dag.py:3047} INFO - Sync 1 DAGs
[2024-03-13T00:45:42.236-0400] {logging_mixin.py:188} INFO - [2024-03-13T00:45:42.235-0400] {dag.py:3834} INFO - Setting next_dagrun for example_branch_dop_operator_v3 to 2024-03-13 04:44:00+00:00, run_after=2024-03-13 04:45:00+00:00
[2024-03-13T00:45:42.270-0400] {processor.py:183} INFO - Processing /home/ironbong_jr/mlops/project/project/lib/python3.10/site-packages/airflow/example_dags/example_branch_python_dop_operator_3.py took 0.161 seconds
[2024-03-13T15:49:25.399-0400] {processor.py:161} INFO - Started process (PID=453789) to work on /home/ironbong_jr/mlops/project/project/lib/python3.10/site-packages/airflow/example_dags/example_branch_python_dop_operator_3.py
[2024-03-13T15:49:25.402-0400] {processor.py:830} INFO - Processing file /home/ironbong_jr/mlops/project/project/lib/python3.10/site-packages/airflow/example_dags/example_branch_python_dop_operator_3.py for tasks to queue
[2024-03-13T15:49:25.403-0400] {logging_mixin.py:188} INFO - [2024-03-13T15:49:25.402-0400] {dagbag.py:540} INFO - Filling up the DagBag from /home/ironbong_jr/mlops/project/project/lib/python3.10/site-packages/airflow/example_dags/example_branch_python_dop_operator_3.py
[2024-03-13T15:49:25.410-0400] {processor.py:840} INFO - DAG(s) 'example_branch_dop_operator_v3' retrieved from /home/ironbong_jr/mlops/project/project/lib/python3.10/site-packages/airflow/example_dags/example_branch_python_dop_operator_3.py
[2024-03-13T15:49:25.516-0400] {logging_mixin.py:188} INFO - [2024-03-13T15:49:25.515-0400] {dag.py:3047} INFO - Sync 1 DAGs
[2024-03-13T15:49:25.526-0400] {logging_mixin.py:188} INFO - [2024-03-13T15:49:25.526-0400] {dag.py:3834} INFO - Setting next_dagrun for example_branch_dop_operator_v3 to 2024-03-13 19:48:00+00:00, run_after=2024-03-13 19:49:00+00:00
[2024-03-13T15:49:25.546-0400] {processor.py:183} INFO - Processing /home/ironbong_jr/mlops/project/project/lib/python3.10/site-packages/airflow/example_dags/example_branch_python_dop_operator_3.py took 0.149 seconds
[2024-03-13T15:51:34.238-0400] {processor.py:161} INFO - Started process (PID=454513) to work on /home/ironbong_jr/mlops/project/project/lib/python3.10/site-packages/airflow/example_dags/example_branch_python_dop_operator_3.py
[2024-03-13T15:51:34.241-0400] {processor.py:830} INFO - Processing file /home/ironbong_jr/mlops/project/project/lib/python3.10/site-packages/airflow/example_dags/example_branch_python_dop_operator_3.py for tasks to queue
[2024-03-13T15:51:34.242-0400] {logging_mixin.py:188} INFO - [2024-03-13T15:51:34.242-0400] {dagbag.py:540} INFO - Filling up the DagBag from /home/ironbong_jr/mlops/project/project/lib/python3.10/site-packages/airflow/example_dags/example_branch_python_dop_operator_3.py
[2024-03-13T15:51:34.249-0400] {processor.py:840} INFO - DAG(s) 'example_branch_dop_operator_v3' retrieved from /home/ironbong_jr/mlops/project/project/lib/python3.10/site-packages/airflow/example_dags/example_branch_python_dop_operator_3.py
[2024-03-13T15:51:34.262-0400] {logging_mixin.py:188} INFO - [2024-03-13T15:51:34.261-0400] {dag.py:3047} INFO - Sync 1 DAGs
[2024-03-13T15:51:34.283-0400] {logging_mixin.py:188} INFO - [2024-03-13T15:51:34.283-0400] {dag.py:3834} INFO - Setting next_dagrun for example_branch_dop_operator_v3 to 2024-03-13 19:50:00+00:00, run_after=2024-03-13 19:51:00+00:00
[2024-03-13T15:51:34.306-0400] {processor.py:183} INFO - Processing /home/ironbong_jr/mlops/project/project/lib/python3.10/site-packages/airflow/example_dags/example_branch_python_dop_operator_3.py took 0.070 seconds
[2024-03-13T15:52:30.377-0400] {processor.py:161} INFO - Started process (PID=454809) to work on /home/ironbong_jr/mlops/project/project/lib/python3.10/site-packages/airflow/example_dags/example_branch_python_dop_operator_3.py
[2024-03-13T15:52:30.378-0400] {processor.py:830} INFO - Processing file /home/ironbong_jr/mlops/project/project/lib/python3.10/site-packages/airflow/example_dags/example_branch_python_dop_operator_3.py for tasks to queue
[2024-03-13T15:52:30.379-0400] {logging_mixin.py:188} INFO - [2024-03-13T15:52:30.379-0400] {dagbag.py:540} INFO - Filling up the DagBag from /home/ironbong_jr/mlops/project/project/lib/python3.10/site-packages/airflow/example_dags/example_branch_python_dop_operator_3.py
[2024-03-13T15:52:30.387-0400] {processor.py:840} INFO - DAG(s) 'example_branch_dop_operator_v3' retrieved from /home/ironbong_jr/mlops/project/project/lib/python3.10/site-packages/airflow/example_dags/example_branch_python_dop_operator_3.py
[2024-03-13T15:52:30.398-0400] {logging_mixin.py:188} INFO - [2024-03-13T15:52:30.398-0400] {dag.py:3047} INFO - Sync 1 DAGs
[2024-03-13T15:52:30.412-0400] {logging_mixin.py:188} INFO - [2024-03-13T15:52:30.412-0400] {dag.py:3834} INFO - Setting next_dagrun for example_branch_dop_operator_v3 to 2024-03-13 19:51:00+00:00, run_after=2024-03-13 19:52:00+00:00
[2024-03-13T15:52:30.432-0400] {processor.py:183} INFO - Processing /home/ironbong_jr/mlops/project/project/lib/python3.10/site-packages/airflow/example_dags/example_branch_python_dop_operator_3.py took 0.058 seconds
[2024-03-13T15:53:23.093-0400] {processor.py:161} INFO - Started process (PID=455092) to work on /home/ironbong_jr/mlops/project/project/lib/python3.10/site-packages/airflow/example_dags/example_branch_python_dop_operator_3.py
[2024-03-13T15:53:23.096-0400] {processor.py:830} INFO - Processing file /home/ironbong_jr/mlops/project/project/lib/python3.10/site-packages/airflow/example_dags/example_branch_python_dop_operator_3.py for tasks to queue
[2024-03-13T15:53:23.097-0400] {logging_mixin.py:188} INFO - [2024-03-13T15:53:23.097-0400] {dagbag.py:540} INFO - Filling up the DagBag from /home/ironbong_jr/mlops/project/project/lib/python3.10/site-packages/airflow/example_dags/example_branch_python_dop_operator_3.py
[2024-03-13T15:53:23.103-0400] {processor.py:840} INFO - DAG(s) 'example_branch_dop_operator_v3' retrieved from /home/ironbong_jr/mlops/project/project/lib/python3.10/site-packages/airflow/example_dags/example_branch_python_dop_operator_3.py
[2024-03-13T15:53:23.112-0400] {logging_mixin.py:188} INFO - [2024-03-13T15:53:23.112-0400] {dag.py:3047} INFO - Sync 1 DAGs
[2024-03-13T15:53:23.125-0400] {logging_mixin.py:188} INFO - [2024-03-13T15:53:23.125-0400] {dag.py:3834} INFO - Setting next_dagrun for example_branch_dop_operator_v3 to 2024-03-13 19:52:00+00:00, run_after=2024-03-13 19:53:00+00:00
[2024-03-13T15:53:23.146-0400] {processor.py:183} INFO - Processing /home/ironbong_jr/mlops/project/project/lib/python3.10/site-packages/airflow/example_dags/example_branch_python_dop_operator_3.py took 0.055 seconds
[2024-03-13T15:54:16.939-0400] {processor.py:161} INFO - Started process (PID=455344) to work on /home/ironbong_jr/mlops/project/project/lib/python3.10/site-packages/airflow/example_dags/example_branch_python_dop_operator_3.py
[2024-03-13T15:54:16.941-0400] {processor.py:830} INFO - Processing file /home/ironbong_jr/mlops/project/project/lib/python3.10/site-packages/airflow/example_dags/example_branch_python_dop_operator_3.py for tasks to queue
[2024-03-13T15:54:16.942-0400] {logging_mixin.py:188} INFO - [2024-03-13T15:54:16.941-0400] {dagbag.py:540} INFO - Filling up the DagBag from /home/ironbong_jr/mlops/project/project/lib/python3.10/site-packages/airflow/example_dags/example_branch_python_dop_operator_3.py
[2024-03-13T15:54:16.948-0400] {processor.py:840} INFO - DAG(s) 'example_branch_dop_operator_v3' retrieved from /home/ironbong_jr/mlops/project/project/lib/python3.10/site-packages/airflow/example_dags/example_branch_python_dop_operator_3.py
[2024-03-13T15:54:16.963-0400] {logging_mixin.py:188} INFO - [2024-03-13T15:54:16.963-0400] {dag.py:3047} INFO - Sync 1 DAGs
[2024-03-13T15:54:16.981-0400] {logging_mixin.py:188} INFO - [2024-03-13T15:54:16.981-0400] {dag.py:3834} INFO - Setting next_dagrun for example_branch_dop_operator_v3 to 2024-03-13 19:53:00+00:00, run_after=2024-03-13 19:54:00+00:00
[2024-03-13T15:54:17.004-0400] {processor.py:183} INFO - Processing /home/ironbong_jr/mlops/project/project/lib/python3.10/site-packages/airflow/example_dags/example_branch_python_dop_operator_3.py took 0.067 seconds
[2024-03-13T15:55:09.393-0400] {processor.py:161} INFO - Started process (PID=455615) to work on /home/ironbong_jr/mlops/project/project/lib/python3.10/site-packages/airflow/example_dags/example_branch_python_dop_operator_3.py
[2024-03-13T15:55:09.397-0400] {processor.py:830} INFO - Processing file /home/ironbong_jr/mlops/project/project/lib/python3.10/site-packages/airflow/example_dags/example_branch_python_dop_operator_3.py for tasks to queue
[2024-03-13T15:55:09.398-0400] {logging_mixin.py:188} INFO - [2024-03-13T15:55:09.397-0400] {dagbag.py:540} INFO - Filling up the DagBag from /home/ironbong_jr/mlops/project/project/lib/python3.10/site-packages/airflow/example_dags/example_branch_python_dop_operator_3.py
[2024-03-13T15:55:09.405-0400] {processor.py:840} INFO - DAG(s) 'example_branch_dop_operator_v3' retrieved from /home/ironbong_jr/mlops/project/project/lib/python3.10/site-packages/airflow/example_dags/example_branch_python_dop_operator_3.py
[2024-03-13T15:55:09.416-0400] {logging_mixin.py:188} INFO - [2024-03-13T15:55:09.415-0400] {dag.py:3047} INFO - Sync 1 DAGs
[2024-03-13T15:55:09.430-0400] {logging_mixin.py:188} INFO - [2024-03-13T15:55:09.430-0400] {dag.py:3834} INFO - Setting next_dagrun for example_branch_dop_operator_v3 to 2024-03-13 19:54:00+00:00, run_after=2024-03-13 19:55:00+00:00
[2024-03-13T15:55:09.456-0400] {processor.py:183} INFO - Processing /home/ironbong_jr/mlops/project/project/lib/python3.10/site-packages/airflow/example_dags/example_branch_python_dop_operator_3.py took 0.065 seconds
[2024-03-13T15:56:21.971-0400] {processor.py:161} INFO - Started process (PID=456011) to work on /home/ironbong_jr/mlops/project/project/lib/python3.10/site-packages/airflow/example_dags/example_branch_python_dop_operator_3.py
[2024-03-13T15:56:21.973-0400] {processor.py:830} INFO - Processing file /home/ironbong_jr/mlops/project/project/lib/python3.10/site-packages/airflow/example_dags/example_branch_python_dop_operator_3.py for tasks to queue
[2024-03-13T15:56:21.973-0400] {logging_mixin.py:188} INFO - [2024-03-13T15:56:21.973-0400] {dagbag.py:540} INFO - Filling up the DagBag from /home/ironbong_jr/mlops/project/project/lib/python3.10/site-packages/airflow/example_dags/example_branch_python_dop_operator_3.py
[2024-03-13T15:56:21.979-0400] {processor.py:840} INFO - DAG(s) 'example_branch_dop_operator_v3' retrieved from /home/ironbong_jr/mlops/project/project/lib/python3.10/site-packages/airflow/example_dags/example_branch_python_dop_operator_3.py
[2024-03-13T15:56:21.988-0400] {logging_mixin.py:188} INFO - [2024-03-13T15:56:21.988-0400] {dag.py:3047} INFO - Sync 1 DAGs
[2024-03-13T15:56:22.001-0400] {logging_mixin.py:188} INFO - [2024-03-13T15:56:22.001-0400] {dag.py:3834} INFO - Setting next_dagrun for example_branch_dop_operator_v3 to 2024-03-13 19:55:00+00:00, run_after=2024-03-13 19:56:00+00:00
[2024-03-13T15:56:22.021-0400] {processor.py:183} INFO - Processing /home/ironbong_jr/mlops/project/project/lib/python3.10/site-packages/airflow/example_dags/example_branch_python_dop_operator_3.py took 0.052 seconds
[2024-03-13T15:57:12.812-0400] {processor.py:161} INFO - Started process (PID=456269) to work on /home/ironbong_jr/mlops/project/project/lib/python3.10/site-packages/airflow/example_dags/example_branch_python_dop_operator_3.py
[2024-03-13T15:57:12.814-0400] {processor.py:830} INFO - Processing file /home/ironbong_jr/mlops/project/project/lib/python3.10/site-packages/airflow/example_dags/example_branch_python_dop_operator_3.py for tasks to queue
[2024-03-13T15:57:12.815-0400] {logging_mixin.py:188} INFO - [2024-03-13T15:57:12.814-0400] {dagbag.py:540} INFO - Filling up the DagBag from /home/ironbong_jr/mlops/project/project/lib/python3.10/site-packages/airflow/example_dags/example_branch_python_dop_operator_3.py
[2024-03-13T15:57:12.820-0400] {processor.py:840} INFO - DAG(s) 'example_branch_dop_operator_v3' retrieved from /home/ironbong_jr/mlops/project/project/lib/python3.10/site-packages/airflow/example_dags/example_branch_python_dop_operator_3.py
[2024-03-13T15:57:12.831-0400] {logging_mixin.py:188} INFO - [2024-03-13T15:57:12.831-0400] {dag.py:3047} INFO - Sync 1 DAGs
[2024-03-13T15:57:12.845-0400] {logging_mixin.py:188} INFO - [2024-03-13T15:57:12.844-0400] {dag.py:3834} INFO - Setting next_dagrun for example_branch_dop_operator_v3 to 2024-03-13 19:56:00+00:00, run_after=2024-03-13 19:57:00+00:00
[2024-03-13T15:57:12.867-0400] {processor.py:183} INFO - Processing /home/ironbong_jr/mlops/project/project/lib/python3.10/site-packages/airflow/example_dags/example_branch_python_dop_operator_3.py took 0.056 seconds
[2024-03-13T15:58:05.358-0400] {processor.py:161} INFO - Started process (PID=456577) to work on /home/ironbong_jr/mlops/project/project/lib/python3.10/site-packages/airflow/example_dags/example_branch_python_dop_operator_3.py
[2024-03-13T15:58:05.363-0400] {processor.py:830} INFO - Processing file /home/ironbong_jr/mlops/project/project/lib/python3.10/site-packages/airflow/example_dags/example_branch_python_dop_operator_3.py for tasks to queue
[2024-03-13T15:58:05.364-0400] {logging_mixin.py:188} INFO - [2024-03-13T15:58:05.364-0400] {dagbag.py:540} INFO - Filling up the DagBag from /home/ironbong_jr/mlops/project/project/lib/python3.10/site-packages/airflow/example_dags/example_branch_python_dop_operator_3.py
[2024-03-13T15:58:05.371-0400] {processor.py:840} INFO - DAG(s) 'example_branch_dop_operator_v3' retrieved from /home/ironbong_jr/mlops/project/project/lib/python3.10/site-packages/airflow/example_dags/example_branch_python_dop_operator_3.py
[2024-03-13T15:58:05.384-0400] {logging_mixin.py:188} INFO - [2024-03-13T15:58:05.384-0400] {dag.py:3047} INFO - Sync 1 DAGs
[2024-03-13T15:58:05.402-0400] {logging_mixin.py:188} INFO - [2024-03-13T15:58:05.402-0400] {dag.py:3834} INFO - Setting next_dagrun for example_branch_dop_operator_v3 to 2024-03-13 19:57:00+00:00, run_after=2024-03-13 19:58:00+00:00
[2024-03-13T15:58:05.425-0400] {processor.py:183} INFO - Processing /home/ironbong_jr/mlops/project/project/lib/python3.10/site-packages/airflow/example_dags/example_branch_python_dop_operator_3.py took 0.068 seconds
[2024-03-13T15:58:56.379-0400] {processor.py:161} INFO - Started process (PID=456828) to work on /home/ironbong_jr/mlops/project/project/lib/python3.10/site-packages/airflow/example_dags/example_branch_python_dop_operator_3.py
[2024-03-13T15:58:56.383-0400] {processor.py:830} INFO - Processing file /home/ironbong_jr/mlops/project/project/lib/python3.10/site-packages/airflow/example_dags/example_branch_python_dop_operator_3.py for tasks to queue
[2024-03-13T15:58:56.383-0400] {logging_mixin.py:188} INFO - [2024-03-13T15:58:56.383-0400] {dagbag.py:540} INFO - Filling up the DagBag from /home/ironbong_jr/mlops/project/project/lib/python3.10/site-packages/airflow/example_dags/example_branch_python_dop_operator_3.py
[2024-03-13T15:58:56.390-0400] {processor.py:840} INFO - DAG(s) 'example_branch_dop_operator_v3' retrieved from /home/ironbong_jr/mlops/project/project/lib/python3.10/site-packages/airflow/example_dags/example_branch_python_dop_operator_3.py
[2024-03-13T15:58:56.401-0400] {logging_mixin.py:188} INFO - [2024-03-13T15:58:56.401-0400] {dag.py:3047} INFO - Sync 1 DAGs
[2024-03-13T15:58:56.416-0400] {logging_mixin.py:188} INFO - [2024-03-13T15:58:56.416-0400] {dag.py:3834} INFO - Setting next_dagrun for example_branch_dop_operator_v3 to 2024-03-13 19:57:00+00:00, run_after=2024-03-13 19:58:00+00:00
[2024-03-13T15:58:56.439-0400] {processor.py:183} INFO - Processing /home/ironbong_jr/mlops/project/project/lib/python3.10/site-packages/airflow/example_dags/example_branch_python_dop_operator_3.py took 0.062 seconds
[2024-03-13T15:59:49.056-0400] {processor.py:161} INFO - Started process (PID=457089) to work on /home/ironbong_jr/mlops/project/project/lib/python3.10/site-packages/airflow/example_dags/example_branch_python_dop_operator_3.py
[2024-03-13T15:59:49.058-0400] {processor.py:830} INFO - Processing file /home/ironbong_jr/mlops/project/project/lib/python3.10/site-packages/airflow/example_dags/example_branch_python_dop_operator_3.py for tasks to queue
[2024-03-13T15:59:49.059-0400] {logging_mixin.py:188} INFO - [2024-03-13T15:59:49.058-0400] {dagbag.py:540} INFO - Filling up the DagBag from /home/ironbong_jr/mlops/project/project/lib/python3.10/site-packages/airflow/example_dags/example_branch_python_dop_operator_3.py
[2024-03-13T15:59:49.065-0400] {processor.py:840} INFO - DAG(s) 'example_branch_dop_operator_v3' retrieved from /home/ironbong_jr/mlops/project/project/lib/python3.10/site-packages/airflow/example_dags/example_branch_python_dop_operator_3.py
[2024-03-13T15:59:49.079-0400] {logging_mixin.py:188} INFO - [2024-03-13T15:59:49.078-0400] {dag.py:3047} INFO - Sync 1 DAGs
[2024-03-13T15:59:49.109-0400] {logging_mixin.py:188} INFO - [2024-03-13T15:59:49.108-0400] {dag.py:3834} INFO - Setting next_dagrun for example_branch_dop_operator_v3 to 2024-03-13 19:58:00+00:00, run_after=2024-03-13 19:59:00+00:00
[2024-03-13T15:59:49.133-0400] {processor.py:183} INFO - Processing /home/ironbong_jr/mlops/project/project/lib/python3.10/site-packages/airflow/example_dags/example_branch_python_dop_operator_3.py took 0.080 seconds
[2024-03-13T16:00:39.464-0400] {processor.py:161} INFO - Started process (PID=457334) to work on /home/ironbong_jr/mlops/project/project/lib/python3.10/site-packages/airflow/example_dags/example_branch_python_dop_operator_3.py
[2024-03-13T16:00:39.468-0400] {processor.py:830} INFO - Processing file /home/ironbong_jr/mlops/project/project/lib/python3.10/site-packages/airflow/example_dags/example_branch_python_dop_operator_3.py for tasks to queue
[2024-03-13T16:00:39.468-0400] {logging_mixin.py:188} INFO - [2024-03-13T16:00:39.468-0400] {dagbag.py:540} INFO - Filling up the DagBag from /home/ironbong_jr/mlops/project/project/lib/python3.10/site-packages/airflow/example_dags/example_branch_python_dop_operator_3.py
[2024-03-13T16:00:39.474-0400] {processor.py:840} INFO - DAG(s) 'example_branch_dop_operator_v3' retrieved from /home/ironbong_jr/mlops/project/project/lib/python3.10/site-packages/airflow/example_dags/example_branch_python_dop_operator_3.py
[2024-03-13T16:00:39.484-0400] {logging_mixin.py:188} INFO - [2024-03-13T16:00:39.483-0400] {dag.py:3047} INFO - Sync 1 DAGs
[2024-03-13T16:00:39.497-0400] {logging_mixin.py:188} INFO - [2024-03-13T16:00:39.497-0400] {dag.py:3834} INFO - Setting next_dagrun for example_branch_dop_operator_v3 to 2024-03-13 19:59:00+00:00, run_after=2024-03-13 20:00:00+00:00
[2024-03-13T16:00:39.519-0400] {processor.py:183} INFO - Processing /home/ironbong_jr/mlops/project/project/lib/python3.10/site-packages/airflow/example_dags/example_branch_python_dop_operator_3.py took 0.057 seconds
[2024-03-13T16:01:56.710-0400] {processor.py:161} INFO - Started process (PID=457717) to work on /home/ironbong_jr/mlops/project/project/lib/python3.10/site-packages/airflow/example_dags/example_branch_python_dop_operator_3.py
[2024-03-13T16:01:56.713-0400] {processor.py:830} INFO - Processing file /home/ironbong_jr/mlops/project/project/lib/python3.10/site-packages/airflow/example_dags/example_branch_python_dop_operator_3.py for tasks to queue
[2024-03-13T16:01:56.714-0400] {logging_mixin.py:188} INFO - [2024-03-13T16:01:56.714-0400] {dagbag.py:540} INFO - Filling up the DagBag from /home/ironbong_jr/mlops/project/project/lib/python3.10/site-packages/airflow/example_dags/example_branch_python_dop_operator_3.py
[2024-03-13T16:01:56.720-0400] {processor.py:840} INFO - DAG(s) 'example_branch_dop_operator_v3' retrieved from /home/ironbong_jr/mlops/project/project/lib/python3.10/site-packages/airflow/example_dags/example_branch_python_dop_operator_3.py
[2024-03-13T16:01:56.729-0400] {logging_mixin.py:188} INFO - [2024-03-13T16:01:56.729-0400] {dag.py:3047} INFO - Sync 1 DAGs
[2024-03-13T16:01:56.741-0400] {logging_mixin.py:188} INFO - [2024-03-13T16:01:56.741-0400] {dag.py:3834} INFO - Setting next_dagrun for example_branch_dop_operator_v3 to 2024-03-13 20:00:00+00:00, run_after=2024-03-13 20:01:00+00:00
[2024-03-13T16:01:56.762-0400] {processor.py:183} INFO - Processing /home/ironbong_jr/mlops/project/project/lib/python3.10/site-packages/airflow/example_dags/example_branch_python_dop_operator_3.py took 0.054 seconds
[2024-03-13T16:03:09.519-0400] {processor.py:161} INFO - Started process (PID=458116) to work on /home/ironbong_jr/mlops/project/project/lib/python3.10/site-packages/airflow/example_dags/example_branch_python_dop_operator_3.py
[2024-03-13T16:03:09.523-0400] {processor.py:830} INFO - Processing file /home/ironbong_jr/mlops/project/project/lib/python3.10/site-packages/airflow/example_dags/example_branch_python_dop_operator_3.py for tasks to queue
[2024-03-13T16:03:09.524-0400] {logging_mixin.py:188} INFO - [2024-03-13T16:03:09.523-0400] {dagbag.py:540} INFO - Filling up the DagBag from /home/ironbong_jr/mlops/project/project/lib/python3.10/site-packages/airflow/example_dags/example_branch_python_dop_operator_3.py
[2024-03-13T16:03:09.529-0400] {processor.py:840} INFO - DAG(s) 'example_branch_dop_operator_v3' retrieved from /home/ironbong_jr/mlops/project/project/lib/python3.10/site-packages/airflow/example_dags/example_branch_python_dop_operator_3.py
[2024-03-13T16:03:09.539-0400] {logging_mixin.py:188} INFO - [2024-03-13T16:03:09.539-0400] {dag.py:3047} INFO - Sync 1 DAGs
[2024-03-13T16:03:09.552-0400] {logging_mixin.py:188} INFO - [2024-03-13T16:03:09.552-0400] {dag.py:3834} INFO - Setting next_dagrun for example_branch_dop_operator_v3 to 2024-03-13 20:02:00+00:00, run_after=2024-03-13 20:03:00+00:00
[2024-03-13T16:03:09.573-0400] {processor.py:183} INFO - Processing /home/ironbong_jr/mlops/project/project/lib/python3.10/site-packages/airflow/example_dags/example_branch_python_dop_operator_3.py took 0.056 seconds
[2024-03-13T16:04:42.250-0400] {processor.py:161} INFO - Started process (PID=458655) to work on /home/ironbong_jr/mlops/project/project/lib/python3.10/site-packages/airflow/example_dags/example_branch_python_dop_operator_3.py
[2024-03-13T16:04:42.251-0400] {processor.py:830} INFO - Processing file /home/ironbong_jr/mlops/project/project/lib/python3.10/site-packages/airflow/example_dags/example_branch_python_dop_operator_3.py for tasks to queue
[2024-03-13T16:04:42.252-0400] {logging_mixin.py:188} INFO - [2024-03-13T16:04:42.252-0400] {dagbag.py:540} INFO - Filling up the DagBag from /home/ironbong_jr/mlops/project/project/lib/python3.10/site-packages/airflow/example_dags/example_branch_python_dop_operator_3.py
[2024-03-13T16:04:42.258-0400] {processor.py:840} INFO - DAG(s) 'example_branch_dop_operator_v3' retrieved from /home/ironbong_jr/mlops/project/project/lib/python3.10/site-packages/airflow/example_dags/example_branch_python_dop_operator_3.py
[2024-03-13T16:04:42.267-0400] {logging_mixin.py:188} INFO - [2024-03-13T16:04:42.267-0400] {dag.py:3047} INFO - Sync 1 DAGs
[2024-03-13T16:04:42.282-0400] {logging_mixin.py:188} INFO - [2024-03-13T16:04:42.282-0400] {dag.py:3834} INFO - Setting next_dagrun for example_branch_dop_operator_v3 to 2024-03-13 20:03:00+00:00, run_after=2024-03-13 20:04:00+00:00
[2024-03-13T16:04:42.305-0400] {processor.py:183} INFO - Processing /home/ironbong_jr/mlops/project/project/lib/python3.10/site-packages/airflow/example_dags/example_branch_python_dop_operator_3.py took 0.057 seconds
[2024-03-13T16:05:36.352-0400] {processor.py:161} INFO - Started process (PID=458927) to work on /home/ironbong_jr/mlops/project/project/lib/python3.10/site-packages/airflow/example_dags/example_branch_python_dop_operator_3.py
[2024-03-13T16:05:36.353-0400] {processor.py:830} INFO - Processing file /home/ironbong_jr/mlops/project/project/lib/python3.10/site-packages/airflow/example_dags/example_branch_python_dop_operator_3.py for tasks to queue
[2024-03-13T16:05:36.354-0400] {logging_mixin.py:188} INFO - [2024-03-13T16:05:36.354-0400] {dagbag.py:540} INFO - Filling up the DagBag from /home/ironbong_jr/mlops/project/project/lib/python3.10/site-packages/airflow/example_dags/example_branch_python_dop_operator_3.py
[2024-03-13T16:05:36.360-0400] {processor.py:840} INFO - DAG(s) 'example_branch_dop_operator_v3' retrieved from /home/ironbong_jr/mlops/project/project/lib/python3.10/site-packages/airflow/example_dags/example_branch_python_dop_operator_3.py
[2024-03-13T16:05:36.371-0400] {logging_mixin.py:188} INFO - [2024-03-13T16:05:36.371-0400] {dag.py:3047} INFO - Sync 1 DAGs
[2024-03-13T16:05:36.385-0400] {logging_mixin.py:188} INFO - [2024-03-13T16:05:36.384-0400] {dag.py:3834} INFO - Setting next_dagrun for example_branch_dop_operator_v3 to 2024-03-13 20:04:00+00:00, run_after=2024-03-13 20:05:00+00:00
[2024-03-13T16:05:36.406-0400] {processor.py:183} INFO - Processing /home/ironbong_jr/mlops/project/project/lib/python3.10/site-packages/airflow/example_dags/example_branch_python_dop_operator_3.py took 0.057 seconds
[2024-03-13T16:06:48.184-0400] {processor.py:161} INFO - Started process (PID=459292) to work on /home/ironbong_jr/mlops/project/project/lib/python3.10/site-packages/airflow/example_dags/example_branch_python_dop_operator_3.py
[2024-03-13T16:06:48.185-0400] {processor.py:830} INFO - Processing file /home/ironbong_jr/mlops/project/project/lib/python3.10/site-packages/airflow/example_dags/example_branch_python_dop_operator_3.py for tasks to queue
[2024-03-13T16:06:48.186-0400] {logging_mixin.py:188} INFO - [2024-03-13T16:06:48.186-0400] {dagbag.py:540} INFO - Filling up the DagBag from /home/ironbong_jr/mlops/project/project/lib/python3.10/site-packages/airflow/example_dags/example_branch_python_dop_operator_3.py
[2024-03-13T16:06:48.192-0400] {processor.py:840} INFO - DAG(s) 'example_branch_dop_operator_v3' retrieved from /home/ironbong_jr/mlops/project/project/lib/python3.10/site-packages/airflow/example_dags/example_branch_python_dop_operator_3.py
[2024-03-13T16:06:48.204-0400] {logging_mixin.py:188} INFO - [2024-03-13T16:06:48.204-0400] {dag.py:3047} INFO - Sync 1 DAGs
[2024-03-13T16:06:48.223-0400] {logging_mixin.py:188} INFO - [2024-03-13T16:06:48.223-0400] {dag.py:3834} INFO - Setting next_dagrun for example_branch_dop_operator_v3 to 2024-03-13 20:05:00+00:00, run_after=2024-03-13 20:06:00+00:00
[2024-03-13T16:06:48.247-0400] {processor.py:183} INFO - Processing /home/ironbong_jr/mlops/project/project/lib/python3.10/site-packages/airflow/example_dags/example_branch_python_dop_operator_3.py took 0.065 seconds
[2024-03-13T16:07:41.949-0400] {processor.py:161} INFO - Started process (PID=459556) to work on /home/ironbong_jr/mlops/project/project/lib/python3.10/site-packages/airflow/example_dags/example_branch_python_dop_operator_3.py
[2024-03-13T16:07:41.951-0400] {processor.py:830} INFO - Processing file /home/ironbong_jr/mlops/project/project/lib/python3.10/site-packages/airflow/example_dags/example_branch_python_dop_operator_3.py for tasks to queue
[2024-03-13T16:07:41.952-0400] {logging_mixin.py:188} INFO - [2024-03-13T16:07:41.951-0400] {dagbag.py:540} INFO - Filling up the DagBag from /home/ironbong_jr/mlops/project/project/lib/python3.10/site-packages/airflow/example_dags/example_branch_python_dop_operator_3.py
[2024-03-13T16:07:41.958-0400] {processor.py:840} INFO - DAG(s) 'example_branch_dop_operator_v3' retrieved from /home/ironbong_jr/mlops/project/project/lib/python3.10/site-packages/airflow/example_dags/example_branch_python_dop_operator_3.py
[2024-03-13T16:07:41.988-0400] {logging_mixin.py:188} INFO - [2024-03-13T16:07:41.988-0400] {dag.py:3047} INFO - Sync 1 DAGs
[2024-03-13T16:07:42.002-0400] {logging_mixin.py:188} INFO - [2024-03-13T16:07:42.001-0400] {dag.py:3834} INFO - Setting next_dagrun for example_branch_dop_operator_v3 to 2024-03-13 20:06:00+00:00, run_after=2024-03-13 20:07:00+00:00
[2024-03-13T16:07:42.024-0400] {processor.py:183} INFO - Processing /home/ironbong_jr/mlops/project/project/lib/python3.10/site-packages/airflow/example_dags/example_branch_python_dop_operator_3.py took 0.076 seconds
[2024-03-13T16:08:33.617-0400] {processor.py:161} INFO - Started process (PID=459803) to work on /home/ironbong_jr/mlops/project/project/lib/python3.10/site-packages/airflow/example_dags/example_branch_python_dop_operator_3.py
[2024-03-13T16:08:33.620-0400] {processor.py:830} INFO - Processing file /home/ironbong_jr/mlops/project/project/lib/python3.10/site-packages/airflow/example_dags/example_branch_python_dop_operator_3.py for tasks to queue
[2024-03-13T16:08:33.621-0400] {logging_mixin.py:188} INFO - [2024-03-13T16:08:33.621-0400] {dagbag.py:540} INFO - Filling up the DagBag from /home/ironbong_jr/mlops/project/project/lib/python3.10/site-packages/airflow/example_dags/example_branch_python_dop_operator_3.py
[2024-03-13T16:08:33.626-0400] {processor.py:840} INFO - DAG(s) 'example_branch_dop_operator_v3' retrieved from /home/ironbong_jr/mlops/project/project/lib/python3.10/site-packages/airflow/example_dags/example_branch_python_dop_operator_3.py
[2024-03-13T16:08:33.636-0400] {logging_mixin.py:188} INFO - [2024-03-13T16:08:33.636-0400] {dag.py:3047} INFO - Sync 1 DAGs
[2024-03-13T16:08:33.650-0400] {logging_mixin.py:188} INFO - [2024-03-13T16:08:33.650-0400] {dag.py:3834} INFO - Setting next_dagrun for example_branch_dop_operator_v3 to 2024-03-13 20:07:00+00:00, run_after=2024-03-13 20:08:00+00:00
[2024-03-13T16:08:33.670-0400] {processor.py:183} INFO - Processing /home/ironbong_jr/mlops/project/project/lib/python3.10/site-packages/airflow/example_dags/example_branch_python_dop_operator_3.py took 0.055 seconds
[2024-03-13T16:09:48.413-0400] {processor.py:161} INFO - Started process (PID=460177) to work on /home/ironbong_jr/mlops/project/project/lib/python3.10/site-packages/airflow/example_dags/example_branch_python_dop_operator_3.py
[2024-03-13T16:09:48.417-0400] {processor.py:830} INFO - Processing file /home/ironbong_jr/mlops/project/project/lib/python3.10/site-packages/airflow/example_dags/example_branch_python_dop_operator_3.py for tasks to queue
[2024-03-13T16:09:48.418-0400] {logging_mixin.py:188} INFO - [2024-03-13T16:09:48.417-0400] {dagbag.py:540} INFO - Filling up the DagBag from /home/ironbong_jr/mlops/project/project/lib/python3.10/site-packages/airflow/example_dags/example_branch_python_dop_operator_3.py
[2024-03-13T16:09:48.423-0400] {processor.py:840} INFO - DAG(s) 'example_branch_dop_operator_v3' retrieved from /home/ironbong_jr/mlops/project/project/lib/python3.10/site-packages/airflow/example_dags/example_branch_python_dop_operator_3.py
[2024-03-13T16:09:48.433-0400] {logging_mixin.py:188} INFO - [2024-03-13T16:09:48.433-0400] {dag.py:3047} INFO - Sync 1 DAGs
[2024-03-13T16:09:48.446-0400] {logging_mixin.py:188} INFO - [2024-03-13T16:09:48.446-0400] {dag.py:3834} INFO - Setting next_dagrun for example_branch_dop_operator_v3 to 2024-03-13 20:08:00+00:00, run_after=2024-03-13 20:09:00+00:00
[2024-03-13T16:09:48.467-0400] {processor.py:183} INFO - Processing /home/ironbong_jr/mlops/project/project/lib/python3.10/site-packages/airflow/example_dags/example_branch_python_dop_operator_3.py took 0.055 seconds
[2024-03-13T16:11:01.071-0400] {processor.py:161} INFO - Started process (PID=460538) to work on /home/ironbong_jr/mlops/project/project/lib/python3.10/site-packages/airflow/example_dags/example_branch_python_dop_operator_3.py
[2024-03-13T16:11:01.074-0400] {processor.py:830} INFO - Processing file /home/ironbong_jr/mlops/project/project/lib/python3.10/site-packages/airflow/example_dags/example_branch_python_dop_operator_3.py for tasks to queue
[2024-03-13T16:11:01.075-0400] {logging_mixin.py:188} INFO - [2024-03-13T16:11:01.075-0400] {dagbag.py:540} INFO - Filling up the DagBag from /home/ironbong_jr/mlops/project/project/lib/python3.10/site-packages/airflow/example_dags/example_branch_python_dop_operator_3.py
[2024-03-13T16:11:01.081-0400] {processor.py:840} INFO - DAG(s) 'example_branch_dop_operator_v3' retrieved from /home/ironbong_jr/mlops/project/project/lib/python3.10/site-packages/airflow/example_dags/example_branch_python_dop_operator_3.py
[2024-03-13T16:11:01.091-0400] {logging_mixin.py:188} INFO - [2024-03-13T16:11:01.090-0400] {dag.py:3047} INFO - Sync 1 DAGs
[2024-03-13T16:11:01.103-0400] {logging_mixin.py:188} INFO - [2024-03-13T16:11:01.103-0400] {dag.py:3834} INFO - Setting next_dagrun for example_branch_dop_operator_v3 to 2024-03-13 20:10:00+00:00, run_after=2024-03-13 20:11:00+00:00
[2024-03-13T16:11:01.125-0400] {processor.py:183} INFO - Processing /home/ironbong_jr/mlops/project/project/lib/python3.10/site-packages/airflow/example_dags/example_branch_python_dop_operator_3.py took 0.056 seconds
[2024-03-13T16:12:15.692-0400] {processor.py:161} INFO - Started process (PID=460906) to work on /home/ironbong_jr/mlops/project/project/lib/python3.10/site-packages/airflow/example_dags/example_branch_python_dop_operator_3.py
[2024-03-13T16:12:15.696-0400] {processor.py:830} INFO - Processing file /home/ironbong_jr/mlops/project/project/lib/python3.10/site-packages/airflow/example_dags/example_branch_python_dop_operator_3.py for tasks to queue
[2024-03-13T16:12:15.696-0400] {logging_mixin.py:188} INFO - [2024-03-13T16:12:15.696-0400] {dagbag.py:540} INFO - Filling up the DagBag from /home/ironbong_jr/mlops/project/project/lib/python3.10/site-packages/airflow/example_dags/example_branch_python_dop_operator_3.py
[2024-03-13T16:12:15.702-0400] {processor.py:840} INFO - DAG(s) 'example_branch_dop_operator_v3' retrieved from /home/ironbong_jr/mlops/project/project/lib/python3.10/site-packages/airflow/example_dags/example_branch_python_dop_operator_3.py
[2024-03-13T16:12:15.712-0400] {logging_mixin.py:188} INFO - [2024-03-13T16:12:15.712-0400] {dag.py:3047} INFO - Sync 1 DAGs
[2024-03-13T16:12:15.726-0400] {logging_mixin.py:188} INFO - [2024-03-13T16:12:15.726-0400] {dag.py:3834} INFO - Setting next_dagrun for example_branch_dop_operator_v3 to 2024-03-13 20:11:00+00:00, run_after=2024-03-13 20:12:00+00:00
[2024-03-13T16:12:15.748-0400] {processor.py:183} INFO - Processing /home/ironbong_jr/mlops/project/project/lib/python3.10/site-packages/airflow/example_dags/example_branch_python_dop_operator_3.py took 0.058 seconds
