[2024-03-12T21:21:23.233-0400] {processor.py:161} INFO - Started process (PID=406894) to work on /home/ironbong_jr/mlops/project/project/lib/python3.10/site-packages/airflow/example_dags/example_short_circuit_operator.py
[2024-03-12T21:21:23.234-0400] {processor.py:830} INFO - Processing file /home/ironbong_jr/mlops/project/project/lib/python3.10/site-packages/airflow/example_dags/example_short_circuit_operator.py for tasks to queue
[2024-03-12T21:21:23.237-0400] {logging_mixin.py:188} INFO - [2024-03-12T21:21:23.236-0400] {dagbag.py:540} INFO - Filling up the DagBag from /home/ironbong_jr/mlops/project/project/lib/python3.10/site-packages/airflow/example_dags/example_short_circuit_operator.py
[2024-03-12T21:21:23.261-0400] {processor.py:840} INFO - DAG(s) 'example_short_circuit_operator' retrieved from /home/ironbong_jr/mlops/project/project/lib/python3.10/site-packages/airflow/example_dags/example_short_circuit_operator.py
[2024-03-12T21:21:23.460-0400] {logging_mixin.py:188} INFO - [2024-03-12T21:21:23.460-0400] {dag.py:3047} INFO - Sync 1 DAGs
[2024-03-12T21:21:23.512-0400] {logging_mixin.py:188} INFO - [2024-03-12T21:21:23.512-0400] {dag.py:3834} INFO - Setting next_dagrun for example_short_circuit_operator to 2024-03-12 00:00:00+00:00, run_after=2024-03-13 00:00:00+00:00
[2024-03-12T21:21:23.600-0400] {processor.py:183} INFO - Processing /home/ironbong_jr/mlops/project/project/lib/python3.10/site-packages/airflow/example_dags/example_short_circuit_operator.py took 0.373 seconds
[2024-03-12T21:22:51.526-0400] {processor.py:161} INFO - Started process (PID=407265) to work on /home/ironbong_jr/mlops/project/project/lib/python3.10/site-packages/airflow/example_dags/example_short_circuit_operator.py
[2024-03-12T21:22:51.577-0400] {processor.py:830} INFO - Processing file /home/ironbong_jr/mlops/project/project/lib/python3.10/site-packages/airflow/example_dags/example_short_circuit_operator.py for tasks to queue
[2024-03-12T21:22:51.579-0400] {logging_mixin.py:188} INFO - [2024-03-12T21:22:51.578-0400] {dagbag.py:540} INFO - Filling up the DagBag from /home/ironbong_jr/mlops/project/project/lib/python3.10/site-packages/airflow/example_dags/example_short_circuit_operator.py
[2024-03-12T21:22:51.594-0400] {processor.py:840} INFO - DAG(s) 'example_short_circuit_operator' retrieved from /home/ironbong_jr/mlops/project/project/lib/python3.10/site-packages/airflow/example_dags/example_short_circuit_operator.py
[2024-03-12T21:22:51.626-0400] {logging_mixin.py:188} INFO - [2024-03-12T21:22:51.624-0400] {dag.py:3047} INFO - Sync 1 DAGs
[2024-03-12T21:22:51.701-0400] {logging_mixin.py:188} INFO - [2024-03-12T21:22:51.700-0400] {dag.py:3834} INFO - Setting next_dagrun for example_short_circuit_operator to 2024-03-12 00:00:00+00:00, run_after=2024-03-13 00:00:00+00:00
[2024-03-12T21:22:51.818-0400] {processor.py:183} INFO - Processing /home/ironbong_jr/mlops/project/project/lib/python3.10/site-packages/airflow/example_dags/example_short_circuit_operator.py took 0.298 seconds
[2024-03-12T21:23:47.060-0400] {processor.py:161} INFO - Started process (PID=407528) to work on /home/ironbong_jr/mlops/project/project/lib/python3.10/site-packages/airflow/example_dags/example_short_circuit_operator.py
[2024-03-12T21:23:47.111-0400] {processor.py:830} INFO - Processing file /home/ironbong_jr/mlops/project/project/lib/python3.10/site-packages/airflow/example_dags/example_short_circuit_operator.py for tasks to queue
[2024-03-12T21:23:47.114-0400] {logging_mixin.py:188} INFO - [2024-03-12T21:23:47.113-0400] {dagbag.py:540} INFO - Filling up the DagBag from /home/ironbong_jr/mlops/project/project/lib/python3.10/site-packages/airflow/example_dags/example_short_circuit_operator.py
[2024-03-12T21:23:47.133-0400] {processor.py:840} INFO - DAG(s) 'example_short_circuit_operator' retrieved from /home/ironbong_jr/mlops/project/project/lib/python3.10/site-packages/airflow/example_dags/example_short_circuit_operator.py
[2024-03-12T21:23:47.186-0400] {logging_mixin.py:188} INFO - [2024-03-12T21:23:47.184-0400] {dag.py:3047} INFO - Sync 1 DAGs
[2024-03-12T21:23:47.483-0400] {logging_mixin.py:188} INFO - [2024-03-12T21:23:47.482-0400] {dag.py:3834} INFO - Setting next_dagrun for example_short_circuit_operator to 2024-03-12 00:00:00+00:00, run_after=2024-03-13 00:00:00+00:00
[2024-03-12T21:23:47.580-0400] {processor.py:183} INFO - Processing /home/ironbong_jr/mlops/project/project/lib/python3.10/site-packages/airflow/example_dags/example_short_circuit_operator.py took 0.531 seconds
[2024-03-12T21:26:16.351-0400] {processor.py:161} INFO - Started process (PID=408195) to work on /home/ironbong_jr/mlops/project/project/lib/python3.10/site-packages/airflow/example_dags/example_short_circuit_operator.py
[2024-03-12T21:26:16.355-0400] {processor.py:830} INFO - Processing file /home/ironbong_jr/mlops/project/project/lib/python3.10/site-packages/airflow/example_dags/example_short_circuit_operator.py for tasks to queue
[2024-03-12T21:26:16.357-0400] {logging_mixin.py:188} INFO - [2024-03-12T21:26:16.356-0400] {dagbag.py:540} INFO - Filling up the DagBag from /home/ironbong_jr/mlops/project/project/lib/python3.10/site-packages/airflow/example_dags/example_short_circuit_operator.py
[2024-03-12T21:26:16.380-0400] {processor.py:840} INFO - DAG(s) 'example_short_circuit_operator' retrieved from /home/ironbong_jr/mlops/project/project/lib/python3.10/site-packages/airflow/example_dags/example_short_circuit_operator.py
[2024-03-12T21:26:16.411-0400] {logging_mixin.py:188} INFO - [2024-03-12T21:26:16.411-0400] {dag.py:3047} INFO - Sync 1 DAGs
[2024-03-12T21:26:16.446-0400] {logging_mixin.py:188} INFO - [2024-03-12T21:26:16.445-0400] {dag.py:3834} INFO - Setting next_dagrun for example_short_circuit_operator to 2024-03-12 00:00:00+00:00, run_after=2024-03-13 00:00:00+00:00
[2024-03-12T21:26:16.509-0400] {processor.py:183} INFO - Processing /home/ironbong_jr/mlops/project/project/lib/python3.10/site-packages/airflow/example_dags/example_short_circuit_operator.py took 0.165 seconds
[2024-03-12T21:27:30.026-0400] {processor.py:161} INFO - Started process (PID=408514) to work on /home/ironbong_jr/mlops/project/project/lib/python3.10/site-packages/airflow/example_dags/example_short_circuit_operator.py
[2024-03-12T21:27:30.078-0400] {processor.py:830} INFO - Processing file /home/ironbong_jr/mlops/project/project/lib/python3.10/site-packages/airflow/example_dags/example_short_circuit_operator.py for tasks to queue
[2024-03-12T21:27:30.080-0400] {logging_mixin.py:188} INFO - [2024-03-12T21:27:30.079-0400] {dagbag.py:540} INFO - Filling up the DagBag from /home/ironbong_jr/mlops/project/project/lib/python3.10/site-packages/airflow/example_dags/example_short_circuit_operator.py
[2024-03-12T21:27:30.093-0400] {processor.py:840} INFO - DAG(s) 'example_short_circuit_operator' retrieved from /home/ironbong_jr/mlops/project/project/lib/python3.10/site-packages/airflow/example_dags/example_short_circuit_operator.py
[2024-03-12T21:27:30.122-0400] {logging_mixin.py:188} INFO - [2024-03-12T21:27:30.122-0400] {dag.py:3047} INFO - Sync 1 DAGs
[2024-03-12T21:27:30.157-0400] {logging_mixin.py:188} INFO - [2024-03-12T21:27:30.157-0400] {dag.py:3834} INFO - Setting next_dagrun for example_short_circuit_operator to 2024-03-12 00:00:00+00:00, run_after=2024-03-13 00:00:00+00:00
[2024-03-12T21:27:30.202-0400] {processor.py:183} INFO - Processing /home/ironbong_jr/mlops/project/project/lib/python3.10/site-packages/airflow/example_dags/example_short_circuit_operator.py took 0.185 seconds
[2024-03-12T21:29:09.263-0400] {processor.py:161} INFO - Started process (PID=408983) to work on /home/ironbong_jr/mlops/project/project/lib/python3.10/site-packages/airflow/example_dags/example_short_circuit_operator.py
[2024-03-12T21:29:09.267-0400] {processor.py:830} INFO - Processing file /home/ironbong_jr/mlops/project/project/lib/python3.10/site-packages/airflow/example_dags/example_short_circuit_operator.py for tasks to queue
[2024-03-12T21:29:09.269-0400] {logging_mixin.py:188} INFO - [2024-03-12T21:29:09.268-0400] {dagbag.py:540} INFO - Filling up the DagBag from /home/ironbong_jr/mlops/project/project/lib/python3.10/site-packages/airflow/example_dags/example_short_circuit_operator.py
[2024-03-12T21:29:09.284-0400] {processor.py:840} INFO - DAG(s) 'example_short_circuit_operator' retrieved from /home/ironbong_jr/mlops/project/project/lib/python3.10/site-packages/airflow/example_dags/example_short_circuit_operator.py
[2024-03-12T21:29:09.324-0400] {logging_mixin.py:188} INFO - [2024-03-12T21:29:09.323-0400] {dag.py:3047} INFO - Sync 1 DAGs
[2024-03-12T21:29:09.384-0400] {logging_mixin.py:188} INFO - [2024-03-12T21:29:09.383-0400] {dag.py:3834} INFO - Setting next_dagrun for example_short_circuit_operator to 2024-03-12 00:00:00+00:00, run_after=2024-03-13 00:00:00+00:00
[2024-03-12T21:29:09.489-0400] {processor.py:183} INFO - Processing /home/ironbong_jr/mlops/project/project/lib/python3.10/site-packages/airflow/example_dags/example_short_circuit_operator.py took 0.233 seconds
[2024-03-12T21:30:36.207-0400] {processor.py:161} INFO - Started process (PID=409422) to work on /home/ironbong_jr/mlops/project/project/lib/python3.10/site-packages/airflow/example_dags/example_short_circuit_operator.py
[2024-03-12T21:30:36.211-0400] {processor.py:830} INFO - Processing file /home/ironbong_jr/mlops/project/project/lib/python3.10/site-packages/airflow/example_dags/example_short_circuit_operator.py for tasks to queue
[2024-03-12T21:30:36.213-0400] {logging_mixin.py:188} INFO - [2024-03-12T21:30:36.212-0400] {dagbag.py:540} INFO - Filling up the DagBag from /home/ironbong_jr/mlops/project/project/lib/python3.10/site-packages/airflow/example_dags/example_short_circuit_operator.py
[2024-03-12T21:30:36.228-0400] {processor.py:840} INFO - DAG(s) 'example_short_circuit_operator' retrieved from /home/ironbong_jr/mlops/project/project/lib/python3.10/site-packages/airflow/example_dags/example_short_circuit_operator.py
[2024-03-12T21:30:36.261-0400] {logging_mixin.py:188} INFO - [2024-03-12T21:30:36.261-0400] {dag.py:3047} INFO - Sync 1 DAGs
[2024-03-12T21:30:36.297-0400] {logging_mixin.py:188} INFO - [2024-03-12T21:30:36.296-0400] {dag.py:3834} INFO - Setting next_dagrun for example_short_circuit_operator to 2024-03-12 00:00:00+00:00, run_after=2024-03-13 00:00:00+00:00
[2024-03-12T21:30:36.360-0400] {processor.py:183} INFO - Processing /home/ironbong_jr/mlops/project/project/lib/python3.10/site-packages/airflow/example_dags/example_short_circuit_operator.py took 0.158 seconds
[2024-03-12T21:32:15.958-0400] {processor.py:161} INFO - Started process (PID=409913) to work on /home/ironbong_jr/mlops/project/project/lib/python3.10/site-packages/airflow/example_dags/example_short_circuit_operator.py
[2024-03-12T21:32:16.008-0400] {processor.py:830} INFO - Processing file /home/ironbong_jr/mlops/project/project/lib/python3.10/site-packages/airflow/example_dags/example_short_circuit_operator.py for tasks to queue
[2024-03-12T21:32:16.011-0400] {logging_mixin.py:188} INFO - [2024-03-12T21:32:16.010-0400] {dagbag.py:540} INFO - Filling up the DagBag from /home/ironbong_jr/mlops/project/project/lib/python3.10/site-packages/airflow/example_dags/example_short_circuit_operator.py
[2024-03-12T21:32:16.026-0400] {processor.py:840} INFO - DAG(s) 'example_short_circuit_operator' retrieved from /home/ironbong_jr/mlops/project/project/lib/python3.10/site-packages/airflow/example_dags/example_short_circuit_operator.py
[2024-03-12T21:32:16.061-0400] {logging_mixin.py:188} INFO - [2024-03-12T21:32:16.061-0400] {dag.py:3047} INFO - Sync 1 DAGs
[2024-03-12T21:32:16.098-0400] {logging_mixin.py:188} INFO - [2024-03-12T21:32:16.098-0400] {dag.py:3834} INFO - Setting next_dagrun for example_short_circuit_operator to 2024-03-12 00:00:00+00:00, run_after=2024-03-13 00:00:00+00:00
[2024-03-12T21:32:16.200-0400] {processor.py:183} INFO - Processing /home/ironbong_jr/mlops/project/project/lib/python3.10/site-packages/airflow/example_dags/example_short_circuit_operator.py took 0.249 seconds
[2024-03-12T21:33:56.850-0400] {processor.py:161} INFO - Started process (PID=410467) to work on /home/ironbong_jr/mlops/project/project/lib/python3.10/site-packages/airflow/example_dags/example_short_circuit_operator.py
[2024-03-12T21:33:56.854-0400] {processor.py:830} INFO - Processing file /home/ironbong_jr/mlops/project/project/lib/python3.10/site-packages/airflow/example_dags/example_short_circuit_operator.py for tasks to queue
[2024-03-12T21:33:56.859-0400] {logging_mixin.py:188} INFO - [2024-03-12T21:33:56.857-0400] {dagbag.py:540} INFO - Filling up the DagBag from /home/ironbong_jr/mlops/project/project/lib/python3.10/site-packages/airflow/example_dags/example_short_circuit_operator.py
[2024-03-12T21:33:56.876-0400] {processor.py:840} INFO - DAG(s) 'example_short_circuit_operator' retrieved from /home/ironbong_jr/mlops/project/project/lib/python3.10/site-packages/airflow/example_dags/example_short_circuit_operator.py
[2024-03-12T21:33:56.902-0400] {logging_mixin.py:188} INFO - [2024-03-12T21:33:56.901-0400] {dag.py:3047} INFO - Sync 1 DAGs
[2024-03-12T21:33:56.930-0400] {logging_mixin.py:188} INFO - [2024-03-12T21:33:56.930-0400] {dag.py:3834} INFO - Setting next_dagrun for example_short_circuit_operator to 2024-03-12 00:00:00+00:00, run_after=2024-03-13 00:00:00+00:00
[2024-03-12T21:33:56.975-0400] {processor.py:183} INFO - Processing /home/ironbong_jr/mlops/project/project/lib/python3.10/site-packages/airflow/example_dags/example_short_circuit_operator.py took 0.131 seconds
[2024-03-12T23:25:39.742-0400] {processor.py:161} INFO - Started process (PID=417568) to work on /home/ironbong_jr/mlops/project/project/lib/python3.10/site-packages/airflow/example_dags/example_short_circuit_operator.py
[2024-03-12T23:25:39.794-0400] {processor.py:830} INFO - Processing file /home/ironbong_jr/mlops/project/project/lib/python3.10/site-packages/airflow/example_dags/example_short_circuit_operator.py for tasks to queue
[2024-03-12T23:25:39.796-0400] {logging_mixin.py:188} INFO - [2024-03-12T23:25:39.795-0400] {dagbag.py:540} INFO - Filling up the DagBag from /home/ironbong_jr/mlops/project/project/lib/python3.10/site-packages/airflow/example_dags/example_short_circuit_operator.py
[2024-03-12T23:25:39.826-0400] {processor.py:840} INFO - DAG(s) 'example_short_circuit_operator' retrieved from /home/ironbong_jr/mlops/project/project/lib/python3.10/site-packages/airflow/example_dags/example_short_circuit_operator.py
[2024-03-12T23:25:40.112-0400] {logging_mixin.py:188} INFO - [2024-03-12T23:25:40.111-0400] {dag.py:3047} INFO - Sync 1 DAGs
[2024-03-12T23:25:40.157-0400] {logging_mixin.py:188} INFO - [2024-03-12T23:25:40.156-0400] {dag.py:3834} INFO - Setting next_dagrun for example_short_circuit_operator to 2024-03-12 00:00:00+00:00, run_after=2024-03-13 00:00:00+00:00
[2024-03-12T23:25:40.280-0400] {processor.py:183} INFO - Processing /home/ironbong_jr/mlops/project/project/lib/python3.10/site-packages/airflow/example_dags/example_short_circuit_operator.py took 0.545 seconds
[2024-03-12T23:29:04.145-0400] {processor.py:161} INFO - Started process (PID=418397) to work on /home/ironbong_jr/mlops/project/project/lib/python3.10/site-packages/airflow/example_dags/example_short_circuit_operator.py
[2024-03-12T23:29:04.148-0400] {processor.py:830} INFO - Processing file /home/ironbong_jr/mlops/project/project/lib/python3.10/site-packages/airflow/example_dags/example_short_circuit_operator.py for tasks to queue
[2024-03-12T23:29:04.150-0400] {logging_mixin.py:188} INFO - [2024-03-12T23:29:04.149-0400] {dagbag.py:540} INFO - Filling up the DagBag from /home/ironbong_jr/mlops/project/project/lib/python3.10/site-packages/airflow/example_dags/example_short_circuit_operator.py
[2024-03-12T23:29:04.164-0400] {processor.py:840} INFO - DAG(s) 'example_short_circuit_operator' retrieved from /home/ironbong_jr/mlops/project/project/lib/python3.10/site-packages/airflow/example_dags/example_short_circuit_operator.py
[2024-03-12T23:29:04.210-0400] {logging_mixin.py:188} INFO - [2024-03-12T23:29:04.210-0400] {dag.py:3047} INFO - Sync 1 DAGs
[2024-03-12T23:29:04.239-0400] {logging_mixin.py:188} INFO - [2024-03-12T23:29:04.239-0400] {dag.py:3834} INFO - Setting next_dagrun for example_short_circuit_operator to 2024-03-12 00:00:00+00:00, run_after=2024-03-13 00:00:00+00:00
[2024-03-12T23:29:04.287-0400] {processor.py:183} INFO - Processing /home/ironbong_jr/mlops/project/project/lib/python3.10/site-packages/airflow/example_dags/example_short_circuit_operator.py took 0.149 seconds
[2024-03-12T23:30:27.015-0400] {processor.py:161} INFO - Started process (PID=418731) to work on /home/ironbong_jr/mlops/project/project/lib/python3.10/site-packages/airflow/example_dags/example_short_circuit_operator.py
[2024-03-12T23:30:27.021-0400] {processor.py:830} INFO - Processing file /home/ironbong_jr/mlops/project/project/lib/python3.10/site-packages/airflow/example_dags/example_short_circuit_operator.py for tasks to queue
[2024-03-12T23:30:27.024-0400] {logging_mixin.py:188} INFO - [2024-03-12T23:30:27.023-0400] {dagbag.py:540} INFO - Filling up the DagBag from /home/ironbong_jr/mlops/project/project/lib/python3.10/site-packages/airflow/example_dags/example_short_circuit_operator.py
[2024-03-12T23:30:27.039-0400] {processor.py:840} INFO - DAG(s) 'example_short_circuit_operator' retrieved from /home/ironbong_jr/mlops/project/project/lib/python3.10/site-packages/airflow/example_dags/example_short_circuit_operator.py
[2024-03-12T23:30:27.072-0400] {logging_mixin.py:188} INFO - [2024-03-12T23:30:27.071-0400] {dag.py:3047} INFO - Sync 1 DAGs
[2024-03-12T23:30:27.124-0400] {logging_mixin.py:188} INFO - [2024-03-12T23:30:27.124-0400] {dag.py:3834} INFO - Setting next_dagrun for example_short_circuit_operator to 2024-03-12 00:00:00+00:00, run_after=2024-03-13 00:00:00+00:00
[2024-03-12T23:30:27.190-0400] {processor.py:183} INFO - Processing /home/ironbong_jr/mlops/project/project/lib/python3.10/site-packages/airflow/example_dags/example_short_circuit_operator.py took 0.180 seconds
[2024-03-12T23:31:22.248-0400] {processor.py:161} INFO - Started process (PID=418969) to work on /home/ironbong_jr/mlops/project/project/lib/python3.10/site-packages/airflow/example_dags/example_short_circuit_operator.py
[2024-03-12T23:31:22.262-0400] {processor.py:830} INFO - Processing file /home/ironbong_jr/mlops/project/project/lib/python3.10/site-packages/airflow/example_dags/example_short_circuit_operator.py for tasks to queue
[2024-03-12T23:31:22.264-0400] {logging_mixin.py:188} INFO - [2024-03-12T23:31:22.263-0400] {dagbag.py:540} INFO - Filling up the DagBag from /home/ironbong_jr/mlops/project/project/lib/python3.10/site-packages/airflow/example_dags/example_short_circuit_operator.py
[2024-03-12T23:31:22.275-0400] {processor.py:840} INFO - DAG(s) 'example_short_circuit_operator' retrieved from /home/ironbong_jr/mlops/project/project/lib/python3.10/site-packages/airflow/example_dags/example_short_circuit_operator.py
[2024-03-12T23:31:22.304-0400] {logging_mixin.py:188} INFO - [2024-03-12T23:31:22.303-0400] {dag.py:3047} INFO - Sync 1 DAGs
[2024-03-12T23:31:22.328-0400] {logging_mixin.py:188} INFO - [2024-03-12T23:31:22.327-0400] {dag.py:3834} INFO - Setting next_dagrun for example_short_circuit_operator to 2024-03-12 00:00:00+00:00, run_after=2024-03-13 00:00:00+00:00
[2024-03-12T23:31:22.367-0400] {processor.py:183} INFO - Processing /home/ironbong_jr/mlops/project/project/lib/python3.10/site-packages/airflow/example_dags/example_short_circuit_operator.py took 0.127 seconds
[2024-03-12T23:40:07.043-0400] {processor.py:161} INFO - Started process (PID=420767) to work on /home/ironbong_jr/mlops/project/project/lib/python3.10/site-packages/airflow/example_dags/example_short_circuit_operator.py
[2024-03-12T23:40:07.048-0400] {processor.py:830} INFO - Processing file /home/ironbong_jr/mlops/project/project/lib/python3.10/site-packages/airflow/example_dags/example_short_circuit_operator.py for tasks to queue
[2024-03-12T23:40:07.050-0400] {logging_mixin.py:188} INFO - [2024-03-12T23:40:07.050-0400] {dagbag.py:540} INFO - Filling up the DagBag from /home/ironbong_jr/mlops/project/project/lib/python3.10/site-packages/airflow/example_dags/example_short_circuit_operator.py
[2024-03-12T23:40:07.065-0400] {processor.py:840} INFO - DAG(s) 'example_short_circuit_operator' retrieved from /home/ironbong_jr/mlops/project/project/lib/python3.10/site-packages/airflow/example_dags/example_short_circuit_operator.py
[2024-03-12T23:40:07.078-0400] {logging_mixin.py:188} INFO - [2024-03-12T23:40:07.077-0400] {dag.py:3047} INFO - Sync 1 DAGs
[2024-03-12T23:40:07.117-0400] {logging_mixin.py:188} INFO - [2024-03-12T23:40:07.116-0400] {dag.py:3834} INFO - Setting next_dagrun for example_short_circuit_operator to 2024-03-12 00:00:00+00:00, run_after=2024-03-13 00:00:00+00:00
[2024-03-12T23:40:07.184-0400] {processor.py:183} INFO - Processing /home/ironbong_jr/mlops/project/project/lib/python3.10/site-packages/airflow/example_dags/example_short_circuit_operator.py took 0.149 seconds
[2024-03-12T23:43:13.138-0400] {processor.py:161} INFO - Started process (PID=421820) to work on /home/ironbong_jr/mlops/project/project/lib/python3.10/site-packages/airflow/example_dags/example_short_circuit_operator.py
[2024-03-12T23:43:13.192-0400] {processor.py:830} INFO - Processing file /home/ironbong_jr/mlops/project/project/lib/python3.10/site-packages/airflow/example_dags/example_short_circuit_operator.py for tasks to queue
[2024-03-12T23:43:13.195-0400] {logging_mixin.py:188} INFO - [2024-03-12T23:43:13.194-0400] {dagbag.py:540} INFO - Filling up the DagBag from /home/ironbong_jr/mlops/project/project/lib/python3.10/site-packages/airflow/example_dags/example_short_circuit_operator.py
[2024-03-12T23:43:13.210-0400] {processor.py:840} INFO - DAG(s) 'example_short_circuit_operator' retrieved from /home/ironbong_jr/mlops/project/project/lib/python3.10/site-packages/airflow/example_dags/example_short_circuit_operator.py
[2024-03-12T23:43:13.503-0400] {logging_mixin.py:188} INFO - [2024-03-12T23:43:13.503-0400] {dag.py:3047} INFO - Sync 1 DAGs
[2024-03-12T23:43:13.524-0400] {logging_mixin.py:188} INFO - [2024-03-12T23:43:13.523-0400] {dag.py:3834} INFO - Setting next_dagrun for example_short_circuit_operator to 2024-03-12 00:00:00+00:00, run_after=2024-03-13 00:00:00+00:00
[2024-03-12T23:43:13.652-0400] {processor.py:183} INFO - Processing /home/ironbong_jr/mlops/project/project/lib/python3.10/site-packages/airflow/example_dags/example_short_circuit_operator.py took 0.520 seconds
[2024-03-12T23:44:13.582-0400] {processor.py:161} INFO - Started process (PID=422069) to work on /home/ironbong_jr/mlops/project/project/lib/python3.10/site-packages/airflow/example_dags/example_short_circuit_operator.py
[2024-03-12T23:44:13.633-0400] {processor.py:830} INFO - Processing file /home/ironbong_jr/mlops/project/project/lib/python3.10/site-packages/airflow/example_dags/example_short_circuit_operator.py for tasks to queue
[2024-03-12T23:44:13.636-0400] {logging_mixin.py:188} INFO - [2024-03-12T23:44:13.635-0400] {dagbag.py:540} INFO - Filling up the DagBag from /home/ironbong_jr/mlops/project/project/lib/python3.10/site-packages/airflow/example_dags/example_short_circuit_operator.py
[2024-03-12T23:44:13.672-0400] {processor.py:840} INFO - DAG(s) 'example_short_circuit_operator' retrieved from /home/ironbong_jr/mlops/project/project/lib/python3.10/site-packages/airflow/example_dags/example_short_circuit_operator.py
[2024-03-12T23:44:13.905-0400] {logging_mixin.py:188} INFO - [2024-03-12T23:44:13.905-0400] {dag.py:3047} INFO - Sync 1 DAGs
[2024-03-12T23:44:13.942-0400] {logging_mixin.py:188} INFO - [2024-03-12T23:44:13.942-0400] {dag.py:3834} INFO - Setting next_dagrun for example_short_circuit_operator to 2024-03-12 00:00:00+00:00, run_after=2024-03-13 00:00:00+00:00
[2024-03-12T23:44:14.041-0400] {processor.py:183} INFO - Processing /home/ironbong_jr/mlops/project/project/lib/python3.10/site-packages/airflow/example_dags/example_short_circuit_operator.py took 0.466 seconds
[2024-03-12T23:45:08.647-0400] {processor.py:161} INFO - Started process (PID=422315) to work on /home/ironbong_jr/mlops/project/project/lib/python3.10/site-packages/airflow/example_dags/example_short_circuit_operator.py
[2024-03-12T23:45:08.650-0400] {processor.py:830} INFO - Processing file /home/ironbong_jr/mlops/project/project/lib/python3.10/site-packages/airflow/example_dags/example_short_circuit_operator.py for tasks to queue
[2024-03-12T23:45:08.653-0400] {logging_mixin.py:188} INFO - [2024-03-12T23:45:08.651-0400] {dagbag.py:540} INFO - Filling up the DagBag from /home/ironbong_jr/mlops/project/project/lib/python3.10/site-packages/airflow/example_dags/example_short_circuit_operator.py
[2024-03-12T23:45:08.668-0400] {processor.py:840} INFO - DAG(s) 'example_short_circuit_operator' retrieved from /home/ironbong_jr/mlops/project/project/lib/python3.10/site-packages/airflow/example_dags/example_short_circuit_operator.py
[2024-03-12T23:45:08.703-0400] {logging_mixin.py:188} INFO - [2024-03-12T23:45:08.703-0400] {dag.py:3047} INFO - Sync 1 DAGs
[2024-03-12T23:45:08.752-0400] {logging_mixin.py:188} INFO - [2024-03-12T23:45:08.752-0400] {dag.py:3834} INFO - Setting next_dagrun for example_short_circuit_operator to 2024-03-12 00:00:00+00:00, run_after=2024-03-13 00:00:00+00:00
[2024-03-12T23:45:08.856-0400] {processor.py:183} INFO - Processing /home/ironbong_jr/mlops/project/project/lib/python3.10/site-packages/airflow/example_dags/example_short_circuit_operator.py took 0.214 seconds
[2024-03-12T23:46:46.194-0400] {processor.py:161} INFO - Started process (PID=422901) to work on /home/ironbong_jr/mlops/project/project/lib/python3.10/site-packages/airflow/example_dags/example_short_circuit_operator.py
[2024-03-12T23:46:46.201-0400] {processor.py:830} INFO - Processing file /home/ironbong_jr/mlops/project/project/lib/python3.10/site-packages/airflow/example_dags/example_short_circuit_operator.py for tasks to queue
[2024-03-12T23:46:46.205-0400] {logging_mixin.py:188} INFO - [2024-03-12T23:46:46.204-0400] {dagbag.py:540} INFO - Filling up the DagBag from /home/ironbong_jr/mlops/project/project/lib/python3.10/site-packages/airflow/example_dags/example_short_circuit_operator.py
[2024-03-12T23:46:46.230-0400] {processor.py:840} INFO - DAG(s) 'example_short_circuit_operator' retrieved from /home/ironbong_jr/mlops/project/project/lib/python3.10/site-packages/airflow/example_dags/example_short_circuit_operator.py
[2024-03-12T23:46:46.273-0400] {logging_mixin.py:188} INFO - [2024-03-12T23:46:46.272-0400] {dag.py:3047} INFO - Sync 1 DAGs
[2024-03-12T23:46:46.309-0400] {logging_mixin.py:188} INFO - [2024-03-12T23:46:46.308-0400] {dag.py:3834} INFO - Setting next_dagrun for example_short_circuit_operator to 2024-03-12 00:00:00+00:00, run_after=2024-03-13 00:00:00+00:00
[2024-03-12T23:46:46.418-0400] {processor.py:183} INFO - Processing /home/ironbong_jr/mlops/project/project/lib/python3.10/site-packages/airflow/example_dags/example_short_circuit_operator.py took 0.234 seconds
[2024-03-12T23:47:59.584-0400] {processor.py:161} INFO - Started process (PID=423249) to work on /home/ironbong_jr/mlops/project/project/lib/python3.10/site-packages/airflow/example_dags/example_short_circuit_operator.py
[2024-03-12T23:47:59.598-0400] {processor.py:830} INFO - Processing file /home/ironbong_jr/mlops/project/project/lib/python3.10/site-packages/airflow/example_dags/example_short_circuit_operator.py for tasks to queue
[2024-03-12T23:47:59.599-0400] {logging_mixin.py:188} INFO - [2024-03-12T23:47:59.599-0400] {dagbag.py:540} INFO - Filling up the DagBag from /home/ironbong_jr/mlops/project/project/lib/python3.10/site-packages/airflow/example_dags/example_short_circuit_operator.py
[2024-03-12T23:47:59.612-0400] {processor.py:840} INFO - DAG(s) 'example_short_circuit_operator' retrieved from /home/ironbong_jr/mlops/project/project/lib/python3.10/site-packages/airflow/example_dags/example_short_circuit_operator.py
[2024-03-12T23:47:59.636-0400] {logging_mixin.py:188} INFO - [2024-03-12T23:47:59.635-0400] {dag.py:3047} INFO - Sync 1 DAGs
[2024-03-12T23:47:59.669-0400] {logging_mixin.py:188} INFO - [2024-03-12T23:47:59.668-0400] {dag.py:3834} INFO - Setting next_dagrun for example_short_circuit_operator to 2024-03-12 00:00:00+00:00, run_after=2024-03-13 00:00:00+00:00
[2024-03-12T23:47:59.719-0400] {processor.py:183} INFO - Processing /home/ironbong_jr/mlops/project/project/lib/python3.10/site-packages/airflow/example_dags/example_short_circuit_operator.py took 0.139 seconds
[2024-03-12T23:48:58.989-0400] {processor.py:161} INFO - Started process (PID=423510) to work on /home/ironbong_jr/mlops/project/project/lib/python3.10/site-packages/airflow/example_dags/example_short_circuit_operator.py
[2024-03-12T23:48:59.040-0400] {processor.py:830} INFO - Processing file /home/ironbong_jr/mlops/project/project/lib/python3.10/site-packages/airflow/example_dags/example_short_circuit_operator.py for tasks to queue
[2024-03-12T23:48:59.043-0400] {logging_mixin.py:188} INFO - [2024-03-12T23:48:59.042-0400] {dagbag.py:540} INFO - Filling up the DagBag from /home/ironbong_jr/mlops/project/project/lib/python3.10/site-packages/airflow/example_dags/example_short_circuit_operator.py
[2024-03-12T23:48:59.062-0400] {processor.py:840} INFO - DAG(s) 'example_short_circuit_operator' retrieved from /home/ironbong_jr/mlops/project/project/lib/python3.10/site-packages/airflow/example_dags/example_short_circuit_operator.py
[2024-03-12T23:48:59.101-0400] {logging_mixin.py:188} INFO - [2024-03-12T23:48:59.100-0400] {dag.py:3047} INFO - Sync 1 DAGs
[2024-03-12T23:48:59.138-0400] {logging_mixin.py:188} INFO - [2024-03-12T23:48:59.137-0400] {dag.py:3834} INFO - Setting next_dagrun for example_short_circuit_operator to 2024-03-12 00:00:00+00:00, run_after=2024-03-13 00:00:00+00:00
[2024-03-12T23:48:59.193-0400] {processor.py:183} INFO - Processing /home/ironbong_jr/mlops/project/project/lib/python3.10/site-packages/airflow/example_dags/example_short_circuit_operator.py took 0.210 seconds
[2024-03-12T23:50:25.426-0400] {processor.py:161} INFO - Started process (PID=423966) to work on /home/ironbong_jr/mlops/project/project/lib/python3.10/site-packages/airflow/example_dags/example_short_circuit_operator.py
[2024-03-12T23:50:25.430-0400] {processor.py:830} INFO - Processing file /home/ironbong_jr/mlops/project/project/lib/python3.10/site-packages/airflow/example_dags/example_short_circuit_operator.py for tasks to queue
[2024-03-12T23:50:25.432-0400] {logging_mixin.py:188} INFO - [2024-03-12T23:50:25.431-0400] {dagbag.py:540} INFO - Filling up the DagBag from /home/ironbong_jr/mlops/project/project/lib/python3.10/site-packages/airflow/example_dags/example_short_circuit_operator.py
[2024-03-12T23:50:25.446-0400] {processor.py:840} INFO - DAG(s) 'example_short_circuit_operator' retrieved from /home/ironbong_jr/mlops/project/project/lib/python3.10/site-packages/airflow/example_dags/example_short_circuit_operator.py
[2024-03-12T23:50:25.475-0400] {logging_mixin.py:188} INFO - [2024-03-12T23:50:25.474-0400] {dag.py:3047} INFO - Sync 1 DAGs
[2024-03-12T23:50:25.509-0400] {logging_mixin.py:188} INFO - [2024-03-12T23:50:25.509-0400] {dag.py:3834} INFO - Setting next_dagrun for example_short_circuit_operator to 2024-03-12 00:00:00+00:00, run_after=2024-03-13 00:00:00+00:00
[2024-03-12T23:50:25.555-0400] {processor.py:183} INFO - Processing /home/ironbong_jr/mlops/project/project/lib/python3.10/site-packages/airflow/example_dags/example_short_circuit_operator.py took 0.141 seconds
[2024-03-12T23:51:50.649-0400] {processor.py:161} INFO - Started process (PID=424360) to work on /home/ironbong_jr/mlops/project/project/lib/python3.10/site-packages/airflow/example_dags/example_short_circuit_operator.py
[2024-03-12T23:51:50.700-0400] {processor.py:830} INFO - Processing file /home/ironbong_jr/mlops/project/project/lib/python3.10/site-packages/airflow/example_dags/example_short_circuit_operator.py for tasks to queue
[2024-03-12T23:51:50.704-0400] {logging_mixin.py:188} INFO - [2024-03-12T23:51:50.702-0400] {dagbag.py:540} INFO - Filling up the DagBag from /home/ironbong_jr/mlops/project/project/lib/python3.10/site-packages/airflow/example_dags/example_short_circuit_operator.py
[2024-03-12T23:51:50.735-0400] {processor.py:840} INFO - DAG(s) 'example_short_circuit_operator' retrieved from /home/ironbong_jr/mlops/project/project/lib/python3.10/site-packages/airflow/example_dags/example_short_circuit_operator.py
[2024-03-12T23:51:50.766-0400] {logging_mixin.py:188} INFO - [2024-03-12T23:51:50.765-0400] {dag.py:3047} INFO - Sync 1 DAGs
[2024-03-12T23:51:50.799-0400] {logging_mixin.py:188} INFO - [2024-03-12T23:51:50.799-0400] {dag.py:3834} INFO - Setting next_dagrun for example_short_circuit_operator to 2024-03-12 00:00:00+00:00, run_after=2024-03-13 00:00:00+00:00
[2024-03-12T23:51:50.901-0400] {processor.py:183} INFO - Processing /home/ironbong_jr/mlops/project/project/lib/python3.10/site-packages/airflow/example_dags/example_short_circuit_operator.py took 0.258 seconds
[2024-03-12T23:53:17.147-0400] {processor.py:161} INFO - Started process (PID=424907) to work on /home/ironbong_jr/mlops/project/project/lib/python3.10/site-packages/airflow/example_dags/example_short_circuit_operator.py
[2024-03-12T23:53:17.150-0400] {processor.py:830} INFO - Processing file /home/ironbong_jr/mlops/project/project/lib/python3.10/site-packages/airflow/example_dags/example_short_circuit_operator.py for tasks to queue
[2024-03-12T23:53:17.152-0400] {logging_mixin.py:188} INFO - [2024-03-12T23:53:17.152-0400] {dagbag.py:540} INFO - Filling up the DagBag from /home/ironbong_jr/mlops/project/project/lib/python3.10/site-packages/airflow/example_dags/example_short_circuit_operator.py
[2024-03-12T23:53:17.170-0400] {processor.py:840} INFO - DAG(s) 'example_short_circuit_operator' retrieved from /home/ironbong_jr/mlops/project/project/lib/python3.10/site-packages/airflow/example_dags/example_short_circuit_operator.py
[2024-03-12T23:53:17.212-0400] {logging_mixin.py:188} INFO - [2024-03-12T23:53:17.211-0400] {dag.py:3047} INFO - Sync 1 DAGs
[2024-03-12T23:53:17.263-0400] {logging_mixin.py:188} INFO - [2024-03-12T23:53:17.262-0400] {dag.py:3834} INFO - Setting next_dagrun for example_short_circuit_operator to 2024-03-12 00:00:00+00:00, run_after=2024-03-13 00:00:00+00:00
[2024-03-12T23:53:17.338-0400] {processor.py:183} INFO - Processing /home/ironbong_jr/mlops/project/project/lib/python3.10/site-packages/airflow/example_dags/example_short_circuit_operator.py took 0.196 seconds
[2024-03-12T23:54:53.711-0400] {processor.py:161} INFO - Started process (PID=425327) to work on /home/ironbong_jr/mlops/project/project/lib/python3.10/site-packages/airflow/example_dags/example_short_circuit_operator.py
[2024-03-12T23:54:53.716-0400] {processor.py:830} INFO - Processing file /home/ironbong_jr/mlops/project/project/lib/python3.10/site-packages/airflow/example_dags/example_short_circuit_operator.py for tasks to queue
[2024-03-12T23:54:53.719-0400] {logging_mixin.py:188} INFO - [2024-03-12T23:54:53.718-0400] {dagbag.py:540} INFO - Filling up the DagBag from /home/ironbong_jr/mlops/project/project/lib/python3.10/site-packages/airflow/example_dags/example_short_circuit_operator.py
[2024-03-12T23:54:53.736-0400] {processor.py:840} INFO - DAG(s) 'example_short_circuit_operator' retrieved from /home/ironbong_jr/mlops/project/project/lib/python3.10/site-packages/airflow/example_dags/example_short_circuit_operator.py
[2024-03-12T23:54:53.775-0400] {logging_mixin.py:188} INFO - [2024-03-12T23:54:53.774-0400] {dag.py:3047} INFO - Sync 1 DAGs
[2024-03-12T23:54:53.814-0400] {logging_mixin.py:188} INFO - [2024-03-12T23:54:53.813-0400] {dag.py:3834} INFO - Setting next_dagrun for example_short_circuit_operator to 2024-03-12 00:00:00+00:00, run_after=2024-03-13 00:00:00+00:00
[2024-03-12T23:54:53.924-0400] {processor.py:183} INFO - Processing /home/ironbong_jr/mlops/project/project/lib/python3.10/site-packages/airflow/example_dags/example_short_circuit_operator.py took 0.219 seconds
[2024-03-13T00:28:36.128-0400] {processor.py:161} INFO - Started process (PID=432465) to work on /home/ironbong_jr/mlops/project/project/lib/python3.10/site-packages/airflow/example_dags/example_short_circuit_operator.py
[2024-03-13T00:28:36.132-0400] {processor.py:830} INFO - Processing file /home/ironbong_jr/mlops/project/project/lib/python3.10/site-packages/airflow/example_dags/example_short_circuit_operator.py for tasks to queue
[2024-03-13T00:28:36.134-0400] {logging_mixin.py:188} INFO - [2024-03-13T00:28:36.133-0400] {dagbag.py:540} INFO - Filling up the DagBag from /home/ironbong_jr/mlops/project/project/lib/python3.10/site-packages/airflow/example_dags/example_short_circuit_operator.py
[2024-03-13T00:28:36.152-0400] {processor.py:840} INFO - DAG(s) 'example_short_circuit_operator' retrieved from /home/ironbong_jr/mlops/project/project/lib/python3.10/site-packages/airflow/example_dags/example_short_circuit_operator.py
[2024-03-13T00:28:36.184-0400] {logging_mixin.py:188} INFO - [2024-03-13T00:28:36.184-0400] {dag.py:3047} INFO - Sync 1 DAGs
[2024-03-13T00:28:36.243-0400] {logging_mixin.py:188} INFO - [2024-03-13T00:28:36.243-0400] {dag.py:3834} INFO - Setting next_dagrun for example_short_circuit_operator to 2024-03-12 00:00:00+00:00, run_after=2024-03-13 00:00:00+00:00
[2024-03-13T00:28:36.350-0400] {processor.py:183} INFO - Processing /home/ironbong_jr/mlops/project/project/lib/python3.10/site-packages/airflow/example_dags/example_short_circuit_operator.py took 0.228 seconds
[2024-03-13T00:31:00.331-0400] {processor.py:161} INFO - Started process (PID=433089) to work on /home/ironbong_jr/mlops/project/project/lib/python3.10/site-packages/airflow/example_dags/example_short_circuit_operator.py
[2024-03-13T00:31:00.381-0400] {processor.py:830} INFO - Processing file /home/ironbong_jr/mlops/project/project/lib/python3.10/site-packages/airflow/example_dags/example_short_circuit_operator.py for tasks to queue
[2024-03-13T00:31:00.386-0400] {logging_mixin.py:188} INFO - [2024-03-13T00:31:00.384-0400] {dagbag.py:540} INFO - Filling up the DagBag from /home/ironbong_jr/mlops/project/project/lib/python3.10/site-packages/airflow/example_dags/example_short_circuit_operator.py
[2024-03-13T00:31:00.401-0400] {processor.py:840} INFO - DAG(s) 'example_short_circuit_operator' retrieved from /home/ironbong_jr/mlops/project/project/lib/python3.10/site-packages/airflow/example_dags/example_short_circuit_operator.py
[2024-03-13T00:31:00.836-0400] {logging_mixin.py:188} INFO - [2024-03-13T00:31:00.836-0400] {dag.py:3047} INFO - Sync 1 DAGs
[2024-03-13T00:31:00.857-0400] {logging_mixin.py:188} INFO - [2024-03-13T00:31:00.857-0400] {dag.py:3834} INFO - Setting next_dagrun for example_short_circuit_operator to 2024-03-12 00:00:00+00:00, run_after=2024-03-13 00:00:00+00:00
[2024-03-13T00:31:00.945-0400] {processor.py:183} INFO - Processing /home/ironbong_jr/mlops/project/project/lib/python3.10/site-packages/airflow/example_dags/example_short_circuit_operator.py took 0.619 seconds
[2024-03-13T00:31:55.899-0400] {processor.py:161} INFO - Started process (PID=433336) to work on /home/ironbong_jr/mlops/project/project/lib/python3.10/site-packages/airflow/example_dags/example_short_circuit_operator.py
[2024-03-13T00:31:55.949-0400] {processor.py:830} INFO - Processing file /home/ironbong_jr/mlops/project/project/lib/python3.10/site-packages/airflow/example_dags/example_short_circuit_operator.py for tasks to queue
[2024-03-13T00:31:55.951-0400] {logging_mixin.py:188} INFO - [2024-03-13T00:31:55.950-0400] {dagbag.py:540} INFO - Filling up the DagBag from /home/ironbong_jr/mlops/project/project/lib/python3.10/site-packages/airflow/example_dags/example_short_circuit_operator.py
[2024-03-13T00:31:55.980-0400] {processor.py:840} INFO - DAG(s) 'example_short_circuit_operator' retrieved from /home/ironbong_jr/mlops/project/project/lib/python3.10/site-packages/airflow/example_dags/example_short_circuit_operator.py
[2024-03-13T00:31:56.028-0400] {logging_mixin.py:188} INFO - [2024-03-13T00:31:56.027-0400] {dag.py:3047} INFO - Sync 1 DAGs
[2024-03-13T00:31:56.281-0400] {logging_mixin.py:188} INFO - [2024-03-13T00:31:56.280-0400] {dag.py:3834} INFO - Setting next_dagrun for example_short_circuit_operator to 2024-03-12 00:00:00+00:00, run_after=2024-03-13 00:00:00+00:00
[2024-03-13T00:31:56.376-0400] {processor.py:183} INFO - Processing /home/ironbong_jr/mlops/project/project/lib/python3.10/site-packages/airflow/example_dags/example_short_circuit_operator.py took 0.484 seconds
[2024-03-13T00:35:22.315-0400] {processor.py:161} INFO - Started process (PID=434214) to work on /home/ironbong_jr/mlops/project/project/lib/python3.10/site-packages/airflow/example_dags/example_short_circuit_operator.py
[2024-03-13T00:35:22.320-0400] {processor.py:830} INFO - Processing file /home/ironbong_jr/mlops/project/project/lib/python3.10/site-packages/airflow/example_dags/example_short_circuit_operator.py for tasks to queue
[2024-03-13T00:35:22.321-0400] {logging_mixin.py:188} INFO - [2024-03-13T00:35:22.321-0400] {dagbag.py:540} INFO - Filling up the DagBag from /home/ironbong_jr/mlops/project/project/lib/python3.10/site-packages/airflow/example_dags/example_short_circuit_operator.py
[2024-03-13T00:35:22.335-0400] {processor.py:840} INFO - DAG(s) 'example_short_circuit_operator' retrieved from /home/ironbong_jr/mlops/project/project/lib/python3.10/site-packages/airflow/example_dags/example_short_circuit_operator.py
[2024-03-13T00:35:22.388-0400] {logging_mixin.py:188} INFO - [2024-03-13T00:35:22.387-0400] {dag.py:3047} INFO - Sync 1 DAGs
[2024-03-13T00:35:22.456-0400] {logging_mixin.py:188} INFO - [2024-03-13T00:35:22.456-0400] {dag.py:3834} INFO - Setting next_dagrun for example_short_circuit_operator to 2024-03-12 00:00:00+00:00, run_after=2024-03-13 00:00:00+00:00
[2024-03-13T00:35:22.542-0400] {processor.py:183} INFO - Processing /home/ironbong_jr/mlops/project/project/lib/python3.10/site-packages/airflow/example_dags/example_short_circuit_operator.py took 0.233 seconds
[2024-03-13T00:36:41.045-0400] {processor.py:161} INFO - Started process (PID=434546) to work on /home/ironbong_jr/mlops/project/project/lib/python3.10/site-packages/airflow/example_dags/example_short_circuit_operator.py
[2024-03-13T00:36:41.048-0400] {processor.py:830} INFO - Processing file /home/ironbong_jr/mlops/project/project/lib/python3.10/site-packages/airflow/example_dags/example_short_circuit_operator.py for tasks to queue
[2024-03-13T00:36:41.050-0400] {logging_mixin.py:188} INFO - [2024-03-13T00:36:41.049-0400] {dagbag.py:540} INFO - Filling up the DagBag from /home/ironbong_jr/mlops/project/project/lib/python3.10/site-packages/airflow/example_dags/example_short_circuit_operator.py
[2024-03-13T00:36:41.073-0400] {processor.py:840} INFO - DAG(s) 'example_short_circuit_operator' retrieved from /home/ironbong_jr/mlops/project/project/lib/python3.10/site-packages/airflow/example_dags/example_short_circuit_operator.py
[2024-03-13T00:36:41.117-0400] {logging_mixin.py:188} INFO - [2024-03-13T00:36:41.116-0400] {dag.py:3047} INFO - Sync 1 DAGs
[2024-03-13T00:36:41.165-0400] {logging_mixin.py:188} INFO - [2024-03-13T00:36:41.165-0400] {dag.py:3834} INFO - Setting next_dagrun for example_short_circuit_operator to 2024-03-12 00:00:00+00:00, run_after=2024-03-13 00:00:00+00:00
[2024-03-13T00:36:41.301-0400] {processor.py:183} INFO - Processing /home/ironbong_jr/mlops/project/project/lib/python3.10/site-packages/airflow/example_dags/example_short_circuit_operator.py took 0.265 seconds
[2024-03-13T00:38:49.547-0400] {processor.py:161} INFO - Started process (PID=435177) to work on /home/ironbong_jr/mlops/project/project/lib/python3.10/site-packages/airflow/example_dags/example_short_circuit_operator.py
[2024-03-13T00:38:49.549-0400] {processor.py:830} INFO - Processing file /home/ironbong_jr/mlops/project/project/lib/python3.10/site-packages/airflow/example_dags/example_short_circuit_operator.py for tasks to queue
[2024-03-13T00:38:49.551-0400] {logging_mixin.py:188} INFO - [2024-03-13T00:38:49.551-0400] {dagbag.py:540} INFO - Filling up the DagBag from /home/ironbong_jr/mlops/project/project/lib/python3.10/site-packages/airflow/example_dags/example_short_circuit_operator.py
[2024-03-13T00:38:49.564-0400] {processor.py:840} INFO - DAG(s) 'example_short_circuit_operator' retrieved from /home/ironbong_jr/mlops/project/project/lib/python3.10/site-packages/airflow/example_dags/example_short_circuit_operator.py
[2024-03-13T00:38:49.596-0400] {logging_mixin.py:188} INFO - [2024-03-13T00:38:49.595-0400] {dag.py:3047} INFO - Sync 1 DAGs
[2024-03-13T00:38:49.658-0400] {logging_mixin.py:188} INFO - [2024-03-13T00:38:49.657-0400] {dag.py:3834} INFO - Setting next_dagrun for example_short_circuit_operator to 2024-03-12 00:00:00+00:00, run_after=2024-03-13 00:00:00+00:00
[2024-03-13T00:38:49.716-0400] {processor.py:183} INFO - Processing /home/ironbong_jr/mlops/project/project/lib/python3.10/site-packages/airflow/example_dags/example_short_circuit_operator.py took 0.176 seconds
[2024-03-13T00:39:40.072-0400] {processor.py:161} INFO - Started process (PID=435392) to work on /home/ironbong_jr/mlops/project/project/lib/python3.10/site-packages/airflow/example_dags/example_short_circuit_operator.py
[2024-03-13T00:39:40.123-0400] {processor.py:830} INFO - Processing file /home/ironbong_jr/mlops/project/project/lib/python3.10/site-packages/airflow/example_dags/example_short_circuit_operator.py for tasks to queue
[2024-03-13T00:39:40.125-0400] {logging_mixin.py:188} INFO - [2024-03-13T00:39:40.124-0400] {dagbag.py:540} INFO - Filling up the DagBag from /home/ironbong_jr/mlops/project/project/lib/python3.10/site-packages/airflow/example_dags/example_short_circuit_operator.py
[2024-03-13T00:39:40.137-0400] {processor.py:840} INFO - DAG(s) 'example_short_circuit_operator' retrieved from /home/ironbong_jr/mlops/project/project/lib/python3.10/site-packages/airflow/example_dags/example_short_circuit_operator.py
[2024-03-13T00:39:40.166-0400] {logging_mixin.py:188} INFO - [2024-03-13T00:39:40.165-0400] {dag.py:3047} INFO - Sync 1 DAGs
[2024-03-13T00:39:40.188-0400] {logging_mixin.py:188} INFO - [2024-03-13T00:39:40.188-0400] {dag.py:3834} INFO - Setting next_dagrun for example_short_circuit_operator to 2024-03-12 00:00:00+00:00, run_after=2024-03-13 00:00:00+00:00
[2024-03-13T00:39:40.228-0400] {processor.py:183} INFO - Processing /home/ironbong_jr/mlops/project/project/lib/python3.10/site-packages/airflow/example_dags/example_short_circuit_operator.py took 0.163 seconds
[2024-03-13T00:41:05.330-0400] {processor.py:161} INFO - Started process (PID=435780) to work on /home/ironbong_jr/mlops/project/project/lib/python3.10/site-packages/airflow/example_dags/example_short_circuit_operator.py
[2024-03-13T00:41:05.333-0400] {processor.py:830} INFO - Processing file /home/ironbong_jr/mlops/project/project/lib/python3.10/site-packages/airflow/example_dags/example_short_circuit_operator.py for tasks to queue
[2024-03-13T00:41:05.335-0400] {logging_mixin.py:188} INFO - [2024-03-13T00:41:05.334-0400] {dagbag.py:540} INFO - Filling up the DagBag from /home/ironbong_jr/mlops/project/project/lib/python3.10/site-packages/airflow/example_dags/example_short_circuit_operator.py
[2024-03-13T00:41:05.344-0400] {processor.py:840} INFO - DAG(s) 'example_short_circuit_operator' retrieved from /home/ironbong_jr/mlops/project/project/lib/python3.10/site-packages/airflow/example_dags/example_short_circuit_operator.py
[2024-03-13T00:41:05.370-0400] {logging_mixin.py:188} INFO - [2024-03-13T00:41:05.370-0400] {dag.py:3047} INFO - Sync 1 DAGs
[2024-03-13T00:41:05.396-0400] {logging_mixin.py:188} INFO - [2024-03-13T00:41:05.396-0400] {dag.py:3834} INFO - Setting next_dagrun for example_short_circuit_operator to 2024-03-12 00:00:00+00:00, run_after=2024-03-13 00:00:00+00:00
[2024-03-13T00:41:05.431-0400] {processor.py:183} INFO - Processing /home/ironbong_jr/mlops/project/project/lib/python3.10/site-packages/airflow/example_dags/example_short_circuit_operator.py took 0.107 seconds
[2024-03-13T00:43:43.148-0400] {processor.py:161} INFO - Started process (PID=436524) to work on /home/ironbong_jr/mlops/project/project/lib/python3.10/site-packages/airflow/example_dags/example_short_circuit_operator.py
[2024-03-13T00:43:43.200-0400] {processor.py:830} INFO - Processing file /home/ironbong_jr/mlops/project/project/lib/python3.10/site-packages/airflow/example_dags/example_short_circuit_operator.py for tasks to queue
[2024-03-13T00:43:43.202-0400] {logging_mixin.py:188} INFO - [2024-03-13T00:43:43.201-0400] {dagbag.py:540} INFO - Filling up the DagBag from /home/ironbong_jr/mlops/project/project/lib/python3.10/site-packages/airflow/example_dags/example_short_circuit_operator.py
[2024-03-13T00:43:43.220-0400] {processor.py:840} INFO - DAG(s) 'example_short_circuit_operator' retrieved from /home/ironbong_jr/mlops/project/project/lib/python3.10/site-packages/airflow/example_dags/example_short_circuit_operator.py
[2024-03-13T00:43:43.254-0400] {logging_mixin.py:188} INFO - [2024-03-13T00:43:43.254-0400] {dag.py:3047} INFO - Sync 1 DAGs
[2024-03-13T00:43:43.293-0400] {logging_mixin.py:188} INFO - [2024-03-13T00:43:43.293-0400] {dag.py:3834} INFO - Setting next_dagrun for example_short_circuit_operator to 2024-03-12 00:00:00+00:00, run_after=2024-03-13 00:00:00+00:00
[2024-03-13T00:43:43.330-0400] {processor.py:183} INFO - Processing /home/ironbong_jr/mlops/project/project/lib/python3.10/site-packages/airflow/example_dags/example_short_circuit_operator.py took 0.188 seconds
[2024-03-13T00:44:41.812-0400] {processor.py:161} INFO - Started process (PID=436770) to work on /home/ironbong_jr/mlops/project/project/lib/python3.10/site-packages/airflow/example_dags/example_short_circuit_operator.py
[2024-03-13T00:44:41.864-0400] {processor.py:830} INFO - Processing file /home/ironbong_jr/mlops/project/project/lib/python3.10/site-packages/airflow/example_dags/example_short_circuit_operator.py for tasks to queue
[2024-03-13T00:44:41.866-0400] {logging_mixin.py:188} INFO - [2024-03-13T00:44:41.865-0400] {dagbag.py:540} INFO - Filling up the DagBag from /home/ironbong_jr/mlops/project/project/lib/python3.10/site-packages/airflow/example_dags/example_short_circuit_operator.py
[2024-03-13T00:44:41.876-0400] {processor.py:840} INFO - DAG(s) 'example_short_circuit_operator' retrieved from /home/ironbong_jr/mlops/project/project/lib/python3.10/site-packages/airflow/example_dags/example_short_circuit_operator.py
[2024-03-13T00:44:41.908-0400] {logging_mixin.py:188} INFO - [2024-03-13T00:44:41.908-0400] {dag.py:3047} INFO - Sync 1 DAGs
[2024-03-13T00:44:41.937-0400] {logging_mixin.py:188} INFO - [2024-03-13T00:44:41.937-0400] {dag.py:3834} INFO - Setting next_dagrun for example_short_circuit_operator to 2024-03-12 00:00:00+00:00, run_after=2024-03-13 00:00:00+00:00
[2024-03-13T00:44:41.980-0400] {processor.py:183} INFO - Processing /home/ironbong_jr/mlops/project/project/lib/python3.10/site-packages/airflow/example_dags/example_short_circuit_operator.py took 0.173 seconds
[2024-03-13T15:48:52.616-0400] {processor.py:161} INFO - Started process (PID=453643) to work on /home/ironbong_jr/mlops/project/project/lib/python3.10/site-packages/airflow/example_dags/example_short_circuit_operator.py
[2024-03-13T15:48:52.617-0400] {processor.py:830} INFO - Processing file /home/ironbong_jr/mlops/project/project/lib/python3.10/site-packages/airflow/example_dags/example_short_circuit_operator.py for tasks to queue
[2024-03-13T15:48:52.618-0400] {logging_mixin.py:188} INFO - [2024-03-13T15:48:52.618-0400] {dagbag.py:540} INFO - Filling up the DagBag from /home/ironbong_jr/mlops/project/project/lib/python3.10/site-packages/airflow/example_dags/example_short_circuit_operator.py
[2024-03-13T15:48:52.625-0400] {processor.py:840} INFO - DAG(s) 'example_short_circuit_operator' retrieved from /home/ironbong_jr/mlops/project/project/lib/python3.10/site-packages/airflow/example_dags/example_short_circuit_operator.py
[2024-03-13T15:48:52.629-0400] {logging_mixin.py:188} INFO - [2024-03-13T15:48:52.629-0400] {dag.py:3047} INFO - Sync 1 DAGs
[2024-03-13T15:48:52.642-0400] {logging_mixin.py:188} INFO - [2024-03-13T15:48:52.642-0400] {dag.py:3834} INFO - Setting next_dagrun for example_short_circuit_operator to 2024-03-12 00:00:00+00:00, run_after=2024-03-13 00:00:00+00:00
[2024-03-13T15:48:52.662-0400] {processor.py:183} INFO - Processing /home/ironbong_jr/mlops/project/project/lib/python3.10/site-packages/airflow/example_dags/example_short_circuit_operator.py took 0.048 seconds
[2024-03-13T15:49:52.718-0400] {processor.py:161} INFO - Started process (PID=453957) to work on /home/ironbong_jr/mlops/project/project/lib/python3.10/site-packages/airflow/example_dags/example_short_circuit_operator.py
[2024-03-13T15:49:52.721-0400] {processor.py:830} INFO - Processing file /home/ironbong_jr/mlops/project/project/lib/python3.10/site-packages/airflow/example_dags/example_short_circuit_operator.py for tasks to queue
[2024-03-13T15:49:52.722-0400] {logging_mixin.py:188} INFO - [2024-03-13T15:49:52.722-0400] {dagbag.py:540} INFO - Filling up the DagBag from /home/ironbong_jr/mlops/project/project/lib/python3.10/site-packages/airflow/example_dags/example_short_circuit_operator.py
[2024-03-13T15:49:52.728-0400] {processor.py:840} INFO - DAG(s) 'example_short_circuit_operator' retrieved from /home/ironbong_jr/mlops/project/project/lib/python3.10/site-packages/airflow/example_dags/example_short_circuit_operator.py
[2024-03-13T15:49:52.868-0400] {logging_mixin.py:188} INFO - [2024-03-13T15:49:52.868-0400] {dag.py:3047} INFO - Sync 1 DAGs
[2024-03-13T15:49:52.878-0400] {logging_mixin.py:188} INFO - [2024-03-13T15:49:52.878-0400] {dag.py:3834} INFO - Setting next_dagrun for example_short_circuit_operator to 2024-03-12 00:00:00+00:00, run_after=2024-03-13 00:00:00+00:00
[2024-03-13T15:49:52.902-0400] {processor.py:183} INFO - Processing /home/ironbong_jr/mlops/project/project/lib/python3.10/site-packages/airflow/example_dags/example_short_circuit_operator.py took 0.187 seconds
[2024-03-13T15:51:02.502-0400] {processor.py:161} INFO - Started process (PID=454373) to work on /home/ironbong_jr/mlops/project/project/lib/python3.10/site-packages/airflow/example_dags/example_short_circuit_operator.py
[2024-03-13T15:51:02.504-0400] {processor.py:830} INFO - Processing file /home/ironbong_jr/mlops/project/project/lib/python3.10/site-packages/airflow/example_dags/example_short_circuit_operator.py for tasks to queue
[2024-03-13T15:51:02.505-0400] {logging_mixin.py:188} INFO - [2024-03-13T15:51:02.504-0400] {dagbag.py:540} INFO - Filling up the DagBag from /home/ironbong_jr/mlops/project/project/lib/python3.10/site-packages/airflow/example_dags/example_short_circuit_operator.py
[2024-03-13T15:51:02.510-0400] {processor.py:840} INFO - DAG(s) 'example_short_circuit_operator' retrieved from /home/ironbong_jr/mlops/project/project/lib/python3.10/site-packages/airflow/example_dags/example_short_circuit_operator.py
[2024-03-13T15:51:02.524-0400] {logging_mixin.py:188} INFO - [2024-03-13T15:51:02.524-0400] {dag.py:3047} INFO - Sync 1 DAGs
[2024-03-13T15:51:02.613-0400] {logging_mixin.py:188} INFO - [2024-03-13T15:51:02.613-0400] {dag.py:3834} INFO - Setting next_dagrun for example_short_circuit_operator to 2024-03-12 00:00:00+00:00, run_after=2024-03-13 00:00:00+00:00
[2024-03-13T15:51:02.634-0400] {processor.py:183} INFO - Processing /home/ironbong_jr/mlops/project/project/lib/python3.10/site-packages/airflow/example_dags/example_short_circuit_operator.py took 0.134 seconds
[2024-03-13T15:51:58.267-0400] {processor.py:161} INFO - Started process (PID=454664) to work on /home/ironbong_jr/mlops/project/project/lib/python3.10/site-packages/airflow/example_dags/example_short_circuit_operator.py
[2024-03-13T15:51:58.269-0400] {processor.py:830} INFO - Processing file /home/ironbong_jr/mlops/project/project/lib/python3.10/site-packages/airflow/example_dags/example_short_circuit_operator.py for tasks to queue
[2024-03-13T15:51:58.269-0400] {logging_mixin.py:188} INFO - [2024-03-13T15:51:58.269-0400] {dagbag.py:540} INFO - Filling up the DagBag from /home/ironbong_jr/mlops/project/project/lib/python3.10/site-packages/airflow/example_dags/example_short_circuit_operator.py
[2024-03-13T15:51:58.275-0400] {processor.py:840} INFO - DAG(s) 'example_short_circuit_operator' retrieved from /home/ironbong_jr/mlops/project/project/lib/python3.10/site-packages/airflow/example_dags/example_short_circuit_operator.py
[2024-03-13T15:51:58.286-0400] {logging_mixin.py:188} INFO - [2024-03-13T15:51:58.286-0400] {dag.py:3047} INFO - Sync 1 DAGs
[2024-03-13T15:51:58.298-0400] {logging_mixin.py:188} INFO - [2024-03-13T15:51:58.297-0400] {dag.py:3834} INFO - Setting next_dagrun for example_short_circuit_operator to 2024-03-12 00:00:00+00:00, run_after=2024-03-13 00:00:00+00:00
[2024-03-13T15:51:58.319-0400] {processor.py:183} INFO - Processing /home/ironbong_jr/mlops/project/project/lib/python3.10/site-packages/airflow/example_dags/example_short_circuit_operator.py took 0.055 seconds
[2024-03-13T15:52:52.359-0400] {processor.py:161} INFO - Started process (PID=454946) to work on /home/ironbong_jr/mlops/project/project/lib/python3.10/site-packages/airflow/example_dags/example_short_circuit_operator.py
[2024-03-13T15:52:52.361-0400] {processor.py:830} INFO - Processing file /home/ironbong_jr/mlops/project/project/lib/python3.10/site-packages/airflow/example_dags/example_short_circuit_operator.py for tasks to queue
[2024-03-13T15:52:52.362-0400] {logging_mixin.py:188} INFO - [2024-03-13T15:52:52.361-0400] {dagbag.py:540} INFO - Filling up the DagBag from /home/ironbong_jr/mlops/project/project/lib/python3.10/site-packages/airflow/example_dags/example_short_circuit_operator.py
[2024-03-13T15:52:52.368-0400] {processor.py:840} INFO - DAG(s) 'example_short_circuit_operator' retrieved from /home/ironbong_jr/mlops/project/project/lib/python3.10/site-packages/airflow/example_dags/example_short_circuit_operator.py
[2024-03-13T15:52:52.382-0400] {logging_mixin.py:188} INFO - [2024-03-13T15:52:52.381-0400] {dag.py:3047} INFO - Sync 1 DAGs
[2024-03-13T15:52:52.403-0400] {logging_mixin.py:188} INFO - [2024-03-13T15:52:52.403-0400] {dag.py:3834} INFO - Setting next_dagrun for example_short_circuit_operator to 2024-03-12 00:00:00+00:00, run_after=2024-03-13 00:00:00+00:00
[2024-03-13T15:52:52.429-0400] {processor.py:183} INFO - Processing /home/ironbong_jr/mlops/project/project/lib/python3.10/site-packages/airflow/example_dags/example_short_circuit_operator.py took 0.072 seconds
[2024-03-13T15:53:41.616-0400] {processor.py:161} INFO - Started process (PID=455206) to work on /home/ironbong_jr/mlops/project/project/lib/python3.10/site-packages/airflow/example_dags/example_short_circuit_operator.py
[2024-03-13T15:53:41.618-0400] {processor.py:830} INFO - Processing file /home/ironbong_jr/mlops/project/project/lib/python3.10/site-packages/airflow/example_dags/example_short_circuit_operator.py for tasks to queue
[2024-03-13T15:53:41.619-0400] {logging_mixin.py:188} INFO - [2024-03-13T15:53:41.618-0400] {dagbag.py:540} INFO - Filling up the DagBag from /home/ironbong_jr/mlops/project/project/lib/python3.10/site-packages/airflow/example_dags/example_short_circuit_operator.py
[2024-03-13T15:53:41.624-0400] {processor.py:840} INFO - DAG(s) 'example_short_circuit_operator' retrieved from /home/ironbong_jr/mlops/project/project/lib/python3.10/site-packages/airflow/example_dags/example_short_circuit_operator.py
[2024-03-13T15:53:41.634-0400] {logging_mixin.py:188} INFO - [2024-03-13T15:53:41.634-0400] {dag.py:3047} INFO - Sync 1 DAGs
[2024-03-13T15:53:41.646-0400] {logging_mixin.py:188} INFO - [2024-03-13T15:53:41.646-0400] {dag.py:3834} INFO - Setting next_dagrun for example_short_circuit_operator to 2024-03-12 00:00:00+00:00, run_after=2024-03-13 00:00:00+00:00
[2024-03-13T15:53:41.668-0400] {processor.py:183} INFO - Processing /home/ironbong_jr/mlops/project/project/lib/python3.10/site-packages/airflow/example_dags/example_short_circuit_operator.py took 0.054 seconds
[2024-03-13T15:54:31.134-0400] {processor.py:161} INFO - Started process (PID=455455) to work on /home/ironbong_jr/mlops/project/project/lib/python3.10/site-packages/airflow/example_dags/example_short_circuit_operator.py
[2024-03-13T15:54:31.139-0400] {processor.py:830} INFO - Processing file /home/ironbong_jr/mlops/project/project/lib/python3.10/site-packages/airflow/example_dags/example_short_circuit_operator.py for tasks to queue
[2024-03-13T15:54:31.139-0400] {logging_mixin.py:188} INFO - [2024-03-13T15:54:31.139-0400] {dagbag.py:540} INFO - Filling up the DagBag from /home/ironbong_jr/mlops/project/project/lib/python3.10/site-packages/airflow/example_dags/example_short_circuit_operator.py
[2024-03-13T15:54:31.145-0400] {processor.py:840} INFO - DAG(s) 'example_short_circuit_operator' retrieved from /home/ironbong_jr/mlops/project/project/lib/python3.10/site-packages/airflow/example_dags/example_short_circuit_operator.py
[2024-03-13T15:54:31.158-0400] {logging_mixin.py:188} INFO - [2024-03-13T15:54:31.158-0400] {dag.py:3047} INFO - Sync 1 DAGs
[2024-03-13T15:54:31.171-0400] {logging_mixin.py:188} INFO - [2024-03-13T15:54:31.171-0400] {dag.py:3834} INFO - Setting next_dagrun for example_short_circuit_operator to 2024-03-12 00:00:00+00:00, run_after=2024-03-13 00:00:00+00:00
[2024-03-13T15:54:31.196-0400] {processor.py:183} INFO - Processing /home/ironbong_jr/mlops/project/project/lib/python3.10/site-packages/airflow/example_dags/example_short_circuit_operator.py took 0.064 seconds
[2024-03-13T15:55:24.987-0400] {processor.py:161} INFO - Started process (PID=455715) to work on /home/ironbong_jr/mlops/project/project/lib/python3.10/site-packages/airflow/example_dags/example_short_circuit_operator.py
[2024-03-13T15:55:24.991-0400] {processor.py:830} INFO - Processing file /home/ironbong_jr/mlops/project/project/lib/python3.10/site-packages/airflow/example_dags/example_short_circuit_operator.py for tasks to queue
[2024-03-13T15:55:24.992-0400] {logging_mixin.py:188} INFO - [2024-03-13T15:55:24.992-0400] {dagbag.py:540} INFO - Filling up the DagBag from /home/ironbong_jr/mlops/project/project/lib/python3.10/site-packages/airflow/example_dags/example_short_circuit_operator.py
[2024-03-13T15:55:24.998-0400] {processor.py:840} INFO - DAG(s) 'example_short_circuit_operator' retrieved from /home/ironbong_jr/mlops/project/project/lib/python3.10/site-packages/airflow/example_dags/example_short_circuit_operator.py
[2024-03-13T15:55:25.009-0400] {logging_mixin.py:188} INFO - [2024-03-13T15:55:25.009-0400] {dag.py:3047} INFO - Sync 1 DAGs
[2024-03-13T15:55:25.023-0400] {logging_mixin.py:188} INFO - [2024-03-13T15:55:25.023-0400] {dag.py:3834} INFO - Setting next_dagrun for example_short_circuit_operator to 2024-03-12 00:00:00+00:00, run_after=2024-03-13 00:00:00+00:00
[2024-03-13T15:55:25.045-0400] {processor.py:183} INFO - Processing /home/ironbong_jr/mlops/project/project/lib/python3.10/site-packages/airflow/example_dags/example_short_circuit_operator.py took 0.060 seconds
[2024-03-13T15:56:14.082-0400] {processor.py:161} INFO - Started process (PID=455973) to work on /home/ironbong_jr/mlops/project/project/lib/python3.10/site-packages/airflow/example_dags/example_short_circuit_operator.py
[2024-03-13T15:56:14.085-0400] {processor.py:830} INFO - Processing file /home/ironbong_jr/mlops/project/project/lib/python3.10/site-packages/airflow/example_dags/example_short_circuit_operator.py for tasks to queue
[2024-03-13T15:56:14.086-0400] {logging_mixin.py:188} INFO - [2024-03-13T15:56:14.086-0400] {dagbag.py:540} INFO - Filling up the DagBag from /home/ironbong_jr/mlops/project/project/lib/python3.10/site-packages/airflow/example_dags/example_short_circuit_operator.py
[2024-03-13T15:56:14.091-0400] {processor.py:840} INFO - DAG(s) 'example_short_circuit_operator' retrieved from /home/ironbong_jr/mlops/project/project/lib/python3.10/site-packages/airflow/example_dags/example_short_circuit_operator.py
[2024-03-13T15:56:14.101-0400] {logging_mixin.py:188} INFO - [2024-03-13T15:56:14.101-0400] {dag.py:3047} INFO - Sync 1 DAGs
[2024-03-13T15:56:14.112-0400] {logging_mixin.py:188} INFO - [2024-03-13T15:56:14.112-0400] {dag.py:3834} INFO - Setting next_dagrun for example_short_circuit_operator to 2024-03-12 00:00:00+00:00, run_after=2024-03-13 00:00:00+00:00
[2024-03-13T15:56:14.133-0400] {processor.py:183} INFO - Processing /home/ironbong_jr/mlops/project/project/lib/python3.10/site-packages/airflow/example_dags/example_short_circuit_operator.py took 0.053 seconds
[2024-03-13T15:57:02.682-0400] {processor.py:161} INFO - Started process (PID=456229) to work on /home/ironbong_jr/mlops/project/project/lib/python3.10/site-packages/airflow/example_dags/example_short_circuit_operator.py
[2024-03-13T15:57:02.686-0400] {processor.py:830} INFO - Processing file /home/ironbong_jr/mlops/project/project/lib/python3.10/site-packages/airflow/example_dags/example_short_circuit_operator.py for tasks to queue
[2024-03-13T15:57:02.687-0400] {logging_mixin.py:188} INFO - [2024-03-13T15:57:02.686-0400] {dagbag.py:540} INFO - Filling up the DagBag from /home/ironbong_jr/mlops/project/project/lib/python3.10/site-packages/airflow/example_dags/example_short_circuit_operator.py
[2024-03-13T15:57:02.692-0400] {processor.py:840} INFO - DAG(s) 'example_short_circuit_operator' retrieved from /home/ironbong_jr/mlops/project/project/lib/python3.10/site-packages/airflow/example_dags/example_short_circuit_operator.py
[2024-03-13T15:57:02.704-0400] {logging_mixin.py:188} INFO - [2024-03-13T15:57:02.704-0400] {dag.py:3047} INFO - Sync 1 DAGs
[2024-03-13T15:57:02.716-0400] {logging_mixin.py:188} INFO - [2024-03-13T15:57:02.715-0400] {dag.py:3834} INFO - Setting next_dagrun for example_short_circuit_operator to 2024-03-12 00:00:00+00:00, run_after=2024-03-13 00:00:00+00:00
[2024-03-13T15:57:02.737-0400] {processor.py:183} INFO - Processing /home/ironbong_jr/mlops/project/project/lib/python3.10/site-packages/airflow/example_dags/example_short_circuit_operator.py took 0.057 seconds
[2024-03-13T15:57:53.914-0400] {processor.py:161} INFO - Started process (PID=456529) to work on /home/ironbong_jr/mlops/project/project/lib/python3.10/site-packages/airflow/example_dags/example_short_circuit_operator.py
[2024-03-13T15:57:53.918-0400] {processor.py:830} INFO - Processing file /home/ironbong_jr/mlops/project/project/lib/python3.10/site-packages/airflow/example_dags/example_short_circuit_operator.py for tasks to queue
[2024-03-13T15:57:53.918-0400] {logging_mixin.py:188} INFO - [2024-03-13T15:57:53.918-0400] {dagbag.py:540} INFO - Filling up the DagBag from /home/ironbong_jr/mlops/project/project/lib/python3.10/site-packages/airflow/example_dags/example_short_circuit_operator.py
[2024-03-13T15:57:53.924-0400] {processor.py:840} INFO - DAG(s) 'example_short_circuit_operator' retrieved from /home/ironbong_jr/mlops/project/project/lib/python3.10/site-packages/airflow/example_dags/example_short_circuit_operator.py
[2024-03-13T15:57:53.936-0400] {logging_mixin.py:188} INFO - [2024-03-13T15:57:53.935-0400] {dag.py:3047} INFO - Sync 1 DAGs
[2024-03-13T15:57:53.950-0400] {logging_mixin.py:188} INFO - [2024-03-13T15:57:53.950-0400] {dag.py:3834} INFO - Setting next_dagrun for example_short_circuit_operator to 2024-03-12 00:00:00+00:00, run_after=2024-03-13 00:00:00+00:00
[2024-03-13T15:57:53.978-0400] {processor.py:183} INFO - Processing /home/ironbong_jr/mlops/project/project/lib/python3.10/site-packages/airflow/example_dags/example_short_circuit_operator.py took 0.066 seconds
[2024-03-13T15:58:46.485-0400] {processor.py:161} INFO - Started process (PID=456792) to work on /home/ironbong_jr/mlops/project/project/lib/python3.10/site-packages/airflow/example_dags/example_short_circuit_operator.py
[2024-03-13T15:58:46.488-0400] {processor.py:830} INFO - Processing file /home/ironbong_jr/mlops/project/project/lib/python3.10/site-packages/airflow/example_dags/example_short_circuit_operator.py for tasks to queue
[2024-03-13T15:58:46.489-0400] {logging_mixin.py:188} INFO - [2024-03-13T15:58:46.488-0400] {dagbag.py:540} INFO - Filling up the DagBag from /home/ironbong_jr/mlops/project/project/lib/python3.10/site-packages/airflow/example_dags/example_short_circuit_operator.py
[2024-03-13T15:58:46.494-0400] {processor.py:840} INFO - DAG(s) 'example_short_circuit_operator' retrieved from /home/ironbong_jr/mlops/project/project/lib/python3.10/site-packages/airflow/example_dags/example_short_circuit_operator.py
[2024-03-13T15:58:46.508-0400] {logging_mixin.py:188} INFO - [2024-03-13T15:58:46.507-0400] {dag.py:3047} INFO - Sync 1 DAGs
[2024-03-13T15:58:46.544-0400] {logging_mixin.py:188} INFO - [2024-03-13T15:58:46.543-0400] {dag.py:3834} INFO - Setting next_dagrun for example_short_circuit_operator to 2024-03-12 00:00:00+00:00, run_after=2024-03-13 00:00:00+00:00
[2024-03-13T15:58:46.570-0400] {processor.py:183} INFO - Processing /home/ironbong_jr/mlops/project/project/lib/python3.10/site-packages/airflow/example_dags/example_short_circuit_operator.py took 0.087 seconds
[2024-03-13T15:59:37.514-0400] {processor.py:161} INFO - Started process (PID=457045) to work on /home/ironbong_jr/mlops/project/project/lib/python3.10/site-packages/airflow/example_dags/example_short_circuit_operator.py
[2024-03-13T15:59:37.517-0400] {processor.py:830} INFO - Processing file /home/ironbong_jr/mlops/project/project/lib/python3.10/site-packages/airflow/example_dags/example_short_circuit_operator.py for tasks to queue
[2024-03-13T15:59:37.518-0400] {logging_mixin.py:188} INFO - [2024-03-13T15:59:37.517-0400] {dagbag.py:540} INFO - Filling up the DagBag from /home/ironbong_jr/mlops/project/project/lib/python3.10/site-packages/airflow/example_dags/example_short_circuit_operator.py
[2024-03-13T15:59:37.523-0400] {processor.py:840} INFO - DAG(s) 'example_short_circuit_operator' retrieved from /home/ironbong_jr/mlops/project/project/lib/python3.10/site-packages/airflow/example_dags/example_short_circuit_operator.py
[2024-03-13T15:59:37.535-0400] {logging_mixin.py:188} INFO - [2024-03-13T15:59:37.535-0400] {dag.py:3047} INFO - Sync 1 DAGs
[2024-03-13T15:59:37.550-0400] {logging_mixin.py:188} INFO - [2024-03-13T15:59:37.550-0400] {dag.py:3834} INFO - Setting next_dagrun for example_short_circuit_operator to 2024-03-12 00:00:00+00:00, run_after=2024-03-13 00:00:00+00:00
[2024-03-13T15:59:37.576-0400] {processor.py:183} INFO - Processing /home/ironbong_jr/mlops/project/project/lib/python3.10/site-packages/airflow/example_dags/example_short_circuit_operator.py took 0.064 seconds
[2024-03-13T16:00:29.179-0400] {processor.py:161} INFO - Started process (PID=457293) to work on /home/ironbong_jr/mlops/project/project/lib/python3.10/site-packages/airflow/example_dags/example_short_circuit_operator.py
[2024-03-13T16:00:29.183-0400] {processor.py:830} INFO - Processing file /home/ironbong_jr/mlops/project/project/lib/python3.10/site-packages/airflow/example_dags/example_short_circuit_operator.py for tasks to queue
[2024-03-13T16:00:29.184-0400] {logging_mixin.py:188} INFO - [2024-03-13T16:00:29.183-0400] {dagbag.py:540} INFO - Filling up the DagBag from /home/ironbong_jr/mlops/project/project/lib/python3.10/site-packages/airflow/example_dags/example_short_circuit_operator.py
[2024-03-13T16:00:29.189-0400] {processor.py:840} INFO - DAG(s) 'example_short_circuit_operator' retrieved from /home/ironbong_jr/mlops/project/project/lib/python3.10/site-packages/airflow/example_dags/example_short_circuit_operator.py
[2024-03-13T16:00:29.199-0400] {logging_mixin.py:188} INFO - [2024-03-13T16:00:29.199-0400] {dag.py:3047} INFO - Sync 1 DAGs
[2024-03-13T16:00:29.213-0400] {logging_mixin.py:188} INFO - [2024-03-13T16:00:29.213-0400] {dag.py:3834} INFO - Setting next_dagrun for example_short_circuit_operator to 2024-03-12 00:00:00+00:00, run_after=2024-03-13 00:00:00+00:00
[2024-03-13T16:00:29.236-0400] {processor.py:183} INFO - Processing /home/ironbong_jr/mlops/project/project/lib/python3.10/site-packages/airflow/example_dags/example_short_circuit_operator.py took 0.059 seconds
[2024-03-13T16:01:20.176-0400] {processor.py:161} INFO - Started process (PID=457548) to work on /home/ironbong_jr/mlops/project/project/lib/python3.10/site-packages/airflow/example_dags/example_short_circuit_operator.py
[2024-03-13T16:01:20.179-0400] {processor.py:830} INFO - Processing file /home/ironbong_jr/mlops/project/project/lib/python3.10/site-packages/airflow/example_dags/example_short_circuit_operator.py for tasks to queue
[2024-03-13T16:01:20.180-0400] {logging_mixin.py:188} INFO - [2024-03-13T16:01:20.180-0400] {dagbag.py:540} INFO - Filling up the DagBag from /home/ironbong_jr/mlops/project/project/lib/python3.10/site-packages/airflow/example_dags/example_short_circuit_operator.py
[2024-03-13T16:01:20.186-0400] {processor.py:840} INFO - DAG(s) 'example_short_circuit_operator' retrieved from /home/ironbong_jr/mlops/project/project/lib/python3.10/site-packages/airflow/example_dags/example_short_circuit_operator.py
[2024-03-13T16:01:20.197-0400] {logging_mixin.py:188} INFO - [2024-03-13T16:01:20.197-0400] {dag.py:3047} INFO - Sync 1 DAGs
[2024-03-13T16:01:20.210-0400] {logging_mixin.py:188} INFO - [2024-03-13T16:01:20.210-0400] {dag.py:3834} INFO - Setting next_dagrun for example_short_circuit_operator to 2024-03-12 00:00:00+00:00, run_after=2024-03-13 00:00:00+00:00
[2024-03-13T16:01:20.232-0400] {processor.py:183} INFO - Processing /home/ironbong_jr/mlops/project/project/lib/python3.10/site-packages/airflow/example_dags/example_short_circuit_operator.py took 0.058 seconds
[2024-03-13T16:02:11.287-0400] {processor.py:161} INFO - Started process (PID=457836) to work on /home/ironbong_jr/mlops/project/project/lib/python3.10/site-packages/airflow/example_dags/example_short_circuit_operator.py
[2024-03-13T16:02:11.288-0400] {processor.py:830} INFO - Processing file /home/ironbong_jr/mlops/project/project/lib/python3.10/site-packages/airflow/example_dags/example_short_circuit_operator.py for tasks to queue
[2024-03-13T16:02:11.289-0400] {logging_mixin.py:188} INFO - [2024-03-13T16:02:11.289-0400] {dagbag.py:540} INFO - Filling up the DagBag from /home/ironbong_jr/mlops/project/project/lib/python3.10/site-packages/airflow/example_dags/example_short_circuit_operator.py
[2024-03-13T16:02:11.295-0400] {processor.py:840} INFO - DAG(s) 'example_short_circuit_operator' retrieved from /home/ironbong_jr/mlops/project/project/lib/python3.10/site-packages/airflow/example_dags/example_short_circuit_operator.py
[2024-03-13T16:02:11.309-0400] {logging_mixin.py:188} INFO - [2024-03-13T16:02:11.309-0400] {dag.py:3047} INFO - Sync 1 DAGs
[2024-03-13T16:02:11.323-0400] {logging_mixin.py:188} INFO - [2024-03-13T16:02:11.323-0400] {dag.py:3834} INFO - Setting next_dagrun for example_short_circuit_operator to 2024-03-12 00:00:00+00:00, run_after=2024-03-13 00:00:00+00:00
[2024-03-13T16:02:11.349-0400] {processor.py:183} INFO - Processing /home/ironbong_jr/mlops/project/project/lib/python3.10/site-packages/airflow/example_dags/example_short_circuit_operator.py took 0.065 seconds
[2024-03-13T16:02:59.390-0400] {processor.py:161} INFO - Started process (PID=458069) to work on /home/ironbong_jr/mlops/project/project/lib/python3.10/site-packages/airflow/example_dags/example_short_circuit_operator.py
[2024-03-13T16:02:59.393-0400] {processor.py:830} INFO - Processing file /home/ironbong_jr/mlops/project/project/lib/python3.10/site-packages/airflow/example_dags/example_short_circuit_operator.py for tasks to queue
[2024-03-13T16:02:59.393-0400] {logging_mixin.py:188} INFO - [2024-03-13T16:02:59.393-0400] {dagbag.py:540} INFO - Filling up the DagBag from /home/ironbong_jr/mlops/project/project/lib/python3.10/site-packages/airflow/example_dags/example_short_circuit_operator.py
[2024-03-13T16:02:59.399-0400] {processor.py:840} INFO - DAG(s) 'example_short_circuit_operator' retrieved from /home/ironbong_jr/mlops/project/project/lib/python3.10/site-packages/airflow/example_dags/example_short_circuit_operator.py
[2024-03-13T16:02:59.410-0400] {logging_mixin.py:188} INFO - [2024-03-13T16:02:59.410-0400] {dag.py:3047} INFO - Sync 1 DAGs
[2024-03-13T16:02:59.422-0400] {logging_mixin.py:188} INFO - [2024-03-13T16:02:59.421-0400] {dag.py:3834} INFO - Setting next_dagrun for example_short_circuit_operator to 2024-03-12 00:00:00+00:00, run_after=2024-03-13 00:00:00+00:00
[2024-03-13T16:02:59.443-0400] {processor.py:183} INFO - Processing /home/ironbong_jr/mlops/project/project/lib/python3.10/site-packages/airflow/example_dags/example_short_circuit_operator.py took 0.056 seconds
[2024-03-13T16:04:01.794-0400] {processor.py:161} INFO - Started process (PID=458469) to work on /home/ironbong_jr/mlops/project/project/lib/python3.10/site-packages/airflow/example_dags/example_short_circuit_operator.py
[2024-03-13T16:04:01.796-0400] {processor.py:830} INFO - Processing file /home/ironbong_jr/mlops/project/project/lib/python3.10/site-packages/airflow/example_dags/example_short_circuit_operator.py for tasks to queue
[2024-03-13T16:04:01.796-0400] {logging_mixin.py:188} INFO - [2024-03-13T16:04:01.796-0400] {dagbag.py:540} INFO - Filling up the DagBag from /home/ironbong_jr/mlops/project/project/lib/python3.10/site-packages/airflow/example_dags/example_short_circuit_operator.py
[2024-03-13T16:04:01.802-0400] {processor.py:840} INFO - DAG(s) 'example_short_circuit_operator' retrieved from /home/ironbong_jr/mlops/project/project/lib/python3.10/site-packages/airflow/example_dags/example_short_circuit_operator.py
[2024-03-13T16:04:01.813-0400] {logging_mixin.py:188} INFO - [2024-03-13T16:04:01.813-0400] {dag.py:3047} INFO - Sync 1 DAGs
[2024-03-13T16:04:01.825-0400] {logging_mixin.py:188} INFO - [2024-03-13T16:04:01.824-0400] {dag.py:3834} INFO - Setting next_dagrun for example_short_circuit_operator to 2024-03-12 00:00:00+00:00, run_after=2024-03-13 00:00:00+00:00
[2024-03-13T16:04:01.848-0400] {processor.py:183} INFO - Processing /home/ironbong_jr/mlops/project/project/lib/python3.10/site-packages/airflow/example_dags/example_short_circuit_operator.py took 0.056 seconds
[2024-03-13T16:04:58.285-0400] {processor.py:161} INFO - Started process (PID=458754) to work on /home/ironbong_jr/mlops/project/project/lib/python3.10/site-packages/airflow/example_dags/example_short_circuit_operator.py
[2024-03-13T16:04:58.288-0400] {processor.py:830} INFO - Processing file /home/ironbong_jr/mlops/project/project/lib/python3.10/site-packages/airflow/example_dags/example_short_circuit_operator.py for tasks to queue
[2024-03-13T16:04:58.289-0400] {logging_mixin.py:188} INFO - [2024-03-13T16:04:58.289-0400] {dagbag.py:540} INFO - Filling up the DagBag from /home/ironbong_jr/mlops/project/project/lib/python3.10/site-packages/airflow/example_dags/example_short_circuit_operator.py
[2024-03-13T16:04:58.294-0400] {processor.py:840} INFO - DAG(s) 'example_short_circuit_operator' retrieved from /home/ironbong_jr/mlops/project/project/lib/python3.10/site-packages/airflow/example_dags/example_short_circuit_operator.py
[2024-03-13T16:04:58.304-0400] {logging_mixin.py:188} INFO - [2024-03-13T16:04:58.304-0400] {dag.py:3047} INFO - Sync 1 DAGs
[2024-03-13T16:04:58.315-0400] {logging_mixin.py:188} INFO - [2024-03-13T16:04:58.315-0400] {dag.py:3834} INFO - Setting next_dagrun for example_short_circuit_operator to 2024-03-12 00:00:00+00:00, run_after=2024-03-13 00:00:00+00:00
[2024-03-13T16:04:58.336-0400] {processor.py:183} INFO - Processing /home/ironbong_jr/mlops/project/project/lib/python3.10/site-packages/airflow/example_dags/example_short_circuit_operator.py took 0.053 seconds
[2024-03-13T16:05:45.542-0400] {processor.py:161} INFO - Started process (PID=458986) to work on /home/ironbong_jr/mlops/project/project/lib/python3.10/site-packages/airflow/example_dags/example_short_circuit_operator.py
[2024-03-13T16:05:45.544-0400] {processor.py:830} INFO - Processing file /home/ironbong_jr/mlops/project/project/lib/python3.10/site-packages/airflow/example_dags/example_short_circuit_operator.py for tasks to queue
[2024-03-13T16:05:45.545-0400] {logging_mixin.py:188} INFO - [2024-03-13T16:05:45.545-0400] {dagbag.py:540} INFO - Filling up the DagBag from /home/ironbong_jr/mlops/project/project/lib/python3.10/site-packages/airflow/example_dags/example_short_circuit_operator.py
[2024-03-13T16:05:45.550-0400] {processor.py:840} INFO - DAG(s) 'example_short_circuit_operator' retrieved from /home/ironbong_jr/mlops/project/project/lib/python3.10/site-packages/airflow/example_dags/example_short_circuit_operator.py
[2024-03-13T16:05:45.560-0400] {logging_mixin.py:188} INFO - [2024-03-13T16:05:45.560-0400] {dag.py:3047} INFO - Sync 1 DAGs
[2024-03-13T16:05:45.571-0400] {logging_mixin.py:188} INFO - [2024-03-13T16:05:45.570-0400] {dag.py:3834} INFO - Setting next_dagrun for example_short_circuit_operator to 2024-03-12 00:00:00+00:00, run_after=2024-03-13 00:00:00+00:00
[2024-03-13T16:05:45.591-0400] {processor.py:183} INFO - Processing /home/ironbong_jr/mlops/project/project/lib/python3.10/site-packages/airflow/example_dags/example_short_circuit_operator.py took 0.051 seconds
[2024-03-13T16:06:36.254-0400] {processor.py:161} INFO - Started process (PID=459240) to work on /home/ironbong_jr/mlops/project/project/lib/python3.10/site-packages/airflow/example_dags/example_short_circuit_operator.py
[2024-03-13T16:06:36.256-0400] {processor.py:830} INFO - Processing file /home/ironbong_jr/mlops/project/project/lib/python3.10/site-packages/airflow/example_dags/example_short_circuit_operator.py for tasks to queue
[2024-03-13T16:06:36.257-0400] {logging_mixin.py:188} INFO - [2024-03-13T16:06:36.256-0400] {dagbag.py:540} INFO - Filling up the DagBag from /home/ironbong_jr/mlops/project/project/lib/python3.10/site-packages/airflow/example_dags/example_short_circuit_operator.py
[2024-03-13T16:06:36.265-0400] {processor.py:840} INFO - DAG(s) 'example_short_circuit_operator' retrieved from /home/ironbong_jr/mlops/project/project/lib/python3.10/site-packages/airflow/example_dags/example_short_circuit_operator.py
[2024-03-13T16:06:36.279-0400] {logging_mixin.py:188} INFO - [2024-03-13T16:06:36.279-0400] {dag.py:3047} INFO - Sync 1 DAGs
[2024-03-13T16:06:36.295-0400] {logging_mixin.py:188} INFO - [2024-03-13T16:06:36.295-0400] {dag.py:3834} INFO - Setting next_dagrun for example_short_circuit_operator to 2024-03-12 00:00:00+00:00, run_after=2024-03-13 00:00:00+00:00
[2024-03-13T16:06:36.320-0400] {processor.py:183} INFO - Processing /home/ironbong_jr/mlops/project/project/lib/python3.10/site-packages/airflow/example_dags/example_short_circuit_operator.py took 0.068 seconds
[2024-03-13T16:07:27.286-0400] {processor.py:161} INFO - Started process (PID=459500) to work on /home/ironbong_jr/mlops/project/project/lib/python3.10/site-packages/airflow/example_dags/example_short_circuit_operator.py
[2024-03-13T16:07:27.289-0400] {processor.py:830} INFO - Processing file /home/ironbong_jr/mlops/project/project/lib/python3.10/site-packages/airflow/example_dags/example_short_circuit_operator.py for tasks to queue
[2024-03-13T16:07:27.290-0400] {logging_mixin.py:188} INFO - [2024-03-13T16:07:27.289-0400] {dagbag.py:540} INFO - Filling up the DagBag from /home/ironbong_jr/mlops/project/project/lib/python3.10/site-packages/airflow/example_dags/example_short_circuit_operator.py
[2024-03-13T16:07:27.298-0400] {processor.py:840} INFO - DAG(s) 'example_short_circuit_operator' retrieved from /home/ironbong_jr/mlops/project/project/lib/python3.10/site-packages/airflow/example_dags/example_short_circuit_operator.py
[2024-03-13T16:07:27.315-0400] {logging_mixin.py:188} INFO - [2024-03-13T16:07:27.314-0400] {dag.py:3047} INFO - Sync 1 DAGs
[2024-03-13T16:07:27.327-0400] {logging_mixin.py:188} INFO - [2024-03-13T16:07:27.327-0400] {dag.py:3834} INFO - Setting next_dagrun for example_short_circuit_operator to 2024-03-12 00:00:00+00:00, run_after=2024-03-13 00:00:00+00:00
[2024-03-13T16:07:27.351-0400] {processor.py:183} INFO - Processing /home/ironbong_jr/mlops/project/project/lib/python3.10/site-packages/airflow/example_dags/example_short_circuit_operator.py took 0.069 seconds
[2024-03-13T16:08:20.815-0400] {processor.py:161} INFO - Started process (PID=459753) to work on /home/ironbong_jr/mlops/project/project/lib/python3.10/site-packages/airflow/example_dags/example_short_circuit_operator.py
[2024-03-13T16:08:20.819-0400] {processor.py:830} INFO - Processing file /home/ironbong_jr/mlops/project/project/lib/python3.10/site-packages/airflow/example_dags/example_short_circuit_operator.py for tasks to queue
[2024-03-13T16:08:20.819-0400] {logging_mixin.py:188} INFO - [2024-03-13T16:08:20.819-0400] {dagbag.py:540} INFO - Filling up the DagBag from /home/ironbong_jr/mlops/project/project/lib/python3.10/site-packages/airflow/example_dags/example_short_circuit_operator.py
[2024-03-13T16:08:20.825-0400] {processor.py:840} INFO - DAG(s) 'example_short_circuit_operator' retrieved from /home/ironbong_jr/mlops/project/project/lib/python3.10/site-packages/airflow/example_dags/example_short_circuit_operator.py
[2024-03-13T16:08:20.835-0400] {logging_mixin.py:188} INFO - [2024-03-13T16:08:20.835-0400] {dag.py:3047} INFO - Sync 1 DAGs
[2024-03-13T16:08:20.851-0400] {logging_mixin.py:188} INFO - [2024-03-13T16:08:20.850-0400] {dag.py:3834} INFO - Setting next_dagrun for example_short_circuit_operator to 2024-03-12 00:00:00+00:00, run_after=2024-03-13 00:00:00+00:00
[2024-03-13T16:08:20.873-0400] {processor.py:183} INFO - Processing /home/ironbong_jr/mlops/project/project/lib/python3.10/site-packages/airflow/example_dags/example_short_circuit_operator.py took 0.060 seconds
[2024-03-13T16:09:10.465-0400] {processor.py:161} INFO - Started process (PID=460002) to work on /home/ironbong_jr/mlops/project/project/lib/python3.10/site-packages/airflow/example_dags/example_short_circuit_operator.py
[2024-03-13T16:09:10.468-0400] {processor.py:830} INFO - Processing file /home/ironbong_jr/mlops/project/project/lib/python3.10/site-packages/airflow/example_dags/example_short_circuit_operator.py for tasks to queue
[2024-03-13T16:09:10.469-0400] {logging_mixin.py:188} INFO - [2024-03-13T16:09:10.469-0400] {dagbag.py:540} INFO - Filling up the DagBag from /home/ironbong_jr/mlops/project/project/lib/python3.10/site-packages/airflow/example_dags/example_short_circuit_operator.py
[2024-03-13T16:09:10.474-0400] {processor.py:840} INFO - DAG(s) 'example_short_circuit_operator' retrieved from /home/ironbong_jr/mlops/project/project/lib/python3.10/site-packages/airflow/example_dags/example_short_circuit_operator.py
[2024-03-13T16:09:10.484-0400] {logging_mixin.py:188} INFO - [2024-03-13T16:09:10.484-0400] {dag.py:3047} INFO - Sync 1 DAGs
[2024-03-13T16:09:10.495-0400] {logging_mixin.py:188} INFO - [2024-03-13T16:09:10.495-0400] {dag.py:3834} INFO - Setting next_dagrun for example_short_circuit_operator to 2024-03-12 00:00:00+00:00, run_after=2024-03-13 00:00:00+00:00
[2024-03-13T16:09:10.517-0400] {processor.py:183} INFO - Processing /home/ironbong_jr/mlops/project/project/lib/python3.10/site-packages/airflow/example_dags/example_short_circuit_operator.py took 0.054 seconds
[2024-03-13T16:10:00.177-0400] {processor.py:161} INFO - Started process (PID=460251) to work on /home/ironbong_jr/mlops/project/project/lib/python3.10/site-packages/airflow/example_dags/example_short_circuit_operator.py
[2024-03-13T16:10:00.180-0400] {processor.py:830} INFO - Processing file /home/ironbong_jr/mlops/project/project/lib/python3.10/site-packages/airflow/example_dags/example_short_circuit_operator.py for tasks to queue
[2024-03-13T16:10:00.181-0400] {logging_mixin.py:188} INFO - [2024-03-13T16:10:00.181-0400] {dagbag.py:540} INFO - Filling up the DagBag from /home/ironbong_jr/mlops/project/project/lib/python3.10/site-packages/airflow/example_dags/example_short_circuit_operator.py
[2024-03-13T16:10:00.186-0400] {processor.py:840} INFO - DAG(s) 'example_short_circuit_operator' retrieved from /home/ironbong_jr/mlops/project/project/lib/python3.10/site-packages/airflow/example_dags/example_short_circuit_operator.py
[2024-03-13T16:10:00.197-0400] {logging_mixin.py:188} INFO - [2024-03-13T16:10:00.196-0400] {dag.py:3047} INFO - Sync 1 DAGs
[2024-03-13T16:10:00.208-0400] {logging_mixin.py:188} INFO - [2024-03-13T16:10:00.208-0400] {dag.py:3834} INFO - Setting next_dagrun for example_short_circuit_operator to 2024-03-12 00:00:00+00:00, run_after=2024-03-13 00:00:00+00:00
[2024-03-13T16:10:00.230-0400] {processor.py:183} INFO - Processing /home/ironbong_jr/mlops/project/project/lib/python3.10/site-packages/airflow/example_dags/example_short_circuit_operator.py took 0.055 seconds
[2024-03-13T16:10:48.209-0400] {processor.py:161} INFO - Started process (PID=460488) to work on /home/ironbong_jr/mlops/project/project/lib/python3.10/site-packages/airflow/example_dags/example_short_circuit_operator.py
[2024-03-13T16:10:48.213-0400] {processor.py:830} INFO - Processing file /home/ironbong_jr/mlops/project/project/lib/python3.10/site-packages/airflow/example_dags/example_short_circuit_operator.py for tasks to queue
[2024-03-13T16:10:48.213-0400] {logging_mixin.py:188} INFO - [2024-03-13T16:10:48.213-0400] {dagbag.py:540} INFO - Filling up the DagBag from /home/ironbong_jr/mlops/project/project/lib/python3.10/site-packages/airflow/example_dags/example_short_circuit_operator.py
[2024-03-13T16:10:48.219-0400] {processor.py:840} INFO - DAG(s) 'example_short_circuit_operator' retrieved from /home/ironbong_jr/mlops/project/project/lib/python3.10/site-packages/airflow/example_dags/example_short_circuit_operator.py
[2024-03-13T16:10:48.229-0400] {logging_mixin.py:188} INFO - [2024-03-13T16:10:48.229-0400] {dag.py:3047} INFO - Sync 1 DAGs
[2024-03-13T16:10:48.243-0400] {logging_mixin.py:188} INFO - [2024-03-13T16:10:48.243-0400] {dag.py:3834} INFO - Setting next_dagrun for example_short_circuit_operator to 2024-03-12 00:00:00+00:00, run_after=2024-03-13 00:00:00+00:00
[2024-03-13T16:10:48.266-0400] {processor.py:183} INFO - Processing /home/ironbong_jr/mlops/project/project/lib/python3.10/site-packages/airflow/example_dags/example_short_circuit_operator.py took 0.059 seconds
[2024-03-13T16:11:38.402-0400] {processor.py:161} INFO - Started process (PID=460738) to work on /home/ironbong_jr/mlops/project/project/lib/python3.10/site-packages/airflow/example_dags/example_short_circuit_operator.py
[2024-03-13T16:11:38.404-0400] {processor.py:830} INFO - Processing file /home/ironbong_jr/mlops/project/project/lib/python3.10/site-packages/airflow/example_dags/example_short_circuit_operator.py for tasks to queue
[2024-03-13T16:11:38.404-0400] {logging_mixin.py:188} INFO - [2024-03-13T16:11:38.404-0400] {dagbag.py:540} INFO - Filling up the DagBag from /home/ironbong_jr/mlops/project/project/lib/python3.10/site-packages/airflow/example_dags/example_short_circuit_operator.py
[2024-03-13T16:11:38.410-0400] {processor.py:840} INFO - DAG(s) 'example_short_circuit_operator' retrieved from /home/ironbong_jr/mlops/project/project/lib/python3.10/site-packages/airflow/example_dags/example_short_circuit_operator.py
[2024-03-13T16:11:38.420-0400] {logging_mixin.py:188} INFO - [2024-03-13T16:11:38.420-0400] {dag.py:3047} INFO - Sync 1 DAGs
[2024-03-13T16:11:38.433-0400] {logging_mixin.py:188} INFO - [2024-03-13T16:11:38.432-0400] {dag.py:3834} INFO - Setting next_dagrun for example_short_circuit_operator to 2024-03-12 00:00:00+00:00, run_after=2024-03-13 00:00:00+00:00
[2024-03-13T16:11:38.459-0400] {processor.py:183} INFO - Processing /home/ironbong_jr/mlops/project/project/lib/python3.10/site-packages/airflow/example_dags/example_short_circuit_operator.py took 0.059 seconds
[2024-03-13T16:12:28.082-0400] {processor.py:161} INFO - Started process (PID=460987) to work on /home/ironbong_jr/mlops/project/project/lib/python3.10/site-packages/airflow/example_dags/example_short_circuit_operator.py
[2024-03-13T16:12:28.085-0400] {processor.py:830} INFO - Processing file /home/ironbong_jr/mlops/project/project/lib/python3.10/site-packages/airflow/example_dags/example_short_circuit_operator.py for tasks to queue
[2024-03-13T16:12:28.086-0400] {logging_mixin.py:188} INFO - [2024-03-13T16:12:28.086-0400] {dagbag.py:540} INFO - Filling up the DagBag from /home/ironbong_jr/mlops/project/project/lib/python3.10/site-packages/airflow/example_dags/example_short_circuit_operator.py
[2024-03-13T16:12:28.095-0400] {processor.py:840} INFO - DAG(s) 'example_short_circuit_operator' retrieved from /home/ironbong_jr/mlops/project/project/lib/python3.10/site-packages/airflow/example_dags/example_short_circuit_operator.py
[2024-03-13T16:12:28.109-0400] {logging_mixin.py:188} INFO - [2024-03-13T16:12:28.108-0400] {dag.py:3047} INFO - Sync 1 DAGs
[2024-03-13T16:12:28.124-0400] {logging_mixin.py:188} INFO - [2024-03-13T16:12:28.124-0400] {dag.py:3834} INFO - Setting next_dagrun for example_short_circuit_operator to 2024-03-12 00:00:00+00:00, run_after=2024-03-13 00:00:00+00:00
[2024-03-13T16:12:28.151-0400] {processor.py:183} INFO - Processing /home/ironbong_jr/mlops/project/project/lib/python3.10/site-packages/airflow/example_dags/example_short_circuit_operator.py took 0.072 seconds
