[2024-03-12T21:21:29.454-0400] {processor.py:161} INFO - Started process (PID=406917) to work on /home/ironbong_jr/mlops/project/project/lib/python3.10/site-packages/airflow/example_dags/tutorial_objectstorage.py
[2024-03-12T21:21:29.456-0400] {processor.py:830} INFO - Processing file /home/ironbong_jr/mlops/project/project/lib/python3.10/site-packages/airflow/example_dags/tutorial_objectstorage.py for tasks to queue
[2024-03-12T21:21:29.457-0400] {logging_mixin.py:188} INFO - [2024-03-12T21:21:29.457-0400] {dagbag.py:540} INFO - Filling up the DagBag from /home/ironbong_jr/mlops/project/project/lib/python3.10/site-packages/airflow/example_dags/tutorial_objectstorage.py
[2024-03-12T21:21:29.481-0400] {processor.py:840} INFO - DAG(s) 'tutorial_objectstorage' retrieved from /home/ironbong_jr/mlops/project/project/lib/python3.10/site-packages/airflow/example_dags/tutorial_objectstorage.py
[2024-03-12T21:21:29.637-0400] {logging_mixin.py:188} INFO - [2024-03-12T21:21:29.637-0400] {dag.py:3047} INFO - Sync 1 DAGs
[2024-03-12T21:21:29.888-0400] {logging_mixin.py:188} INFO - [2024-03-12T21:21:29.888-0400] {dag.py:3834} INFO - Setting next_dagrun for tutorial_objectstorage to None, run_after=None
[2024-03-12T21:21:30.005-0400] {processor.py:183} INFO - Processing /home/ironbong_jr/mlops/project/project/lib/python3.10/site-packages/airflow/example_dags/tutorial_objectstorage.py took 0.559 seconds
[2024-03-12T21:22:56.596-0400] {processor.py:161} INFO - Started process (PID=407288) to work on /home/ironbong_jr/mlops/project/project/lib/python3.10/site-packages/airflow/example_dags/tutorial_objectstorage.py
[2024-03-12T21:22:56.647-0400] {processor.py:830} INFO - Processing file /home/ironbong_jr/mlops/project/project/lib/python3.10/site-packages/airflow/example_dags/tutorial_objectstorage.py for tasks to queue
[2024-03-12T21:22:56.651-0400] {logging_mixin.py:188} INFO - [2024-03-12T21:22:56.649-0400] {dagbag.py:540} INFO - Filling up the DagBag from /home/ironbong_jr/mlops/project/project/lib/python3.10/site-packages/airflow/example_dags/tutorial_objectstorage.py
[2024-03-12T21:22:56.668-0400] {processor.py:840} INFO - DAG(s) 'tutorial_objectstorage' retrieved from /home/ironbong_jr/mlops/project/project/lib/python3.10/site-packages/airflow/example_dags/tutorial_objectstorage.py
[2024-03-12T21:22:56.698-0400] {logging_mixin.py:188} INFO - [2024-03-12T21:22:56.697-0400] {dag.py:3047} INFO - Sync 1 DAGs
[2024-03-12T21:22:56.720-0400] {logging_mixin.py:188} INFO - [2024-03-12T21:22:56.720-0400] {dag.py:3834} INFO - Setting next_dagrun for tutorial_objectstorage to None, run_after=None
[2024-03-12T21:22:56.773-0400] {processor.py:183} INFO - Processing /home/ironbong_jr/mlops/project/project/lib/python3.10/site-packages/airflow/example_dags/tutorial_objectstorage.py took 0.185 seconds
[2024-03-12T21:26:22.697-0400] {processor.py:161} INFO - Started process (PID=408218) to work on /home/ironbong_jr/mlops/project/project/lib/python3.10/site-packages/airflow/example_dags/tutorial_objectstorage.py
[2024-03-12T21:26:22.748-0400] {processor.py:830} INFO - Processing file /home/ironbong_jr/mlops/project/project/lib/python3.10/site-packages/airflow/example_dags/tutorial_objectstorage.py for tasks to queue
[2024-03-12T21:26:22.751-0400] {logging_mixin.py:188} INFO - [2024-03-12T21:26:22.750-0400] {dagbag.py:540} INFO - Filling up the DagBag from /home/ironbong_jr/mlops/project/project/lib/python3.10/site-packages/airflow/example_dags/tutorial_objectstorage.py
[2024-03-12T21:26:22.771-0400] {processor.py:840} INFO - DAG(s) 'tutorial_objectstorage' retrieved from /home/ironbong_jr/mlops/project/project/lib/python3.10/site-packages/airflow/example_dags/tutorial_objectstorage.py
[2024-03-12T21:26:22.805-0400] {logging_mixin.py:188} INFO - [2024-03-12T21:26:22.804-0400] {dag.py:3047} INFO - Sync 1 DAGs
[2024-03-12T21:26:22.834-0400] {logging_mixin.py:188} INFO - [2024-03-12T21:26:22.834-0400] {dag.py:3834} INFO - Setting next_dagrun for tutorial_objectstorage to None, run_after=None
[2024-03-12T21:26:22.908-0400] {processor.py:183} INFO - Processing /home/ironbong_jr/mlops/project/project/lib/python3.10/site-packages/airflow/example_dags/tutorial_objectstorage.py took 0.218 seconds
[2024-03-12T21:27:35.500-0400] {processor.py:161} INFO - Started process (PID=408540) to work on /home/ironbong_jr/mlops/project/project/lib/python3.10/site-packages/airflow/example_dags/tutorial_objectstorage.py
[2024-03-12T21:27:35.551-0400] {processor.py:830} INFO - Processing file /home/ironbong_jr/mlops/project/project/lib/python3.10/site-packages/airflow/example_dags/tutorial_objectstorage.py for tasks to queue
[2024-03-12T21:27:35.555-0400] {logging_mixin.py:188} INFO - [2024-03-12T21:27:35.553-0400] {dagbag.py:540} INFO - Filling up the DagBag from /home/ironbong_jr/mlops/project/project/lib/python3.10/site-packages/airflow/example_dags/tutorial_objectstorage.py
[2024-03-12T21:27:35.574-0400] {processor.py:840} INFO - DAG(s) 'tutorial_objectstorage' retrieved from /home/ironbong_jr/mlops/project/project/lib/python3.10/site-packages/airflow/example_dags/tutorial_objectstorage.py
[2024-03-12T21:27:35.603-0400] {logging_mixin.py:188} INFO - [2024-03-12T21:27:35.602-0400] {dag.py:3047} INFO - Sync 1 DAGs
[2024-03-12T21:27:35.630-0400] {logging_mixin.py:188} INFO - [2024-03-12T21:27:35.630-0400] {dag.py:3834} INFO - Setting next_dagrun for tutorial_objectstorage to None, run_after=None
[2024-03-12T21:27:35.678-0400] {processor.py:183} INFO - Processing /home/ironbong_jr/mlops/project/project/lib/python3.10/site-packages/airflow/example_dags/tutorial_objectstorage.py took 0.184 seconds
[2024-03-12T21:29:14.981-0400] {processor.py:161} INFO - Started process (PID=409009) to work on /home/ironbong_jr/mlops/project/project/lib/python3.10/site-packages/airflow/example_dags/tutorial_objectstorage.py
[2024-03-12T21:29:15.033-0400] {processor.py:830} INFO - Processing file /home/ironbong_jr/mlops/project/project/lib/python3.10/site-packages/airflow/example_dags/tutorial_objectstorage.py for tasks to queue
[2024-03-12T21:29:15.035-0400] {logging_mixin.py:188} INFO - [2024-03-12T21:29:15.034-0400] {dagbag.py:540} INFO - Filling up the DagBag from /home/ironbong_jr/mlops/project/project/lib/python3.10/site-packages/airflow/example_dags/tutorial_objectstorage.py
[2024-03-12T21:29:15.054-0400] {processor.py:840} INFO - DAG(s) 'tutorial_objectstorage' retrieved from /home/ironbong_jr/mlops/project/project/lib/python3.10/site-packages/airflow/example_dags/tutorial_objectstorage.py
[2024-03-12T21:29:15.083-0400] {logging_mixin.py:188} INFO - [2024-03-12T21:29:15.082-0400] {dag.py:3047} INFO - Sync 1 DAGs
[2024-03-12T21:29:15.103-0400] {logging_mixin.py:188} INFO - [2024-03-12T21:29:15.103-0400] {dag.py:3834} INFO - Setting next_dagrun for tutorial_objectstorage to None, run_after=None
[2024-03-12T21:29:15.142-0400] {processor.py:183} INFO - Processing /home/ironbong_jr/mlops/project/project/lib/python3.10/site-packages/airflow/example_dags/tutorial_objectstorage.py took 0.168 seconds
[2024-03-12T21:30:42.500-0400] {processor.py:161} INFO - Started process (PID=409448) to work on /home/ironbong_jr/mlops/project/project/lib/python3.10/site-packages/airflow/example_dags/tutorial_objectstorage.py
[2024-03-12T21:30:42.551-0400] {processor.py:830} INFO - Processing file /home/ironbong_jr/mlops/project/project/lib/python3.10/site-packages/airflow/example_dags/tutorial_objectstorage.py for tasks to queue
[2024-03-12T21:30:42.553-0400] {logging_mixin.py:188} INFO - [2024-03-12T21:30:42.552-0400] {dagbag.py:540} INFO - Filling up the DagBag from /home/ironbong_jr/mlops/project/project/lib/python3.10/site-packages/airflow/example_dags/tutorial_objectstorage.py
[2024-03-12T21:30:42.573-0400] {processor.py:840} INFO - DAG(s) 'tutorial_objectstorage' retrieved from /home/ironbong_jr/mlops/project/project/lib/python3.10/site-packages/airflow/example_dags/tutorial_objectstorage.py
[2024-03-12T21:30:42.618-0400] {logging_mixin.py:188} INFO - [2024-03-12T21:30:42.618-0400] {dag.py:3047} INFO - Sync 1 DAGs
[2024-03-12T21:30:42.645-0400] {logging_mixin.py:188} INFO - [2024-03-12T21:30:42.645-0400] {dag.py:3834} INFO - Setting next_dagrun for tutorial_objectstorage to None, run_after=None
[2024-03-12T21:30:42.760-0400] {processor.py:183} INFO - Processing /home/ironbong_jr/mlops/project/project/lib/python3.10/site-packages/airflow/example_dags/tutorial_objectstorage.py took 0.274 seconds
[2024-03-12T21:32:22.573-0400] {processor.py:161} INFO - Started process (PID=409939) to work on /home/ironbong_jr/mlops/project/project/lib/python3.10/site-packages/airflow/example_dags/tutorial_objectstorage.py
[2024-03-12T21:32:22.576-0400] {processor.py:830} INFO - Processing file /home/ironbong_jr/mlops/project/project/lib/python3.10/site-packages/airflow/example_dags/tutorial_objectstorage.py for tasks to queue
[2024-03-12T21:32:22.578-0400] {logging_mixin.py:188} INFO - [2024-03-12T21:32:22.577-0400] {dagbag.py:540} INFO - Filling up the DagBag from /home/ironbong_jr/mlops/project/project/lib/python3.10/site-packages/airflow/example_dags/tutorial_objectstorage.py
[2024-03-12T21:32:22.592-0400] {processor.py:840} INFO - DAG(s) 'tutorial_objectstorage' retrieved from /home/ironbong_jr/mlops/project/project/lib/python3.10/site-packages/airflow/example_dags/tutorial_objectstorage.py
[2024-03-12T21:32:22.619-0400] {logging_mixin.py:188} INFO - [2024-03-12T21:32:22.618-0400] {dag.py:3047} INFO - Sync 1 DAGs
[2024-03-12T21:32:22.654-0400] {logging_mixin.py:188} INFO - [2024-03-12T21:32:22.654-0400] {dag.py:3834} INFO - Setting next_dagrun for tutorial_objectstorage to None, run_after=None
[2024-03-12T21:32:22.719-0400] {processor.py:183} INFO - Processing /home/ironbong_jr/mlops/project/project/lib/python3.10/site-packages/airflow/example_dags/tutorial_objectstorage.py took 0.152 seconds
[2024-03-12T21:34:03.177-0400] {processor.py:161} INFO - Started process (PID=410484) to work on /home/ironbong_jr/mlops/project/project/lib/python3.10/site-packages/airflow/example_dags/tutorial_objectstorage.py
[2024-03-12T21:34:03.230-0400] {processor.py:830} INFO - Processing file /home/ironbong_jr/mlops/project/project/lib/python3.10/site-packages/airflow/example_dags/tutorial_objectstorage.py for tasks to queue
[2024-03-12T21:34:03.233-0400] {logging_mixin.py:188} INFO - [2024-03-12T21:34:03.232-0400] {dagbag.py:540} INFO - Filling up the DagBag from /home/ironbong_jr/mlops/project/project/lib/python3.10/site-packages/airflow/example_dags/tutorial_objectstorage.py
[2024-03-12T21:34:03.256-0400] {processor.py:840} INFO - DAG(s) 'tutorial_objectstorage' retrieved from /home/ironbong_jr/mlops/project/project/lib/python3.10/site-packages/airflow/example_dags/tutorial_objectstorage.py
[2024-03-12T21:34:03.304-0400] {logging_mixin.py:188} INFO - [2024-03-12T21:34:03.303-0400] {dag.py:3047} INFO - Sync 1 DAGs
[2024-03-12T21:34:03.340-0400] {logging_mixin.py:188} INFO - [2024-03-12T21:34:03.339-0400] {dag.py:3834} INFO - Setting next_dagrun for tutorial_objectstorage to None, run_after=None
[2024-03-12T21:34:03.446-0400] {processor.py:183} INFO - Processing /home/ironbong_jr/mlops/project/project/lib/python3.10/site-packages/airflow/example_dags/tutorial_objectstorage.py took 0.276 seconds
[2024-03-12T23:25:47.005-0400] {processor.py:161} INFO - Started process (PID=417597) to work on /home/ironbong_jr/mlops/project/project/lib/python3.10/site-packages/airflow/example_dags/tutorial_objectstorage.py
[2024-03-12T23:25:47.057-0400] {processor.py:830} INFO - Processing file /home/ironbong_jr/mlops/project/project/lib/python3.10/site-packages/airflow/example_dags/tutorial_objectstorage.py for tasks to queue
[2024-03-12T23:25:47.060-0400] {logging_mixin.py:188} INFO - [2024-03-12T23:25:47.059-0400] {dagbag.py:540} INFO - Filling up the DagBag from /home/ironbong_jr/mlops/project/project/lib/python3.10/site-packages/airflow/example_dags/tutorial_objectstorage.py
[2024-03-12T23:25:47.120-0400] {processor.py:840} INFO - DAG(s) 'tutorial_objectstorage' retrieved from /home/ironbong_jr/mlops/project/project/lib/python3.10/site-packages/airflow/example_dags/tutorial_objectstorage.py
[2024-03-12T23:25:47.334-0400] {logging_mixin.py:188} INFO - [2024-03-12T23:25:47.334-0400] {dag.py:3047} INFO - Sync 1 DAGs
[2024-03-12T23:25:47.353-0400] {logging_mixin.py:188} INFO - [2024-03-12T23:25:47.353-0400] {dag.py:3834} INFO - Setting next_dagrun for tutorial_objectstorage to None, run_after=None
[2024-03-12T23:25:47.668-0400] {processor.py:183} INFO - Processing /home/ironbong_jr/mlops/project/project/lib/python3.10/site-packages/airflow/example_dags/tutorial_objectstorage.py took 0.671 seconds
[2024-03-12T23:29:10.364-0400] {processor.py:161} INFO - Started process (PID=418417) to work on /home/ironbong_jr/mlops/project/project/lib/python3.10/site-packages/airflow/example_dags/tutorial_objectstorage.py
[2024-03-12T23:29:10.415-0400] {processor.py:830} INFO - Processing file /home/ironbong_jr/mlops/project/project/lib/python3.10/site-packages/airflow/example_dags/tutorial_objectstorage.py for tasks to queue
[2024-03-12T23:29:10.419-0400] {logging_mixin.py:188} INFO - [2024-03-12T23:29:10.418-0400] {dagbag.py:540} INFO - Filling up the DagBag from /home/ironbong_jr/mlops/project/project/lib/python3.10/site-packages/airflow/example_dags/tutorial_objectstorage.py
[2024-03-12T23:29:10.439-0400] {processor.py:840} INFO - DAG(s) 'tutorial_objectstorage' retrieved from /home/ironbong_jr/mlops/project/project/lib/python3.10/site-packages/airflow/example_dags/tutorial_objectstorage.py
[2024-03-12T23:29:10.498-0400] {logging_mixin.py:188} INFO - [2024-03-12T23:29:10.497-0400] {dag.py:3047} INFO - Sync 1 DAGs
[2024-03-12T23:29:10.523-0400] {logging_mixin.py:188} INFO - [2024-03-12T23:29:10.522-0400] {dag.py:3834} INFO - Setting next_dagrun for tutorial_objectstorage to None, run_after=None
[2024-03-12T23:29:10.626-0400] {processor.py:183} INFO - Processing /home/ironbong_jr/mlops/project/project/lib/python3.10/site-packages/airflow/example_dags/tutorial_objectstorage.py took 0.271 seconds
[2024-03-12T23:30:33.050-0400] {processor.py:161} INFO - Started process (PID=418754) to work on /home/ironbong_jr/mlops/project/project/lib/python3.10/site-packages/airflow/example_dags/tutorial_objectstorage.py
[2024-03-12T23:30:33.053-0400] {processor.py:830} INFO - Processing file /home/ironbong_jr/mlops/project/project/lib/python3.10/site-packages/airflow/example_dags/tutorial_objectstorage.py for tasks to queue
[2024-03-12T23:30:33.055-0400] {logging_mixin.py:188} INFO - [2024-03-12T23:30:33.054-0400] {dagbag.py:540} INFO - Filling up the DagBag from /home/ironbong_jr/mlops/project/project/lib/python3.10/site-packages/airflow/example_dags/tutorial_objectstorage.py
[2024-03-12T23:30:33.070-0400] {processor.py:840} INFO - DAG(s) 'tutorial_objectstorage' retrieved from /home/ironbong_jr/mlops/project/project/lib/python3.10/site-packages/airflow/example_dags/tutorial_objectstorage.py
[2024-03-12T23:30:33.100-0400] {logging_mixin.py:188} INFO - [2024-03-12T23:30:33.100-0400] {dag.py:3047} INFO - Sync 1 DAGs
[2024-03-12T23:30:33.134-0400] {logging_mixin.py:188} INFO - [2024-03-12T23:30:33.133-0400] {dag.py:3834} INFO - Setting next_dagrun for tutorial_objectstorage to None, run_after=None
[2024-03-12T23:30:33.185-0400] {processor.py:183} INFO - Processing /home/ironbong_jr/mlops/project/project/lib/python3.10/site-packages/airflow/example_dags/tutorial_objectstorage.py took 0.142 seconds
[2024-03-12T23:40:13.128-0400] {processor.py:161} INFO - Started process (PID=420794) to work on /home/ironbong_jr/mlops/project/project/lib/python3.10/site-packages/airflow/example_dags/tutorial_objectstorage.py
[2024-03-12T23:40:13.130-0400] {processor.py:830} INFO - Processing file /home/ironbong_jr/mlops/project/project/lib/python3.10/site-packages/airflow/example_dags/tutorial_objectstorage.py for tasks to queue
[2024-03-12T23:40:13.132-0400] {logging_mixin.py:188} INFO - [2024-03-12T23:40:13.131-0400] {dagbag.py:540} INFO - Filling up the DagBag from /home/ironbong_jr/mlops/project/project/lib/python3.10/site-packages/airflow/example_dags/tutorial_objectstorage.py
[2024-03-12T23:40:13.148-0400] {processor.py:840} INFO - DAG(s) 'tutorial_objectstorage' retrieved from /home/ironbong_jr/mlops/project/project/lib/python3.10/site-packages/airflow/example_dags/tutorial_objectstorage.py
[2024-03-12T23:40:13.315-0400] {logging_mixin.py:188} INFO - [2024-03-12T23:40:13.314-0400] {dag.py:3047} INFO - Sync 1 DAGs
[2024-03-12T23:40:13.332-0400] {logging_mixin.py:188} INFO - [2024-03-12T23:40:13.332-0400] {dag.py:3834} INFO - Setting next_dagrun for tutorial_objectstorage to None, run_after=None
[2024-03-12T23:40:13.678-0400] {processor.py:183} INFO - Processing /home/ironbong_jr/mlops/project/project/lib/python3.10/site-packages/airflow/example_dags/tutorial_objectstorage.py took 0.557 seconds
[2024-03-12T23:43:20.412-0400] {processor.py:161} INFO - Started process (PID=421849) to work on /home/ironbong_jr/mlops/project/project/lib/python3.10/site-packages/airflow/example_dags/tutorial_objectstorage.py
[2024-03-12T23:43:20.462-0400] {processor.py:830} INFO - Processing file /home/ironbong_jr/mlops/project/project/lib/python3.10/site-packages/airflow/example_dags/tutorial_objectstorage.py for tasks to queue
[2024-03-12T23:43:20.465-0400] {logging_mixin.py:188} INFO - [2024-03-12T23:43:20.464-0400] {dagbag.py:540} INFO - Filling up the DagBag from /home/ironbong_jr/mlops/project/project/lib/python3.10/site-packages/airflow/example_dags/tutorial_objectstorage.py
[2024-03-12T23:43:20.482-0400] {processor.py:840} INFO - DAG(s) 'tutorial_objectstorage' retrieved from /home/ironbong_jr/mlops/project/project/lib/python3.10/site-packages/airflow/example_dags/tutorial_objectstorage.py
[2024-03-12T23:43:20.517-0400] {logging_mixin.py:188} INFO - [2024-03-12T23:43:20.516-0400] {dag.py:3047} INFO - Sync 1 DAGs
[2024-03-12T23:43:20.533-0400] {logging_mixin.py:188} INFO - [2024-03-12T23:43:20.533-0400] {dag.py:3834} INFO - Setting next_dagrun for tutorial_objectstorage to None, run_after=None
[2024-03-12T23:43:20.615-0400] {processor.py:183} INFO - Processing /home/ironbong_jr/mlops/project/project/lib/python3.10/site-packages/airflow/example_dags/tutorial_objectstorage.py took 0.208 seconds
[2024-03-12T23:44:19.251-0400] {processor.py:161} INFO - Started process (PID=422092) to work on /home/ironbong_jr/mlops/project/project/lib/python3.10/site-packages/airflow/example_dags/tutorial_objectstorage.py
[2024-03-12T23:44:19.302-0400] {processor.py:830} INFO - Processing file /home/ironbong_jr/mlops/project/project/lib/python3.10/site-packages/airflow/example_dags/tutorial_objectstorage.py for tasks to queue
[2024-03-12T23:44:19.305-0400] {logging_mixin.py:188} INFO - [2024-03-12T23:44:19.304-0400] {dagbag.py:540} INFO - Filling up the DagBag from /home/ironbong_jr/mlops/project/project/lib/python3.10/site-packages/airflow/example_dags/tutorial_objectstorage.py
[2024-03-12T23:44:19.324-0400] {processor.py:840} INFO - DAG(s) 'tutorial_objectstorage' retrieved from /home/ironbong_jr/mlops/project/project/lib/python3.10/site-packages/airflow/example_dags/tutorial_objectstorage.py
[2024-03-12T23:44:19.540-0400] {logging_mixin.py:188} INFO - [2024-03-12T23:44:19.540-0400] {dag.py:3047} INFO - Sync 1 DAGs
[2024-03-12T23:44:19.555-0400] {logging_mixin.py:188} INFO - [2024-03-12T23:44:19.554-0400] {dag.py:3834} INFO - Setting next_dagrun for tutorial_objectstorage to None, run_after=None
[2024-03-12T23:44:19.611-0400] {processor.py:183} INFO - Processing /home/ironbong_jr/mlops/project/project/lib/python3.10/site-packages/airflow/example_dags/tutorial_objectstorage.py took 0.370 seconds
[2024-03-12T23:46:00.852-0400] {processor.py:161} INFO - Started process (PID=422675) to work on /home/ironbong_jr/mlops/project/project/lib/python3.10/site-packages/airflow/example_dags/tutorial_objectstorage.py
[2024-03-12T23:46:00.856-0400] {processor.py:830} INFO - Processing file /home/ironbong_jr/mlops/project/project/lib/python3.10/site-packages/airflow/example_dags/tutorial_objectstorage.py for tasks to queue
[2024-03-12T23:46:00.859-0400] {logging_mixin.py:188} INFO - [2024-03-12T23:46:00.858-0400] {dagbag.py:540} INFO - Filling up the DagBag from /home/ironbong_jr/mlops/project/project/lib/python3.10/site-packages/airflow/example_dags/tutorial_objectstorage.py
[2024-03-12T23:46:00.877-0400] {processor.py:840} INFO - DAG(s) 'tutorial_objectstorage' retrieved from /home/ironbong_jr/mlops/project/project/lib/python3.10/site-packages/airflow/example_dags/tutorial_objectstorage.py
[2024-03-12T23:46:00.903-0400] {logging_mixin.py:188} INFO - [2024-03-12T23:46:00.902-0400] {dag.py:3047} INFO - Sync 1 DAGs
[2024-03-12T23:46:00.932-0400] {logging_mixin.py:188} INFO - [2024-03-12T23:46:00.931-0400] {dag.py:3834} INFO - Setting next_dagrun for tutorial_objectstorage to None, run_after=None
[2024-03-12T23:46:00.988-0400] {processor.py:183} INFO - Processing /home/ironbong_jr/mlops/project/project/lib/python3.10/site-packages/airflow/example_dags/tutorial_objectstorage.py took 0.142 seconds
[2024-03-12T23:48:04.420-0400] {processor.py:161} INFO - Started process (PID=423266) to work on /home/ironbong_jr/mlops/project/project/lib/python3.10/site-packages/airflow/example_dags/tutorial_objectstorage.py
[2024-03-12T23:48:04.458-0400] {processor.py:830} INFO - Processing file /home/ironbong_jr/mlops/project/project/lib/python3.10/site-packages/airflow/example_dags/tutorial_objectstorage.py for tasks to queue
[2024-03-12T23:48:04.462-0400] {logging_mixin.py:188} INFO - [2024-03-12T23:48:04.460-0400] {dagbag.py:540} INFO - Filling up the DagBag from /home/ironbong_jr/mlops/project/project/lib/python3.10/site-packages/airflow/example_dags/tutorial_objectstorage.py
[2024-03-12T23:48:04.483-0400] {processor.py:840} INFO - DAG(s) 'tutorial_objectstorage' retrieved from /home/ironbong_jr/mlops/project/project/lib/python3.10/site-packages/airflow/example_dags/tutorial_objectstorage.py
[2024-03-12T23:48:04.516-0400] {logging_mixin.py:188} INFO - [2024-03-12T23:48:04.515-0400] {dag.py:3047} INFO - Sync 1 DAGs
[2024-03-12T23:48:04.541-0400] {logging_mixin.py:188} INFO - [2024-03-12T23:48:04.540-0400] {dag.py:3834} INFO - Setting next_dagrun for tutorial_objectstorage to None, run_after=None
[2024-03-12T23:48:04.596-0400] {processor.py:183} INFO - Processing /home/ironbong_jr/mlops/project/project/lib/python3.10/site-packages/airflow/example_dags/tutorial_objectstorage.py took 0.182 seconds
[2024-03-12T23:49:04.921-0400] {processor.py:161} INFO - Started process (PID=423527) to work on /home/ironbong_jr/mlops/project/project/lib/python3.10/site-packages/airflow/example_dags/tutorial_objectstorage.py
[2024-03-12T23:49:04.971-0400] {processor.py:830} INFO - Processing file /home/ironbong_jr/mlops/project/project/lib/python3.10/site-packages/airflow/example_dags/tutorial_objectstorage.py for tasks to queue
[2024-03-12T23:49:04.975-0400] {logging_mixin.py:188} INFO - [2024-03-12T23:49:04.974-0400] {dagbag.py:540} INFO - Filling up the DagBag from /home/ironbong_jr/mlops/project/project/lib/python3.10/site-packages/airflow/example_dags/tutorial_objectstorage.py
[2024-03-12T23:49:04.992-0400] {processor.py:840} INFO - DAG(s) 'tutorial_objectstorage' retrieved from /home/ironbong_jr/mlops/project/project/lib/python3.10/site-packages/airflow/example_dags/tutorial_objectstorage.py
[2024-03-12T23:49:05.025-0400] {logging_mixin.py:188} INFO - [2024-03-12T23:49:05.024-0400] {dag.py:3047} INFO - Sync 1 DAGs
[2024-03-12T23:49:05.047-0400] {logging_mixin.py:188} INFO - [2024-03-12T23:49:05.046-0400] {dag.py:3834} INFO - Setting next_dagrun for tutorial_objectstorage to None, run_after=None
[2024-03-12T23:49:05.096-0400] {processor.py:183} INFO - Processing /home/ironbong_jr/mlops/project/project/lib/python3.10/site-packages/airflow/example_dags/tutorial_objectstorage.py took 0.194 seconds
[2024-03-12T23:50:31.476-0400] {processor.py:161} INFO - Started process (PID=424001) to work on /home/ironbong_jr/mlops/project/project/lib/python3.10/site-packages/airflow/example_dags/tutorial_objectstorage.py
[2024-03-12T23:50:31.480-0400] {processor.py:830} INFO - Processing file /home/ironbong_jr/mlops/project/project/lib/python3.10/site-packages/airflow/example_dags/tutorial_objectstorage.py for tasks to queue
[2024-03-12T23:50:31.482-0400] {logging_mixin.py:188} INFO - [2024-03-12T23:50:31.481-0400] {dagbag.py:540} INFO - Filling up the DagBag from /home/ironbong_jr/mlops/project/project/lib/python3.10/site-packages/airflow/example_dags/tutorial_objectstorage.py
[2024-03-12T23:50:31.496-0400] {processor.py:840} INFO - DAG(s) 'tutorial_objectstorage' retrieved from /home/ironbong_jr/mlops/project/project/lib/python3.10/site-packages/airflow/example_dags/tutorial_objectstorage.py
[2024-03-12T23:50:31.522-0400] {logging_mixin.py:188} INFO - [2024-03-12T23:50:31.521-0400] {dag.py:3047} INFO - Sync 1 DAGs
[2024-03-12T23:50:31.539-0400] {logging_mixin.py:188} INFO - [2024-03-12T23:50:31.539-0400] {dag.py:3834} INFO - Setting next_dagrun for tutorial_objectstorage to None, run_after=None
[2024-03-12T23:50:31.583-0400] {processor.py:183} INFO - Processing /home/ironbong_jr/mlops/project/project/lib/python3.10/site-packages/airflow/example_dags/tutorial_objectstorage.py took 0.114 seconds
[2024-03-12T23:51:56.463-0400] {processor.py:161} INFO - Started process (PID=424382) to work on /home/ironbong_jr/mlops/project/project/lib/python3.10/site-packages/airflow/example_dags/tutorial_objectstorage.py
[2024-03-12T23:51:56.514-0400] {processor.py:830} INFO - Processing file /home/ironbong_jr/mlops/project/project/lib/python3.10/site-packages/airflow/example_dags/tutorial_objectstorage.py for tasks to queue
[2024-03-12T23:51:56.517-0400] {logging_mixin.py:188} INFO - [2024-03-12T23:51:56.516-0400] {dagbag.py:540} INFO - Filling up the DagBag from /home/ironbong_jr/mlops/project/project/lib/python3.10/site-packages/airflow/example_dags/tutorial_objectstorage.py
[2024-03-12T23:51:56.532-0400] {processor.py:840} INFO - DAG(s) 'tutorial_objectstorage' retrieved from /home/ironbong_jr/mlops/project/project/lib/python3.10/site-packages/airflow/example_dags/tutorial_objectstorage.py
[2024-03-12T23:51:56.558-0400] {logging_mixin.py:188} INFO - [2024-03-12T23:51:56.558-0400] {dag.py:3047} INFO - Sync 1 DAGs
[2024-03-12T23:51:56.578-0400] {logging_mixin.py:188} INFO - [2024-03-12T23:51:56.577-0400] {dag.py:3834} INFO - Setting next_dagrun for tutorial_objectstorage to None, run_after=None
[2024-03-12T23:51:56.622-0400] {processor.py:183} INFO - Processing /home/ironbong_jr/mlops/project/project/lib/python3.10/site-packages/airflow/example_dags/tutorial_objectstorage.py took 0.166 seconds
[2024-03-12T23:53:23.503-0400] {processor.py:161} INFO - Started process (PID=424930) to work on /home/ironbong_jr/mlops/project/project/lib/python3.10/site-packages/airflow/example_dags/tutorial_objectstorage.py
[2024-03-12T23:53:23.554-0400] {processor.py:830} INFO - Processing file /home/ironbong_jr/mlops/project/project/lib/python3.10/site-packages/airflow/example_dags/tutorial_objectstorage.py for tasks to queue
[2024-03-12T23:53:23.556-0400] {logging_mixin.py:188} INFO - [2024-03-12T23:53:23.555-0400] {dagbag.py:540} INFO - Filling up the DagBag from /home/ironbong_jr/mlops/project/project/lib/python3.10/site-packages/airflow/example_dags/tutorial_objectstorage.py
[2024-03-12T23:53:23.570-0400] {processor.py:840} INFO - DAG(s) 'tutorial_objectstorage' retrieved from /home/ironbong_jr/mlops/project/project/lib/python3.10/site-packages/airflow/example_dags/tutorial_objectstorage.py
[2024-03-12T23:53:23.596-0400] {logging_mixin.py:188} INFO - [2024-03-12T23:53:23.596-0400] {dag.py:3047} INFO - Sync 1 DAGs
[2024-03-12T23:53:23.613-0400] {logging_mixin.py:188} INFO - [2024-03-12T23:53:23.613-0400] {dag.py:3834} INFO - Setting next_dagrun for tutorial_objectstorage to None, run_after=None
[2024-03-12T23:53:23.653-0400] {processor.py:183} INFO - Processing /home/ironbong_jr/mlops/project/project/lib/python3.10/site-packages/airflow/example_dags/tutorial_objectstorage.py took 0.155 seconds
[2024-03-12T23:54:59.808-0400] {processor.py:161} INFO - Started process (PID=425344) to work on /home/ironbong_jr/mlops/project/project/lib/python3.10/site-packages/airflow/example_dags/tutorial_objectstorage.py
[2024-03-12T23:54:59.858-0400] {processor.py:830} INFO - Processing file /home/ironbong_jr/mlops/project/project/lib/python3.10/site-packages/airflow/example_dags/tutorial_objectstorage.py for tasks to queue
[2024-03-12T23:54:59.860-0400] {logging_mixin.py:188} INFO - [2024-03-12T23:54:59.859-0400] {dagbag.py:540} INFO - Filling up the DagBag from /home/ironbong_jr/mlops/project/project/lib/python3.10/site-packages/airflow/example_dags/tutorial_objectstorage.py
[2024-03-12T23:54:59.876-0400] {processor.py:840} INFO - DAG(s) 'tutorial_objectstorage' retrieved from /home/ironbong_jr/mlops/project/project/lib/python3.10/site-packages/airflow/example_dags/tutorial_objectstorage.py
[2024-03-12T23:54:59.905-0400] {logging_mixin.py:188} INFO - [2024-03-12T23:54:59.905-0400] {dag.py:3047} INFO - Sync 1 DAGs
[2024-03-12T23:54:59.924-0400] {logging_mixin.py:188} INFO - [2024-03-12T23:54:59.924-0400] {dag.py:3834} INFO - Setting next_dagrun for tutorial_objectstorage to None, run_after=None
[2024-03-12T23:54:59.975-0400] {processor.py:183} INFO - Processing /home/ironbong_jr/mlops/project/project/lib/python3.10/site-packages/airflow/example_dags/tutorial_objectstorage.py took 0.177 seconds
[2024-03-13T00:28:42.539-0400] {processor.py:161} INFO - Started process (PID=432485) to work on /home/ironbong_jr/mlops/project/project/lib/python3.10/site-packages/airflow/example_dags/tutorial_objectstorage.py
[2024-03-13T00:28:42.542-0400] {processor.py:830} INFO - Processing file /home/ironbong_jr/mlops/project/project/lib/python3.10/site-packages/airflow/example_dags/tutorial_objectstorage.py for tasks to queue
[2024-03-13T00:28:42.543-0400] {logging_mixin.py:188} INFO - [2024-03-13T00:28:42.542-0400] {dagbag.py:540} INFO - Filling up the DagBag from /home/ironbong_jr/mlops/project/project/lib/python3.10/site-packages/airflow/example_dags/tutorial_objectstorage.py
[2024-03-13T00:28:42.558-0400] {processor.py:840} INFO - DAG(s) 'tutorial_objectstorage' retrieved from /home/ironbong_jr/mlops/project/project/lib/python3.10/site-packages/airflow/example_dags/tutorial_objectstorage.py
[2024-03-13T00:28:42.682-0400] {logging_mixin.py:188} INFO - [2024-03-13T00:28:42.681-0400] {dag.py:3047} INFO - Sync 1 DAGs
[2024-03-13T00:28:42.725-0400] {logging_mixin.py:188} INFO - [2024-03-13T00:28:42.724-0400] {dag.py:3834} INFO - Setting next_dagrun for tutorial_objectstorage to None, run_after=None
[2024-03-13T00:28:43.011-0400] {processor.py:183} INFO - Processing /home/ironbong_jr/mlops/project/project/lib/python3.10/site-packages/airflow/example_dags/tutorial_objectstorage.py took 0.477 seconds
[2024-03-13T00:31:07.372-0400] {processor.py:161} INFO - Started process (PID=433115) to work on /home/ironbong_jr/mlops/project/project/lib/python3.10/site-packages/airflow/example_dags/tutorial_objectstorage.py
[2024-03-13T00:31:07.423-0400] {processor.py:830} INFO - Processing file /home/ironbong_jr/mlops/project/project/lib/python3.10/site-packages/airflow/example_dags/tutorial_objectstorage.py for tasks to queue
[2024-03-13T00:31:07.425-0400] {logging_mixin.py:188} INFO - [2024-03-13T00:31:07.424-0400] {dagbag.py:540} INFO - Filling up the DagBag from /home/ironbong_jr/mlops/project/project/lib/python3.10/site-packages/airflow/example_dags/tutorial_objectstorage.py
[2024-03-13T00:31:07.445-0400] {processor.py:840} INFO - DAG(s) 'tutorial_objectstorage' retrieved from /home/ironbong_jr/mlops/project/project/lib/python3.10/site-packages/airflow/example_dags/tutorial_objectstorage.py
[2024-03-13T00:31:07.476-0400] {logging_mixin.py:188} INFO - [2024-03-13T00:31:07.475-0400] {dag.py:3047} INFO - Sync 1 DAGs
[2024-03-13T00:31:07.498-0400] {logging_mixin.py:188} INFO - [2024-03-13T00:31:07.498-0400] {dag.py:3834} INFO - Setting next_dagrun for tutorial_objectstorage to None, run_after=None
[2024-03-13T00:31:07.552-0400] {processor.py:183} INFO - Processing /home/ironbong_jr/mlops/project/project/lib/python3.10/site-packages/airflow/example_dags/tutorial_objectstorage.py took 0.187 seconds
[2024-03-13T00:32:51.929-0400] {processor.py:161} INFO - Started process (PID=433607) to work on /home/ironbong_jr/mlops/project/project/lib/python3.10/site-packages/airflow/example_dags/tutorial_objectstorage.py
[2024-03-13T00:32:51.932-0400] {processor.py:830} INFO - Processing file /home/ironbong_jr/mlops/project/project/lib/python3.10/site-packages/airflow/example_dags/tutorial_objectstorage.py for tasks to queue
[2024-03-13T00:32:51.935-0400] {logging_mixin.py:188} INFO - [2024-03-13T00:32:51.933-0400] {dagbag.py:540} INFO - Filling up the DagBag from /home/ironbong_jr/mlops/project/project/lib/python3.10/site-packages/airflow/example_dags/tutorial_objectstorage.py
[2024-03-13T00:32:51.951-0400] {processor.py:840} INFO - DAG(s) 'tutorial_objectstorage' retrieved from /home/ironbong_jr/mlops/project/project/lib/python3.10/site-packages/airflow/example_dags/tutorial_objectstorage.py
[2024-03-13T00:32:51.981-0400] {logging_mixin.py:188} INFO - [2024-03-13T00:32:51.980-0400] {dag.py:3047} INFO - Sync 1 DAGs
[2024-03-13T00:32:52.010-0400] {logging_mixin.py:188} INFO - [2024-03-13T00:32:52.009-0400] {dag.py:3834} INFO - Setting next_dagrun for tutorial_objectstorage to None, run_after=None
[2024-03-13T00:32:52.066-0400] {processor.py:183} INFO - Processing /home/ironbong_jr/mlops/project/project/lib/python3.10/site-packages/airflow/example_dags/tutorial_objectstorage.py took 0.143 seconds
[2024-03-13T00:35:28.822-0400] {processor.py:161} INFO - Started process (PID=434231) to work on /home/ironbong_jr/mlops/project/project/lib/python3.10/site-packages/airflow/example_dags/tutorial_objectstorage.py
[2024-03-13T00:35:28.875-0400] {processor.py:830} INFO - Processing file /home/ironbong_jr/mlops/project/project/lib/python3.10/site-packages/airflow/example_dags/tutorial_objectstorage.py for tasks to queue
[2024-03-13T00:35:28.879-0400] {logging_mixin.py:188} INFO - [2024-03-13T00:35:28.878-0400] {dagbag.py:540} INFO - Filling up the DagBag from /home/ironbong_jr/mlops/project/project/lib/python3.10/site-packages/airflow/example_dags/tutorial_objectstorage.py
[2024-03-13T00:35:28.896-0400] {processor.py:840} INFO - DAG(s) 'tutorial_objectstorage' retrieved from /home/ironbong_jr/mlops/project/project/lib/python3.10/site-packages/airflow/example_dags/tutorial_objectstorage.py
[2024-03-13T00:35:28.935-0400] {logging_mixin.py:188} INFO - [2024-03-13T00:35:28.934-0400] {dag.py:3047} INFO - Sync 1 DAGs
[2024-03-13T00:35:28.962-0400] {logging_mixin.py:188} INFO - [2024-03-13T00:35:28.961-0400] {dag.py:3834} INFO - Setting next_dagrun for tutorial_objectstorage to None, run_after=None
[2024-03-13T00:35:29.115-0400] {processor.py:183} INFO - Processing /home/ironbong_jr/mlops/project/project/lib/python3.10/site-packages/airflow/example_dags/tutorial_objectstorage.py took 0.300 seconds
[2024-03-13T00:36:45.916-0400] {processor.py:161} INFO - Started process (PID=434566) to work on /home/ironbong_jr/mlops/project/project/lib/python3.10/site-packages/airflow/example_dags/tutorial_objectstorage.py
[2024-03-13T00:36:45.965-0400] {processor.py:830} INFO - Processing file /home/ironbong_jr/mlops/project/project/lib/python3.10/site-packages/airflow/example_dags/tutorial_objectstorage.py for tasks to queue
[2024-03-13T00:36:45.966-0400] {logging_mixin.py:188} INFO - [2024-03-13T00:36:45.966-0400] {dagbag.py:540} INFO - Filling up the DagBag from /home/ironbong_jr/mlops/project/project/lib/python3.10/site-packages/airflow/example_dags/tutorial_objectstorage.py
[2024-03-13T00:36:45.979-0400] {processor.py:840} INFO - DAG(s) 'tutorial_objectstorage' retrieved from /home/ironbong_jr/mlops/project/project/lib/python3.10/site-packages/airflow/example_dags/tutorial_objectstorage.py
[2024-03-13T00:36:46.005-0400] {logging_mixin.py:188} INFO - [2024-03-13T00:36:46.004-0400] {dag.py:3047} INFO - Sync 1 DAGs
[2024-03-13T00:36:46.021-0400] {logging_mixin.py:188} INFO - [2024-03-13T00:36:46.020-0400] {dag.py:3834} INFO - Setting next_dagrun for tutorial_objectstorage to None, run_after=None
[2024-03-13T00:36:46.059-0400] {processor.py:183} INFO - Processing /home/ironbong_jr/mlops/project/project/lib/python3.10/site-packages/airflow/example_dags/tutorial_objectstorage.py took 0.148 seconds
[2024-03-13T00:38:54.874-0400] {processor.py:161} INFO - Started process (PID=435194) to work on /home/ironbong_jr/mlops/project/project/lib/python3.10/site-packages/airflow/example_dags/tutorial_objectstorage.py
[2024-03-13T00:38:54.877-0400] {processor.py:830} INFO - Processing file /home/ironbong_jr/mlops/project/project/lib/python3.10/site-packages/airflow/example_dags/tutorial_objectstorage.py for tasks to queue
[2024-03-13T00:38:54.879-0400] {logging_mixin.py:188} INFO - [2024-03-13T00:38:54.878-0400] {dagbag.py:540} INFO - Filling up the DagBag from /home/ironbong_jr/mlops/project/project/lib/python3.10/site-packages/airflow/example_dags/tutorial_objectstorage.py
[2024-03-13T00:38:54.895-0400] {processor.py:840} INFO - DAG(s) 'tutorial_objectstorage' retrieved from /home/ironbong_jr/mlops/project/project/lib/python3.10/site-packages/airflow/example_dags/tutorial_objectstorage.py
[2024-03-13T00:38:54.928-0400] {logging_mixin.py:188} INFO - [2024-03-13T00:38:54.928-0400] {dag.py:3047} INFO - Sync 1 DAGs
[2024-03-13T00:38:54.945-0400] {logging_mixin.py:188} INFO - [2024-03-13T00:38:54.944-0400] {dag.py:3834} INFO - Setting next_dagrun for tutorial_objectstorage to None, run_after=None
[2024-03-13T00:38:55.002-0400] {processor.py:183} INFO - Processing /home/ironbong_jr/mlops/project/project/lib/python3.10/site-packages/airflow/example_dags/tutorial_objectstorage.py took 0.140 seconds
[2024-03-13T00:40:32.148-0400] {processor.py:161} INFO - Started process (PID=435624) to work on /home/ironbong_jr/mlops/project/project/lib/python3.10/site-packages/airflow/example_dags/tutorial_objectstorage.py
[2024-03-13T00:40:32.201-0400] {processor.py:830} INFO - Processing file /home/ironbong_jr/mlops/project/project/lib/python3.10/site-packages/airflow/example_dags/tutorial_objectstorage.py for tasks to queue
[2024-03-13T00:40:32.205-0400] {logging_mixin.py:188} INFO - [2024-03-13T00:40:32.203-0400] {dagbag.py:540} INFO - Filling up the DagBag from /home/ironbong_jr/mlops/project/project/lib/python3.10/site-packages/airflow/example_dags/tutorial_objectstorage.py
[2024-03-13T00:40:32.223-0400] {processor.py:840} INFO - DAG(s) 'tutorial_objectstorage' retrieved from /home/ironbong_jr/mlops/project/project/lib/python3.10/site-packages/airflow/example_dags/tutorial_objectstorage.py
[2024-03-13T00:40:32.256-0400] {logging_mixin.py:188} INFO - [2024-03-13T00:40:32.256-0400] {dag.py:3047} INFO - Sync 1 DAGs
[2024-03-13T00:40:32.275-0400] {logging_mixin.py:188} INFO - [2024-03-13T00:40:32.275-0400] {dag.py:3834} INFO - Setting next_dagrun for tutorial_objectstorage to None, run_after=None
[2024-03-13T00:40:32.318-0400] {processor.py:183} INFO - Processing /home/ironbong_jr/mlops/project/project/lib/python3.10/site-packages/airflow/example_dags/tutorial_objectstorage.py took 0.176 seconds
[2024-03-13T00:43:48.530-0400] {processor.py:161} INFO - Started process (PID=436543) to work on /home/ironbong_jr/mlops/project/project/lib/python3.10/site-packages/airflow/example_dags/tutorial_objectstorage.py
[2024-03-13T00:43:48.580-0400] {processor.py:830} INFO - Processing file /home/ironbong_jr/mlops/project/project/lib/python3.10/site-packages/airflow/example_dags/tutorial_objectstorage.py for tasks to queue
[2024-03-13T00:43:48.584-0400] {logging_mixin.py:188} INFO - [2024-03-13T00:43:48.583-0400] {dagbag.py:540} INFO - Filling up the DagBag from /home/ironbong_jr/mlops/project/project/lib/python3.10/site-packages/airflow/example_dags/tutorial_objectstorage.py
[2024-03-13T00:43:48.599-0400] {processor.py:840} INFO - DAG(s) 'tutorial_objectstorage' retrieved from /home/ironbong_jr/mlops/project/project/lib/python3.10/site-packages/airflow/example_dags/tutorial_objectstorage.py
[2024-03-13T00:43:48.622-0400] {logging_mixin.py:188} INFO - [2024-03-13T00:43:48.621-0400] {dag.py:3047} INFO - Sync 1 DAGs
[2024-03-13T00:43:48.638-0400] {logging_mixin.py:188} INFO - [2024-03-13T00:43:48.638-0400] {dag.py:3834} INFO - Setting next_dagrun for tutorial_objectstorage to None, run_after=None
[2024-03-13T00:43:48.686-0400] {processor.py:183} INFO - Processing /home/ironbong_jr/mlops/project/project/lib/python3.10/site-packages/airflow/example_dags/tutorial_objectstorage.py took 0.162 seconds
[2024-03-13T00:44:48.069-0400] {processor.py:161} INFO - Started process (PID=436793) to work on /home/ironbong_jr/mlops/project/project/lib/python3.10/site-packages/airflow/example_dags/tutorial_objectstorage.py
[2024-03-13T00:44:48.123-0400] {processor.py:830} INFO - Processing file /home/ironbong_jr/mlops/project/project/lib/python3.10/site-packages/airflow/example_dags/tutorial_objectstorage.py for tasks to queue
[2024-03-13T00:44:48.125-0400] {logging_mixin.py:188} INFO - [2024-03-13T00:44:48.124-0400] {dagbag.py:540} INFO - Filling up the DagBag from /home/ironbong_jr/mlops/project/project/lib/python3.10/site-packages/airflow/example_dags/tutorial_objectstorage.py
[2024-03-13T00:44:48.138-0400] {processor.py:840} INFO - DAG(s) 'tutorial_objectstorage' retrieved from /home/ironbong_jr/mlops/project/project/lib/python3.10/site-packages/airflow/example_dags/tutorial_objectstorage.py
[2024-03-13T00:44:48.162-0400] {logging_mixin.py:188} INFO - [2024-03-13T00:44:48.161-0400] {dag.py:3047} INFO - Sync 1 DAGs
[2024-03-13T00:44:48.176-0400] {logging_mixin.py:188} INFO - [2024-03-13T00:44:48.176-0400] {dag.py:3834} INFO - Setting next_dagrun for tutorial_objectstorage to None, run_after=None
[2024-03-13T00:44:48.220-0400] {processor.py:183} INFO - Processing /home/ironbong_jr/mlops/project/project/lib/python3.10/site-packages/airflow/example_dags/tutorial_objectstorage.py took 0.156 seconds
[2024-03-13T15:48:57.559-0400] {processor.py:161} INFO - Started process (PID=453663) to work on /home/ironbong_jr/mlops/project/project/lib/python3.10/site-packages/airflow/example_dags/tutorial_objectstorage.py
[2024-03-13T15:48:57.563-0400] {processor.py:830} INFO - Processing file /home/ironbong_jr/mlops/project/project/lib/python3.10/site-packages/airflow/example_dags/tutorial_objectstorage.py for tasks to queue
[2024-03-13T15:48:57.564-0400] {logging_mixin.py:188} INFO - [2024-03-13T15:48:57.563-0400] {dagbag.py:540} INFO - Filling up the DagBag from /home/ironbong_jr/mlops/project/project/lib/python3.10/site-packages/airflow/example_dags/tutorial_objectstorage.py
[2024-03-13T15:48:57.569-0400] {processor.py:840} INFO - DAG(s) 'tutorial_objectstorage' retrieved from /home/ironbong_jr/mlops/project/project/lib/python3.10/site-packages/airflow/example_dags/tutorial_objectstorage.py
[2024-03-13T15:48:57.574-0400] {logging_mixin.py:188} INFO - [2024-03-13T15:48:57.574-0400] {dag.py:3047} INFO - Sync 1 DAGs
[2024-03-13T15:48:57.580-0400] {logging_mixin.py:188} INFO - [2024-03-13T15:48:57.580-0400] {dag.py:3834} INFO - Setting next_dagrun for tutorial_objectstorage to None, run_after=None
[2024-03-13T15:48:57.601-0400] {processor.py:183} INFO - Processing /home/ironbong_jr/mlops/project/project/lib/python3.10/site-packages/airflow/example_dags/tutorial_objectstorage.py took 0.044 seconds
[2024-03-13T15:49:58.458-0400] {processor.py:161} INFO - Started process (PID=453976) to work on /home/ironbong_jr/mlops/project/project/lib/python3.10/site-packages/airflow/example_dags/tutorial_objectstorage.py
[2024-03-13T15:49:58.460-0400] {processor.py:830} INFO - Processing file /home/ironbong_jr/mlops/project/project/lib/python3.10/site-packages/airflow/example_dags/tutorial_objectstorage.py for tasks to queue
[2024-03-13T15:49:58.461-0400] {logging_mixin.py:188} INFO - [2024-03-13T15:49:58.460-0400] {dagbag.py:540} INFO - Filling up the DagBag from /home/ironbong_jr/mlops/project/project/lib/python3.10/site-packages/airflow/example_dags/tutorial_objectstorage.py
[2024-03-13T15:49:58.466-0400] {processor.py:840} INFO - DAG(s) 'tutorial_objectstorage' retrieved from /home/ironbong_jr/mlops/project/project/lib/python3.10/site-packages/airflow/example_dags/tutorial_objectstorage.py
[2024-03-13T15:49:58.594-0400] {logging_mixin.py:188} INFO - [2024-03-13T15:49:58.594-0400] {dag.py:3047} INFO - Sync 1 DAGs
[2024-03-13T15:49:58.600-0400] {logging_mixin.py:188} INFO - [2024-03-13T15:49:58.599-0400] {dag.py:3834} INFO - Setting next_dagrun for tutorial_objectstorage to None, run_after=None
[2024-03-13T15:49:58.623-0400] {processor.py:183} INFO - Processing /home/ironbong_jr/mlops/project/project/lib/python3.10/site-packages/airflow/example_dags/tutorial_objectstorage.py took 0.167 seconds
[2024-03-13T15:51:08.431-0400] {processor.py:161} INFO - Started process (PID=454403) to work on /home/ironbong_jr/mlops/project/project/lib/python3.10/site-packages/airflow/example_dags/tutorial_objectstorage.py
[2024-03-13T15:51:08.433-0400] {processor.py:830} INFO - Processing file /home/ironbong_jr/mlops/project/project/lib/python3.10/site-packages/airflow/example_dags/tutorial_objectstorage.py for tasks to queue
[2024-03-13T15:51:08.434-0400] {logging_mixin.py:188} INFO - [2024-03-13T15:51:08.433-0400] {dagbag.py:540} INFO - Filling up the DagBag from /home/ironbong_jr/mlops/project/project/lib/python3.10/site-packages/airflow/example_dags/tutorial_objectstorage.py
[2024-03-13T15:51:08.441-0400] {processor.py:840} INFO - DAG(s) 'tutorial_objectstorage' retrieved from /home/ironbong_jr/mlops/project/project/lib/python3.10/site-packages/airflow/example_dags/tutorial_objectstorage.py
[2024-03-13T15:51:08.453-0400] {logging_mixin.py:188} INFO - [2024-03-13T15:51:08.453-0400] {dag.py:3047} INFO - Sync 1 DAGs
[2024-03-13T15:51:08.528-0400] {logging_mixin.py:188} INFO - [2024-03-13T15:51:08.528-0400] {dag.py:3834} INFO - Setting next_dagrun for tutorial_objectstorage to None, run_after=None
[2024-03-13T15:51:08.549-0400] {processor.py:183} INFO - Processing /home/ironbong_jr/mlops/project/project/lib/python3.10/site-packages/airflow/example_dags/tutorial_objectstorage.py took 0.121 seconds
[2024-03-13T15:52:03.409-0400] {processor.py:161} INFO - Started process (PID=454687) to work on /home/ironbong_jr/mlops/project/project/lib/python3.10/site-packages/airflow/example_dags/tutorial_objectstorage.py
[2024-03-13T15:52:03.412-0400] {processor.py:830} INFO - Processing file /home/ironbong_jr/mlops/project/project/lib/python3.10/site-packages/airflow/example_dags/tutorial_objectstorage.py for tasks to queue
[2024-03-13T15:52:03.413-0400] {logging_mixin.py:188} INFO - [2024-03-13T15:52:03.413-0400] {dagbag.py:540} INFO - Filling up the DagBag from /home/ironbong_jr/mlops/project/project/lib/python3.10/site-packages/airflow/example_dags/tutorial_objectstorage.py
[2024-03-13T15:52:03.419-0400] {processor.py:840} INFO - DAG(s) 'tutorial_objectstorage' retrieved from /home/ironbong_jr/mlops/project/project/lib/python3.10/site-packages/airflow/example_dags/tutorial_objectstorage.py
[2024-03-13T15:52:03.428-0400] {logging_mixin.py:188} INFO - [2024-03-13T15:52:03.428-0400] {dag.py:3047} INFO - Sync 1 DAGs
[2024-03-13T15:52:03.435-0400] {logging_mixin.py:188} INFO - [2024-03-13T15:52:03.435-0400] {dag.py:3834} INFO - Setting next_dagrun for tutorial_objectstorage to None, run_after=None
[2024-03-13T15:52:03.460-0400] {processor.py:183} INFO - Processing /home/ironbong_jr/mlops/project/project/lib/python3.10/site-packages/airflow/example_dags/tutorial_objectstorage.py took 0.053 seconds
[2024-03-13T15:52:57.370-0400] {processor.py:161} INFO - Started process (PID=454972) to work on /home/ironbong_jr/mlops/project/project/lib/python3.10/site-packages/airflow/example_dags/tutorial_objectstorage.py
[2024-03-13T15:52:57.373-0400] {processor.py:830} INFO - Processing file /home/ironbong_jr/mlops/project/project/lib/python3.10/site-packages/airflow/example_dags/tutorial_objectstorage.py for tasks to queue
[2024-03-13T15:52:57.374-0400] {logging_mixin.py:188} INFO - [2024-03-13T15:52:57.374-0400] {dagbag.py:540} INFO - Filling up the DagBag from /home/ironbong_jr/mlops/project/project/lib/python3.10/site-packages/airflow/example_dags/tutorial_objectstorage.py
[2024-03-13T15:52:57.381-0400] {processor.py:840} INFO - DAG(s) 'tutorial_objectstorage' retrieved from /home/ironbong_jr/mlops/project/project/lib/python3.10/site-packages/airflow/example_dags/tutorial_objectstorage.py
[2024-03-13T15:52:57.395-0400] {logging_mixin.py:188} INFO - [2024-03-13T15:52:57.394-0400] {dag.py:3047} INFO - Sync 1 DAGs
[2024-03-13T15:52:57.404-0400] {logging_mixin.py:188} INFO - [2024-03-13T15:52:57.403-0400] {dag.py:3834} INFO - Setting next_dagrun for tutorial_objectstorage to None, run_after=None
[2024-03-13T15:52:57.427-0400] {processor.py:183} INFO - Processing /home/ironbong_jr/mlops/project/project/lib/python3.10/site-packages/airflow/example_dags/tutorial_objectstorage.py took 0.060 seconds
[2024-03-13T15:53:46.677-0400] {processor.py:161} INFO - Started process (PID=455223) to work on /home/ironbong_jr/mlops/project/project/lib/python3.10/site-packages/airflow/example_dags/tutorial_objectstorage.py
[2024-03-13T15:53:46.679-0400] {processor.py:830} INFO - Processing file /home/ironbong_jr/mlops/project/project/lib/python3.10/site-packages/airflow/example_dags/tutorial_objectstorage.py for tasks to queue
[2024-03-13T15:53:46.680-0400] {logging_mixin.py:188} INFO - [2024-03-13T15:53:46.679-0400] {dagbag.py:540} INFO - Filling up the DagBag from /home/ironbong_jr/mlops/project/project/lib/python3.10/site-packages/airflow/example_dags/tutorial_objectstorage.py
[2024-03-13T15:53:46.688-0400] {processor.py:840} INFO - DAG(s) 'tutorial_objectstorage' retrieved from /home/ironbong_jr/mlops/project/project/lib/python3.10/site-packages/airflow/example_dags/tutorial_objectstorage.py
[2024-03-13T15:53:46.703-0400] {logging_mixin.py:188} INFO - [2024-03-13T15:53:46.703-0400] {dag.py:3047} INFO - Sync 1 DAGs
[2024-03-13T15:53:46.713-0400] {logging_mixin.py:188} INFO - [2024-03-13T15:53:46.713-0400] {dag.py:3834} INFO - Setting next_dagrun for tutorial_objectstorage to None, run_after=None
[2024-03-13T15:53:46.738-0400] {processor.py:183} INFO - Processing /home/ironbong_jr/mlops/project/project/lib/python3.10/site-packages/airflow/example_dags/tutorial_objectstorage.py took 0.064 seconds
[2024-03-13T15:54:36.270-0400] {processor.py:161} INFO - Started process (PID=455475) to work on /home/ironbong_jr/mlops/project/project/lib/python3.10/site-packages/airflow/example_dags/tutorial_objectstorage.py
[2024-03-13T15:54:36.273-0400] {processor.py:830} INFO - Processing file /home/ironbong_jr/mlops/project/project/lib/python3.10/site-packages/airflow/example_dags/tutorial_objectstorage.py for tasks to queue
[2024-03-13T15:54:36.274-0400] {logging_mixin.py:188} INFO - [2024-03-13T15:54:36.274-0400] {dagbag.py:540} INFO - Filling up the DagBag from /home/ironbong_jr/mlops/project/project/lib/python3.10/site-packages/airflow/example_dags/tutorial_objectstorage.py
[2024-03-13T15:54:36.280-0400] {processor.py:840} INFO - DAG(s) 'tutorial_objectstorage' retrieved from /home/ironbong_jr/mlops/project/project/lib/python3.10/site-packages/airflow/example_dags/tutorial_objectstorage.py
[2024-03-13T15:54:36.291-0400] {logging_mixin.py:188} INFO - [2024-03-13T15:54:36.291-0400] {dag.py:3047} INFO - Sync 1 DAGs
[2024-03-13T15:54:36.299-0400] {logging_mixin.py:188} INFO - [2024-03-13T15:54:36.299-0400] {dag.py:3834} INFO - Setting next_dagrun for tutorial_objectstorage to None, run_after=None
[2024-03-13T15:54:36.324-0400] {processor.py:183} INFO - Processing /home/ironbong_jr/mlops/project/project/lib/python3.10/site-packages/airflow/example_dags/tutorial_objectstorage.py took 0.056 seconds
[2024-03-13T15:55:30.143-0400] {processor.py:161} INFO - Started process (PID=455740) to work on /home/ironbong_jr/mlops/project/project/lib/python3.10/site-packages/airflow/example_dags/tutorial_objectstorage.py
[2024-03-13T15:55:30.148-0400] {processor.py:830} INFO - Processing file /home/ironbong_jr/mlops/project/project/lib/python3.10/site-packages/airflow/example_dags/tutorial_objectstorage.py for tasks to queue
[2024-03-13T15:55:30.150-0400] {logging_mixin.py:188} INFO - [2024-03-13T15:55:30.149-0400] {dagbag.py:540} INFO - Filling up the DagBag from /home/ironbong_jr/mlops/project/project/lib/python3.10/site-packages/airflow/example_dags/tutorial_objectstorage.py
[2024-03-13T15:55:30.156-0400] {processor.py:840} INFO - DAG(s) 'tutorial_objectstorage' retrieved from /home/ironbong_jr/mlops/project/project/lib/python3.10/site-packages/airflow/example_dags/tutorial_objectstorage.py
[2024-03-13T15:55:30.168-0400] {logging_mixin.py:188} INFO - [2024-03-13T15:55:30.168-0400] {dag.py:3047} INFO - Sync 1 DAGs
[2024-03-13T15:55:30.177-0400] {logging_mixin.py:188} INFO - [2024-03-13T15:55:30.176-0400] {dag.py:3834} INFO - Setting next_dagrun for tutorial_objectstorage to None, run_after=None
[2024-03-13T15:55:30.202-0400] {processor.py:183} INFO - Processing /home/ironbong_jr/mlops/project/project/lib/python3.10/site-packages/airflow/example_dags/tutorial_objectstorage.py took 0.063 seconds
[2024-03-13T15:56:18.583-0400] {processor.py:161} INFO - Started process (PID=455993) to work on /home/ironbong_jr/mlops/project/project/lib/python3.10/site-packages/airflow/example_dags/tutorial_objectstorage.py
[2024-03-13T15:56:18.585-0400] {processor.py:830} INFO - Processing file /home/ironbong_jr/mlops/project/project/lib/python3.10/site-packages/airflow/example_dags/tutorial_objectstorage.py for tasks to queue
[2024-03-13T15:56:18.585-0400] {logging_mixin.py:188} INFO - [2024-03-13T15:56:18.585-0400] {dagbag.py:540} INFO - Filling up the DagBag from /home/ironbong_jr/mlops/project/project/lib/python3.10/site-packages/airflow/example_dags/tutorial_objectstorage.py
[2024-03-13T15:56:18.590-0400] {processor.py:840} INFO - DAG(s) 'tutorial_objectstorage' retrieved from /home/ironbong_jr/mlops/project/project/lib/python3.10/site-packages/airflow/example_dags/tutorial_objectstorage.py
[2024-03-13T15:56:18.600-0400] {logging_mixin.py:188} INFO - [2024-03-13T15:56:18.600-0400] {dag.py:3047} INFO - Sync 1 DAGs
[2024-03-13T15:56:18.606-0400] {logging_mixin.py:188} INFO - [2024-03-13T15:56:18.606-0400] {dag.py:3834} INFO - Setting next_dagrun for tutorial_objectstorage to None, run_after=None
[2024-03-13T15:56:18.632-0400] {processor.py:183} INFO - Processing /home/ironbong_jr/mlops/project/project/lib/python3.10/site-packages/airflow/example_dags/tutorial_objectstorage.py took 0.052 seconds
[2024-03-13T15:57:07.826-0400] {processor.py:161} INFO - Started process (PID=456252) to work on /home/ironbong_jr/mlops/project/project/lib/python3.10/site-packages/airflow/example_dags/tutorial_objectstorage.py
[2024-03-13T15:57:07.830-0400] {processor.py:830} INFO - Processing file /home/ironbong_jr/mlops/project/project/lib/python3.10/site-packages/airflow/example_dags/tutorial_objectstorage.py for tasks to queue
[2024-03-13T15:57:07.831-0400] {logging_mixin.py:188} INFO - [2024-03-13T15:57:07.830-0400] {dagbag.py:540} INFO - Filling up the DagBag from /home/ironbong_jr/mlops/project/project/lib/python3.10/site-packages/airflow/example_dags/tutorial_objectstorage.py
[2024-03-13T15:57:07.836-0400] {processor.py:840} INFO - DAG(s) 'tutorial_objectstorage' retrieved from /home/ironbong_jr/mlops/project/project/lib/python3.10/site-packages/airflow/example_dags/tutorial_objectstorage.py
[2024-03-13T15:57:07.844-0400] {logging_mixin.py:188} INFO - [2024-03-13T15:57:07.844-0400] {dag.py:3047} INFO - Sync 1 DAGs
[2024-03-13T15:57:07.851-0400] {logging_mixin.py:188} INFO - [2024-03-13T15:57:07.851-0400] {dag.py:3834} INFO - Setting next_dagrun for tutorial_objectstorage to None, run_after=None
[2024-03-13T15:57:07.873-0400] {processor.py:183} INFO - Processing /home/ironbong_jr/mlops/project/project/lib/python3.10/site-packages/airflow/example_dags/tutorial_objectstorage.py took 0.049 seconds
[2024-03-13T15:57:59.062-0400] {processor.py:161} INFO - Started process (PID=456552) to work on /home/ironbong_jr/mlops/project/project/lib/python3.10/site-packages/airflow/example_dags/tutorial_objectstorage.py
[2024-03-13T15:57:59.067-0400] {processor.py:830} INFO - Processing file /home/ironbong_jr/mlops/project/project/lib/python3.10/site-packages/airflow/example_dags/tutorial_objectstorage.py for tasks to queue
[2024-03-13T15:57:59.068-0400] {logging_mixin.py:188} INFO - [2024-03-13T15:57:59.067-0400] {dagbag.py:540} INFO - Filling up the DagBag from /home/ironbong_jr/mlops/project/project/lib/python3.10/site-packages/airflow/example_dags/tutorial_objectstorage.py
[2024-03-13T15:57:59.076-0400] {processor.py:840} INFO - DAG(s) 'tutorial_objectstorage' retrieved from /home/ironbong_jr/mlops/project/project/lib/python3.10/site-packages/airflow/example_dags/tutorial_objectstorage.py
[2024-03-13T15:57:59.091-0400] {logging_mixin.py:188} INFO - [2024-03-13T15:57:59.091-0400] {dag.py:3047} INFO - Sync 1 DAGs
[2024-03-13T15:57:59.102-0400] {logging_mixin.py:188} INFO - [2024-03-13T15:57:59.102-0400] {dag.py:3834} INFO - Setting next_dagrun for tutorial_objectstorage to None, run_after=None
[2024-03-13T15:57:59.130-0400] {processor.py:183} INFO - Processing /home/ironbong_jr/mlops/project/project/lib/python3.10/site-packages/airflow/example_dags/tutorial_objectstorage.py took 0.071 seconds
[2024-03-13T15:58:51.228-0400] {processor.py:161} INFO - Started process (PID=456809) to work on /home/ironbong_jr/mlops/project/project/lib/python3.10/site-packages/airflow/example_dags/tutorial_objectstorage.py
[2024-03-13T15:58:51.229-0400] {processor.py:830} INFO - Processing file /home/ironbong_jr/mlops/project/project/lib/python3.10/site-packages/airflow/example_dags/tutorial_objectstorage.py for tasks to queue
[2024-03-13T15:58:51.230-0400] {logging_mixin.py:188} INFO - [2024-03-13T15:58:51.230-0400] {dagbag.py:540} INFO - Filling up the DagBag from /home/ironbong_jr/mlops/project/project/lib/python3.10/site-packages/airflow/example_dags/tutorial_objectstorage.py
[2024-03-13T15:58:51.237-0400] {processor.py:840} INFO - DAG(s) 'tutorial_objectstorage' retrieved from /home/ironbong_jr/mlops/project/project/lib/python3.10/site-packages/airflow/example_dags/tutorial_objectstorage.py
[2024-03-13T15:58:51.248-0400] {logging_mixin.py:188} INFO - [2024-03-13T15:58:51.247-0400] {dag.py:3047} INFO - Sync 1 DAGs
[2024-03-13T15:58:51.256-0400] {logging_mixin.py:188} INFO - [2024-03-13T15:58:51.256-0400] {dag.py:3834} INFO - Setting next_dagrun for tutorial_objectstorage to None, run_after=None
[2024-03-13T15:58:51.280-0400] {processor.py:183} INFO - Processing /home/ironbong_jr/mlops/project/project/lib/python3.10/site-packages/airflow/example_dags/tutorial_objectstorage.py took 0.054 seconds
[2024-03-13T15:59:43.173-0400] {processor.py:161} INFO - Started process (PID=457065) to work on /home/ironbong_jr/mlops/project/project/lib/python3.10/site-packages/airflow/example_dags/tutorial_objectstorage.py
[2024-03-13T15:59:43.178-0400] {processor.py:830} INFO - Processing file /home/ironbong_jr/mlops/project/project/lib/python3.10/site-packages/airflow/example_dags/tutorial_objectstorage.py for tasks to queue
[2024-03-13T15:59:43.179-0400] {logging_mixin.py:188} INFO - [2024-03-13T15:59:43.179-0400] {dagbag.py:540} INFO - Filling up the DagBag from /home/ironbong_jr/mlops/project/project/lib/python3.10/site-packages/airflow/example_dags/tutorial_objectstorage.py
[2024-03-13T15:59:43.184-0400] {processor.py:840} INFO - DAG(s) 'tutorial_objectstorage' retrieved from /home/ironbong_jr/mlops/project/project/lib/python3.10/site-packages/airflow/example_dags/tutorial_objectstorage.py
[2024-03-13T15:59:43.194-0400] {logging_mixin.py:188} INFO - [2024-03-13T15:59:43.194-0400] {dag.py:3047} INFO - Sync 1 DAGs
[2024-03-13T15:59:43.202-0400] {logging_mixin.py:188} INFO - [2024-03-13T15:59:43.202-0400] {dag.py:3834} INFO - Setting next_dagrun for tutorial_objectstorage to None, run_after=None
[2024-03-13T15:59:43.229-0400] {processor.py:183} INFO - Processing /home/ironbong_jr/mlops/project/project/lib/python3.10/site-packages/airflow/example_dags/tutorial_objectstorage.py took 0.058 seconds
[2024-03-13T16:00:34.319-0400] {processor.py:161} INFO - Started process (PID=457310) to work on /home/ironbong_jr/mlops/project/project/lib/python3.10/site-packages/airflow/example_dags/tutorial_objectstorage.py
[2024-03-13T16:00:34.323-0400] {processor.py:830} INFO - Processing file /home/ironbong_jr/mlops/project/project/lib/python3.10/site-packages/airflow/example_dags/tutorial_objectstorage.py for tasks to queue
[2024-03-13T16:00:34.324-0400] {logging_mixin.py:188} INFO - [2024-03-13T16:00:34.324-0400] {dagbag.py:540} INFO - Filling up the DagBag from /home/ironbong_jr/mlops/project/project/lib/python3.10/site-packages/airflow/example_dags/tutorial_objectstorage.py
[2024-03-13T16:00:34.328-0400] {processor.py:840} INFO - DAG(s) 'tutorial_objectstorage' retrieved from /home/ironbong_jr/mlops/project/project/lib/python3.10/site-packages/airflow/example_dags/tutorial_objectstorage.py
[2024-03-13T16:00:34.338-0400] {logging_mixin.py:188} INFO - [2024-03-13T16:00:34.338-0400] {dag.py:3047} INFO - Sync 1 DAGs
[2024-03-13T16:00:34.344-0400] {logging_mixin.py:188} INFO - [2024-03-13T16:00:34.344-0400] {dag.py:3834} INFO - Setting next_dagrun for tutorial_objectstorage to None, run_after=None
[2024-03-13T16:00:34.364-0400] {processor.py:183} INFO - Processing /home/ironbong_jr/mlops/project/project/lib/python3.10/site-packages/airflow/example_dags/tutorial_objectstorage.py took 0.046 seconds
[2024-03-13T16:01:24.549-0400] {processor.py:161} INFO - Started process (PID=457568) to work on /home/ironbong_jr/mlops/project/project/lib/python3.10/site-packages/airflow/example_dags/tutorial_objectstorage.py
[2024-03-13T16:01:24.552-0400] {processor.py:830} INFO - Processing file /home/ironbong_jr/mlops/project/project/lib/python3.10/site-packages/airflow/example_dags/tutorial_objectstorage.py for tasks to queue
[2024-03-13T16:01:24.553-0400] {logging_mixin.py:188} INFO - [2024-03-13T16:01:24.553-0400] {dagbag.py:540} INFO - Filling up the DagBag from /home/ironbong_jr/mlops/project/project/lib/python3.10/site-packages/airflow/example_dags/tutorial_objectstorage.py
[2024-03-13T16:01:24.559-0400] {processor.py:840} INFO - DAG(s) 'tutorial_objectstorage' retrieved from /home/ironbong_jr/mlops/project/project/lib/python3.10/site-packages/airflow/example_dags/tutorial_objectstorage.py
[2024-03-13T16:01:24.575-0400] {logging_mixin.py:188} INFO - [2024-03-13T16:01:24.574-0400] {dag.py:3047} INFO - Sync 1 DAGs
[2024-03-13T16:01:24.585-0400] {logging_mixin.py:188} INFO - [2024-03-13T16:01:24.585-0400] {dag.py:3834} INFO - Setting next_dagrun for tutorial_objectstorage to None, run_after=None
[2024-03-13T16:01:24.613-0400] {processor.py:183} INFO - Processing /home/ironbong_jr/mlops/project/project/lib/python3.10/site-packages/airflow/example_dags/tutorial_objectstorage.py took 0.067 seconds
[2024-03-13T16:02:16.425-0400] {processor.py:161} INFO - Started process (PID=457862) to work on /home/ironbong_jr/mlops/project/project/lib/python3.10/site-packages/airflow/example_dags/tutorial_objectstorage.py
[2024-03-13T16:02:16.429-0400] {processor.py:830} INFO - Processing file /home/ironbong_jr/mlops/project/project/lib/python3.10/site-packages/airflow/example_dags/tutorial_objectstorage.py for tasks to queue
[2024-03-13T16:02:16.430-0400] {logging_mixin.py:188} INFO - [2024-03-13T16:02:16.430-0400] {dagbag.py:540} INFO - Filling up the DagBag from /home/ironbong_jr/mlops/project/project/lib/python3.10/site-packages/airflow/example_dags/tutorial_objectstorage.py
[2024-03-13T16:02:16.435-0400] {processor.py:840} INFO - DAG(s) 'tutorial_objectstorage' retrieved from /home/ironbong_jr/mlops/project/project/lib/python3.10/site-packages/airflow/example_dags/tutorial_objectstorage.py
[2024-03-13T16:02:16.446-0400] {logging_mixin.py:188} INFO - [2024-03-13T16:02:16.445-0400] {dag.py:3047} INFO - Sync 1 DAGs
[2024-03-13T16:02:16.453-0400] {logging_mixin.py:188} INFO - [2024-03-13T16:02:16.453-0400] {dag.py:3834} INFO - Setting next_dagrun for tutorial_objectstorage to None, run_after=None
[2024-03-13T16:02:16.478-0400] {processor.py:183} INFO - Processing /home/ironbong_jr/mlops/project/project/lib/python3.10/site-packages/airflow/example_dags/tutorial_objectstorage.py took 0.055 seconds
[2024-03-13T16:03:04.748-0400] {processor.py:161} INFO - Started process (PID=458096) to work on /home/ironbong_jr/mlops/project/project/lib/python3.10/site-packages/airflow/example_dags/tutorial_objectstorage.py
[2024-03-13T16:03:04.753-0400] {processor.py:830} INFO - Processing file /home/ironbong_jr/mlops/project/project/lib/python3.10/site-packages/airflow/example_dags/tutorial_objectstorage.py for tasks to queue
[2024-03-13T16:03:04.753-0400] {logging_mixin.py:188} INFO - [2024-03-13T16:03:04.753-0400] {dagbag.py:540} INFO - Filling up the DagBag from /home/ironbong_jr/mlops/project/project/lib/python3.10/site-packages/airflow/example_dags/tutorial_objectstorage.py
[2024-03-13T16:03:04.759-0400] {processor.py:840} INFO - DAG(s) 'tutorial_objectstorage' retrieved from /home/ironbong_jr/mlops/project/project/lib/python3.10/site-packages/airflow/example_dags/tutorial_objectstorage.py
[2024-03-13T16:03:04.767-0400] {logging_mixin.py:188} INFO - [2024-03-13T16:03:04.767-0400] {dag.py:3047} INFO - Sync 1 DAGs
[2024-03-13T16:03:04.774-0400] {logging_mixin.py:188} INFO - [2024-03-13T16:03:04.774-0400] {dag.py:3834} INFO - Setting next_dagrun for tutorial_objectstorage to None, run_after=None
[2024-03-13T16:03:04.795-0400] {processor.py:183} INFO - Processing /home/ironbong_jr/mlops/project/project/lib/python3.10/site-packages/airflow/example_dags/tutorial_objectstorage.py took 0.048 seconds
[2024-03-13T16:04:06.796-0400] {processor.py:161} INFO - Started process (PID=458494) to work on /home/ironbong_jr/mlops/project/project/lib/python3.10/site-packages/airflow/example_dags/tutorial_objectstorage.py
[2024-03-13T16:04:06.799-0400] {processor.py:830} INFO - Processing file /home/ironbong_jr/mlops/project/project/lib/python3.10/site-packages/airflow/example_dags/tutorial_objectstorage.py for tasks to queue
[2024-03-13T16:04:06.800-0400] {logging_mixin.py:188} INFO - [2024-03-13T16:04:06.799-0400] {dagbag.py:540} INFO - Filling up the DagBag from /home/ironbong_jr/mlops/project/project/lib/python3.10/site-packages/airflow/example_dags/tutorial_objectstorage.py
[2024-03-13T16:04:06.804-0400] {processor.py:840} INFO - DAG(s) 'tutorial_objectstorage' retrieved from /home/ironbong_jr/mlops/project/project/lib/python3.10/site-packages/airflow/example_dags/tutorial_objectstorage.py
[2024-03-13T16:04:06.815-0400] {logging_mixin.py:188} INFO - [2024-03-13T16:04:06.815-0400] {dag.py:3047} INFO - Sync 1 DAGs
[2024-03-13T16:04:06.822-0400] {logging_mixin.py:188} INFO - [2024-03-13T16:04:06.822-0400] {dag.py:3834} INFO - Setting next_dagrun for tutorial_objectstorage to None, run_after=None
[2024-03-13T16:04:06.844-0400] {processor.py:183} INFO - Processing /home/ironbong_jr/mlops/project/project/lib/python3.10/site-packages/airflow/example_dags/tutorial_objectstorage.py took 0.050 seconds
[2024-03-13T16:05:03.331-0400] {processor.py:161} INFO - Started process (PID=458771) to work on /home/ironbong_jr/mlops/project/project/lib/python3.10/site-packages/airflow/example_dags/tutorial_objectstorage.py
[2024-03-13T16:05:03.334-0400] {processor.py:830} INFO - Processing file /home/ironbong_jr/mlops/project/project/lib/python3.10/site-packages/airflow/example_dags/tutorial_objectstorage.py for tasks to queue
[2024-03-13T16:05:03.335-0400] {logging_mixin.py:188} INFO - [2024-03-13T16:05:03.335-0400] {dagbag.py:540} INFO - Filling up the DagBag from /home/ironbong_jr/mlops/project/project/lib/python3.10/site-packages/airflow/example_dags/tutorial_objectstorage.py
[2024-03-13T16:05:03.340-0400] {processor.py:840} INFO - DAG(s) 'tutorial_objectstorage' retrieved from /home/ironbong_jr/mlops/project/project/lib/python3.10/site-packages/airflow/example_dags/tutorial_objectstorage.py
[2024-03-13T16:05:03.349-0400] {logging_mixin.py:188} INFO - [2024-03-13T16:05:03.348-0400] {dag.py:3047} INFO - Sync 1 DAGs
[2024-03-13T16:05:03.355-0400] {logging_mixin.py:188} INFO - [2024-03-13T16:05:03.355-0400] {dag.py:3834} INFO - Setting next_dagrun for tutorial_objectstorage to None, run_after=None
[2024-03-13T16:05:03.377-0400] {processor.py:183} INFO - Processing /home/ironbong_jr/mlops/project/project/lib/python3.10/site-packages/airflow/example_dags/tutorial_objectstorage.py took 0.048 seconds
[2024-03-13T16:05:48.614-0400] {processor.py:161} INFO - Started process (PID=458997) to work on /home/ironbong_jr/mlops/project/project/lib/python3.10/site-packages/airflow/example_dags/tutorial_objectstorage.py
[2024-03-13T16:05:48.617-0400] {processor.py:830} INFO - Processing file /home/ironbong_jr/mlops/project/project/lib/python3.10/site-packages/airflow/example_dags/tutorial_objectstorage.py for tasks to queue
[2024-03-13T16:05:48.618-0400] {logging_mixin.py:188} INFO - [2024-03-13T16:05:48.618-0400] {dagbag.py:540} INFO - Filling up the DagBag from /home/ironbong_jr/mlops/project/project/lib/python3.10/site-packages/airflow/example_dags/tutorial_objectstorage.py
[2024-03-13T16:05:48.624-0400] {processor.py:840} INFO - DAG(s) 'tutorial_objectstorage' retrieved from /home/ironbong_jr/mlops/project/project/lib/python3.10/site-packages/airflow/example_dags/tutorial_objectstorage.py
[2024-03-13T16:05:48.632-0400] {logging_mixin.py:188} INFO - [2024-03-13T16:05:48.632-0400] {dag.py:3047} INFO - Sync 1 DAGs
[2024-03-13T16:05:48.639-0400] {logging_mixin.py:188} INFO - [2024-03-13T16:05:48.639-0400] {dag.py:3834} INFO - Setting next_dagrun for tutorial_objectstorage to None, run_after=None
[2024-03-13T16:05:48.663-0400] {processor.py:183} INFO - Processing /home/ironbong_jr/mlops/project/project/lib/python3.10/site-packages/airflow/example_dags/tutorial_objectstorage.py took 0.051 seconds
[2024-03-13T16:06:40.177-0400] {processor.py:161} INFO - Started process (PID=459257) to work on /home/ironbong_jr/mlops/project/project/lib/python3.10/site-packages/airflow/example_dags/tutorial_objectstorage.py
[2024-03-13T16:06:40.182-0400] {processor.py:830} INFO - Processing file /home/ironbong_jr/mlops/project/project/lib/python3.10/site-packages/airflow/example_dags/tutorial_objectstorage.py for tasks to queue
[2024-03-13T16:06:40.184-0400] {logging_mixin.py:188} INFO - [2024-03-13T16:06:40.183-0400] {dagbag.py:540} INFO - Filling up the DagBag from /home/ironbong_jr/mlops/project/project/lib/python3.10/site-packages/airflow/example_dags/tutorial_objectstorage.py
[2024-03-13T16:06:40.194-0400] {processor.py:840} INFO - DAG(s) 'tutorial_objectstorage' retrieved from /home/ironbong_jr/mlops/project/project/lib/python3.10/site-packages/airflow/example_dags/tutorial_objectstorage.py
[2024-03-13T16:06:40.214-0400] {logging_mixin.py:188} INFO - [2024-03-13T16:06:40.214-0400] {dag.py:3047} INFO - Sync 1 DAGs
[2024-03-13T16:06:40.247-0400] {logging_mixin.py:188} INFO - [2024-03-13T16:06:40.247-0400] {dag.py:3834} INFO - Setting next_dagrun for tutorial_objectstorage to None, run_after=None
[2024-03-13T16:06:40.283-0400] {processor.py:183} INFO - Processing /home/ironbong_jr/mlops/project/project/lib/python3.10/site-packages/airflow/example_dags/tutorial_objectstorage.py took 0.109 seconds
[2024-03-13T16:07:32.900-0400] {processor.py:161} INFO - Started process (PID=459523) to work on /home/ironbong_jr/mlops/project/project/lib/python3.10/site-packages/airflow/example_dags/tutorial_objectstorage.py
[2024-03-13T16:07:32.904-0400] {processor.py:830} INFO - Processing file /home/ironbong_jr/mlops/project/project/lib/python3.10/site-packages/airflow/example_dags/tutorial_objectstorage.py for tasks to queue
[2024-03-13T16:07:32.905-0400] {logging_mixin.py:188} INFO - [2024-03-13T16:07:32.904-0400] {dagbag.py:540} INFO - Filling up the DagBag from /home/ironbong_jr/mlops/project/project/lib/python3.10/site-packages/airflow/example_dags/tutorial_objectstorage.py
[2024-03-13T16:07:32.911-0400] {processor.py:840} INFO - DAG(s) 'tutorial_objectstorage' retrieved from /home/ironbong_jr/mlops/project/project/lib/python3.10/site-packages/airflow/example_dags/tutorial_objectstorage.py
[2024-03-13T16:07:32.922-0400] {logging_mixin.py:188} INFO - [2024-03-13T16:07:32.922-0400] {dag.py:3047} INFO - Sync 1 DAGs
[2024-03-13T16:07:32.932-0400] {logging_mixin.py:188} INFO - [2024-03-13T16:07:32.931-0400] {dag.py:3834} INFO - Setting next_dagrun for tutorial_objectstorage to None, run_after=None
[2024-03-13T16:07:32.955-0400] {processor.py:183} INFO - Processing /home/ironbong_jr/mlops/project/project/lib/python3.10/site-packages/airflow/example_dags/tutorial_objectstorage.py took 0.057 seconds
[2024-03-13T16:08:25.605-0400] {processor.py:161} INFO - Started process (PID=459770) to work on /home/ironbong_jr/mlops/project/project/lib/python3.10/site-packages/airflow/example_dags/tutorial_objectstorage.py
[2024-03-13T16:08:25.608-0400] {processor.py:830} INFO - Processing file /home/ironbong_jr/mlops/project/project/lib/python3.10/site-packages/airflow/example_dags/tutorial_objectstorage.py for tasks to queue
[2024-03-13T16:08:25.609-0400] {logging_mixin.py:188} INFO - [2024-03-13T16:08:25.609-0400] {dagbag.py:540} INFO - Filling up the DagBag from /home/ironbong_jr/mlops/project/project/lib/python3.10/site-packages/airflow/example_dags/tutorial_objectstorage.py
[2024-03-13T16:08:25.614-0400] {processor.py:840} INFO - DAG(s) 'tutorial_objectstorage' retrieved from /home/ironbong_jr/mlops/project/project/lib/python3.10/site-packages/airflow/example_dags/tutorial_objectstorage.py
[2024-03-13T16:08:25.623-0400] {logging_mixin.py:188} INFO - [2024-03-13T16:08:25.623-0400] {dag.py:3047} INFO - Sync 1 DAGs
[2024-03-13T16:08:25.630-0400] {logging_mixin.py:188} INFO - [2024-03-13T16:08:25.630-0400] {dag.py:3834} INFO - Setting next_dagrun for tutorial_objectstorage to None, run_after=None
[2024-03-13T16:08:25.652-0400] {processor.py:183} INFO - Processing /home/ironbong_jr/mlops/project/project/lib/python3.10/site-packages/airflow/example_dags/tutorial_objectstorage.py took 0.049 seconds
[2024-03-13T16:09:15.616-0400] {processor.py:161} INFO - Started process (PID=460025) to work on /home/ironbong_jr/mlops/project/project/lib/python3.10/site-packages/airflow/example_dags/tutorial_objectstorage.py
[2024-03-13T16:09:15.620-0400] {processor.py:830} INFO - Processing file /home/ironbong_jr/mlops/project/project/lib/python3.10/site-packages/airflow/example_dags/tutorial_objectstorage.py for tasks to queue
[2024-03-13T16:09:15.620-0400] {logging_mixin.py:188} INFO - [2024-03-13T16:09:15.620-0400] {dagbag.py:540} INFO - Filling up the DagBag from /home/ironbong_jr/mlops/project/project/lib/python3.10/site-packages/airflow/example_dags/tutorial_objectstorage.py
[2024-03-13T16:09:15.625-0400] {processor.py:840} INFO - DAG(s) 'tutorial_objectstorage' retrieved from /home/ironbong_jr/mlops/project/project/lib/python3.10/site-packages/airflow/example_dags/tutorial_objectstorage.py
[2024-03-13T16:09:15.634-0400] {logging_mixin.py:188} INFO - [2024-03-13T16:09:15.634-0400] {dag.py:3047} INFO - Sync 1 DAGs
[2024-03-13T16:09:15.641-0400] {logging_mixin.py:188} INFO - [2024-03-13T16:09:15.641-0400] {dag.py:3834} INFO - Setting next_dagrun for tutorial_objectstorage to None, run_after=None
[2024-03-13T16:09:15.664-0400] {processor.py:183} INFO - Processing /home/ironbong_jr/mlops/project/project/lib/python3.10/site-packages/airflow/example_dags/tutorial_objectstorage.py took 0.050 seconds
[2024-03-13T16:10:04.549-0400] {processor.py:161} INFO - Started process (PID=460274) to work on /home/ironbong_jr/mlops/project/project/lib/python3.10/site-packages/airflow/example_dags/tutorial_objectstorage.py
[2024-03-13T16:10:04.553-0400] {processor.py:830} INFO - Processing file /home/ironbong_jr/mlops/project/project/lib/python3.10/site-packages/airflow/example_dags/tutorial_objectstorage.py for tasks to queue
[2024-03-13T16:10:04.554-0400] {logging_mixin.py:188} INFO - [2024-03-13T16:10:04.554-0400] {dagbag.py:540} INFO - Filling up the DagBag from /home/ironbong_jr/mlops/project/project/lib/python3.10/site-packages/airflow/example_dags/tutorial_objectstorage.py
[2024-03-13T16:10:04.559-0400] {processor.py:840} INFO - DAG(s) 'tutorial_objectstorage' retrieved from /home/ironbong_jr/mlops/project/project/lib/python3.10/site-packages/airflow/example_dags/tutorial_objectstorage.py
[2024-03-13T16:10:04.568-0400] {logging_mixin.py:188} INFO - [2024-03-13T16:10:04.568-0400] {dag.py:3047} INFO - Sync 1 DAGs
[2024-03-13T16:10:04.574-0400] {logging_mixin.py:188} INFO - [2024-03-13T16:10:04.574-0400] {dag.py:3834} INFO - Setting next_dagrun for tutorial_objectstorage to None, run_after=None
[2024-03-13T16:10:04.595-0400] {processor.py:183} INFO - Processing /home/ironbong_jr/mlops/project/project/lib/python3.10/site-packages/airflow/example_dags/tutorial_objectstorage.py took 0.048 seconds
[2024-03-13T16:10:52.434-0400] {processor.py:161} INFO - Started process (PID=460505) to work on /home/ironbong_jr/mlops/project/project/lib/python3.10/site-packages/airflow/example_dags/tutorial_objectstorage.py
[2024-03-13T16:10:52.436-0400] {processor.py:830} INFO - Processing file /home/ironbong_jr/mlops/project/project/lib/python3.10/site-packages/airflow/example_dags/tutorial_objectstorage.py for tasks to queue
[2024-03-13T16:10:52.436-0400] {logging_mixin.py:188} INFO - [2024-03-13T16:10:52.436-0400] {dagbag.py:540} INFO - Filling up the DagBag from /home/ironbong_jr/mlops/project/project/lib/python3.10/site-packages/airflow/example_dags/tutorial_objectstorage.py
[2024-03-13T16:10:52.441-0400] {processor.py:840} INFO - DAG(s) 'tutorial_objectstorage' retrieved from /home/ironbong_jr/mlops/project/project/lib/python3.10/site-packages/airflow/example_dags/tutorial_objectstorage.py
[2024-03-13T16:10:52.450-0400] {logging_mixin.py:188} INFO - [2024-03-13T16:10:52.450-0400] {dag.py:3047} INFO - Sync 1 DAGs
[2024-03-13T16:10:52.456-0400] {logging_mixin.py:188} INFO - [2024-03-13T16:10:52.456-0400] {dag.py:3834} INFO - Setting next_dagrun for tutorial_objectstorage to None, run_after=None
[2024-03-13T16:10:52.478-0400] {processor.py:183} INFO - Processing /home/ironbong_jr/mlops/project/project/lib/python3.10/site-packages/airflow/example_dags/tutorial_objectstorage.py took 0.046 seconds
[2024-03-13T16:11:43.704-0400] {processor.py:161} INFO - Started process (PID=460761) to work on /home/ironbong_jr/mlops/project/project/lib/python3.10/site-packages/airflow/example_dags/tutorial_objectstorage.py
[2024-03-13T16:11:43.707-0400] {processor.py:830} INFO - Processing file /home/ironbong_jr/mlops/project/project/lib/python3.10/site-packages/airflow/example_dags/tutorial_objectstorage.py for tasks to queue
[2024-03-13T16:11:43.708-0400] {logging_mixin.py:188} INFO - [2024-03-13T16:11:43.708-0400] {dagbag.py:540} INFO - Filling up the DagBag from /home/ironbong_jr/mlops/project/project/lib/python3.10/site-packages/airflow/example_dags/tutorial_objectstorage.py
[2024-03-13T16:11:43.713-0400] {processor.py:840} INFO - DAG(s) 'tutorial_objectstorage' retrieved from /home/ironbong_jr/mlops/project/project/lib/python3.10/site-packages/airflow/example_dags/tutorial_objectstorage.py
[2024-03-13T16:11:43.722-0400] {logging_mixin.py:188} INFO - [2024-03-13T16:11:43.722-0400] {dag.py:3047} INFO - Sync 1 DAGs
[2024-03-13T16:11:43.729-0400] {logging_mixin.py:188} INFO - [2024-03-13T16:11:43.729-0400] {dag.py:3834} INFO - Setting next_dagrun for tutorial_objectstorage to None, run_after=None
[2024-03-13T16:11:43.751-0400] {processor.py:183} INFO - Processing /home/ironbong_jr/mlops/project/project/lib/python3.10/site-packages/airflow/example_dags/tutorial_objectstorage.py took 0.049 seconds
[2024-03-13T16:12:33.748-0400] {processor.py:161} INFO - Started process (PID=461010) to work on /home/ironbong_jr/mlops/project/project/lib/python3.10/site-packages/airflow/example_dags/tutorial_objectstorage.py
[2024-03-13T16:12:33.753-0400] {processor.py:830} INFO - Processing file /home/ironbong_jr/mlops/project/project/lib/python3.10/site-packages/airflow/example_dags/tutorial_objectstorage.py for tasks to queue
[2024-03-13T16:12:33.754-0400] {logging_mixin.py:188} INFO - [2024-03-13T16:12:33.754-0400] {dagbag.py:540} INFO - Filling up the DagBag from /home/ironbong_jr/mlops/project/project/lib/python3.10/site-packages/airflow/example_dags/tutorial_objectstorage.py
[2024-03-13T16:12:33.760-0400] {processor.py:840} INFO - DAG(s) 'tutorial_objectstorage' retrieved from /home/ironbong_jr/mlops/project/project/lib/python3.10/site-packages/airflow/example_dags/tutorial_objectstorage.py
[2024-03-13T16:12:33.771-0400] {logging_mixin.py:188} INFO - [2024-03-13T16:12:33.771-0400] {dag.py:3047} INFO - Sync 1 DAGs
[2024-03-13T16:12:33.786-0400] {logging_mixin.py:188} INFO - [2024-03-13T16:12:33.785-0400] {dag.py:3834} INFO - Setting next_dagrun for tutorial_objectstorage to None, run_after=None
[2024-03-13T16:12:33.816-0400] {processor.py:183} INFO - Processing /home/ironbong_jr/mlops/project/project/lib/python3.10/site-packages/airflow/example_dags/tutorial_objectstorage.py took 0.070 seconds
