[2024-03-12T21:21:56.347-0400] {processor.py:161} INFO - Started process (PID=407014) to work on /home/ironbong_jr/mlops/project/project/lib/python3.10/site-packages/airflow/example_dags/tutorial_taskflow_api.py
[2024-03-12T21:21:56.349-0400] {processor.py:830} INFO - Processing file /home/ironbong_jr/mlops/project/project/lib/python3.10/site-packages/airflow/example_dags/tutorial_taskflow_api.py for tasks to queue
[2024-03-12T21:21:56.351-0400] {logging_mixin.py:188} INFO - [2024-03-12T21:21:56.350-0400] {dagbag.py:540} INFO - Filling up the DagBag from /home/ironbong_jr/mlops/project/project/lib/python3.10/site-packages/airflow/example_dags/tutorial_taskflow_api.py
[2024-03-12T21:21:56.384-0400] {processor.py:840} INFO - DAG(s) 'tutorial_taskflow_api' retrieved from /home/ironbong_jr/mlops/project/project/lib/python3.10/site-packages/airflow/example_dags/tutorial_taskflow_api.py
[2024-03-12T21:21:56.793-0400] {logging_mixin.py:188} INFO - [2024-03-12T21:21:56.792-0400] {dag.py:3047} INFO - Sync 1 DAGs
[2024-03-12T21:21:56.809-0400] {logging_mixin.py:188} INFO - [2024-03-12T21:21:56.809-0400] {dag.py:3834} INFO - Setting next_dagrun for tutorial_taskflow_api to None, run_after=None
[2024-03-12T21:21:56.912-0400] {processor.py:183} INFO - Processing /home/ironbong_jr/mlops/project/project/lib/python3.10/site-packages/airflow/example_dags/tutorial_taskflow_api.py took 0.573 seconds
[2024-03-12T21:23:21.275-0400] {processor.py:161} INFO - Started process (PID=407392) to work on /home/ironbong_jr/mlops/project/project/lib/python3.10/site-packages/airflow/example_dags/tutorial_taskflow_api.py
[2024-03-12T21:23:21.330-0400] {processor.py:830} INFO - Processing file /home/ironbong_jr/mlops/project/project/lib/python3.10/site-packages/airflow/example_dags/tutorial_taskflow_api.py for tasks to queue
[2024-03-12T21:23:21.332-0400] {logging_mixin.py:188} INFO - [2024-03-12T21:23:21.331-0400] {dagbag.py:540} INFO - Filling up the DagBag from /home/ironbong_jr/mlops/project/project/lib/python3.10/site-packages/airflow/example_dags/tutorial_taskflow_api.py
[2024-03-12T21:23:21.376-0400] {processor.py:840} INFO - DAG(s) 'tutorial_taskflow_api' retrieved from /home/ironbong_jr/mlops/project/project/lib/python3.10/site-packages/airflow/example_dags/tutorial_taskflow_api.py
[2024-03-12T21:23:21.444-0400] {logging_mixin.py:188} INFO - [2024-03-12T21:23:21.443-0400] {dag.py:3047} INFO - Sync 1 DAGs
[2024-03-12T21:23:21.470-0400] {logging_mixin.py:188} INFO - [2024-03-12T21:23:21.470-0400] {dag.py:3834} INFO - Setting next_dagrun for tutorial_taskflow_api to None, run_after=None
[2024-03-12T21:23:21.772-0400] {processor.py:183} INFO - Processing /home/ironbong_jr/mlops/project/project/lib/python3.10/site-packages/airflow/example_dags/tutorial_taskflow_api.py took 0.503 seconds
[2024-03-12T21:26:44.269-0400] {processor.py:161} INFO - Started process (PID=408297) to work on /home/ironbong_jr/mlops/project/project/lib/python3.10/site-packages/airflow/example_dags/tutorial_taskflow_api.py
[2024-03-12T21:26:44.322-0400] {processor.py:830} INFO - Processing file /home/ironbong_jr/mlops/project/project/lib/python3.10/site-packages/airflow/example_dags/tutorial_taskflow_api.py for tasks to queue
[2024-03-12T21:26:44.327-0400] {logging_mixin.py:188} INFO - [2024-03-12T21:26:44.325-0400] {dagbag.py:540} INFO - Filling up the DagBag from /home/ironbong_jr/mlops/project/project/lib/python3.10/site-packages/airflow/example_dags/tutorial_taskflow_api.py
[2024-03-12T21:26:44.346-0400] {processor.py:840} INFO - DAG(s) 'tutorial_taskflow_api' retrieved from /home/ironbong_jr/mlops/project/project/lib/python3.10/site-packages/airflow/example_dags/tutorial_taskflow_api.py
[2024-03-12T21:26:44.383-0400] {logging_mixin.py:188} INFO - [2024-03-12T21:26:44.382-0400] {dag.py:3047} INFO - Sync 1 DAGs
[2024-03-12T21:26:44.406-0400] {logging_mixin.py:188} INFO - [2024-03-12T21:26:44.405-0400] {dag.py:3834} INFO - Setting next_dagrun for tutorial_taskflow_api to None, run_after=None
[2024-03-12T21:26:44.516-0400] {processor.py:183} INFO - Processing /home/ironbong_jr/mlops/project/project/lib/python3.10/site-packages/airflow/example_dags/tutorial_taskflow_api.py took 0.258 seconds
[2024-03-12T21:28:23.725-0400] {processor.py:161} INFO - Started process (PID=408778) to work on /home/ironbong_jr/mlops/project/project/lib/python3.10/site-packages/airflow/example_dags/tutorial_taskflow_api.py
[2024-03-12T21:28:23.775-0400] {processor.py:830} INFO - Processing file /home/ironbong_jr/mlops/project/project/lib/python3.10/site-packages/airflow/example_dags/tutorial_taskflow_api.py for tasks to queue
[2024-03-12T21:28:23.778-0400] {logging_mixin.py:188} INFO - [2024-03-12T21:28:23.777-0400] {dagbag.py:540} INFO - Filling up the DagBag from /home/ironbong_jr/mlops/project/project/lib/python3.10/site-packages/airflow/example_dags/tutorial_taskflow_api.py
[2024-03-12T21:28:23.796-0400] {processor.py:840} INFO - DAG(s) 'tutorial_taskflow_api' retrieved from /home/ironbong_jr/mlops/project/project/lib/python3.10/site-packages/airflow/example_dags/tutorial_taskflow_api.py
[2024-03-12T21:28:23.832-0400] {logging_mixin.py:188} INFO - [2024-03-12T21:28:23.831-0400] {dag.py:3047} INFO - Sync 1 DAGs
[2024-03-12T21:28:23.855-0400] {logging_mixin.py:188} INFO - [2024-03-12T21:28:23.854-0400] {dag.py:3834} INFO - Setting next_dagrun for tutorial_taskflow_api to None, run_after=None
[2024-03-12T21:28:23.977-0400] {processor.py:183} INFO - Processing /home/ironbong_jr/mlops/project/project/lib/python3.10/site-packages/airflow/example_dags/tutorial_taskflow_api.py took 0.258 seconds
[2024-03-12T21:29:51.121-0400] {processor.py:161} INFO - Started process (PID=409191) to work on /home/ironbong_jr/mlops/project/project/lib/python3.10/site-packages/airflow/example_dags/tutorial_taskflow_api.py
[2024-03-12T21:29:51.172-0400] {processor.py:830} INFO - Processing file /home/ironbong_jr/mlops/project/project/lib/python3.10/site-packages/airflow/example_dags/tutorial_taskflow_api.py for tasks to queue
[2024-03-12T21:29:51.174-0400] {logging_mixin.py:188} INFO - [2024-03-12T21:29:51.173-0400] {dagbag.py:540} INFO - Filling up the DagBag from /home/ironbong_jr/mlops/project/project/lib/python3.10/site-packages/airflow/example_dags/tutorial_taskflow_api.py
[2024-03-12T21:29:51.193-0400] {processor.py:840} INFO - DAG(s) 'tutorial_taskflow_api' retrieved from /home/ironbong_jr/mlops/project/project/lib/python3.10/site-packages/airflow/example_dags/tutorial_taskflow_api.py
[2024-03-12T21:29:51.225-0400] {logging_mixin.py:188} INFO - [2024-03-12T21:29:51.224-0400] {dag.py:3047} INFO - Sync 1 DAGs
[2024-03-12T21:29:51.256-0400] {logging_mixin.py:188} INFO - [2024-03-12T21:29:51.255-0400] {dag.py:3834} INFO - Setting next_dagrun for tutorial_taskflow_api to None, run_after=None
[2024-03-12T21:29:51.310-0400] {processor.py:183} INFO - Processing /home/ironbong_jr/mlops/project/project/lib/python3.10/site-packages/airflow/example_dags/tutorial_taskflow_api.py took 0.199 seconds
[2024-03-12T21:31:31.179-0400] {processor.py:161} INFO - Started process (PID=409693) to work on /home/ironbong_jr/mlops/project/project/lib/python3.10/site-packages/airflow/example_dags/tutorial_taskflow_api.py
[2024-03-12T21:31:31.187-0400] {processor.py:830} INFO - Processing file /home/ironbong_jr/mlops/project/project/lib/python3.10/site-packages/airflow/example_dags/tutorial_taskflow_api.py for tasks to queue
[2024-03-12T21:31:31.189-0400] {logging_mixin.py:188} INFO - [2024-03-12T21:31:31.188-0400] {dagbag.py:540} INFO - Filling up the DagBag from /home/ironbong_jr/mlops/project/project/lib/python3.10/site-packages/airflow/example_dags/tutorial_taskflow_api.py
[2024-03-12T21:31:31.213-0400] {processor.py:840} INFO - DAG(s) 'tutorial_taskflow_api' retrieved from /home/ironbong_jr/mlops/project/project/lib/python3.10/site-packages/airflow/example_dags/tutorial_taskflow_api.py
[2024-03-12T21:31:31.252-0400] {logging_mixin.py:188} INFO - [2024-03-12T21:31:31.251-0400] {dag.py:3047} INFO - Sync 1 DAGs
[2024-03-12T21:31:31.276-0400] {logging_mixin.py:188} INFO - [2024-03-12T21:31:31.275-0400] {dag.py:3834} INFO - Setting next_dagrun for tutorial_taskflow_api to None, run_after=None
[2024-03-12T21:31:31.379-0400] {processor.py:183} INFO - Processing /home/ironbong_jr/mlops/project/project/lib/python3.10/site-packages/airflow/example_dags/tutorial_taskflow_api.py took 0.216 seconds
[2024-03-12T21:33:13.112-0400] {processor.py:161} INFO - Started process (PID=410254) to work on /home/ironbong_jr/mlops/project/project/lib/python3.10/site-packages/airflow/example_dags/tutorial_taskflow_api.py
[2024-03-12T21:33:13.121-0400] {processor.py:830} INFO - Processing file /home/ironbong_jr/mlops/project/project/lib/python3.10/site-packages/airflow/example_dags/tutorial_taskflow_api.py for tasks to queue
[2024-03-12T21:33:13.124-0400] {logging_mixin.py:188} INFO - [2024-03-12T21:33:13.123-0400] {dagbag.py:540} INFO - Filling up the DagBag from /home/ironbong_jr/mlops/project/project/lib/python3.10/site-packages/airflow/example_dags/tutorial_taskflow_api.py
[2024-03-12T21:33:13.146-0400] {processor.py:840} INFO - DAG(s) 'tutorial_taskflow_api' retrieved from /home/ironbong_jr/mlops/project/project/lib/python3.10/site-packages/airflow/example_dags/tutorial_taskflow_api.py
[2024-03-12T21:33:13.177-0400] {logging_mixin.py:188} INFO - [2024-03-12T21:33:13.177-0400] {dag.py:3047} INFO - Sync 1 DAGs
[2024-03-12T21:33:13.204-0400] {logging_mixin.py:188} INFO - [2024-03-12T21:33:13.203-0400] {dag.py:3834} INFO - Setting next_dagrun for tutorial_taskflow_api to None, run_after=None
[2024-03-12T21:33:13.254-0400] {processor.py:183} INFO - Processing /home/ironbong_jr/mlops/project/project/lib/python3.10/site-packages/airflow/example_dags/tutorial_taskflow_api.py took 0.148 seconds
[2024-03-12T21:34:41.534-0400] {processor.py:161} INFO - Started process (PID=410671) to work on /home/ironbong_jr/mlops/project/project/lib/python3.10/site-packages/airflow/example_dags/tutorial_taskflow_api.py
[2024-03-12T21:34:41.537-0400] {processor.py:830} INFO - Processing file /home/ironbong_jr/mlops/project/project/lib/python3.10/site-packages/airflow/example_dags/tutorial_taskflow_api.py for tasks to queue
[2024-03-12T21:34:41.539-0400] {logging_mixin.py:188} INFO - [2024-03-12T21:34:41.538-0400] {dagbag.py:540} INFO - Filling up the DagBag from /home/ironbong_jr/mlops/project/project/lib/python3.10/site-packages/airflow/example_dags/tutorial_taskflow_api.py
[2024-03-12T21:34:41.553-0400] {processor.py:840} INFO - DAG(s) 'tutorial_taskflow_api' retrieved from /home/ironbong_jr/mlops/project/project/lib/python3.10/site-packages/airflow/example_dags/tutorial_taskflow_api.py
[2024-03-12T21:34:41.599-0400] {logging_mixin.py:188} INFO - [2024-03-12T21:34:41.599-0400] {dag.py:3047} INFO - Sync 1 DAGs
[2024-03-12T21:34:41.642-0400] {logging_mixin.py:188} INFO - [2024-03-12T21:34:41.642-0400] {dag.py:3834} INFO - Setting next_dagrun for tutorial_taskflow_api to None, run_after=None
[2024-03-12T21:34:41.730-0400] {processor.py:183} INFO - Processing /home/ironbong_jr/mlops/project/project/lib/python3.10/site-packages/airflow/example_dags/tutorial_taskflow_api.py took 0.203 seconds
[2024-03-12T23:26:15.785-0400] {processor.py:161} INFO - Started process (PID=417708) to work on /home/ironbong_jr/mlops/project/project/lib/python3.10/site-packages/airflow/example_dags/tutorial_taskflow_api.py
[2024-03-12T23:26:15.789-0400] {processor.py:830} INFO - Processing file /home/ironbong_jr/mlops/project/project/lib/python3.10/site-packages/airflow/example_dags/tutorial_taskflow_api.py for tasks to queue
[2024-03-12T23:26:15.790-0400] {logging_mixin.py:188} INFO - [2024-03-12T23:26:15.790-0400] {dagbag.py:540} INFO - Filling up the DagBag from /home/ironbong_jr/mlops/project/project/lib/python3.10/site-packages/airflow/example_dags/tutorial_taskflow_api.py
[2024-03-12T23:26:15.813-0400] {processor.py:840} INFO - DAG(s) 'tutorial_taskflow_api' retrieved from /home/ironbong_jr/mlops/project/project/lib/python3.10/site-packages/airflow/example_dags/tutorial_taskflow_api.py
[2024-03-12T23:26:16.168-0400] {logging_mixin.py:188} INFO - [2024-03-12T23:26:16.167-0400] {dag.py:3047} INFO - Sync 1 DAGs
[2024-03-12T23:26:16.181-0400] {logging_mixin.py:188} INFO - [2024-03-12T23:26:16.181-0400] {dag.py:3834} INFO - Setting next_dagrun for tutorial_taskflow_api to None, run_after=None
[2024-03-12T23:26:16.222-0400] {processor.py:183} INFO - Processing /home/ironbong_jr/mlops/project/project/lib/python3.10/site-packages/airflow/example_dags/tutorial_taskflow_api.py took 0.444 seconds
[2024-03-12T23:29:32.005-0400] {processor.py:161} INFO - Started process (PID=418493) to work on /home/ironbong_jr/mlops/project/project/lib/python3.10/site-packages/airflow/example_dags/tutorial_taskflow_api.py
[2024-03-12T23:29:32.050-0400] {processor.py:830} INFO - Processing file /home/ironbong_jr/mlops/project/project/lib/python3.10/site-packages/airflow/example_dags/tutorial_taskflow_api.py for tasks to queue
[2024-03-12T23:29:32.053-0400] {logging_mixin.py:188} INFO - [2024-03-12T23:29:32.053-0400] {dagbag.py:540} INFO - Filling up the DagBag from /home/ironbong_jr/mlops/project/project/lib/python3.10/site-packages/airflow/example_dags/tutorial_taskflow_api.py
[2024-03-12T23:29:32.065-0400] {processor.py:840} INFO - DAG(s) 'tutorial_taskflow_api' retrieved from /home/ironbong_jr/mlops/project/project/lib/python3.10/site-packages/airflow/example_dags/tutorial_taskflow_api.py
[2024-03-12T23:29:32.104-0400] {logging_mixin.py:188} INFO - [2024-03-12T23:29:32.104-0400] {dag.py:3047} INFO - Sync 1 DAGs
[2024-03-12T23:29:32.120-0400] {logging_mixin.py:188} INFO - [2024-03-12T23:29:32.119-0400] {dag.py:3834} INFO - Setting next_dagrun for tutorial_taskflow_api to None, run_after=None
[2024-03-12T23:29:32.171-0400] {processor.py:183} INFO - Processing /home/ironbong_jr/mlops/project/project/lib/python3.10/site-packages/airflow/example_dags/tutorial_taskflow_api.py took 0.170 seconds
[2024-03-12T23:30:55.233-0400] {processor.py:161} INFO - Started process (PID=418835) to work on /home/ironbong_jr/mlops/project/project/lib/python3.10/site-packages/airflow/example_dags/tutorial_taskflow_api.py
[2024-03-12T23:30:55.286-0400] {processor.py:830} INFO - Processing file /home/ironbong_jr/mlops/project/project/lib/python3.10/site-packages/airflow/example_dags/tutorial_taskflow_api.py for tasks to queue
[2024-03-12T23:30:55.289-0400] {logging_mixin.py:188} INFO - [2024-03-12T23:30:55.288-0400] {dagbag.py:540} INFO - Filling up the DagBag from /home/ironbong_jr/mlops/project/project/lib/python3.10/site-packages/airflow/example_dags/tutorial_taskflow_api.py
[2024-03-12T23:30:55.303-0400] {processor.py:840} INFO - DAG(s) 'tutorial_taskflow_api' retrieved from /home/ironbong_jr/mlops/project/project/lib/python3.10/site-packages/airflow/example_dags/tutorial_taskflow_api.py
[2024-03-12T23:30:55.352-0400] {logging_mixin.py:188} INFO - [2024-03-12T23:30:55.352-0400] {dag.py:3047} INFO - Sync 1 DAGs
[2024-03-12T23:30:55.369-0400] {logging_mixin.py:188} INFO - [2024-03-12T23:30:55.369-0400] {dag.py:3834} INFO - Setting next_dagrun for tutorial_taskflow_api to None, run_after=None
[2024-03-12T23:30:55.425-0400] {processor.py:183} INFO - Processing /home/ironbong_jr/mlops/project/project/lib/python3.10/site-packages/airflow/example_dags/tutorial_taskflow_api.py took 0.201 seconds
[2024-03-12T23:42:11.713-0400] {processor.py:161} INFO - Started process (PID=421561) to work on /home/ironbong_jr/mlops/project/project/lib/python3.10/site-packages/airflow/example_dags/tutorial_taskflow_api.py
[2024-03-12T23:42:11.764-0400] {processor.py:830} INFO - Processing file /home/ironbong_jr/mlops/project/project/lib/python3.10/site-packages/airflow/example_dags/tutorial_taskflow_api.py for tasks to queue
[2024-03-12T23:42:11.766-0400] {logging_mixin.py:188} INFO - [2024-03-12T23:42:11.765-0400] {dagbag.py:540} INFO - Filling up the DagBag from /home/ironbong_jr/mlops/project/project/lib/python3.10/site-packages/airflow/example_dags/tutorial_taskflow_api.py
[2024-03-12T23:42:11.781-0400] {processor.py:840} INFO - DAG(s) 'tutorial_taskflow_api' retrieved from /home/ironbong_jr/mlops/project/project/lib/python3.10/site-packages/airflow/example_dags/tutorial_taskflow_api.py
[2024-03-12T23:42:12.274-0400] {logging_mixin.py:188} INFO - [2024-03-12T23:42:12.273-0400] {dag.py:3047} INFO - Sync 1 DAGs
[2024-03-12T23:42:12.287-0400] {logging_mixin.py:188} INFO - [2024-03-12T23:42:12.286-0400] {dag.py:3834} INFO - Setting next_dagrun for tutorial_taskflow_api to None, run_after=None
[2024-03-12T23:42:12.378-0400] {processor.py:183} INFO - Processing /home/ironbong_jr/mlops/project/project/lib/python3.10/site-packages/airflow/example_dags/tutorial_taskflow_api.py took 0.676 seconds
[2024-03-12T23:43:44.763-0400] {processor.py:161} INFO - Started process (PID=421934) to work on /home/ironbong_jr/mlops/project/project/lib/python3.10/site-packages/airflow/example_dags/tutorial_taskflow_api.py
[2024-03-12T23:43:44.815-0400] {processor.py:830} INFO - Processing file /home/ironbong_jr/mlops/project/project/lib/python3.10/site-packages/airflow/example_dags/tutorial_taskflow_api.py for tasks to queue
[2024-03-12T23:43:44.819-0400] {logging_mixin.py:188} INFO - [2024-03-12T23:43:44.817-0400] {dagbag.py:540} INFO - Filling up the DagBag from /home/ironbong_jr/mlops/project/project/lib/python3.10/site-packages/airflow/example_dags/tutorial_taskflow_api.py
[2024-03-12T23:43:44.832-0400] {processor.py:840} INFO - DAG(s) 'tutorial_taskflow_api' retrieved from /home/ironbong_jr/mlops/project/project/lib/python3.10/site-packages/airflow/example_dags/tutorial_taskflow_api.py
[2024-03-12T23:43:44.860-0400] {logging_mixin.py:188} INFO - [2024-03-12T23:43:44.860-0400] {dag.py:3047} INFO - Sync 1 DAGs
[2024-03-12T23:43:44.880-0400] {logging_mixin.py:188} INFO - [2024-03-12T23:43:44.879-0400] {dag.py:3834} INFO - Setting next_dagrun for tutorial_taskflow_api to None, run_after=None
[2024-03-12T23:43:45.130-0400] {processor.py:183} INFO - Processing /home/ironbong_jr/mlops/project/project/lib/python3.10/site-packages/airflow/example_dags/tutorial_taskflow_api.py took 0.372 seconds
[2024-03-12T23:45:31.684-0400] {processor.py:161} INFO - Started process (PID=422525) to work on /home/ironbong_jr/mlops/project/project/lib/python3.10/site-packages/airflow/example_dags/tutorial_taskflow_api.py
[2024-03-12T23:45:31.736-0400] {processor.py:830} INFO - Processing file /home/ironbong_jr/mlops/project/project/lib/python3.10/site-packages/airflow/example_dags/tutorial_taskflow_api.py for tasks to queue
[2024-03-12T23:45:31.739-0400] {logging_mixin.py:188} INFO - [2024-03-12T23:45:31.738-0400] {dagbag.py:540} INFO - Filling up the DagBag from /home/ironbong_jr/mlops/project/project/lib/python3.10/site-packages/airflow/example_dags/tutorial_taskflow_api.py
[2024-03-12T23:45:31.763-0400] {processor.py:840} INFO - DAG(s) 'tutorial_taskflow_api' retrieved from /home/ironbong_jr/mlops/project/project/lib/python3.10/site-packages/airflow/example_dags/tutorial_taskflow_api.py
[2024-03-12T23:45:31.815-0400] {logging_mixin.py:188} INFO - [2024-03-12T23:45:31.814-0400] {dag.py:3047} INFO - Sync 1 DAGs
[2024-03-12T23:45:31.832-0400] {logging_mixin.py:188} INFO - [2024-03-12T23:45:31.831-0400] {dag.py:3834} INFO - Setting next_dagrun for tutorial_taskflow_api to None, run_after=None
[2024-03-12T23:45:31.878-0400] {processor.py:183} INFO - Processing /home/ironbong_jr/mlops/project/project/lib/python3.10/site-packages/airflow/example_dags/tutorial_taskflow_api.py took 0.205 seconds
[2024-03-12T23:47:30.799-0400] {processor.py:161} INFO - Started process (PID=423112) to work on /home/ironbong_jr/mlops/project/project/lib/python3.10/site-packages/airflow/example_dags/tutorial_taskflow_api.py
[2024-03-12T23:47:30.847-0400] {processor.py:830} INFO - Processing file /home/ironbong_jr/mlops/project/project/lib/python3.10/site-packages/airflow/example_dags/tutorial_taskflow_api.py for tasks to queue
[2024-03-12T23:47:30.850-0400] {logging_mixin.py:188} INFO - [2024-03-12T23:47:30.849-0400] {dagbag.py:540} INFO - Filling up the DagBag from /home/ironbong_jr/mlops/project/project/lib/python3.10/site-packages/airflow/example_dags/tutorial_taskflow_api.py
[2024-03-12T23:47:30.864-0400] {processor.py:840} INFO - DAG(s) 'tutorial_taskflow_api' retrieved from /home/ironbong_jr/mlops/project/project/lib/python3.10/site-packages/airflow/example_dags/tutorial_taskflow_api.py
[2024-03-12T23:47:30.901-0400] {logging_mixin.py:188} INFO - [2024-03-12T23:47:30.900-0400] {dag.py:3047} INFO - Sync 1 DAGs
[2024-03-12T23:47:30.925-0400] {logging_mixin.py:188} INFO - [2024-03-12T23:47:30.924-0400] {dag.py:3834} INFO - Setting next_dagrun for tutorial_taskflow_api to None, run_after=None
[2024-03-12T23:47:30.979-0400] {processor.py:183} INFO - Processing /home/ironbong_jr/mlops/project/project/lib/python3.10/site-packages/airflow/example_dags/tutorial_taskflow_api.py took 0.188 seconds
[2024-03-12T23:49:17.498-0400] {processor.py:161} INFO - Started process (PID=423585) to work on /home/ironbong_jr/mlops/project/project/lib/python3.10/site-packages/airflow/example_dags/tutorial_taskflow_api.py
[2024-03-12T23:49:17.510-0400] {processor.py:830} INFO - Processing file /home/ironbong_jr/mlops/project/project/lib/python3.10/site-packages/airflow/example_dags/tutorial_taskflow_api.py for tasks to queue
[2024-03-12T23:49:17.512-0400] {logging_mixin.py:188} INFO - [2024-03-12T23:49:17.511-0400] {dagbag.py:540} INFO - Filling up the DagBag from /home/ironbong_jr/mlops/project/project/lib/python3.10/site-packages/airflow/example_dags/tutorial_taskflow_api.py
[2024-03-12T23:49:17.523-0400] {processor.py:840} INFO - DAG(s) 'tutorial_taskflow_api' retrieved from /home/ironbong_jr/mlops/project/project/lib/python3.10/site-packages/airflow/example_dags/tutorial_taskflow_api.py
[2024-03-12T23:49:17.549-0400] {logging_mixin.py:188} INFO - [2024-03-12T23:49:17.548-0400] {dag.py:3047} INFO - Sync 1 DAGs
[2024-03-12T23:49:17.565-0400] {logging_mixin.py:188} INFO - [2024-03-12T23:49:17.564-0400] {dag.py:3834} INFO - Setting next_dagrun for tutorial_taskflow_api to None, run_after=None
[2024-03-12T23:49:17.603-0400] {processor.py:183} INFO - Processing /home/ironbong_jr/mlops/project/project/lib/python3.10/site-packages/airflow/example_dags/tutorial_taskflow_api.py took 0.111 seconds
[2024-03-12T23:50:44.008-0400] {processor.py:161} INFO - Started process (PID=424048) to work on /home/ironbong_jr/mlops/project/project/lib/python3.10/site-packages/airflow/example_dags/tutorial_taskflow_api.py
[2024-03-12T23:50:44.058-0400] {processor.py:830} INFO - Processing file /home/ironbong_jr/mlops/project/project/lib/python3.10/site-packages/airflow/example_dags/tutorial_taskflow_api.py for tasks to queue
[2024-03-12T23:50:44.060-0400] {logging_mixin.py:188} INFO - [2024-03-12T23:50:44.059-0400] {dagbag.py:540} INFO - Filling up the DagBag from /home/ironbong_jr/mlops/project/project/lib/python3.10/site-packages/airflow/example_dags/tutorial_taskflow_api.py
[2024-03-12T23:50:44.072-0400] {processor.py:840} INFO - DAG(s) 'tutorial_taskflow_api' retrieved from /home/ironbong_jr/mlops/project/project/lib/python3.10/site-packages/airflow/example_dags/tutorial_taskflow_api.py
[2024-03-12T23:50:44.098-0400] {logging_mixin.py:188} INFO - [2024-03-12T23:50:44.097-0400] {dag.py:3047} INFO - Sync 1 DAGs
[2024-03-12T23:50:44.116-0400] {logging_mixin.py:188} INFO - [2024-03-12T23:50:44.116-0400] {dag.py:3834} INFO - Setting next_dagrun for tutorial_taskflow_api to None, run_after=None
[2024-03-12T23:50:44.164-0400] {processor.py:183} INFO - Processing /home/ironbong_jr/mlops/project/project/lib/python3.10/site-packages/airflow/example_dags/tutorial_taskflow_api.py took 0.163 seconds
[2024-03-12T23:52:09.073-0400] {processor.py:161} INFO - Started process (PID=424436) to work on /home/ironbong_jr/mlops/project/project/lib/python3.10/site-packages/airflow/example_dags/tutorial_taskflow_api.py
[2024-03-12T23:52:09.123-0400] {processor.py:830} INFO - Processing file /home/ironbong_jr/mlops/project/project/lib/python3.10/site-packages/airflow/example_dags/tutorial_taskflow_api.py for tasks to queue
[2024-03-12T23:52:09.125-0400] {logging_mixin.py:188} INFO - [2024-03-12T23:52:09.125-0400] {dagbag.py:540} INFO - Filling up the DagBag from /home/ironbong_jr/mlops/project/project/lib/python3.10/site-packages/airflow/example_dags/tutorial_taskflow_api.py
[2024-03-12T23:52:09.140-0400] {processor.py:840} INFO - DAG(s) 'tutorial_taskflow_api' retrieved from /home/ironbong_jr/mlops/project/project/lib/python3.10/site-packages/airflow/example_dags/tutorial_taskflow_api.py
[2024-03-12T23:52:09.170-0400] {logging_mixin.py:188} INFO - [2024-03-12T23:52:09.169-0400] {dag.py:3047} INFO - Sync 1 DAGs
[2024-03-12T23:52:09.191-0400] {logging_mixin.py:188} INFO - [2024-03-12T23:52:09.190-0400] {dag.py:3834} INFO - Setting next_dagrun for tutorial_taskflow_api to None, run_after=None
[2024-03-12T23:52:09.244-0400] {processor.py:183} INFO - Processing /home/ironbong_jr/mlops/project/project/lib/python3.10/site-packages/airflow/example_dags/tutorial_taskflow_api.py took 0.178 seconds
[2024-03-12T23:53:36.422-0400] {processor.py:161} INFO - Started process (PID=424975) to work on /home/ironbong_jr/mlops/project/project/lib/python3.10/site-packages/airflow/example_dags/tutorial_taskflow_api.py
[2024-03-12T23:53:36.443-0400] {processor.py:830} INFO - Processing file /home/ironbong_jr/mlops/project/project/lib/python3.10/site-packages/airflow/example_dags/tutorial_taskflow_api.py for tasks to queue
[2024-03-12T23:53:36.445-0400] {logging_mixin.py:188} INFO - [2024-03-12T23:53:36.444-0400] {dagbag.py:540} INFO - Filling up the DagBag from /home/ironbong_jr/mlops/project/project/lib/python3.10/site-packages/airflow/example_dags/tutorial_taskflow_api.py
[2024-03-12T23:53:36.454-0400] {processor.py:840} INFO - DAG(s) 'tutorial_taskflow_api' retrieved from /home/ironbong_jr/mlops/project/project/lib/python3.10/site-packages/airflow/example_dags/tutorial_taskflow_api.py
[2024-03-12T23:53:36.477-0400] {logging_mixin.py:188} INFO - [2024-03-12T23:53:36.477-0400] {dag.py:3047} INFO - Sync 1 DAGs
[2024-03-12T23:53:36.502-0400] {logging_mixin.py:188} INFO - [2024-03-12T23:53:36.501-0400] {dag.py:3834} INFO - Setting next_dagrun for tutorial_taskflow_api to None, run_after=None
[2024-03-12T23:53:36.554-0400] {processor.py:183} INFO - Processing /home/ironbong_jr/mlops/project/project/lib/python3.10/site-packages/airflow/example_dags/tutorial_taskflow_api.py took 0.139 seconds
[2024-03-12T23:55:14.260-0400] {processor.py:161} INFO - Started process (PID=425402) to work on /home/ironbong_jr/mlops/project/project/lib/python3.10/site-packages/airflow/example_dags/tutorial_taskflow_api.py
[2024-03-12T23:55:14.263-0400] {processor.py:830} INFO - Processing file /home/ironbong_jr/mlops/project/project/lib/python3.10/site-packages/airflow/example_dags/tutorial_taskflow_api.py for tasks to queue
[2024-03-12T23:55:14.265-0400] {logging_mixin.py:188} INFO - [2024-03-12T23:55:14.264-0400] {dagbag.py:540} INFO - Filling up the DagBag from /home/ironbong_jr/mlops/project/project/lib/python3.10/site-packages/airflow/example_dags/tutorial_taskflow_api.py
[2024-03-12T23:55:14.281-0400] {processor.py:840} INFO - DAG(s) 'tutorial_taskflow_api' retrieved from /home/ironbong_jr/mlops/project/project/lib/python3.10/site-packages/airflow/example_dags/tutorial_taskflow_api.py
[2024-03-12T23:55:14.314-0400] {logging_mixin.py:188} INFO - [2024-03-12T23:55:14.314-0400] {dag.py:3047} INFO - Sync 1 DAGs
[2024-03-12T23:55:14.339-0400] {logging_mixin.py:188} INFO - [2024-03-12T23:55:14.338-0400] {dag.py:3834} INFO - Setting next_dagrun for tutorial_taskflow_api to None, run_after=None
[2024-03-12T23:55:14.398-0400] {processor.py:183} INFO - Processing /home/ironbong_jr/mlops/project/project/lib/python3.10/site-packages/airflow/example_dags/tutorial_taskflow_api.py took 0.147 seconds
[2024-03-13T00:30:02.537-0400] {processor.py:161} INFO - Started process (PID=432822) to work on /home/ironbong_jr/mlops/project/project/lib/python3.10/site-packages/airflow/example_dags/tutorial_taskflow_api.py
[2024-03-13T00:30:02.588-0400] {processor.py:830} INFO - Processing file /home/ironbong_jr/mlops/project/project/lib/python3.10/site-packages/airflow/example_dags/tutorial_taskflow_api.py for tasks to queue
[2024-03-13T00:30:02.590-0400] {logging_mixin.py:188} INFO - [2024-03-13T00:30:02.589-0400] {dagbag.py:540} INFO - Filling up the DagBag from /home/ironbong_jr/mlops/project/project/lib/python3.10/site-packages/airflow/example_dags/tutorial_taskflow_api.py
[2024-03-13T00:30:02.606-0400] {processor.py:840} INFO - DAG(s) 'tutorial_taskflow_api' retrieved from /home/ironbong_jr/mlops/project/project/lib/python3.10/site-packages/airflow/example_dags/tutorial_taskflow_api.py
[2024-03-13T00:30:02.969-0400] {logging_mixin.py:188} INFO - [2024-03-13T00:30:02.968-0400] {dag.py:3047} INFO - Sync 1 DAGs
[2024-03-13T00:30:02.991-0400] {logging_mixin.py:188} INFO - [2024-03-13T00:30:02.990-0400] {dag.py:3834} INFO - Setting next_dagrun for tutorial_taskflow_api to None, run_after=None
[2024-03-13T00:30:03.038-0400] {processor.py:183} INFO - Processing /home/ironbong_jr/mlops/project/project/lib/python3.10/site-packages/airflow/example_dags/tutorial_taskflow_api.py took 0.508 seconds
[2024-03-13T00:31:29.823-0400] {processor.py:161} INFO - Started process (PID=433197) to work on /home/ironbong_jr/mlops/project/project/lib/python3.10/site-packages/airflow/example_dags/tutorial_taskflow_api.py
[2024-03-13T00:31:29.827-0400] {processor.py:830} INFO - Processing file /home/ironbong_jr/mlops/project/project/lib/python3.10/site-packages/airflow/example_dags/tutorial_taskflow_api.py for tasks to queue
[2024-03-13T00:31:29.829-0400] {logging_mixin.py:188} INFO - [2024-03-13T00:31:29.828-0400] {dagbag.py:540} INFO - Filling up the DagBag from /home/ironbong_jr/mlops/project/project/lib/python3.10/site-packages/airflow/example_dags/tutorial_taskflow_api.py
[2024-03-13T00:31:29.844-0400] {processor.py:840} INFO - DAG(s) 'tutorial_taskflow_api' retrieved from /home/ironbong_jr/mlops/project/project/lib/python3.10/site-packages/airflow/example_dags/tutorial_taskflow_api.py
[2024-03-13T00:31:29.886-0400] {logging_mixin.py:188} INFO - [2024-03-13T00:31:29.885-0400] {dag.py:3047} INFO - Sync 1 DAGs
[2024-03-13T00:31:29.916-0400] {logging_mixin.py:188} INFO - [2024-03-13T00:31:29.915-0400] {dag.py:3834} INFO - Setting next_dagrun for tutorial_taskflow_api to None, run_after=None
[2024-03-13T00:31:30.321-0400] {processor.py:183} INFO - Processing /home/ironbong_jr/mlops/project/project/lib/python3.10/site-packages/airflow/example_dags/tutorial_taskflow_api.py took 0.506 seconds
[2024-03-13T00:35:49.410-0400] {processor.py:161} INFO - Started process (PID=434307) to work on /home/ironbong_jr/mlops/project/project/lib/python3.10/site-packages/airflow/example_dags/tutorial_taskflow_api.py
[2024-03-13T00:35:49.415-0400] {processor.py:830} INFO - Processing file /home/ironbong_jr/mlops/project/project/lib/python3.10/site-packages/airflow/example_dags/tutorial_taskflow_api.py for tasks to queue
[2024-03-13T00:35:49.418-0400] {logging_mixin.py:188} INFO - [2024-03-13T00:35:49.416-0400] {dagbag.py:540} INFO - Filling up the DagBag from /home/ironbong_jr/mlops/project/project/lib/python3.10/site-packages/airflow/example_dags/tutorial_taskflow_api.py
[2024-03-13T00:35:49.434-0400] {processor.py:840} INFO - DAG(s) 'tutorial_taskflow_api' retrieved from /home/ironbong_jr/mlops/project/project/lib/python3.10/site-packages/airflow/example_dags/tutorial_taskflow_api.py
[2024-03-13T00:35:49.487-0400] {logging_mixin.py:188} INFO - [2024-03-13T00:35:49.487-0400] {dag.py:3047} INFO - Sync 1 DAGs
[2024-03-13T00:35:49.508-0400] {logging_mixin.py:188} INFO - [2024-03-13T00:35:49.507-0400] {dag.py:3834} INFO - Setting next_dagrun for tutorial_taskflow_api to None, run_after=None
[2024-03-13T00:35:49.555-0400] {processor.py:183} INFO - Processing /home/ironbong_jr/mlops/project/project/lib/python3.10/site-packages/airflow/example_dags/tutorial_taskflow_api.py took 0.151 seconds
[2024-03-13T00:37:06.408-0400] {processor.py:161} INFO - Started process (PID=434643) to work on /home/ironbong_jr/mlops/project/project/lib/python3.10/site-packages/airflow/example_dags/tutorial_taskflow_api.py
[2024-03-13T00:37:06.459-0400] {processor.py:830} INFO - Processing file /home/ironbong_jr/mlops/project/project/lib/python3.10/site-packages/airflow/example_dags/tutorial_taskflow_api.py for tasks to queue
[2024-03-13T00:37:06.461-0400] {logging_mixin.py:188} INFO - [2024-03-13T00:37:06.460-0400] {dagbag.py:540} INFO - Filling up the DagBag from /home/ironbong_jr/mlops/project/project/lib/python3.10/site-packages/airflow/example_dags/tutorial_taskflow_api.py
[2024-03-13T00:37:06.473-0400] {processor.py:840} INFO - DAG(s) 'tutorial_taskflow_api' retrieved from /home/ironbong_jr/mlops/project/project/lib/python3.10/site-packages/airflow/example_dags/tutorial_taskflow_api.py
[2024-03-13T00:37:06.498-0400] {logging_mixin.py:188} INFO - [2024-03-13T00:37:06.497-0400] {dag.py:3047} INFO - Sync 1 DAGs
[2024-03-13T00:37:06.528-0400] {logging_mixin.py:188} INFO - [2024-03-13T00:37:06.528-0400] {dag.py:3834} INFO - Setting next_dagrun for tutorial_taskflow_api to None, run_after=None
[2024-03-13T00:37:06.564-0400] {processor.py:183} INFO - Processing /home/ironbong_jr/mlops/project/project/lib/python3.10/site-packages/airflow/example_dags/tutorial_taskflow_api.py took 0.169 seconds
[2024-03-13T00:39:17.108-0400] {processor.py:161} INFO - Started process (PID=435275) to work on /home/ironbong_jr/mlops/project/project/lib/python3.10/site-packages/airflow/example_dags/tutorial_taskflow_api.py
[2024-03-13T00:39:17.160-0400] {processor.py:830} INFO - Processing file /home/ironbong_jr/mlops/project/project/lib/python3.10/site-packages/airflow/example_dags/tutorial_taskflow_api.py for tasks to queue
[2024-03-13T00:39:17.163-0400] {logging_mixin.py:188} INFO - [2024-03-13T00:39:17.162-0400] {dagbag.py:540} INFO - Filling up the DagBag from /home/ironbong_jr/mlops/project/project/lib/python3.10/site-packages/airflow/example_dags/tutorial_taskflow_api.py
[2024-03-13T00:39:17.176-0400] {processor.py:840} INFO - DAG(s) 'tutorial_taskflow_api' retrieved from /home/ironbong_jr/mlops/project/project/lib/python3.10/site-packages/airflow/example_dags/tutorial_taskflow_api.py
[2024-03-13T00:39:17.207-0400] {logging_mixin.py:188} INFO - [2024-03-13T00:39:17.207-0400] {dag.py:3047} INFO - Sync 1 DAGs
[2024-03-13T00:39:17.231-0400] {logging_mixin.py:188} INFO - [2024-03-13T00:39:17.230-0400] {dag.py:3834} INFO - Setting next_dagrun for tutorial_taskflow_api to None, run_after=None
[2024-03-13T00:39:17.283-0400] {processor.py:183} INFO - Processing /home/ironbong_jr/mlops/project/project/lib/python3.10/site-packages/airflow/example_dags/tutorial_taskflow_api.py took 0.182 seconds
[2024-03-13T00:40:51.671-0400] {processor.py:161} INFO - Started process (PID=435705) to work on /home/ironbong_jr/mlops/project/project/lib/python3.10/site-packages/airflow/example_dags/tutorial_taskflow_api.py
[2024-03-13T00:40:51.722-0400] {processor.py:830} INFO - Processing file /home/ironbong_jr/mlops/project/project/lib/python3.10/site-packages/airflow/example_dags/tutorial_taskflow_api.py for tasks to queue
[2024-03-13T00:40:51.726-0400] {logging_mixin.py:188} INFO - [2024-03-13T00:40:51.725-0400] {dagbag.py:540} INFO - Filling up the DagBag from /home/ironbong_jr/mlops/project/project/lib/python3.10/site-packages/airflow/example_dags/tutorial_taskflow_api.py
[2024-03-13T00:40:51.740-0400] {processor.py:840} INFO - DAG(s) 'tutorial_taskflow_api' retrieved from /home/ironbong_jr/mlops/project/project/lib/python3.10/site-packages/airflow/example_dags/tutorial_taskflow_api.py
[2024-03-13T00:40:51.767-0400] {logging_mixin.py:188} INFO - [2024-03-13T00:40:51.767-0400] {dag.py:3047} INFO - Sync 1 DAGs
[2024-03-13T00:40:51.782-0400] {logging_mixin.py:188} INFO - [2024-03-13T00:40:51.781-0400] {dag.py:3834} INFO - Setting next_dagrun for tutorial_taskflow_api to None, run_after=None
[2024-03-13T00:40:51.851-0400] {processor.py:183} INFO - Processing /home/ironbong_jr/mlops/project/project/lib/python3.10/site-packages/airflow/example_dags/tutorial_taskflow_api.py took 0.188 seconds
[2024-03-13T00:44:08.207-0400] {processor.py:161} INFO - Started process (PID=436614) to work on /home/ironbong_jr/mlops/project/project/lib/python3.10/site-packages/airflow/example_dags/tutorial_taskflow_api.py
[2024-03-13T00:44:08.249-0400] {processor.py:830} INFO - Processing file /home/ironbong_jr/mlops/project/project/lib/python3.10/site-packages/airflow/example_dags/tutorial_taskflow_api.py for tasks to queue
[2024-03-13T00:44:08.253-0400] {logging_mixin.py:188} INFO - [2024-03-13T00:44:08.252-0400] {dagbag.py:540} INFO - Filling up the DagBag from /home/ironbong_jr/mlops/project/project/lib/python3.10/site-packages/airflow/example_dags/tutorial_taskflow_api.py
[2024-03-13T00:44:08.276-0400] {processor.py:840} INFO - DAG(s) 'tutorial_taskflow_api' retrieved from /home/ironbong_jr/mlops/project/project/lib/python3.10/site-packages/airflow/example_dags/tutorial_taskflow_api.py
[2024-03-13T00:44:08.306-0400] {logging_mixin.py:188} INFO - [2024-03-13T00:44:08.305-0400] {dag.py:3047} INFO - Sync 1 DAGs
[2024-03-13T00:44:08.321-0400] {logging_mixin.py:188} INFO - [2024-03-13T00:44:08.321-0400] {dag.py:3834} INFO - Setting next_dagrun for tutorial_taskflow_api to None, run_after=None
[2024-03-13T00:44:08.367-0400] {processor.py:183} INFO - Processing /home/ironbong_jr/mlops/project/project/lib/python3.10/site-packages/airflow/example_dags/tutorial_taskflow_api.py took 0.175 seconds
[2024-03-13T00:45:29.089-0400] {processor.py:161} INFO - Started process (PID=436962) to work on /home/ironbong_jr/mlops/project/project/lib/python3.10/site-packages/airflow/example_dags/tutorial_taskflow_api.py
[2024-03-13T00:45:29.135-0400] {processor.py:830} INFO - Processing file /home/ironbong_jr/mlops/project/project/lib/python3.10/site-packages/airflow/example_dags/tutorial_taskflow_api.py for tasks to queue
[2024-03-13T00:45:29.138-0400] {logging_mixin.py:188} INFO - [2024-03-13T00:45:29.136-0400] {dagbag.py:540} INFO - Filling up the DagBag from /home/ironbong_jr/mlops/project/project/lib/python3.10/site-packages/airflow/example_dags/tutorial_taskflow_api.py
[2024-03-13T00:45:29.149-0400] {processor.py:840} INFO - DAG(s) 'tutorial_taskflow_api' retrieved from /home/ironbong_jr/mlops/project/project/lib/python3.10/site-packages/airflow/example_dags/tutorial_taskflow_api.py
[2024-03-13T00:45:29.175-0400] {logging_mixin.py:188} INFO - [2024-03-13T00:45:29.175-0400] {dag.py:3047} INFO - Sync 1 DAGs
[2024-03-13T00:45:29.189-0400] {logging_mixin.py:188} INFO - [2024-03-13T00:45:29.188-0400] {dag.py:3834} INFO - Setting next_dagrun for tutorial_taskflow_api to None, run_after=None
[2024-03-13T00:45:29.237-0400] {processor.py:183} INFO - Processing /home/ironbong_jr/mlops/project/project/lib/python3.10/site-packages/airflow/example_dags/tutorial_taskflow_api.py took 0.154 seconds
[2024-03-13T15:49:15.149-0400] {processor.py:161} INFO - Started process (PID=453746) to work on /home/ironbong_jr/mlops/project/project/lib/python3.10/site-packages/airflow/example_dags/tutorial_taskflow_api.py
[2024-03-13T15:49:15.153-0400] {processor.py:830} INFO - Processing file /home/ironbong_jr/mlops/project/project/lib/python3.10/site-packages/airflow/example_dags/tutorial_taskflow_api.py for tasks to queue
[2024-03-13T15:49:15.154-0400] {logging_mixin.py:188} INFO - [2024-03-13T15:49:15.154-0400] {dagbag.py:540} INFO - Filling up the DagBag from /home/ironbong_jr/mlops/project/project/lib/python3.10/site-packages/airflow/example_dags/tutorial_taskflow_api.py
[2024-03-13T15:49:15.159-0400] {processor.py:840} INFO - DAG(s) 'tutorial_taskflow_api' retrieved from /home/ironbong_jr/mlops/project/project/lib/python3.10/site-packages/airflow/example_dags/tutorial_taskflow_api.py
[2024-03-13T15:49:15.264-0400] {logging_mixin.py:188} INFO - [2024-03-13T15:49:15.264-0400] {dag.py:3047} INFO - Sync 1 DAGs
[2024-03-13T15:49:15.269-0400] {logging_mixin.py:188} INFO - [2024-03-13T15:49:15.268-0400] {dag.py:3834} INFO - Setting next_dagrun for tutorial_taskflow_api to None, run_after=None
[2024-03-13T15:49:15.288-0400] {processor.py:183} INFO - Processing /home/ironbong_jr/mlops/project/project/lib/python3.10/site-packages/airflow/example_dags/tutorial_taskflow_api.py took 0.141 seconds
[2024-03-13T15:51:24.109-0400] {processor.py:161} INFO - Started process (PID=454477) to work on /home/ironbong_jr/mlops/project/project/lib/python3.10/site-packages/airflow/example_dags/tutorial_taskflow_api.py
[2024-03-13T15:51:24.112-0400] {processor.py:830} INFO - Processing file /home/ironbong_jr/mlops/project/project/lib/python3.10/site-packages/airflow/example_dags/tutorial_taskflow_api.py for tasks to queue
[2024-03-13T15:51:24.113-0400] {logging_mixin.py:188} INFO - [2024-03-13T15:51:24.113-0400] {dagbag.py:540} INFO - Filling up the DagBag from /home/ironbong_jr/mlops/project/project/lib/python3.10/site-packages/airflow/example_dags/tutorial_taskflow_api.py
[2024-03-13T15:51:24.117-0400] {processor.py:840} INFO - DAG(s) 'tutorial_taskflow_api' retrieved from /home/ironbong_jr/mlops/project/project/lib/python3.10/site-packages/airflow/example_dags/tutorial_taskflow_api.py
[2024-03-13T15:51:24.200-0400] {logging_mixin.py:188} INFO - [2024-03-13T15:51:24.200-0400] {dag.py:3047} INFO - Sync 1 DAGs
[2024-03-13T15:51:24.206-0400] {logging_mixin.py:188} INFO - [2024-03-13T15:51:24.206-0400] {dag.py:3834} INFO - Setting next_dagrun for tutorial_taskflow_api to None, run_after=None
[2024-03-13T15:51:24.228-0400] {processor.py:183} INFO - Processing /home/ironbong_jr/mlops/project/project/lib/python3.10/site-packages/airflow/example_dags/tutorial_taskflow_api.py took 0.121 seconds
[2024-03-13T15:52:20.095-0400] {processor.py:161} INFO - Started process (PID=454766) to work on /home/ironbong_jr/mlops/project/project/lib/python3.10/site-packages/airflow/example_dags/tutorial_taskflow_api.py
[2024-03-13T15:52:20.097-0400] {processor.py:830} INFO - Processing file /home/ironbong_jr/mlops/project/project/lib/python3.10/site-packages/airflow/example_dags/tutorial_taskflow_api.py for tasks to queue
[2024-03-13T15:52:20.098-0400] {logging_mixin.py:188} INFO - [2024-03-13T15:52:20.098-0400] {dagbag.py:540} INFO - Filling up the DagBag from /home/ironbong_jr/mlops/project/project/lib/python3.10/site-packages/airflow/example_dags/tutorial_taskflow_api.py
[2024-03-13T15:52:20.103-0400] {processor.py:840} INFO - DAG(s) 'tutorial_taskflow_api' retrieved from /home/ironbong_jr/mlops/project/project/lib/python3.10/site-packages/airflow/example_dags/tutorial_taskflow_api.py
[2024-03-13T15:52:20.113-0400] {logging_mixin.py:188} INFO - [2024-03-13T15:52:20.113-0400] {dag.py:3047} INFO - Sync 1 DAGs
[2024-03-13T15:52:20.120-0400] {logging_mixin.py:188} INFO - [2024-03-13T15:52:20.120-0400] {dag.py:3834} INFO - Setting next_dagrun for tutorial_taskflow_api to None, run_after=None
[2024-03-13T15:52:20.142-0400] {processor.py:183} INFO - Processing /home/ironbong_jr/mlops/project/project/lib/python3.10/site-packages/airflow/example_dags/tutorial_taskflow_api.py took 0.050 seconds
[2024-03-13T15:53:15.061-0400] {processor.py:161} INFO - Started process (PID=455058) to work on /home/ironbong_jr/mlops/project/project/lib/python3.10/site-packages/airflow/example_dags/tutorial_taskflow_api.py
[2024-03-13T15:53:15.062-0400] {processor.py:830} INFO - Processing file /home/ironbong_jr/mlops/project/project/lib/python3.10/site-packages/airflow/example_dags/tutorial_taskflow_api.py for tasks to queue
[2024-03-13T15:53:15.063-0400] {logging_mixin.py:188} INFO - [2024-03-13T15:53:15.063-0400] {dagbag.py:540} INFO - Filling up the DagBag from /home/ironbong_jr/mlops/project/project/lib/python3.10/site-packages/airflow/example_dags/tutorial_taskflow_api.py
[2024-03-13T15:53:15.067-0400] {processor.py:840} INFO - DAG(s) 'tutorial_taskflow_api' retrieved from /home/ironbong_jr/mlops/project/project/lib/python3.10/site-packages/airflow/example_dags/tutorial_taskflow_api.py
[2024-03-13T15:53:15.076-0400] {logging_mixin.py:188} INFO - [2024-03-13T15:53:15.076-0400] {dag.py:3047} INFO - Sync 1 DAGs
[2024-03-13T15:53:15.083-0400] {logging_mixin.py:188} INFO - [2024-03-13T15:53:15.083-0400] {dag.py:3834} INFO - Setting next_dagrun for tutorial_taskflow_api to None, run_after=None
[2024-03-13T15:53:15.106-0400] {processor.py:183} INFO - Processing /home/ironbong_jr/mlops/project/project/lib/python3.10/site-packages/airflow/example_dags/tutorial_taskflow_api.py took 0.047 seconds
[2024-03-13T15:54:08.297-0400] {processor.py:161} INFO - Started process (PID=455310) to work on /home/ironbong_jr/mlops/project/project/lib/python3.10/site-packages/airflow/example_dags/tutorial_taskflow_api.py
[2024-03-13T15:54:08.300-0400] {processor.py:830} INFO - Processing file /home/ironbong_jr/mlops/project/project/lib/python3.10/site-packages/airflow/example_dags/tutorial_taskflow_api.py for tasks to queue
[2024-03-13T15:54:08.301-0400] {logging_mixin.py:188} INFO - [2024-03-13T15:54:08.301-0400] {dagbag.py:540} INFO - Filling up the DagBag from /home/ironbong_jr/mlops/project/project/lib/python3.10/site-packages/airflow/example_dags/tutorial_taskflow_api.py
[2024-03-13T15:54:08.305-0400] {processor.py:840} INFO - DAG(s) 'tutorial_taskflow_api' retrieved from /home/ironbong_jr/mlops/project/project/lib/python3.10/site-packages/airflow/example_dags/tutorial_taskflow_api.py
[2024-03-13T15:54:08.315-0400] {logging_mixin.py:188} INFO - [2024-03-13T15:54:08.314-0400] {dag.py:3047} INFO - Sync 1 DAGs
[2024-03-13T15:54:08.321-0400] {logging_mixin.py:188} INFO - [2024-03-13T15:54:08.321-0400] {dag.py:3834} INFO - Setting next_dagrun for tutorial_taskflow_api to None, run_after=None
[2024-03-13T15:54:08.343-0400] {processor.py:183} INFO - Processing /home/ironbong_jr/mlops/project/project/lib/python3.10/site-packages/airflow/example_dags/tutorial_taskflow_api.py took 0.048 seconds
[2024-03-13T15:55:00.394-0400] {processor.py:161} INFO - Started process (PID=455572) to work on /home/ironbong_jr/mlops/project/project/lib/python3.10/site-packages/airflow/example_dags/tutorial_taskflow_api.py
[2024-03-13T15:55:00.396-0400] {processor.py:830} INFO - Processing file /home/ironbong_jr/mlops/project/project/lib/python3.10/site-packages/airflow/example_dags/tutorial_taskflow_api.py for tasks to queue
[2024-03-13T15:55:00.397-0400] {logging_mixin.py:188} INFO - [2024-03-13T15:55:00.396-0400] {dagbag.py:540} INFO - Filling up the DagBag from /home/ironbong_jr/mlops/project/project/lib/python3.10/site-packages/airflow/example_dags/tutorial_taskflow_api.py
[2024-03-13T15:55:00.401-0400] {processor.py:840} INFO - DAG(s) 'tutorial_taskflow_api' retrieved from /home/ironbong_jr/mlops/project/project/lib/python3.10/site-packages/airflow/example_dags/tutorial_taskflow_api.py
[2024-03-13T15:55:00.410-0400] {logging_mixin.py:188} INFO - [2024-03-13T15:55:00.410-0400] {dag.py:3047} INFO - Sync 1 DAGs
[2024-03-13T15:55:00.416-0400] {logging_mixin.py:188} INFO - [2024-03-13T15:55:00.416-0400] {dag.py:3834} INFO - Setting next_dagrun for tutorial_taskflow_api to None, run_after=None
[2024-03-13T15:55:00.442-0400] {processor.py:183} INFO - Processing /home/ironbong_jr/mlops/project/project/lib/python3.10/site-packages/airflow/example_dags/tutorial_taskflow_api.py took 0.050 seconds
[2024-03-13T15:55:51.989-0400] {processor.py:161} INFO - Started process (PID=455839) to work on /home/ironbong_jr/mlops/project/project/lib/python3.10/site-packages/airflow/example_dags/tutorial_taskflow_api.py
[2024-03-13T15:55:51.992-0400] {processor.py:830} INFO - Processing file /home/ironbong_jr/mlops/project/project/lib/python3.10/site-packages/airflow/example_dags/tutorial_taskflow_api.py for tasks to queue
[2024-03-13T15:55:51.994-0400] {logging_mixin.py:188} INFO - [2024-03-13T15:55:51.993-0400] {dagbag.py:540} INFO - Filling up the DagBag from /home/ironbong_jr/mlops/project/project/lib/python3.10/site-packages/airflow/example_dags/tutorial_taskflow_api.py
[2024-03-13T15:55:51.999-0400] {processor.py:840} INFO - DAG(s) 'tutorial_taskflow_api' retrieved from /home/ironbong_jr/mlops/project/project/lib/python3.10/site-packages/airflow/example_dags/tutorial_taskflow_api.py
[2024-03-13T15:55:52.010-0400] {logging_mixin.py:188} INFO - [2024-03-13T15:55:52.010-0400] {dag.py:3047} INFO - Sync 1 DAGs
[2024-03-13T15:55:52.018-0400] {logging_mixin.py:188} INFO - [2024-03-13T15:55:52.018-0400] {dag.py:3834} INFO - Setting next_dagrun for tutorial_taskflow_api to None, run_after=None
[2024-03-13T15:55:52.043-0400] {processor.py:183} INFO - Processing /home/ironbong_jr/mlops/project/project/lib/python3.10/site-packages/airflow/example_dags/tutorial_taskflow_api.py took 0.056 seconds
[2024-03-13T15:56:42.609-0400] {processor.py:161} INFO - Started process (PID=456095) to work on /home/ironbong_jr/mlops/project/project/lib/python3.10/site-packages/airflow/example_dags/tutorial_taskflow_api.py
[2024-03-13T15:56:42.612-0400] {processor.py:830} INFO - Processing file /home/ironbong_jr/mlops/project/project/lib/python3.10/site-packages/airflow/example_dags/tutorial_taskflow_api.py for tasks to queue
[2024-03-13T15:56:42.613-0400] {logging_mixin.py:188} INFO - [2024-03-13T15:56:42.613-0400] {dagbag.py:540} INFO - Filling up the DagBag from /home/ironbong_jr/mlops/project/project/lib/python3.10/site-packages/airflow/example_dags/tutorial_taskflow_api.py
[2024-03-13T15:56:42.617-0400] {processor.py:840} INFO - DAG(s) 'tutorial_taskflow_api' retrieved from /home/ironbong_jr/mlops/project/project/lib/python3.10/site-packages/airflow/example_dags/tutorial_taskflow_api.py
[2024-03-13T15:56:42.627-0400] {logging_mixin.py:188} INFO - [2024-03-13T15:56:42.627-0400] {dag.py:3047} INFO - Sync 1 DAGs
[2024-03-13T15:56:42.634-0400] {logging_mixin.py:188} INFO - [2024-03-13T15:56:42.633-0400] {dag.py:3834} INFO - Setting next_dagrun for tutorial_taskflow_api to None, run_after=None
[2024-03-13T15:56:42.657-0400] {processor.py:183} INFO - Processing /home/ironbong_jr/mlops/project/project/lib/python3.10/site-packages/airflow/example_dags/tutorial_taskflow_api.py took 0.051 seconds
[2024-03-13T15:57:32.406-0400] {processor.py:161} INFO - Started process (PID=456381) to work on /home/ironbong_jr/mlops/project/project/lib/python3.10/site-packages/airflow/example_dags/tutorial_taskflow_api.py
[2024-03-13T15:57:32.410-0400] {processor.py:830} INFO - Processing file /home/ironbong_jr/mlops/project/project/lib/python3.10/site-packages/airflow/example_dags/tutorial_taskflow_api.py for tasks to queue
[2024-03-13T15:57:32.411-0400] {logging_mixin.py:188} INFO - [2024-03-13T15:57:32.410-0400] {dagbag.py:540} INFO - Filling up the DagBag from /home/ironbong_jr/mlops/project/project/lib/python3.10/site-packages/airflow/example_dags/tutorial_taskflow_api.py
[2024-03-13T15:57:32.417-0400] {processor.py:840} INFO - DAG(s) 'tutorial_taskflow_api' retrieved from /home/ironbong_jr/mlops/project/project/lib/python3.10/site-packages/airflow/example_dags/tutorial_taskflow_api.py
[2024-03-13T15:57:32.427-0400] {logging_mixin.py:188} INFO - [2024-03-13T15:57:32.427-0400] {dag.py:3047} INFO - Sync 1 DAGs
[2024-03-13T15:57:32.437-0400] {logging_mixin.py:188} INFO - [2024-03-13T15:57:32.437-0400] {dag.py:3834} INFO - Setting next_dagrun for tutorial_taskflow_api to None, run_after=None
[2024-03-13T15:57:32.460-0400] {processor.py:183} INFO - Processing /home/ironbong_jr/mlops/project/project/lib/python3.10/site-packages/airflow/example_dags/tutorial_taskflow_api.py took 0.056 seconds
[2024-03-13T15:58:24.791-0400] {processor.py:161} INFO - Started process (PID=456663) to work on /home/ironbong_jr/mlops/project/project/lib/python3.10/site-packages/airflow/example_dags/tutorial_taskflow_api.py
[2024-03-13T15:58:24.795-0400] {processor.py:830} INFO - Processing file /home/ironbong_jr/mlops/project/project/lib/python3.10/site-packages/airflow/example_dags/tutorial_taskflow_api.py for tasks to queue
[2024-03-13T15:58:24.795-0400] {logging_mixin.py:188} INFO - [2024-03-13T15:58:24.795-0400] {dagbag.py:540} INFO - Filling up the DagBag from /home/ironbong_jr/mlops/project/project/lib/python3.10/site-packages/airflow/example_dags/tutorial_taskflow_api.py
[2024-03-13T15:58:24.800-0400] {processor.py:840} INFO - DAG(s) 'tutorial_taskflow_api' retrieved from /home/ironbong_jr/mlops/project/project/lib/python3.10/site-packages/airflow/example_dags/tutorial_taskflow_api.py
[2024-03-13T15:58:24.810-0400] {logging_mixin.py:188} INFO - [2024-03-13T15:58:24.810-0400] {dag.py:3047} INFO - Sync 1 DAGs
[2024-03-13T15:58:24.819-0400] {logging_mixin.py:188} INFO - [2024-03-13T15:58:24.819-0400] {dag.py:3834} INFO - Setting next_dagrun for tutorial_taskflow_api to None, run_after=None
[2024-03-13T15:58:24.842-0400] {processor.py:183} INFO - Processing /home/ironbong_jr/mlops/project/project/lib/python3.10/site-packages/airflow/example_dags/tutorial_taskflow_api.py took 0.053 seconds
[2024-03-13T15:59:16.217-0400] {processor.py:161} INFO - Started process (PID=456906) to work on /home/ironbong_jr/mlops/project/project/lib/python3.10/site-packages/airflow/example_dags/tutorial_taskflow_api.py
[2024-03-13T15:59:16.221-0400] {processor.py:830} INFO - Processing file /home/ironbong_jr/mlops/project/project/lib/python3.10/site-packages/airflow/example_dags/tutorial_taskflow_api.py for tasks to queue
[2024-03-13T15:59:16.222-0400] {logging_mixin.py:188} INFO - [2024-03-13T15:59:16.222-0400] {dagbag.py:540} INFO - Filling up the DagBag from /home/ironbong_jr/mlops/project/project/lib/python3.10/site-packages/airflow/example_dags/tutorial_taskflow_api.py
[2024-03-13T15:59:16.228-0400] {processor.py:840} INFO - DAG(s) 'tutorial_taskflow_api' retrieved from /home/ironbong_jr/mlops/project/project/lib/python3.10/site-packages/airflow/example_dags/tutorial_taskflow_api.py
[2024-03-13T15:59:16.246-0400] {logging_mixin.py:188} INFO - [2024-03-13T15:59:16.246-0400] {dag.py:3047} INFO - Sync 1 DAGs
[2024-03-13T15:59:16.254-0400] {logging_mixin.py:188} INFO - [2024-03-13T15:59:16.254-0400] {dag.py:3834} INFO - Setting next_dagrun for tutorial_taskflow_api to None, run_after=None
[2024-03-13T15:59:16.278-0400] {processor.py:183} INFO - Processing /home/ironbong_jr/mlops/project/project/lib/python3.10/site-packages/airflow/example_dags/tutorial_taskflow_api.py took 0.064 seconds
[2024-03-13T16:00:07.063-0400] {processor.py:161} INFO - Started process (PID=457162) to work on /home/ironbong_jr/mlops/project/project/lib/python3.10/site-packages/airflow/example_dags/tutorial_taskflow_api.py
[2024-03-13T16:00:07.067-0400] {processor.py:830} INFO - Processing file /home/ironbong_jr/mlops/project/project/lib/python3.10/site-packages/airflow/example_dags/tutorial_taskflow_api.py for tasks to queue
[2024-03-13T16:00:07.067-0400] {logging_mixin.py:188} INFO - [2024-03-13T16:00:07.067-0400] {dagbag.py:540} INFO - Filling up the DagBag from /home/ironbong_jr/mlops/project/project/lib/python3.10/site-packages/airflow/example_dags/tutorial_taskflow_api.py
[2024-03-13T16:00:07.072-0400] {processor.py:840} INFO - DAG(s) 'tutorial_taskflow_api' retrieved from /home/ironbong_jr/mlops/project/project/lib/python3.10/site-packages/airflow/example_dags/tutorial_taskflow_api.py
[2024-03-13T16:00:07.081-0400] {logging_mixin.py:188} INFO - [2024-03-13T16:00:07.081-0400] {dag.py:3047} INFO - Sync 1 DAGs
[2024-03-13T16:00:07.087-0400] {logging_mixin.py:188} INFO - [2024-03-13T16:00:07.087-0400] {dag.py:3834} INFO - Setting next_dagrun for tutorial_taskflow_api to None, run_after=None
[2024-03-13T16:00:07.110-0400] {processor.py:183} INFO - Processing /home/ironbong_jr/mlops/project/project/lib/python3.10/site-packages/airflow/example_dags/tutorial_taskflow_api.py took 0.049 seconds
[2024-03-13T16:00:57.703-0400] {processor.py:161} INFO - Started process (PID=457418) to work on /home/ironbong_jr/mlops/project/project/lib/python3.10/site-packages/airflow/example_dags/tutorial_taskflow_api.py
[2024-03-13T16:00:57.705-0400] {processor.py:830} INFO - Processing file /home/ironbong_jr/mlops/project/project/lib/python3.10/site-packages/airflow/example_dags/tutorial_taskflow_api.py for tasks to queue
[2024-03-13T16:00:57.706-0400] {logging_mixin.py:188} INFO - [2024-03-13T16:00:57.705-0400] {dagbag.py:540} INFO - Filling up the DagBag from /home/ironbong_jr/mlops/project/project/lib/python3.10/site-packages/airflow/example_dags/tutorial_taskflow_api.py
[2024-03-13T16:00:57.710-0400] {processor.py:840} INFO - DAG(s) 'tutorial_taskflow_api' retrieved from /home/ironbong_jr/mlops/project/project/lib/python3.10/site-packages/airflow/example_dags/tutorial_taskflow_api.py
[2024-03-13T16:00:57.719-0400] {logging_mixin.py:188} INFO - [2024-03-13T16:00:57.719-0400] {dag.py:3047} INFO - Sync 1 DAGs
[2024-03-13T16:00:57.726-0400] {logging_mixin.py:188} INFO - [2024-03-13T16:00:57.726-0400] {dag.py:3834} INFO - Setting next_dagrun for tutorial_taskflow_api to None, run_after=None
[2024-03-13T16:00:57.748-0400] {processor.py:183} INFO - Processing /home/ironbong_jr/mlops/project/project/lib/python3.10/site-packages/airflow/example_dags/tutorial_taskflow_api.py took 0.046 seconds
[2024-03-13T16:01:48.786-0400] {processor.py:161} INFO - Started process (PID=457682) to work on /home/ironbong_jr/mlops/project/project/lib/python3.10/site-packages/airflow/example_dags/tutorial_taskflow_api.py
[2024-03-13T16:01:48.790-0400] {processor.py:830} INFO - Processing file /home/ironbong_jr/mlops/project/project/lib/python3.10/site-packages/airflow/example_dags/tutorial_taskflow_api.py for tasks to queue
[2024-03-13T16:01:48.791-0400] {logging_mixin.py:188} INFO - [2024-03-13T16:01:48.790-0400] {dagbag.py:540} INFO - Filling up the DagBag from /home/ironbong_jr/mlops/project/project/lib/python3.10/site-packages/airflow/example_dags/tutorial_taskflow_api.py
[2024-03-13T16:01:48.795-0400] {processor.py:840} INFO - DAG(s) 'tutorial_taskflow_api' retrieved from /home/ironbong_jr/mlops/project/project/lib/python3.10/site-packages/airflow/example_dags/tutorial_taskflow_api.py
[2024-03-13T16:01:48.805-0400] {logging_mixin.py:188} INFO - [2024-03-13T16:01:48.805-0400] {dag.py:3047} INFO - Sync 1 DAGs
[2024-03-13T16:01:48.813-0400] {logging_mixin.py:188} INFO - [2024-03-13T16:01:48.813-0400] {dag.py:3834} INFO - Setting next_dagrun for tutorial_taskflow_api to None, run_after=None
[2024-03-13T16:01:48.836-0400] {processor.py:183} INFO - Processing /home/ironbong_jr/mlops/project/project/lib/python3.10/site-packages/airflow/example_dags/tutorial_taskflow_api.py took 0.052 seconds
[2024-03-13T16:02:39.109-0400] {processor.py:161} INFO - Started process (PID=457946) to work on /home/ironbong_jr/mlops/project/project/lib/python3.10/site-packages/airflow/example_dags/tutorial_taskflow_api.py
[2024-03-13T16:02:39.113-0400] {processor.py:830} INFO - Processing file /home/ironbong_jr/mlops/project/project/lib/python3.10/site-packages/airflow/example_dags/tutorial_taskflow_api.py for tasks to queue
[2024-03-13T16:02:39.114-0400] {logging_mixin.py:188} INFO - [2024-03-13T16:02:39.113-0400] {dagbag.py:540} INFO - Filling up the DagBag from /home/ironbong_jr/mlops/project/project/lib/python3.10/site-packages/airflow/example_dags/tutorial_taskflow_api.py
[2024-03-13T16:02:39.118-0400] {processor.py:840} INFO - DAG(s) 'tutorial_taskflow_api' retrieved from /home/ironbong_jr/mlops/project/project/lib/python3.10/site-packages/airflow/example_dags/tutorial_taskflow_api.py
[2024-03-13T16:02:39.128-0400] {logging_mixin.py:188} INFO - [2024-03-13T16:02:39.127-0400] {dag.py:3047} INFO - Sync 1 DAGs
[2024-03-13T16:02:39.134-0400] {logging_mixin.py:188} INFO - [2024-03-13T16:02:39.134-0400] {dag.py:3834} INFO - Setting next_dagrun for tutorial_taskflow_api to None, run_after=None
[2024-03-13T16:02:39.157-0400] {processor.py:183} INFO - Processing /home/ironbong_jr/mlops/project/project/lib/python3.10/site-packages/airflow/example_dags/tutorial_taskflow_api.py took 0.050 seconds
[2024-03-13T16:03:28.973-0400] {processor.py:161} INFO - Started process (PID=458216) to work on /home/ironbong_jr/mlops/project/project/lib/python3.10/site-packages/airflow/example_dags/tutorial_taskflow_api.py
[2024-03-13T16:03:28.976-0400] {processor.py:830} INFO - Processing file /home/ironbong_jr/mlops/project/project/lib/python3.10/site-packages/airflow/example_dags/tutorial_taskflow_api.py for tasks to queue
[2024-03-13T16:03:28.977-0400] {logging_mixin.py:188} INFO - [2024-03-13T16:03:28.977-0400] {dagbag.py:540} INFO - Filling up the DagBag from /home/ironbong_jr/mlops/project/project/lib/python3.10/site-packages/airflow/example_dags/tutorial_taskflow_api.py
[2024-03-13T16:03:28.982-0400] {processor.py:840} INFO - DAG(s) 'tutorial_taskflow_api' retrieved from /home/ironbong_jr/mlops/project/project/lib/python3.10/site-packages/airflow/example_dags/tutorial_taskflow_api.py
[2024-03-13T16:03:28.994-0400] {logging_mixin.py:188} INFO - [2024-03-13T16:03:28.993-0400] {dag.py:3047} INFO - Sync 1 DAGs
[2024-03-13T16:03:29.003-0400] {logging_mixin.py:188} INFO - [2024-03-13T16:03:29.003-0400] {dag.py:3834} INFO - Setting next_dagrun for tutorial_taskflow_api to None, run_after=None
[2024-03-13T16:03:29.030-0400] {processor.py:183} INFO - Processing /home/ironbong_jr/mlops/project/project/lib/python3.10/site-packages/airflow/example_dags/tutorial_taskflow_api.py took 0.059 seconds
[2024-03-13T16:04:35.298-0400] {processor.py:161} INFO - Started process (PID=458628) to work on /home/ironbong_jr/mlops/project/project/lib/python3.10/site-packages/airflow/example_dags/tutorial_taskflow_api.py
[2024-03-13T16:04:35.302-0400] {processor.py:830} INFO - Processing file /home/ironbong_jr/mlops/project/project/lib/python3.10/site-packages/airflow/example_dags/tutorial_taskflow_api.py for tasks to queue
[2024-03-13T16:04:35.303-0400] {logging_mixin.py:188} INFO - [2024-03-13T16:04:35.302-0400] {dagbag.py:540} INFO - Filling up the DagBag from /home/ironbong_jr/mlops/project/project/lib/python3.10/site-packages/airflow/example_dags/tutorial_taskflow_api.py
[2024-03-13T16:04:35.307-0400] {processor.py:840} INFO - DAG(s) 'tutorial_taskflow_api' retrieved from /home/ironbong_jr/mlops/project/project/lib/python3.10/site-packages/airflow/example_dags/tutorial_taskflow_api.py
[2024-03-13T16:04:35.318-0400] {logging_mixin.py:188} INFO - [2024-03-13T16:04:35.318-0400] {dag.py:3047} INFO - Sync 1 DAGs
[2024-03-13T16:04:35.325-0400] {logging_mixin.py:188} INFO - [2024-03-13T16:04:35.325-0400] {dag.py:3834} INFO - Setting next_dagrun for tutorial_taskflow_api to None, run_after=None
[2024-03-13T16:04:35.346-0400] {processor.py:183} INFO - Processing /home/ironbong_jr/mlops/project/project/lib/python3.10/site-packages/airflow/example_dags/tutorial_taskflow_api.py took 0.050 seconds
[2024-03-13T16:05:29.480-0400] {processor.py:161} INFO - Started process (PID=458902) to work on /home/ironbong_jr/mlops/project/project/lib/python3.10/site-packages/airflow/example_dags/tutorial_taskflow_api.py
[2024-03-13T16:05:29.484-0400] {processor.py:830} INFO - Processing file /home/ironbong_jr/mlops/project/project/lib/python3.10/site-packages/airflow/example_dags/tutorial_taskflow_api.py for tasks to queue
[2024-03-13T16:05:29.485-0400] {logging_mixin.py:188} INFO - [2024-03-13T16:05:29.485-0400] {dagbag.py:540} INFO - Filling up the DagBag from /home/ironbong_jr/mlops/project/project/lib/python3.10/site-packages/airflow/example_dags/tutorial_taskflow_api.py
[2024-03-13T16:05:29.490-0400] {processor.py:840} INFO - DAG(s) 'tutorial_taskflow_api' retrieved from /home/ironbong_jr/mlops/project/project/lib/python3.10/site-packages/airflow/example_dags/tutorial_taskflow_api.py
[2024-03-13T16:05:29.499-0400] {logging_mixin.py:188} INFO - [2024-03-13T16:05:29.499-0400] {dag.py:3047} INFO - Sync 1 DAGs
[2024-03-13T16:05:29.506-0400] {logging_mixin.py:188} INFO - [2024-03-13T16:05:29.506-0400] {dag.py:3834} INFO - Setting next_dagrun for tutorial_taskflow_api to None, run_after=None
[2024-03-13T16:05:29.528-0400] {processor.py:183} INFO - Processing /home/ironbong_jr/mlops/project/project/lib/python3.10/site-packages/airflow/example_dags/tutorial_taskflow_api.py took 0.050 seconds
[2024-03-13T16:06:19.897-0400] {processor.py:161} INFO - Started process (PID=459156) to work on /home/ironbong_jr/mlops/project/project/lib/python3.10/site-packages/airflow/example_dags/tutorial_taskflow_api.py
[2024-03-13T16:06:19.900-0400] {processor.py:830} INFO - Processing file /home/ironbong_jr/mlops/project/project/lib/python3.10/site-packages/airflow/example_dags/tutorial_taskflow_api.py for tasks to queue
[2024-03-13T16:06:19.901-0400] {logging_mixin.py:188} INFO - [2024-03-13T16:06:19.901-0400] {dagbag.py:540} INFO - Filling up the DagBag from /home/ironbong_jr/mlops/project/project/lib/python3.10/site-packages/airflow/example_dags/tutorial_taskflow_api.py
[2024-03-13T16:06:19.905-0400] {processor.py:840} INFO - DAG(s) 'tutorial_taskflow_api' retrieved from /home/ironbong_jr/mlops/project/project/lib/python3.10/site-packages/airflow/example_dags/tutorial_taskflow_api.py
[2024-03-13T16:06:19.916-0400] {logging_mixin.py:188} INFO - [2024-03-13T16:06:19.916-0400] {dag.py:3047} INFO - Sync 1 DAGs
[2024-03-13T16:06:19.923-0400] {logging_mixin.py:188} INFO - [2024-03-13T16:06:19.923-0400] {dag.py:3834} INFO - Setting next_dagrun for tutorial_taskflow_api to None, run_after=None
[2024-03-13T16:06:19.945-0400] {processor.py:183} INFO - Processing /home/ironbong_jr/mlops/project/project/lib/python3.10/site-packages/airflow/example_dags/tutorial_taskflow_api.py took 0.050 seconds
[2024-03-13T16:07:10.115-0400] {processor.py:161} INFO - Started process (PID=459403) to work on /home/ironbong_jr/mlops/project/project/lib/python3.10/site-packages/airflow/example_dags/tutorial_taskflow_api.py
[2024-03-13T16:07:10.119-0400] {processor.py:830} INFO - Processing file /home/ironbong_jr/mlops/project/project/lib/python3.10/site-packages/airflow/example_dags/tutorial_taskflow_api.py for tasks to queue
[2024-03-13T16:07:10.119-0400] {logging_mixin.py:188} INFO - [2024-03-13T16:07:10.119-0400] {dagbag.py:540} INFO - Filling up the DagBag from /home/ironbong_jr/mlops/project/project/lib/python3.10/site-packages/airflow/example_dags/tutorial_taskflow_api.py
[2024-03-13T16:07:10.124-0400] {processor.py:840} INFO - DAG(s) 'tutorial_taskflow_api' retrieved from /home/ironbong_jr/mlops/project/project/lib/python3.10/site-packages/airflow/example_dags/tutorial_taskflow_api.py
[2024-03-13T16:07:10.133-0400] {logging_mixin.py:188} INFO - [2024-03-13T16:07:10.133-0400] {dag.py:3047} INFO - Sync 1 DAGs
[2024-03-13T16:07:10.139-0400] {logging_mixin.py:188} INFO - [2024-03-13T16:07:10.139-0400] {dag.py:3834} INFO - Setting next_dagrun for tutorial_taskflow_api to None, run_after=None
[2024-03-13T16:07:10.163-0400] {processor.py:183} INFO - Processing /home/ironbong_jr/mlops/project/project/lib/python3.10/site-packages/airflow/example_dags/tutorial_taskflow_api.py took 0.050 seconds
[2024-03-13T16:08:03.744-0400] {processor.py:161} INFO - Started process (PID=459666) to work on /home/ironbong_jr/mlops/project/project/lib/python3.10/site-packages/airflow/example_dags/tutorial_taskflow_api.py
[2024-03-13T16:08:03.747-0400] {processor.py:830} INFO - Processing file /home/ironbong_jr/mlops/project/project/lib/python3.10/site-packages/airflow/example_dags/tutorial_taskflow_api.py for tasks to queue
[2024-03-13T16:08:03.748-0400] {logging_mixin.py:188} INFO - [2024-03-13T16:08:03.748-0400] {dagbag.py:540} INFO - Filling up the DagBag from /home/ironbong_jr/mlops/project/project/lib/python3.10/site-packages/airflow/example_dags/tutorial_taskflow_api.py
[2024-03-13T16:08:03.752-0400] {processor.py:840} INFO - DAG(s) 'tutorial_taskflow_api' retrieved from /home/ironbong_jr/mlops/project/project/lib/python3.10/site-packages/airflow/example_dags/tutorial_taskflow_api.py
[2024-03-13T16:08:03.762-0400] {logging_mixin.py:188} INFO - [2024-03-13T16:08:03.762-0400] {dag.py:3047} INFO - Sync 1 DAGs
[2024-03-13T16:08:03.768-0400] {logging_mixin.py:188} INFO - [2024-03-13T16:08:03.768-0400] {dag.py:3834} INFO - Setting next_dagrun for tutorial_taskflow_api to None, run_after=None
[2024-03-13T16:08:03.792-0400] {processor.py:183} INFO - Processing /home/ironbong_jr/mlops/project/project/lib/python3.10/site-packages/airflow/example_dags/tutorial_taskflow_api.py took 0.051 seconds
[2024-03-13T16:08:53.873-0400] {processor.py:161} INFO - Started process (PID=459917) to work on /home/ironbong_jr/mlops/project/project/lib/python3.10/site-packages/airflow/example_dags/tutorial_taskflow_api.py
[2024-03-13T16:08:53.877-0400] {processor.py:830} INFO - Processing file /home/ironbong_jr/mlops/project/project/lib/python3.10/site-packages/airflow/example_dags/tutorial_taskflow_api.py for tasks to queue
[2024-03-13T16:08:53.878-0400] {logging_mixin.py:188} INFO - [2024-03-13T16:08:53.878-0400] {dagbag.py:540} INFO - Filling up the DagBag from /home/ironbong_jr/mlops/project/project/lib/python3.10/site-packages/airflow/example_dags/tutorial_taskflow_api.py
[2024-03-13T16:08:53.883-0400] {processor.py:840} INFO - DAG(s) 'tutorial_taskflow_api' retrieved from /home/ironbong_jr/mlops/project/project/lib/python3.10/site-packages/airflow/example_dags/tutorial_taskflow_api.py
[2024-03-13T16:08:53.896-0400] {logging_mixin.py:188} INFO - [2024-03-13T16:08:53.896-0400] {dag.py:3047} INFO - Sync 1 DAGs
[2024-03-13T16:08:53.904-0400] {logging_mixin.py:188} INFO - [2024-03-13T16:08:53.904-0400] {dag.py:3834} INFO - Setting next_dagrun for tutorial_taskflow_api to None, run_after=None
[2024-03-13T16:08:53.928-0400] {processor.py:183} INFO - Processing /home/ironbong_jr/mlops/project/project/lib/python3.10/site-packages/airflow/example_dags/tutorial_taskflow_api.py took 0.057 seconds
[2024-03-13T16:09:43.729-0400] {processor.py:161} INFO - Started process (PID=460154) to work on /home/ironbong_jr/mlops/project/project/lib/python3.10/site-packages/airflow/example_dags/tutorial_taskflow_api.py
[2024-03-13T16:09:43.732-0400] {processor.py:830} INFO - Processing file /home/ironbong_jr/mlops/project/project/lib/python3.10/site-packages/airflow/example_dags/tutorial_taskflow_api.py for tasks to queue
[2024-03-13T16:09:43.733-0400] {logging_mixin.py:188} INFO - [2024-03-13T16:09:43.732-0400] {dagbag.py:540} INFO - Filling up the DagBag from /home/ironbong_jr/mlops/project/project/lib/python3.10/site-packages/airflow/example_dags/tutorial_taskflow_api.py
[2024-03-13T16:09:43.737-0400] {processor.py:840} INFO - DAG(s) 'tutorial_taskflow_api' retrieved from /home/ironbong_jr/mlops/project/project/lib/python3.10/site-packages/airflow/example_dags/tutorial_taskflow_api.py
[2024-03-13T16:09:43.746-0400] {logging_mixin.py:188} INFO - [2024-03-13T16:09:43.746-0400] {dag.py:3047} INFO - Sync 1 DAGs
[2024-03-13T16:09:43.755-0400] {logging_mixin.py:188} INFO - [2024-03-13T16:09:43.755-0400] {dag.py:3834} INFO - Setting next_dagrun for tutorial_taskflow_api to None, run_after=None
[2024-03-13T16:09:43.780-0400] {processor.py:183} INFO - Processing /home/ironbong_jr/mlops/project/project/lib/python3.10/site-packages/airflow/example_dags/tutorial_taskflow_api.py took 0.053 seconds
[2024-03-13T16:10:33.242-0400] {processor.py:161} INFO - Started process (PID=460409) to work on /home/ironbong_jr/mlops/project/project/lib/python3.10/site-packages/airflow/example_dags/tutorial_taskflow_api.py
[2024-03-13T16:10:33.245-0400] {processor.py:830} INFO - Processing file /home/ironbong_jr/mlops/project/project/lib/python3.10/site-packages/airflow/example_dags/tutorial_taskflow_api.py for tasks to queue
[2024-03-13T16:10:33.246-0400] {logging_mixin.py:188} INFO - [2024-03-13T16:10:33.245-0400] {dagbag.py:540} INFO - Filling up the DagBag from /home/ironbong_jr/mlops/project/project/lib/python3.10/site-packages/airflow/example_dags/tutorial_taskflow_api.py
[2024-03-13T16:10:33.250-0400] {processor.py:840} INFO - DAG(s) 'tutorial_taskflow_api' retrieved from /home/ironbong_jr/mlops/project/project/lib/python3.10/site-packages/airflow/example_dags/tutorial_taskflow_api.py
[2024-03-13T16:10:33.259-0400] {logging_mixin.py:188} INFO - [2024-03-13T16:10:33.259-0400] {dag.py:3047} INFO - Sync 1 DAGs
[2024-03-13T16:10:33.266-0400] {logging_mixin.py:188} INFO - [2024-03-13T16:10:33.266-0400] {dag.py:3834} INFO - Setting next_dagrun for tutorial_taskflow_api to None, run_after=None
[2024-03-13T16:10:33.287-0400] {processor.py:183} INFO - Processing /home/ironbong_jr/mlops/project/project/lib/python3.10/site-packages/airflow/example_dags/tutorial_taskflow_api.py took 0.048 seconds
[2024-03-13T16:11:23.270-0400] {processor.py:161} INFO - Started process (PID=460660) to work on /home/ironbong_jr/mlops/project/project/lib/python3.10/site-packages/airflow/example_dags/tutorial_taskflow_api.py
[2024-03-13T16:11:23.274-0400] {processor.py:830} INFO - Processing file /home/ironbong_jr/mlops/project/project/lib/python3.10/site-packages/airflow/example_dags/tutorial_taskflow_api.py for tasks to queue
[2024-03-13T16:11:23.274-0400] {logging_mixin.py:188} INFO - [2024-03-13T16:11:23.274-0400] {dagbag.py:540} INFO - Filling up the DagBag from /home/ironbong_jr/mlops/project/project/lib/python3.10/site-packages/airflow/example_dags/tutorial_taskflow_api.py
[2024-03-13T16:11:23.279-0400] {processor.py:840} INFO - DAG(s) 'tutorial_taskflow_api' retrieved from /home/ironbong_jr/mlops/project/project/lib/python3.10/site-packages/airflow/example_dags/tutorial_taskflow_api.py
[2024-03-13T16:11:23.288-0400] {logging_mixin.py:188} INFO - [2024-03-13T16:11:23.288-0400] {dag.py:3047} INFO - Sync 1 DAGs
[2024-03-13T16:11:23.295-0400] {logging_mixin.py:188} INFO - [2024-03-13T16:11:23.295-0400] {dag.py:3834} INFO - Setting next_dagrun for tutorial_taskflow_api to None, run_after=None
[2024-03-13T16:11:23.317-0400] {processor.py:183} INFO - Processing /home/ironbong_jr/mlops/project/project/lib/python3.10/site-packages/airflow/example_dags/tutorial_taskflow_api.py took 0.049 seconds
[2024-03-13T16:12:12.971-0400] {processor.py:161} INFO - Started process (PID=460897) to work on /home/ironbong_jr/mlops/project/project/lib/python3.10/site-packages/airflow/example_dags/tutorial_taskflow_api.py
[2024-03-13T16:12:12.974-0400] {processor.py:830} INFO - Processing file /home/ironbong_jr/mlops/project/project/lib/python3.10/site-packages/airflow/example_dags/tutorial_taskflow_api.py for tasks to queue
[2024-03-13T16:12:12.975-0400] {logging_mixin.py:188} INFO - [2024-03-13T16:12:12.974-0400] {dagbag.py:540} INFO - Filling up the DagBag from /home/ironbong_jr/mlops/project/project/lib/python3.10/site-packages/airflow/example_dags/tutorial_taskflow_api.py
[2024-03-13T16:12:12.979-0400] {processor.py:840} INFO - DAG(s) 'tutorial_taskflow_api' retrieved from /home/ironbong_jr/mlops/project/project/lib/python3.10/site-packages/airflow/example_dags/tutorial_taskflow_api.py
[2024-03-13T16:12:12.989-0400] {logging_mixin.py:188} INFO - [2024-03-13T16:12:12.989-0400] {dag.py:3047} INFO - Sync 1 DAGs
[2024-03-13T16:12:12.995-0400] {logging_mixin.py:188} INFO - [2024-03-13T16:12:12.995-0400] {dag.py:3834} INFO - Setting next_dagrun for tutorial_taskflow_api to None, run_after=None
[2024-03-13T16:12:13.019-0400] {processor.py:183} INFO - Processing /home/ironbong_jr/mlops/project/project/lib/python3.10/site-packages/airflow/example_dags/tutorial_taskflow_api.py took 0.051 seconds
