[2024-03-12T21:21:50.411-0400] {processor.py:161} INFO - Started process (PID=406991) to work on /home/ironbong_jr/mlops/project/project/lib/python3.10/site-packages/airflow/example_dags/tutorial_dag.py
[2024-03-12T21:21:50.413-0400] {processor.py:830} INFO - Processing file /home/ironbong_jr/mlops/project/project/lib/python3.10/site-packages/airflow/example_dags/tutorial_dag.py for tasks to queue
[2024-03-12T21:21:50.416-0400] {logging_mixin.py:188} INFO - [2024-03-12T21:21:50.414-0400] {dagbag.py:540} INFO - Filling up the DagBag from /home/ironbong_jr/mlops/project/project/lib/python3.10/site-packages/airflow/example_dags/tutorial_dag.py
[2024-03-12T21:21:50.466-0400] {processor.py:840} INFO - DAG(s) 'tutorial_dag' retrieved from /home/ironbong_jr/mlops/project/project/lib/python3.10/site-packages/airflow/example_dags/tutorial_dag.py
[2024-03-12T21:21:50.818-0400] {logging_mixin.py:188} INFO - [2024-03-12T21:21:50.818-0400] {dag.py:3047} INFO - Sync 1 DAGs
[2024-03-12T21:21:50.833-0400] {logging_mixin.py:188} INFO - [2024-03-12T21:21:50.832-0400] {dag.py:3834} INFO - Setting next_dagrun for tutorial_dag to None, run_after=None
[2024-03-12T21:21:50.942-0400] {processor.py:183} INFO - Processing /home/ironbong_jr/mlops/project/project/lib/python3.10/site-packages/airflow/example_dags/tutorial_dag.py took 0.545 seconds
[2024-03-12T21:23:15.618-0400] {processor.py:161} INFO - Started process (PID=407367) to work on /home/ironbong_jr/mlops/project/project/lib/python3.10/site-packages/airflow/example_dags/tutorial_dag.py
[2024-03-12T21:23:15.668-0400] {processor.py:830} INFO - Processing file /home/ironbong_jr/mlops/project/project/lib/python3.10/site-packages/airflow/example_dags/tutorial_dag.py for tasks to queue
[2024-03-12T21:23:15.670-0400] {logging_mixin.py:188} INFO - [2024-03-12T21:23:15.669-0400] {dagbag.py:540} INFO - Filling up the DagBag from /home/ironbong_jr/mlops/project/project/lib/python3.10/site-packages/airflow/example_dags/tutorial_dag.py
[2024-03-12T21:23:15.683-0400] {processor.py:840} INFO - DAG(s) 'tutorial_dag' retrieved from /home/ironbong_jr/mlops/project/project/lib/python3.10/site-packages/airflow/example_dags/tutorial_dag.py
[2024-03-12T21:23:15.720-0400] {logging_mixin.py:188} INFO - [2024-03-12T21:23:15.719-0400] {dag.py:3047} INFO - Sync 1 DAGs
[2024-03-12T21:23:15.746-0400] {logging_mixin.py:188} INFO - [2024-03-12T21:23:15.746-0400] {dag.py:3834} INFO - Setting next_dagrun for tutorial_dag to None, run_after=None
[2024-03-12T21:23:16.014-0400] {processor.py:183} INFO - Processing /home/ironbong_jr/mlops/project/project/lib/python3.10/site-packages/airflow/example_dags/tutorial_dag.py took 0.402 seconds
[2024-03-12T21:26:39.139-0400] {processor.py:161} INFO - Started process (PID=408275) to work on /home/ironbong_jr/mlops/project/project/lib/python3.10/site-packages/airflow/example_dags/tutorial_dag.py
[2024-03-12T21:26:39.143-0400] {processor.py:830} INFO - Processing file /home/ironbong_jr/mlops/project/project/lib/python3.10/site-packages/airflow/example_dags/tutorial_dag.py for tasks to queue
[2024-03-12T21:26:39.145-0400] {logging_mixin.py:188} INFO - [2024-03-12T21:26:39.144-0400] {dagbag.py:540} INFO - Filling up the DagBag from /home/ironbong_jr/mlops/project/project/lib/python3.10/site-packages/airflow/example_dags/tutorial_dag.py
[2024-03-12T21:26:39.160-0400] {processor.py:840} INFO - DAG(s) 'tutorial_dag' retrieved from /home/ironbong_jr/mlops/project/project/lib/python3.10/site-packages/airflow/example_dags/tutorial_dag.py
[2024-03-12T21:26:39.211-0400] {logging_mixin.py:188} INFO - [2024-03-12T21:26:39.210-0400] {dag.py:3047} INFO - Sync 1 DAGs
[2024-03-12T21:26:39.241-0400] {logging_mixin.py:188} INFO - [2024-03-12T21:26:39.240-0400] {dag.py:3834} INFO - Setting next_dagrun for tutorial_dag to None, run_after=None
[2024-03-12T21:26:39.301-0400] {processor.py:183} INFO - Processing /home/ironbong_jr/mlops/project/project/lib/python3.10/site-packages/airflow/example_dags/tutorial_dag.py took 0.173 seconds
[2024-03-12T21:28:18.787-0400] {processor.py:161} INFO - Started process (PID=408759) to work on /home/ironbong_jr/mlops/project/project/lib/python3.10/site-packages/airflow/example_dags/tutorial_dag.py
[2024-03-12T21:28:18.791-0400] {processor.py:830} INFO - Processing file /home/ironbong_jr/mlops/project/project/lib/python3.10/site-packages/airflow/example_dags/tutorial_dag.py for tasks to queue
[2024-03-12T21:28:18.793-0400] {logging_mixin.py:188} INFO - [2024-03-12T21:28:18.792-0400] {dagbag.py:540} INFO - Filling up the DagBag from /home/ironbong_jr/mlops/project/project/lib/python3.10/site-packages/airflow/example_dags/tutorial_dag.py
[2024-03-12T21:28:18.806-0400] {processor.py:840} INFO - DAG(s) 'tutorial_dag' retrieved from /home/ironbong_jr/mlops/project/project/lib/python3.10/site-packages/airflow/example_dags/tutorial_dag.py
[2024-03-12T21:28:18.832-0400] {logging_mixin.py:188} INFO - [2024-03-12T21:28:18.832-0400] {dag.py:3047} INFO - Sync 1 DAGs
[2024-03-12T21:28:18.856-0400] {logging_mixin.py:188} INFO - [2024-03-12T21:28:18.855-0400] {dag.py:3834} INFO - Setting next_dagrun for tutorial_dag to None, run_after=None
[2024-03-12T21:28:18.899-0400] {processor.py:183} INFO - Processing /home/ironbong_jr/mlops/project/project/lib/python3.10/site-packages/airflow/example_dags/tutorial_dag.py took 0.119 seconds
[2024-03-12T21:29:46.059-0400] {processor.py:161} INFO - Started process (PID=409174) to work on /home/ironbong_jr/mlops/project/project/lib/python3.10/site-packages/airflow/example_dags/tutorial_dag.py
[2024-03-12T21:29:46.062-0400] {processor.py:830} INFO - Processing file /home/ironbong_jr/mlops/project/project/lib/python3.10/site-packages/airflow/example_dags/tutorial_dag.py for tasks to queue
[2024-03-12T21:29:46.066-0400] {logging_mixin.py:188} INFO - [2024-03-12T21:29:46.065-0400] {dagbag.py:540} INFO - Filling up the DagBag from /home/ironbong_jr/mlops/project/project/lib/python3.10/site-packages/airflow/example_dags/tutorial_dag.py
[2024-03-12T21:29:46.076-0400] {processor.py:840} INFO - DAG(s) 'tutorial_dag' retrieved from /home/ironbong_jr/mlops/project/project/lib/python3.10/site-packages/airflow/example_dags/tutorial_dag.py
[2024-03-12T21:29:46.169-0400] {logging_mixin.py:188} INFO - [2024-03-12T21:29:46.160-0400] {dag.py:3047} INFO - Sync 1 DAGs
[2024-03-12T21:29:46.211-0400] {logging_mixin.py:188} INFO - [2024-03-12T21:29:46.211-0400] {dag.py:3834} INFO - Setting next_dagrun for tutorial_dag to None, run_after=None
[2024-03-12T21:29:46.268-0400] {processor.py:183} INFO - Processing /home/ironbong_jr/mlops/project/project/lib/python3.10/site-packages/airflow/example_dags/tutorial_dag.py took 0.214 seconds
[2024-03-12T21:31:25.780-0400] {processor.py:161} INFO - Started process (PID=409674) to work on /home/ironbong_jr/mlops/project/project/lib/python3.10/site-packages/airflow/example_dags/tutorial_dag.py
[2024-03-12T21:31:25.783-0400] {processor.py:830} INFO - Processing file /home/ironbong_jr/mlops/project/project/lib/python3.10/site-packages/airflow/example_dags/tutorial_dag.py for tasks to queue
[2024-03-12T21:31:25.785-0400] {logging_mixin.py:188} INFO - [2024-03-12T21:31:25.785-0400] {dagbag.py:540} INFO - Filling up the DagBag from /home/ironbong_jr/mlops/project/project/lib/python3.10/site-packages/airflow/example_dags/tutorial_dag.py
[2024-03-12T21:31:25.798-0400] {processor.py:840} INFO - DAG(s) 'tutorial_dag' retrieved from /home/ironbong_jr/mlops/project/project/lib/python3.10/site-packages/airflow/example_dags/tutorial_dag.py
[2024-03-12T21:31:25.831-0400] {logging_mixin.py:188} INFO - [2024-03-12T21:31:25.831-0400] {dag.py:3047} INFO - Sync 1 DAGs
[2024-03-12T21:31:25.850-0400] {logging_mixin.py:188} INFO - [2024-03-12T21:31:25.850-0400] {dag.py:3834} INFO - Setting next_dagrun for tutorial_dag to None, run_after=None
[2024-03-12T21:31:25.902-0400] {processor.py:183} INFO - Processing /home/ironbong_jr/mlops/project/project/lib/python3.10/site-packages/airflow/example_dags/tutorial_dag.py took 0.129 seconds
[2024-03-12T21:33:07.558-0400] {processor.py:161} INFO - Started process (PID=410217) to work on /home/ironbong_jr/mlops/project/project/lib/python3.10/site-packages/airflow/example_dags/tutorial_dag.py
[2024-03-12T21:33:07.608-0400] {processor.py:830} INFO - Processing file /home/ironbong_jr/mlops/project/project/lib/python3.10/site-packages/airflow/example_dags/tutorial_dag.py for tasks to queue
[2024-03-12T21:33:07.610-0400] {logging_mixin.py:188} INFO - [2024-03-12T21:33:07.609-0400] {dagbag.py:540} INFO - Filling up the DagBag from /home/ironbong_jr/mlops/project/project/lib/python3.10/site-packages/airflow/example_dags/tutorial_dag.py
[2024-03-12T21:33:07.624-0400] {processor.py:840} INFO - DAG(s) 'tutorial_dag' retrieved from /home/ironbong_jr/mlops/project/project/lib/python3.10/site-packages/airflow/example_dags/tutorial_dag.py
[2024-03-12T21:33:07.686-0400] {logging_mixin.py:188} INFO - [2024-03-12T21:33:07.685-0400] {dag.py:3047} INFO - Sync 1 DAGs
[2024-03-12T21:33:07.719-0400] {logging_mixin.py:188} INFO - [2024-03-12T21:33:07.718-0400] {dag.py:3834} INFO - Setting next_dagrun for tutorial_dag to None, run_after=None
[2024-03-12T21:33:07.791-0400] {processor.py:183} INFO - Processing /home/ironbong_jr/mlops/project/project/lib/python3.10/site-packages/airflow/example_dags/tutorial_dag.py took 0.237 seconds
[2024-03-12T21:34:36.843-0400] {processor.py:161} INFO - Started process (PID=410652) to work on /home/ironbong_jr/mlops/project/project/lib/python3.10/site-packages/airflow/example_dags/tutorial_dag.py
[2024-03-12T21:34:36.846-0400] {processor.py:830} INFO - Processing file /home/ironbong_jr/mlops/project/project/lib/python3.10/site-packages/airflow/example_dags/tutorial_dag.py for tasks to queue
[2024-03-12T21:34:36.847-0400] {logging_mixin.py:188} INFO - [2024-03-12T21:34:36.847-0400] {dagbag.py:540} INFO - Filling up the DagBag from /home/ironbong_jr/mlops/project/project/lib/python3.10/site-packages/airflow/example_dags/tutorial_dag.py
[2024-03-12T21:34:36.858-0400] {processor.py:840} INFO - DAG(s) 'tutorial_dag' retrieved from /home/ironbong_jr/mlops/project/project/lib/python3.10/site-packages/airflow/example_dags/tutorial_dag.py
[2024-03-12T21:34:36.888-0400] {logging_mixin.py:188} INFO - [2024-03-12T21:34:36.887-0400] {dag.py:3047} INFO - Sync 1 DAGs
[2024-03-12T21:34:36.907-0400] {logging_mixin.py:188} INFO - [2024-03-12T21:34:36.907-0400] {dag.py:3834} INFO - Setting next_dagrun for tutorial_dag to None, run_after=None
[2024-03-12T21:34:36.951-0400] {processor.py:183} INFO - Processing /home/ironbong_jr/mlops/project/project/lib/python3.10/site-packages/airflow/example_dags/tutorial_dag.py took 0.113 seconds
[2024-03-12T23:26:08.826-0400] {processor.py:161} INFO - Started process (PID=417678) to work on /home/ironbong_jr/mlops/project/project/lib/python3.10/site-packages/airflow/example_dags/tutorial_dag.py
[2024-03-12T23:26:08.829-0400] {processor.py:830} INFO - Processing file /home/ironbong_jr/mlops/project/project/lib/python3.10/site-packages/airflow/example_dags/tutorial_dag.py for tasks to queue
[2024-03-12T23:26:08.831-0400] {logging_mixin.py:188} INFO - [2024-03-12T23:26:08.830-0400] {dagbag.py:540} INFO - Filling up the DagBag from /home/ironbong_jr/mlops/project/project/lib/python3.10/site-packages/airflow/example_dags/tutorial_dag.py
[2024-03-12T23:26:08.850-0400] {processor.py:840} INFO - DAG(s) 'tutorial_dag' retrieved from /home/ironbong_jr/mlops/project/project/lib/python3.10/site-packages/airflow/example_dags/tutorial_dag.py
[2024-03-12T23:26:09.164-0400] {logging_mixin.py:188} INFO - [2024-03-12T23:26:09.163-0400] {dag.py:3047} INFO - Sync 1 DAGs
[2024-03-12T23:26:09.176-0400] {logging_mixin.py:188} INFO - [2024-03-12T23:26:09.176-0400] {dag.py:3834} INFO - Setting next_dagrun for tutorial_dag to None, run_after=None
[2024-03-12T23:26:09.268-0400] {processor.py:183} INFO - Processing /home/ironbong_jr/mlops/project/project/lib/python3.10/site-packages/airflow/example_dags/tutorial_dag.py took 0.451 seconds
[2024-03-12T23:29:26.651-0400] {processor.py:161} INFO - Started process (PID=418477) to work on /home/ironbong_jr/mlops/project/project/lib/python3.10/site-packages/airflow/example_dags/tutorial_dag.py
[2024-03-12T23:29:26.655-0400] {processor.py:830} INFO - Processing file /home/ironbong_jr/mlops/project/project/lib/python3.10/site-packages/airflow/example_dags/tutorial_dag.py for tasks to queue
[2024-03-12T23:29:26.657-0400] {logging_mixin.py:188} INFO - [2024-03-12T23:29:26.656-0400] {dagbag.py:540} INFO - Filling up the DagBag from /home/ironbong_jr/mlops/project/project/lib/python3.10/site-packages/airflow/example_dags/tutorial_dag.py
[2024-03-12T23:29:26.665-0400] {processor.py:840} INFO - DAG(s) 'tutorial_dag' retrieved from /home/ironbong_jr/mlops/project/project/lib/python3.10/site-packages/airflow/example_dags/tutorial_dag.py
[2024-03-12T23:29:26.696-0400] {logging_mixin.py:188} INFO - [2024-03-12T23:29:26.696-0400] {dag.py:3047} INFO - Sync 1 DAGs
[2024-03-12T23:29:26.715-0400] {logging_mixin.py:188} INFO - [2024-03-12T23:29:26.714-0400] {dag.py:3834} INFO - Setting next_dagrun for tutorial_dag to None, run_after=None
[2024-03-12T23:29:26.753-0400] {processor.py:183} INFO - Processing /home/ironbong_jr/mlops/project/project/lib/python3.10/site-packages/airflow/example_dags/tutorial_dag.py took 0.107 seconds
[2024-03-12T23:30:50.210-0400] {processor.py:161} INFO - Started process (PID=418819) to work on /home/ironbong_jr/mlops/project/project/lib/python3.10/site-packages/airflow/example_dags/tutorial_dag.py
[2024-03-12T23:30:50.224-0400] {processor.py:830} INFO - Processing file /home/ironbong_jr/mlops/project/project/lib/python3.10/site-packages/airflow/example_dags/tutorial_dag.py for tasks to queue
[2024-03-12T23:30:50.225-0400] {logging_mixin.py:188} INFO - [2024-03-12T23:30:50.225-0400] {dagbag.py:540} INFO - Filling up the DagBag from /home/ironbong_jr/mlops/project/project/lib/python3.10/site-packages/airflow/example_dags/tutorial_dag.py
[2024-03-12T23:30:50.238-0400] {processor.py:840} INFO - DAG(s) 'tutorial_dag' retrieved from /home/ironbong_jr/mlops/project/project/lib/python3.10/site-packages/airflow/example_dags/tutorial_dag.py
[2024-03-12T23:30:50.267-0400] {logging_mixin.py:188} INFO - [2024-03-12T23:30:50.266-0400] {dag.py:3047} INFO - Sync 1 DAGs
[2024-03-12T23:30:50.284-0400] {logging_mixin.py:188} INFO - [2024-03-12T23:30:50.284-0400] {dag.py:3834} INFO - Setting next_dagrun for tutorial_dag to None, run_after=None
[2024-03-12T23:30:50.326-0400] {processor.py:183} INFO - Processing /home/ironbong_jr/mlops/project/project/lib/python3.10/site-packages/airflow/example_dags/tutorial_dag.py took 0.123 seconds
[2024-03-12T23:42:04.554-0400] {processor.py:161} INFO - Started process (PID=421539) to work on /home/ironbong_jr/mlops/project/project/lib/python3.10/site-packages/airflow/example_dags/tutorial_dag.py
[2024-03-12T23:42:04.607-0400] {processor.py:830} INFO - Processing file /home/ironbong_jr/mlops/project/project/lib/python3.10/site-packages/airflow/example_dags/tutorial_dag.py for tasks to queue
[2024-03-12T23:42:04.609-0400] {logging_mixin.py:188} INFO - [2024-03-12T23:42:04.608-0400] {dagbag.py:540} INFO - Filling up the DagBag from /home/ironbong_jr/mlops/project/project/lib/python3.10/site-packages/airflow/example_dags/tutorial_dag.py
[2024-03-12T23:42:04.629-0400] {processor.py:840} INFO - DAG(s) 'tutorial_dag' retrieved from /home/ironbong_jr/mlops/project/project/lib/python3.10/site-packages/airflow/example_dags/tutorial_dag.py
[2024-03-12T23:42:05.059-0400] {logging_mixin.py:188} INFO - [2024-03-12T23:42:05.059-0400] {dag.py:3047} INFO - Sync 1 DAGs
[2024-03-12T23:42:05.072-0400] {logging_mixin.py:188} INFO - [2024-03-12T23:42:05.071-0400] {dag.py:3834} INFO - Setting next_dagrun for tutorial_dag to None, run_after=None
[2024-03-12T23:42:05.112-0400] {processor.py:183} INFO - Processing /home/ironbong_jr/mlops/project/project/lib/python3.10/site-packages/airflow/example_dags/tutorial_dag.py took 0.569 seconds
[2024-03-12T23:43:38.910-0400] {processor.py:161} INFO - Started process (PID=421912) to work on /home/ironbong_jr/mlops/project/project/lib/python3.10/site-packages/airflow/example_dags/tutorial_dag.py
[2024-03-12T23:43:38.963-0400] {processor.py:830} INFO - Processing file /home/ironbong_jr/mlops/project/project/lib/python3.10/site-packages/airflow/example_dags/tutorial_dag.py for tasks to queue
[2024-03-12T23:43:38.966-0400] {logging_mixin.py:188} INFO - [2024-03-12T23:43:38.965-0400] {dagbag.py:540} INFO - Filling up the DagBag from /home/ironbong_jr/mlops/project/project/lib/python3.10/site-packages/airflow/example_dags/tutorial_dag.py
[2024-03-12T23:43:38.979-0400] {processor.py:840} INFO - DAG(s) 'tutorial_dag' retrieved from /home/ironbong_jr/mlops/project/project/lib/python3.10/site-packages/airflow/example_dags/tutorial_dag.py
[2024-03-12T23:43:39.007-0400] {logging_mixin.py:188} INFO - [2024-03-12T23:43:39.006-0400] {dag.py:3047} INFO - Sync 1 DAGs
[2024-03-12T23:43:39.026-0400] {logging_mixin.py:188} INFO - [2024-03-12T23:43:39.025-0400] {dag.py:3834} INFO - Setting next_dagrun for tutorial_dag to None, run_after=None
[2024-03-12T23:43:39.306-0400] {processor.py:183} INFO - Processing /home/ironbong_jr/mlops/project/project/lib/python3.10/site-packages/airflow/example_dags/tutorial_dag.py took 0.401 seconds
[2024-03-12T23:45:27.686-0400] {processor.py:161} INFO - Started process (PID=422509) to work on /home/ironbong_jr/mlops/project/project/lib/python3.10/site-packages/airflow/example_dags/tutorial_dag.py
[2024-03-12T23:45:27.713-0400] {processor.py:830} INFO - Processing file /home/ironbong_jr/mlops/project/project/lib/python3.10/site-packages/airflow/example_dags/tutorial_dag.py for tasks to queue
[2024-03-12T23:45:27.715-0400] {logging_mixin.py:188} INFO - [2024-03-12T23:45:27.714-0400] {dagbag.py:540} INFO - Filling up the DagBag from /home/ironbong_jr/mlops/project/project/lib/python3.10/site-packages/airflow/example_dags/tutorial_dag.py
[2024-03-12T23:45:27.728-0400] {processor.py:840} INFO - DAG(s) 'tutorial_dag' retrieved from /home/ironbong_jr/mlops/project/project/lib/python3.10/site-packages/airflow/example_dags/tutorial_dag.py
[2024-03-12T23:45:27.764-0400] {logging_mixin.py:188} INFO - [2024-03-12T23:45:27.764-0400] {dag.py:3047} INFO - Sync 1 DAGs
[2024-03-12T23:45:27.791-0400] {logging_mixin.py:188} INFO - [2024-03-12T23:45:27.791-0400] {dag.py:3834} INFO - Setting next_dagrun for tutorial_dag to None, run_after=None
[2024-03-12T23:45:27.846-0400] {processor.py:183} INFO - Processing /home/ironbong_jr/mlops/project/project/lib/python3.10/site-packages/airflow/example_dags/tutorial_dag.py took 0.167 seconds
[2024-03-12T23:47:25.423-0400] {processor.py:161} INFO - Started process (PID=423096) to work on /home/ironbong_jr/mlops/project/project/lib/python3.10/site-packages/airflow/example_dags/tutorial_dag.py
[2024-03-12T23:47:25.474-0400] {processor.py:830} INFO - Processing file /home/ironbong_jr/mlops/project/project/lib/python3.10/site-packages/airflow/example_dags/tutorial_dag.py for tasks to queue
[2024-03-12T23:47:25.478-0400] {logging_mixin.py:188} INFO - [2024-03-12T23:47:25.476-0400] {dagbag.py:540} INFO - Filling up the DagBag from /home/ironbong_jr/mlops/project/project/lib/python3.10/site-packages/airflow/example_dags/tutorial_dag.py
[2024-03-12T23:47:25.492-0400] {processor.py:840} INFO - DAG(s) 'tutorial_dag' retrieved from /home/ironbong_jr/mlops/project/project/lib/python3.10/site-packages/airflow/example_dags/tutorial_dag.py
[2024-03-12T23:47:25.533-0400] {logging_mixin.py:188} INFO - [2024-03-12T23:47:25.532-0400] {dag.py:3047} INFO - Sync 1 DAGs
[2024-03-12T23:47:25.551-0400] {logging_mixin.py:188} INFO - [2024-03-12T23:47:25.551-0400] {dag.py:3834} INFO - Setting next_dagrun for tutorial_dag to None, run_after=None
[2024-03-12T23:47:25.600-0400] {processor.py:183} INFO - Processing /home/ironbong_jr/mlops/project/project/lib/python3.10/site-packages/airflow/example_dags/tutorial_dag.py took 0.184 seconds
[2024-03-12T23:49:13.545-0400] {processor.py:161} INFO - Started process (PID=423564) to work on /home/ironbong_jr/mlops/project/project/lib/python3.10/site-packages/airflow/example_dags/tutorial_dag.py
[2024-03-12T23:49:13.594-0400] {processor.py:830} INFO - Processing file /home/ironbong_jr/mlops/project/project/lib/python3.10/site-packages/airflow/example_dags/tutorial_dag.py for tasks to queue
[2024-03-12T23:49:13.597-0400] {logging_mixin.py:188} INFO - [2024-03-12T23:49:13.596-0400] {dagbag.py:540} INFO - Filling up the DagBag from /home/ironbong_jr/mlops/project/project/lib/python3.10/site-packages/airflow/example_dags/tutorial_dag.py
[2024-03-12T23:49:13.607-0400] {processor.py:840} INFO - DAG(s) 'tutorial_dag' retrieved from /home/ironbong_jr/mlops/project/project/lib/python3.10/site-packages/airflow/example_dags/tutorial_dag.py
[2024-03-12T23:49:13.633-0400] {logging_mixin.py:188} INFO - [2024-03-12T23:49:13.633-0400] {dag.py:3047} INFO - Sync 1 DAGs
[2024-03-12T23:49:13.655-0400] {logging_mixin.py:188} INFO - [2024-03-12T23:49:13.654-0400] {dag.py:3834} INFO - Setting next_dagrun for tutorial_dag to None, run_after=None
[2024-03-12T23:49:13.735-0400] {processor.py:183} INFO - Processing /home/ironbong_jr/mlops/project/project/lib/python3.10/site-packages/airflow/example_dags/tutorial_dag.py took 0.196 seconds
[2024-03-12T23:50:39.803-0400] {processor.py:161} INFO - Started process (PID=424034) to work on /home/ironbong_jr/mlops/project/project/lib/python3.10/site-packages/airflow/example_dags/tutorial_dag.py
[2024-03-12T23:50:39.853-0400] {processor.py:830} INFO - Processing file /home/ironbong_jr/mlops/project/project/lib/python3.10/site-packages/airflow/example_dags/tutorial_dag.py for tasks to queue
[2024-03-12T23:50:39.856-0400] {logging_mixin.py:188} INFO - [2024-03-12T23:50:39.855-0400] {dagbag.py:540} INFO - Filling up the DagBag from /home/ironbong_jr/mlops/project/project/lib/python3.10/site-packages/airflow/example_dags/tutorial_dag.py
[2024-03-12T23:50:39.866-0400] {processor.py:840} INFO - DAG(s) 'tutorial_dag' retrieved from /home/ironbong_jr/mlops/project/project/lib/python3.10/site-packages/airflow/example_dags/tutorial_dag.py
[2024-03-12T23:50:39.895-0400] {logging_mixin.py:188} INFO - [2024-03-12T23:50:39.895-0400] {dag.py:3047} INFO - Sync 1 DAGs
[2024-03-12T23:50:39.913-0400] {logging_mixin.py:188} INFO - [2024-03-12T23:50:39.912-0400] {dag.py:3834} INFO - Setting next_dagrun for tutorial_dag to None, run_after=None
[2024-03-12T23:50:39.992-0400] {processor.py:183} INFO - Processing /home/ironbong_jr/mlops/project/project/lib/python3.10/site-packages/airflow/example_dags/tutorial_dag.py took 0.196 seconds
[2024-03-12T23:52:05.218-0400] {processor.py:161} INFO - Started process (PID=424420) to work on /home/ironbong_jr/mlops/project/project/lib/python3.10/site-packages/airflow/example_dags/tutorial_dag.py
[2024-03-12T23:52:05.221-0400] {processor.py:830} INFO - Processing file /home/ironbong_jr/mlops/project/project/lib/python3.10/site-packages/airflow/example_dags/tutorial_dag.py for tasks to queue
[2024-03-12T23:52:05.223-0400] {logging_mixin.py:188} INFO - [2024-03-12T23:52:05.222-0400] {dagbag.py:540} INFO - Filling up the DagBag from /home/ironbong_jr/mlops/project/project/lib/python3.10/site-packages/airflow/example_dags/tutorial_dag.py
[2024-03-12T23:52:05.232-0400] {processor.py:840} INFO - DAG(s) 'tutorial_dag' retrieved from /home/ironbong_jr/mlops/project/project/lib/python3.10/site-packages/airflow/example_dags/tutorial_dag.py
[2024-03-12T23:52:05.290-0400] {logging_mixin.py:188} INFO - [2024-03-12T23:52:05.288-0400] {dag.py:3047} INFO - Sync 1 DAGs
[2024-03-12T23:52:05.320-0400] {logging_mixin.py:188} INFO - [2024-03-12T23:52:05.319-0400] {dag.py:3834} INFO - Setting next_dagrun for tutorial_dag to None, run_after=None
[2024-03-12T23:52:05.437-0400] {processor.py:183} INFO - Processing /home/ironbong_jr/mlops/project/project/lib/python3.10/site-packages/airflow/example_dags/tutorial_dag.py took 0.225 seconds
[2024-03-12T23:53:31.728-0400] {processor.py:161} INFO - Started process (PID=424959) to work on /home/ironbong_jr/mlops/project/project/lib/python3.10/site-packages/airflow/example_dags/tutorial_dag.py
[2024-03-12T23:53:31.733-0400] {processor.py:830} INFO - Processing file /home/ironbong_jr/mlops/project/project/lib/python3.10/site-packages/airflow/example_dags/tutorial_dag.py for tasks to queue
[2024-03-12T23:53:31.735-0400] {logging_mixin.py:188} INFO - [2024-03-12T23:53:31.734-0400] {dagbag.py:540} INFO - Filling up the DagBag from /home/ironbong_jr/mlops/project/project/lib/python3.10/site-packages/airflow/example_dags/tutorial_dag.py
[2024-03-12T23:53:31.754-0400] {processor.py:840} INFO - DAG(s) 'tutorial_dag' retrieved from /home/ironbong_jr/mlops/project/project/lib/python3.10/site-packages/airflow/example_dags/tutorial_dag.py
[2024-03-12T23:53:31.790-0400] {logging_mixin.py:188} INFO - [2024-03-12T23:53:31.789-0400] {dag.py:3047} INFO - Sync 1 DAGs
[2024-03-12T23:53:31.817-0400] {logging_mixin.py:188} INFO - [2024-03-12T23:53:31.816-0400] {dag.py:3834} INFO - Setting next_dagrun for tutorial_dag to None, run_after=None
[2024-03-12T23:53:31.882-0400] {processor.py:183} INFO - Processing /home/ironbong_jr/mlops/project/project/lib/python3.10/site-packages/airflow/example_dags/tutorial_dag.py took 0.168 seconds
[2024-03-12T23:55:09.060-0400] {processor.py:161} INFO - Started process (PID=425378) to work on /home/ironbong_jr/mlops/project/project/lib/python3.10/site-packages/airflow/example_dags/tutorial_dag.py
[2024-03-12T23:55:09.125-0400] {processor.py:830} INFO - Processing file /home/ironbong_jr/mlops/project/project/lib/python3.10/site-packages/airflow/example_dags/tutorial_dag.py for tasks to queue
[2024-03-12T23:55:09.128-0400] {logging_mixin.py:188} INFO - [2024-03-12T23:55:09.127-0400] {dagbag.py:540} INFO - Filling up the DagBag from /home/ironbong_jr/mlops/project/project/lib/python3.10/site-packages/airflow/example_dags/tutorial_dag.py
[2024-03-12T23:55:09.139-0400] {processor.py:840} INFO - DAG(s) 'tutorial_dag' retrieved from /home/ironbong_jr/mlops/project/project/lib/python3.10/site-packages/airflow/example_dags/tutorial_dag.py
[2024-03-12T23:55:09.171-0400] {logging_mixin.py:188} INFO - [2024-03-12T23:55:09.170-0400] {dag.py:3047} INFO - Sync 1 DAGs
[2024-03-12T23:55:09.188-0400] {logging_mixin.py:188} INFO - [2024-03-12T23:55:09.188-0400] {dag.py:3834} INFO - Setting next_dagrun for tutorial_dag to None, run_after=None
[2024-03-12T23:55:09.254-0400] {processor.py:183} INFO - Processing /home/ironbong_jr/mlops/project/project/lib/python3.10/site-packages/airflow/example_dags/tutorial_dag.py took 0.199 seconds
[2024-03-13T00:29:55.740-0400] {processor.py:161} INFO - Started process (PID=432800) to work on /home/ironbong_jr/mlops/project/project/lib/python3.10/site-packages/airflow/example_dags/tutorial_dag.py
[2024-03-13T00:29:55.793-0400] {processor.py:830} INFO - Processing file /home/ironbong_jr/mlops/project/project/lib/python3.10/site-packages/airflow/example_dags/tutorial_dag.py for tasks to queue
[2024-03-13T00:29:55.797-0400] {logging_mixin.py:188} INFO - [2024-03-13T00:29:55.796-0400] {dagbag.py:540} INFO - Filling up the DagBag from /home/ironbong_jr/mlops/project/project/lib/python3.10/site-packages/airflow/example_dags/tutorial_dag.py
[2024-03-13T00:29:55.815-0400] {processor.py:840} INFO - DAG(s) 'tutorial_dag' retrieved from /home/ironbong_jr/mlops/project/project/lib/python3.10/site-packages/airflow/example_dags/tutorial_dag.py
[2024-03-13T00:29:56.123-0400] {logging_mixin.py:188} INFO - [2024-03-13T00:29:56.122-0400] {dag.py:3047} INFO - Sync 1 DAGs
[2024-03-13T00:29:56.134-0400] {logging_mixin.py:188} INFO - [2024-03-13T00:29:56.134-0400] {dag.py:3834} INFO - Setting next_dagrun for tutorial_dag to None, run_after=None
[2024-03-13T00:29:56.194-0400] {processor.py:183} INFO - Processing /home/ironbong_jr/mlops/project/project/lib/python3.10/site-packages/airflow/example_dags/tutorial_dag.py took 0.461 seconds
[2024-03-13T00:31:24.302-0400] {processor.py:161} INFO - Started process (PID=433181) to work on /home/ironbong_jr/mlops/project/project/lib/python3.10/site-packages/airflow/example_dags/tutorial_dag.py
[2024-03-13T00:31:24.305-0400] {processor.py:830} INFO - Processing file /home/ironbong_jr/mlops/project/project/lib/python3.10/site-packages/airflow/example_dags/tutorial_dag.py for tasks to queue
[2024-03-13T00:31:24.307-0400] {logging_mixin.py:188} INFO - [2024-03-13T00:31:24.306-0400] {dagbag.py:540} INFO - Filling up the DagBag from /home/ironbong_jr/mlops/project/project/lib/python3.10/site-packages/airflow/example_dags/tutorial_dag.py
[2024-03-13T00:31:24.317-0400] {processor.py:840} INFO - DAG(s) 'tutorial_dag' retrieved from /home/ironbong_jr/mlops/project/project/lib/python3.10/site-packages/airflow/example_dags/tutorial_dag.py
[2024-03-13T00:31:24.342-0400] {logging_mixin.py:188} INFO - [2024-03-13T00:31:24.341-0400] {dag.py:3047} INFO - Sync 1 DAGs
[2024-03-13T00:31:24.361-0400] {logging_mixin.py:188} INFO - [2024-03-13T00:31:24.361-0400] {dag.py:3834} INFO - Setting next_dagrun for tutorial_dag to None, run_after=None
[2024-03-13T00:31:24.400-0400] {processor.py:183} INFO - Processing /home/ironbong_jr/mlops/project/project/lib/python3.10/site-packages/airflow/example_dags/tutorial_dag.py took 0.104 seconds
[2024-03-13T00:35:45.414-0400] {processor.py:161} INFO - Started process (PID=434289) to work on /home/ironbong_jr/mlops/project/project/lib/python3.10/site-packages/airflow/example_dags/tutorial_dag.py
[2024-03-13T00:35:45.419-0400] {processor.py:830} INFO - Processing file /home/ironbong_jr/mlops/project/project/lib/python3.10/site-packages/airflow/example_dags/tutorial_dag.py for tasks to queue
[2024-03-13T00:35:45.422-0400] {logging_mixin.py:188} INFO - [2024-03-13T00:35:45.421-0400] {dagbag.py:540} INFO - Filling up the DagBag from /home/ironbong_jr/mlops/project/project/lib/python3.10/site-packages/airflow/example_dags/tutorial_dag.py
[2024-03-13T00:35:45.433-0400] {processor.py:840} INFO - DAG(s) 'tutorial_dag' retrieved from /home/ironbong_jr/mlops/project/project/lib/python3.10/site-packages/airflow/example_dags/tutorial_dag.py
[2024-03-13T00:35:45.473-0400] {logging_mixin.py:188} INFO - [2024-03-13T00:35:45.473-0400] {dag.py:3047} INFO - Sync 1 DAGs
[2024-03-13T00:35:45.493-0400] {logging_mixin.py:188} INFO - [2024-03-13T00:35:45.492-0400] {dag.py:3834} INFO - Setting next_dagrun for tutorial_dag to None, run_after=None
[2024-03-13T00:35:45.544-0400] {processor.py:183} INFO - Processing /home/ironbong_jr/mlops/project/project/lib/python3.10/site-packages/airflow/example_dags/tutorial_dag.py took 0.141 seconds
[2024-03-13T00:37:01.758-0400] {processor.py:161} INFO - Started process (PID=434624) to work on /home/ironbong_jr/mlops/project/project/lib/python3.10/site-packages/airflow/example_dags/tutorial_dag.py
[2024-03-13T00:37:01.762-0400] {processor.py:830} INFO - Processing file /home/ironbong_jr/mlops/project/project/lib/python3.10/site-packages/airflow/example_dags/tutorial_dag.py for tasks to queue
[2024-03-13T00:37:01.764-0400] {logging_mixin.py:188} INFO - [2024-03-13T00:37:01.763-0400] {dagbag.py:540} INFO - Filling up the DagBag from /home/ironbong_jr/mlops/project/project/lib/python3.10/site-packages/airflow/example_dags/tutorial_dag.py
[2024-03-13T00:37:01.775-0400] {processor.py:840} INFO - DAG(s) 'tutorial_dag' retrieved from /home/ironbong_jr/mlops/project/project/lib/python3.10/site-packages/airflow/example_dags/tutorial_dag.py
[2024-03-13T00:37:01.805-0400] {logging_mixin.py:188} INFO - [2024-03-13T00:37:01.804-0400] {dag.py:3047} INFO - Sync 1 DAGs
[2024-03-13T00:37:01.821-0400] {logging_mixin.py:188} INFO - [2024-03-13T00:37:01.820-0400] {dag.py:3834} INFO - Setting next_dagrun for tutorial_dag to None, run_after=None
[2024-03-13T00:37:01.863-0400] {processor.py:183} INFO - Processing /home/ironbong_jr/mlops/project/project/lib/python3.10/site-packages/airflow/example_dags/tutorial_dag.py took 0.112 seconds
[2024-03-13T00:39:11.751-0400] {processor.py:161} INFO - Started process (PID=435257) to work on /home/ironbong_jr/mlops/project/project/lib/python3.10/site-packages/airflow/example_dags/tutorial_dag.py
[2024-03-13T00:39:11.803-0400] {processor.py:830} INFO - Processing file /home/ironbong_jr/mlops/project/project/lib/python3.10/site-packages/airflow/example_dags/tutorial_dag.py for tasks to queue
[2024-03-13T00:39:11.805-0400] {logging_mixin.py:188} INFO - [2024-03-13T00:39:11.804-0400] {dagbag.py:540} INFO - Filling up the DagBag from /home/ironbong_jr/mlops/project/project/lib/python3.10/site-packages/airflow/example_dags/tutorial_dag.py
[2024-03-13T00:39:11.820-0400] {processor.py:840} INFO - DAG(s) 'tutorial_dag' retrieved from /home/ironbong_jr/mlops/project/project/lib/python3.10/site-packages/airflow/example_dags/tutorial_dag.py
[2024-03-13T00:39:11.849-0400] {logging_mixin.py:188} INFO - [2024-03-13T00:39:11.849-0400] {dag.py:3047} INFO - Sync 1 DAGs
[2024-03-13T00:39:11.867-0400] {logging_mixin.py:188} INFO - [2024-03-13T00:39:11.867-0400] {dag.py:3834} INFO - Setting next_dagrun for tutorial_dag to None, run_after=None
[2024-03-13T00:39:11.911-0400] {processor.py:183} INFO - Processing /home/ironbong_jr/mlops/project/project/lib/python3.10/site-packages/airflow/example_dags/tutorial_dag.py took 0.169 seconds
[2024-03-13T00:40:46.509-0400] {processor.py:161} INFO - Started process (PID=435684) to work on /home/ironbong_jr/mlops/project/project/lib/python3.10/site-packages/airflow/example_dags/tutorial_dag.py
[2024-03-13T00:40:46.512-0400] {processor.py:830} INFO - Processing file /home/ironbong_jr/mlops/project/project/lib/python3.10/site-packages/airflow/example_dags/tutorial_dag.py for tasks to queue
[2024-03-13T00:40:46.514-0400] {logging_mixin.py:188} INFO - [2024-03-13T00:40:46.513-0400] {dagbag.py:540} INFO - Filling up the DagBag from /home/ironbong_jr/mlops/project/project/lib/python3.10/site-packages/airflow/example_dags/tutorial_dag.py
[2024-03-13T00:40:46.521-0400] {processor.py:840} INFO - DAG(s) 'tutorial_dag' retrieved from /home/ironbong_jr/mlops/project/project/lib/python3.10/site-packages/airflow/example_dags/tutorial_dag.py
[2024-03-13T00:40:46.543-0400] {logging_mixin.py:188} INFO - [2024-03-13T00:40:46.543-0400] {dag.py:3047} INFO - Sync 1 DAGs
[2024-03-13T00:40:46.556-0400] {logging_mixin.py:188} INFO - [2024-03-13T00:40:46.555-0400] {dag.py:3834} INFO - Setting next_dagrun for tutorial_dag to None, run_after=None
[2024-03-13T00:40:46.594-0400] {processor.py:183} INFO - Processing /home/ironbong_jr/mlops/project/project/lib/python3.10/site-packages/airflow/example_dags/tutorial_dag.py took 0.092 seconds
[2024-03-13T00:44:02.928-0400] {processor.py:161} INFO - Started process (PID=436592) to work on /home/ironbong_jr/mlops/project/project/lib/python3.10/site-packages/airflow/example_dags/tutorial_dag.py
[2024-03-13T00:44:02.980-0400] {processor.py:830} INFO - Processing file /home/ironbong_jr/mlops/project/project/lib/python3.10/site-packages/airflow/example_dags/tutorial_dag.py for tasks to queue
[2024-03-13T00:44:02.982-0400] {logging_mixin.py:188} INFO - [2024-03-13T00:44:02.981-0400] {dagbag.py:540} INFO - Filling up the DagBag from /home/ironbong_jr/mlops/project/project/lib/python3.10/site-packages/airflow/example_dags/tutorial_dag.py
[2024-03-13T00:44:03.001-0400] {processor.py:840} INFO - DAG(s) 'tutorial_dag' retrieved from /home/ironbong_jr/mlops/project/project/lib/python3.10/site-packages/airflow/example_dags/tutorial_dag.py
[2024-03-13T00:44:03.043-0400] {logging_mixin.py:188} INFO - [2024-03-13T00:44:03.043-0400] {dag.py:3047} INFO - Sync 1 DAGs
[2024-03-13T00:44:03.085-0400] {logging_mixin.py:188} INFO - [2024-03-13T00:44:03.084-0400] {dag.py:3834} INFO - Setting next_dagrun for tutorial_dag to None, run_after=None
[2024-03-13T00:44:03.178-0400] {processor.py:183} INFO - Processing /home/ironbong_jr/mlops/project/project/lib/python3.10/site-packages/airflow/example_dags/tutorial_dag.py took 0.256 seconds
[2024-03-13T00:45:23.977-0400] {processor.py:161} INFO - Started process (PID=436946) to work on /home/ironbong_jr/mlops/project/project/lib/python3.10/site-packages/airflow/example_dags/tutorial_dag.py
[2024-03-13T00:45:24.027-0400] {processor.py:830} INFO - Processing file /home/ironbong_jr/mlops/project/project/lib/python3.10/site-packages/airflow/example_dags/tutorial_dag.py for tasks to queue
[2024-03-13T00:45:24.030-0400] {logging_mixin.py:188} INFO - [2024-03-13T00:45:24.029-0400] {dagbag.py:540} INFO - Filling up the DagBag from /home/ironbong_jr/mlops/project/project/lib/python3.10/site-packages/airflow/example_dags/tutorial_dag.py
[2024-03-13T00:45:24.048-0400] {processor.py:840} INFO - DAG(s) 'tutorial_dag' retrieved from /home/ironbong_jr/mlops/project/project/lib/python3.10/site-packages/airflow/example_dags/tutorial_dag.py
[2024-03-13T00:45:24.082-0400] {logging_mixin.py:188} INFO - [2024-03-13T00:45:24.082-0400] {dag.py:3047} INFO - Sync 1 DAGs
[2024-03-13T00:45:24.101-0400] {logging_mixin.py:188} INFO - [2024-03-13T00:45:24.099-0400] {dag.py:3834} INFO - Setting next_dagrun for tutorial_dag to None, run_after=None
[2024-03-13T00:45:24.147-0400] {processor.py:183} INFO - Processing /home/ironbong_jr/mlops/project/project/lib/python3.10/site-packages/airflow/example_dags/tutorial_dag.py took 0.177 seconds
[2024-03-13T15:49:10.804-0400] {processor.py:161} INFO - Started process (PID=453722) to work on /home/ironbong_jr/mlops/project/project/lib/python3.10/site-packages/airflow/example_dags/tutorial_dag.py
[2024-03-13T15:49:10.807-0400] {processor.py:830} INFO - Processing file /home/ironbong_jr/mlops/project/project/lib/python3.10/site-packages/airflow/example_dags/tutorial_dag.py for tasks to queue
[2024-03-13T15:49:10.808-0400] {logging_mixin.py:188} INFO - [2024-03-13T15:49:10.807-0400] {dagbag.py:540} INFO - Filling up the DagBag from /home/ironbong_jr/mlops/project/project/lib/python3.10/site-packages/airflow/example_dags/tutorial_dag.py
[2024-03-13T15:49:10.813-0400] {processor.py:840} INFO - DAG(s) 'tutorial_dag' retrieved from /home/ironbong_jr/mlops/project/project/lib/python3.10/site-packages/airflow/example_dags/tutorial_dag.py
[2024-03-13T15:49:10.942-0400] {logging_mixin.py:188} INFO - [2024-03-13T15:49:10.942-0400] {dag.py:3047} INFO - Sync 1 DAGs
[2024-03-13T15:49:10.947-0400] {logging_mixin.py:188} INFO - [2024-03-13T15:49:10.947-0400] {dag.py:3834} INFO - Setting next_dagrun for tutorial_dag to None, run_after=None
[2024-03-13T15:49:10.965-0400] {processor.py:183} INFO - Processing /home/ironbong_jr/mlops/project/project/lib/python3.10/site-packages/airflow/example_dags/tutorial_dag.py took 0.164 seconds
[2024-03-13T15:51:20.248-0400] {processor.py:161} INFO - Started process (PID=454458) to work on /home/ironbong_jr/mlops/project/project/lib/python3.10/site-packages/airflow/example_dags/tutorial_dag.py
[2024-03-13T15:51:20.251-0400] {processor.py:830} INFO - Processing file /home/ironbong_jr/mlops/project/project/lib/python3.10/site-packages/airflow/example_dags/tutorial_dag.py for tasks to queue
[2024-03-13T15:51:20.253-0400] {logging_mixin.py:188} INFO - [2024-03-13T15:51:20.252-0400] {dagbag.py:540} INFO - Filling up the DagBag from /home/ironbong_jr/mlops/project/project/lib/python3.10/site-packages/airflow/example_dags/tutorial_dag.py
[2024-03-13T15:51:20.257-0400] {processor.py:840} INFO - DAG(s) 'tutorial_dag' retrieved from /home/ironbong_jr/mlops/project/project/lib/python3.10/site-packages/airflow/example_dags/tutorial_dag.py
[2024-03-13T15:51:20.334-0400] {logging_mixin.py:188} INFO - [2024-03-13T15:51:20.333-0400] {dag.py:3047} INFO - Sync 1 DAGs
[2024-03-13T15:51:20.340-0400] {logging_mixin.py:188} INFO - [2024-03-13T15:51:20.340-0400] {dag.py:3834} INFO - Setting next_dagrun for tutorial_dag to None, run_after=None
[2024-03-13T15:51:20.360-0400] {processor.py:183} INFO - Processing /home/ironbong_jr/mlops/project/project/lib/python3.10/site-packages/airflow/example_dags/tutorial_dag.py took 0.115 seconds
[2024-03-13T15:52:15.811-0400] {processor.py:161} INFO - Started process (PID=454750) to work on /home/ironbong_jr/mlops/project/project/lib/python3.10/site-packages/airflow/example_dags/tutorial_dag.py
[2024-03-13T15:52:15.815-0400] {processor.py:830} INFO - Processing file /home/ironbong_jr/mlops/project/project/lib/python3.10/site-packages/airflow/example_dags/tutorial_dag.py for tasks to queue
[2024-03-13T15:52:15.815-0400] {logging_mixin.py:188} INFO - [2024-03-13T15:52:15.815-0400] {dagbag.py:540} INFO - Filling up the DagBag from /home/ironbong_jr/mlops/project/project/lib/python3.10/site-packages/airflow/example_dags/tutorial_dag.py
[2024-03-13T15:52:15.819-0400] {processor.py:840} INFO - DAG(s) 'tutorial_dag' retrieved from /home/ironbong_jr/mlops/project/project/lib/python3.10/site-packages/airflow/example_dags/tutorial_dag.py
[2024-03-13T15:52:15.829-0400] {logging_mixin.py:188} INFO - [2024-03-13T15:52:15.829-0400] {dag.py:3047} INFO - Sync 1 DAGs
[2024-03-13T15:52:15.835-0400] {logging_mixin.py:188} INFO - [2024-03-13T15:52:15.835-0400] {dag.py:3834} INFO - Setting next_dagrun for tutorial_dag to None, run_after=None
[2024-03-13T15:52:15.856-0400] {processor.py:183} INFO - Processing /home/ironbong_jr/mlops/project/project/lib/python3.10/site-packages/airflow/example_dags/tutorial_dag.py took 0.047 seconds
[2024-03-13T15:53:11.039-0400] {processor.py:161} INFO - Started process (PID=455042) to work on /home/ironbong_jr/mlops/project/project/lib/python3.10/site-packages/airflow/example_dags/tutorial_dag.py
[2024-03-13T15:53:11.042-0400] {processor.py:830} INFO - Processing file /home/ironbong_jr/mlops/project/project/lib/python3.10/site-packages/airflow/example_dags/tutorial_dag.py for tasks to queue
[2024-03-13T15:53:11.043-0400] {logging_mixin.py:188} INFO - [2024-03-13T15:53:11.043-0400] {dagbag.py:540} INFO - Filling up the DagBag from /home/ironbong_jr/mlops/project/project/lib/python3.10/site-packages/airflow/example_dags/tutorial_dag.py
[2024-03-13T15:53:11.047-0400] {processor.py:840} INFO - DAG(s) 'tutorial_dag' retrieved from /home/ironbong_jr/mlops/project/project/lib/python3.10/site-packages/airflow/example_dags/tutorial_dag.py
[2024-03-13T15:53:11.057-0400] {logging_mixin.py:188} INFO - [2024-03-13T15:53:11.057-0400] {dag.py:3047} INFO - Sync 1 DAGs
[2024-03-13T15:53:11.064-0400] {logging_mixin.py:188} INFO - [2024-03-13T15:53:11.064-0400] {dag.py:3834} INFO - Setting next_dagrun for tutorial_dag to None, run_after=None
[2024-03-13T15:53:11.090-0400] {processor.py:183} INFO - Processing /home/ironbong_jr/mlops/project/project/lib/python3.10/site-packages/airflow/example_dags/tutorial_dag.py took 0.053 seconds
[2024-03-13T15:54:04.066-0400] {processor.py:161} INFO - Started process (PID=455294) to work on /home/ironbong_jr/mlops/project/project/lib/python3.10/site-packages/airflow/example_dags/tutorial_dag.py
[2024-03-13T15:54:04.067-0400] {processor.py:830} INFO - Processing file /home/ironbong_jr/mlops/project/project/lib/python3.10/site-packages/airflow/example_dags/tutorial_dag.py for tasks to queue
[2024-03-13T15:54:04.068-0400] {logging_mixin.py:188} INFO - [2024-03-13T15:54:04.068-0400] {dagbag.py:540} INFO - Filling up the DagBag from /home/ironbong_jr/mlops/project/project/lib/python3.10/site-packages/airflow/example_dags/tutorial_dag.py
[2024-03-13T15:54:04.072-0400] {processor.py:840} INFO - DAG(s) 'tutorial_dag' retrieved from /home/ironbong_jr/mlops/project/project/lib/python3.10/site-packages/airflow/example_dags/tutorial_dag.py
[2024-03-13T15:54:04.082-0400] {logging_mixin.py:188} INFO - [2024-03-13T15:54:04.082-0400] {dag.py:3047} INFO - Sync 1 DAGs
[2024-03-13T15:54:04.090-0400] {logging_mixin.py:188} INFO - [2024-03-13T15:54:04.090-0400] {dag.py:3834} INFO - Setting next_dagrun for tutorial_dag to None, run_after=None
[2024-03-13T15:54:04.114-0400] {processor.py:183} INFO - Processing /home/ironbong_jr/mlops/project/project/lib/python3.10/site-packages/airflow/example_dags/tutorial_dag.py took 0.051 seconds
[2024-03-13T15:54:57.020-0400] {processor.py:161} INFO - Started process (PID=455559) to work on /home/ironbong_jr/mlops/project/project/lib/python3.10/site-packages/airflow/example_dags/tutorial_dag.py
[2024-03-13T15:54:57.022-0400] {processor.py:830} INFO - Processing file /home/ironbong_jr/mlops/project/project/lib/python3.10/site-packages/airflow/example_dags/tutorial_dag.py for tasks to queue
[2024-03-13T15:54:57.022-0400] {logging_mixin.py:188} INFO - [2024-03-13T15:54:57.022-0400] {dagbag.py:540} INFO - Filling up the DagBag from /home/ironbong_jr/mlops/project/project/lib/python3.10/site-packages/airflow/example_dags/tutorial_dag.py
[2024-03-13T15:54:57.026-0400] {processor.py:840} INFO - DAG(s) 'tutorial_dag' retrieved from /home/ironbong_jr/mlops/project/project/lib/python3.10/site-packages/airflow/example_dags/tutorial_dag.py
[2024-03-13T15:54:57.036-0400] {logging_mixin.py:188} INFO - [2024-03-13T15:54:57.036-0400] {dag.py:3047} INFO - Sync 1 DAGs
[2024-03-13T15:54:57.043-0400] {logging_mixin.py:188} INFO - [2024-03-13T15:54:57.043-0400] {dag.py:3834} INFO - Setting next_dagrun for tutorial_dag to None, run_after=None
[2024-03-13T15:54:57.064-0400] {processor.py:183} INFO - Processing /home/ironbong_jr/mlops/project/project/lib/python3.10/site-packages/airflow/example_dags/tutorial_dag.py took 0.046 seconds
[2024-03-13T15:55:48.306-0400] {processor.py:161} INFO - Started process (PID=455823) to work on /home/ironbong_jr/mlops/project/project/lib/python3.10/site-packages/airflow/example_dags/tutorial_dag.py
[2024-03-13T15:55:48.308-0400] {processor.py:830} INFO - Processing file /home/ironbong_jr/mlops/project/project/lib/python3.10/site-packages/airflow/example_dags/tutorial_dag.py for tasks to queue
[2024-03-13T15:55:48.313-0400] {logging_mixin.py:188} INFO - [2024-03-13T15:55:48.311-0400] {dagbag.py:540} INFO - Filling up the DagBag from /home/ironbong_jr/mlops/project/project/lib/python3.10/site-packages/airflow/example_dags/tutorial_dag.py
[2024-03-13T15:55:48.319-0400] {processor.py:840} INFO - DAG(s) 'tutorial_dag' retrieved from /home/ironbong_jr/mlops/project/project/lib/python3.10/site-packages/airflow/example_dags/tutorial_dag.py
[2024-03-13T15:55:48.333-0400] {logging_mixin.py:188} INFO - [2024-03-13T15:55:48.333-0400] {dag.py:3047} INFO - Sync 1 DAGs
[2024-03-13T15:55:48.342-0400] {logging_mixin.py:188} INFO - [2024-03-13T15:55:48.342-0400] {dag.py:3834} INFO - Setting next_dagrun for tutorial_dag to None, run_after=None
[2024-03-13T15:55:48.366-0400] {processor.py:183} INFO - Processing /home/ironbong_jr/mlops/project/project/lib/python3.10/site-packages/airflow/example_dags/tutorial_dag.py took 0.062 seconds
[2024-03-13T15:56:38.754-0400] {processor.py:161} INFO - Started process (PID=456079) to work on /home/ironbong_jr/mlops/project/project/lib/python3.10/site-packages/airflow/example_dags/tutorial_dag.py
[2024-03-13T15:56:38.756-0400] {processor.py:830} INFO - Processing file /home/ironbong_jr/mlops/project/project/lib/python3.10/site-packages/airflow/example_dags/tutorial_dag.py for tasks to queue
[2024-03-13T15:56:38.756-0400] {logging_mixin.py:188} INFO - [2024-03-13T15:56:38.756-0400] {dagbag.py:540} INFO - Filling up the DagBag from /home/ironbong_jr/mlops/project/project/lib/python3.10/site-packages/airflow/example_dags/tutorial_dag.py
[2024-03-13T15:56:38.760-0400] {processor.py:840} INFO - DAG(s) 'tutorial_dag' retrieved from /home/ironbong_jr/mlops/project/project/lib/python3.10/site-packages/airflow/example_dags/tutorial_dag.py
[2024-03-13T15:56:38.770-0400] {logging_mixin.py:188} INFO - [2024-03-13T15:56:38.770-0400] {dag.py:3047} INFO - Sync 1 DAGs
[2024-03-13T15:56:38.776-0400] {logging_mixin.py:188} INFO - [2024-03-13T15:56:38.776-0400] {dag.py:3834} INFO - Setting next_dagrun for tutorial_dag to None, run_after=None
[2024-03-13T15:56:38.800-0400] {processor.py:183} INFO - Processing /home/ironbong_jr/mlops/project/project/lib/python3.10/site-packages/airflow/example_dags/tutorial_dag.py took 0.047 seconds
[2024-03-13T15:57:28.408-0400] {processor.py:161} INFO - Started process (PID=456356) to work on /home/ironbong_jr/mlops/project/project/lib/python3.10/site-packages/airflow/example_dags/tutorial_dag.py
[2024-03-13T15:57:28.410-0400] {processor.py:830} INFO - Processing file /home/ironbong_jr/mlops/project/project/lib/python3.10/site-packages/airflow/example_dags/tutorial_dag.py for tasks to queue
[2024-03-13T15:57:28.410-0400] {logging_mixin.py:188} INFO - [2024-03-13T15:57:28.410-0400] {dagbag.py:540} INFO - Filling up the DagBag from /home/ironbong_jr/mlops/project/project/lib/python3.10/site-packages/airflow/example_dags/tutorial_dag.py
[2024-03-13T15:57:28.414-0400] {processor.py:840} INFO - DAG(s) 'tutorial_dag' retrieved from /home/ironbong_jr/mlops/project/project/lib/python3.10/site-packages/airflow/example_dags/tutorial_dag.py
[2024-03-13T15:57:28.425-0400] {logging_mixin.py:188} INFO - [2024-03-13T15:57:28.425-0400] {dag.py:3047} INFO - Sync 1 DAGs
[2024-03-13T15:57:28.432-0400] {logging_mixin.py:188} INFO - [2024-03-13T15:57:28.432-0400] {dag.py:3834} INFO - Setting next_dagrun for tutorial_dag to None, run_after=None
[2024-03-13T15:57:28.455-0400] {processor.py:183} INFO - Processing /home/ironbong_jr/mlops/project/project/lib/python3.10/site-packages/airflow/example_dags/tutorial_dag.py took 0.050 seconds
[2024-03-13T15:58:20.793-0400] {processor.py:161} INFO - Started process (PID=456647) to work on /home/ironbong_jr/mlops/project/project/lib/python3.10/site-packages/airflow/example_dags/tutorial_dag.py
[2024-03-13T15:58:20.796-0400] {processor.py:830} INFO - Processing file /home/ironbong_jr/mlops/project/project/lib/python3.10/site-packages/airflow/example_dags/tutorial_dag.py for tasks to queue
[2024-03-13T15:58:20.797-0400] {logging_mixin.py:188} INFO - [2024-03-13T15:58:20.797-0400] {dagbag.py:540} INFO - Filling up the DagBag from /home/ironbong_jr/mlops/project/project/lib/python3.10/site-packages/airflow/example_dags/tutorial_dag.py
[2024-03-13T15:58:20.801-0400] {processor.py:840} INFO - DAG(s) 'tutorial_dag' retrieved from /home/ironbong_jr/mlops/project/project/lib/python3.10/site-packages/airflow/example_dags/tutorial_dag.py
[2024-03-13T15:58:20.811-0400] {logging_mixin.py:188} INFO - [2024-03-13T15:58:20.811-0400] {dag.py:3047} INFO - Sync 1 DAGs
[2024-03-13T15:58:20.817-0400] {logging_mixin.py:188} INFO - [2024-03-13T15:58:20.817-0400] {dag.py:3834} INFO - Setting next_dagrun for tutorial_dag to None, run_after=None
[2024-03-13T15:58:20.839-0400] {processor.py:183} INFO - Processing /home/ironbong_jr/mlops/project/project/lib/python3.10/site-packages/airflow/example_dags/tutorial_dag.py took 0.048 seconds
[2024-03-13T15:59:11.767-0400] {processor.py:161} INFO - Started process (PID=456890) to work on /home/ironbong_jr/mlops/project/project/lib/python3.10/site-packages/airflow/example_dags/tutorial_dag.py
[2024-03-13T15:59:11.771-0400] {processor.py:830} INFO - Processing file /home/ironbong_jr/mlops/project/project/lib/python3.10/site-packages/airflow/example_dags/tutorial_dag.py for tasks to queue
[2024-03-13T15:59:11.771-0400] {logging_mixin.py:188} INFO - [2024-03-13T15:59:11.771-0400] {dagbag.py:540} INFO - Filling up the DagBag from /home/ironbong_jr/mlops/project/project/lib/python3.10/site-packages/airflow/example_dags/tutorial_dag.py
[2024-03-13T15:59:11.775-0400] {processor.py:840} INFO - DAG(s) 'tutorial_dag' retrieved from /home/ironbong_jr/mlops/project/project/lib/python3.10/site-packages/airflow/example_dags/tutorial_dag.py
[2024-03-13T15:59:11.786-0400] {logging_mixin.py:188} INFO - [2024-03-13T15:59:11.786-0400] {dag.py:3047} INFO - Sync 1 DAGs
[2024-03-13T15:59:11.796-0400] {logging_mixin.py:188} INFO - [2024-03-13T15:59:11.795-0400] {dag.py:3834} INFO - Setting next_dagrun for tutorial_dag to None, run_after=None
[2024-03-13T15:59:11.819-0400] {processor.py:183} INFO - Processing /home/ironbong_jr/mlops/project/project/lib/python3.10/site-packages/airflow/example_dags/tutorial_dag.py took 0.054 seconds
[2024-03-13T16:00:03.716-0400] {processor.py:161} INFO - Started process (PID=457146) to work on /home/ironbong_jr/mlops/project/project/lib/python3.10/site-packages/airflow/example_dags/tutorial_dag.py
[2024-03-13T16:00:03.720-0400] {processor.py:830} INFO - Processing file /home/ironbong_jr/mlops/project/project/lib/python3.10/site-packages/airflow/example_dags/tutorial_dag.py for tasks to queue
[2024-03-13T16:00:03.721-0400] {logging_mixin.py:188} INFO - [2024-03-13T16:00:03.720-0400] {dagbag.py:540} INFO - Filling up the DagBag from /home/ironbong_jr/mlops/project/project/lib/python3.10/site-packages/airflow/example_dags/tutorial_dag.py
[2024-03-13T16:00:03.724-0400] {processor.py:840} INFO - DAG(s) 'tutorial_dag' retrieved from /home/ironbong_jr/mlops/project/project/lib/python3.10/site-packages/airflow/example_dags/tutorial_dag.py
[2024-03-13T16:00:03.734-0400] {logging_mixin.py:188} INFO - [2024-03-13T16:00:03.734-0400] {dag.py:3047} INFO - Sync 1 DAGs
[2024-03-13T16:00:03.741-0400] {logging_mixin.py:188} INFO - [2024-03-13T16:00:03.740-0400] {dag.py:3834} INFO - Setting next_dagrun for tutorial_dag to None, run_after=None
[2024-03-13T16:00:03.762-0400] {processor.py:183} INFO - Processing /home/ironbong_jr/mlops/project/project/lib/python3.10/site-packages/airflow/example_dags/tutorial_dag.py took 0.048 seconds
[2024-03-13T16:00:53.759-0400] {processor.py:161} INFO - Started process (PID=457402) to work on /home/ironbong_jr/mlops/project/project/lib/python3.10/site-packages/airflow/example_dags/tutorial_dag.py
[2024-03-13T16:00:53.763-0400] {processor.py:830} INFO - Processing file /home/ironbong_jr/mlops/project/project/lib/python3.10/site-packages/airflow/example_dags/tutorial_dag.py for tasks to queue
[2024-03-13T16:00:53.764-0400] {logging_mixin.py:188} INFO - [2024-03-13T16:00:53.763-0400] {dagbag.py:540} INFO - Filling up the DagBag from /home/ironbong_jr/mlops/project/project/lib/python3.10/site-packages/airflow/example_dags/tutorial_dag.py
[2024-03-13T16:00:53.768-0400] {processor.py:840} INFO - DAG(s) 'tutorial_dag' retrieved from /home/ironbong_jr/mlops/project/project/lib/python3.10/site-packages/airflow/example_dags/tutorial_dag.py
[2024-03-13T16:00:53.777-0400] {logging_mixin.py:188} INFO - [2024-03-13T16:00:53.777-0400] {dag.py:3047} INFO - Sync 1 DAGs
[2024-03-13T16:00:53.785-0400] {logging_mixin.py:188} INFO - [2024-03-13T16:00:53.785-0400] {dag.py:3834} INFO - Setting next_dagrun for tutorial_dag to None, run_after=None
[2024-03-13T16:00:53.807-0400] {processor.py:183} INFO - Processing /home/ironbong_jr/mlops/project/project/lib/python3.10/site-packages/airflow/example_dags/tutorial_dag.py took 0.050 seconds
[2024-03-13T16:01:44.767-0400] {processor.py:161} INFO - Started process (PID=457663) to work on /home/ironbong_jr/mlops/project/project/lib/python3.10/site-packages/airflow/example_dags/tutorial_dag.py
[2024-03-13T16:01:44.771-0400] {processor.py:830} INFO - Processing file /home/ironbong_jr/mlops/project/project/lib/python3.10/site-packages/airflow/example_dags/tutorial_dag.py for tasks to queue
[2024-03-13T16:01:44.771-0400] {logging_mixin.py:188} INFO - [2024-03-13T16:01:44.771-0400] {dagbag.py:540} INFO - Filling up the DagBag from /home/ironbong_jr/mlops/project/project/lib/python3.10/site-packages/airflow/example_dags/tutorial_dag.py
[2024-03-13T16:01:44.775-0400] {processor.py:840} INFO - DAG(s) 'tutorial_dag' retrieved from /home/ironbong_jr/mlops/project/project/lib/python3.10/site-packages/airflow/example_dags/tutorial_dag.py
[2024-03-13T16:01:44.784-0400] {logging_mixin.py:188} INFO - [2024-03-13T16:01:44.784-0400] {dag.py:3047} INFO - Sync 1 DAGs
[2024-03-13T16:01:44.791-0400] {logging_mixin.py:188} INFO - [2024-03-13T16:01:44.791-0400] {dag.py:3834} INFO - Setting next_dagrun for tutorial_dag to None, run_after=None
[2024-03-13T16:01:44.812-0400] {processor.py:183} INFO - Processing /home/ironbong_jr/mlops/project/project/lib/python3.10/site-packages/airflow/example_dags/tutorial_dag.py took 0.047 seconds
[2024-03-13T16:02:35.254-0400] {processor.py:161} INFO - Started process (PID=457936) to work on /home/ironbong_jr/mlops/project/project/lib/python3.10/site-packages/airflow/example_dags/tutorial_dag.py
[2024-03-13T16:02:35.257-0400] {processor.py:830} INFO - Processing file /home/ironbong_jr/mlops/project/project/lib/python3.10/site-packages/airflow/example_dags/tutorial_dag.py for tasks to queue
[2024-03-13T16:02:35.258-0400] {logging_mixin.py:188} INFO - [2024-03-13T16:02:35.257-0400] {dagbag.py:540} INFO - Filling up the DagBag from /home/ironbong_jr/mlops/project/project/lib/python3.10/site-packages/airflow/example_dags/tutorial_dag.py
[2024-03-13T16:02:35.261-0400] {processor.py:840} INFO - DAG(s) 'tutorial_dag' retrieved from /home/ironbong_jr/mlops/project/project/lib/python3.10/site-packages/airflow/example_dags/tutorial_dag.py
[2024-03-13T16:02:35.271-0400] {logging_mixin.py:188} INFO - [2024-03-13T16:02:35.271-0400] {dag.py:3047} INFO - Sync 1 DAGs
[2024-03-13T16:02:35.277-0400] {logging_mixin.py:188} INFO - [2024-03-13T16:02:35.277-0400] {dag.py:3834} INFO - Setting next_dagrun for tutorial_dag to None, run_after=None
[2024-03-13T16:02:35.302-0400] {processor.py:183} INFO - Processing /home/ironbong_jr/mlops/project/project/lib/python3.10/site-packages/airflow/example_dags/tutorial_dag.py took 0.050 seconds
[2024-03-13T16:03:25.321-0400] {processor.py:161} INFO - Started process (PID=458200) to work on /home/ironbong_jr/mlops/project/project/lib/python3.10/site-packages/airflow/example_dags/tutorial_dag.py
[2024-03-13T16:03:25.322-0400] {processor.py:830} INFO - Processing file /home/ironbong_jr/mlops/project/project/lib/python3.10/site-packages/airflow/example_dags/tutorial_dag.py for tasks to queue
[2024-03-13T16:03:25.323-0400] {logging_mixin.py:188} INFO - [2024-03-13T16:03:25.323-0400] {dagbag.py:540} INFO - Filling up the DagBag from /home/ironbong_jr/mlops/project/project/lib/python3.10/site-packages/airflow/example_dags/tutorial_dag.py
[2024-03-13T16:03:25.327-0400] {processor.py:840} INFO - DAG(s) 'tutorial_dag' retrieved from /home/ironbong_jr/mlops/project/project/lib/python3.10/site-packages/airflow/example_dags/tutorial_dag.py
[2024-03-13T16:03:25.341-0400] {logging_mixin.py:188} INFO - [2024-03-13T16:03:25.341-0400] {dag.py:3047} INFO - Sync 1 DAGs
[2024-03-13T16:03:25.351-0400] {logging_mixin.py:188} INFO - [2024-03-13T16:03:25.350-0400] {dag.py:3834} INFO - Setting next_dagrun for tutorial_dag to None, run_after=None
[2024-03-13T16:03:25.375-0400] {processor.py:183} INFO - Processing /home/ironbong_jr/mlops/project/project/lib/python3.10/site-packages/airflow/example_dags/tutorial_dag.py took 0.057 seconds
[2024-03-13T16:04:31.940-0400] {processor.py:161} INFO - Started process (PID=458612) to work on /home/ironbong_jr/mlops/project/project/lib/python3.10/site-packages/airflow/example_dags/tutorial_dag.py
[2024-03-13T16:04:31.943-0400] {processor.py:830} INFO - Processing file /home/ironbong_jr/mlops/project/project/lib/python3.10/site-packages/airflow/example_dags/tutorial_dag.py for tasks to queue
[2024-03-13T16:04:31.944-0400] {logging_mixin.py:188} INFO - [2024-03-13T16:04:31.944-0400] {dagbag.py:540} INFO - Filling up the DagBag from /home/ironbong_jr/mlops/project/project/lib/python3.10/site-packages/airflow/example_dags/tutorial_dag.py
[2024-03-13T16:04:31.950-0400] {processor.py:840} INFO - DAG(s) 'tutorial_dag' retrieved from /home/ironbong_jr/mlops/project/project/lib/python3.10/site-packages/airflow/example_dags/tutorial_dag.py
[2024-03-13T16:04:31.971-0400] {logging_mixin.py:188} INFO - [2024-03-13T16:04:31.970-0400] {dag.py:3047} INFO - Sync 1 DAGs
[2024-03-13T16:04:31.993-0400] {logging_mixin.py:188} INFO - [2024-03-13T16:04:31.993-0400] {dag.py:3834} INFO - Setting next_dagrun for tutorial_dag to None, run_after=None
[2024-03-13T16:04:32.017-0400] {processor.py:183} INFO - Processing /home/ironbong_jr/mlops/project/project/lib/python3.10/site-packages/airflow/example_dags/tutorial_dag.py took 0.080 seconds
[2024-03-13T16:05:25.455-0400] {processor.py:161} INFO - Started process (PID=458886) to work on /home/ironbong_jr/mlops/project/project/lib/python3.10/site-packages/airflow/example_dags/tutorial_dag.py
[2024-03-13T16:05:25.460-0400] {processor.py:830} INFO - Processing file /home/ironbong_jr/mlops/project/project/lib/python3.10/site-packages/airflow/example_dags/tutorial_dag.py for tasks to queue
[2024-03-13T16:05:25.460-0400] {logging_mixin.py:188} INFO - [2024-03-13T16:05:25.460-0400] {dagbag.py:540} INFO - Filling up the DagBag from /home/ironbong_jr/mlops/project/project/lib/python3.10/site-packages/airflow/example_dags/tutorial_dag.py
[2024-03-13T16:05:25.465-0400] {processor.py:840} INFO - DAG(s) 'tutorial_dag' retrieved from /home/ironbong_jr/mlops/project/project/lib/python3.10/site-packages/airflow/example_dags/tutorial_dag.py
[2024-03-13T16:05:25.476-0400] {logging_mixin.py:188} INFO - [2024-03-13T16:05:25.476-0400] {dag.py:3047} INFO - Sync 1 DAGs
[2024-03-13T16:05:25.483-0400] {logging_mixin.py:188} INFO - [2024-03-13T16:05:25.483-0400] {dag.py:3834} INFO - Setting next_dagrun for tutorial_dag to None, run_after=None
[2024-03-13T16:05:25.509-0400] {processor.py:183} INFO - Processing /home/ironbong_jr/mlops/project/project/lib/python3.10/site-packages/airflow/example_dags/tutorial_dag.py took 0.056 seconds
[2024-03-13T16:06:16.134-0400] {processor.py:161} INFO - Started process (PID=459146) to work on /home/ironbong_jr/mlops/project/project/lib/python3.10/site-packages/airflow/example_dags/tutorial_dag.py
[2024-03-13T16:06:16.139-0400] {processor.py:830} INFO - Processing file /home/ironbong_jr/mlops/project/project/lib/python3.10/site-packages/airflow/example_dags/tutorial_dag.py for tasks to queue
[2024-03-13T16:06:16.140-0400] {logging_mixin.py:188} INFO - [2024-03-13T16:06:16.140-0400] {dagbag.py:540} INFO - Filling up the DagBag from /home/ironbong_jr/mlops/project/project/lib/python3.10/site-packages/airflow/example_dags/tutorial_dag.py
[2024-03-13T16:06:16.146-0400] {processor.py:840} INFO - DAG(s) 'tutorial_dag' retrieved from /home/ironbong_jr/mlops/project/project/lib/python3.10/site-packages/airflow/example_dags/tutorial_dag.py
[2024-03-13T16:06:16.161-0400] {logging_mixin.py:188} INFO - [2024-03-13T16:06:16.160-0400] {dag.py:3047} INFO - Sync 1 DAGs
[2024-03-13T16:06:16.172-0400] {logging_mixin.py:188} INFO - [2024-03-13T16:06:16.172-0400] {dag.py:3834} INFO - Setting next_dagrun for tutorial_dag to None, run_after=None
[2024-03-13T16:06:16.202-0400] {processor.py:183} INFO - Processing /home/ironbong_jr/mlops/project/project/lib/python3.10/site-packages/airflow/example_dags/tutorial_dag.py took 0.070 seconds
[2024-03-13T16:07:06.536-0400] {processor.py:161} INFO - Started process (PID=459387) to work on /home/ironbong_jr/mlops/project/project/lib/python3.10/site-packages/airflow/example_dags/tutorial_dag.py
[2024-03-13T16:07:06.537-0400] {processor.py:830} INFO - Processing file /home/ironbong_jr/mlops/project/project/lib/python3.10/site-packages/airflow/example_dags/tutorial_dag.py for tasks to queue
[2024-03-13T16:07:06.538-0400] {logging_mixin.py:188} INFO - [2024-03-13T16:07:06.537-0400] {dagbag.py:540} INFO - Filling up the DagBag from /home/ironbong_jr/mlops/project/project/lib/python3.10/site-packages/airflow/example_dags/tutorial_dag.py
[2024-03-13T16:07:06.542-0400] {processor.py:840} INFO - DAG(s) 'tutorial_dag' retrieved from /home/ironbong_jr/mlops/project/project/lib/python3.10/site-packages/airflow/example_dags/tutorial_dag.py
[2024-03-13T16:07:06.552-0400] {logging_mixin.py:188} INFO - [2024-03-13T16:07:06.552-0400] {dag.py:3047} INFO - Sync 1 DAGs
[2024-03-13T16:07:06.560-0400] {logging_mixin.py:188} INFO - [2024-03-13T16:07:06.560-0400] {dag.py:3834} INFO - Setting next_dagrun for tutorial_dag to None, run_after=None
[2024-03-13T16:07:06.583-0400] {processor.py:183} INFO - Processing /home/ironbong_jr/mlops/project/project/lib/python3.10/site-packages/airflow/example_dags/tutorial_dag.py took 0.051 seconds
[2024-03-13T16:07:59.426-0400] {processor.py:161} INFO - Started process (PID=459649) to work on /home/ironbong_jr/mlops/project/project/lib/python3.10/site-packages/airflow/example_dags/tutorial_dag.py
[2024-03-13T16:07:59.428-0400] {processor.py:830} INFO - Processing file /home/ironbong_jr/mlops/project/project/lib/python3.10/site-packages/airflow/example_dags/tutorial_dag.py for tasks to queue
[2024-03-13T16:07:59.429-0400] {logging_mixin.py:188} INFO - [2024-03-13T16:07:59.428-0400] {dagbag.py:540} INFO - Filling up the DagBag from /home/ironbong_jr/mlops/project/project/lib/python3.10/site-packages/airflow/example_dags/tutorial_dag.py
[2024-03-13T16:07:59.432-0400] {processor.py:840} INFO - DAG(s) 'tutorial_dag' retrieved from /home/ironbong_jr/mlops/project/project/lib/python3.10/site-packages/airflow/example_dags/tutorial_dag.py
[2024-03-13T16:07:59.442-0400] {logging_mixin.py:188} INFO - [2024-03-13T16:07:59.441-0400] {dag.py:3047} INFO - Sync 1 DAGs
[2024-03-13T16:07:59.448-0400] {logging_mixin.py:188} INFO - [2024-03-13T16:07:59.448-0400] {dag.py:3834} INFO - Setting next_dagrun for tutorial_dag to None, run_after=None
[2024-03-13T16:07:59.470-0400] {processor.py:183} INFO - Processing /home/ironbong_jr/mlops/project/project/lib/python3.10/site-packages/airflow/example_dags/tutorial_dag.py took 0.046 seconds
[2024-03-13T16:08:50.948-0400] {processor.py:161} INFO - Started process (PID=459907) to work on /home/ironbong_jr/mlops/project/project/lib/python3.10/site-packages/airflow/example_dags/tutorial_dag.py
[2024-03-13T16:08:50.949-0400] {processor.py:830} INFO - Processing file /home/ironbong_jr/mlops/project/project/lib/python3.10/site-packages/airflow/example_dags/tutorial_dag.py for tasks to queue
[2024-03-13T16:08:50.950-0400] {logging_mixin.py:188} INFO - [2024-03-13T16:08:50.950-0400] {dagbag.py:540} INFO - Filling up the DagBag from /home/ironbong_jr/mlops/project/project/lib/python3.10/site-packages/airflow/example_dags/tutorial_dag.py
[2024-03-13T16:08:50.954-0400] {processor.py:840} INFO - DAG(s) 'tutorial_dag' retrieved from /home/ironbong_jr/mlops/project/project/lib/python3.10/site-packages/airflow/example_dags/tutorial_dag.py
[2024-03-13T16:08:50.967-0400] {logging_mixin.py:188} INFO - [2024-03-13T16:08:50.966-0400] {dag.py:3047} INFO - Sync 1 DAGs
[2024-03-13T16:08:50.975-0400] {logging_mixin.py:188} INFO - [2024-03-13T16:08:50.974-0400] {dag.py:3834} INFO - Setting next_dagrun for tutorial_dag to None, run_after=None
[2024-03-13T16:08:50.998-0400] {processor.py:183} INFO - Processing /home/ironbong_jr/mlops/project/project/lib/python3.10/site-packages/airflow/example_dags/tutorial_dag.py took 0.052 seconds
[2024-03-13T16:09:39.874-0400] {processor.py:161} INFO - Started process (PID=460144) to work on /home/ironbong_jr/mlops/project/project/lib/python3.10/site-packages/airflow/example_dags/tutorial_dag.py
[2024-03-13T16:09:39.877-0400] {processor.py:830} INFO - Processing file /home/ironbong_jr/mlops/project/project/lib/python3.10/site-packages/airflow/example_dags/tutorial_dag.py for tasks to queue
[2024-03-13T16:09:39.878-0400] {logging_mixin.py:188} INFO - [2024-03-13T16:09:39.878-0400] {dagbag.py:540} INFO - Filling up the DagBag from /home/ironbong_jr/mlops/project/project/lib/python3.10/site-packages/airflow/example_dags/tutorial_dag.py
[2024-03-13T16:09:39.882-0400] {processor.py:840} INFO - DAG(s) 'tutorial_dag' retrieved from /home/ironbong_jr/mlops/project/project/lib/python3.10/site-packages/airflow/example_dags/tutorial_dag.py
[2024-03-13T16:09:39.891-0400] {logging_mixin.py:188} INFO - [2024-03-13T16:09:39.891-0400] {dag.py:3047} INFO - Sync 1 DAGs
[2024-03-13T16:09:39.899-0400] {logging_mixin.py:188} INFO - [2024-03-13T16:09:39.899-0400] {dag.py:3834} INFO - Setting next_dagrun for tutorial_dag to None, run_after=None
[2024-03-13T16:09:39.921-0400] {processor.py:183} INFO - Processing /home/ironbong_jr/mlops/project/project/lib/python3.10/site-packages/airflow/example_dags/tutorial_dag.py took 0.049 seconds
[2024-03-13T16:10:29.398-0400] {processor.py:161} INFO - Started process (PID=460393) to work on /home/ironbong_jr/mlops/project/project/lib/python3.10/site-packages/airflow/example_dags/tutorial_dag.py
[2024-03-13T16:10:29.399-0400] {processor.py:830} INFO - Processing file /home/ironbong_jr/mlops/project/project/lib/python3.10/site-packages/airflow/example_dags/tutorial_dag.py for tasks to queue
[2024-03-13T16:10:29.400-0400] {logging_mixin.py:188} INFO - [2024-03-13T16:10:29.400-0400] {dagbag.py:540} INFO - Filling up the DagBag from /home/ironbong_jr/mlops/project/project/lib/python3.10/site-packages/airflow/example_dags/tutorial_dag.py
[2024-03-13T16:10:29.404-0400] {processor.py:840} INFO - DAG(s) 'tutorial_dag' retrieved from /home/ironbong_jr/mlops/project/project/lib/python3.10/site-packages/airflow/example_dags/tutorial_dag.py
[2024-03-13T16:10:29.414-0400] {logging_mixin.py:188} INFO - [2024-03-13T16:10:29.414-0400] {dag.py:3047} INFO - Sync 1 DAGs
[2024-03-13T16:10:29.420-0400] {logging_mixin.py:188} INFO - [2024-03-13T16:10:29.420-0400] {dag.py:3834} INFO - Setting next_dagrun for tutorial_dag to None, run_after=None
[2024-03-13T16:10:29.441-0400] {processor.py:183} INFO - Processing /home/ironbong_jr/mlops/project/project/lib/python3.10/site-packages/airflow/example_dags/tutorial_dag.py took 0.046 seconds
[2024-03-13T16:11:19.561-0400] {processor.py:161} INFO - Started process (PID=460644) to work on /home/ironbong_jr/mlops/project/project/lib/python3.10/site-packages/airflow/example_dags/tutorial_dag.py
[2024-03-13T16:11:19.565-0400] {processor.py:830} INFO - Processing file /home/ironbong_jr/mlops/project/project/lib/python3.10/site-packages/airflow/example_dags/tutorial_dag.py for tasks to queue
[2024-03-13T16:11:19.565-0400] {logging_mixin.py:188} INFO - [2024-03-13T16:11:19.565-0400] {dagbag.py:540} INFO - Filling up the DagBag from /home/ironbong_jr/mlops/project/project/lib/python3.10/site-packages/airflow/example_dags/tutorial_dag.py
[2024-03-13T16:11:19.569-0400] {processor.py:840} INFO - DAG(s) 'tutorial_dag' retrieved from /home/ironbong_jr/mlops/project/project/lib/python3.10/site-packages/airflow/example_dags/tutorial_dag.py
[2024-03-13T16:11:19.579-0400] {logging_mixin.py:188} INFO - [2024-03-13T16:11:19.579-0400] {dag.py:3047} INFO - Sync 1 DAGs
[2024-03-13T16:11:19.585-0400] {logging_mixin.py:188} INFO - [2024-03-13T16:11:19.585-0400] {dag.py:3834} INFO - Setting next_dagrun for tutorial_dag to None, run_after=None
[2024-03-13T16:11:19.608-0400] {processor.py:183} INFO - Processing /home/ironbong_jr/mlops/project/project/lib/python3.10/site-packages/airflow/example_dags/tutorial_dag.py took 0.049 seconds
[2024-03-13T16:12:08.666-0400] {processor.py:161} INFO - Started process (PID=460881) to work on /home/ironbong_jr/mlops/project/project/lib/python3.10/site-packages/airflow/example_dags/tutorial_dag.py
[2024-03-13T16:12:08.669-0400] {processor.py:830} INFO - Processing file /home/ironbong_jr/mlops/project/project/lib/python3.10/site-packages/airflow/example_dags/tutorial_dag.py for tasks to queue
[2024-03-13T16:12:08.670-0400] {logging_mixin.py:188} INFO - [2024-03-13T16:12:08.670-0400] {dagbag.py:540} INFO - Filling up the DagBag from /home/ironbong_jr/mlops/project/project/lib/python3.10/site-packages/airflow/example_dags/tutorial_dag.py
[2024-03-13T16:12:08.674-0400] {processor.py:840} INFO - DAG(s) 'tutorial_dag' retrieved from /home/ironbong_jr/mlops/project/project/lib/python3.10/site-packages/airflow/example_dags/tutorial_dag.py
[2024-03-13T16:12:08.684-0400] {logging_mixin.py:188} INFO - [2024-03-13T16:12:08.684-0400] {dag.py:3047} INFO - Sync 1 DAGs
[2024-03-13T16:12:08.690-0400] {logging_mixin.py:188} INFO - [2024-03-13T16:12:08.690-0400] {dag.py:3834} INFO - Setting next_dagrun for tutorial_dag to None, run_after=None
[2024-03-13T16:12:08.712-0400] {processor.py:183} INFO - Processing /home/ironbong_jr/mlops/project/project/lib/python3.10/site-packages/airflow/example_dags/tutorial_dag.py took 0.047 seconds
[2024-03-13T16:12:58.676-0400] {processor.py:161} INFO - Started process (PID=461135) to work on /home/ironbong_jr/mlops/project/project/lib/python3.10/site-packages/airflow/example_dags/tutorial_dag.py
[2024-03-13T16:12:58.680-0400] {processor.py:830} INFO - Processing file /home/ironbong_jr/mlops/project/project/lib/python3.10/site-packages/airflow/example_dags/tutorial_dag.py for tasks to queue
[2024-03-13T16:12:58.680-0400] {logging_mixin.py:188} INFO - [2024-03-13T16:12:58.680-0400] {dagbag.py:540} INFO - Filling up the DagBag from /home/ironbong_jr/mlops/project/project/lib/python3.10/site-packages/airflow/example_dags/tutorial_dag.py
[2024-03-13T16:12:58.684-0400] {processor.py:840} INFO - DAG(s) 'tutorial_dag' retrieved from /home/ironbong_jr/mlops/project/project/lib/python3.10/site-packages/airflow/example_dags/tutorial_dag.py
[2024-03-13T16:12:58.694-0400] {logging_mixin.py:188} INFO - [2024-03-13T16:12:58.694-0400] {dag.py:3047} INFO - Sync 1 DAGs
[2024-03-13T16:12:58.700-0400] {logging_mixin.py:188} INFO - [2024-03-13T16:12:58.700-0400] {dag.py:3834} INFO - Setting next_dagrun for tutorial_dag to None, run_after=None
[2024-03-13T16:12:58.722-0400] {processor.py:183} INFO - Processing /home/ironbong_jr/mlops/project/project/lib/python3.10/site-packages/airflow/example_dags/tutorial_dag.py took 0.048 seconds
