[2024-03-13T00:43:38.418-0400] {taskinstance.py:1979} INFO - Dependencies all met for dep_context=non-requeueable deps ti=<TaskInstance: predict_data.predict manual__2024-03-13T04:43:02.138461+00:00 [queued]>
[2024-03-13T00:43:38.426-0400] {taskinstance.py:1979} INFO - Dependencies all met for dep_context=requeueable deps ti=<TaskInstance: predict_data.predict manual__2024-03-13T04:43:02.138461+00:00 [queued]>
[2024-03-13T00:43:38.426-0400] {taskinstance.py:2193} INFO - Starting attempt 1 of 3
[2024-03-13T00:43:38.453-0400] {taskinstance.py:2217} INFO - Executing <Task(PythonOperator): predict> on 2024-03-13 04:43:02.138461+00:00
[2024-03-13T00:43:38.469-0400] {standard_task_runner.py:60} INFO - Started process 436494 to run task
[2024-03-13T00:43:38.474-0400] {standard_task_runner.py:87} INFO - Running: ['airflow', 'tasks', 'run', 'predict_data', 'predict', 'manual__2024-03-13T04:43:02.138461+00:00', '--job-id', '129', '--raw', '--subdir', 'DAGS_FOLDER/test_dag.py', '--cfg-path', '/tmp/tmpiegranpt']
[2024-03-13T00:43:38.475-0400] {standard_task_runner.py:88} INFO - Job 129: Subtask predict
[2024-03-13T00:43:38.537-0400] {task_command.py:423} INFO - Running <TaskInstance: predict_data.predict manual__2024-03-13T04:43:02.138461+00:00 [running]> on host DESKTOP-6U7QAQN.
[2024-03-13T00:43:38.629-0400] {taskinstance.py:2513} INFO - Exporting env vars: AIRFLOW_CTX_DAG_EMAIL='youremail@email.com' AIRFLOW_CTX_DAG_OWNER='airflow' AIRFLOW_CTX_DAG_ID='predict_data' AIRFLOW_CTX_TASK_ID='predict' AIRFLOW_CTX_EXECUTION_DATE='2024-03-13T04:43:02.138461+00:00' AIRFLOW_CTX_TRY_NUMBER='1' AIRFLOW_CTX_DAG_RUN_ID='manual__2024-03-13T04:43:02.138461+00:00'
[2024-03-13T00:43:39.480-0400] {logging_mixin.py:188} INFO - LIMIT_BAL
[2024-03-13T00:43:39.481-0400] {logging_mixin.py:188} INFO - SEX
[2024-03-13T00:43:39.481-0400] {logging_mixin.py:188} INFO - PAY_0
[2024-03-13T00:43:39.482-0400] {logging_mixin.py:188} INFO - PAY_2
[2024-03-13T00:43:39.483-0400] {logging_mixin.py:188} INFO - PAY_3
[2024-03-13T00:43:39.483-0400] {logging_mixin.py:188} INFO - PAY_4
[2024-03-13T00:43:39.485-0400] {logging_mixin.py:188} INFO - PAY_5
[2024-03-13T00:43:39.486-0400] {logging_mixin.py:188} INFO - PAY_6
[2024-03-13T00:43:39.486-0400] {logging_mixin.py:188} INFO - BILL_AMT1
[2024-03-13T00:43:39.487-0400] {logging_mixin.py:188} INFO - BILL_AMT2
[2024-03-13T00:43:39.487-0400] {logging_mixin.py:188} INFO - BILL_AMT3
[2024-03-13T00:43:39.488-0400] {logging_mixin.py:188} INFO - BILL_AMT4
[2024-03-13T00:43:39.488-0400] {logging_mixin.py:188} INFO - BILL_AMT5
[2024-03-13T00:43:39.489-0400] {logging_mixin.py:188} INFO - BILL_AMT6
[2024-03-13T00:43:39.490-0400] {logging_mixin.py:188} INFO - PAY_AMT1
[2024-03-13T00:43:39.496-0400] {logging_mixin.py:188} INFO - PAY_AMT2
[2024-03-13T00:43:39.496-0400] {logging_mixin.py:188} INFO - PAY_AMT3
[2024-03-13T00:43:39.497-0400] {logging_mixin.py:188} INFO - PAY_AMT4
[2024-03-13T00:43:39.497-0400] {logging_mixin.py:188} INFO - PAY_AMT5
[2024-03-13T00:43:39.498-0400] {logging_mixin.py:188} INFO - PAY_AMT6
[2024-03-13T00:43:39.553-0400] {logging_mixin.py:188} INFO -    LIMIT_BAL  SEX  PAY_0  PAY_2  ...  PAY_AMT4  PAY_AMT5  PAY_AMT6  preds
0     100000    2      0      0  ...      7500         0      3600      0
1     350000    2     -2     -2  ...      8631       277      7545      0
2     300000    2     -2     -2  ...         0         0         0      0
3     200000    1     -1     -1  ...         0         0         0      0
4      70000    2      0      0  ...      2000      1900      3000      0

[5 rows x 21 columns]
[2024-03-13T00:43:39.554-0400] {python.py:202} INFO - Done. Returned value was: None
[2024-03-13T00:43:39.563-0400] {taskinstance.py:1149} INFO - Marking task as SUCCESS. dag_id=predict_data, task_id=predict, execution_date=20240313T044302, start_date=20240313T044338, end_date=20240313T044339
[2024-03-13T00:43:39.670-0400] {local_task_job_runner.py:234} INFO - Task exited with return code 0
[2024-03-13T00:43:39.695-0400] {taskinstance.py:3312} INFO - 0 downstream tasks scheduled from follow-on schedule check
