[2024-03-12T21:22:25.588-0400] {processor.py:161} INFO - Started process (PID=407123) to work on /home/ironbong_jr/mlops/project/project/lib/python3.10/site-packages/airflow/example_dags/plugins/event_listener.py
[2024-03-12T21:22:25.590-0400] {processor.py:830} INFO - Processing file /home/ironbong_jr/mlops/project/project/lib/python3.10/site-packages/airflow/example_dags/plugins/event_listener.py for tasks to queue
[2024-03-12T21:22:25.592-0400] {logging_mixin.py:188} INFO - [2024-03-12T21:22:25.591-0400] {dagbag.py:540} INFO - Filling up the DagBag from /home/ironbong_jr/mlops/project/project/lib/python3.10/site-packages/airflow/example_dags/plugins/event_listener.py
[2024-03-12T21:22:25.597-0400] {processor.py:842} WARNING - No viable dags retrieved from /home/ironbong_jr/mlops/project/project/lib/python3.10/site-packages/airflow/example_dags/plugins/event_listener.py
[2024-03-12T21:22:25.616-0400] {processor.py:183} INFO - Processing /home/ironbong_jr/mlops/project/project/lib/python3.10/site-packages/airflow/example_dags/plugins/event_listener.py took 0.033 seconds
[2024-03-12T21:25:50.446-0400] {processor.py:161} INFO - Started process (PID=408043) to work on /home/ironbong_jr/mlops/project/project/lib/python3.10/site-packages/airflow/example_dags/plugins/event_listener.py
[2024-03-12T21:25:50.451-0400] {processor.py:830} INFO - Processing file /home/ironbong_jr/mlops/project/project/lib/python3.10/site-packages/airflow/example_dags/plugins/event_listener.py for tasks to queue
[2024-03-12T21:25:50.454-0400] {logging_mixin.py:188} INFO - [2024-03-12T21:25:50.452-0400] {dagbag.py:540} INFO - Filling up the DagBag from /home/ironbong_jr/mlops/project/project/lib/python3.10/site-packages/airflow/example_dags/plugins/event_listener.py
[2024-03-12T21:25:50.459-0400] {processor.py:842} WARNING - No viable dags retrieved from /home/ironbong_jr/mlops/project/project/lib/python3.10/site-packages/airflow/example_dags/plugins/event_listener.py
[2024-03-12T21:25:50.504-0400] {processor.py:183} INFO - Processing /home/ironbong_jr/mlops/project/project/lib/python3.10/site-packages/airflow/example_dags/plugins/event_listener.py took 0.066 seconds
[2024-03-12T21:27:53.061-0400] {processor.py:161} INFO - Started process (PID=408606) to work on /home/ironbong_jr/mlops/project/project/lib/python3.10/site-packages/airflow/example_dags/plugins/event_listener.py
[2024-03-12T21:27:53.108-0400] {processor.py:830} INFO - Processing file /home/ironbong_jr/mlops/project/project/lib/python3.10/site-packages/airflow/example_dags/plugins/event_listener.py for tasks to queue
[2024-03-12T21:27:53.111-0400] {logging_mixin.py:188} INFO - [2024-03-12T21:27:53.110-0400] {dagbag.py:540} INFO - Filling up the DagBag from /home/ironbong_jr/mlops/project/project/lib/python3.10/site-packages/airflow/example_dags/plugins/event_listener.py
[2024-03-12T21:27:53.117-0400] {processor.py:842} WARNING - No viable dags retrieved from /home/ironbong_jr/mlops/project/project/lib/python3.10/site-packages/airflow/example_dags/plugins/event_listener.py
[2024-03-12T21:27:53.161-0400] {processor.py:183} INFO - Processing /home/ironbong_jr/mlops/project/project/lib/python3.10/site-packages/airflow/example_dags/plugins/event_listener.py took 0.105 seconds
[2024-03-12T21:29:31.440-0400] {processor.py:161} INFO - Started process (PID=409082) to work on /home/ironbong_jr/mlops/project/project/lib/python3.10/site-packages/airflow/example_dags/plugins/event_listener.py
[2024-03-12T21:29:31.486-0400] {processor.py:830} INFO - Processing file /home/ironbong_jr/mlops/project/project/lib/python3.10/site-packages/airflow/example_dags/plugins/event_listener.py for tasks to queue
[2024-03-12T21:29:31.488-0400] {logging_mixin.py:188} INFO - [2024-03-12T21:29:31.488-0400] {dagbag.py:540} INFO - Filling up the DagBag from /home/ironbong_jr/mlops/project/project/lib/python3.10/site-packages/airflow/example_dags/plugins/event_listener.py
[2024-03-12T21:29:31.493-0400] {processor.py:842} WARNING - No viable dags retrieved from /home/ironbong_jr/mlops/project/project/lib/python3.10/site-packages/airflow/example_dags/plugins/event_listener.py
[2024-03-12T21:29:31.511-0400] {processor.py:183} INFO - Processing /home/ironbong_jr/mlops/project/project/lib/python3.10/site-packages/airflow/example_dags/plugins/event_listener.py took 0.080 seconds
[2024-03-12T21:31:00.097-0400] {processor.py:161} INFO - Started process (PID=409521) to work on /home/ironbong_jr/mlops/project/project/lib/python3.10/site-packages/airflow/example_dags/plugins/event_listener.py
[2024-03-12T21:31:00.143-0400] {processor.py:830} INFO - Processing file /home/ironbong_jr/mlops/project/project/lib/python3.10/site-packages/airflow/example_dags/plugins/event_listener.py for tasks to queue
[2024-03-12T21:31:00.146-0400] {logging_mixin.py:188} INFO - [2024-03-12T21:31:00.145-0400] {dagbag.py:540} INFO - Filling up the DagBag from /home/ironbong_jr/mlops/project/project/lib/python3.10/site-packages/airflow/example_dags/plugins/event_listener.py
[2024-03-12T21:31:00.152-0400] {processor.py:842} WARNING - No viable dags retrieved from /home/ironbong_jr/mlops/project/project/lib/python3.10/site-packages/airflow/example_dags/plugins/event_listener.py
[2024-03-12T21:31:00.176-0400] {processor.py:183} INFO - Processing /home/ironbong_jr/mlops/project/project/lib/python3.10/site-packages/airflow/example_dags/plugins/event_listener.py took 0.091 seconds
[2024-03-12T21:32:40.116-0400] {processor.py:161} INFO - Started process (PID=410060) to work on /home/ironbong_jr/mlops/project/project/lib/python3.10/site-packages/airflow/example_dags/plugins/event_listener.py
[2024-03-12T21:32:40.165-0400] {processor.py:830} INFO - Processing file /home/ironbong_jr/mlops/project/project/lib/python3.10/site-packages/airflow/example_dags/plugins/event_listener.py for tasks to queue
[2024-03-12T21:32:40.168-0400] {logging_mixin.py:188} INFO - [2024-03-12T21:32:40.167-0400] {dagbag.py:540} INFO - Filling up the DagBag from /home/ironbong_jr/mlops/project/project/lib/python3.10/site-packages/airflow/example_dags/plugins/event_listener.py
[2024-03-12T21:32:40.175-0400] {processor.py:842} WARNING - No viable dags retrieved from /home/ironbong_jr/mlops/project/project/lib/python3.10/site-packages/airflow/example_dags/plugins/event_listener.py
[2024-03-12T21:32:40.192-0400] {processor.py:183} INFO - Processing /home/ironbong_jr/mlops/project/project/lib/python3.10/site-packages/airflow/example_dags/plugins/event_listener.py took 0.083 seconds
[2024-03-12T21:34:20.148-0400] {processor.py:161} INFO - Started process (PID=410552) to work on /home/ironbong_jr/mlops/project/project/lib/python3.10/site-packages/airflow/example_dags/plugins/event_listener.py
[2024-03-12T21:34:20.195-0400] {processor.py:830} INFO - Processing file /home/ironbong_jr/mlops/project/project/lib/python3.10/site-packages/airflow/example_dags/plugins/event_listener.py for tasks to queue
[2024-03-12T21:34:20.198-0400] {logging_mixin.py:188} INFO - [2024-03-12T21:34:20.197-0400] {dagbag.py:540} INFO - Filling up the DagBag from /home/ironbong_jr/mlops/project/project/lib/python3.10/site-packages/airflow/example_dags/plugins/event_listener.py
[2024-03-12T21:34:20.203-0400] {processor.py:842} WARNING - No viable dags retrieved from /home/ironbong_jr/mlops/project/project/lib/python3.10/site-packages/airflow/example_dags/plugins/event_listener.py
[2024-03-12T21:34:20.224-0400] {processor.py:183} INFO - Processing /home/ironbong_jr/mlops/project/project/lib/python3.10/site-packages/airflow/example_dags/plugins/event_listener.py took 0.084 seconds
[2024-03-12T23:29:58.759-0400] {processor.py:161} INFO - Started process (PID=418589) to work on /home/ironbong_jr/mlops/project/project/lib/python3.10/site-packages/airflow/example_dags/plugins/event_listener.py
[2024-03-12T23:29:58.809-0400] {processor.py:830} INFO - Processing file /home/ironbong_jr/mlops/project/project/lib/python3.10/site-packages/airflow/example_dags/plugins/event_listener.py for tasks to queue
[2024-03-12T23:29:58.811-0400] {logging_mixin.py:188} INFO - [2024-03-12T23:29:58.810-0400] {dagbag.py:540} INFO - Filling up the DagBag from /home/ironbong_jr/mlops/project/project/lib/python3.10/site-packages/airflow/example_dags/plugins/event_listener.py
[2024-03-12T23:29:58.815-0400] {processor.py:842} WARNING - No viable dags retrieved from /home/ironbong_jr/mlops/project/project/lib/python3.10/site-packages/airflow/example_dags/plugins/event_listener.py
[2024-03-12T23:29:58.832-0400] {processor.py:183} INFO - Processing /home/ironbong_jr/mlops/project/project/lib/python3.10/site-packages/airflow/example_dags/plugins/event_listener.py took 0.081 seconds
[2024-03-12T23:31:46.271-0400] {processor.py:161} INFO - Started process (PID=419057) to work on /home/ironbong_jr/mlops/project/project/lib/python3.10/site-packages/airflow/example_dags/plugins/event_listener.py
[2024-03-12T23:31:46.275-0400] {processor.py:830} INFO - Processing file /home/ironbong_jr/mlops/project/project/lib/python3.10/site-packages/airflow/example_dags/plugins/event_listener.py for tasks to queue
[2024-03-12T23:31:46.278-0400] {logging_mixin.py:188} INFO - [2024-03-12T23:31:46.276-0400] {dagbag.py:540} INFO - Filling up the DagBag from /home/ironbong_jr/mlops/project/project/lib/python3.10/site-packages/airflow/example_dags/plugins/event_listener.py
[2024-03-12T23:31:46.288-0400] {processor.py:842} WARNING - No viable dags retrieved from /home/ironbong_jr/mlops/project/project/lib/python3.10/site-packages/airflow/example_dags/plugins/event_listener.py
[2024-03-12T23:31:46.310-0400] {processor.py:183} INFO - Processing /home/ironbong_jr/mlops/project/project/lib/python3.10/site-packages/airflow/example_dags/plugins/event_listener.py took 0.046 seconds
[2024-03-12T23:42:45.748-0400] {processor.py:161} INFO - Started process (PID=421681) to work on /home/ironbong_jr/mlops/project/project/lib/python3.10/site-packages/airflow/example_dags/plugins/event_listener.py
[2024-03-12T23:42:45.752-0400] {processor.py:830} INFO - Processing file /home/ironbong_jr/mlops/project/project/lib/python3.10/site-packages/airflow/example_dags/plugins/event_listener.py for tasks to queue
[2024-03-12T23:42:45.754-0400] {logging_mixin.py:188} INFO - [2024-03-12T23:42:45.753-0400] {dagbag.py:540} INFO - Filling up the DagBag from /home/ironbong_jr/mlops/project/project/lib/python3.10/site-packages/airflow/example_dags/plugins/event_listener.py
[2024-03-12T23:42:45.763-0400] {processor.py:842} WARNING - No viable dags retrieved from /home/ironbong_jr/mlops/project/project/lib/python3.10/site-packages/airflow/example_dags/plugins/event_listener.py
[2024-03-12T23:42:45.802-0400] {processor.py:183} INFO - Processing /home/ironbong_jr/mlops/project/project/lib/python3.10/site-packages/airflow/example_dags/plugins/event_listener.py took 0.060 seconds
[2024-03-12T23:44:43.795-0400] {processor.py:161} INFO - Started process (PID=422175) to work on /home/ironbong_jr/mlops/project/project/lib/python3.10/site-packages/airflow/example_dags/plugins/event_listener.py
[2024-03-12T23:44:43.846-0400] {processor.py:830} INFO - Processing file /home/ironbong_jr/mlops/project/project/lib/python3.10/site-packages/airflow/example_dags/plugins/event_listener.py for tasks to queue
[2024-03-12T23:44:43.848-0400] {logging_mixin.py:188} INFO - [2024-03-12T23:44:43.847-0400] {dagbag.py:540} INFO - Filling up the DagBag from /home/ironbong_jr/mlops/project/project/lib/python3.10/site-packages/airflow/example_dags/plugins/event_listener.py
[2024-03-12T23:44:43.853-0400] {processor.py:842} WARNING - No viable dags retrieved from /home/ironbong_jr/mlops/project/project/lib/python3.10/site-packages/airflow/example_dags/plugins/event_listener.py
[2024-03-12T23:44:43.878-0400] {processor.py:183} INFO - Processing /home/ironbong_jr/mlops/project/project/lib/python3.10/site-packages/airflow/example_dags/plugins/event_listener.py took 0.089 seconds
[2024-03-12T23:46:21.694-0400] {processor.py:161} INFO - Started process (PID=422760) to work on /home/ironbong_jr/mlops/project/project/lib/python3.10/site-packages/airflow/example_dags/plugins/event_listener.py
[2024-03-12T23:46:21.747-0400] {processor.py:830} INFO - Processing file /home/ironbong_jr/mlops/project/project/lib/python3.10/site-packages/airflow/example_dags/plugins/event_listener.py for tasks to queue
[2024-03-12T23:46:21.749-0400] {logging_mixin.py:188} INFO - [2024-03-12T23:46:21.748-0400] {dagbag.py:540} INFO - Filling up the DagBag from /home/ironbong_jr/mlops/project/project/lib/python3.10/site-packages/airflow/example_dags/plugins/event_listener.py
[2024-03-12T23:46:21.754-0400] {processor.py:842} WARNING - No viable dags retrieved from /home/ironbong_jr/mlops/project/project/lib/python3.10/site-packages/airflow/example_dags/plugins/event_listener.py
[2024-03-12T23:46:21.805-0400] {processor.py:183} INFO - Processing /home/ironbong_jr/mlops/project/project/lib/python3.10/site-packages/airflow/example_dags/plugins/event_listener.py took 0.120 seconds
[2024-03-12T23:48:32.394-0400] {processor.py:161} INFO - Started process (PID=423371) to work on /home/ironbong_jr/mlops/project/project/lib/python3.10/site-packages/airflow/example_dags/plugins/event_listener.py
[2024-03-12T23:48:32.445-0400] {processor.py:830} INFO - Processing file /home/ironbong_jr/mlops/project/project/lib/python3.10/site-packages/airflow/example_dags/plugins/event_listener.py for tasks to queue
[2024-03-12T23:48:32.447-0400] {logging_mixin.py:188} INFO - [2024-03-12T23:48:32.446-0400] {dagbag.py:540} INFO - Filling up the DagBag from /home/ironbong_jr/mlops/project/project/lib/python3.10/site-packages/airflow/example_dags/plugins/event_listener.py
[2024-03-12T23:48:32.452-0400] {processor.py:842} WARNING - No viable dags retrieved from /home/ironbong_jr/mlops/project/project/lib/python3.10/site-packages/airflow/example_dags/plugins/event_listener.py
[2024-03-12T23:48:32.468-0400] {processor.py:183} INFO - Processing /home/ironbong_jr/mlops/project/project/lib/python3.10/site-packages/airflow/example_dags/plugins/event_listener.py took 0.079 seconds
[2024-03-12T23:50:00.457-0400] {processor.py:161} INFO - Started process (PID=423772) to work on /home/ironbong_jr/mlops/project/project/lib/python3.10/site-packages/airflow/example_dags/plugins/event_listener.py
[2024-03-12T23:50:00.523-0400] {processor.py:830} INFO - Processing file /home/ironbong_jr/mlops/project/project/lib/python3.10/site-packages/airflow/example_dags/plugins/event_listener.py for tasks to queue
[2024-03-12T23:50:00.527-0400] {logging_mixin.py:188} INFO - [2024-03-12T23:50:00.526-0400] {dagbag.py:540} INFO - Filling up the DagBag from /home/ironbong_jr/mlops/project/project/lib/python3.10/site-packages/airflow/example_dags/plugins/event_listener.py
[2024-03-12T23:50:00.534-0400] {processor.py:842} WARNING - No viable dags retrieved from /home/ironbong_jr/mlops/project/project/lib/python3.10/site-packages/airflow/example_dags/plugins/event_listener.py
[2024-03-12T23:50:00.574-0400] {processor.py:183} INFO - Processing /home/ironbong_jr/mlops/project/project/lib/python3.10/site-packages/airflow/example_dags/plugins/event_listener.py took 0.122 seconds
[2024-03-12T23:51:25.857-0400] {processor.py:161} INFO - Started process (PID=424217) to work on /home/ironbong_jr/mlops/project/project/lib/python3.10/site-packages/airflow/example_dags/plugins/event_listener.py
[2024-03-12T23:51:25.861-0400] {processor.py:830} INFO - Processing file /home/ironbong_jr/mlops/project/project/lib/python3.10/site-packages/airflow/example_dags/plugins/event_listener.py for tasks to queue
[2024-03-12T23:51:25.862-0400] {logging_mixin.py:188} INFO - [2024-03-12T23:51:25.861-0400] {dagbag.py:540} INFO - Filling up the DagBag from /home/ironbong_jr/mlops/project/project/lib/python3.10/site-packages/airflow/example_dags/plugins/event_listener.py
[2024-03-12T23:51:25.868-0400] {processor.py:842} WARNING - No viable dags retrieved from /home/ironbong_jr/mlops/project/project/lib/python3.10/site-packages/airflow/example_dags/plugins/event_listener.py
[2024-03-12T23:51:25.921-0400] {processor.py:183} INFO - Processing /home/ironbong_jr/mlops/project/project/lib/python3.10/site-packages/airflow/example_dags/plugins/event_listener.py took 0.072 seconds
[2024-03-12T23:52:52.809-0400] {processor.py:161} INFO - Started process (PID=424766) to work on /home/ironbong_jr/mlops/project/project/lib/python3.10/site-packages/airflow/example_dags/plugins/event_listener.py
[2024-03-12T23:52:52.861-0400] {processor.py:830} INFO - Processing file /home/ironbong_jr/mlops/project/project/lib/python3.10/site-packages/airflow/example_dags/plugins/event_listener.py for tasks to queue
[2024-03-12T23:52:52.864-0400] {logging_mixin.py:188} INFO - [2024-03-12T23:52:52.863-0400] {dagbag.py:540} INFO - Filling up the DagBag from /home/ironbong_jr/mlops/project/project/lib/python3.10/site-packages/airflow/example_dags/plugins/event_listener.py
[2024-03-12T23:52:52.870-0400] {processor.py:842} WARNING - No viable dags retrieved from /home/ironbong_jr/mlops/project/project/lib/python3.10/site-packages/airflow/example_dags/plugins/event_listener.py
[2024-03-12T23:52:52.896-0400] {processor.py:183} INFO - Processing /home/ironbong_jr/mlops/project/project/lib/python3.10/site-packages/airflow/example_dags/plugins/event_listener.py took 0.094 seconds
[2024-03-12T23:54:27.078-0400] {processor.py:161} INFO - Started process (PID=425188) to work on /home/ironbong_jr/mlops/project/project/lib/python3.10/site-packages/airflow/example_dags/plugins/event_listener.py
[2024-03-12T23:54:27.081-0400] {processor.py:830} INFO - Processing file /home/ironbong_jr/mlops/project/project/lib/python3.10/site-packages/airflow/example_dags/plugins/event_listener.py for tasks to queue
[2024-03-12T23:54:27.085-0400] {logging_mixin.py:188} INFO - [2024-03-12T23:54:27.083-0400] {dagbag.py:540} INFO - Filling up the DagBag from /home/ironbong_jr/mlops/project/project/lib/python3.10/site-packages/airflow/example_dags/plugins/event_listener.py
[2024-03-12T23:54:27.091-0400] {processor.py:842} WARNING - No viable dags retrieved from /home/ironbong_jr/mlops/project/project/lib/python3.10/site-packages/airflow/example_dags/plugins/event_listener.py
[2024-03-12T23:54:27.114-0400] {processor.py:183} INFO - Processing /home/ironbong_jr/mlops/project/project/lib/python3.10/site-packages/airflow/example_dags/plugins/event_listener.py took 0.041 seconds
[2024-03-12T23:56:04.469-0400] {processor.py:161} INFO - Started process (PID=425616) to work on /home/ironbong_jr/mlops/project/project/lib/python3.10/site-packages/airflow/example_dags/plugins/event_listener.py
[2024-03-12T23:56:04.473-0400] {processor.py:830} INFO - Processing file /home/ironbong_jr/mlops/project/project/lib/python3.10/site-packages/airflow/example_dags/plugins/event_listener.py for tasks to queue
[2024-03-12T23:56:04.476-0400] {logging_mixin.py:188} INFO - [2024-03-12T23:56:04.475-0400] {dagbag.py:540} INFO - Filling up the DagBag from /home/ironbong_jr/mlops/project/project/lib/python3.10/site-packages/airflow/example_dags/plugins/event_listener.py
[2024-03-12T23:56:04.481-0400] {processor.py:842} WARNING - No viable dags retrieved from /home/ironbong_jr/mlops/project/project/lib/python3.10/site-packages/airflow/example_dags/plugins/event_listener.py
[2024-03-12T23:56:04.503-0400] {processor.py:183} INFO - Processing /home/ironbong_jr/mlops/project/project/lib/python3.10/site-packages/airflow/example_dags/plugins/event_listener.py took 0.041 seconds
[2024-03-13T00:30:33.526-0400] {processor.py:161} INFO - Started process (PID=432938) to work on /home/ironbong_jr/mlops/project/project/lib/python3.10/site-packages/airflow/example_dags/plugins/event_listener.py
[2024-03-13T00:30:33.577-0400] {processor.py:830} INFO - Processing file /home/ironbong_jr/mlops/project/project/lib/python3.10/site-packages/airflow/example_dags/plugins/event_listener.py for tasks to queue
[2024-03-13T00:30:33.580-0400] {logging_mixin.py:188} INFO - [2024-03-13T00:30:33.578-0400] {dagbag.py:540} INFO - Filling up the DagBag from /home/ironbong_jr/mlops/project/project/lib/python3.10/site-packages/airflow/example_dags/plugins/event_listener.py
[2024-03-13T00:30:33.584-0400] {processor.py:842} WARNING - No viable dags retrieved from /home/ironbong_jr/mlops/project/project/lib/python3.10/site-packages/airflow/example_dags/plugins/event_listener.py
[2024-03-13T00:30:33.599-0400] {processor.py:183} INFO - Processing /home/ironbong_jr/mlops/project/project/lib/python3.10/site-packages/airflow/example_dags/plugins/event_listener.py took 0.078 seconds
[2024-03-13T00:32:21.868-0400] {processor.py:161} INFO - Started process (PID=433446) to work on /home/ironbong_jr/mlops/project/project/lib/python3.10/site-packages/airflow/example_dags/plugins/event_listener.py
[2024-03-13T00:32:21.913-0400] {processor.py:830} INFO - Processing file /home/ironbong_jr/mlops/project/project/lib/python3.10/site-packages/airflow/example_dags/plugins/event_listener.py for tasks to queue
[2024-03-13T00:32:21.915-0400] {logging_mixin.py:188} INFO - [2024-03-13T00:32:21.914-0400] {dagbag.py:540} INFO - Filling up the DagBag from /home/ironbong_jr/mlops/project/project/lib/python3.10/site-packages/airflow/example_dags/plugins/event_listener.py
[2024-03-13T00:32:21.920-0400] {processor.py:842} WARNING - No viable dags retrieved from /home/ironbong_jr/mlops/project/project/lib/python3.10/site-packages/airflow/example_dags/plugins/event_listener.py
[2024-03-13T00:32:21.937-0400] {processor.py:183} INFO - Processing /home/ironbong_jr/mlops/project/project/lib/python3.10/site-packages/airflow/example_dags/plugins/event_listener.py took 0.074 seconds
[2024-03-13T00:36:15.609-0400] {processor.py:161} INFO - Started process (PID=434401) to work on /home/ironbong_jr/mlops/project/project/lib/python3.10/site-packages/airflow/example_dags/plugins/event_listener.py
[2024-03-13T00:36:15.664-0400] {processor.py:830} INFO - Processing file /home/ironbong_jr/mlops/project/project/lib/python3.10/site-packages/airflow/example_dags/plugins/event_listener.py for tasks to queue
[2024-03-13T00:36:15.667-0400] {logging_mixin.py:188} INFO - [2024-03-13T00:36:15.666-0400] {dagbag.py:540} INFO - Filling up the DagBag from /home/ironbong_jr/mlops/project/project/lib/python3.10/site-packages/airflow/example_dags/plugins/event_listener.py
[2024-03-13T00:36:15.672-0400] {processor.py:842} WARNING - No viable dags retrieved from /home/ironbong_jr/mlops/project/project/lib/python3.10/site-packages/airflow/example_dags/plugins/event_listener.py
[2024-03-13T00:36:15.708-0400] {processor.py:183} INFO - Processing /home/ironbong_jr/mlops/project/project/lib/python3.10/site-packages/airflow/example_dags/plugins/event_listener.py took 0.105 seconds
[2024-03-13T00:38:24.766-0400] {processor.py:161} INFO - Started process (PID=435044) to work on /home/ironbong_jr/mlops/project/project/lib/python3.10/site-packages/airflow/example_dags/plugins/event_listener.py
[2024-03-13T00:38:24.813-0400] {processor.py:830} INFO - Processing file /home/ironbong_jr/mlops/project/project/lib/python3.10/site-packages/airflow/example_dags/plugins/event_listener.py for tasks to queue
[2024-03-13T00:38:24.816-0400] {logging_mixin.py:188} INFO - [2024-03-13T00:38:24.815-0400] {dagbag.py:540} INFO - Filling up the DagBag from /home/ironbong_jr/mlops/project/project/lib/python3.10/site-packages/airflow/example_dags/plugins/event_listener.py
[2024-03-13T00:38:24.822-0400] {processor.py:842} WARNING - No viable dags retrieved from /home/ironbong_jr/mlops/project/project/lib/python3.10/site-packages/airflow/example_dags/plugins/event_listener.py
[2024-03-13T00:38:24.871-0400] {processor.py:183} INFO - Processing /home/ironbong_jr/mlops/project/project/lib/python3.10/site-packages/airflow/example_dags/plugins/event_listener.py took 0.116 seconds
[2024-03-13T00:40:04.261-0400] {processor.py:161} INFO - Started process (PID=435475) to work on /home/ironbong_jr/mlops/project/project/lib/python3.10/site-packages/airflow/example_dags/plugins/event_listener.py
[2024-03-13T00:40:04.264-0400] {processor.py:830} INFO - Processing file /home/ironbong_jr/mlops/project/project/lib/python3.10/site-packages/airflow/example_dags/plugins/event_listener.py for tasks to queue
[2024-03-13T00:40:04.268-0400] {logging_mixin.py:188} INFO - [2024-03-13T00:40:04.267-0400] {dagbag.py:540} INFO - Filling up the DagBag from /home/ironbong_jr/mlops/project/project/lib/python3.10/site-packages/airflow/example_dags/plugins/event_listener.py
[2024-03-13T00:40:04.272-0400] {processor.py:842} WARNING - No viable dags retrieved from /home/ironbong_jr/mlops/project/project/lib/python3.10/site-packages/airflow/example_dags/plugins/event_listener.py
[2024-03-13T00:40:04.300-0400] {processor.py:183} INFO - Processing /home/ironbong_jr/mlops/project/project/lib/python3.10/site-packages/airflow/example_dags/plugins/event_listener.py took 0.056 seconds
[2024-03-13T00:42:52.184-0400] {processor.py:161} INFO - Started process (PID=436230) to work on /home/ironbong_jr/mlops/project/project/lib/python3.10/site-packages/airflow/example_dags/plugins/event_listener.py
[2024-03-13T00:42:52.236-0400] {processor.py:830} INFO - Processing file /home/ironbong_jr/mlops/project/project/lib/python3.10/site-packages/airflow/example_dags/plugins/event_listener.py for tasks to queue
[2024-03-13T00:42:52.239-0400] {logging_mixin.py:188} INFO - [2024-03-13T00:42:52.238-0400] {dagbag.py:540} INFO - Filling up the DagBag from /home/ironbong_jr/mlops/project/project/lib/python3.10/site-packages/airflow/example_dags/plugins/event_listener.py
[2024-03-13T00:42:52.243-0400] {processor.py:842} WARNING - No viable dags retrieved from /home/ironbong_jr/mlops/project/project/lib/python3.10/site-packages/airflow/example_dags/plugins/event_listener.py
[2024-03-13T00:42:52.261-0400] {processor.py:183} INFO - Processing /home/ironbong_jr/mlops/project/project/lib/python3.10/site-packages/airflow/example_dags/plugins/event_listener.py took 0.082 seconds
[2024-03-13T00:45:00.267-0400] {processor.py:161} INFO - Started process (PID=436835) to work on /home/ironbong_jr/mlops/project/project/lib/python3.10/site-packages/airflow/example_dags/plugins/event_listener.py
[2024-03-13T00:45:00.318-0400] {processor.py:830} INFO - Processing file /home/ironbong_jr/mlops/project/project/lib/python3.10/site-packages/airflow/example_dags/plugins/event_listener.py for tasks to queue
[2024-03-13T00:45:00.320-0400] {logging_mixin.py:188} INFO - [2024-03-13T00:45:00.319-0400] {dagbag.py:540} INFO - Filling up the DagBag from /home/ironbong_jr/mlops/project/project/lib/python3.10/site-packages/airflow/example_dags/plugins/event_listener.py
[2024-03-13T00:45:00.325-0400] {processor.py:842} WARNING - No viable dags retrieved from /home/ironbong_jr/mlops/project/project/lib/python3.10/site-packages/airflow/example_dags/plugins/event_listener.py
[2024-03-13T00:45:00.347-0400] {processor.py:183} INFO - Processing /home/ironbong_jr/mlops/project/project/lib/python3.10/site-packages/airflow/example_dags/plugins/event_listener.py took 0.087 seconds
[2024-03-13T15:49:36.829-0400] {processor.py:161} INFO - Started process (PID=453839) to work on /home/ironbong_jr/mlops/project/project/lib/python3.10/site-packages/airflow/example_dags/plugins/event_listener.py
[2024-03-13T15:49:36.831-0400] {processor.py:830} INFO - Processing file /home/ironbong_jr/mlops/project/project/lib/python3.10/site-packages/airflow/example_dags/plugins/event_listener.py for tasks to queue
[2024-03-13T15:49:36.832-0400] {logging_mixin.py:188} INFO - [2024-03-13T15:49:36.832-0400] {dagbag.py:540} INFO - Filling up the DagBag from /home/ironbong_jr/mlops/project/project/lib/python3.10/site-packages/airflow/example_dags/plugins/event_listener.py
[2024-03-13T15:49:36.834-0400] {processor.py:842} WARNING - No viable dags retrieved from /home/ironbong_jr/mlops/project/project/lib/python3.10/site-packages/airflow/example_dags/plugins/event_listener.py
[2024-03-13T15:49:36.841-0400] {processor.py:183} INFO - Processing /home/ironbong_jr/mlops/project/project/lib/python3.10/site-packages/airflow/example_dags/plugins/event_listener.py took 0.014 seconds
[2024-03-13T15:51:45.292-0400] {processor.py:161} INFO - Started process (PID=454560) to work on /home/ironbong_jr/mlops/project/project/lib/python3.10/site-packages/airflow/example_dags/plugins/event_listener.py
[2024-03-13T15:51:45.296-0400] {processor.py:830} INFO - Processing file /home/ironbong_jr/mlops/project/project/lib/python3.10/site-packages/airflow/example_dags/plugins/event_listener.py for tasks to queue
[2024-03-13T15:51:45.297-0400] {logging_mixin.py:188} INFO - [2024-03-13T15:51:45.296-0400] {dagbag.py:540} INFO - Filling up the DagBag from /home/ironbong_jr/mlops/project/project/lib/python3.10/site-packages/airflow/example_dags/plugins/event_listener.py
[2024-03-13T15:51:45.298-0400] {processor.py:842} WARNING - No viable dags retrieved from /home/ironbong_jr/mlops/project/project/lib/python3.10/site-packages/airflow/example_dags/plugins/event_listener.py
[2024-03-13T15:51:45.305-0400] {processor.py:183} INFO - Processing /home/ironbong_jr/mlops/project/project/lib/python3.10/site-packages/airflow/example_dags/plugins/event_listener.py took 0.015 seconds
[2024-03-13T15:52:40.611-0400] {processor.py:161} INFO - Started process (PID=454854) to work on /home/ironbong_jr/mlops/project/project/lib/python3.10/site-packages/airflow/example_dags/plugins/event_listener.py
[2024-03-13T15:52:40.614-0400] {processor.py:830} INFO - Processing file /home/ironbong_jr/mlops/project/project/lib/python3.10/site-packages/airflow/example_dags/plugins/event_listener.py for tasks to queue
[2024-03-13T15:52:40.615-0400] {logging_mixin.py:188} INFO - [2024-03-13T15:52:40.615-0400] {dagbag.py:540} INFO - Filling up the DagBag from /home/ironbong_jr/mlops/project/project/lib/python3.10/site-packages/airflow/example_dags/plugins/event_listener.py
[2024-03-13T15:52:40.617-0400] {processor.py:842} WARNING - No viable dags retrieved from /home/ironbong_jr/mlops/project/project/lib/python3.10/site-packages/airflow/example_dags/plugins/event_listener.py
[2024-03-13T15:52:40.624-0400] {processor.py:183} INFO - Processing /home/ironbong_jr/mlops/project/project/lib/python3.10/site-packages/airflow/example_dags/plugins/event_listener.py took 0.015 seconds
[2024-03-13T15:53:52.985-0400] {processor.py:161} INFO - Started process (PID=455253) to work on /home/ironbong_jr/mlops/project/project/lib/python3.10/site-packages/airflow/example_dags/plugins/event_listener.py
[2024-03-13T15:53:52.989-0400] {processor.py:830} INFO - Processing file /home/ironbong_jr/mlops/project/project/lib/python3.10/site-packages/airflow/example_dags/plugins/event_listener.py for tasks to queue
[2024-03-13T15:53:52.989-0400] {logging_mixin.py:188} INFO - [2024-03-13T15:53:52.989-0400] {dagbag.py:540} INFO - Filling up the DagBag from /home/ironbong_jr/mlops/project/project/lib/python3.10/site-packages/airflow/example_dags/plugins/event_listener.py
[2024-03-13T15:53:52.991-0400] {processor.py:842} WARNING - No viable dags retrieved from /home/ironbong_jr/mlops/project/project/lib/python3.10/site-packages/airflow/example_dags/plugins/event_listener.py
[2024-03-13T15:53:52.997-0400] {processor.py:183} INFO - Processing /home/ironbong_jr/mlops/project/project/lib/python3.10/site-packages/airflow/example_dags/plugins/event_listener.py took 0.015 seconds
[2024-03-13T15:55:12.784-0400] {processor.py:161} INFO - Started process (PID=455624) to work on /home/ironbong_jr/mlops/project/project/lib/python3.10/site-packages/airflow/example_dags/plugins/event_listener.py
[2024-03-13T15:55:12.786-0400] {processor.py:830} INFO - Processing file /home/ironbong_jr/mlops/project/project/lib/python3.10/site-packages/airflow/example_dags/plugins/event_listener.py for tasks to queue
[2024-03-13T15:55:12.787-0400] {logging_mixin.py:188} INFO - [2024-03-13T15:55:12.786-0400] {dagbag.py:540} INFO - Filling up the DagBag from /home/ironbong_jr/mlops/project/project/lib/python3.10/site-packages/airflow/example_dags/plugins/event_listener.py
[2024-03-13T15:55:12.788-0400] {processor.py:842} WARNING - No viable dags retrieved from /home/ironbong_jr/mlops/project/project/lib/python3.10/site-packages/airflow/example_dags/plugins/event_listener.py
[2024-03-13T15:55:12.795-0400] {processor.py:183} INFO - Processing /home/ironbong_jr/mlops/project/project/lib/python3.10/site-packages/airflow/example_dags/plugins/event_listener.py took 0.014 seconds
[2024-03-13T15:56:27.755-0400] {processor.py:161} INFO - Started process (PID=456032) to work on /home/ironbong_jr/mlops/project/project/lib/python3.10/site-packages/airflow/example_dags/plugins/event_listener.py
[2024-03-13T15:56:27.758-0400] {processor.py:830} INFO - Processing file /home/ironbong_jr/mlops/project/project/lib/python3.10/site-packages/airflow/example_dags/plugins/event_listener.py for tasks to queue
[2024-03-13T15:56:27.759-0400] {logging_mixin.py:188} INFO - [2024-03-13T15:56:27.758-0400] {dagbag.py:540} INFO - Filling up the DagBag from /home/ironbong_jr/mlops/project/project/lib/python3.10/site-packages/airflow/example_dags/plugins/event_listener.py
[2024-03-13T15:56:27.761-0400] {processor.py:842} WARNING - No viable dags retrieved from /home/ironbong_jr/mlops/project/project/lib/python3.10/site-packages/airflow/example_dags/plugins/event_listener.py
[2024-03-13T15:56:27.769-0400] {processor.py:183} INFO - Processing /home/ironbong_jr/mlops/project/project/lib/python3.10/site-packages/airflow/example_dags/plugins/event_listener.py took 0.017 seconds
[2024-03-13T15:57:43.203-0400] {processor.py:161} INFO - Started process (PID=456446) to work on /home/ironbong_jr/mlops/project/project/lib/python3.10/site-packages/airflow/example_dags/plugins/event_listener.py
[2024-03-13T15:57:43.206-0400] {processor.py:830} INFO - Processing file /home/ironbong_jr/mlops/project/project/lib/python3.10/site-packages/airflow/example_dags/plugins/event_listener.py for tasks to queue
[2024-03-13T15:57:43.207-0400] {logging_mixin.py:188} INFO - [2024-03-13T15:57:43.207-0400] {dagbag.py:540} INFO - Filling up the DagBag from /home/ironbong_jr/mlops/project/project/lib/python3.10/site-packages/airflow/example_dags/plugins/event_listener.py
[2024-03-13T15:57:43.209-0400] {processor.py:842} WARNING - No viable dags retrieved from /home/ironbong_jr/mlops/project/project/lib/python3.10/site-packages/airflow/example_dags/plugins/event_listener.py
[2024-03-13T15:57:43.215-0400] {processor.py:183} INFO - Processing /home/ironbong_jr/mlops/project/project/lib/python3.10/site-packages/airflow/example_dags/plugins/event_listener.py took 0.015 seconds
[2024-03-13T15:59:00.907-0400] {processor.py:161} INFO - Started process (PID=456849) to work on /home/ironbong_jr/mlops/project/project/lib/python3.10/site-packages/airflow/example_dags/plugins/event_listener.py
[2024-03-13T15:59:00.910-0400] {processor.py:830} INFO - Processing file /home/ironbong_jr/mlops/project/project/lib/python3.10/site-packages/airflow/example_dags/plugins/event_listener.py for tasks to queue
[2024-03-13T15:59:00.911-0400] {logging_mixin.py:188} INFO - [2024-03-13T15:59:00.911-0400] {dagbag.py:540} INFO - Filling up the DagBag from /home/ironbong_jr/mlops/project/project/lib/python3.10/site-packages/airflow/example_dags/plugins/event_listener.py
[2024-03-13T15:59:00.912-0400] {processor.py:842} WARNING - No viable dags retrieved from /home/ironbong_jr/mlops/project/project/lib/python3.10/site-packages/airflow/example_dags/plugins/event_listener.py
[2024-03-13T15:59:00.919-0400] {processor.py:183} INFO - Processing /home/ironbong_jr/mlops/project/project/lib/python3.10/site-packages/airflow/example_dags/plugins/event_listener.py took 0.014 seconds
[2024-03-13T16:00:18.324-0400] {processor.py:161} INFO - Started process (PID=457204) to work on /home/ironbong_jr/mlops/project/project/lib/python3.10/site-packages/airflow/example_dags/plugins/event_listener.py
[2024-03-13T16:00:18.326-0400] {processor.py:830} INFO - Processing file /home/ironbong_jr/mlops/project/project/lib/python3.10/site-packages/airflow/example_dags/plugins/event_listener.py for tasks to queue
[2024-03-13T16:00:18.326-0400] {logging_mixin.py:188} INFO - [2024-03-13T16:00:18.326-0400] {dagbag.py:540} INFO - Filling up the DagBag from /home/ironbong_jr/mlops/project/project/lib/python3.10/site-packages/airflow/example_dags/plugins/event_listener.py
[2024-03-13T16:00:18.328-0400] {processor.py:842} WARNING - No viable dags retrieved from /home/ironbong_jr/mlops/project/project/lib/python3.10/site-packages/airflow/example_dags/plugins/event_listener.py
[2024-03-13T16:00:18.334-0400] {processor.py:183} INFO - Processing /home/ironbong_jr/mlops/project/project/lib/python3.10/site-packages/airflow/example_dags/plugins/event_listener.py took 0.012 seconds
[2024-03-13T16:01:34.480-0400] {processor.py:161} INFO - Started process (PID=457614) to work on /home/ironbong_jr/mlops/project/project/lib/python3.10/site-packages/airflow/example_dags/plugins/event_listener.py
[2024-03-13T16:01:34.482-0400] {processor.py:830} INFO - Processing file /home/ironbong_jr/mlops/project/project/lib/python3.10/site-packages/airflow/example_dags/plugins/event_listener.py for tasks to queue
[2024-03-13T16:01:34.483-0400] {logging_mixin.py:188} INFO - [2024-03-13T16:01:34.483-0400] {dagbag.py:540} INFO - Filling up the DagBag from /home/ironbong_jr/mlops/project/project/lib/python3.10/site-packages/airflow/example_dags/plugins/event_listener.py
[2024-03-13T16:01:34.485-0400] {processor.py:842} WARNING - No viable dags retrieved from /home/ironbong_jr/mlops/project/project/lib/python3.10/site-packages/airflow/example_dags/plugins/event_listener.py
[2024-03-13T16:01:34.496-0400] {processor.py:183} INFO - Processing /home/ironbong_jr/mlops/project/project/lib/python3.10/site-packages/airflow/example_dags/plugins/event_listener.py took 0.018 seconds
[2024-03-13T16:02:48.897-0400] {processor.py:161} INFO - Started process (PID=457986) to work on /home/ironbong_jr/mlops/project/project/lib/python3.10/site-packages/airflow/example_dags/plugins/event_listener.py
[2024-03-13T16:02:48.901-0400] {processor.py:830} INFO - Processing file /home/ironbong_jr/mlops/project/project/lib/python3.10/site-packages/airflow/example_dags/plugins/event_listener.py for tasks to queue
[2024-03-13T16:02:48.902-0400] {logging_mixin.py:188} INFO - [2024-03-13T16:02:48.901-0400] {dagbag.py:540} INFO - Filling up the DagBag from /home/ironbong_jr/mlops/project/project/lib/python3.10/site-packages/airflow/example_dags/plugins/event_listener.py
[2024-03-13T16:02:48.904-0400] {processor.py:842} WARNING - No viable dags retrieved from /home/ironbong_jr/mlops/project/project/lib/python3.10/site-packages/airflow/example_dags/plugins/event_listener.py
[2024-03-13T16:02:48.912-0400] {processor.py:183} INFO - Processing /home/ironbong_jr/mlops/project/project/lib/python3.10/site-packages/airflow/example_dags/plugins/event_listener.py took 0.017 seconds
[2024-03-13T16:04:16.157-0400] {processor.py:161} INFO - Started process (PID=458527) to work on /home/ironbong_jr/mlops/project/project/lib/python3.10/site-packages/airflow/example_dags/plugins/event_listener.py
[2024-03-13T16:04:16.160-0400] {processor.py:830} INFO - Processing file /home/ironbong_jr/mlops/project/project/lib/python3.10/site-packages/airflow/example_dags/plugins/event_listener.py for tasks to queue
[2024-03-13T16:04:16.161-0400] {logging_mixin.py:188} INFO - [2024-03-13T16:04:16.161-0400] {dagbag.py:540} INFO - Filling up the DagBag from /home/ironbong_jr/mlops/project/project/lib/python3.10/site-packages/airflow/example_dags/plugins/event_listener.py
[2024-03-13T16:04:16.162-0400] {processor.py:842} WARNING - No viable dags retrieved from /home/ironbong_jr/mlops/project/project/lib/python3.10/site-packages/airflow/example_dags/plugins/event_listener.py
[2024-03-13T16:04:16.169-0400] {processor.py:183} INFO - Processing /home/ironbong_jr/mlops/project/project/lib/python3.10/site-packages/airflow/example_dags/plugins/event_listener.py took 0.015 seconds
[2024-03-13T16:05:11.684-0400] {processor.py:161} INFO - Started process (PID=458804) to work on /home/ironbong_jr/mlops/project/project/lib/python3.10/site-packages/airflow/example_dags/plugins/event_listener.py
[2024-03-13T16:05:11.687-0400] {processor.py:830} INFO - Processing file /home/ironbong_jr/mlops/project/project/lib/python3.10/site-packages/airflow/example_dags/plugins/event_listener.py for tasks to queue
[2024-03-13T16:05:11.688-0400] {logging_mixin.py:188} INFO - [2024-03-13T16:05:11.688-0400] {dagbag.py:540} INFO - Filling up the DagBag from /home/ironbong_jr/mlops/project/project/lib/python3.10/site-packages/airflow/example_dags/plugins/event_listener.py
[2024-03-13T16:05:11.690-0400] {processor.py:842} WARNING - No viable dags retrieved from /home/ironbong_jr/mlops/project/project/lib/python3.10/site-packages/airflow/example_dags/plugins/event_listener.py
[2024-03-13T16:05:11.696-0400] {processor.py:183} INFO - Processing /home/ironbong_jr/mlops/project/project/lib/python3.10/site-packages/airflow/example_dags/plugins/event_listener.py took 0.015 seconds
[2024-03-13T16:06:26.286-0400] {processor.py:161} INFO - Started process (PID=459185) to work on /home/ironbong_jr/mlops/project/project/lib/python3.10/site-packages/airflow/example_dags/plugins/event_listener.py
[2024-03-13T16:06:26.292-0400] {processor.py:830} INFO - Processing file /home/ironbong_jr/mlops/project/project/lib/python3.10/site-packages/airflow/example_dags/plugins/event_listener.py for tasks to queue
[2024-03-13T16:06:26.294-0400] {logging_mixin.py:188} INFO - [2024-03-13T16:06:26.293-0400] {dagbag.py:540} INFO - Filling up the DagBag from /home/ironbong_jr/mlops/project/project/lib/python3.10/site-packages/airflow/example_dags/plugins/event_listener.py
[2024-03-13T16:06:26.298-0400] {processor.py:842} WARNING - No viable dags retrieved from /home/ironbong_jr/mlops/project/project/lib/python3.10/site-packages/airflow/example_dags/plugins/event_listener.py
[2024-03-13T16:06:26.311-0400] {processor.py:183} INFO - Processing /home/ironbong_jr/mlops/project/project/lib/python3.10/site-packages/airflow/example_dags/plugins/event_listener.py took 0.031 seconds
[2024-03-13T16:07:45.959-0400] {processor.py:161} INFO - Started process (PID=459572) to work on /home/ironbong_jr/mlops/project/project/lib/python3.10/site-packages/airflow/example_dags/plugins/event_listener.py
[2024-03-13T16:07:45.961-0400] {processor.py:830} INFO - Processing file /home/ironbong_jr/mlops/project/project/lib/python3.10/site-packages/airflow/example_dags/plugins/event_listener.py for tasks to queue
[2024-03-13T16:07:45.962-0400] {logging_mixin.py:188} INFO - [2024-03-13T16:07:45.962-0400] {dagbag.py:540} INFO - Filling up the DagBag from /home/ironbong_jr/mlops/project/project/lib/python3.10/site-packages/airflow/example_dags/plugins/event_listener.py
[2024-03-13T16:07:45.964-0400] {processor.py:842} WARNING - No viable dags retrieved from /home/ironbong_jr/mlops/project/project/lib/python3.10/site-packages/airflow/example_dags/plugins/event_listener.py
[2024-03-13T16:07:45.971-0400] {processor.py:183} INFO - Processing /home/ironbong_jr/mlops/project/project/lib/python3.10/site-packages/airflow/example_dags/plugins/event_listener.py took 0.013 seconds
[2024-03-13T16:09:01.381-0400] {processor.py:161} INFO - Started process (PID=459949) to work on /home/ironbong_jr/mlops/project/project/lib/python3.10/site-packages/airflow/example_dags/plugins/event_listener.py
[2024-03-13T16:09:01.387-0400] {processor.py:830} INFO - Processing file /home/ironbong_jr/mlops/project/project/lib/python3.10/site-packages/airflow/example_dags/plugins/event_listener.py for tasks to queue
[2024-03-13T16:09:01.389-0400] {logging_mixin.py:188} INFO - [2024-03-13T16:09:01.388-0400] {dagbag.py:540} INFO - Filling up the DagBag from /home/ironbong_jr/mlops/project/project/lib/python3.10/site-packages/airflow/example_dags/plugins/event_listener.py
[2024-03-13T16:09:01.393-0400] {processor.py:842} WARNING - No viable dags retrieved from /home/ironbong_jr/mlops/project/project/lib/python3.10/site-packages/airflow/example_dags/plugins/event_listener.py
[2024-03-13T16:09:01.410-0400] {processor.py:183} INFO - Processing /home/ironbong_jr/mlops/project/project/lib/python3.10/site-packages/airflow/example_dags/plugins/event_listener.py took 0.035 seconds
[2024-03-13T16:10:15.970-0400] {processor.py:161} INFO - Started process (PID=460316) to work on /home/ironbong_jr/mlops/project/project/lib/python3.10/site-packages/airflow/example_dags/plugins/event_listener.py
[2024-03-13T16:10:15.972-0400] {processor.py:830} INFO - Processing file /home/ironbong_jr/mlops/project/project/lib/python3.10/site-packages/airflow/example_dags/plugins/event_listener.py for tasks to queue
[2024-03-13T16:10:15.972-0400] {logging_mixin.py:188} INFO - [2024-03-13T16:10:15.972-0400] {dagbag.py:540} INFO - Filling up the DagBag from /home/ironbong_jr/mlops/project/project/lib/python3.10/site-packages/airflow/example_dags/plugins/event_listener.py
[2024-03-13T16:10:15.974-0400] {processor.py:842} WARNING - No viable dags retrieved from /home/ironbong_jr/mlops/project/project/lib/python3.10/site-packages/airflow/example_dags/plugins/event_listener.py
[2024-03-13T16:10:15.980-0400] {processor.py:183} INFO - Processing /home/ironbong_jr/mlops/project/project/lib/python3.10/site-packages/airflow/example_dags/plugins/event_listener.py took 0.012 seconds
[2024-03-13T16:11:29.847-0400] {processor.py:161} INFO - Started process (PID=460685) to work on /home/ironbong_jr/mlops/project/project/lib/python3.10/site-packages/airflow/example_dags/plugins/event_listener.py
[2024-03-13T16:11:29.850-0400] {processor.py:830} INFO - Processing file /home/ironbong_jr/mlops/project/project/lib/python3.10/site-packages/airflow/example_dags/plugins/event_listener.py for tasks to queue
[2024-03-13T16:11:29.850-0400] {logging_mixin.py:188} INFO - [2024-03-13T16:11:29.850-0400] {dagbag.py:540} INFO - Filling up the DagBag from /home/ironbong_jr/mlops/project/project/lib/python3.10/site-packages/airflow/example_dags/plugins/event_listener.py
[2024-03-13T16:11:29.852-0400] {processor.py:842} WARNING - No viable dags retrieved from /home/ironbong_jr/mlops/project/project/lib/python3.10/site-packages/airflow/example_dags/plugins/event_listener.py
[2024-03-13T16:11:29.858-0400] {processor.py:183} INFO - Processing /home/ironbong_jr/mlops/project/project/lib/python3.10/site-packages/airflow/example_dags/plugins/event_listener.py took 0.013 seconds
[2024-03-13T16:12:45.170-0400] {processor.py:161} INFO - Started process (PID=461058) to work on /home/ironbong_jr/mlops/project/project/lib/python3.10/site-packages/airflow/example_dags/plugins/event_listener.py
[2024-03-13T16:12:45.171-0400] {processor.py:830} INFO - Processing file /home/ironbong_jr/mlops/project/project/lib/python3.10/site-packages/airflow/example_dags/plugins/event_listener.py for tasks to queue
[2024-03-13T16:12:45.172-0400] {logging_mixin.py:188} INFO - [2024-03-13T16:12:45.172-0400] {dagbag.py:540} INFO - Filling up the DagBag from /home/ironbong_jr/mlops/project/project/lib/python3.10/site-packages/airflow/example_dags/plugins/event_listener.py
[2024-03-13T16:12:45.174-0400] {processor.py:842} WARNING - No viable dags retrieved from /home/ironbong_jr/mlops/project/project/lib/python3.10/site-packages/airflow/example_dags/plugins/event_listener.py
[2024-03-13T16:12:45.181-0400] {processor.py:183} INFO - Processing /home/ironbong_jr/mlops/project/project/lib/python3.10/site-packages/airflow/example_dags/plugins/event_listener.py took 0.013 seconds
