[2024-03-12T20:00:01.387-0400] {processor.py:161} INFO - Started process (PID=397468) to work on /home/ironbong_jr/mlops/project/project/lib/python3.10/site-packages/airflow/example_dags/plugins/listener_plugin.py
[2024-03-12T20:00:01.391-0400] {processor.py:830} INFO - Processing file /home/ironbong_jr/mlops/project/project/lib/python3.10/site-packages/airflow/example_dags/plugins/listener_plugin.py for tasks to queue
[2024-03-12T20:00:01.392-0400] {logging_mixin.py:188} INFO - [2024-03-12T20:00:01.392-0400] {dagbag.py:540} INFO - Filling up the DagBag from /home/ironbong_jr/mlops/project/project/lib/python3.10/site-packages/airflow/example_dags/plugins/listener_plugin.py
[2024-03-12T20:00:01.397-0400] {processor.py:842} WARNING - No viable dags retrieved from /home/ironbong_jr/mlops/project/project/lib/python3.10/site-packages/airflow/example_dags/plugins/listener_plugin.py
[2024-03-12T20:00:01.416-0400] {processor.py:183} INFO - Processing /home/ironbong_jr/mlops/project/project/lib/python3.10/site-packages/airflow/example_dags/plugins/listener_plugin.py took 0.035 seconds
[2024-03-12T21:22:28.917-0400] {processor.py:161} INFO - Started process (PID=407143) to work on /home/ironbong_jr/mlops/project/project/lib/python3.10/site-packages/airflow/example_dags/plugins/listener_plugin.py
[2024-03-12T21:22:28.968-0400] {processor.py:830} INFO - Processing file /home/ironbong_jr/mlops/project/project/lib/python3.10/site-packages/airflow/example_dags/plugins/listener_plugin.py for tasks to queue
[2024-03-12T21:22:28.972-0400] {logging_mixin.py:188} INFO - [2024-03-12T21:22:28.971-0400] {dagbag.py:540} INFO - Filling up the DagBag from /home/ironbong_jr/mlops/project/project/lib/python3.10/site-packages/airflow/example_dags/plugins/listener_plugin.py
[2024-03-12T21:22:28.978-0400] {processor.py:842} WARNING - No viable dags retrieved from /home/ironbong_jr/mlops/project/project/lib/python3.10/site-packages/airflow/example_dags/plugins/listener_plugin.py
[2024-03-12T21:22:28.998-0400] {processor.py:183} INFO - Processing /home/ironbong_jr/mlops/project/project/lib/python3.10/site-packages/airflow/example_dags/plugins/listener_plugin.py took 0.087 seconds
[2024-03-12T21:25:53.406-0400] {processor.py:161} INFO - Started process (PID=408068) to work on /home/ironbong_jr/mlops/project/project/lib/python3.10/site-packages/airflow/example_dags/plugins/listener_plugin.py
[2024-03-12T21:25:53.453-0400] {processor.py:830} INFO - Processing file /home/ironbong_jr/mlops/project/project/lib/python3.10/site-packages/airflow/example_dags/plugins/listener_plugin.py for tasks to queue
[2024-03-12T21:25:53.455-0400] {logging_mixin.py:188} INFO - [2024-03-12T21:25:53.454-0400] {dagbag.py:540} INFO - Filling up the DagBag from /home/ironbong_jr/mlops/project/project/lib/python3.10/site-packages/airflow/example_dags/plugins/listener_plugin.py
[2024-03-12T21:25:53.468-0400] {processor.py:842} WARNING - No viable dags retrieved from /home/ironbong_jr/mlops/project/project/lib/python3.10/site-packages/airflow/example_dags/plugins/listener_plugin.py
[2024-03-12T21:25:53.507-0400] {processor.py:183} INFO - Processing /home/ironbong_jr/mlops/project/project/lib/python3.10/site-packages/airflow/example_dags/plugins/listener_plugin.py took 0.114 seconds
[2024-03-12T21:27:55.900-0400] {processor.py:161} INFO - Started process (PID=408629) to work on /home/ironbong_jr/mlops/project/project/lib/python3.10/site-packages/airflow/example_dags/plugins/listener_plugin.py
[2024-03-12T21:27:55.950-0400] {processor.py:830} INFO - Processing file /home/ironbong_jr/mlops/project/project/lib/python3.10/site-packages/airflow/example_dags/plugins/listener_plugin.py for tasks to queue
[2024-03-12T21:27:55.953-0400] {logging_mixin.py:188} INFO - [2024-03-12T21:27:55.952-0400] {dagbag.py:540} INFO - Filling up the DagBag from /home/ironbong_jr/mlops/project/project/lib/python3.10/site-packages/airflow/example_dags/plugins/listener_plugin.py
[2024-03-12T21:27:55.972-0400] {processor.py:842} WARNING - No viable dags retrieved from /home/ironbong_jr/mlops/project/project/lib/python3.10/site-packages/airflow/example_dags/plugins/listener_plugin.py
[2024-03-12T21:27:55.994-0400] {processor.py:183} INFO - Processing /home/ironbong_jr/mlops/project/project/lib/python3.10/site-packages/airflow/example_dags/plugins/listener_plugin.py took 0.100 seconds
[2024-03-12T21:29:34.067-0400] {processor.py:161} INFO - Started process (PID=409105) to work on /home/ironbong_jr/mlops/project/project/lib/python3.10/site-packages/airflow/example_dags/plugins/listener_plugin.py
[2024-03-12T21:29:34.117-0400] {processor.py:830} INFO - Processing file /home/ironbong_jr/mlops/project/project/lib/python3.10/site-packages/airflow/example_dags/plugins/listener_plugin.py for tasks to queue
[2024-03-12T21:29:34.121-0400] {logging_mixin.py:188} INFO - [2024-03-12T21:29:34.119-0400] {dagbag.py:540} INFO - Filling up the DagBag from /home/ironbong_jr/mlops/project/project/lib/python3.10/site-packages/airflow/example_dags/plugins/listener_plugin.py
[2024-03-12T21:29:34.127-0400] {processor.py:842} WARNING - No viable dags retrieved from /home/ironbong_jr/mlops/project/project/lib/python3.10/site-packages/airflow/example_dags/plugins/listener_plugin.py
[2024-03-12T21:29:34.152-0400] {processor.py:183} INFO - Processing /home/ironbong_jr/mlops/project/project/lib/python3.10/site-packages/airflow/example_dags/plugins/listener_plugin.py took 0.093 seconds
[2024-03-12T21:31:03.241-0400] {processor.py:161} INFO - Started process (PID=409550) to work on /home/ironbong_jr/mlops/project/project/lib/python3.10/site-packages/airflow/example_dags/plugins/listener_plugin.py
[2024-03-12T21:31:03.294-0400] {processor.py:830} INFO - Processing file /home/ironbong_jr/mlops/project/project/lib/python3.10/site-packages/airflow/example_dags/plugins/listener_plugin.py for tasks to queue
[2024-03-12T21:31:03.297-0400] {logging_mixin.py:188} INFO - [2024-03-12T21:31:03.296-0400] {dagbag.py:540} INFO - Filling up the DagBag from /home/ironbong_jr/mlops/project/project/lib/python3.10/site-packages/airflow/example_dags/plugins/listener_plugin.py
[2024-03-12T21:31:03.312-0400] {processor.py:842} WARNING - No viable dags retrieved from /home/ironbong_jr/mlops/project/project/lib/python3.10/site-packages/airflow/example_dags/plugins/listener_plugin.py
[2024-03-12T21:31:03.339-0400] {processor.py:183} INFO - Processing /home/ironbong_jr/mlops/project/project/lib/python3.10/site-packages/airflow/example_dags/plugins/listener_plugin.py took 0.116 seconds
[2024-03-12T21:32:42.902-0400] {processor.py:161} INFO - Started process (PID=410083) to work on /home/ironbong_jr/mlops/project/project/lib/python3.10/site-packages/airflow/example_dags/plugins/listener_plugin.py
[2024-03-12T21:32:42.905-0400] {processor.py:830} INFO - Processing file /home/ironbong_jr/mlops/project/project/lib/python3.10/site-packages/airflow/example_dags/plugins/listener_plugin.py for tasks to queue
[2024-03-12T21:32:42.907-0400] {logging_mixin.py:188} INFO - [2024-03-12T21:32:42.906-0400] {dagbag.py:540} INFO - Filling up the DagBag from /home/ironbong_jr/mlops/project/project/lib/python3.10/site-packages/airflow/example_dags/plugins/listener_plugin.py
[2024-03-12T21:32:42.913-0400] {processor.py:842} WARNING - No viable dags retrieved from /home/ironbong_jr/mlops/project/project/lib/python3.10/site-packages/airflow/example_dags/plugins/listener_plugin.py
[2024-03-12T21:32:42.932-0400] {processor.py:183} INFO - Processing /home/ironbong_jr/mlops/project/project/lib/python3.10/site-packages/airflow/example_dags/plugins/listener_plugin.py took 0.036 seconds
[2024-03-12T21:34:22.334-0400] {processor.py:161} INFO - Started process (PID=410572) to work on /home/ironbong_jr/mlops/project/project/lib/python3.10/site-packages/airflow/example_dags/plugins/listener_plugin.py
[2024-03-12T21:34:22.383-0400] {processor.py:830} INFO - Processing file /home/ironbong_jr/mlops/project/project/lib/python3.10/site-packages/airflow/example_dags/plugins/listener_plugin.py for tasks to queue
[2024-03-12T21:34:22.386-0400] {logging_mixin.py:188} INFO - [2024-03-12T21:34:22.385-0400] {dagbag.py:540} INFO - Filling up the DagBag from /home/ironbong_jr/mlops/project/project/lib/python3.10/site-packages/airflow/example_dags/plugins/listener_plugin.py
[2024-03-12T21:34:22.392-0400] {processor.py:842} WARNING - No viable dags retrieved from /home/ironbong_jr/mlops/project/project/lib/python3.10/site-packages/airflow/example_dags/plugins/listener_plugin.py
[2024-03-12T21:34:22.425-0400] {processor.py:183} INFO - Processing /home/ironbong_jr/mlops/project/project/lib/python3.10/site-packages/airflow/example_dags/plugins/listener_plugin.py took 0.099 seconds
[2024-03-12T23:30:02.474-0400] {processor.py:161} INFO - Started process (PID=418612) to work on /home/ironbong_jr/mlops/project/project/lib/python3.10/site-packages/airflow/example_dags/plugins/listener_plugin.py
[2024-03-12T23:30:02.498-0400] {processor.py:830} INFO - Processing file /home/ironbong_jr/mlops/project/project/lib/python3.10/site-packages/airflow/example_dags/plugins/listener_plugin.py for tasks to queue
[2024-03-12T23:30:02.502-0400] {logging_mixin.py:188} INFO - [2024-03-12T23:30:02.501-0400] {dagbag.py:540} INFO - Filling up the DagBag from /home/ironbong_jr/mlops/project/project/lib/python3.10/site-packages/airflow/example_dags/plugins/listener_plugin.py
[2024-03-12T23:30:02.509-0400] {processor.py:842} WARNING - No viable dags retrieved from /home/ironbong_jr/mlops/project/project/lib/python3.10/site-packages/airflow/example_dags/plugins/listener_plugin.py
[2024-03-12T23:30:02.528-0400] {processor.py:183} INFO - Processing /home/ironbong_jr/mlops/project/project/lib/python3.10/site-packages/airflow/example_dags/plugins/listener_plugin.py took 0.060 seconds
[2024-03-12T23:31:48.806-0400] {processor.py:161} INFO - Started process (PID=419078) to work on /home/ironbong_jr/mlops/project/project/lib/python3.10/site-packages/airflow/example_dags/plugins/listener_plugin.py
[2024-03-12T23:31:48.809-0400] {processor.py:830} INFO - Processing file /home/ironbong_jr/mlops/project/project/lib/python3.10/site-packages/airflow/example_dags/plugins/listener_plugin.py for tasks to queue
[2024-03-12T23:31:48.812-0400] {logging_mixin.py:188} INFO - [2024-03-12T23:31:48.811-0400] {dagbag.py:540} INFO - Filling up the DagBag from /home/ironbong_jr/mlops/project/project/lib/python3.10/site-packages/airflow/example_dags/plugins/listener_plugin.py
[2024-03-12T23:31:48.818-0400] {processor.py:842} WARNING - No viable dags retrieved from /home/ironbong_jr/mlops/project/project/lib/python3.10/site-packages/airflow/example_dags/plugins/listener_plugin.py
[2024-03-12T23:31:48.842-0400] {processor.py:183} INFO - Processing /home/ironbong_jr/mlops/project/project/lib/python3.10/site-packages/airflow/example_dags/plugins/listener_plugin.py took 0.044 seconds
[2024-03-12T23:42:48.372-0400] {processor.py:161} INFO - Started process (PID=421701) to work on /home/ironbong_jr/mlops/project/project/lib/python3.10/site-packages/airflow/example_dags/plugins/listener_plugin.py
[2024-03-12T23:42:48.433-0400] {processor.py:830} INFO - Processing file /home/ironbong_jr/mlops/project/project/lib/python3.10/site-packages/airflow/example_dags/plugins/listener_plugin.py for tasks to queue
[2024-03-12T23:42:48.435-0400] {logging_mixin.py:188} INFO - [2024-03-12T23:42:48.434-0400] {dagbag.py:540} INFO - Filling up the DagBag from /home/ironbong_jr/mlops/project/project/lib/python3.10/site-packages/airflow/example_dags/plugins/listener_plugin.py
[2024-03-12T23:42:48.442-0400] {processor.py:842} WARNING - No viable dags retrieved from /home/ironbong_jr/mlops/project/project/lib/python3.10/site-packages/airflow/example_dags/plugins/listener_plugin.py
[2024-03-12T23:42:48.465-0400] {processor.py:183} INFO - Processing /home/ironbong_jr/mlops/project/project/lib/python3.10/site-packages/airflow/example_dags/plugins/listener_plugin.py took 0.103 seconds
[2024-03-12T23:44:46.694-0400] {processor.py:161} INFO - Started process (PID=422195) to work on /home/ironbong_jr/mlops/project/project/lib/python3.10/site-packages/airflow/example_dags/plugins/listener_plugin.py
[2024-03-12T23:44:46.744-0400] {processor.py:830} INFO - Processing file /home/ironbong_jr/mlops/project/project/lib/python3.10/site-packages/airflow/example_dags/plugins/listener_plugin.py for tasks to queue
[2024-03-12T23:44:46.746-0400] {logging_mixin.py:188} INFO - [2024-03-12T23:44:46.745-0400] {dagbag.py:540} INFO - Filling up the DagBag from /home/ironbong_jr/mlops/project/project/lib/python3.10/site-packages/airflow/example_dags/plugins/listener_plugin.py
[2024-03-12T23:44:46.752-0400] {processor.py:842} WARNING - No viable dags retrieved from /home/ironbong_jr/mlops/project/project/lib/python3.10/site-packages/airflow/example_dags/plugins/listener_plugin.py
[2024-03-12T23:44:46.774-0400] {processor.py:183} INFO - Processing /home/ironbong_jr/mlops/project/project/lib/python3.10/site-packages/airflow/example_dags/plugins/listener_plugin.py took 0.086 seconds
[2024-03-12T23:46:25.002-0400] {processor.py:161} INFO - Started process (PID=422783) to work on /home/ironbong_jr/mlops/project/project/lib/python3.10/site-packages/airflow/example_dags/plugins/listener_plugin.py
[2024-03-12T23:46:25.005-0400] {processor.py:830} INFO - Processing file /home/ironbong_jr/mlops/project/project/lib/python3.10/site-packages/airflow/example_dags/plugins/listener_plugin.py for tasks to queue
[2024-03-12T23:46:25.008-0400] {logging_mixin.py:188} INFO - [2024-03-12T23:46:25.006-0400] {dagbag.py:540} INFO - Filling up the DagBag from /home/ironbong_jr/mlops/project/project/lib/python3.10/site-packages/airflow/example_dags/plugins/listener_plugin.py
[2024-03-12T23:46:25.014-0400] {processor.py:842} WARNING - No viable dags retrieved from /home/ironbong_jr/mlops/project/project/lib/python3.10/site-packages/airflow/example_dags/plugins/listener_plugin.py
[2024-03-12T23:46:25.032-0400] {processor.py:183} INFO - Processing /home/ironbong_jr/mlops/project/project/lib/python3.10/site-packages/airflow/example_dags/plugins/listener_plugin.py took 0.035 seconds
[2024-03-12T23:48:35.596-0400] {processor.py:161} INFO - Started process (PID=423391) to work on /home/ironbong_jr/mlops/project/project/lib/python3.10/site-packages/airflow/example_dags/plugins/listener_plugin.py
[2024-03-12T23:48:35.650-0400] {processor.py:830} INFO - Processing file /home/ironbong_jr/mlops/project/project/lib/python3.10/site-packages/airflow/example_dags/plugins/listener_plugin.py for tasks to queue
[2024-03-12T23:48:35.653-0400] {logging_mixin.py:188} INFO - [2024-03-12T23:48:35.652-0400] {dagbag.py:540} INFO - Filling up the DagBag from /home/ironbong_jr/mlops/project/project/lib/python3.10/site-packages/airflow/example_dags/plugins/listener_plugin.py
[2024-03-12T23:48:35.659-0400] {processor.py:842} WARNING - No viable dags retrieved from /home/ironbong_jr/mlops/project/project/lib/python3.10/site-packages/airflow/example_dags/plugins/listener_plugin.py
[2024-03-12T23:48:35.678-0400] {processor.py:183} INFO - Processing /home/ironbong_jr/mlops/project/project/lib/python3.10/site-packages/airflow/example_dags/plugins/listener_plugin.py took 0.087 seconds
[2024-03-12T23:50:03.372-0400] {processor.py:161} INFO - Started process (PID=423792) to work on /home/ironbong_jr/mlops/project/project/lib/python3.10/site-packages/airflow/example_dags/plugins/listener_plugin.py
[2024-03-12T23:50:03.374-0400] {processor.py:830} INFO - Processing file /home/ironbong_jr/mlops/project/project/lib/python3.10/site-packages/airflow/example_dags/plugins/listener_plugin.py for tasks to queue
[2024-03-12T23:50:03.376-0400] {logging_mixin.py:188} INFO - [2024-03-12T23:50:03.376-0400] {dagbag.py:540} INFO - Filling up the DagBag from /home/ironbong_jr/mlops/project/project/lib/python3.10/site-packages/airflow/example_dags/plugins/listener_plugin.py
[2024-03-12T23:50:03.382-0400] {processor.py:842} WARNING - No viable dags retrieved from /home/ironbong_jr/mlops/project/project/lib/python3.10/site-packages/airflow/example_dags/plugins/listener_plugin.py
[2024-03-12T23:50:03.401-0400] {processor.py:183} INFO - Processing /home/ironbong_jr/mlops/project/project/lib/python3.10/site-packages/airflow/example_dags/plugins/listener_plugin.py took 0.037 seconds
[2024-03-12T23:51:28.879-0400] {processor.py:161} INFO - Started process (PID=424243) to work on /home/ironbong_jr/mlops/project/project/lib/python3.10/site-packages/airflow/example_dags/plugins/listener_plugin.py
[2024-03-12T23:51:28.931-0400] {processor.py:830} INFO - Processing file /home/ironbong_jr/mlops/project/project/lib/python3.10/site-packages/airflow/example_dags/plugins/listener_plugin.py for tasks to queue
[2024-03-12T23:51:28.934-0400] {logging_mixin.py:188} INFO - [2024-03-12T23:51:28.932-0400] {dagbag.py:540} INFO - Filling up the DagBag from /home/ironbong_jr/mlops/project/project/lib/python3.10/site-packages/airflow/example_dags/plugins/listener_plugin.py
[2024-03-12T23:51:28.942-0400] {processor.py:842} WARNING - No viable dags retrieved from /home/ironbong_jr/mlops/project/project/lib/python3.10/site-packages/airflow/example_dags/plugins/listener_plugin.py
[2024-03-12T23:51:28.995-0400] {processor.py:183} INFO - Processing /home/ironbong_jr/mlops/project/project/lib/python3.10/site-packages/airflow/example_dags/plugins/listener_plugin.py took 0.121 seconds
[2024-03-12T23:52:55.800-0400] {processor.py:161} INFO - Started process (PID=424788) to work on /home/ironbong_jr/mlops/project/project/lib/python3.10/site-packages/airflow/example_dags/plugins/listener_plugin.py
[2024-03-12T23:52:55.845-0400] {processor.py:830} INFO - Processing file /home/ironbong_jr/mlops/project/project/lib/python3.10/site-packages/airflow/example_dags/plugins/listener_plugin.py for tasks to queue
[2024-03-12T23:52:55.848-0400] {logging_mixin.py:188} INFO - [2024-03-12T23:52:55.847-0400] {dagbag.py:540} INFO - Filling up the DagBag from /home/ironbong_jr/mlops/project/project/lib/python3.10/site-packages/airflow/example_dags/plugins/listener_plugin.py
[2024-03-12T23:52:55.853-0400] {processor.py:842} WARNING - No viable dags retrieved from /home/ironbong_jr/mlops/project/project/lib/python3.10/site-packages/airflow/example_dags/plugins/listener_plugin.py
[2024-03-12T23:52:55.871-0400] {processor.py:183} INFO - Processing /home/ironbong_jr/mlops/project/project/lib/python3.10/site-packages/airflow/example_dags/plugins/listener_plugin.py took 0.078 seconds
[2024-03-12T23:54:30.382-0400] {processor.py:161} INFO - Started process (PID=425208) to work on /home/ironbong_jr/mlops/project/project/lib/python3.10/site-packages/airflow/example_dags/plugins/listener_plugin.py
[2024-03-12T23:54:30.385-0400] {processor.py:830} INFO - Processing file /home/ironbong_jr/mlops/project/project/lib/python3.10/site-packages/airflow/example_dags/plugins/listener_plugin.py for tasks to queue
[2024-03-12T23:54:30.389-0400] {logging_mixin.py:188} INFO - [2024-03-12T23:54:30.387-0400] {dagbag.py:540} INFO - Filling up the DagBag from /home/ironbong_jr/mlops/project/project/lib/python3.10/site-packages/airflow/example_dags/plugins/listener_plugin.py
[2024-03-12T23:54:30.397-0400] {processor.py:842} WARNING - No viable dags retrieved from /home/ironbong_jr/mlops/project/project/lib/python3.10/site-packages/airflow/example_dags/plugins/listener_plugin.py
[2024-03-12T23:54:30.423-0400] {processor.py:183} INFO - Processing /home/ironbong_jr/mlops/project/project/lib/python3.10/site-packages/airflow/example_dags/plugins/listener_plugin.py took 0.046 seconds
[2024-03-12T23:56:07.198-0400] {processor.py:161} INFO - Started process (PID=425636) to work on /home/ironbong_jr/mlops/project/project/lib/python3.10/site-packages/airflow/example_dags/plugins/listener_plugin.py
[2024-03-12T23:56:07.201-0400] {processor.py:830} INFO - Processing file /home/ironbong_jr/mlops/project/project/lib/python3.10/site-packages/airflow/example_dags/plugins/listener_plugin.py for tasks to queue
[2024-03-12T23:56:07.202-0400] {logging_mixin.py:188} INFO - [2024-03-12T23:56:07.202-0400] {dagbag.py:540} INFO - Filling up the DagBag from /home/ironbong_jr/mlops/project/project/lib/python3.10/site-packages/airflow/example_dags/plugins/listener_plugin.py
[2024-03-12T23:56:07.208-0400] {processor.py:842} WARNING - No viable dags retrieved from /home/ironbong_jr/mlops/project/project/lib/python3.10/site-packages/airflow/example_dags/plugins/listener_plugin.py
[2024-03-12T23:56:07.228-0400] {processor.py:183} INFO - Processing /home/ironbong_jr/mlops/project/project/lib/python3.10/site-packages/airflow/example_dags/plugins/listener_plugin.py took 0.041 seconds
[2024-03-13T00:30:36.781-0400] {processor.py:161} INFO - Started process (PID=432959) to work on /home/ironbong_jr/mlops/project/project/lib/python3.10/site-packages/airflow/example_dags/plugins/listener_plugin.py
[2024-03-13T00:30:36.832-0400] {processor.py:830} INFO - Processing file /home/ironbong_jr/mlops/project/project/lib/python3.10/site-packages/airflow/example_dags/plugins/listener_plugin.py for tasks to queue
[2024-03-13T00:30:36.835-0400] {logging_mixin.py:188} INFO - [2024-03-13T00:30:36.834-0400] {dagbag.py:540} INFO - Filling up the DagBag from /home/ironbong_jr/mlops/project/project/lib/python3.10/site-packages/airflow/example_dags/plugins/listener_plugin.py
[2024-03-13T00:30:36.841-0400] {processor.py:842} WARNING - No viable dags retrieved from /home/ironbong_jr/mlops/project/project/lib/python3.10/site-packages/airflow/example_dags/plugins/listener_plugin.py
[2024-03-13T00:30:36.858-0400] {processor.py:183} INFO - Processing /home/ironbong_jr/mlops/project/project/lib/python3.10/site-packages/airflow/example_dags/plugins/listener_plugin.py took 0.082 seconds
[2024-03-13T00:32:24.086-0400] {processor.py:161} INFO - Started process (PID=433468) to work on /home/ironbong_jr/mlops/project/project/lib/python3.10/site-packages/airflow/example_dags/plugins/listener_plugin.py
[2024-03-13T00:32:24.137-0400] {processor.py:830} INFO - Processing file /home/ironbong_jr/mlops/project/project/lib/python3.10/site-packages/airflow/example_dags/plugins/listener_plugin.py for tasks to queue
[2024-03-13T00:32:24.139-0400] {logging_mixin.py:188} INFO - [2024-03-13T00:32:24.138-0400] {dagbag.py:540} INFO - Filling up the DagBag from /home/ironbong_jr/mlops/project/project/lib/python3.10/site-packages/airflow/example_dags/plugins/listener_plugin.py
[2024-03-13T00:32:24.145-0400] {processor.py:842} WARNING - No viable dags retrieved from /home/ironbong_jr/mlops/project/project/lib/python3.10/site-packages/airflow/example_dags/plugins/listener_plugin.py
[2024-03-13T00:32:24.165-0400] {processor.py:183} INFO - Processing /home/ironbong_jr/mlops/project/project/lib/python3.10/site-packages/airflow/example_dags/plugins/listener_plugin.py took 0.094 seconds
[2024-03-13T00:36:18.578-0400] {processor.py:161} INFO - Started process (PID=434421) to work on /home/ironbong_jr/mlops/project/project/lib/python3.10/site-packages/airflow/example_dags/plugins/listener_plugin.py
[2024-03-13T00:36:18.636-0400] {processor.py:830} INFO - Processing file /home/ironbong_jr/mlops/project/project/lib/python3.10/site-packages/airflow/example_dags/plugins/listener_plugin.py for tasks to queue
[2024-03-13T00:36:18.639-0400] {logging_mixin.py:188} INFO - [2024-03-13T00:36:18.638-0400] {dagbag.py:540} INFO - Filling up the DagBag from /home/ironbong_jr/mlops/project/project/lib/python3.10/site-packages/airflow/example_dags/plugins/listener_plugin.py
[2024-03-13T00:36:18.646-0400] {processor.py:842} WARNING - No viable dags retrieved from /home/ironbong_jr/mlops/project/project/lib/python3.10/site-packages/airflow/example_dags/plugins/listener_plugin.py
[2024-03-13T00:36:18.675-0400] {processor.py:183} INFO - Processing /home/ironbong_jr/mlops/project/project/lib/python3.10/site-packages/airflow/example_dags/plugins/listener_plugin.py took 0.107 seconds
[2024-03-13T00:38:28.004-0400] {processor.py:161} INFO - Started process (PID=435070) to work on /home/ironbong_jr/mlops/project/project/lib/python3.10/site-packages/airflow/example_dags/plugins/listener_plugin.py
[2024-03-13T00:38:28.055-0400] {processor.py:830} INFO - Processing file /home/ironbong_jr/mlops/project/project/lib/python3.10/site-packages/airflow/example_dags/plugins/listener_plugin.py for tasks to queue
[2024-03-13T00:38:28.058-0400] {logging_mixin.py:188} INFO - [2024-03-13T00:38:28.057-0400] {dagbag.py:540} INFO - Filling up the DagBag from /home/ironbong_jr/mlops/project/project/lib/python3.10/site-packages/airflow/example_dags/plugins/listener_plugin.py
[2024-03-13T00:38:28.063-0400] {processor.py:842} WARNING - No viable dags retrieved from /home/ironbong_jr/mlops/project/project/lib/python3.10/site-packages/airflow/example_dags/plugins/listener_plugin.py
[2024-03-13T00:38:28.085-0400] {processor.py:183} INFO - Processing /home/ironbong_jr/mlops/project/project/lib/python3.10/site-packages/airflow/example_dags/plugins/listener_plugin.py took 0.090 seconds
[2024-03-13T00:40:07.645-0400] {processor.py:161} INFO - Started process (PID=435500) to work on /home/ironbong_jr/mlops/project/project/lib/python3.10/site-packages/airflow/example_dags/plugins/listener_plugin.py
[2024-03-13T00:40:07.697-0400] {processor.py:830} INFO - Processing file /home/ironbong_jr/mlops/project/project/lib/python3.10/site-packages/airflow/example_dags/plugins/listener_plugin.py for tasks to queue
[2024-03-13T00:40:07.702-0400] {logging_mixin.py:188} INFO - [2024-03-13T00:40:07.701-0400] {dagbag.py:540} INFO - Filling up the DagBag from /home/ironbong_jr/mlops/project/project/lib/python3.10/site-packages/airflow/example_dags/plugins/listener_plugin.py
[2024-03-13T00:40:07.709-0400] {processor.py:842} WARNING - No viable dags retrieved from /home/ironbong_jr/mlops/project/project/lib/python3.10/site-packages/airflow/example_dags/plugins/listener_plugin.py
[2024-03-13T00:40:07.734-0400] {processor.py:183} INFO - Processing /home/ironbong_jr/mlops/project/project/lib/python3.10/site-packages/airflow/example_dags/plugins/listener_plugin.py took 0.098 seconds
[2024-03-13T00:42:54.663-0400] {processor.py:161} INFO - Started process (PID=436250) to work on /home/ironbong_jr/mlops/project/project/lib/python3.10/site-packages/airflow/example_dags/plugins/listener_plugin.py
[2024-03-13T00:42:54.703-0400] {processor.py:830} INFO - Processing file /home/ironbong_jr/mlops/project/project/lib/python3.10/site-packages/airflow/example_dags/plugins/listener_plugin.py for tasks to queue
[2024-03-13T00:42:54.706-0400] {logging_mixin.py:188} INFO - [2024-03-13T00:42:54.705-0400] {dagbag.py:540} INFO - Filling up the DagBag from /home/ironbong_jr/mlops/project/project/lib/python3.10/site-packages/airflow/example_dags/plugins/listener_plugin.py
[2024-03-13T00:42:54.713-0400] {processor.py:842} WARNING - No viable dags retrieved from /home/ironbong_jr/mlops/project/project/lib/python3.10/site-packages/airflow/example_dags/plugins/listener_plugin.py
[2024-03-13T00:42:54.733-0400] {processor.py:183} INFO - Processing /home/ironbong_jr/mlops/project/project/lib/python3.10/site-packages/airflow/example_dags/plugins/listener_plugin.py took 0.075 seconds
[2024-03-13T00:45:03.285-0400] {processor.py:161} INFO - Started process (PID=436855) to work on /home/ironbong_jr/mlops/project/project/lib/python3.10/site-packages/airflow/example_dags/plugins/listener_plugin.py
[2024-03-13T00:45:03.331-0400] {processor.py:830} INFO - Processing file /home/ironbong_jr/mlops/project/project/lib/python3.10/site-packages/airflow/example_dags/plugins/listener_plugin.py for tasks to queue
[2024-03-13T00:45:03.334-0400] {logging_mixin.py:188} INFO - [2024-03-13T00:45:03.333-0400] {dagbag.py:540} INFO - Filling up the DagBag from /home/ironbong_jr/mlops/project/project/lib/python3.10/site-packages/airflow/example_dags/plugins/listener_plugin.py
[2024-03-13T00:45:03.342-0400] {processor.py:842} WARNING - No viable dags retrieved from /home/ironbong_jr/mlops/project/project/lib/python3.10/site-packages/airflow/example_dags/plugins/listener_plugin.py
[2024-03-13T00:45:03.373-0400] {processor.py:183} INFO - Processing /home/ironbong_jr/mlops/project/project/lib/python3.10/site-packages/airflow/example_dags/plugins/listener_plugin.py took 0.098 seconds
[2024-03-13T15:49:39.504-0400] {processor.py:161} INFO - Started process (PID=453859) to work on /home/ironbong_jr/mlops/project/project/lib/python3.10/site-packages/airflow/example_dags/plugins/listener_plugin.py
[2024-03-13T15:49:39.508-0400] {processor.py:830} INFO - Processing file /home/ironbong_jr/mlops/project/project/lib/python3.10/site-packages/airflow/example_dags/plugins/listener_plugin.py for tasks to queue
[2024-03-13T15:49:39.509-0400] {logging_mixin.py:188} INFO - [2024-03-13T15:49:39.509-0400] {dagbag.py:540} INFO - Filling up the DagBag from /home/ironbong_jr/mlops/project/project/lib/python3.10/site-packages/airflow/example_dags/plugins/listener_plugin.py
[2024-03-13T15:49:39.511-0400] {processor.py:842} WARNING - No viable dags retrieved from /home/ironbong_jr/mlops/project/project/lib/python3.10/site-packages/airflow/example_dags/plugins/listener_plugin.py
[2024-03-13T15:49:39.517-0400] {processor.py:183} INFO - Processing /home/ironbong_jr/mlops/project/project/lib/python3.10/site-packages/airflow/example_dags/plugins/listener_plugin.py took 0.014 seconds
[2024-03-13T15:51:47.763-0400] {processor.py:161} INFO - Started process (PID=454580) to work on /home/ironbong_jr/mlops/project/project/lib/python3.10/site-packages/airflow/example_dags/plugins/listener_plugin.py
[2024-03-13T15:51:47.767-0400] {processor.py:830} INFO - Processing file /home/ironbong_jr/mlops/project/project/lib/python3.10/site-packages/airflow/example_dags/plugins/listener_plugin.py for tasks to queue
[2024-03-13T15:51:47.768-0400] {logging_mixin.py:188} INFO - [2024-03-13T15:51:47.768-0400] {dagbag.py:540} INFO - Filling up the DagBag from /home/ironbong_jr/mlops/project/project/lib/python3.10/site-packages/airflow/example_dags/plugins/listener_plugin.py
[2024-03-13T15:51:47.770-0400] {processor.py:842} WARNING - No viable dags retrieved from /home/ironbong_jr/mlops/project/project/lib/python3.10/site-packages/airflow/example_dags/plugins/listener_plugin.py
[2024-03-13T15:51:47.776-0400] {processor.py:183} INFO - Processing /home/ironbong_jr/mlops/project/project/lib/python3.10/site-packages/airflow/example_dags/plugins/listener_plugin.py took 0.015 seconds
[2024-03-13T15:53:06.103-0400] {processor.py:161} INFO - Started process (PID=455021) to work on /home/ironbong_jr/mlops/project/project/lib/python3.10/site-packages/airflow/example_dags/plugins/listener_plugin.py
[2024-03-13T15:53:06.104-0400] {processor.py:830} INFO - Processing file /home/ironbong_jr/mlops/project/project/lib/python3.10/site-packages/airflow/example_dags/plugins/listener_plugin.py for tasks to queue
[2024-03-13T15:53:06.105-0400] {logging_mixin.py:188} INFO - [2024-03-13T15:53:06.105-0400] {dagbag.py:540} INFO - Filling up the DagBag from /home/ironbong_jr/mlops/project/project/lib/python3.10/site-packages/airflow/example_dags/plugins/listener_plugin.py
[2024-03-13T15:53:06.107-0400] {processor.py:842} WARNING - No viable dags retrieved from /home/ironbong_jr/mlops/project/project/lib/python3.10/site-packages/airflow/example_dags/plugins/listener_plugin.py
[2024-03-13T15:53:06.117-0400] {processor.py:183} INFO - Processing /home/ironbong_jr/mlops/project/project/lib/python3.10/site-packages/airflow/example_dags/plugins/listener_plugin.py took 0.017 seconds
[2024-03-13T15:54:18.824-0400] {processor.py:161} INFO - Started process (PID=455364) to work on /home/ironbong_jr/mlops/project/project/lib/python3.10/site-packages/airflow/example_dags/plugins/listener_plugin.py
[2024-03-13T15:54:18.827-0400] {processor.py:830} INFO - Processing file /home/ironbong_jr/mlops/project/project/lib/python3.10/site-packages/airflow/example_dags/plugins/listener_plugin.py for tasks to queue
[2024-03-13T15:54:18.828-0400] {logging_mixin.py:188} INFO - [2024-03-13T15:54:18.828-0400] {dagbag.py:540} INFO - Filling up the DagBag from /home/ironbong_jr/mlops/project/project/lib/python3.10/site-packages/airflow/example_dags/plugins/listener_plugin.py
[2024-03-13T15:54:18.830-0400] {processor.py:842} WARNING - No viable dags retrieved from /home/ironbong_jr/mlops/project/project/lib/python3.10/site-packages/airflow/example_dags/plugins/listener_plugin.py
[2024-03-13T15:54:18.837-0400] {processor.py:183} INFO - Processing /home/ironbong_jr/mlops/project/project/lib/python3.10/site-packages/airflow/example_dags/plugins/listener_plugin.py took 0.015 seconds
[2024-03-13T15:55:38.022-0400] {processor.py:161} INFO - Started process (PID=455779) to work on /home/ironbong_jr/mlops/project/project/lib/python3.10/site-packages/airflow/example_dags/plugins/listener_plugin.py
[2024-03-13T15:55:38.024-0400] {processor.py:830} INFO - Processing file /home/ironbong_jr/mlops/project/project/lib/python3.10/site-packages/airflow/example_dags/plugins/listener_plugin.py for tasks to queue
[2024-03-13T15:55:38.024-0400] {logging_mixin.py:188} INFO - [2024-03-13T15:55:38.024-0400] {dagbag.py:540} INFO - Filling up the DagBag from /home/ironbong_jr/mlops/project/project/lib/python3.10/site-packages/airflow/example_dags/plugins/listener_plugin.py
[2024-03-13T15:55:38.026-0400] {processor.py:842} WARNING - No viable dags retrieved from /home/ironbong_jr/mlops/project/project/lib/python3.10/site-packages/airflow/example_dags/plugins/listener_plugin.py
[2024-03-13T15:55:38.032-0400] {processor.py:183} INFO - Processing /home/ironbong_jr/mlops/project/project/lib/python3.10/site-packages/airflow/example_dags/plugins/listener_plugin.py took 0.013 seconds
[2024-03-13T15:56:51.524-0400] {processor.py:161} INFO - Started process (PID=456146) to work on /home/ironbong_jr/mlops/project/project/lib/python3.10/site-packages/airflow/example_dags/plugins/listener_plugin.py
[2024-03-13T15:56:51.528-0400] {processor.py:830} INFO - Processing file /home/ironbong_jr/mlops/project/project/lib/python3.10/site-packages/airflow/example_dags/plugins/listener_plugin.py for tasks to queue
[2024-03-13T15:56:51.528-0400] {logging_mixin.py:188} INFO - [2024-03-13T15:56:51.528-0400] {dagbag.py:540} INFO - Filling up the DagBag from /home/ironbong_jr/mlops/project/project/lib/python3.10/site-packages/airflow/example_dags/plugins/listener_plugin.py
[2024-03-13T15:56:51.530-0400] {processor.py:842} WARNING - No viable dags retrieved from /home/ironbong_jr/mlops/project/project/lib/python3.10/site-packages/airflow/example_dags/plugins/listener_plugin.py
[2024-03-13T15:56:51.538-0400] {processor.py:183} INFO - Processing /home/ironbong_jr/mlops/project/project/lib/python3.10/site-packages/airflow/example_dags/plugins/listener_plugin.py took 0.017 seconds
[2024-03-13T15:58:09.357-0400] {processor.py:161} INFO - Started process (PID=456606) to work on /home/ironbong_jr/mlops/project/project/lib/python3.10/site-packages/airflow/example_dags/plugins/listener_plugin.py
[2024-03-13T15:58:09.361-0400] {processor.py:830} INFO - Processing file /home/ironbong_jr/mlops/project/project/lib/python3.10/site-packages/airflow/example_dags/plugins/listener_plugin.py for tasks to queue
[2024-03-13T15:58:09.361-0400] {logging_mixin.py:188} INFO - [2024-03-13T15:58:09.361-0400] {dagbag.py:540} INFO - Filling up the DagBag from /home/ironbong_jr/mlops/project/project/lib/python3.10/site-packages/airflow/example_dags/plugins/listener_plugin.py
[2024-03-13T15:58:09.363-0400] {processor.py:842} WARNING - No viable dags retrieved from /home/ironbong_jr/mlops/project/project/lib/python3.10/site-packages/airflow/example_dags/plugins/listener_plugin.py
[2024-03-13T15:58:09.370-0400] {processor.py:183} INFO - Processing /home/ironbong_jr/mlops/project/project/lib/python3.10/site-packages/airflow/example_dags/plugins/listener_plugin.py took 0.015 seconds
[2024-03-13T15:59:26.541-0400] {processor.py:161} INFO - Started process (PID=456959) to work on /home/ironbong_jr/mlops/project/project/lib/python3.10/site-packages/airflow/example_dags/plugins/listener_plugin.py
[2024-03-13T15:59:26.546-0400] {processor.py:830} INFO - Processing file /home/ironbong_jr/mlops/project/project/lib/python3.10/site-packages/airflow/example_dags/plugins/listener_plugin.py for tasks to queue
[2024-03-13T15:59:26.547-0400] {logging_mixin.py:188} INFO - [2024-03-13T15:59:26.546-0400] {dagbag.py:540} INFO - Filling up the DagBag from /home/ironbong_jr/mlops/project/project/lib/python3.10/site-packages/airflow/example_dags/plugins/listener_plugin.py
[2024-03-13T15:59:26.550-0400] {processor.py:842} WARNING - No viable dags retrieved from /home/ironbong_jr/mlops/project/project/lib/python3.10/site-packages/airflow/example_dags/plugins/listener_plugin.py
[2024-03-13T15:59:26.558-0400] {processor.py:183} INFO - Processing /home/ironbong_jr/mlops/project/project/lib/python3.10/site-packages/airflow/example_dags/plugins/listener_plugin.py took 0.020 seconds
[2024-03-13T16:00:43.157-0400] {processor.py:161} INFO - Started process (PID=457355) to work on /home/ironbong_jr/mlops/project/project/lib/python3.10/site-packages/airflow/example_dags/plugins/listener_plugin.py
[2024-03-13T16:00:43.162-0400] {processor.py:830} INFO - Processing file /home/ironbong_jr/mlops/project/project/lib/python3.10/site-packages/airflow/example_dags/plugins/listener_plugin.py for tasks to queue
[2024-03-13T16:00:43.162-0400] {logging_mixin.py:188} INFO - [2024-03-13T16:00:43.162-0400] {dagbag.py:540} INFO - Filling up the DagBag from /home/ironbong_jr/mlops/project/project/lib/python3.10/site-packages/airflow/example_dags/plugins/listener_plugin.py
[2024-03-13T16:00:43.164-0400] {processor.py:842} WARNING - No viable dags retrieved from /home/ironbong_jr/mlops/project/project/lib/python3.10/site-packages/airflow/example_dags/plugins/listener_plugin.py
[2024-03-13T16:00:43.171-0400] {processor.py:183} INFO - Processing /home/ironbong_jr/mlops/project/project/lib/python3.10/site-packages/airflow/example_dags/plugins/listener_plugin.py took 0.015 seconds
[2024-03-13T16:02:00.513-0400] {processor.py:161} INFO - Started process (PID=457748) to work on /home/ironbong_jr/mlops/project/project/lib/python3.10/site-packages/airflow/example_dags/plugins/listener_plugin.py
[2024-03-13T16:02:00.515-0400] {processor.py:830} INFO - Processing file /home/ironbong_jr/mlops/project/project/lib/python3.10/site-packages/airflow/example_dags/plugins/listener_plugin.py for tasks to queue
[2024-03-13T16:02:00.516-0400] {logging_mixin.py:188} INFO - [2024-03-13T16:02:00.515-0400] {dagbag.py:540} INFO - Filling up the DagBag from /home/ironbong_jr/mlops/project/project/lib/python3.10/site-packages/airflow/example_dags/plugins/listener_plugin.py
[2024-03-13T16:02:00.518-0400] {processor.py:842} WARNING - No viable dags retrieved from /home/ironbong_jr/mlops/project/project/lib/python3.10/site-packages/airflow/example_dags/plugins/listener_plugin.py
[2024-03-13T16:02:00.527-0400] {processor.py:183} INFO - Processing /home/ironbong_jr/mlops/project/project/lib/python3.10/site-packages/airflow/example_dags/plugins/listener_plugin.py took 0.016 seconds
[2024-03-13T16:03:13.895-0400] {processor.py:161} INFO - Started process (PID=458147) to work on /home/ironbong_jr/mlops/project/project/lib/python3.10/site-packages/airflow/example_dags/plugins/listener_plugin.py
[2024-03-13T16:03:13.899-0400] {processor.py:830} INFO - Processing file /home/ironbong_jr/mlops/project/project/lib/python3.10/site-packages/airflow/example_dags/plugins/listener_plugin.py for tasks to queue
[2024-03-13T16:03:13.899-0400] {logging_mixin.py:188} INFO - [2024-03-13T16:03:13.899-0400] {dagbag.py:540} INFO - Filling up the DagBag from /home/ironbong_jr/mlops/project/project/lib/python3.10/site-packages/airflow/example_dags/plugins/listener_plugin.py
[2024-03-13T16:03:13.901-0400] {processor.py:842} WARNING - No viable dags retrieved from /home/ironbong_jr/mlops/project/project/lib/python3.10/site-packages/airflow/example_dags/plugins/listener_plugin.py
[2024-03-13T16:03:13.908-0400] {processor.py:183} INFO - Processing /home/ironbong_jr/mlops/project/project/lib/python3.10/site-packages/airflow/example_dags/plugins/listener_plugin.py took 0.015 seconds
[2024-03-13T16:04:49.445-0400] {processor.py:161} INFO - Started process (PID=458701) to work on /home/ironbong_jr/mlops/project/project/lib/python3.10/site-packages/airflow/example_dags/plugins/listener_plugin.py
[2024-03-13T16:04:49.449-0400] {processor.py:830} INFO - Processing file /home/ironbong_jr/mlops/project/project/lib/python3.10/site-packages/airflow/example_dags/plugins/listener_plugin.py for tasks to queue
[2024-03-13T16:04:49.450-0400] {logging_mixin.py:188} INFO - [2024-03-13T16:04:49.450-0400] {dagbag.py:540} INFO - Filling up the DagBag from /home/ironbong_jr/mlops/project/project/lib/python3.10/site-packages/airflow/example_dags/plugins/listener_plugin.py
[2024-03-13T16:04:49.452-0400] {processor.py:842} WARNING - No viable dags retrieved from /home/ironbong_jr/mlops/project/project/lib/python3.10/site-packages/airflow/example_dags/plugins/listener_plugin.py
[2024-03-13T16:04:49.459-0400] {processor.py:183} INFO - Processing /home/ironbong_jr/mlops/project/project/lib/python3.10/site-packages/airflow/example_dags/plugins/listener_plugin.py took 0.016 seconds
[2024-03-13T16:06:01.291-0400] {processor.py:161} INFO - Started process (PID=459061) to work on /home/ironbong_jr/mlops/project/project/lib/python3.10/site-packages/airflow/example_dags/plugins/listener_plugin.py
[2024-03-13T16:06:01.296-0400] {processor.py:830} INFO - Processing file /home/ironbong_jr/mlops/project/project/lib/python3.10/site-packages/airflow/example_dags/plugins/listener_plugin.py for tasks to queue
[2024-03-13T16:06:01.296-0400] {logging_mixin.py:188} INFO - [2024-03-13T16:06:01.296-0400] {dagbag.py:540} INFO - Filling up the DagBag from /home/ironbong_jr/mlops/project/project/lib/python3.10/site-packages/airflow/example_dags/plugins/listener_plugin.py
[2024-03-13T16:06:01.298-0400] {processor.py:842} WARNING - No viable dags retrieved from /home/ironbong_jr/mlops/project/project/lib/python3.10/site-packages/airflow/example_dags/plugins/listener_plugin.py
[2024-03-13T16:06:01.305-0400] {processor.py:183} INFO - Processing /home/ironbong_jr/mlops/project/project/lib/python3.10/site-packages/airflow/example_dags/plugins/listener_plugin.py took 0.015 seconds
[2024-03-13T16:07:18.283-0400] {processor.py:161} INFO - Started process (PID=459447) to work on /home/ironbong_jr/mlops/project/project/lib/python3.10/site-packages/airflow/example_dags/plugins/listener_plugin.py
[2024-03-13T16:07:18.286-0400] {processor.py:830} INFO - Processing file /home/ironbong_jr/mlops/project/project/lib/python3.10/site-packages/airflow/example_dags/plugins/listener_plugin.py for tasks to queue
[2024-03-13T16:07:18.287-0400] {logging_mixin.py:188} INFO - [2024-03-13T16:07:18.287-0400] {dagbag.py:540} INFO - Filling up the DagBag from /home/ironbong_jr/mlops/project/project/lib/python3.10/site-packages/airflow/example_dags/plugins/listener_plugin.py
[2024-03-13T16:07:18.289-0400] {processor.py:842} WARNING - No viable dags retrieved from /home/ironbong_jr/mlops/project/project/lib/python3.10/site-packages/airflow/example_dags/plugins/listener_plugin.py
[2024-03-13T16:07:18.295-0400] {processor.py:183} INFO - Processing /home/ironbong_jr/mlops/project/project/lib/python3.10/site-packages/airflow/example_dags/plugins/listener_plugin.py took 0.014 seconds
[2024-03-13T16:08:37.325-0400] {processor.py:161} INFO - Started process (PID=459830) to work on /home/ironbong_jr/mlops/project/project/lib/python3.10/site-packages/airflow/example_dags/plugins/listener_plugin.py
[2024-03-13T16:08:37.327-0400] {processor.py:830} INFO - Processing file /home/ironbong_jr/mlops/project/project/lib/python3.10/site-packages/airflow/example_dags/plugins/listener_plugin.py for tasks to queue
[2024-03-13T16:08:37.327-0400] {logging_mixin.py:188} INFO - [2024-03-13T16:08:37.327-0400] {dagbag.py:540} INFO - Filling up the DagBag from /home/ironbong_jr/mlops/project/project/lib/python3.10/site-packages/airflow/example_dags/plugins/listener_plugin.py
[2024-03-13T16:08:37.329-0400] {processor.py:842} WARNING - No viable dags retrieved from /home/ironbong_jr/mlops/project/project/lib/python3.10/site-packages/airflow/example_dags/plugins/listener_plugin.py
[2024-03-13T16:08:37.336-0400] {processor.py:183} INFO - Processing /home/ironbong_jr/mlops/project/project/lib/python3.10/site-packages/airflow/example_dags/plugins/listener_plugin.py took 0.013 seconds
[2024-03-13T16:09:51.597-0400] {processor.py:161} INFO - Started process (PID=460198) to work on /home/ironbong_jr/mlops/project/project/lib/python3.10/site-packages/airflow/example_dags/plugins/listener_plugin.py
[2024-03-13T16:09:51.600-0400] {processor.py:830} INFO - Processing file /home/ironbong_jr/mlops/project/project/lib/python3.10/site-packages/airflow/example_dags/plugins/listener_plugin.py for tasks to queue
[2024-03-13T16:09:51.601-0400] {logging_mixin.py:188} INFO - [2024-03-13T16:09:51.600-0400] {dagbag.py:540} INFO - Filling up the DagBag from /home/ironbong_jr/mlops/project/project/lib/python3.10/site-packages/airflow/example_dags/plugins/listener_plugin.py
[2024-03-13T16:09:51.603-0400] {processor.py:842} WARNING - No viable dags retrieved from /home/ironbong_jr/mlops/project/project/lib/python3.10/site-packages/airflow/example_dags/plugins/listener_plugin.py
[2024-03-13T16:09:51.609-0400] {processor.py:183} INFO - Processing /home/ironbong_jr/mlops/project/project/lib/python3.10/site-packages/airflow/example_dags/plugins/listener_plugin.py took 0.015 seconds
[2024-03-13T16:11:05.128-0400] {processor.py:161} INFO - Started process (PID=460567) to work on /home/ironbong_jr/mlops/project/project/lib/python3.10/site-packages/airflow/example_dags/plugins/listener_plugin.py
[2024-03-13T16:11:05.130-0400] {processor.py:830} INFO - Processing file /home/ironbong_jr/mlops/project/project/lib/python3.10/site-packages/airflow/example_dags/plugins/listener_plugin.py for tasks to queue
[2024-03-13T16:11:05.131-0400] {logging_mixin.py:188} INFO - [2024-03-13T16:11:05.130-0400] {dagbag.py:540} INFO - Filling up the DagBag from /home/ironbong_jr/mlops/project/project/lib/python3.10/site-packages/airflow/example_dags/plugins/listener_plugin.py
[2024-03-13T16:11:05.133-0400] {processor.py:842} WARNING - No viable dags retrieved from /home/ironbong_jr/mlops/project/project/lib/python3.10/site-packages/airflow/example_dags/plugins/listener_plugin.py
[2024-03-13T16:11:05.139-0400] {processor.py:183} INFO - Processing /home/ironbong_jr/mlops/project/project/lib/python3.10/site-packages/airflow/example_dags/plugins/listener_plugin.py took 0.013 seconds
[2024-03-13T16:12:19.560-0400] {processor.py:161} INFO - Started process (PID=460934) to work on /home/ironbong_jr/mlops/project/project/lib/python3.10/site-packages/airflow/example_dags/plugins/listener_plugin.py
[2024-03-13T16:12:19.562-0400] {processor.py:830} INFO - Processing file /home/ironbong_jr/mlops/project/project/lib/python3.10/site-packages/airflow/example_dags/plugins/listener_plugin.py for tasks to queue
[2024-03-13T16:12:19.563-0400] {logging_mixin.py:188} INFO - [2024-03-13T16:12:19.562-0400] {dagbag.py:540} INFO - Filling up the DagBag from /home/ironbong_jr/mlops/project/project/lib/python3.10/site-packages/airflow/example_dags/plugins/listener_plugin.py
[2024-03-13T16:12:19.564-0400] {processor.py:842} WARNING - No viable dags retrieved from /home/ironbong_jr/mlops/project/project/lib/python3.10/site-packages/airflow/example_dags/plugins/listener_plugin.py
[2024-03-13T16:12:19.571-0400] {processor.py:183} INFO - Processing /home/ironbong_jr/mlops/project/project/lib/python3.10/site-packages/airflow/example_dags/plugins/listener_plugin.py took 0.013 seconds
