[2024-03-12T21:22:26.848-0400] {processor.py:161} INFO - Started process (PID=407124) to work on /home/ironbong_jr/mlops/project/project/lib/python3.10/site-packages/airflow/example_dags/plugins/workday.py
[2024-03-12T21:22:26.850-0400] {processor.py:830} INFO - Processing file /home/ironbong_jr/mlops/project/project/lib/python3.10/site-packages/airflow/example_dags/plugins/workday.py for tasks to queue
[2024-03-12T21:22:26.853-0400] {logging_mixin.py:188} INFO - [2024-03-12T21:22:26.851-0400] {dagbag.py:540} INFO - Filling up the DagBag from /home/ironbong_jr/mlops/project/project/lib/python3.10/site-packages/airflow/example_dags/plugins/workday.py
[2024-03-12T21:22:27.821-0400] {processor.py:842} WARNING - No viable dags retrieved from /home/ironbong_jr/mlops/project/project/lib/python3.10/site-packages/airflow/example_dags/plugins/workday.py
[2024-03-12T21:22:27.838-0400] {processor.py:183} INFO - Processing /home/ironbong_jr/mlops/project/project/lib/python3.10/site-packages/airflow/example_dags/plugins/workday.py took 0.995 seconds
[2024-03-12T21:25:51.602-0400] {processor.py:161} INFO - Started process (PID=408050) to work on /home/ironbong_jr/mlops/project/project/lib/python3.10/site-packages/airflow/example_dags/plugins/workday.py
[2024-03-12T21:25:51.652-0400] {processor.py:830} INFO - Processing file /home/ironbong_jr/mlops/project/project/lib/python3.10/site-packages/airflow/example_dags/plugins/workday.py for tasks to queue
[2024-03-12T21:25:51.656-0400] {logging_mixin.py:188} INFO - [2024-03-12T21:25:51.654-0400] {dagbag.py:540} INFO - Filling up the DagBag from /home/ironbong_jr/mlops/project/project/lib/python3.10/site-packages/airflow/example_dags/plugins/workday.py
[2024-03-12T21:25:52.258-0400] {processor.py:842} WARNING - No viable dags retrieved from /home/ironbong_jr/mlops/project/project/lib/python3.10/site-packages/airflow/example_dags/plugins/workday.py
[2024-03-12T21:25:52.277-0400] {processor.py:183} INFO - Processing /home/ironbong_jr/mlops/project/project/lib/python3.10/site-packages/airflow/example_dags/plugins/workday.py took 0.679 seconds
[2024-03-12T21:27:54.399-0400] {processor.py:161} INFO - Started process (PID=408607) to work on /home/ironbong_jr/mlops/project/project/lib/python3.10/site-packages/airflow/example_dags/plugins/workday.py
[2024-03-12T21:27:54.403-0400] {processor.py:830} INFO - Processing file /home/ironbong_jr/mlops/project/project/lib/python3.10/site-packages/airflow/example_dags/plugins/workday.py for tasks to queue
[2024-03-12T21:27:54.405-0400] {logging_mixin.py:188} INFO - [2024-03-12T21:27:54.404-0400] {dagbag.py:540} INFO - Filling up the DagBag from /home/ironbong_jr/mlops/project/project/lib/python3.10/site-packages/airflow/example_dags/plugins/workday.py
[2024-03-12T21:27:55.027-0400] {processor.py:842} WARNING - No viable dags retrieved from /home/ironbong_jr/mlops/project/project/lib/python3.10/site-packages/airflow/example_dags/plugins/workday.py
[2024-03-12T21:27:55.043-0400] {processor.py:183} INFO - Processing /home/ironbong_jr/mlops/project/project/lib/python3.10/site-packages/airflow/example_dags/plugins/workday.py took 0.650 seconds
[2024-03-12T21:29:32.121-0400] {processor.py:161} INFO - Started process (PID=409086) to work on /home/ironbong_jr/mlops/project/project/lib/python3.10/site-packages/airflow/example_dags/plugins/workday.py
[2024-03-12T21:29:32.168-0400] {processor.py:830} INFO - Processing file /home/ironbong_jr/mlops/project/project/lib/python3.10/site-packages/airflow/example_dags/plugins/workday.py for tasks to queue
[2024-03-12T21:29:32.171-0400] {logging_mixin.py:188} INFO - [2024-03-12T21:29:32.170-0400] {dagbag.py:540} INFO - Filling up the DagBag from /home/ironbong_jr/mlops/project/project/lib/python3.10/site-packages/airflow/example_dags/plugins/workday.py
[2024-03-12T21:29:32.890-0400] {processor.py:842} WARNING - No viable dags retrieved from /home/ironbong_jr/mlops/project/project/lib/python3.10/site-packages/airflow/example_dags/plugins/workday.py
[2024-03-12T21:29:32.908-0400] {processor.py:183} INFO - Processing /home/ironbong_jr/mlops/project/project/lib/python3.10/site-packages/airflow/example_dags/plugins/workday.py took 0.794 seconds
[2024-03-12T21:31:01.321-0400] {processor.py:161} INFO - Started process (PID=409528) to work on /home/ironbong_jr/mlops/project/project/lib/python3.10/site-packages/airflow/example_dags/plugins/workday.py
[2024-03-12T21:31:01.368-0400] {processor.py:830} INFO - Processing file /home/ironbong_jr/mlops/project/project/lib/python3.10/site-packages/airflow/example_dags/plugins/workday.py for tasks to queue
[2024-03-12T21:31:01.371-0400] {logging_mixin.py:188} INFO - [2024-03-12T21:31:01.370-0400] {dagbag.py:540} INFO - Filling up the DagBag from /home/ironbong_jr/mlops/project/project/lib/python3.10/site-packages/airflow/example_dags/plugins/workday.py
[2024-03-12T21:31:02.095-0400] {processor.py:842} WARNING - No viable dags retrieved from /home/ironbong_jr/mlops/project/project/lib/python3.10/site-packages/airflow/example_dags/plugins/workday.py
[2024-03-12T21:31:02.117-0400] {processor.py:183} INFO - Processing /home/ironbong_jr/mlops/project/project/lib/python3.10/site-packages/airflow/example_dags/plugins/workday.py took 0.807 seconds
[2024-03-12T21:32:41.271-0400] {processor.py:161} INFO - Started process (PID=410070) to work on /home/ironbong_jr/mlops/project/project/lib/python3.10/site-packages/airflow/example_dags/plugins/workday.py
[2024-03-12T21:32:41.322-0400] {processor.py:830} INFO - Processing file /home/ironbong_jr/mlops/project/project/lib/python3.10/site-packages/airflow/example_dags/plugins/workday.py for tasks to queue
[2024-03-12T21:32:41.325-0400] {logging_mixin.py:188} INFO - [2024-03-12T21:32:41.324-0400] {dagbag.py:540} INFO - Filling up the DagBag from /home/ironbong_jr/mlops/project/project/lib/python3.10/site-packages/airflow/example_dags/plugins/workday.py
[2024-03-12T21:32:41.948-0400] {processor.py:842} WARNING - No viable dags retrieved from /home/ironbong_jr/mlops/project/project/lib/python3.10/site-packages/airflow/example_dags/plugins/workday.py
[2024-03-12T21:32:41.968-0400] {processor.py:183} INFO - Processing /home/ironbong_jr/mlops/project/project/lib/python3.10/site-packages/airflow/example_dags/plugins/workday.py took 0.703 seconds
[2024-03-12T21:34:20.373-0400] {processor.py:161} INFO - Started process (PID=410553) to work on /home/ironbong_jr/mlops/project/project/lib/python3.10/site-packages/airflow/example_dags/plugins/workday.py
[2024-03-12T21:34:20.379-0400] {processor.py:830} INFO - Processing file /home/ironbong_jr/mlops/project/project/lib/python3.10/site-packages/airflow/example_dags/plugins/workday.py for tasks to queue
[2024-03-12T21:34:20.381-0400] {logging_mixin.py:188} INFO - [2024-03-12T21:34:20.380-0400] {dagbag.py:540} INFO - Filling up the DagBag from /home/ironbong_jr/mlops/project/project/lib/python3.10/site-packages/airflow/example_dags/plugins/workday.py
[2024-03-12T21:34:21.142-0400] {processor.py:842} WARNING - No viable dags retrieved from /home/ironbong_jr/mlops/project/project/lib/python3.10/site-packages/airflow/example_dags/plugins/workday.py
[2024-03-12T21:34:21.159-0400] {processor.py:183} INFO - Processing /home/ironbong_jr/mlops/project/project/lib/python3.10/site-packages/airflow/example_dags/plugins/workday.py took 0.799 seconds
[2024-03-12T23:29:59.989-0400] {processor.py:161} INFO - Started process (PID=418593) to work on /home/ironbong_jr/mlops/project/project/lib/python3.10/site-packages/airflow/example_dags/plugins/workday.py
[2024-03-12T23:30:00.035-0400] {processor.py:830} INFO - Processing file /home/ironbong_jr/mlops/project/project/lib/python3.10/site-packages/airflow/example_dags/plugins/workday.py for tasks to queue
[2024-03-12T23:30:00.039-0400] {logging_mixin.py:188} INFO - [2024-03-12T23:30:00.037-0400] {dagbag.py:540} INFO - Filling up the DagBag from /home/ironbong_jr/mlops/project/project/lib/python3.10/site-packages/airflow/example_dags/plugins/workday.py
[2024-03-12T23:30:01.163-0400] {processor.py:842} WARNING - No viable dags retrieved from /home/ironbong_jr/mlops/project/project/lib/python3.10/site-packages/airflow/example_dags/plugins/workday.py
[2024-03-12T23:30:01.186-0400] {processor.py:183} INFO - Processing /home/ironbong_jr/mlops/project/project/lib/python3.10/site-packages/airflow/example_dags/plugins/workday.py took 1.207 seconds
[2024-03-12T23:31:47.545-0400] {processor.py:161} INFO - Started process (PID=419058) to work on /home/ironbong_jr/mlops/project/project/lib/python3.10/site-packages/airflow/example_dags/plugins/workday.py
[2024-03-12T23:31:47.592-0400] {processor.py:830} INFO - Processing file /home/ironbong_jr/mlops/project/project/lib/python3.10/site-packages/airflow/example_dags/plugins/workday.py for tasks to queue
[2024-03-12T23:31:47.597-0400] {logging_mixin.py:188} INFO - [2024-03-12T23:31:47.596-0400] {dagbag.py:540} INFO - Filling up the DagBag from /home/ironbong_jr/mlops/project/project/lib/python3.10/site-packages/airflow/example_dags/plugins/workday.py
[2024-03-12T23:31:48.578-0400] {processor.py:842} WARNING - No viable dags retrieved from /home/ironbong_jr/mlops/project/project/lib/python3.10/site-packages/airflow/example_dags/plugins/workday.py
[2024-03-12T23:31:48.586-0400] {processor.py:183} INFO - Processing /home/ironbong_jr/mlops/project/project/lib/python3.10/site-packages/airflow/example_dags/plugins/workday.py took 1.051 seconds
[2024-03-12T23:42:46.505-0400] {processor.py:161} INFO - Started process (PID=421682) to work on /home/ironbong_jr/mlops/project/project/lib/python3.10/site-packages/airflow/example_dags/plugins/workday.py
[2024-03-12T23:42:46.558-0400] {processor.py:830} INFO - Processing file /home/ironbong_jr/mlops/project/project/lib/python3.10/site-packages/airflow/example_dags/plugins/workday.py for tasks to queue
[2024-03-12T23:42:46.561-0400] {logging_mixin.py:188} INFO - [2024-03-12T23:42:46.560-0400] {dagbag.py:540} INFO - Filling up the DagBag from /home/ironbong_jr/mlops/project/project/lib/python3.10/site-packages/airflow/example_dags/plugins/workday.py
[2024-03-12T23:42:47.520-0400] {processor.py:842} WARNING - No viable dags retrieved from /home/ironbong_jr/mlops/project/project/lib/python3.10/site-packages/airflow/example_dags/plugins/workday.py
[2024-03-12T23:42:47.530-0400] {processor.py:183} INFO - Processing /home/ironbong_jr/mlops/project/project/lib/python3.10/site-packages/airflow/example_dags/plugins/workday.py took 1.042 seconds
[2024-03-12T23:44:44.985-0400] {processor.py:161} INFO - Started process (PID=422182) to work on /home/ironbong_jr/mlops/project/project/lib/python3.10/site-packages/airflow/example_dags/plugins/workday.py
[2024-03-12T23:44:45.038-0400] {processor.py:830} INFO - Processing file /home/ironbong_jr/mlops/project/project/lib/python3.10/site-packages/airflow/example_dags/plugins/workday.py for tasks to queue
[2024-03-12T23:44:45.041-0400] {logging_mixin.py:188} INFO - [2024-03-12T23:44:45.040-0400] {dagbag.py:540} INFO - Filling up the DagBag from /home/ironbong_jr/mlops/project/project/lib/python3.10/site-packages/airflow/example_dags/plugins/workday.py
[2024-03-12T23:44:45.607-0400] {processor.py:842} WARNING - No viable dags retrieved from /home/ironbong_jr/mlops/project/project/lib/python3.10/site-packages/airflow/example_dags/plugins/workday.py
[2024-03-12T23:44:45.621-0400] {processor.py:183} INFO - Processing /home/ironbong_jr/mlops/project/project/lib/python3.10/site-packages/airflow/example_dags/plugins/workday.py took 0.642 seconds
[2024-03-12T23:46:23.030-0400] {processor.py:161} INFO - Started process (PID=422764) to work on /home/ironbong_jr/mlops/project/project/lib/python3.10/site-packages/airflow/example_dags/plugins/workday.py
[2024-03-12T23:46:23.077-0400] {processor.py:830} INFO - Processing file /home/ironbong_jr/mlops/project/project/lib/python3.10/site-packages/airflow/example_dags/plugins/workday.py for tasks to queue
[2024-03-12T23:46:23.079-0400] {logging_mixin.py:188} INFO - [2024-03-12T23:46:23.078-0400] {dagbag.py:540} INFO - Filling up the DagBag from /home/ironbong_jr/mlops/project/project/lib/python3.10/site-packages/airflow/example_dags/plugins/workday.py
[2024-03-12T23:46:23.719-0400] {processor.py:842} WARNING - No viable dags retrieved from /home/ironbong_jr/mlops/project/project/lib/python3.10/site-packages/airflow/example_dags/plugins/workday.py
[2024-03-12T23:46:23.742-0400] {processor.py:183} INFO - Processing /home/ironbong_jr/mlops/project/project/lib/python3.10/site-packages/airflow/example_dags/plugins/workday.py took 0.718 seconds
[2024-03-12T23:48:33.550-0400] {processor.py:161} INFO - Started process (PID=423372) to work on /home/ironbong_jr/mlops/project/project/lib/python3.10/site-packages/airflow/example_dags/plugins/workday.py
[2024-03-12T23:48:33.600-0400] {processor.py:830} INFO - Processing file /home/ironbong_jr/mlops/project/project/lib/python3.10/site-packages/airflow/example_dags/plugins/workday.py for tasks to queue
[2024-03-12T23:48:33.603-0400] {logging_mixin.py:188} INFO - [2024-03-12T23:48:33.602-0400] {dagbag.py:540} INFO - Filling up the DagBag from /home/ironbong_jr/mlops/project/project/lib/python3.10/site-packages/airflow/example_dags/plugins/workday.py
[2024-03-12T23:48:34.382-0400] {processor.py:842} WARNING - No viable dags retrieved from /home/ironbong_jr/mlops/project/project/lib/python3.10/site-packages/airflow/example_dags/plugins/workday.py
[2024-03-12T23:48:34.401-0400] {processor.py:183} INFO - Processing /home/ironbong_jr/mlops/project/project/lib/python3.10/site-packages/airflow/example_dags/plugins/workday.py took 0.856 seconds
[2024-03-12T23:50:01.499-0400] {processor.py:161} INFO - Started process (PID=423773) to work on /home/ironbong_jr/mlops/project/project/lib/python3.10/site-packages/airflow/example_dags/plugins/workday.py
[2024-03-12T23:50:01.551-0400] {processor.py:830} INFO - Processing file /home/ironbong_jr/mlops/project/project/lib/python3.10/site-packages/airflow/example_dags/plugins/workday.py for tasks to queue
[2024-03-12T23:50:01.553-0400] {logging_mixin.py:188} INFO - [2024-03-12T23:50:01.552-0400] {dagbag.py:540} INFO - Filling up the DagBag from /home/ironbong_jr/mlops/project/project/lib/python3.10/site-packages/airflow/example_dags/plugins/workday.py
[2024-03-12T23:50:02.244-0400] {processor.py:842} WARNING - No viable dags retrieved from /home/ironbong_jr/mlops/project/project/lib/python3.10/site-packages/airflow/example_dags/plugins/workday.py
[2024-03-12T23:50:02.276-0400] {processor.py:183} INFO - Processing /home/ironbong_jr/mlops/project/project/lib/python3.10/site-packages/airflow/example_dags/plugins/workday.py took 0.782 seconds
[2024-03-12T23:51:27.121-0400] {processor.py:161} INFO - Started process (PID=424224) to work on /home/ironbong_jr/mlops/project/project/lib/python3.10/site-packages/airflow/example_dags/plugins/workday.py
[2024-03-12T23:51:27.139-0400] {processor.py:830} INFO - Processing file /home/ironbong_jr/mlops/project/project/lib/python3.10/site-packages/airflow/example_dags/plugins/workday.py for tasks to queue
[2024-03-12T23:51:27.142-0400] {logging_mixin.py:188} INFO - [2024-03-12T23:51:27.141-0400] {dagbag.py:540} INFO - Filling up the DagBag from /home/ironbong_jr/mlops/project/project/lib/python3.10/site-packages/airflow/example_dags/plugins/workday.py
[2024-03-12T23:51:27.776-0400] {processor.py:842} WARNING - No viable dags retrieved from /home/ironbong_jr/mlops/project/project/lib/python3.10/site-packages/airflow/example_dags/plugins/workday.py
[2024-03-12T23:51:27.791-0400] {processor.py:183} INFO - Processing /home/ironbong_jr/mlops/project/project/lib/python3.10/site-packages/airflow/example_dags/plugins/workday.py took 0.677 seconds
[2024-03-12T23:52:54.007-0400] {processor.py:161} INFO - Started process (PID=424767) to work on /home/ironbong_jr/mlops/project/project/lib/python3.10/site-packages/airflow/example_dags/plugins/workday.py
[2024-03-12T23:52:54.011-0400] {processor.py:830} INFO - Processing file /home/ironbong_jr/mlops/project/project/lib/python3.10/site-packages/airflow/example_dags/plugins/workday.py for tasks to queue
[2024-03-12T23:52:54.013-0400] {logging_mixin.py:188} INFO - [2024-03-12T23:52:54.012-0400] {dagbag.py:540} INFO - Filling up the DagBag from /home/ironbong_jr/mlops/project/project/lib/python3.10/site-packages/airflow/example_dags/plugins/workday.py
[2024-03-12T23:52:54.617-0400] {processor.py:842} WARNING - No viable dags retrieved from /home/ironbong_jr/mlops/project/project/lib/python3.10/site-packages/airflow/example_dags/plugins/workday.py
[2024-03-12T23:52:54.647-0400] {processor.py:183} INFO - Processing /home/ironbong_jr/mlops/project/project/lib/python3.10/site-packages/airflow/example_dags/plugins/workday.py took 0.656 seconds
[2024-03-12T23:54:28.315-0400] {processor.py:161} INFO - Started process (PID=425192) to work on /home/ironbong_jr/mlops/project/project/lib/python3.10/site-packages/airflow/example_dags/plugins/workday.py
[2024-03-12T23:54:28.363-0400] {processor.py:830} INFO - Processing file /home/ironbong_jr/mlops/project/project/lib/python3.10/site-packages/airflow/example_dags/plugins/workday.py for tasks to queue
[2024-03-12T23:54:28.365-0400] {logging_mixin.py:188} INFO - [2024-03-12T23:54:28.364-0400] {dagbag.py:540} INFO - Filling up the DagBag from /home/ironbong_jr/mlops/project/project/lib/python3.10/site-packages/airflow/example_dags/plugins/workday.py
[2024-03-12T23:54:29.261-0400] {processor.py:842} WARNING - No viable dags retrieved from /home/ironbong_jr/mlops/project/project/lib/python3.10/site-packages/airflow/example_dags/plugins/workday.py
[2024-03-12T23:54:29.283-0400] {processor.py:183} INFO - Processing /home/ironbong_jr/mlops/project/project/lib/python3.10/site-packages/airflow/example_dags/plugins/workday.py took 0.973 seconds
[2024-03-12T23:56:05.262-0400] {processor.py:161} INFO - Started process (PID=425617) to work on /home/ironbong_jr/mlops/project/project/lib/python3.10/site-packages/airflow/example_dags/plugins/workday.py
[2024-03-12T23:56:05.266-0400] {processor.py:830} INFO - Processing file /home/ironbong_jr/mlops/project/project/lib/python3.10/site-packages/airflow/example_dags/plugins/workday.py for tasks to queue
[2024-03-12T23:56:05.269-0400] {logging_mixin.py:188} INFO - [2024-03-12T23:56:05.267-0400] {dagbag.py:540} INFO - Filling up the DagBag from /home/ironbong_jr/mlops/project/project/lib/python3.10/site-packages/airflow/example_dags/plugins/workday.py
[2024-03-12T23:56:05.970-0400] {processor.py:842} WARNING - No viable dags retrieved from /home/ironbong_jr/mlops/project/project/lib/python3.10/site-packages/airflow/example_dags/plugins/workday.py
[2024-03-12T23:56:05.993-0400] {processor.py:183} INFO - Processing /home/ironbong_jr/mlops/project/project/lib/python3.10/site-packages/airflow/example_dags/plugins/workday.py took 0.740 seconds
[2024-03-13T00:30:34.714-0400] {processor.py:161} INFO - Started process (PID=432939) to work on /home/ironbong_jr/mlops/project/project/lib/python3.10/site-packages/airflow/example_dags/plugins/workday.py
[2024-03-13T00:30:34.774-0400] {processor.py:830} INFO - Processing file /home/ironbong_jr/mlops/project/project/lib/python3.10/site-packages/airflow/example_dags/plugins/workday.py for tasks to queue
[2024-03-13T00:30:34.778-0400] {logging_mixin.py:188} INFO - [2024-03-13T00:30:34.777-0400] {dagbag.py:540} INFO - Filling up the DagBag from /home/ironbong_jr/mlops/project/project/lib/python3.10/site-packages/airflow/example_dags/plugins/workday.py
[2024-03-13T00:30:35.576-0400] {processor.py:842} WARNING - No viable dags retrieved from /home/ironbong_jr/mlops/project/project/lib/python3.10/site-packages/airflow/example_dags/plugins/workday.py
[2024-03-13T00:30:35.585-0400] {processor.py:183} INFO - Processing /home/ironbong_jr/mlops/project/project/lib/python3.10/site-packages/airflow/example_dags/plugins/workday.py took 0.877 seconds
[2024-03-13T00:32:22.358-0400] {processor.py:161} INFO - Started process (PID=433448) to work on /home/ironbong_jr/mlops/project/project/lib/python3.10/site-packages/airflow/example_dags/plugins/workday.py
[2024-03-13T00:32:22.362-0400] {processor.py:830} INFO - Processing file /home/ironbong_jr/mlops/project/project/lib/python3.10/site-packages/airflow/example_dags/plugins/workday.py for tasks to queue
[2024-03-13T00:32:22.364-0400] {logging_mixin.py:188} INFO - [2024-03-13T00:32:22.363-0400] {dagbag.py:540} INFO - Filling up the DagBag from /home/ironbong_jr/mlops/project/project/lib/python3.10/site-packages/airflow/example_dags/plugins/workday.py
[2024-03-13T00:32:23.368-0400] {processor.py:842} WARNING - No viable dags retrieved from /home/ironbong_jr/mlops/project/project/lib/python3.10/site-packages/airflow/example_dags/plugins/workday.py
[2024-03-13T00:32:23.381-0400] {processor.py:183} INFO - Processing /home/ironbong_jr/mlops/project/project/lib/python3.10/site-packages/airflow/example_dags/plugins/workday.py took 1.033 seconds
[2024-03-13T00:36:16.260-0400] {processor.py:161} INFO - Started process (PID=434402) to work on /home/ironbong_jr/mlops/project/project/lib/python3.10/site-packages/airflow/example_dags/plugins/workday.py
[2024-03-13T00:36:16.266-0400] {processor.py:830} INFO - Processing file /home/ironbong_jr/mlops/project/project/lib/python3.10/site-packages/airflow/example_dags/plugins/workday.py for tasks to queue
[2024-03-13T00:36:16.269-0400] {logging_mixin.py:188} INFO - [2024-03-13T00:36:16.268-0400] {dagbag.py:540} INFO - Filling up the DagBag from /home/ironbong_jr/mlops/project/project/lib/python3.10/site-packages/airflow/example_dags/plugins/workday.py
[2024-03-13T00:36:17.405-0400] {processor.py:842} WARNING - No viable dags retrieved from /home/ironbong_jr/mlops/project/project/lib/python3.10/site-packages/airflow/example_dags/plugins/workday.py
[2024-03-13T00:36:17.419-0400] {processor.py:183} INFO - Processing /home/ironbong_jr/mlops/project/project/lib/python3.10/site-packages/airflow/example_dags/plugins/workday.py took 1.169 seconds
[2024-03-13T00:38:25.900-0400] {processor.py:161} INFO - Started process (PID=435051) to work on /home/ironbong_jr/mlops/project/project/lib/python3.10/site-packages/airflow/example_dags/plugins/workday.py
[2024-03-13T00:38:25.953-0400] {processor.py:830} INFO - Processing file /home/ironbong_jr/mlops/project/project/lib/python3.10/site-packages/airflow/example_dags/plugins/workday.py for tasks to queue
[2024-03-13T00:38:25.956-0400] {logging_mixin.py:188} INFO - [2024-03-13T00:38:25.955-0400] {dagbag.py:540} INFO - Filling up the DagBag from /home/ironbong_jr/mlops/project/project/lib/python3.10/site-packages/airflow/example_dags/plugins/workday.py
[2024-03-13T00:38:26.825-0400] {processor.py:842} WARNING - No viable dags retrieved from /home/ironbong_jr/mlops/project/project/lib/python3.10/site-packages/airflow/example_dags/plugins/workday.py
[2024-03-13T00:38:26.844-0400] {processor.py:183} INFO - Processing /home/ironbong_jr/mlops/project/project/lib/python3.10/site-packages/airflow/example_dags/plugins/workday.py took 0.951 seconds
[2024-03-13T00:40:05.443-0400] {processor.py:161} INFO - Started process (PID=435482) to work on /home/ironbong_jr/mlops/project/project/lib/python3.10/site-packages/airflow/example_dags/plugins/workday.py
[2024-03-13T00:40:05.495-0400] {processor.py:830} INFO - Processing file /home/ironbong_jr/mlops/project/project/lib/python3.10/site-packages/airflow/example_dags/plugins/workday.py for tasks to queue
[2024-03-13T00:40:05.498-0400] {logging_mixin.py:188} INFO - [2024-03-13T00:40:05.497-0400] {dagbag.py:540} INFO - Filling up the DagBag from /home/ironbong_jr/mlops/project/project/lib/python3.10/site-packages/airflow/example_dags/plugins/workday.py
[2024-03-13T00:40:06.464-0400] {processor.py:842} WARNING - No viable dags retrieved from /home/ironbong_jr/mlops/project/project/lib/python3.10/site-packages/airflow/example_dags/plugins/workday.py
[2024-03-13T00:40:06.481-0400] {processor.py:183} INFO - Processing /home/ironbong_jr/mlops/project/project/lib/python3.10/site-packages/airflow/example_dags/plugins/workday.py took 1.046 seconds
[2024-03-13T00:42:53.337-0400] {processor.py:161} INFO - Started process (PID=436237) to work on /home/ironbong_jr/mlops/project/project/lib/python3.10/site-packages/airflow/example_dags/plugins/workday.py
[2024-03-13T00:42:53.386-0400] {processor.py:830} INFO - Processing file /home/ironbong_jr/mlops/project/project/lib/python3.10/site-packages/airflow/example_dags/plugins/workday.py for tasks to queue
[2024-03-13T00:42:53.392-0400] {logging_mixin.py:188} INFO - [2024-03-13T00:42:53.391-0400] {dagbag.py:540} INFO - Filling up the DagBag from /home/ironbong_jr/mlops/project/project/lib/python3.10/site-packages/airflow/example_dags/plugins/workday.py
[2024-03-13T00:42:54.117-0400] {processor.py:842} WARNING - No viable dags retrieved from /home/ironbong_jr/mlops/project/project/lib/python3.10/site-packages/airflow/example_dags/plugins/workday.py
[2024-03-13T00:42:54.128-0400] {processor.py:183} INFO - Processing /home/ironbong_jr/mlops/project/project/lib/python3.10/site-packages/airflow/example_dags/plugins/workday.py took 0.797 seconds
[2024-03-13T00:45:01.420-0400] {processor.py:161} INFO - Started process (PID=436836) to work on /home/ironbong_jr/mlops/project/project/lib/python3.10/site-packages/airflow/example_dags/plugins/workday.py
[2024-03-13T00:45:01.444-0400] {processor.py:830} INFO - Processing file /home/ironbong_jr/mlops/project/project/lib/python3.10/site-packages/airflow/example_dags/plugins/workday.py for tasks to queue
[2024-03-13T00:45:01.447-0400] {logging_mixin.py:188} INFO - [2024-03-13T00:45:01.446-0400] {dagbag.py:540} INFO - Filling up the DagBag from /home/ironbong_jr/mlops/project/project/lib/python3.10/site-packages/airflow/example_dags/plugins/workday.py
[2024-03-13T00:45:02.177-0400] {processor.py:842} WARNING - No viable dags retrieved from /home/ironbong_jr/mlops/project/project/lib/python3.10/site-packages/airflow/example_dags/plugins/workday.py
[2024-03-13T00:45:02.188-0400] {processor.py:183} INFO - Processing /home/ironbong_jr/mlops/project/project/lib/python3.10/site-packages/airflow/example_dags/plugins/workday.py took 0.773 seconds
[2024-03-13T15:49:37.971-0400] {processor.py:161} INFO - Started process (PID=453846) to work on /home/ironbong_jr/mlops/project/project/lib/python3.10/site-packages/airflow/example_dags/plugins/workday.py
[2024-03-13T15:49:37.973-0400] {processor.py:830} INFO - Processing file /home/ironbong_jr/mlops/project/project/lib/python3.10/site-packages/airflow/example_dags/plugins/workday.py for tasks to queue
[2024-03-13T15:49:37.974-0400] {logging_mixin.py:188} INFO - [2024-03-13T15:49:37.973-0400] {dagbag.py:540} INFO - Filling up the DagBag from /home/ironbong_jr/mlops/project/project/lib/python3.10/site-packages/airflow/example_dags/plugins/workday.py
[2024-03-13T15:49:38.374-0400] {processor.py:842} WARNING - No viable dags retrieved from /home/ironbong_jr/mlops/project/project/lib/python3.10/site-packages/airflow/example_dags/plugins/workday.py
[2024-03-13T15:49:38.379-0400] {processor.py:183} INFO - Processing /home/ironbong_jr/mlops/project/project/lib/python3.10/site-packages/airflow/example_dags/plugins/workday.py took 0.410 seconds
[2024-03-13T15:51:46.419-0400] {processor.py:161} INFO - Started process (PID=454561) to work on /home/ironbong_jr/mlops/project/project/lib/python3.10/site-packages/airflow/example_dags/plugins/workday.py
[2024-03-13T15:51:46.423-0400] {processor.py:830} INFO - Processing file /home/ironbong_jr/mlops/project/project/lib/python3.10/site-packages/airflow/example_dags/plugins/workday.py for tasks to queue
[2024-03-13T15:51:46.423-0400] {logging_mixin.py:188} INFO - [2024-03-13T15:51:46.423-0400] {dagbag.py:540} INFO - Filling up the DagBag from /home/ironbong_jr/mlops/project/project/lib/python3.10/site-packages/airflow/example_dags/plugins/workday.py
[2024-03-13T15:51:46.683-0400] {processor.py:842} WARNING - No viable dags retrieved from /home/ironbong_jr/mlops/project/project/lib/python3.10/site-packages/airflow/example_dags/plugins/workday.py
[2024-03-13T15:51:46.690-0400] {processor.py:183} INFO - Processing /home/ironbong_jr/mlops/project/project/lib/python3.10/site-packages/airflow/example_dags/plugins/workday.py took 0.272 seconds
[2024-03-13T15:53:04.774-0400] {processor.py:161} INFO - Started process (PID=455002) to work on /home/ironbong_jr/mlops/project/project/lib/python3.10/site-packages/airflow/example_dags/plugins/workday.py
[2024-03-13T15:53:04.776-0400] {processor.py:830} INFO - Processing file /home/ironbong_jr/mlops/project/project/lib/python3.10/site-packages/airflow/example_dags/plugins/workday.py for tasks to queue
[2024-03-13T15:53:04.776-0400] {logging_mixin.py:188} INFO - [2024-03-13T15:53:04.776-0400] {dagbag.py:540} INFO - Filling up the DagBag from /home/ironbong_jr/mlops/project/project/lib/python3.10/site-packages/airflow/example_dags/plugins/workday.py
[2024-03-13T15:53:05.008-0400] {processor.py:842} WARNING - No viable dags retrieved from /home/ironbong_jr/mlops/project/project/lib/python3.10/site-packages/airflow/example_dags/plugins/workday.py
[2024-03-13T15:53:05.014-0400] {processor.py:183} INFO - Processing /home/ironbong_jr/mlops/project/project/lib/python3.10/site-packages/airflow/example_dags/plugins/workday.py took 0.242 seconds
[2024-03-13T15:54:18.070-0400] {processor.py:161} INFO - Started process (PID=455351) to work on /home/ironbong_jr/mlops/project/project/lib/python3.10/site-packages/airflow/example_dags/plugins/workday.py
[2024-03-13T15:54:18.073-0400] {processor.py:830} INFO - Processing file /home/ironbong_jr/mlops/project/project/lib/python3.10/site-packages/airflow/example_dags/plugins/workday.py for tasks to queue
[2024-03-13T15:54:18.074-0400] {logging_mixin.py:188} INFO - [2024-03-13T15:54:18.073-0400] {dagbag.py:540} INFO - Filling up the DagBag from /home/ironbong_jr/mlops/project/project/lib/python3.10/site-packages/airflow/example_dags/plugins/workday.py
[2024-03-13T15:54:18.376-0400] {processor.py:842} WARNING - No viable dags retrieved from /home/ironbong_jr/mlops/project/project/lib/python3.10/site-packages/airflow/example_dags/plugins/workday.py
[2024-03-13T15:54:18.384-0400] {processor.py:183} INFO - Processing /home/ironbong_jr/mlops/project/project/lib/python3.10/site-packages/airflow/example_dags/plugins/workday.py took 0.318 seconds
[2024-03-13T15:55:36.678-0400] {processor.py:161} INFO - Started process (PID=455766) to work on /home/ironbong_jr/mlops/project/project/lib/python3.10/site-packages/airflow/example_dags/plugins/workday.py
[2024-03-13T15:55:36.682-0400] {processor.py:830} INFO - Processing file /home/ironbong_jr/mlops/project/project/lib/python3.10/site-packages/airflow/example_dags/plugins/workday.py for tasks to queue
[2024-03-13T15:55:36.682-0400] {logging_mixin.py:188} INFO - [2024-03-13T15:55:36.682-0400] {dagbag.py:540} INFO - Filling up the DagBag from /home/ironbong_jr/mlops/project/project/lib/python3.10/site-packages/airflow/example_dags/plugins/workday.py
[2024-03-13T15:55:36.946-0400] {processor.py:842} WARNING - No viable dags retrieved from /home/ironbong_jr/mlops/project/project/lib/python3.10/site-packages/airflow/example_dags/plugins/workday.py
[2024-03-13T15:55:36.953-0400] {processor.py:183} INFO - Processing /home/ironbong_jr/mlops/project/project/lib/python3.10/site-packages/airflow/example_dags/plugins/workday.py took 0.277 seconds
[2024-03-13T15:56:50.192-0400] {processor.py:161} INFO - Started process (PID=456127) to work on /home/ironbong_jr/mlops/project/project/lib/python3.10/site-packages/airflow/example_dags/plugins/workday.py
[2024-03-13T15:56:50.195-0400] {processor.py:830} INFO - Processing file /home/ironbong_jr/mlops/project/project/lib/python3.10/site-packages/airflow/example_dags/plugins/workday.py for tasks to queue
[2024-03-13T15:56:50.196-0400] {logging_mixin.py:188} INFO - [2024-03-13T15:56:50.196-0400] {dagbag.py:540} INFO - Filling up the DagBag from /home/ironbong_jr/mlops/project/project/lib/python3.10/site-packages/airflow/example_dags/plugins/workday.py
[2024-03-13T15:56:50.469-0400] {processor.py:842} WARNING - No viable dags retrieved from /home/ironbong_jr/mlops/project/project/lib/python3.10/site-packages/airflow/example_dags/plugins/workday.py
[2024-03-13T15:56:50.476-0400] {processor.py:183} INFO - Processing /home/ironbong_jr/mlops/project/project/lib/python3.10/site-packages/airflow/example_dags/plugins/workday.py took 0.287 seconds
[2024-03-13T15:58:08.902-0400] {processor.py:161} INFO - Started process (PID=456587) to work on /home/ironbong_jr/mlops/project/project/lib/python3.10/site-packages/airflow/example_dags/plugins/workday.py
[2024-03-13T15:58:08.906-0400] {processor.py:830} INFO - Processing file /home/ironbong_jr/mlops/project/project/lib/python3.10/site-packages/airflow/example_dags/plugins/workday.py for tasks to queue
[2024-03-13T15:58:08.907-0400] {logging_mixin.py:188} INFO - [2024-03-13T15:58:08.906-0400] {dagbag.py:540} INFO - Filling up the DagBag from /home/ironbong_jr/mlops/project/project/lib/python3.10/site-packages/airflow/example_dags/plugins/workday.py
[2024-03-13T15:58:09.255-0400] {processor.py:842} WARNING - No viable dags retrieved from /home/ironbong_jr/mlops/project/project/lib/python3.10/site-packages/airflow/example_dags/plugins/workday.py
[2024-03-13T15:58:09.265-0400] {processor.py:183} INFO - Processing /home/ironbong_jr/mlops/project/project/lib/python3.10/site-packages/airflow/example_dags/plugins/workday.py took 0.365 seconds
[2024-03-13T15:59:25.212-0400] {processor.py:161} INFO - Started process (PID=456946) to work on /home/ironbong_jr/mlops/project/project/lib/python3.10/site-packages/airflow/example_dags/plugins/workday.py
[2024-03-13T15:59:25.214-0400] {processor.py:830} INFO - Processing file /home/ironbong_jr/mlops/project/project/lib/python3.10/site-packages/airflow/example_dags/plugins/workday.py for tasks to queue
[2024-03-13T15:59:25.214-0400] {logging_mixin.py:188} INFO - [2024-03-13T15:59:25.214-0400] {dagbag.py:540} INFO - Filling up the DagBag from /home/ironbong_jr/mlops/project/project/lib/python3.10/site-packages/airflow/example_dags/plugins/workday.py
[2024-03-13T15:59:25.475-0400] {processor.py:842} WARNING - No viable dags retrieved from /home/ironbong_jr/mlops/project/project/lib/python3.10/site-packages/airflow/example_dags/plugins/workday.py
[2024-03-13T15:59:25.486-0400] {processor.py:183} INFO - Processing /home/ironbong_jr/mlops/project/project/lib/python3.10/site-packages/airflow/example_dags/plugins/workday.py took 0.276 seconds
[2024-03-13T16:00:41.727-0400] {processor.py:161} INFO - Started process (PID=457342) to work on /home/ironbong_jr/mlops/project/project/lib/python3.10/site-packages/airflow/example_dags/plugins/workday.py
[2024-03-13T16:00:41.729-0400] {processor.py:830} INFO - Processing file /home/ironbong_jr/mlops/project/project/lib/python3.10/site-packages/airflow/example_dags/plugins/workday.py for tasks to queue
[2024-03-13T16:00:41.729-0400] {logging_mixin.py:188} INFO - [2024-03-13T16:00:41.729-0400] {dagbag.py:540} INFO - Filling up the DagBag from /home/ironbong_jr/mlops/project/project/lib/python3.10/site-packages/airflow/example_dags/plugins/workday.py
[2024-03-13T16:00:42.055-0400] {processor.py:842} WARNING - No viable dags retrieved from /home/ironbong_jr/mlops/project/project/lib/python3.10/site-packages/airflow/example_dags/plugins/workday.py
[2024-03-13T16:00:42.059-0400] {processor.py:183} INFO - Processing /home/ironbong_jr/mlops/project/project/lib/python3.10/site-packages/airflow/example_dags/plugins/workday.py took 0.334 seconds
[2024-03-13T16:01:59.082-0400] {processor.py:161} INFO - Started process (PID=457729) to work on /home/ironbong_jr/mlops/project/project/lib/python3.10/site-packages/airflow/example_dags/plugins/workday.py
[2024-03-13T16:01:59.084-0400] {processor.py:830} INFO - Processing file /home/ironbong_jr/mlops/project/project/lib/python3.10/site-packages/airflow/example_dags/plugins/workday.py for tasks to queue
[2024-03-13T16:01:59.085-0400] {logging_mixin.py:188} INFO - [2024-03-13T16:01:59.084-0400] {dagbag.py:540} INFO - Filling up the DagBag from /home/ironbong_jr/mlops/project/project/lib/python3.10/site-packages/airflow/example_dags/plugins/workday.py
[2024-03-13T16:01:59.435-0400] {processor.py:842} WARNING - No viable dags retrieved from /home/ironbong_jr/mlops/project/project/lib/python3.10/site-packages/airflow/example_dags/plugins/workday.py
[2024-03-13T16:01:59.439-0400] {processor.py:183} INFO - Processing /home/ironbong_jr/mlops/project/project/lib/python3.10/site-packages/airflow/example_dags/plugins/workday.py took 0.360 seconds
[2024-03-13T16:03:12.711-0400] {processor.py:161} INFO - Started process (PID=458134) to work on /home/ironbong_jr/mlops/project/project/lib/python3.10/site-packages/airflow/example_dags/plugins/workday.py
[2024-03-13T16:03:12.712-0400] {processor.py:830} INFO - Processing file /home/ironbong_jr/mlops/project/project/lib/python3.10/site-packages/airflow/example_dags/plugins/workday.py for tasks to queue
[2024-03-13T16:03:12.713-0400] {logging_mixin.py:188} INFO - [2024-03-13T16:03:12.713-0400] {dagbag.py:540} INFO - Filling up the DagBag from /home/ironbong_jr/mlops/project/project/lib/python3.10/site-packages/airflow/example_dags/plugins/workday.py
[2024-03-13T16:03:13.032-0400] {processor.py:842} WARNING - No viable dags retrieved from /home/ironbong_jr/mlops/project/project/lib/python3.10/site-packages/airflow/example_dags/plugins/workday.py
[2024-03-13T16:03:13.036-0400] {processor.py:183} INFO - Processing /home/ironbong_jr/mlops/project/project/lib/python3.10/site-packages/airflow/example_dags/plugins/workday.py took 0.328 seconds
[2024-03-13T16:04:47.998-0400] {processor.py:161} INFO - Started process (PID=458682) to work on /home/ironbong_jr/mlops/project/project/lib/python3.10/site-packages/airflow/example_dags/plugins/workday.py
[2024-03-13T16:04:48.002-0400] {processor.py:830} INFO - Processing file /home/ironbong_jr/mlops/project/project/lib/python3.10/site-packages/airflow/example_dags/plugins/workday.py for tasks to queue
[2024-03-13T16:04:48.003-0400] {logging_mixin.py:188} INFO - [2024-03-13T16:04:48.003-0400] {dagbag.py:540} INFO - Filling up the DagBag from /home/ironbong_jr/mlops/project/project/lib/python3.10/site-packages/airflow/example_dags/plugins/workday.py
[2024-03-13T16:04:48.348-0400] {processor.py:842} WARNING - No viable dags retrieved from /home/ironbong_jr/mlops/project/project/lib/python3.10/site-packages/airflow/example_dags/plugins/workday.py
[2024-03-13T16:04:48.354-0400] {processor.py:183} INFO - Processing /home/ironbong_jr/mlops/project/project/lib/python3.10/site-packages/airflow/example_dags/plugins/workday.py took 0.358 seconds
[2024-03-13T16:05:59.864-0400] {processor.py:161} INFO - Started process (PID=459048) to work on /home/ironbong_jr/mlops/project/project/lib/python3.10/site-packages/airflow/example_dags/plugins/workday.py
[2024-03-13T16:05:59.867-0400] {processor.py:830} INFO - Processing file /home/ironbong_jr/mlops/project/project/lib/python3.10/site-packages/airflow/example_dags/plugins/workday.py for tasks to queue
[2024-03-13T16:05:59.869-0400] {logging_mixin.py:188} INFO - [2024-03-13T16:05:59.868-0400] {dagbag.py:540} INFO - Filling up the DagBag from /home/ironbong_jr/mlops/project/project/lib/python3.10/site-packages/airflow/example_dags/plugins/workday.py
[2024-03-13T16:06:00.237-0400] {processor.py:842} WARNING - No viable dags retrieved from /home/ironbong_jr/mlops/project/project/lib/python3.10/site-packages/airflow/example_dags/plugins/workday.py
[2024-03-13T16:06:00.241-0400] {processor.py:183} INFO - Processing /home/ironbong_jr/mlops/project/project/lib/python3.10/site-packages/airflow/example_dags/plugins/workday.py took 0.381 seconds
[2024-03-13T16:07:16.832-0400] {processor.py:161} INFO - Started process (PID=459428) to work on /home/ironbong_jr/mlops/project/project/lib/python3.10/site-packages/airflow/example_dags/plugins/workday.py
[2024-03-13T16:07:16.833-0400] {processor.py:830} INFO - Processing file /home/ironbong_jr/mlops/project/project/lib/python3.10/site-packages/airflow/example_dags/plugins/workday.py for tasks to queue
[2024-03-13T16:07:16.834-0400] {logging_mixin.py:188} INFO - [2024-03-13T16:07:16.834-0400] {dagbag.py:540} INFO - Filling up the DagBag from /home/ironbong_jr/mlops/project/project/lib/python3.10/site-packages/airflow/example_dags/plugins/workday.py
[2024-03-13T16:07:17.158-0400] {processor.py:842} WARNING - No viable dags retrieved from /home/ironbong_jr/mlops/project/project/lib/python3.10/site-packages/airflow/example_dags/plugins/workday.py
[2024-03-13T16:07:17.162-0400] {processor.py:183} INFO - Processing /home/ironbong_jr/mlops/project/project/lib/python3.10/site-packages/airflow/example_dags/plugins/workday.py took 0.333 seconds
[2024-03-13T16:08:35.896-0400] {processor.py:161} INFO - Started process (PID=459811) to work on /home/ironbong_jr/mlops/project/project/lib/python3.10/site-packages/airflow/example_dags/plugins/workday.py
[2024-03-13T16:08:35.899-0400] {processor.py:830} INFO - Processing file /home/ironbong_jr/mlops/project/project/lib/python3.10/site-packages/airflow/example_dags/plugins/workday.py for tasks to queue
[2024-03-13T16:08:35.900-0400] {logging_mixin.py:188} INFO - [2024-03-13T16:08:35.900-0400] {dagbag.py:540} INFO - Filling up the DagBag from /home/ironbong_jr/mlops/project/project/lib/python3.10/site-packages/airflow/example_dags/plugins/workday.py
[2024-03-13T16:08:36.221-0400] {processor.py:842} WARNING - No viable dags retrieved from /home/ironbong_jr/mlops/project/project/lib/python3.10/site-packages/airflow/example_dags/plugins/workday.py
[2024-03-13T16:08:36.225-0400] {processor.py:183} INFO - Processing /home/ironbong_jr/mlops/project/project/lib/python3.10/site-packages/airflow/example_dags/plugins/workday.py took 0.332 seconds
[2024-03-13T16:09:50.159-0400] {processor.py:161} INFO - Started process (PID=460185) to work on /home/ironbong_jr/mlops/project/project/lib/python3.10/site-packages/airflow/example_dags/plugins/workday.py
[2024-03-13T16:09:50.162-0400] {processor.py:830} INFO - Processing file /home/ironbong_jr/mlops/project/project/lib/python3.10/site-packages/airflow/example_dags/plugins/workday.py for tasks to queue
[2024-03-13T16:09:50.163-0400] {logging_mixin.py:188} INFO - [2024-03-13T16:09:50.163-0400] {dagbag.py:540} INFO - Filling up the DagBag from /home/ironbong_jr/mlops/project/project/lib/python3.10/site-packages/airflow/example_dags/plugins/workday.py
[2024-03-13T16:09:50.490-0400] {processor.py:842} WARNING - No viable dags retrieved from /home/ironbong_jr/mlops/project/project/lib/python3.10/site-packages/airflow/example_dags/plugins/workday.py
[2024-03-13T16:09:50.494-0400] {processor.py:183} INFO - Processing /home/ironbong_jr/mlops/project/project/lib/python3.10/site-packages/airflow/example_dags/plugins/workday.py took 0.338 seconds
[2024-03-13T16:11:03.697-0400] {processor.py:161} INFO - Started process (PID=460548) to work on /home/ironbong_jr/mlops/project/project/lib/python3.10/site-packages/airflow/example_dags/plugins/workday.py
[2024-03-13T16:11:03.700-0400] {processor.py:830} INFO - Processing file /home/ironbong_jr/mlops/project/project/lib/python3.10/site-packages/airflow/example_dags/plugins/workday.py for tasks to queue
[2024-03-13T16:11:03.701-0400] {logging_mixin.py:188} INFO - [2024-03-13T16:11:03.701-0400] {dagbag.py:540} INFO - Filling up the DagBag from /home/ironbong_jr/mlops/project/project/lib/python3.10/site-packages/airflow/example_dags/plugins/workday.py
[2024-03-13T16:11:04.040-0400] {processor.py:842} WARNING - No viable dags retrieved from /home/ironbong_jr/mlops/project/project/lib/python3.10/site-packages/airflow/example_dags/plugins/workday.py
[2024-03-13T16:11:04.044-0400] {processor.py:183} INFO - Processing /home/ironbong_jr/mlops/project/project/lib/python3.10/site-packages/airflow/example_dags/plugins/workday.py took 0.350 seconds
[2024-03-13T16:12:18.112-0400] {processor.py:161} INFO - Started process (PID=460921) to work on /home/ironbong_jr/mlops/project/project/lib/python3.10/site-packages/airflow/example_dags/plugins/workday.py
[2024-03-13T16:12:18.113-0400] {processor.py:830} INFO - Processing file /home/ironbong_jr/mlops/project/project/lib/python3.10/site-packages/airflow/example_dags/plugins/workday.py for tasks to queue
[2024-03-13T16:12:18.114-0400] {logging_mixin.py:188} INFO - [2024-03-13T16:12:18.114-0400] {dagbag.py:540} INFO - Filling up the DagBag from /home/ironbong_jr/mlops/project/project/lib/python3.10/site-packages/airflow/example_dags/plugins/workday.py
[2024-03-13T16:12:18.437-0400] {processor.py:842} WARNING - No viable dags retrieved from /home/ironbong_jr/mlops/project/project/lib/python3.10/site-packages/airflow/example_dags/plugins/workday.py
[2024-03-13T16:12:18.441-0400] {processor.py:183} INFO - Processing /home/ironbong_jr/mlops/project/project/lib/python3.10/site-packages/airflow/example_dags/plugins/workday.py took 0.332 seconds
