[2024-03-12T19:50:57.219-0400] {taskinstance.py:1979} INFO - Dependencies all met for dep_context=non-requeueable deps ti=<TaskInstance: train_data.Train_model manual__2024-03-12T23:49:21.887153+00:00 [queued]>
[2024-03-12T19:50:57.232-0400] {taskinstance.py:1979} INFO - Dependencies all met for dep_context=requeueable deps ti=<TaskInstance: train_data.Train_model manual__2024-03-12T23:49:21.887153+00:00 [queued]>
[2024-03-12T19:50:57.233-0400] {taskinstance.py:2193} INFO - Starting attempt 1 of 3
[2024-03-12T19:50:57.262-0400] {taskinstance.py:2217} INFO - Executing <Task(PythonOperator): Train_model> on 2024-03-12 23:49:21.887153+00:00
[2024-03-12T19:50:57.275-0400] {standard_task_runner.py:60} INFO - Started process 395220 to run task
[2024-03-12T19:50:57.284-0400] {standard_task_runner.py:87} INFO - Running: ['airflow', 'tasks', 'run', 'train_data', 'Train_model', 'manual__2024-03-12T23:49:21.887153+00:00', '--job-id', '82', '--raw', '--subdir', 'DAGS_FOLDER/train_dag.py', '--cfg-path', '/tmp/tmpuyiblw0b']
[2024-03-12T19:50:57.285-0400] {standard_task_runner.py:88} INFO - Job 82: Subtask Train_model
[2024-03-12T19:50:57.343-0400] {task_command.py:423} INFO - Running <TaskInstance: train_data.Train_model manual__2024-03-12T23:49:21.887153+00:00 [running]> on host DESKTOP-6U7QAQN.
[2024-03-12T19:50:57.445-0400] {taskinstance.py:2513} INFO - Exporting env vars: AIRFLOW_CTX_DAG_EMAIL='youremail@email.com' AIRFLOW_CTX_DAG_OWNER='airflow' AIRFLOW_CTX_DAG_ID='train_data' AIRFLOW_CTX_TASK_ID='Train_model' AIRFLOW_CTX_EXECUTION_DATE='2024-03-12T23:49:21.887153+00:00' AIRFLOW_CTX_TRY_NUMBER='1' AIRFLOW_CTX_DAG_RUN_ID='manual__2024-03-12T23:49:21.887153+00:00'
[2024-03-12T19:50:57.705-0400] {logging_mixin.py:188} INFO - [LightGBM] [Info] Number of positive: 4479, number of negative: 15771
[2024-03-12T19:50:57.711-0400] {logging_mixin.py:188} INFO - [LightGBM] [Info] Auto-choosing row-wise multi-threading, the overhead of testing was 0.001442 seconds.
You can set `force_row_wise=true` to remove the overhead.
And if memory is not enough, you can set `force_col_wise=true`.
[2024-03-12T19:50:57.712-0400] {logging_mixin.py:188} INFO - [LightGBM] [Info] Total Bins 3205
[2024-03-12T19:50:57.712-0400] {logging_mixin.py:188} INFO - [LightGBM] [Info] Number of data points in the train set: 20250, number of used features: 20
[2024-03-12T19:50:57.713-0400] {logging_mixin.py:188} INFO - [LightGBM] [Info] [binary:BoostFromScore]: pavg=0.221185 -> initscore=-1.258773
[2024-03-12T19:50:57.714-0400] {logging_mixin.py:188} INFO - [LightGBM] [Info] Start training from score -1.258773
[2024-03-12T19:50:57.910-0400] {logging_mixin.py:188} INFO - [LightGBM] [Warning] No further splits with positive gain, best gain: -inf
[2024-03-12T19:50:57.920-0400] {logging_mixin.py:188} INFO - [LightGBM] [Warning] No further splits with positive gain, best gain: -inf
[2024-03-12T19:50:57.929-0400] {logging_mixin.py:188} INFO - model fit done
[2024-03-12T19:50:57.961-0400] {logging_mixin.py:188} INFO - model predicted
[2024-03-12T19:50:57.967-0400] {logging_mixin.py:188} INFO - 0.6677292204149451
[2024-03-12T19:50:57.975-0400] {logging_mixin.py:188} INFO - 0.8275555555555556
[2024-03-12T19:50:57.976-0400] {logging_mixin.py:188} INFO - 42d5fc8c960e45d686a7cd90ace1f8a0
[2024-03-12T19:50:57.979-0400] {python.py:202} INFO - Done. Returned value was: None
[2024-03-12T19:50:57.985-0400] {taskinstance.py:1149} INFO - Marking task as SUCCESS. dag_id=train_data, task_id=Train_model, execution_date=20240312T234921, start_date=20240312T235057, end_date=20240312T235057
[2024-03-12T19:50:58.061-0400] {local_task_job_runner.py:234} INFO - Task exited with return code 0
[2024-03-12T19:50:58.108-0400] {taskinstance.py:3312} INFO - 0 downstream tasks scheduled from follow-on schedule check
