[2024-03-12T19:40:09.055-0400] {taskinstance.py:1979} INFO - Dependencies all met for dep_context=non-requeueable deps ti=<TaskInstance: train_data.Train_model manual__2024-03-12T23:38:35.168004+00:00 [queued]>
[2024-03-12T19:40:09.070-0400] {taskinstance.py:1979} INFO - Dependencies all met for dep_context=requeueable deps ti=<TaskInstance: train_data.Train_model manual__2024-03-12T23:38:35.168004+00:00 [queued]>
[2024-03-12T19:40:09.071-0400] {taskinstance.py:2193} INFO - Starting attempt 1 of 3
[2024-03-12T19:40:09.201-0400] {taskinstance.py:2217} INFO - Executing <Task(PythonOperator): Train_model> on 2024-03-12 23:38:35.168004+00:00
[2024-03-12T19:40:09.222-0400] {standard_task_runner.py:60} INFO - Started process 392646 to run task
[2024-03-12T19:40:09.232-0400] {standard_task_runner.py:87} INFO - Running: ['airflow', 'tasks', 'run', 'train_data', 'Train_model', 'manual__2024-03-12T23:38:35.168004+00:00', '--job-id', '76', '--raw', '--subdir', 'DAGS_FOLDER/train_dag.py', '--cfg-path', '/tmp/tmp9jbgrw9v']
[2024-03-12T19:40:09.234-0400] {standard_task_runner.py:88} INFO - Job 76: Subtask Train_model
[2024-03-12T19:40:09.308-0400] {task_command.py:423} INFO - Running <TaskInstance: train_data.Train_model manual__2024-03-12T23:38:35.168004+00:00 [running]> on host DESKTOP-6U7QAQN.
[2024-03-12T19:40:09.418-0400] {taskinstance.py:2513} INFO - Exporting env vars: AIRFLOW_CTX_DAG_EMAIL='youremail@email.com' AIRFLOW_CTX_DAG_OWNER='airflow' AIRFLOW_CTX_DAG_ID='train_data' AIRFLOW_CTX_TASK_ID='Train_model' AIRFLOW_CTX_EXECUTION_DATE='2024-03-12T23:38:35.168004+00:00' AIRFLOW_CTX_TRY_NUMBER='1' AIRFLOW_CTX_DAG_RUN_ID='manual__2024-03-12T23:38:35.168004+00:00'
[2024-03-12T19:40:09.731-0400] {logging_mixin.py:188} INFO - [LightGBM] [Info] Number of positive: 4479, number of negative: 15771
[2024-03-12T19:40:09.745-0400] {logging_mixin.py:188} INFO - [LightGBM] [Info] Auto-choosing row-wise multi-threading, the overhead of testing was 0.004546 seconds.
You can set `force_row_wise=true` to remove the overhead.
And if memory is not enough, you can set `force_col_wise=true`.
[2024-03-12T19:40:09.748-0400] {logging_mixin.py:188} INFO - [LightGBM] [Info] Total Bins 3205
[2024-03-12T19:40:09.748-0400] {logging_mixin.py:188} INFO - [LightGBM] [Info] Number of data points in the train set: 20250, number of used features: 20
[2024-03-12T19:40:09.750-0400] {logging_mixin.py:188} INFO - [LightGBM] [Info] [binary:BoostFromScore]: pavg=0.221185 -> initscore=-1.258773
[2024-03-12T19:40:09.750-0400] {logging_mixin.py:188} INFO - [LightGBM] [Info] Start training from score -1.258773
[2024-03-12T19:40:09.968-0400] {logging_mixin.py:188} INFO - [LightGBM] [Warning] No further splits with positive gain, best gain: -inf
[2024-03-12T19:40:09.988-0400] {logging_mixin.py:188} INFO - [LightGBM] [Warning] No further splits with positive gain, best gain: -inf
[2024-03-12T19:40:10.001-0400] {logging_mixin.py:188} INFO - model fit done
[2024-03-12T19:40:10.037-0400] {logging_mixin.py:188} INFO - model predicted
[2024-03-12T19:40:10.046-0400] {logging_mixin.py:188} INFO - 0.6677292204149451
[2024-03-12T19:40:10.055-0400] {logging_mixin.py:188} INFO - 0.8275555555555556
[2024-03-12T19:40:10.056-0400] {logging_mixin.py:188} INFO - 763fa21bc068442ca8203cd0799cdb25
[2024-03-12T19:40:10.062-0400] {python.py:202} INFO - Done. Returned value was: None
[2024-03-12T19:40:10.070-0400] {taskinstance.py:1149} INFO - Marking task as SUCCESS. dag_id=train_data, task_id=Train_model, execution_date=20240312T233835, start_date=20240312T234009, end_date=20240312T234010
[2024-03-12T19:40:10.134-0400] {local_task_job_runner.py:234} INFO - Task exited with return code 0
[2024-03-12T19:40:10.156-0400] {taskinstance.py:3312} INFO - 0 downstream tasks scheduled from follow-on schedule check
