[2024-03-13T00:34:02.530-0400] {taskinstance.py:1979} INFO - Dependencies all met for dep_context=non-requeueable deps ti=<TaskInstance: train_data.pre_process manual__2024-03-13T04:32:51.212801+00:00 [queued]>
[2024-03-13T00:34:02.540-0400] {taskinstance.py:1979} INFO - Dependencies all met for dep_context=requeueable deps ti=<TaskInstance: train_data.pre_process manual__2024-03-13T04:32:51.212801+00:00 [queued]>
[2024-03-13T00:34:02.541-0400] {taskinstance.py:2193} INFO - Starting attempt 1 of 3
[2024-03-13T00:34:02.572-0400] {taskinstance.py:2217} INFO - Executing <Task(PythonOperator): pre_process> on 2024-03-13 04:32:51.212801+00:00
[2024-03-13T00:34:02.591-0400] {standard_task_runner.py:60} INFO - Started process 433848 to run task
[2024-03-13T00:34:02.599-0400] {standard_task_runner.py:87} INFO - Running: ['airflow', 'tasks', 'run', 'train_data', 'pre_process', 'manual__2024-03-13T04:32:51.212801+00:00', '--job-id', '115', '--raw', '--subdir', 'DAGS_FOLDER/train_dag.py', '--cfg-path', '/tmp/tmp4pnyduxe']
[2024-03-13T00:34:02.601-0400] {standard_task_runner.py:88} INFO - Job 115: Subtask pre_process
[2024-03-13T00:34:02.681-0400] {task_command.py:423} INFO - Running <TaskInstance: train_data.pre_process manual__2024-03-13T04:32:51.212801+00:00 [running]> on host DESKTOP-6U7QAQN.
[2024-03-13T00:34:02.796-0400] {taskinstance.py:2513} INFO - Exporting env vars: AIRFLOW_CTX_DAG_EMAIL='youremail@email.com' AIRFLOW_CTX_DAG_OWNER='airflow' AIRFLOW_CTX_DAG_ID='train_data' AIRFLOW_CTX_TASK_ID='pre_process' AIRFLOW_CTX_EXECUTION_DATE='2024-03-13T04:32:51.212801+00:00' AIRFLOW_CTX_TRY_NUMBER='1' AIRFLOW_CTX_DAG_RUN_ID='manual__2024-03-13T04:32:51.212801+00:00'
[2024-03-13T00:34:09.830-0400] {python.py:202} INFO - Done. Returned value was:        LIMIT_BAL  SEX  PAY_0  ...  PAY_AMT5  PAY_AMT6  default payment next month
0          60000    1      1  ...         0         0                           0
1         280000    2     -2  ...       350       297                           0
2          80000    2     -1  ...         0         0                           0
3         200000    1     -1  ...      1438      2411                           0
4         260000    2      0  ...      5000      4000                           0
...          ...  ...    ...  ...       ...       ...                         ...
26995     120000    2      0  ...      4560         0                           0
26996     120000    2      0  ...      1200      1000                           0
26997     110000    2      0  ...      2023       806                           1
26998     360000    1      1  ...         0         0                           0
26999     300000    1     -1  ...         0         0                           0

[27000 rows x 21 columns]
[2024-03-13T00:34:10.067-0400] {taskinstance.py:1149} INFO - Marking task as SUCCESS. dag_id=train_data, task_id=pre_process, execution_date=20240313T043251, start_date=20240313T043402, end_date=20240313T043410
[2024-03-13T00:34:10.135-0400] {local_task_job_runner.py:234} INFO - Task exited with return code 0
[2024-03-13T00:34:10.167-0400] {taskinstance.py:3312} INFO - 1 downstream tasks scheduled from follow-on schedule check
