[2024-03-13T00:38:00.620-0400] {taskinstance.py:1979} INFO - Dependencies all met for dep_context=non-requeueable deps ti=<TaskInstance: predict_data.predict manual__2024-03-13T04:37:17.777854+00:00 [queued]>
[2024-03-13T00:38:00.649-0400] {taskinstance.py:1979} INFO - Dependencies all met for dep_context=requeueable deps ti=<TaskInstance: predict_data.predict manual__2024-03-13T04:37:17.777854+00:00 [queued]>
[2024-03-13T00:38:00.649-0400] {taskinstance.py:2193} INFO - Starting attempt 1 of 3
[2024-03-13T00:38:00.682-0400] {taskinstance.py:2217} INFO - Executing <Task(PythonOperator): predict> on 2024-03-13 04:37:17.777854+00:00
[2024-03-13T00:38:00.698-0400] {standard_task_runner.py:60} INFO - Started process 434935 to run task
[2024-03-13T00:38:00.706-0400] {standard_task_runner.py:87} INFO - Running: ['airflow', 'tasks', 'run', 'predict_data', 'predict', 'manual__2024-03-13T04:37:17.777854+00:00', '--job-id', '122', '--raw', '--subdir', 'DAGS_FOLDER/test_dag.py', '--cfg-path', '/tmp/tmpd6ivxaz9']
[2024-03-13T00:38:00.708-0400] {standard_task_runner.py:88} INFO - Job 122: Subtask predict
[2024-03-13T00:38:00.779-0400] {task_command.py:423} INFO - Running <TaskInstance: predict_data.predict manual__2024-03-13T04:37:17.777854+00:00 [running]> on host DESKTOP-6U7QAQN.
[2024-03-13T00:38:00.883-0400] {taskinstance.py:2513} INFO - Exporting env vars: AIRFLOW_CTX_DAG_EMAIL='youremail@email.com' AIRFLOW_CTX_DAG_OWNER='airflow' AIRFLOW_CTX_DAG_ID='predict_data' AIRFLOW_CTX_TASK_ID='predict' AIRFLOW_CTX_EXECUTION_DATE='2024-03-13T04:37:17.777854+00:00' AIRFLOW_CTX_TRY_NUMBER='1' AIRFLOW_CTX_DAG_RUN_ID='manual__2024-03-13T04:37:17.777854+00:00'
[2024-03-13T00:38:01.769-0400] {logging_mixin.py:188} INFO - LIMIT_BAL
[2024-03-13T00:38:01.779-0400] {logging_mixin.py:188} INFO - SEX
[2024-03-13T00:38:01.781-0400] {logging_mixin.py:188} INFO - PAY_0
[2024-03-13T00:38:01.783-0400] {logging_mixin.py:188} INFO - PAY_2
[2024-03-13T00:38:01.784-0400] {logging_mixin.py:188} INFO - PAY_3
[2024-03-13T00:38:01.784-0400] {logging_mixin.py:188} INFO - PAY_4
[2024-03-13T00:38:01.785-0400] {logging_mixin.py:188} INFO - PAY_5
[2024-03-13T00:38:01.785-0400] {logging_mixin.py:188} INFO - PAY_6
[2024-03-13T00:38:01.794-0400] {logging_mixin.py:188} INFO - BILL_AMT1
[2024-03-13T00:38:01.794-0400] {logging_mixin.py:188} INFO - BILL_AMT2
[2024-03-13T00:38:01.795-0400] {logging_mixin.py:188} INFO - BILL_AMT3
[2024-03-13T00:38:01.795-0400] {logging_mixin.py:188} INFO - BILL_AMT4
[2024-03-13T00:38:01.796-0400] {logging_mixin.py:188} INFO - BILL_AMT5
[2024-03-13T00:38:01.799-0400] {logging_mixin.py:188} INFO - BILL_AMT6
[2024-03-13T00:38:01.799-0400] {logging_mixin.py:188} INFO - PAY_AMT1
[2024-03-13T00:38:01.800-0400] {logging_mixin.py:188} INFO - PAY_AMT2
[2024-03-13T00:38:01.800-0400] {logging_mixin.py:188} INFO - PAY_AMT3
[2024-03-13T00:38:01.800-0400] {logging_mixin.py:188} INFO - PAY_AMT4
[2024-03-13T00:38:01.800-0400] {logging_mixin.py:188} INFO - PAY_AMT5
[2024-03-13T00:38:01.801-0400] {logging_mixin.py:188} INFO - PAY_AMT6
[2024-03-13T00:38:01.910-0400] {logging_mixin.py:188} INFO -    LIMIT_BAL  SEX  PAY_0  PAY_2  ...  PAY_AMT4  PAY_AMT5  PAY_AMT6  preds
0     100000    2      0      0  ...      7500         0      3600      0
1     350000    2     -2     -2  ...      8631       277      7545      0
2     300000    2     -2     -2  ...         0         0         0      0
3     200000    1     -1     -1  ...         0         0         0      0
4      70000    2      0      0  ...      2000      1900      3000      0

[5 rows x 21 columns]
[2024-03-13T00:38:01.911-0400] {python.py:202} INFO - Done. Returned value was: None
[2024-03-13T00:38:01.918-0400] {taskinstance.py:1149} INFO - Marking task as SUCCESS. dag_id=predict_data, task_id=predict, execution_date=20240313T043717, start_date=20240313T043800, end_date=20240313T043801
[2024-03-13T00:38:01.981-0400] {local_task_job_runner.py:234} INFO - Task exited with return code 0
[2024-03-13T00:38:02.002-0400] {taskinstance.py:3312} INFO - 0 downstream tasks scheduled from follow-on schedule check
