[2024-03-13T00:42:36.623-0400] {taskinstance.py:1979} INFO - Dependencies all met for dep_context=non-requeueable deps ti=<TaskInstance: train_data.Train_model manual__2024-03-13T04:41:14.469152+00:00 [queued]>
[2024-03-13T00:42:36.631-0400] {taskinstance.py:1979} INFO - Dependencies all met for dep_context=requeueable deps ti=<TaskInstance: train_data.Train_model manual__2024-03-13T04:41:14.469152+00:00 [queued]>
[2024-03-13T00:42:36.631-0400] {taskinstance.py:2193} INFO - Starting attempt 1 of 3
[2024-03-13T00:42:36.659-0400] {taskinstance.py:2217} INFO - Executing <Task(PythonOperator): Train_model> on 2024-03-13 04:41:14.469152+00:00
[2024-03-13T00:42:36.673-0400] {standard_task_runner.py:60} INFO - Started process 436147 to run task
[2024-03-13T00:42:36.679-0400] {standard_task_runner.py:87} INFO - Running: ['airflow', 'tasks', 'run', 'train_data', 'Train_model', 'manual__2024-03-13T04:41:14.469152+00:00', '--job-id', '126', '--raw', '--subdir', 'DAGS_FOLDER/train_dag.py', '--cfg-path', '/tmp/tmp3sz7r0y0']
[2024-03-13T00:42:36.680-0400] {standard_task_runner.py:88} INFO - Job 126: Subtask Train_model
[2024-03-13T00:42:36.731-0400] {task_command.py:423} INFO - Running <TaskInstance: train_data.Train_model manual__2024-03-13T04:41:14.469152+00:00 [running]> on host DESKTOP-6U7QAQN.
[2024-03-13T00:42:36.857-0400] {taskinstance.py:2513} INFO - Exporting env vars: AIRFLOW_CTX_DAG_EMAIL='youremail@email.com' AIRFLOW_CTX_DAG_OWNER='airflow' AIRFLOW_CTX_DAG_ID='train_data' AIRFLOW_CTX_TASK_ID='Train_model' AIRFLOW_CTX_EXECUTION_DATE='2024-03-13T04:41:14.469152+00:00' AIRFLOW_CTX_TRY_NUMBER='1' AIRFLOW_CTX_DAG_RUN_ID='manual__2024-03-13T04:41:14.469152+00:00'
[2024-03-13T00:42:36.884-0400] {logging_mixin.py:188} INFO - LIMIT_BAL
[2024-03-13T00:42:36.884-0400] {logging_mixin.py:188} INFO - SEX
[2024-03-13T00:42:36.885-0400] {logging_mixin.py:188} INFO - PAY_0
[2024-03-13T00:42:36.885-0400] {logging_mixin.py:188} INFO - PAY_2
[2024-03-13T00:42:36.885-0400] {logging_mixin.py:188} INFO - PAY_3
[2024-03-13T00:42:36.885-0400] {logging_mixin.py:188} INFO - PAY_4
[2024-03-13T00:42:36.886-0400] {logging_mixin.py:188} INFO - PAY_5
[2024-03-13T00:42:36.886-0400] {logging_mixin.py:188} INFO - PAY_6
[2024-03-13T00:42:36.886-0400] {logging_mixin.py:188} INFO - BILL_AMT1
[2024-03-13T00:42:36.887-0400] {logging_mixin.py:188} INFO - BILL_AMT2
[2024-03-13T00:42:36.887-0400] {logging_mixin.py:188} INFO - BILL_AMT3
[2024-03-13T00:42:36.887-0400] {logging_mixin.py:188} INFO - BILL_AMT4
[2024-03-13T00:42:36.888-0400] {logging_mixin.py:188} INFO - BILL_AMT5
[2024-03-13T00:42:36.889-0400] {logging_mixin.py:188} INFO - BILL_AMT6
[2024-03-13T00:42:36.889-0400] {logging_mixin.py:188} INFO - PAY_AMT1
[2024-03-13T00:42:36.889-0400] {logging_mixin.py:188} INFO - PAY_AMT2
[2024-03-13T00:42:36.889-0400] {logging_mixin.py:188} INFO - PAY_AMT3
[2024-03-13T00:42:36.889-0400] {logging_mixin.py:188} INFO - PAY_AMT4
[2024-03-13T00:42:36.890-0400] {logging_mixin.py:188} INFO - PAY_AMT5
[2024-03-13T00:42:36.890-0400] {logging_mixin.py:188} INFO - PAY_AMT6
[2024-03-13T00:42:37.203-0400] {logging_mixin.py:188} INFO - [LightGBM] [Info] Number of positive: 4479, number of negative: 15771
[2024-03-13T00:42:37.213-0400] {logging_mixin.py:188} INFO - [LightGBM] [Info] Auto-choosing col-wise multi-threading, the overhead of testing was 0.004739 seconds.
You can set `force_col_wise=true` to remove the overhead.
[2024-03-13T00:42:37.214-0400] {logging_mixin.py:188} INFO - [LightGBM] [Info] Total Bins 3205
[2024-03-13T00:42:37.215-0400] {logging_mixin.py:188} INFO - [LightGBM] [Info] Number of data points in the train set: 20250, number of used features: 20
[2024-03-13T00:42:37.216-0400] {logging_mixin.py:188} INFO - [LightGBM] [Info] [binary:BoostFromScore]: pavg=0.221185 -> initscore=-1.258773
[2024-03-13T00:42:37.216-0400] {logging_mixin.py:188} INFO - [LightGBM] [Info] Start training from score -1.258773
[2024-03-13T00:42:37.436-0400] {logging_mixin.py:188} INFO - [LightGBM] [Warning] No further splits with positive gain, best gain: -inf
[2024-03-13T00:42:37.448-0400] {logging_mixin.py:188} INFO - [LightGBM] [Warning] No further splits with positive gain, best gain: -inf
[2024-03-13T00:42:37.513-0400] {logging_mixin.py:188} INFO - model fit done
[2024-03-13T00:42:37.544-0400] {logging_mixin.py:188} INFO - model predicted
[2024-03-13T00:42:37.552-0400] {logging_mixin.py:188} INFO - 0.6677292204149451
[2024-03-13T00:42:37.559-0400] {logging_mixin.py:188} INFO - 0.8275555555555556
[2024-03-13T00:42:41.837-0400] {logging_mixin.py:188} WARNING - /home/ironbong_jr/mlops/project/project/lib/python3.10/site-packages/_distutils_hack/__init__.py:26 UserWarning: Setuptools is replacing distutils.
[2024-03-13T00:42:41.938-0400] {logging_mixin.py:188} INFO - 3d233b7225424d3da94fb911cc049e69
[2024-03-13T00:42:41.947-0400] {python.py:202} INFO - Done. Returned value was: None
[2024-03-13T00:42:41.964-0400] {taskinstance.py:1149} INFO - Marking task as SUCCESS. dag_id=train_data, task_id=Train_model, execution_date=20240313T044114, start_date=20240313T044236, end_date=20240313T044241
[2024-03-13T00:42:42.062-0400] {local_task_job_runner.py:234} INFO - Task exited with return code 0
[2024-03-13T00:42:42.078-0400] {taskinstance.py:3312} INFO - 0 downstream tasks scheduled from follow-on schedule check
