[2024-03-12T21:21:16.503-0400] {taskinstance.py:1979} INFO - Dependencies all met for dep_context=non-requeueable deps ti=<TaskInstance: train_data.Train_model scheduled__2024-03-12T00:00:00+00:00 [queued]>
[2024-03-12T21:21:16.514-0400] {taskinstance.py:1979} INFO - Dependencies all met for dep_context=requeueable deps ti=<TaskInstance: train_data.Train_model scheduled__2024-03-12T00:00:00+00:00 [queued]>
[2024-03-12T21:21:16.515-0400] {taskinstance.py:2193} INFO - Starting attempt 1 of 3
[2024-03-12T21:21:16.543-0400] {taskinstance.py:2217} INFO - Executing <Task(PythonOperator): Train_model> on 2024-03-12 00:00:00+00:00
[2024-03-12T21:21:16.556-0400] {standard_task_runner.py:60} INFO - Started process 406868 to run task
[2024-03-12T21:21:16.565-0400] {standard_task_runner.py:87} INFO - Running: ['airflow', 'tasks', 'run', 'train_data', 'Train_model', 'scheduled__2024-03-12T00:00:00+00:00', '--job-id', '90', '--raw', '--subdir', 'DAGS_FOLDER/train_dag.py', '--cfg-path', '/tmp/tmpsewpef04']
[2024-03-12T21:21:16.567-0400] {standard_task_runner.py:88} INFO - Job 90: Subtask Train_model
[2024-03-12T21:21:16.638-0400] {task_command.py:423} INFO - Running <TaskInstance: train_data.Train_model scheduled__2024-03-12T00:00:00+00:00 [running]> on host DESKTOP-6U7QAQN.
[2024-03-12T21:21:16.754-0400] {taskinstance.py:2513} INFO - Exporting env vars: AIRFLOW_CTX_DAG_EMAIL='youremail@email.com' AIRFLOW_CTX_DAG_OWNER='airflow' AIRFLOW_CTX_DAG_ID='train_data' AIRFLOW_CTX_TASK_ID='Train_model' AIRFLOW_CTX_EXECUTION_DATE='2024-03-12T00:00:00+00:00' AIRFLOW_CTX_TRY_NUMBER='1' AIRFLOW_CTX_DAG_RUN_ID='scheduled__2024-03-12T00:00:00+00:00'
[2024-03-12T21:21:17.184-0400] {logging_mixin.py:188} INFO - [LightGBM] [Info] Number of positive: 4479, number of negative: 15771
[2024-03-12T21:21:17.192-0400] {logging_mixin.py:188} INFO - [LightGBM] [Info] Auto-choosing col-wise multi-threading, the overhead of testing was 0.005047 seconds.
You can set `force_col_wise=true` to remove the overhead.
[2024-03-12T21:21:17.194-0400] {logging_mixin.py:188} INFO - [LightGBM] [Info] Total Bins 3205
[2024-03-12T21:21:17.194-0400] {logging_mixin.py:188} INFO - [LightGBM] [Info] Number of data points in the train set: 20250, number of used features: 20
[2024-03-12T21:21:17.196-0400] {logging_mixin.py:188} INFO - [LightGBM] [Info] [binary:BoostFromScore]: pavg=0.221185 -> initscore=-1.258773
[2024-03-12T21:21:17.197-0400] {logging_mixin.py:188} INFO - [LightGBM] [Info] Start training from score -1.258773
[2024-03-12T21:21:17.519-0400] {logging_mixin.py:188} INFO - [LightGBM] [Warning] No further splits with positive gain, best gain: -inf
[2024-03-12T21:21:17.535-0400] {logging_mixin.py:188} INFO - [LightGBM] [Warning] No further splits with positive gain, best gain: -inf
[2024-03-12T21:21:17.556-0400] {logging_mixin.py:188} INFO - model fit done
[2024-03-12T21:21:17.596-0400] {logging_mixin.py:188} INFO - model predicted
[2024-03-12T21:21:17.604-0400] {logging_mixin.py:188} INFO - 0.6677292204149451
[2024-03-12T21:21:17.613-0400] {logging_mixin.py:188} INFO - 0.8275555555555556
[2024-03-12T21:21:17.615-0400] {logging_mixin.py:188} INFO - 3dcccec491eb4f6b8d6fc382f16c5ae9
[2024-03-12T21:21:17.619-0400] {python.py:202} INFO - Done. Returned value was: None
[2024-03-12T21:21:17.629-0400] {taskinstance.py:1149} INFO - Marking task as SUCCESS. dag_id=train_data, task_id=Train_model, execution_date=20240312T000000, start_date=20240313T012116, end_date=20240313T012117
[2024-03-12T21:21:17.707-0400] {local_task_job_runner.py:234} INFO - Task exited with return code 0
[2024-03-12T21:21:17.727-0400] {taskinstance.py:3312} INFO - 0 downstream tasks scheduled from follow-on schedule check
